#
# A fatal error has been detected by the Java Runtime Environment:
#
#  SIGSEGV (0xb) at pc=0x00007fbfb1182522, pid=9388, tid=140462777607936
#
# JRE version: Java(TM) SE Runtime Environment (8.0_45-b14) (build 1.8.0_45-b14)
# Java VM: Java HotSpot(TM) 64-Bit Server VM (25.45-b02 mixed mode linux-amd64 compressed oops)
# Problematic frame:
# C  [i965_dri.so+0x2fb522]
#
# Failed to write core dump. Core dumps have been disabled. To enable core dumping, try "ulimit -c unlimited" before starting Java again
#
# If you would like to submit a bug report, please visit:
#   http://bugreport.java.com/bugreport/crash.jsp
# The crash happened outside the Java Virtual Machine in native code.
# See problematic frame for where to report the bug.
#

---------------  T H R E A D  ---------------

Current thread (0x00007fbfd0003000):  JavaThread "AWT-EventQueue-1" [_thread_in_native, id=9415, stack(0x00007fc009e6a000,0x00007fc009f6b000)]

siginfo: si_signo: 11 (SIGSEGV), si_code: 1 (SEGV_MAPERR), si_addr: 0x000000000000c540

Registers:
RAX=0x00007fbfb1182510, RBX=0x000000000000c000, RCX=0x0000000000000000, RDX=0x0000000000000001
RSP=0x00007fc009f68640, RBP=0x0000000000000000, RSI=0x00007fbfbcfc23b0, RDI=0x0000000100000000
R8 =0x0000000000000000, R9 =0x00007fc008807710, R10=0x00007fc015015968, R11=0x00007fc02ad8ee30
R12=0x00007fbfc0101d90, R13=0x00007fbfc0100910, R14=0x00007fbfc01121f0, R15=0x0000000000000000
RIP=0x00007fbfb1182522, EFLAGS=0x0000000000010206, CSGSFS=0x0000000000000033, ERR=0x0000000000000004
  TRAPNO=0x000000000000000e

Top of Stack: (sp=0x00007fc009f68640)
0x00007fc009f68640:   0000000000000000 00007fbfbcfc22c0
0x00007fc009f68650:   0000000000000000 00007fbfc0101d90
0x00007fc009f68660:   00007fbfc0100910 00007fc0088077b2
0x00007fc009f68670:   00007fc009f686a0 00007fc000000000
0x00007fc009f68680:   0000000000000000 0000000000000000
0x00007fc009f68690:   0000000002c00053 00007fc0087d8b31
0x00007fc009f686a0:   00007fbfbcfc22c0 338f9312468e1900
0x00007fc009f686b0:   0000000002c00053 00007fc008ad3350
0x00007fc009f686c0:   00007fc009f68730 0000000000000000
0x00007fc009f686d0:   00007fc008ad3350 00007fc009f687f8
0x00007fc009f686e0:   00007fbfd0003000 00007fbfb2dae849
0x00007fc009f686f0:   00007fc008bd85a8 00007fc0087d8b60
0x00007fc009f68700:   0000000002c00053 00007fbfc00ff210
0x00007fc009f68710:   00007fc009f687c0 00007fbfd00031f8
0x00007fc009f68720:   00007fc015007760 00007fc0087d8b60
0x00007fc009f68730:   00007fc009f687b0 00007fc015015994
0x00007fc009f68740:   00007fc008b98454 00007fc009f68798
0x00007fc009f68750:   00007fc008b9a988 0000000000000000
0x00007fc009f68760:   00007fc008b98490 0000000000000000
0x00007fc009f68770:   00007fc009f68770 0000000000000000
0x00007fc009f68780:   00007fc009f687f8 00007fc008ad49f0
0x00007fc009f68790:   0000000000000000 00007fc008ad3350
0x00007fc009f687a0:   0000000000000000 00007fc009f687d0
0x00007fc009f687b0:   00007fc009f68840 00007fc015007c4d
0x00007fc009f687c0:   00000000c55e3d08 00007fc01500f578
0x00007fc009f687d0:   00007fc0087d8b60 00007fc0150210c3
0x00007fc009f687e0:   0000000002c00053 00007fc000000000
0x00007fc009f687f0:   00007fbfc00ff210 00000000c55e4040
0x00007fc009f68800:   00007fc009f68800 00007fc008ad32a1
0x00007fc009f68810:   00007fc009f68878 00007fc008ad49f0
0x00007fc009f68820:   0000000000000000 00007fc008ad32b0
0x00007fc009f68830:   00007fc009f687d0 00007fc009f68860 

Instructions: (pc=0x00007fbfb1182522)
0x00007fbfb1182502:   41 5c c3 66 66 2e 0f 1f 84 00 00 00 00 00 41 55
0x00007fbfb1182512:   41 54 55 53 48 83 ec 08 48 8b 1f 48 85 db 74 41
0x00007fbfb1182522:   f6 83 40 05 00 00 01 89 cd 41 89 d5 49 89 f4 75
0x00007fbfb1182532:   75 41 83 e5 01 75 5f 83 e5 fd 74 32 48 8d 35 bb 

Register to memory mapping:

RAX=0x00007fbfb1182510: <offset 0x2fb510> in /usr/lib/x86_64-linux-gnu/dri/i965_dri.so at 0x00007fbfb0e87000
RBX=0x000000000000c000 is an unknown value
RCX=0x0000000000000000 is an unknown value
RDX=0x0000000000000001 is an unknown value
RSP=0x00007fc009f68640 is pointing into the stack for thread: 0x00007fbfd0003000
RBP=0x0000000000000000 is an unknown value
RSI=0x00007fbfbcfc23b0 is an unknown value
RDI=0x0000000100000000 is pointing into metadata
R8 =0x0000000000000000 is an unknown value
R9 =0x00007fc008807710: <offset 0x4b710> in /usr/lib/x86_64-linux-gnu/mesa/libGL.so.1 at 0x00007fc0087bc000
R10=0x00007fc015015968 is at code_begin+808 in an Interpreter codelet
method entry point (kind = native)  [0x00007fc015015640, 0x00007fc015015f40]  2304 bytes
R11=0x00007fc02ad8ee30: <offset 0x9ace30> in /usr/lib/jvm/java-8-oracle/jre/lib/amd64/server/libjvm.so at 0x00007fc02a3e2000
R12=0x00007fbfc0101d90 is an unknown value
R13=0x00007fbfc0100910 is an unknown value
R14=0x00007fbfc01121f0 is an unknown value
R15=0x0000000000000000 is an unknown value


Stack: [0x00007fc009e6a000,0x00007fc009f6b000],  sp=0x00007fc009f68640,  free space=1017k
Native frames: (J=compiled Java code, j=interpreted, Vv=VM code, C=native code)
C  [i965_dri.so+0x2fb522]

Java frames: (J=compiled Java code, j=interpreted, Vv=VM code)
j  jogamp.opengl.x11.glx.GLX.dispatch_glXSwapBuffers0(JJJ)V+0
j  jogamp.opengl.x11.glx.GLX.glXSwapBuffers(JJ)V+41
j  jogamp.opengl.x11.glx.X11GLXDrawable.swapBuffersImpl(Z)V+17
j  jogamp.opengl.GLDrawableImpl.swapBuffers()V+67
j  javax.media.opengl.awt.GLCanvas$12.run()V+45
J 2460 C1 java.awt.event.InvocationEvent.dispatch()V (69 bytes) @ 0x00007fc015651e0c [0x00007fc015651cc0+0x14c]
J 2513 C1 java.awt.EventQueue.dispatchEventImpl(Ljava/awt/AWTEvent;Ljava/lang/Object;)V (149 bytes) @ 0x00007fc01527937c [0x00007fc015277800+0x1b7c]
J 2511 C1 java.awt.EventQueue$3.run()Ljava/lang/Void; (60 bytes) @ 0x00007fc01527a8c4 [0x00007fc01527a6c0+0x204]
J 2510 C1 java.awt.EventQueue$3.run()Ljava/lang/Object; (5 bytes) @ 0x00007fc01527af8c [0x00007fc01527af00+0x8c]
v  ~StubRoutines::call_stub
J 658  java.security.AccessController.doPrivileged(Ljava/security/PrivilegedAction;Ljava/security/AccessControlContext;)Ljava/lang/Object; (0 bytes) @ 0x00007fc0152b6ba3 [0x00007fc0152b6b40+0x63]
J 2304 C1 java.awt.EventQueue.dispatchEvent(Ljava/awt/AWTEvent;)V (80 bytes) @ 0x00007fc01561a1c4 [0x00007fc015619920+0x8a4]
J 2308 C1 java.awt.EventDispatchThread.pumpOneEventForFilters(I)V (295 bytes) @ 0x00007fc0155ea454 [0x00007fc0155e8900+0x1b54]
j  java.awt.EventDispatchThread.pumpEventsForFilter(ILjava/awt/Conditional;Ljava/awt/EventFilter;)V+35
j  java.awt.EventDispatchThread.pumpEventsForHierarchy(ILjava/awt/Conditional;Ljava/awt/Component;)V+11
j  java.awt.EventDispatchThread.pumpEvents(ILjava/awt/Conditional;)V+4
j  java.awt.EventDispatchThread.pumpEvents(Ljava/awt/Conditional;)V+3
j  java.awt.EventDispatchThread.run()V+9
v  ~StubRoutines::call_stub

---------------  P R O C E S S  ---------------

Java Threads: ( => current thread )
  0x00007fbfbd56d800 JavaThread "Thread-33" [_thread_blocked, id=9460, stack(0x00007fbfacea2000,0x00007fbfacfa3000)]
  0x00007fbfbdec6800 JavaThread "Thread-32" [_thread_in_native, id=9459, stack(0x00007fbfae5bc000,0x00007fbfae6bd000)]
  0x00007fbfbdec6000 JavaThread "Thread-31" [_thread_in_native, id=9458, stack(0x00007fbfae8bf000,0x00007fbfae9c0000)]
  0x00007fbfbdec1000 JavaThread "Thread-30" [_thread_in_native, id=9457, stack(0x00007fbfae7be000,0x00007fbfae8bf000)]
  0x00007fbfbdec2000 JavaThread "Thread-27" [_thread_in_native, id=9454, stack(0x00007fbfae6bd000,0x00007fbfae7be000)]
  0x00007fbfa0001800 JavaThread "Image Fetcher 1" daemon [_thread_blocked, id=9433, stack(0x00007fbfad5c3000,0x00007fbfad6c4000)]
  0x00007fbf9c005000 JavaThread "Image Fetcher 0" daemon [_thread_blocked, id=9431, stack(0x00007fbfadaaf000,0x00007fbfadbb0000)]
  0x00007fbfbd5bc000 JavaThread "Keep-Alive-Timer" daemon [_thread_blocked, id=9426, stack(0x00007fbfaee00000,0x00007fbfaef01000)]
  0x00007fbfc0135800 JavaThread "Animation Thread-SharedResourceRunner" daemon [_thread_blocked, id=9425, stack(0x00007fc009868000,0x00007fc009969000)]
  0x00007fbfc0088800 JavaThread "process reaper" daemon [_thread_blocked, id=9420, stack(0x00007fc010097000,0x00007fc0100d0000)]
  0x00007fbfd0009000 JavaThread "Animation Thread" [_thread_blocked, id=9416, stack(0x00007fc009b69000,0x00007fc009c6a000)]
=>0x00007fbfd0003000 JavaThread "AWT-EventQueue-1" [_thread_in_native, id=9415, stack(0x00007fc009e6a000,0x00007fc009f6b000)]
  0x00007fc02400a000 JavaThread "DestroyJavaVM" [_thread_blocked, id=9393, stack(0x00007fc02bead000,0x00007fc02bfae000)]
  0x00007fc0242af000 JavaThread "AWT-EventQueue-0" [_thread_blocked, id=9412, stack(0x00007fc00a612000,0x00007fc00a713000)]
  0x00007fc0242ac800 JavaThread "AWT-Shutdown" [_thread_blocked, id=9411, stack(0x00007fc00a713000,0x00007fc00a814000)]
  0x00007fc024295000 JavaThread "thread applet-module4.EarthquakeCityMap.class" [_thread_blocked, id=9410, stack(0x00007fc00a814000,0x00007fc00a915000)]
  0x00007fc024288000 JavaThread "AWT-XAWT" daemon [_thread_blocked, id=9408, stack(0x00007fc00a915000,0x00007fc00aa16000)]
  0x00007fc02426a000 JavaThread "Java2D Disposer" daemon [_thread_blocked, id=9407, stack(0x00007fc00ae26000,0x00007fc00af27000)]
  0x00007fc0240c3000 JavaThread "Service Thread" daemon [_thread_blocked, id=9405, stack(0x00007fc010c47000,0x00007fc010d48000)]
  0x00007fc0240be000 JavaThread "C1 CompilerThread2" daemon [_thread_blocked, id=9404, stack(0x00007fc010d48000,0x00007fc010e49000)]
  0x00007fc0240bc000 JavaThread "C2 CompilerThread1" daemon [_thread_blocked, id=9403, stack(0x00007fc010e49000,0x00007fc010f4a000)]
  0x00007fc0240b9000 JavaThread "C2 CompilerThread0" daemon [_thread_blocked, id=9402, stack(0x00007fc010f4a000,0x00007fc01104b000)]
  0x00007fc0240b7800 JavaThread "Signal Dispatcher" daemon [_thread_blocked, id=9401, stack(0x00007fc01104b000,0x00007fc01114c000)]
  0x00007fc02407f800 JavaThread "Finalizer" daemon [_thread_blocked, id=9400, stack(0x00007fc01182e000,0x00007fc01192f000)]
  0x00007fc02407d800 JavaThread "Reference Handler" daemon [_thread_blocked, id=9399, stack(0x00007fc01192f000,0x00007fc011a30000)]

Other Threads:
  0x00007fc024078800 VMThread [stack: 0x00007fc011a30000,0x00007fc011b31000] [id=9398]
  0x00007fc0240c5800 WatcherThread [stack: 0x00007fc010b46000,0x00007fc010c47000] [id=9406]

VM state:not at safepoint (normal execution)

VM Mutex/Monitor currently owned by a thread: None

Heap:
 PSYoungGen      total 72192K, used 44503K [0x00000000ec300000, 0x00000000f1400000, 0x0000000100000000)
  eden space 61440K, 72% used [0x00000000ec300000,0x00000000eee75f28,0x00000000eff00000)
  from space 10752K, 0% used [0x00000000f0980000,0x00000000f0980000,0x00000000f1400000)
  to   space 10752K, 0% used [0x00000000eff00000,0x00000000eff00000,0x00000000f0980000)
 ParOldGen       total 40448K, used 15169K [0x00000000c4800000, 0x00000000c6f80000, 0x00000000ec300000)
  object space 40448K, 37% used [0x00000000c4800000,0x00000000c56d0478,0x00000000c6f80000)
 Metaspace       used 21178K, capacity 21371K, committed 21552K, reserved 1069056K
  class space    used 1994K, capacity 2053K, committed 2176K, reserved 1048576K

Card table byte_map: [0x00007fc028aa5000,0x00007fc028c82000] byte_map_base: 0x00007fc028481000

Marking Bits: (ParMarkBitMap*) 0x00007fc02b37f760
 Begin Bits: [0x00007fc013240000, 0x00007fc014120000)
 End Bits:   [0x00007fc014120000, 0x00007fc015000000)

Polling page: 0x00007fc02bfc6000

CodeCache: size=245760Kb used=7693Kb max_used=7839Kb free=238066Kb
 bounds [0x00007fc015000000, 0x00007fc0157c0000, 0x00007fc024000000]
 total_blobs=3225 nmethods=2256 adapters=882
 compilation: enabled

Compilation events (10 events):
Event: 9.262 Thread 0x00007fc0240be000 2578       1       sun.java2d.SurfaceData::isValid (5 bytes)
Event: 9.263 Thread 0x00007fc0240be000 nmethod 2578 0x00007fc01565dfd0 code [0x00007fc01565e120, 0x00007fc01565e230]
Event: 9.263 Thread 0x00007fc0240be000 2579       3       java.nio.DirectByteBuffer::getLong (16 bytes)
Event: 9.265 Thread 0x00007fc0240be000 nmethod 2579 0x00007fc01568de50 code [0x00007fc01568dfe0, 0x00007fc01568e3f8]
Event: 9.265 Thread 0x00007fc0240be000 2580       3       java.nio.DirectByteBuffer::getLong (39 bytes)
Event: 9.266 Thread 0x00007fc0240be000 nmethod 2580 0x00007fc01568d9d0 code [0x00007fc01568db40, 0x00007fc01568dd88]
Event: 9.270 Thread 0x00007fc0240be000 2581       3       sun.font.CompositeGlyphMapper::getCachedGlyphCode (32 bytes)
Event: 9.271 Thread 0x00007fc0240be000 nmethod 2581 0x00007fc01568d4d0 code [0x00007fc01568d640, 0x00007fc01568d890]
Event: 9.271 Thread 0x00007fc0240be000 2582       3       sun.font.XRGlyphCacheEntry::getXAdvance (16 bytes)
Event: 9.271 Thread 0x00007fc0240be000 nmethod 2582 0x00007fc01565dbd0 code [0x00007fc01565dd40, 0x00007fc01565deb0]

GC Heap History (10 events):
Event: 1.585 GC heap before
{Heap before GC invocations=3 (full 0):
 PSYoungGen      total 17920K, used 17904K [0x00000000ec300000, 0x00000000ed700000, 0x0000000100000000)
  eden space 15360K, 100% used [0x00000000ec300000,0x00000000ed200000,0x00000000ed200000)
  from space 2560K, 99% used [0x00000000ed480000,0x00000000ed6fc010,0x00000000ed700000)
  to   space 2560K, 0% used [0x00000000ed200000,0x00000000ed200000,0x00000000ed480000)
 ParOldGen       total 40960K, used 2155K [0x00000000c4800000, 0x00000000c7000000, 0x00000000ec300000)
  object space 40960K, 5% used [0x00000000c4800000,0x00000000c4a1ae18,0x00000000c7000000)
 Metaspace       used 18139K, capacity 18347K, committed 18560K, reserved 1067008K
  class space    used 1764K, capacity 1821K, committed 1920K, reserved 1048576K
Event: 1.600 GC heap after
Heap after GC invocations=3 (full 0):
 PSYoungGen      total 17920K, used 2544K [0x00000000ec300000, 0x00000000ee600000, 0x0000000100000000)
  eden space 15360K, 0% used [0x00000000ec300000,0x00000000ec300000,0x00000000ed200000)
  from space 2560K, 99% used [0x00000000ed200000,0x00000000ed47c010,0x00000000ed480000)
  to   space 2560K, 0% used [0x00000000ee380000,0x00000000ee380000,0x00000000ee600000)
 ParOldGen       total 40960K, used 6330K [0x00000000c4800000, 0x00000000c7000000, 0x00000000ec300000)
  object space 40960K, 15% used [0x00000000c4800000,0x00000000c4e2e968,0x00000000c7000000)
 Metaspace       used 18139K, capacity 18347K, committed 18560K, reserved 1067008K
  class space    used 1764K, capacity 1821K, committed 1920K, reserved 1048576K
}
Event: 4.446 GC heap before
{Heap before GC invocations=4 (full 0):
 PSYoungGen      total 17920K, used 17904K [0x00000000ec300000, 0x00000000ee600000, 0x0000000100000000)
  eden space 15360K, 100% used [0x00000000ec300000,0x00000000ed200000,0x00000000ed200000)
  from space 2560K, 99% used [0x00000000ed200000,0x00000000ed47c010,0x00000000ed480000)
  to   space 2560K, 0% used [0x00000000ee380000,0x00000000ee380000,0x00000000ee600000)
 ParOldGen       total 40960K, used 6330K [0x00000000c4800000, 0x00000000c7000000, 0x00000000ec300000)
  object space 40960K, 15% used [0x00000000c4800000,0x00000000c4e2e968,0x00000000c7000000)
 Metaspace       used 20170K, capacity 20439K, committed 20480K, reserved 1067008K
  class space    used 1962K, capacity 2047K, committed 2048K, reserved 1048576K
Event: 4.467 GC heap after
Heap after GC invocations=4 (full 0):
 PSYoungGen      total 33280K, used 2544K [0x00000000ec300000, 0x00000000ee600000, 0x0000000100000000)
  eden space 30720K, 0% used [0x00000000ec300000,0x00000000ec300000,0x00000000ee100000)
  from space 2560K, 99% used [0x00000000ee380000,0x00000000ee5fc010,0x00000000ee600000)
  to   space 2560K, 0% used [0x00000000ee100000,0x00000000ee100000,0x00000000ee380000)
 ParOldGen       total 40960K, used 13478K [0x00000000c4800000, 0x00000000c7000000, 0x00000000ec300000)
  object space 40960K, 32% used [0x00000000c4800000,0x00000000c55298d0,0x00000000c7000000)
 Metaspace       used 20170K, capacity 20439K, committed 20480K, reserved 1067008K
  class space    used 1962K, capacity 2047K, committed 2048K, reserved 1048576K
}
Event: 6.213 GC heap before
{Heap before GC invocations=5 (full 0):
 PSYoungGen      total 33280K, used 33264K [0x00000000ec300000, 0x00000000ee600000, 0x0000000100000000)
  eden space 30720K, 100% used [0x00000000ec300000,0x00000000ee100000,0x00000000ee100000)
  from space 2560K, 99% used [0x00000000ee380000,0x00000000ee5fc010,0x00000000ee600000)
  to   space 2560K, 0% used [0x00000000ee100000,0x00000000ee100000,0x00000000ee380000)
 ParOldGen       total 40960K, used 13478K [0x00000000c4800000, 0x00000000c7000000, 0x00000000ec300000)
  object space 40960K, 32% used [0x00000000c4800000,0x00000000c55298d0,0x00000000c7000000)
 Metaspace       used 20905K, capacity 21109K, committed 21296K, reserved 1069056K
  class space    used 1990K, capacity 2052K, committed 2176K, reserved 1048576K
Event: 6.230 GC heap after
Heap after GC invocations=5 (full 0):
 PSYoungGen      total 33280K, used 2528K [0x00000000ec300000, 0x00000000f1400000, 0x0000000100000000)
  eden space 30720K, 0% used [0x00000000ec300000,0x00000000ec300000,0x00000000ee100000)
  from space 2560K, 98% used [0x00000000ee100000,0x00000000ee378050,0x00000000ee380000)
  to   space 10752K, 0% used [0x00000000f0980000,0x00000000f0980000,0x00000000f1400000)
 ParOldGen       total 40960K, used 17638K [0x00000000c4800000, 0x00000000c7000000, 0x00000000ec300000)
  object space 40960K, 43% used [0x00000000c4800000,0x00000000c5939a78,0x00000000c7000000)
 Metaspace       used 20905K, capacity 21109K, committed 21296K, reserved 1069056K
  class space    used 1990K, capacity 2052K, committed 2176K, reserved 1048576K
}
Event: 6.331 GC heap before
{Heap before GC invocations=6 (full 0):
 PSYoungGen      total 33280K, used 5649K [0x00000000ec300000, 0x00000000f1400000, 0x0000000100000000)
  eden space 30720K, 10% used [0x00000000ec300000,0x00000000ec60c408,0x00000000ee100000)
  from space 2560K, 98% used [0x00000000ee100000,0x00000000ee378050,0x00000000ee380000)
  to   space 10752K, 0% used [0x00000000f0980000,0x00000000f0980000,0x00000000f1400000)
 ParOldGen       total 40960K, used 17638K [0x00000000c4800000, 0x00000000c7000000, 0x00000000ec300000)
  object space 40960K, 43% used [0x00000000c4800000,0x00000000c5939a78,0x00000000c7000000)
 Metaspace       used 20917K, capacity 21115K, committed 21296K, reserved 1069056K
  class space    used 1990K, capacity 2053K, committed 2176K, reserved 1048576K
Event: 6.347 GC heap after
Heap after GC invocations=6 (full 0):
 PSYoungGen      total 72192K, used 3218K [0x00000000ec300000, 0x00000000f1400000, 0x0000000100000000)
  eden space 61440K, 0% used [0x00000000ec300000,0x00000000ec300000,0x00000000eff00000)
  from space 10752K, 29% used [0x00000000f0980000,0x00000000f0ca4880,0x00000000f1400000)
  to   space 10752K, 0% used [0x00000000eff00000,0x00000000eff00000,0x00000000f0980000)
 ParOldGen       total 40960K, used 17638K [0x00000000c4800000, 0x00000000c7000000, 0x00000000ec300000)
  object space 40960K, 43% used [0x00000000c4800000,0x00000000c5939a78,0x00000000c7000000)
 Metaspace       used 20917K, capacity 21115K, committed 21296K, reserved 1069056K
  class space    used 1990K, capacity 2053K, committed 2176K, reserved 1048576K
}
Event: 6.348 GC heap before
{Heap before GC invocations=7 (full 1):
 PSYoungGen      total 72192K, used 3218K [0x00000000ec300000, 0x00000000f1400000, 0x0000000100000000)
  eden space 61440K, 0% used [0x00000000ec300000,0x00000000ec300000,0x00000000eff00000)
  from space 10752K, 29% used [0x00000000f0980000,0x00000000f0ca4880,0x00000000f1400000)
  to   space 10752K, 0% used [0x00000000eff00000,0x00000000eff00000,0x00000000f0980000)
 ParOldGen       total 40960K, used 17638K [0x00000000c4800000, 0x00000000c7000000, 0x00000000ec300000)
  object space 40960K, 43% used [0x00000000c4800000,0x00000000c5939a78,0x00000000c7000000)
 Metaspace       used 20917K, capacity 21115K, committed 21296K, reserved 1069056K
  class space    used 1990K, capacity 2053K, committed 2176K, reserved 1048576K
Event: 6.398 GC heap after
Heap after GC invocations=7 (full 1):
 PSYoungGen      total 72192K, used 0K [0x00000000ec300000, 0x00000000f1400000, 0x0000000100000000)
  eden space 61440K, 0% used [0x00000000ec300000,0x00000000ec300000,0x00000000eff00000)
  from space 10752K, 0% used [0x00000000f0980000,0x00000000f0980000,0x00000000f1400000)
  to   space 10752K, 0% used [0x00000000eff00000,0x00000000eff00000,0x00000000f0980000)
 ParOldGen       total 40448K, used 15169K [0x00000000c4800000, 0x00000000c6f80000, 0x00000000ec300000)
  object space 40448K, 37% used [0x00000000c4800000,0x00000000c56d0478,0x00000000c6f80000)
 Metaspace       used 20917K, capacity 21115K, committed 21296K, reserved 1069056K
  class space    used 1990K, capacity 2053K, committed 2176K, reserved 1048576K
}

Deoptimization events (10 events):
Event: 4.495 Thread 0x00007fbfd0003000 Uncommon trap: reason=class_check action=maybe_recompile pc=0x00007fc015545798 method=com.jogamp.common.nio.Buffers.getDirectBufferByteOffset(Ljava/lang/Object;)I @ 42
Event: 4.580 Thread 0x00007fbfd0003000 Uncommon trap: reason=class_check action=maybe_recompile pc=0x00007fc01542e150 method=java.util.Arrays.copyOf([Ljava/lang/Object;ILjava/lang/Class;)[Ljava/lang/Object; @ 24
Event: 4.683 Thread 0x00007fbfd0003000 Uncommon trap: reason=class_check action=maybe_recompile pc=0x00007fc015545798 method=com.jogamp.common.nio.Buffers.getDirectBufferByteOffset(Ljava/lang/Object;)I @ 42
Event: 4.696 Thread 0x00007fbfd0003000 Uncommon trap: reason=class_check action=maybe_recompile pc=0x00007fc015545798 method=com.jogamp.common.nio.Buffers.getDirectBufferByteOffset(Ljava/lang/Object;)I @ 42
Event: 4.788 Thread 0x00007fbfd0003000 Uncommon trap: reason=class_check action=maybe_recompile pc=0x00007fc01542e150 method=java.util.Arrays.copyOf([Ljava/lang/Object;ILjava/lang/Class;)[Ljava/lang/Object; @ 24
Event: 4.799 Thread 0x00007fbfbdb92800 Uncommon trap: reason=class_check action=maybe_recompile pc=0x00007fc01542e150 method=java.util.Arrays.copyOf([Ljava/lang/Object;ILjava/lang/Class;)[Ljava/lang/Object; @ 24
Event: 6.179 Thread 0x00007fbfd0003000 Uncommon trap: reason=unstable_if action=reinterpret pc=0x00007fc01535e26c method=processing.opengl.PGraphicsOpenGL$TessGeometry.polyIndexCheck(I)V @ 13
Event: 6.446 Thread 0x00007fbfd0003000 Uncommon trap: reason=unstable_if action=reinterpret pc=0x00007fc01578fd00 method=processing.opengl.PGraphicsOpenGL$TessGeometry.polyVertexCheck(I)V @ 15
Event: 6.978 Thread 0x00007fbfd0003000 Uncommon trap: reason=unstable_if action=reinterpret pc=0x00007fc01570fe84 method=de.fhpotsdam.unfolding.core.Coordinate.equals(Ljava/lang/Object;)Z @ 38
Event: 9.261 Thread 0x00007fc024295000 Uncommon trap: reason=unstable_if action=reinterpret pc=0x00007fc01510cc04 method=java.awt.font.FontRenderContext.equals(Ljava/awt/font/FontRenderContext;)Z @ 2

Internal exceptions (10 events):
Event: 4.286 Thread 0x00007fbfd0003000 Exception <a 'java/lang/reflect/InvocationTargetException'> (0x00000000ecaa9810) thrown at [/RE-WORK/workspace/8-2-build-linux-amd64/jdk8u45/3457/hotspot/src/share/vm/runtime/reflection.cpp, line 1080]
Event: 4.299 Thread 0x00007fbfd0003000 Exception <a 'java/lang/UnsupportedOperationException': > (0x00000000ecaaa188) thrown at [/RE-WORK/workspace/8-2-build-linux-amd64/jdk8u45/3457/hotspot/src/share/vm/prims/jni.cpp, line 735]
Event: 4.299 Thread 0x00007fbfd0003000 Exception <a 'java/lang/reflect/InvocationTargetException'> (0x00000000ecaaab78) thrown at [/RE-WORK/workspace/8-2-build-linux-amd64/jdk8u45/3457/hotspot/src/share/vm/runtime/reflection.cpp, line 1080]
Event: 4.698 Thread 0x00007fbfd0003000 Exception <a 'java/lang/reflect/InvocationTargetException'> (0x00000000ec7e8638) thrown at [/RE-WORK/workspace/8-2-build-linux-amd64/jdk8u45/3457/hotspot/src/share/vm/runtime/reflection.cpp, line 1080]
Event: 4.700 Thread 0x00007fbfd0003000 Exception <a 'java/lang/reflect/InvocationTargetException'> (0x00000000ec7e8e78) thrown at [/RE-WORK/workspace/8-2-build-linux-amd64/jdk8u45/3457/hotspot/src/share/vm/runtime/reflection.cpp, line 1080]
Event: 4.728 Thread 0x00007fbfd0003000 Exception <a 'java/lang/reflect/InvocationTargetException'> (0x00000000ec82e680) thrown at [/RE-WORK/workspace/8-2-build-linux-amd64/jdk8u45/3457/hotspot/src/share/vm/runtime/reflection.cpp, line 1080]
Event: 4.733 Thread 0x00007fbfd0003000 Exception <a 'java/lang/reflect/InvocationTargetException'> (0x00000000ec82f938) thrown at [/RE-WORK/workspace/8-2-build-linux-amd64/jdk8u45/3457/hotspot/src/share/vm/runtime/reflection.cpp, line 1080]
Event: 4.764 Thread 0x00007fbfd0003000 Exception <a 'java/lang/reflect/InvocationTargetException'> (0x00000000ec8e5818) thrown at [/RE-WORK/workspace/8-2-build-linux-amd64/jdk8u45/3457/hotspot/src/share/vm/runtime/reflection.cpp, line 1080]
Event: 4.766 Thread 0x00007fbfd0003000 Exception <a 'java/lang/reflect/InvocationTargetException'> (0x00000000ec8e6b58) thrown at [/RE-WORK/workspace/8-2-build-linux-amd64/jdk8u45/3457/hotspot/src/share/vm/runtime/reflection.cpp, line 1080]
Event: 4.787 Thread 0x00007fbfd0003000 Exception <a 'java/lang/reflect/InvocationTargetException'> (0x00000000ec963d58) thrown at [/RE-WORK/workspace/8-2-build-linux-amd64/jdk8u45/3457/hotspot/src/share/vm/runtime/reflection.cpp, line 1080]

Events (10 events):
Event: 9.256 Thread 0x00007fbfbd56d800 Thread added: 0x00007fbfbd56d800
Event: 9.256 loading class sun/applet/AppletPanel$4
Event: 9.256 loading class sun/applet/AppletPanel$4 done
Event: 9.257 loading class java/awt/KeyboardFocusManager$2
Event: 9.258 loading class java/awt/KeyboardFocusManager$2 done
Event: 9.259 loading class sun/awt/SunToolkit$1
Event: 9.259 loading class sun/awt/SunToolkit$1 done
Event: 9.261 Thread 0x00007fc024295000 Uncommon trap: trap_request=0xffffff65 fr.pc=0x00007fc01510cc04
Event: 9.261 Thread 0x00007fc024295000 DEOPT PACKING pc=0x00007fc01510cc04 sp=0x00007fc00a913360
Event: 9.261 Thread 0x00007fc024295000 DEOPT UNPACKING pc=0x00007fc015005229 sp=0x00007fc00a9132b8 mode 2


Dynamic libraries:
00400000-00401000 r-xp 00000000 08:02 4856071                            /usr/lib/jvm/java-8-oracle/bin/java
00600000-00601000 rw-p 00000000 08:02 4856071                            /usr/lib/jvm/java-8-oracle/bin/java
01096000-010b7000 rw-p 00000000 00:00 0                                  [heap]
c4800000-c6f80000 rw-p 00000000 00:00 0 
c6f80000-ec300000 ---p 00000000 00:00 0 
ec300000-f1400000 rw-p 00000000 00:00 0 
f1400000-100000000 ---p 00000000 00:00 0 
100000000-100220000 rw-p 00000000 00:00 0 
100220000-140000000 ---p 00000000 00:00 0 
7fbf88000000-7fbf88021000 rw-p 00000000 00:00 0 
7fbf88021000-7fbf8c000000 ---p 00000000 00:00 0 
7fbf90000000-7fbf90097000 rw-p 00000000 00:00 0 
7fbf90097000-7fbf94000000 ---p 00000000 00:00 0 
7fbf94000000-7fbf94097000 rw-p 00000000 00:00 0 
7fbf94097000-7fbf98000000 ---p 00000000 00:00 0 
7fbf98000000-7fbf98021000 rw-p 00000000 00:00 0 
7fbf98021000-7fbf9c000000 ---p 00000000 00:00 0 
7fbf9c000000-7fbf9c021000 rw-p 00000000 00:00 0 
7fbf9c021000-7fbfa0000000 ---p 00000000 00:00 0 
7fbfa0000000-7fbfa0021000 rw-p 00000000 00:00 0 
7fbfa0021000-7fbfa4000000 ---p 00000000 00:00 0 
7fbfa4000000-7fbfa4021000 rw-p 00000000 00:00 0 
7fbfa4021000-7fbfa8000000 ---p 00000000 00:00 0 
7fbfa8000000-7fbfa8021000 rw-p 00000000 00:00 0 
7fbfa8021000-7fbfac000000 ---p 00000000 00:00 0 
7fbfacea2000-7fbfacea5000 ---p 00000000 00:00 0 
7fbfacea5000-7fbfacfa3000 rw-p 00000000 00:00 0                          [stack:9460]
7fbfacfa3000-7fbfad013000 rw-s 00000000 00:04 154419                     /drm mm object (deleted)
7fbfad013000-7fbfad083000 rw-s 00000000 00:04 155751                     /drm mm object (deleted)
7fbfad083000-7fbfad0f3000 rw-s 00000000 00:04 155251                     /drm mm object (deleted)
7fbfad0f3000-7fbfad163000 rw-s 00000000 00:04 154401                     /drm mm object (deleted)
7fbfad163000-7fbfad1d3000 rw-s 00000000 00:04 155750                     /drm mm object (deleted)
7fbfad1d3000-7fbfad243000 rw-s 00000000 00:04 154400                     /drm mm object (deleted)
7fbfad243000-7fbfad2b3000 rw-s 00000000 00:04 156986                     /drm mm object (deleted)
7fbfad2b3000-7fbfad323000 rw-s 00000000 00:04 155250                     /drm mm object (deleted)
7fbfad323000-7fbfad393000 rw-s 00000000 00:04 155747                     /drm mm object (deleted)
7fbfad393000-7fbfad403000 rw-s 00000000 00:04 156984                     /drm mm object (deleted)
7fbfad403000-7fbfad473000 rw-s 00000000 00:04 155241                     /drm mm object (deleted)
7fbfad473000-7fbfad4e3000 rw-s 00000000 00:04 156982                     /drm mm object (deleted)
7fbfad4e3000-7fbfad553000 rw-s 00000000 00:04 156979                     /drm mm object (deleted)
7fbfad553000-7fbfad5c3000 rw-s 00000000 00:04 155746                     /drm mm object (deleted)
7fbfad5c3000-7fbfad5c6000 ---p 00000000 00:00 0 
7fbfad5c6000-7fbfad6c4000 rw-p 00000000 00:00 0                          [stack:9433]
7fbfad6c4000-7fbfad944000 rw-s 00000000 00:04 156975                     /drm mm object (deleted)
7fbfad944000-7fbfad945000 r--s 00000000 08:02 786530                     /var/cache/fontconfig/c05880de57d1f5e948fdfacc138775d9-le64.cache-4
7fbfad945000-7fbfad950000 r--s 00000000 08:02 786523                     /var/cache/fontconfig/945677eb7aeaf62f1d50efc3fb3ec7d8-le64.cache-4
7fbfad950000-7fbfad956000 r--s 00000000 08:02 786507                     /var/cache/fontconfig/2cd17615ca594fa2959ae173292e504c-le64.cache-4
7fbfad956000-7fbfad957000 r--s 00000000 08:02 786541                     /var/cache/fontconfig/e7071f4a29fa870f4323321c154eba04-le64.cache-4
7fbfad957000-7fbfad958000 r--s 00000000 08:02 786504                     /var/cache/fontconfig/0d8c3b2ac0904cb8a57a757ad11a4a08-le64.cache-4
7fbfad958000-7fbfad95f000 r--s 00000000 08:02 786527                     /var/cache/fontconfig/a755afe4a08bf5b97852ceb7400b47bc-le64.cache-4
7fbfad95f000-7fbfad960000 r--s 00000000 08:02 786526                     /var/cache/fontconfig/a6354e3ac43af67bd8d7b8e43c34e49f-le64.cache-4
7fbfad960000-7fbfad961000 r--s 00000000 08:02 786506                     /var/cache/fontconfig/1ac9eb803944fde146138c791f5cc56a-le64.cache-4
7fbfad961000-7fbfad965000 r--s 00000000 08:02 786510                     /var/cache/fontconfig/385c0604a188198f04d133e54aba7fe7-le64.cache-4
7fbfad965000-7fbfad967000 r--s 00000000 08:02 786520                     /var/cache/fontconfig/767a8244fc0220cfb567a839d0392e0b-le64.cache-4
7fbfad967000-7fbfad96c000 r--s 00000000 08:02 786522                     /var/cache/fontconfig/8801497958630a81b71ace7c5f9b32a8-le64.cache-4
7fbfad96c000-7fbfad973000 r--s 00000000 08:02 786508                     /var/cache/fontconfig/3047814df9a2f067bd2d96a2b9c36e5a-le64.cache-4
7fbfad973000-7fbfad979000 r--s 00000000 08:02 786528                     /var/cache/fontconfig/b47c4e1ecd0709278f4910c18777a504-le64.cache-4
7fbfad979000-7fbfad98c000 r--s 00000000 08:02 786534                     /var/cache/fontconfig/d52a8644073d54c13679302ca1180695-le64.cache-4
7fbfad98c000-7fbfad995000 r--s 00000000 08:02 786511                     /var/cache/fontconfig/3f7329c5293ffd510edef78f73874cfd-le64.cache-4
7fbfad995000-7fbfad999000 r--s 00000000 08:02 786535                     /var/cache/fontconfig/d589a48862398ed80a3d6066f4f56f4c-le64.cache-4
7fbfad9cf000-7fbfada3f000 rw-s 00000000 00:04 155745                     /drm mm object (deleted)
7fbfada3f000-7fbfadaaf000 rw-s 00000000 00:04 155744                     /drm mm object (deleted)
7fbfadaaf000-7fbfadab2000 ---p 00000000 00:00 0 
7fbfadab2000-7fbfadbb0000 rw-p 00000000 00:00 0                          [stack:9431]
7fbfadbb0000-7fbfadc70000 rw-s 10acce000 00:05 1552                      /dev/dri/card0
7fbfadc90000-7fbfadd00000 rw-s 00000000 00:04 156983                     /drm mm object (deleted)
7fbfadd00000-7fbfadd70000 rw-s 00000000 00:04 155242                     /drm mm object (deleted)
7fbfadd94000-7fbfade04000 rw-s 00000000 00:04 155245                     /drm mm object (deleted)
7fbfade04000-7fbfade74000 rw-s 00000000 00:04 155244                     /drm mm object (deleted)
7fbfade74000-7fbfadee4000 rw-s 00000000 00:04 154399                     /drm mm object (deleted)
7fbfadee4000-7fbfadf54000 rw-s 00000000 00:04 154398                     /drm mm object (deleted)
7fbfadf54000-7fbfadfc4000 rw-s 00000000 00:04 155749                     /drm mm object (deleted)
7fbfadfc4000-7fbfae034000 rw-s 00000000 00:04 155748                     /drm mm object (deleted)
7fbfae034000-7fbfae0a4000 rw-s 00000000 00:04 155243                     /drm mm object (deleted)
7fbfae0a4000-7fbfae0b9000 r--s 00000000 08:02 786537                     /var/cache/fontconfig/da82082e1ef13c4097208324d67c180c-le64.cache-4
7fbfae0f6000-7fbfae166000 rw-s 00000000 00:04 154397                     /drm mm object (deleted)
7fbfae166000-7fbfae252000 rw-p 00000000 00:00 0 
7fbfae252000-7fbfae366000 ---p 00000000 00:00 0 
7fbfae37c000-7fbfae3fc000 rw-s 10ac4e000 00:05 1552                      /dev/dri/card0
7fbfae3fc000-7fbfae5bc000 rw-s 00000000 00:04 154390                     /drm mm object (deleted)
7fbfae5bc000-7fbfae5bf000 ---p 00000000 00:00 0 
7fbfae5bf000-7fbfae6bd000 rw-p 00000000 00:00 0                          [stack:9459]
7fbfae6bd000-7fbfae6c0000 ---p 00000000 00:00 0 
7fbfae6c0000-7fbfae7be000 rw-p 00000000 00:00 0                          [stack:9454]
7fbfae7be000-7fbfae7c1000 ---p 00000000 00:00 0 
7fbfae7c1000-7fbfae8bf000 rw-p 00000000 00:00 0                          [stack:9457]
7fbfae8bf000-7fbfae8c2000 ---p 00000000 00:00 0 
7fbfae8c2000-7fbfae9c0000 rw-p 00000000 00:00 0                          [stack:9458]
7fbfae9c0000-7fbfaeb80000 rw-s 00000000 00:04 154376                     /drm mm object (deleted)
7fbfaeb80000-7fbfaee00000 rw-s 00000000 00:04 154373                     /drm mm object (deleted)
7fbfaee00000-7fbfaee03000 ---p 00000000 00:00 0 
7fbfaee03000-7fbfaef01000 rw-p 00000000 00:00 0                          [stack:9426]
7fbfaef01000-7fbfaef18000 r-xp 00000000 08:02 2621530                    /lib/x86_64-linux-gnu/libresolv-2.19.so
7fbfaef18000-7fbfaf118000 ---p 00017000 08:02 2621530                    /lib/x86_64-linux-gnu/libresolv-2.19.so
7fbfaf118000-7fbfaf119000 r--p 00017000 08:02 2621530                    /lib/x86_64-linux-gnu/libresolv-2.19.so
7fbfaf119000-7fbfaf11a000 rw-p 00018000 08:02 2621530                    /lib/x86_64-linux-gnu/libresolv-2.19.so
7fbfaf11a000-7fbfaf11c000 rw-p 00000000 00:00 0 
7fbfaf11c000-7fbfaf121000 r-xp 00000000 08:02 2621536                    /lib/x86_64-linux-gnu/libnss_dns-2.19.so
7fbfaf121000-7fbfaf320000 ---p 00005000 08:02 2621536                    /lib/x86_64-linux-gnu/libnss_dns-2.19.so
7fbfaf320000-7fbfaf321000 r--p 00004000 08:02 2621536                    /lib/x86_64-linux-gnu/libnss_dns-2.19.so
7fbfaf321000-7fbfaf322000 rw-p 00005000 08:02 2621536                    /lib/x86_64-linux-gnu/libnss_dns-2.19.so
7fbfaf322000-7fbfaf324000 r-xp 00000000 08:02 2625700                    /lib/x86_64-linux-gnu/libnss_mdns4_minimal.so.2
7fbfaf324000-7fbfaf523000 ---p 00002000 08:02 2625700                    /lib/x86_64-linux-gnu/libnss_mdns4_minimal.so.2
7fbfaf523000-7fbfaf524000 r--p 00001000 08:02 2625700                    /lib/x86_64-linux-gnu/libnss_mdns4_minimal.so.2
7fbfaf524000-7fbfaf525000 rw-p 00002000 08:02 2625700                    /lib/x86_64-linux-gnu/libnss_mdns4_minimal.so.2
7fbfaf525000-7fbfaf528000 r-xp 00000000 08:02 2625704                    /lib/x86_64-linux-gnu/libnss_myhostname.so.2
7fbfaf528000-7fbfaf727000 ---p 00003000 08:02 2625704                    /lib/x86_64-linux-gnu/libnss_myhostname.so.2
7fbfaf727000-7fbfaf728000 r--p 00002000 08:02 2625704                    /lib/x86_64-linux-gnu/libnss_myhostname.so.2
7fbfaf728000-7fbfaf729000 rw-p 00003000 08:02 2625704                    /lib/x86_64-linux-gnu/libnss_myhostname.so.2
7fbfaf729000-7fbfaf929000 rw-p 00000000 00:00 0 
7fbfaf929000-7fbfaf9e9000 rw-s 10a7e9000 00:05 1552                      /dev/dri/card0
7fbfaf9e9000-7fbfafc69000 rw-s 00000000 00:04 154360                     /drm mm object (deleted)
7fbfafc69000-7fbfafee9000 rw-s 00000000 00:04 154359                     /drm mm object (deleted)
7fbfafee9000-7fbfaff20000 r-xp 00000000 08:02 4858923                    /usr/lib/x86_64-linux-gnu/libtxc_dxtn_s2tc.so.0.0.0
7fbfaff20000-7fbfb011f000 ---p 00037000 08:02 4858923                    /usr/lib/x86_64-linux-gnu/libtxc_dxtn_s2tc.so.0.0.0
7fbfb011f000-7fbfb0120000 r--p 00036000 08:02 4858923                    /usr/lib/x86_64-linux-gnu/libtxc_dxtn_s2tc.so.0.0.0
7fbfb0120000-7fbfb0121000 rw-p 00037000 08:02 4858923                    /usr/lib/x86_64-linux-gnu/libtxc_dxtn_s2tc.so.0.0.0
7fbfb0121000-7fbfb0139000 r-xp 00000000 08:02 2625786                    /lib/x86_64-linux-gnu/libz.so.1.2.8
7fbfb0139000-7fbfb0338000 ---p 00018000 08:02 2625786                    /lib/x86_64-linux-gnu/libz.so.1.2.8
7fbfb0338000-7fbfb0339000 r--p 00017000 08:02 2625786                    /lib/x86_64-linux-gnu/libz.so.1.2.8
7fbfb0339000-7fbfb033a000 rw-p 00018000 08:02 2625786                    /lib/x86_64-linux-gnu/libz.so.1.2.8
7fbfb033a000-7fbfb0342000 r-xp 00000000 08:02 4858718                    /usr/lib/x86_64-linux-gnu/libpciaccess.so.0.11.1
7fbfb0342000-7fbfb0541000 ---p 00008000 08:02 4858718                    /usr/lib/x86_64-linux-gnu/libpciaccess.so.0.11.1
7fbfb0541000-7fbfb0542000 r--p 00007000 08:02 4858718                    /usr/lib/x86_64-linux-gnu/libpciaccess.so.0.11.1
7fbfb0542000-7fbfb0543000 rw-p 00008000 08:02 4858718                    /usr/lib/x86_64-linux-gnu/libpciaccess.so.0.11.1
7fbfb0543000-7fbfb0633000 r-xp 00000000 08:02 4858875                    /usr/lib/x86_64-linux-gnu/libstdc++.so.6.0.20
7fbfb0633000-7fbfb0833000 ---p 000f0000 08:02 4858875                    /usr/lib/x86_64-linux-gnu/libstdc++.so.6.0.20
7fbfb0833000-7fbfb083b000 r--p 000f0000 08:02 4858875                    /usr/lib/x86_64-linux-gnu/libstdc++.so.6.0.20
7fbfb083b000-7fbfb083d000 rw-p 000f8000 08:02 4858875                    /usr/lib/x86_64-linux-gnu/libstdc++.so.6.0.20
7fbfb083d000-7fbfb0852000 rw-p 00000000 00:00 0 
7fbfb0852000-7fbfb085e000 r-xp 00000000 08:02 4858206                    /usr/lib/x86_64-linux-gnu/libdrm_radeon.so.1.0.1
7fbfb085e000-7fbfb0a5d000 ---p 0000c000 08:02 4858206                    /usr/lib/x86_64-linux-gnu/libdrm_radeon.so.1.0.1
7fbfb0a5d000-7fbfb0a5e000 r--p 0000b000 08:02 4858206                    /usr/lib/x86_64-linux-gnu/libdrm_radeon.so.1.0.1
7fbfb0a5e000-7fbfb0a5f000 rw-p 0000c000 08:02 4858206                    /usr/lib/x86_64-linux-gnu/libdrm_radeon.so.1.0.1
7fbfb0a5f000-7fbfb0a65000 r-xp 00000000 08:02 4858204                    /usr/lib/x86_64-linux-gnu/libdrm_nouveau.so.2.0.0
7fbfb0a65000-7fbfb0c64000 ---p 00006000 08:02 4858204                    /usr/lib/x86_64-linux-gnu/libdrm_nouveau.so.2.0.0
7fbfb0c64000-7fbfb0c65000 r--p 00005000 08:02 4858204                    /usr/lib/x86_64-linux-gnu/libdrm_nouveau.so.2.0.0
7fbfb0c65000-7fbfb0c66000 rw-p 00006000 08:02 4858204                    /usr/lib/x86_64-linux-gnu/libdrm_nouveau.so.2.0.0
7fbfb0c66000-7fbfb0c86000 r-xp 00000000 08:02 4858202                    /usr/lib/x86_64-linux-gnu/libdrm_intel.so.1.0.0
7fbfb0c86000-7fbfb0e85000 ---p 00020000 08:02 4858202                    /usr/lib/x86_64-linux-gnu/libdrm_intel.so.1.0.0
7fbfb0e85000-7fbfb0e86000 r--p 0001f000 08:02 4858202                    /usr/lib/x86_64-linux-gnu/libdrm_intel.so.1.0.0
7fbfb0e86000-7fbfb0e87000 rw-p 00020000 08:02 4858202                    /usr/lib/x86_64-linux-gnu/libdrm_intel.so.1.0.0
7fbfb0e87000-7fbfb13a3000 r-xp 00000000 08:02 5114656                    /usr/lib/x86_64-linux-gnu/dri/i965_dri.so
7fbfb13a3000-7fbfb15a2000 ---p 0051c000 08:02 5114656                    /usr/lib/x86_64-linux-gnu/dri/i965_dri.so
7fbfb15a2000-7fbfb15be000 r--p 0051b000 08:02 5114656                    /usr/lib/x86_64-linux-gnu/dri/i965_dri.so
7fbfb15be000-7fbfb15c4000 rw-p 00537000 08:02 5114656                    /usr/lib/x86_64-linux-gnu/dri/i965_dri.so
7fbfb15c4000-7fbfb15cf000 rw-p 00000000 00:00 0 
7fbfb15cf000-7fbfb163b000 r-xp 00000000 08:02 2625725                    /lib/x86_64-linux-gnu/libpcre.so.3.13.1
7fbfb163b000-7fbfb183a000 ---p 0006c000 08:02 2625725                    /lib/x86_64-linux-gnu/libpcre.so.3.13.1
7fbfb183a000-7fbfb183b000 r--p 0006b000 08:02 2625725                    /lib/x86_64-linux-gnu/libpcre.so.3.13.1
7fbfb183b000-7fbfb183c000 rw-p 0006c000 08:02 2625725                    /lib/x86_64-linux-gnu/libpcre.so.3.13.1
7fbfb183c000-7fbfb185d000 r-xp 00000000 08:02 2625752                    /lib/x86_64-linux-gnu/libselinux.so.1
7fbfb185d000-7fbfb1a5c000 ---p 00021000 08:02 2625752                    /lib/x86_64-linux-gnu/libselinux.so.1
7fbfb1a5c000-7fbfb1a5d000 r--p 00020000 08:02 2625752                    /lib/x86_64-linux-gnu/libselinux.so.1
7fbfb1a5d000-7fbfb1a5e000 rw-p 00021000 08:02 2625752                    /lib/x86_64-linux-gnu/libselinux.so.1
7fbfb1a5e000-7fbfb1a60000 rw-p 00000000 00:00 0 
7fbfb1a60000-7fbfb1a70000 r-xp 00000000 08:02 2625516                    /lib/x86_64-linux-gnu/libudev.so.1.4.0
7fbfb1a70000-7fbfb1c70000 ---p 00010000 08:02 2625516                    /lib/x86_64-linux-gnu/libudev.so.1.4.0
7fbfb1c70000-7fbfb1c71000 r--p 00010000 08:02 2625516                    /lib/x86_64-linux-gnu/libudev.so.1.4.0
7fbfb1c71000-7fbfb1c72000 rw-p 00011000 08:02 2625516                    /lib/x86_64-linux-gnu/libudev.so.1.4.0
7fbfb1c72000-7fbfb1c74000 r-xp 00000000 08:02 4857968                    /usr/lib/x86_64-linux-gnu/libXinerama.so.1.0.0
7fbfb1c74000-7fbfb1e73000 ---p 00002000 08:02 4857968                    /usr/lib/x86_64-linux-gnu/libXinerama.so.1.0.0
7fbfb1e73000-7fbfb1e74000 r--p 00001000 08:02 4857968                    /usr/lib/x86_64-linux-gnu/libXinerama.so.1.0.0
7fbfb1e74000-7fbfb1e75000 rw-p 00002000 08:02 4857968                    /usr/lib/x86_64-linux-gnu/libXinerama.so.1.0.0
7fbfb1e75000-7fbfb1eba000 r-xp 00000000 08:02 4587544                    /tmp/jogamp_0000/file_cache/jln6682535851113682608/jln2395752758921283327/libjogl_mobile.so
7fbfb1eba000-7fbfb20ba000 ---p 00045000 08:02 4587544                    /tmp/jogamp_0000/file_cache/jln6682535851113682608/jln2395752758921283327/libjogl_mobile.so
7fbfb20ba000-7fbfb20bb000 rw-p 00045000 08:02 4587544                    /tmp/jogamp_0000/file_cache/jln6682535851113682608/jln2395752758921283327/libjogl_mobile.so
7fbfb20bb000-7fbfb20c2000 r-xp 00000000 08:02 4858242                    /usr/lib/x86_64-linux-gnu/libffi.so.6.0.2
7fbfb20c2000-7fbfb22c1000 ---p 00007000 08:02 4858242                    /usr/lib/x86_64-linux-gnu/libffi.so.6.0.2
7fbfb22c1000-7fbfb22c2000 r--p 00006000 08:02 4858242                    /usr/lib/x86_64-linux-gnu/libffi.so.6.0.2
7fbfb22c2000-7fbfb22c3000 rw-p 00007000 08:02 4858242                    /usr/lib/x86_64-linux-gnu/libffi.so.6.0.2
7fbfb22c3000-7fbfb22d0000 r-xp 00000000 08:02 4849854                    /usr/lib/x86_64-linux-gnu/libgbm.so.1.0.0
7fbfb22d0000-7fbfb24cf000 ---p 0000d000 08:02 4849854                    /usr/lib/x86_64-linux-gnu/libgbm.so.1.0.0
7fbfb24cf000-7fbfb24d0000 r--p 0000c000 08:02 4849854                    /usr/lib/x86_64-linux-gnu/libgbm.so.1.0.0
7fbfb24d0000-7fbfb24d1000 rw-p 0000d000 08:02 4849854                    /usr/lib/x86_64-linux-gnu/libgbm.so.1.0.0
7fbfb24d1000-7fbfb24df000 r-xp 00000000 08:02 4858976                    /usr/lib/x86_64-linux-gnu/libwayland-server.so.0.1.0
7fbfb24df000-7fbfb26df000 ---p 0000e000 08:02 4858976                    /usr/lib/x86_64-linux-gnu/libwayland-server.so.0.1.0
7fbfb26df000-7fbfb26e1000 r--p 0000e000 08:02 4858976                    /usr/lib/x86_64-linux-gnu/libwayland-server.so.0.1.0
7fbfb26e1000-7fbfb26e2000 rw-p 00010000 08:02 4858976                    /usr/lib/x86_64-linux-gnu/libwayland-server.so.0.1.0
7fbfb26e2000-7fbfb26ed000 r-xp 00000000 08:02 4858970                    /usr/lib/x86_64-linux-gnu/libwayland-client.so.0.2.0
7fbfb26ed000-7fbfb28ed000 ---p 0000b000 08:02 4858970                    /usr/lib/x86_64-linux-gnu/libwayland-client.so.0.2.0
7fbfb28ed000-7fbfb28ef000 r--p 0000b000 08:02 4858970                    /usr/lib/x86_64-linux-gnu/libwayland-client.so.0.2.0
7fbfb28ef000-7fbfb28f0000 rw-p 0000d000 08:02 4858970                    /usr/lib/x86_64-linux-gnu/libwayland-client.so.0.2.0
7fbfb28f0000-7fbfb28f5000 r-xp 00000000 08:02 4859022                    /usr/lib/x86_64-linux-gnu/libxcb-xfixes.so.0.0.0
7fbfb28f5000-7fbfb2af5000 ---p 00005000 08:02 4859022                    /usr/lib/x86_64-linux-gnu/libxcb-xfixes.so.0.0.0
7fbfb2af5000-7fbfb2af6000 r--p 00005000 08:02 4859022                    /usr/lib/x86_64-linux-gnu/libxcb-xfixes.so.0.0.0
7fbfb2af6000-7fbfb2af7000 rw-p 00006000 08:02 4859022                    /usr/lib/x86_64-linux-gnu/libxcb-xfixes.so.0.0.0
7fbfb2af7000-7fbfb2b20000 r-xp 00000000 08:02 5114652                    /usr/lib/x86_64-linux-gnu/mesa-egl/libEGL.so.1.0.0
7fbfb2b20000-7fbfb2d1f000 ---p 00029000 08:02 5114652                    /usr/lib/x86_64-linux-gnu/mesa-egl/libEGL.so.1.0.0
7fbfb2d1f000-7fbfb2d20000 r--p 00028000 08:02 5114652                    /usr/lib/x86_64-linux-gnu/mesa-egl/libEGL.so.1.0.0
7fbfb2d20000-7fbfb2d21000 rw-p 00029000 08:02 5114652                    /usr/lib/x86_64-linux-gnu/mesa-egl/libEGL.so.1.0.0
7fbfb2d21000-7fbfb2d22000 rw-p 00000000 00:00 0 
7fbfb2d22000-7fbfb2dc7000 r-xp 00000000 08:02 4587543                    /tmp/jogamp_0000/file_cache/jln6682535851113682608/jln2395752758921283327/libjogl_desktop.so
7fbfb2dc7000-7fbfb2fc7000 ---p 000a5000 08:02 4587543                    /tmp/jogamp_0000/file_cache/jln6682535851113682608/jln2395752758921283327/libjogl_desktop.so
7fbfb2fc7000-7fbfb2fc8000 rw-p 000a5000 08:02 4587543                    /tmp/jogamp_0000/file_cache/jln6682535851113682608/jln2395752758921283327/libjogl_desktop.so
7fbfb2fc8000-7fbfb2fd3000 r-xp 00000000 08:02 4858200                    /usr/lib/x86_64-linux-gnu/libdrm.so.2.4.0
7fbfb2fd3000-7fbfb31d2000 ---p 0000b000 08:02 4858200                    /usr/lib/x86_64-linux-gnu/libdrm.so.2.4.0
7fbfb31d2000-7fbfb31d3000 r--p 0000a000 08:02 4858200                    /usr/lib/x86_64-linux-gnu/libdrm.so.2.4.0
7fbfb31d3000-7fbfb31d4000 rw-p 0000b000 08:02 4858200                    /usr/lib/x86_64-linux-gnu/libdrm.so.2.4.0
7fbfb31d4000-7fbfb31d5000 r-xp 00000000 08:02 4859034                    /usr/lib/x86_64-linux-gnu/libxshmfence.so.1.0.0
7fbfb31d5000-7fbfb33d4000 ---p 00001000 08:02 4859034                    /usr/lib/x86_64-linux-gnu/libxshmfence.so.1.0.0
7fbfb33d4000-7fbfb33d5000 r--p 00000000 08:02 4859034                    /usr/lib/x86_64-linux-gnu/libxshmfence.so.1.0.0
7fbfb33d5000-7fbfb33d6000 rw-p 00001000 08:02 4859034                    /usr/lib/x86_64-linux-gnu/libxshmfence.so.1.0.0
7fbfb33d6000-7fbfb33db000 r-xp 00000000 08:02 4859016                    /usr/lib/x86_64-linux-gnu/libxcb-sync.so.1.0.0
7fbfb33db000-7fbfb35da000 ---p 00005000 08:02 4859016                    /usr/lib/x86_64-linux-gnu/libxcb-sync.so.1.0.0
7fbfb35da000-7fbfb35db000 r--p 00004000 08:02 4859016                    /usr/lib/x86_64-linux-gnu/libxcb-sync.so.1.0.0
7fbfb35db000-7fbfb35dc000 rw-p 00005000 08:02 4859016                    /usr/lib/x86_64-linux-gnu/libxcb-sync.so.1.0.0
7fbfb35dc000-7fbfb35de000 r-xp 00000000 08:02 4859008                    /usr/lib/x86_64-linux-gnu/libxcb-present.so.0.0.0
7fbfb35de000-7fbfb37dd000 ---p 00002000 08:02 4859008                    /usr/lib/x86_64-linux-gnu/libxcb-present.so.0.0.0
7fbfb37dd000-7fbfb37de000 r--p 00001000 08:02 4859008                    /usr/lib/x86_64-linux-gnu/libxcb-present.so.0.0.0
7fbfb37de000-7fbfb37df000 rw-p 00002000 08:02 4859008                    /usr/lib/x86_64-linux-gnu/libxcb-present.so.0.0.0
7fbfb37df000-7fbfb37e1000 r-xp 00000000 08:02 4858998                    /usr/lib/x86_64-linux-gnu/libxcb-dri3.so.0.0.0
7fbfb37e1000-7fbfb39e0000 ---p 00002000 08:02 4858998                    /usr/lib/x86_64-linux-gnu/libxcb-dri3.so.0.0.0
7fbfb39e0000-7fbfb39e1000 r--p 00001000 08:02 4858998                    /usr/lib/x86_64-linux-gnu/libxcb-dri3.so.0.0.0
7fbfb39e1000-7fbfb39e2000 rw-p 00002000 08:02 4858998                    /usr/lib/x86_64-linux-gnu/libxcb-dri3.so.0.0.0
7fbfb39e2000-7fbfb39e5000 r-xp 00000000 08:02 4858996                    /usr/lib/x86_64-linux-gnu/libxcb-dri2.so.0.0.0
7fbfb39e5000-7fbfb3be5000 ---p 00003000 08:02 4858996                    /usr/lib/x86_64-linux-gnu/libxcb-dri2.so.0.0.0
7fbfb3be5000-7fbfb3be6000 r--p 00003000 08:02 4858996                    /usr/lib/x86_64-linux-gnu/libxcb-dri2.so.0.0.0
7fbfb3be6000-7fbfb3be7000 rw-p 00004000 08:02 4858996                    /usr/lib/x86_64-linux-gnu/libxcb-dri2.so.0.0.0
7fbfb3be7000-7fbfb3bfc000 r-xp 00000000 08:02 4859000                    /usr/lib/x86_64-linux-gnu/libxcb-glx.so.0.0.0
7fbfb3bfc000-7fbfb3dfb000 ---p 00015000 08:02 4859000                    /usr/lib/x86_64-linux-gnu/libxcb-glx.so.0.0.0
7fbfb3dfb000-7fbfb3dfd000 r--p 00014000 08:02 4859000                    /usr/lib/x86_64-linux-gnu/libxcb-glx.so.0.0.0
7fbfb3dfd000-7fbfb3dfe000 rw-p 00016000 08:02 4859000                    /usr/lib/x86_64-linux-gnu/libxcb-glx.so.0.0.0
7fbfb3dfe000-7fbfb3dff000 r-xp 00000000 08:02 4857939                    /usr/lib/x86_64-linux-gnu/libX11-xcb.so.1.0.0
7fbfb3dff000-7fbfb3ffe000 ---p 00001000 08:02 4857939                    /usr/lib/x86_64-linux-gnu/libX11-xcb.so.1.0.0
7fbfb3ffe000-7fbfb3fff000 r--p 00000000 08:02 4857939                    /usr/lib/x86_64-linux-gnu/libX11-xcb.so.1.0.0
7fbfb3fff000-7fbfb4000000 rw-p 00001000 08:02 4857939                    /usr/lib/x86_64-linux-gnu/libX11-xcb.so.1.0.0
7fbfb4000000-7fbfb4021000 rw-p 00000000 00:00 0 
7fbfb4021000-7fbfb8000000 ---p 00000000 00:00 0 
7fbfb8000000-7fbfb9854000 rw-p 00000000 00:00 0 
7fbfb9854000-7fbfbc000000 ---p 00000000 00:00 0 
7fbfbc000000-7fbfbe2db000 rw-p 00000000 00:00 0 
7fbfbe2db000-7fbfc0000000 ---p 00000000 00:00 0 
7fbfc0000000-7fbfc06e1000 rw-p 00000000 00:00 0 
7fbfc06e1000-7fbfc4000000 ---p 00000000 00:00 0 
7fbfc4000000-7fbfc4021000 rw-p 00000000 00:00 0 
7fbfc4021000-7fbfc8000000 ---p 00000000 00:00 0 
7fbfc8000000-7fbfc8038000 rw-p 00000000 00:00 0 
7fbfc8038000-7fbfcc000000 ---p 00000000 00:00 0 
7fbfcc000000-7fbfcc024000 rw-p 00000000 00:00 0 
7fbfcc024000-7fbfd0000000 ---p 00000000 00:00 0 
7fbfd0000000-7fbfd0021000 rw-p 00000000 00:00 0 
7fbfd0021000-7fbfd4000000 ---p 00000000 00:00 0 
7fbfd4000000-7fbfd4021000 rw-p 00000000 00:00 0 
7fbfd4021000-7fbfd8000000 ---p 00000000 00:00 0 
7fbfd8000000-7fbfd8021000 rw-p 00000000 00:00 0 
7fbfd8021000-7fbfdc000000 ---p 00000000 00:00 0 
7fbfdc000000-7fbfdc41b000 rw-p 00000000 00:00 0 
7fbfdc41b000-7fbfe0000000 ---p 00000000 00:00 0 
7fbfe0000000-7fbfe0021000 rw-p 00000000 00:00 0 
7fbfe0021000-7fbfe4000000 ---p 00000000 00:00 0 
7fbfe4000000-7fbfe46ba000 rw-p 00000000 00:00 0 
7fbfe46ba000-7fbfe8000000 ---p 00000000 00:00 0 
7fbfe8000000-7fbfe9245000 rw-p 00000000 00:00 0 
7fbfe9245000-7fbfec000000 ---p 00000000 00:00 0 
7fbfec000000-7fbfec021000 rw-p 00000000 00:00 0 
7fbfec021000-7fbff0000000 ---p 00000000 00:00 0 
7fbff0000000-7fbff0021000 rw-p 00000000 00:00 0 
7fbff0021000-7fbff4000000 ---p 00000000 00:00 0 
7fbff4000000-7fbff4021000 rw-p 00000000 00:00 0 
7fbff4021000-7fbff8000000 ---p 00000000 00:00 0 
7fbff8000000-7fbff8021000 rw-p 00000000 00:00 0 
7fbff8021000-7fbffc000000 ---p 00000000 00:00 0 
7fbffc000000-7fbffc021000 rw-p 00000000 00:00 0 
7fbffc021000-7fc000000000 ---p 00000000 00:00 0 
7fc000000000-7fc000021000 rw-p 00000000 00:00 0 
7fc000021000-7fc004000000 ---p 00000000 00:00 0 
7fc004000000-7fc004021000 rw-p 00000000 00:00 0 
7fc004021000-7fc008000000 ---p 00000000 00:00 0 
7fc008000000-7fc008001000 r--s 00000000 08:02 786538                     /var/cache/fontconfig/dc05db6664285cc2f12bf69c139ae4c3-le64.cache-4
7fc008001000-7fc008002000 r--s 00000000 08:02 788870                     /var/cache/fontconfig/4794a0821666d79190d59a36cb4f44b5-le64.cache-4
7fc008002000-7fc008003000 r--s 00000000 08:02 786514                     /var/cache/fontconfig/56cf4f4769d0f4abc89a4895d7bd3ae1-le64.cache-4
7fc008003000-7fc008010000 r--s 00000000 08:02 786637                     /var/cache/fontconfig/e13b20fdb08344e0e664864cc2ede53d-le64.cache-4
7fc008027000-7fc0080a7000 rw-s 10abce000 00:05 1552                      /dev/dri/card0
7fc0080a7000-7fc008167000 rw-s 10a729000 00:05 1552                      /dev/dri/card0
7fc008167000-7fc008169000 r-xp 00000000 08:02 4857954                    /usr/lib/x86_64-linux-gnu/libXdamage.so.1.1.0
7fc008169000-7fc008368000 ---p 00002000 08:02 4857954                    /usr/lib/x86_64-linux-gnu/libXdamage.so.1.1.0
7fc008368000-7fc008369000 r--p 00001000 08:02 4857954                    /usr/lib/x86_64-linux-gnu/libXdamage.so.1.1.0
7fc008369000-7fc00836a000 rw-p 00002000 08:02 4857954                    /usr/lib/x86_64-linux-gnu/libXdamage.so.1.1.0
7fc00836a000-7fc00838f000 r-xp 00000000 08:02 4853342                    /usr/lib/x86_64-linux-gnu/libglapi.so.0.0.0
7fc00838f000-7fc00858e000 ---p 00025000 08:02 4853342                    /usr/lib/x86_64-linux-gnu/libglapi.so.0.0.0
7fc00858e000-7fc008591000 r--p 00024000 08:02 4853342                    /usr/lib/x86_64-linux-gnu/libglapi.so.0.0.0
7fc008591000-7fc008592000 rw-p 00027000 08:02 4853342                    /usr/lib/x86_64-linux-gnu/libglapi.so.0.0.0
7fc008592000-7fc008593000 rw-p 00000000 00:00 0 
7fc008593000-7fc0085b9000 r-xp 00000000 08:02 2625637                    /lib/x86_64-linux-gnu/libexpat.so.1.6.0
7fc0085b9000-7fc0087b8000 ---p 00026000 08:02 2625637                    /lib/x86_64-linux-gnu/libexpat.so.1.6.0
7fc0087b8000-7fc0087bb000 r--p 00025000 08:02 2625637                    /lib/x86_64-linux-gnu/libexpat.so.1.6.0
7fc0087bb000-7fc0087bc000 rw-p 00028000 08:02 2625637                    /lib/x86_64-linux-gnu/libexpat.so.1.6.0
7fc0087bc000-7fc008852000 r-xp 00000000 08:02 5113685                    /usr/lib/x86_64-linux-gnu/mesa/libGL.so.1.2.0
7fc008852000-7fc008a51000 ---p 00096000 08:02 5113685                    /usr/lib/x86_64-linux-gnu/mesa/libGL.so.1.2.0
7fc008a51000-7fc008a54000 r--p 00095000 08:02 5113685                    /usr/lib/x86_64-linux-gnu/mesa/libGL.so.1.2.0
7fc008a54000-7fc008a55000 rw-p 00098000 08:02 5113685                    /usr/lib/x86_64-linux-gnu/mesa/libGL.so.1.2.0
7fc008a55000-7fc008c56000 rw-p 00000000 00:00 0 
7fc008c56000-7fc008e56000 rw-p 00000000 00:00 0 
7fc008e56000-7fc008e5d000 r-xp 00000000 08:02 4587551                    /tmp/jogamp_0000/file_cache/jln6682535851113682608/jln2395752758921283327/libnativewindow_x11.so
7fc008e5d000-7fc00905c000 ---p 00007000 08:02 4587551                    /tmp/jogamp_0000/file_cache/jln6682535851113682608/jln2395752758921283327/libnativewindow_x11.so
7fc00905c000-7fc00905d000 rw-p 00006000 08:02 4587551                    /tmp/jogamp_0000/file_cache/jln6682535851113682608/jln2395752758921283327/libnativewindow_x11.so
7fc00905d000-7fc009061000 r-xp 00000000 08:02 4857996                    /usr/lib/x86_64-linux-gnu/libXxf86vm.so.1.0.0
7fc009061000-7fc009261000 ---p 00004000 08:02 4857996                    /usr/lib/x86_64-linux-gnu/libXxf86vm.so.1.0.0
7fc009261000-7fc009262000 r--p 00004000 08:02 4857996                    /usr/lib/x86_64-linux-gnu/libXxf86vm.so.1.0.0
7fc009262000-7fc009263000 rw-p 00005000 08:02 4857996                    /usr/lib/x86_64-linux-gnu/libXxf86vm.so.1.0.0
7fc009263000-7fc009265000 r-xp 00000000 08:02 4587545                    /tmp/jogamp_0000/file_cache/jln6682535851113682608/jln2395752758921283327/libnativewindow_awt.so
7fc009265000-7fc009464000 ---p 00002000 08:02 4587545                    /tmp/jogamp_0000/file_cache/jln6682535851113682608/jln2395752758921283327/libnativewindow_awt.so
7fc009464000-7fc009465000 rw-p 00001000 08:02 4587545                    /tmp/jogamp_0000/file_cache/jln6682535851113682608/jln2395752758921283327/libnativewindow_awt.so
7fc009465000-7fc009466000 r-xp 00000000 08:02 4855861                    /usr/lib/jvm/java-8-oracle/jre/lib/amd64/libjawt.so
7fc009466000-7fc009665000 ---p 00001000 08:02 4855861                    /usr/lib/jvm/java-8-oracle/jre/lib/amd64/libjawt.so
7fc009665000-7fc009666000 rw-p 00000000 08:02 4855861                    /usr/lib/jvm/java-8-oracle/jre/lib/amd64/libjawt.so
7fc009666000-7fc009668000 r-xp 00000000 08:02 4587542                    /tmp/jogamp_0000/file_cache/jln6682535851113682608/jln2395752758921283327/libgluegen-rt.so
7fc009668000-7fc009867000 ---p 00002000 08:02 4587542                    /tmp/jogamp_0000/file_cache/jln6682535851113682608/jln2395752758921283327/libgluegen-rt.so
7fc009867000-7fc009868000 rw-p 00001000 08:02 4587542                    /tmp/jogamp_0000/file_cache/jln6682535851113682608/jln2395752758921283327/libgluegen-rt.so
7fc009868000-7fc00986b000 ---p 00000000 00:00 0 
7fc00986b000-7fc009b69000 rw-p 00000000 00:00 0                          [stack:9425]
7fc009b69000-7fc009b6c000 ---p 00000000 00:00 0 
7fc009b6c000-7fc009e6a000 rw-p 00000000 00:00 0 
7fc009e6a000-7fc009e6d000 ---p 00000000 00:00 0 
7fc009e6d000-7fc009f6b000 rw-p 00000000 00:00 0                          [stack:9415]
7fc009f6b000-7fc009fd4000 r-xp 00000000 08:02 4855882                    /usr/lib/jvm/java-8-oracle/jre/lib/amd64/libt2k.so
7fc009fd4000-7fc00a1d3000 ---p 00069000 08:02 4855882                    /usr/lib/jvm/java-8-oracle/jre/lib/amd64/libt2k.so
7fc00a1d3000-7fc00a1da000 rw-p 00068000 08:02 4855882                    /usr/lib/jvm/java-8-oracle/jre/lib/amd64/libt2k.so
7fc00a1da000-7fc00a1ea000 rw-p 00000000 00:00 0 
7fc00a1ea000-7fc00a1fb000 r-xp 00000000 08:02 4855860                    /usr/lib/jvm/java-8-oracle/jre/lib/amd64/libnio.so
7fc00a1fb000-7fc00a3fa000 ---p 00011000 08:02 4855860                    /usr/lib/jvm/java-8-oracle/jre/lib/amd64/libnio.so
7fc00a3fa000-7fc00a3fb000 rw-p 00010000 08:02 4855860                    /usr/lib/jvm/java-8-oracle/jre/lib/amd64/libnio.so
7fc00a3fb000-7fc00a411000 r-xp 00000000 08:02 4855886                    /usr/lib/jvm/java-8-oracle/jre/lib/amd64/libnet.so
7fc00a411000-7fc00a611000 ---p 00016000 08:02 4855886                    /usr/lib/jvm/java-8-oracle/jre/lib/amd64/libnet.so
7fc00a611000-7fc00a612000 rw-p 00016000 08:02 4855886                    /usr/lib/jvm/java-8-oracle/jre/lib/amd64/libnet.so
7fc00a612000-7fc00a615000 ---p 00000000 00:00 0 
7fc00a615000-7fc00a713000 rw-p 00000000 00:00 0                          [stack:9412]
7fc00a713000-7fc00a716000 ---p 00000000 00:00 0 
7fc00a716000-7fc00a814000 rw-p 00000000 00:00 0                          [stack:9411]
7fc00a814000-7fc00a817000 ---p 00000000 00:00 0 
7fc00a817000-7fc00a915000 rw-p 00000000 00:00 0                          [stack:9410]
7fc00a915000-7fc00a918000 ---p 00000000 00:00 0 
7fc00a918000-7fc00aa16000 rw-p 00000000 00:00 0                          [stack:9408]
7fc00aa16000-7fc00aa1b000 r-xp 00000000 08:02 4857960                    /usr/lib/x86_64-linux-gnu/libXfixes.so.3.1.0
7fc00aa1b000-7fc00ac1a000 ---p 00005000 08:02 4857960                    /usr/lib/x86_64-linux-gnu/libXfixes.so.3.1.0
7fc00ac1a000-7fc00ac1b000 r--p 00004000 08:02 4857960                    /usr/lib/x86_64-linux-gnu/libXfixes.so.3.1.0
7fc00ac1b000-7fc00ac1c000 rw-p 00005000 08:02 4857960                    /usr/lib/x86_64-linux-gnu/libXfixes.so.3.1.0
7fc00ac1c000-7fc00ac25000 r-xp 00000000 08:02 4857952                    /usr/lib/x86_64-linux-gnu/libXcursor.so.1.0.2
7fc00ac25000-7fc00ae24000 ---p 00009000 08:02 4857952                    /usr/lib/x86_64-linux-gnu/libXcursor.so.1.0.2
7fc00ae24000-7fc00ae25000 r--p 00008000 08:02 4857952                    /usr/lib/x86_64-linux-gnu/libXcursor.so.1.0.2
7fc00ae25000-7fc00ae26000 rw-p 00009000 08:02 4857952                    /usr/lib/x86_64-linux-gnu/libXcursor.so.1.0.2
7fc00ae26000-7fc00ae29000 ---p 00000000 00:00 0 
7fc00ae29000-7fc00af27000 rw-p 00000000 00:00 0                          [stack:9407]
7fc00af27000-7fc00af3d000 r-xp 00000000 08:02 2625642                    /lib/x86_64-linux-gnu/libgcc_s.so.1
7fc00af3d000-7fc00b13c000 ---p 00016000 08:02 2625642                    /lib/x86_64-linux-gnu/libgcc_s.so.1
7fc00b13c000-7fc00b13d000 r--p 00015000 08:02 2625642                    /lib/x86_64-linux-gnu/libgcc_s.so.1
7fc00b13d000-7fc00b13e000 rw-p 00016000 08:02 2625642                    /lib/x86_64-linux-gnu/libgcc_s.so.1
7fc00b13e000-7fc00b1a3000 r-xp 00000000 08:02 4855916                    /usr/lib/jvm/java-8-oracle/jre/lib/amd64/libfontmanager.so
7fc00b1a3000-7fc00b3a2000 ---p 00065000 08:02 4855916                    /usr/lib/jvm/java-8-oracle/jre/lib/amd64/libfontmanager.so
7fc00b3a2000-7fc00b3a7000 rw-p 00064000 08:02 4855916                    /usr/lib/jvm/java-8-oracle/jre/lib/amd64/libfontmanager.so
7fc00b3a7000-7fc00b3b7000 rw-p 00000000 00:00 0 
7fc00b3b7000-7fc00b3bc000 r-xp 00000000 08:02 4857956                    /usr/lib/x86_64-linux-gnu/libXdmcp.so.6.0.0
7fc00b3bc000-7fc00b5bb000 ---p 00005000 08:02 4857956                    /usr/lib/x86_64-linux-gnu/libXdmcp.so.6.0.0
7fc00b5bb000-7fc00b5bc000 r--p 00004000 08:02 4857956                    /usr/lib/x86_64-linux-gnu/libXdmcp.so.6.0.0
7fc00b5bc000-7fc00b5bd000 rw-p 00005000 08:02 4857956                    /usr/lib/x86_64-linux-gnu/libXdmcp.so.6.0.0
7fc00b5bd000-7fc00b5bf000 r-xp 00000000 08:02 4857945                    /usr/lib/x86_64-linux-gnu/libXau.so.6.0.0
7fc00b5bf000-7fc00b7bf000 ---p 00002000 08:02 4857945                    /usr/lib/x86_64-linux-gnu/libXau.so.6.0.0
7fc00b7bf000-7fc00b7c0000 r--p 00002000 08:02 4857945                    /usr/lib/x86_64-linux-gnu/libXau.so.6.0.0
7fc00b7c0000-7fc00b7c1000 rw-p 00003000 08:02 4857945                    /usr/lib/x86_64-linux-gnu/libXau.so.6.0.0
7fc00b7c1000-7fc00b7de000 r-xp 00000000 08:02 4859026                    /usr/lib/x86_64-linux-gnu/libxcb.so.1.1.0
7fc00b7de000-7fc00b9de000 ---p 0001d000 08:02 4859026                    /usr/lib/x86_64-linux-gnu/libxcb.so.1.1.0
7fc00b9de000-7fc00b9df000 r--p 0001d000 08:02 4859026                    /usr/lib/x86_64-linux-gnu/libxcb.so.1.1.0
7fc00b9df000-7fc00b9e0000 rw-p 0001e000 08:02 4859026                    /usr/lib/x86_64-linux-gnu/libxcb.so.1.1.0
7fc00b9e0000-7fc00b9ef000 r-xp 00000000 08:02 4857966                    /usr/lib/x86_64-linux-gnu/libXi.so.6.1.0
7fc00b9ef000-7fc00bbee000 ---p 0000f000 08:02 4857966                    /usr/lib/x86_64-linux-gnu/libXi.so.6.1.0
7fc00bbee000-7fc00bbef000 r--p 0000e000 08:02 4857966                    /usr/lib/x86_64-linux-gnu/libXi.so.6.1.0
7fc00bbef000-7fc00bbf0000 rw-p 0000f000 08:02 4857966                    /usr/lib/x86_64-linux-gnu/libXi.so.6.1.0
7fc00bbf0000-7fc00bbf5000 r-xp 00000000 08:02 4857986                    /usr/lib/x86_64-linux-gnu/libXtst.so.6.1.0
7fc00bbf5000-7fc00bdf4000 ---p 00005000 08:02 4857986                    /usr/lib/x86_64-linux-gnu/libXtst.so.6.1.0
7fc00bdf4000-7fc00bdf5000 r--p 00004000 08:02 4857986                    /usr/lib/x86_64-linux-gnu/libXtst.so.6.1.0
7fc00bdf5000-7fc00bdf6000 rw-p 00005000 08:02 4857986                    /usr/lib/x86_64-linux-gnu/libXtst.so.6.1.0
7fc00bdf6000-7fc00bdff000 r-xp 00000000 08:02 4857980                    /usr/lib/x86_64-linux-gnu/libXrender.so.1.3.0
7fc00bdff000-7fc00bffe000 ---p 00009000 08:02 4857980                    /usr/lib/x86_64-linux-gnu/libXrender.so.1.3.0
7fc00bffe000-7fc00bfff000 r--p 00008000 08:02 4857980                    /usr/lib/x86_64-linux-gnu/libXrender.so.1.3.0
7fc00bfff000-7fc00c000000 rw-p 00009000 08:02 4857980                    /usr/lib/x86_64-linux-gnu/libXrender.so.1.3.0
7fc00c000000-7fc00c021000 rw-p 00000000 00:00 0 
7fc00c021000-7fc010000000 ---p 00000000 00:00 0 
7fc010000000-7fc010001000 r--s 00000000 08:02 786529                     /var/cache/fontconfig/b9d506c9ac06c20b433354fa67a72993-le64.cache-4
7fc010001000-7fc010002000 r--s 00000000 08:02 786503                     /var/cache/fontconfig/0c9eb80ebd1c36541ebe2852d3bb0c49-le64.cache-4
7fc010002000-7fc010003000 r--s 00000000 08:02 786517                     /var/cache/fontconfig/62f91419b9ebdb6975e7e41ab6412357-le64.cache-4
7fc010003000-7fc010007000 r--s 00000000 08:02 786516                     /var/cache/fontconfig/7ef2298fde41cc6eeb7af42e48b7d293-le64.cache-4
7fc01003a000-7fc01003b000 rw-p 00000000 00:00 0 
7fc01003b000-7fc01003c000 rw-s 00000000 00:04 156926                     /drm mm object (deleted)
7fc01003c000-7fc01003d000 rw-s 00000000 00:04 154366                     /drm mm object (deleted)
7fc01003d000-7fc010045000 rw-s 00000000 00:04 154374                     /drm mm object (deleted)
7fc010045000-7fc010046000 rw-s 00000000 00:04 154358                     /drm mm object (deleted)
7fc010046000-7fc01004e000 rw-s 00000000 00:04 154351                     /drm mm object (deleted)
7fc01004e000-7fc010056000 rw-s 00000000 00:04 154350                     /drm mm object (deleted)
7fc010056000-7fc010057000 rw-s 00000000 00:04 154347                     /drm mm object (deleted)
7fc010057000-7fc01005f000 rw-s 00000000 00:04 155739                     /drm mm object (deleted)
7fc01005f000-7fc010060000 rw-s 00000000 00:04 154341                     /drm mm object (deleted)
7fc010060000-7fc010061000 rw-s 00000000 00:04 154336                     /drm mm object (deleted)
7fc010061000-7fc010069000 rw-s 00000000 00:04 154332                     /drm mm object (deleted)
7fc010069000-7fc01006a000 rw-s 00000000 00:04 154329                     /drm mm object (deleted)
7fc01006a000-7fc010072000 rw-s 00000000 00:04 154328                     /drm mm object (deleted)
7fc010072000-7fc010073000 rwxp 00000000 00:00 0 
7fc010073000-7fc01007b000 rw-s 00000000 00:04 154346                     /drm mm object (deleted)
7fc01007b000-7fc010083000 rw-s 00000000 00:04 156878                     /drm mm object (deleted)
7fc010083000-7fc010084000 rw-s 00000000 00:04 156875                     /drm mm object (deleted)
7fc010084000-7fc01008c000 rw-s 00000000 00:04 156874                     /drm mm object (deleted)
7fc01008c000-7fc010097000 r--s 00116000 08:02 4855938                    /usr/lib/jvm/java-8-oracle/jre/lib/ext/localedata.jar
7fc010097000-7fc01009a000 ---p 00000000 00:00 0 
7fc01009a000-7fc0100d0000 rw-p 00000000 00:00 0                          [stack:9420]
7fc0100d0000-7fc010203000 r-xp 00000000 08:02 4857941                    /usr/lib/x86_64-linux-gnu/libX11.so.6.3.0
7fc010203000-7fc010403000 ---p 00133000 08:02 4857941                    /usr/lib/x86_64-linux-gnu/libX11.so.6.3.0
7fc010403000-7fc010404000 r--p 00133000 08:02 4857941                    /usr/lib/x86_64-linux-gnu/libX11.so.6.3.0
7fc010404000-7fc010408000 rw-p 00134000 08:02 4857941                    /usr/lib/x86_64-linux-gnu/libX11.so.6.3.0
7fc010408000-7fc010409000 rw-p 00000000 00:00 0 
7fc010409000-7fc01041a000 r-xp 00000000 08:02 4857958                    /usr/lib/x86_64-linux-gnu/libXext.so.6.4.0
7fc01041a000-7fc010619000 ---p 00011000 08:02 4857958                    /usr/lib/x86_64-linux-gnu/libXext.so.6.4.0
7fc010619000-7fc01061a000 r--p 00010000 08:02 4857958                    /usr/lib/x86_64-linux-gnu/libXext.so.6.4.0
7fc01061a000-7fc01061b000 rw-p 00011000 08:02 4857958                    /usr/lib/x86_64-linux-gnu/libXext.so.6.4.0
7fc01061b000-7fc01066f000 r-xp 00000000 08:02 4855857                    /usr/lib/jvm/java-8-oracle/jre/lib/amd64/libawt_xawt.so
7fc01066f000-7fc01086f000 ---p 00054000 08:02 4855857                    /usr/lib/jvm/java-8-oracle/jre/lib/amd64/libawt_xawt.so
7fc01086f000-7fc010873000 rw-p 00054000 08:02 4855857                    /usr/lib/jvm/java-8-oracle/jre/lib/amd64/libawt_xawt.so
7fc010873000-7fc010874000 rw-p 00000000 00:00 0 
7fc010874000-7fc010916000 r-xp 00000000 08:02 4855893                    /usr/lib/jvm/java-8-oracle/jre/lib/amd64/libawt.so
7fc010916000-7fc010b16000 ---p 000a2000 08:02 4855893                    /usr/lib/jvm/java-8-oracle/jre/lib/amd64/libawt.so
7fc010b16000-7fc010b22000 rw-p 000a2000 08:02 4855893                    /usr/lib/jvm/java-8-oracle/jre/lib/amd64/libawt.so
7fc010b22000-7fc010b46000 rw-p 00000000 00:00 0 
7fc010b46000-7fc010b47000 ---p 00000000 00:00 0 
7fc010b47000-7fc010c47000 rw-p 00000000 00:00 0                          [stack:9406]
7fc010c47000-7fc010c4a000 ---p 00000000 00:00 0 
7fc010c4a000-7fc010d48000 rw-p 00000000 00:00 0                          [stack:9405]
7fc010d48000-7fc010d4b000 ---p 00000000 00:00 0 
7fc010d4b000-7fc010e49000 rw-p 00000000 00:00 0                          [stack:9404]
7fc010e49000-7fc010e4c000 ---p 00000000 00:00 0 
7fc010e4c000-7fc010f4a000 rw-p 00000000 00:00 0                          [stack:9403]
7fc010f4a000-7fc010f4d000 ---p 00000000 00:00 0 
7fc010f4d000-7fc01104b000 rw-p 00000000 00:00 0                          [stack:9402]
7fc01104b000-7fc01104e000 ---p 00000000 00:00 0 
7fc01104e000-7fc01114c000 rw-p 00000000 00:00 0                          [stack:9401]
7fc01114c000-7fc01182e000 r--p 00000000 08:02 4857189                    /usr/lib/locale/locale-archive
7fc01182e000-7fc011831000 ---p 00000000 00:00 0 
7fc011831000-7fc01192f000 rw-p 00000000 00:00 0                          [stack:9400]
7fc01192f000-7fc011932000 ---p 00000000 00:00 0 
7fc011932000-7fc011a30000 rw-p 00000000 00:00 0                          [stack:9399]
7fc011a30000-7fc011a31000 ---p 00000000 00:00 0 
7fc011a31000-7fc015000000 rw-p 00000000 00:00 0                          [stack:9398]
7fc015000000-7fc0157c0000 rwxp 00000000 00:00 0 
7fc0157c0000-7fc024000000 ---p 00000000 00:00 0 
7fc024000000-7fc0242e3000 rw-p 00000000 00:00 0 
7fc0242e3000-7fc028000000 ---p 00000000 00:00 0 
7fc028000000-7fc028001000 r--s 0002f000 08:02 5120518                    /home/bhupendra/Coursera Java Specialization/Assignments/World-Earthquakes-View/UCSDUnfoldingMaps/lib/jogl-all-natives-linux-amd64.jar
7fc028001000-7fc028003000 r--s 00000000 08:02 5120511                    /home/bhupendra/Coursera Java Specialization/Assignments/World-Earthquakes-View/UCSDUnfoldingMaps/lib/gluegen-rt-natives-linux-amd64.jar
7fc028003000-7fc02801f000 r--s 00393000 08:02 4855940                    /usr/lib/jvm/java-8-oracle/jre/lib/ext/cldrdata.jar
7fc02801f000-7fc028020000 r--p 00000000 00:00 0 
7fc028020000-7fc028025000 r--s 00094000 08:02 4855697                    /usr/lib/jvm/java-8-oracle/jre/lib/jsse.jar
7fc028025000-7fc028056000 rw-p 00000000 00:00 0 
7fc028056000-7fc02805c000 r--s 00033000 08:02 5120529                    /home/bhupendra/Coursera Java Specialization/Assignments/World-Earthquakes-View/UCSDUnfoldingMaps/lib/unfolding.0.9.7-uscd.jar
7fc02805c000-7fc028063000 r--s 00059000 08:02 5120527                    /home/bhupendra/Coursera Java Specialization/Assignments/World-Earthquakes-View/UCSDUnfoldingMaps/lib/log4j-1.2.15.jar
7fc028063000-7fc028086000 r--s 002ec000 08:02 5120524                    /home/bhupendra/Coursera Java Specialization/Assignments/World-Earthquakes-View/UCSDUnfoldingMaps/lib/jogl-all.jar
7fc028086000-7fc028138000 rw-p 00000000 00:00 0 
7fc028138000-7fc028311000 r--s 03d09000 08:02 4855699                    /usr/lib/jvm/java-8-oracle/jre/lib/rt.jar
7fc028311000-7fc028563000 rw-p 00000000 00:00 0 
7fc028563000-7fc028564000 ---p 00000000 00:00 0 
7fc028564000-7fc028664000 rw-p 00000000 00:00 0                          [stack:9397]
7fc028664000-7fc028665000 ---p 00000000 00:00 0 
7fc028665000-7fc028765000 rw-p 00000000 00:00 0                          [stack:9396]
7fc028765000-7fc028766000 ---p 00000000 00:00 0 
7fc028766000-7fc028866000 rw-p 00000000 00:00 0                          [stack:9395]
7fc028866000-7fc028867000 ---p 00000000 00:00 0 
7fc028867000-7fc02897b000 rw-p 00000000 00:00 0                          [stack:9394]
7fc02897b000-7fc028aa5000 ---p 00000000 00:00 0 
7fc028aa5000-7fc028ab9000 rw-p 00000000 00:00 0 
7fc028ab9000-7fc028be2000 ---p 00000000 00:00 0 
7fc028be2000-7fc028c0b000 rw-p 00000000 00:00 0 
7fc028c0b000-7fc028c81000 ---p 00000000 00:00 0 
7fc028c81000-7fc028ca1000 rw-p 00000000 00:00 0 
7fc028ca1000-7fc029042000 ---p 00000000 00:00 0 
7fc029042000-7fc02905c000 r-xp 00000000 08:02 4855865                    /usr/lib/jvm/java-8-oracle/jre/lib/amd64/libzip.so
7fc02905c000-7fc02925c000 ---p 0001a000 08:02 4855865                    /usr/lib/jvm/java-8-oracle/jre/lib/amd64/libzip.so
7fc02925c000-7fc02925d000 rw-p 0001a000 08:02 4855865                    /usr/lib/jvm/java-8-oracle/jre/lib/amd64/libzip.so
7fc02925d000-7fc029268000 r-xp 00000000 08:02 2621543                    /lib/x86_64-linux-gnu/libnss_files-2.19.so
7fc029268000-7fc029467000 ---p 0000b000 08:02 2621543                    /lib/x86_64-linux-gnu/libnss_files-2.19.so
7fc029467000-7fc029468000 r--p 0000a000 08:02 2621543                    /lib/x86_64-linux-gnu/libnss_files-2.19.so
7fc029468000-7fc029469000 rw-p 0000b000 08:02 2621543                    /lib/x86_64-linux-gnu/libnss_files-2.19.so
7fc029469000-7fc029474000 r-xp 00000000 08:02 2621455                    /lib/x86_64-linux-gnu/libnss_nis-2.19.so
7fc029474000-7fc029673000 ---p 0000b000 08:02 2621455                    /lib/x86_64-linux-gnu/libnss_nis-2.19.so
7fc029673000-7fc029674000 r--p 0000a000 08:02 2621455                    /lib/x86_64-linux-gnu/libnss_nis-2.19.so
7fc029674000-7fc029675000 rw-p 0000b000 08:02 2621455                    /lib/x86_64-linux-gnu/libnss_nis-2.19.so
7fc029675000-7fc02968c000 r-xp 00000000 08:02 2621545                    /lib/x86_64-linux-gnu/libnsl-2.19.so
7fc02968c000-7fc02988b000 ---p 00017000 08:02 2621545                    /lib/x86_64-linux-gnu/libnsl-2.19.so
7fc02988b000-7fc02988c000 r--p 00016000 08:02 2621545                    /lib/x86_64-linux-gnu/libnsl-2.19.so
7fc02988c000-7fc02988d000 rw-p 00017000 08:02 2621545                    /lib/x86_64-linux-gnu/libnsl-2.19.so
7fc02988d000-7fc02988f000 rw-p 00000000 00:00 0 
7fc02988f000-7fc029898000 r-xp 00000000 08:02 2621538                    /lib/x86_64-linux-gnu/libnss_compat-2.19.so
7fc029898000-7fc029a97000 ---p 00009000 08:02 2621538                    /lib/x86_64-linux-gnu/libnss_compat-2.19.so
7fc029a97000-7fc029a98000 r--p 00008000 08:02 2621538                    /lib/x86_64-linux-gnu/libnss_compat-2.19.so
7fc029a98000-7fc029a99000 rw-p 00009000 08:02 2621538                    /lib/x86_64-linux-gnu/libnss_compat-2.19.so
7fc029a99000-7fc029ac3000 r-xp 00000000 08:02 4855858                    /usr/lib/jvm/java-8-oracle/jre/lib/amd64/libjava.so
7fc029ac3000-7fc029cc3000 ---p 0002a000 08:02 4855858                    /usr/lib/jvm/java-8-oracle/jre/lib/amd64/libjava.so
7fc029cc3000-7fc029cc5000 rw-p 0002a000 08:02 4855858                    /usr/lib/jvm/java-8-oracle/jre/lib/amd64/libjava.so
7fc029cc5000-7fc029cd2000 r-xp 00000000 08:02 4855900                    /usr/lib/jvm/java-8-oracle/jre/lib/amd64/libverify.so
7fc029cd2000-7fc029ed2000 ---p 0000d000 08:02 4855900                    /usr/lib/jvm/java-8-oracle/jre/lib/amd64/libverify.so
7fc029ed2000-7fc029ed4000 rw-p 0000d000 08:02 4855900                    /usr/lib/jvm/java-8-oracle/jre/lib/amd64/libverify.so
7fc029ed4000-7fc029edb000 r-xp 00000000 08:02 2621541                    /lib/x86_64-linux-gnu/librt-2.19.so
7fc029edb000-7fc02a0da000 ---p 00007000 08:02 2621541                    /lib/x86_64-linux-gnu/librt-2.19.so
7fc02a0da000-7fc02a0db000 r--p 00006000 08:02 2621541                    /lib/x86_64-linux-gnu/librt-2.19.so
7fc02a0db000-7fc02a0dc000 rw-p 00007000 08:02 2621541                    /lib/x86_64-linux-gnu/librt-2.19.so
7fc02a0dc000-7fc02a1e1000 r-xp 00000000 08:02 2621542                    /lib/x86_64-linux-gnu/libm-2.19.so
7fc02a1e1000-7fc02a3e0000 ---p 00105000 08:02 2621542                    /lib/x86_64-linux-gnu/libm-2.19.so
7fc02a3e0000-7fc02a3e1000 r--p 00104000 08:02 2621542                    /lib/x86_64-linux-gnu/libm-2.19.so
7fc02a3e1000-7fc02a3e2000 rw-p 00105000 08:02 2621542                    /lib/x86_64-linux-gnu/libm-2.19.so
7fc02a3e2000-7fc02b090000 r-xp 00000000 08:02 4855906                    /usr/lib/jvm/java-8-oracle/jre/lib/amd64/server/libjvm.so
7fc02b090000-7fc02b28f000 ---p 00cae000 08:02 4855906                    /usr/lib/jvm/java-8-oracle/jre/lib/amd64/server/libjvm.so
7fc02b28f000-7fc02b366000 rw-p 00cad000 08:02 4855906                    /usr/lib/jvm/java-8-oracle/jre/lib/amd64/server/libjvm.so
7fc02b366000-7fc02b3aa000 rw-p 00000000 00:00 0 
7fc02b3aa000-7fc02b564000 r-xp 00000000 08:02 2625514                    /lib/x86_64-linux-gnu/libc-2.19.so
7fc02b564000-7fc02b764000 ---p 001ba000 08:02 2625514                    /lib/x86_64-linux-gnu/libc-2.19.so
7fc02b764000-7fc02b768000 r--p 001ba000 08:02 2625514                    /lib/x86_64-linux-gnu/libc-2.19.so
7fc02b768000-7fc02b76a000 rw-p 001be000 08:02 2625514                    /lib/x86_64-linux-gnu/libc-2.19.so
7fc02b76a000-7fc02b76f000 rw-p 00000000 00:00 0 
7fc02b76f000-7fc02b772000 r-xp 00000000 08:02 2621535                    /lib/x86_64-linux-gnu/libdl-2.19.so
7fc02b772000-7fc02b971000 ---p 00003000 08:02 2621535                    /lib/x86_64-linux-gnu/libdl-2.19.so
7fc02b971000-7fc02b972000 r--p 00002000 08:02 2621535                    /lib/x86_64-linux-gnu/libdl-2.19.so
7fc02b972000-7fc02b973000 rw-p 00003000 08:02 2621535                    /lib/x86_64-linux-gnu/libdl-2.19.so
7fc02b973000-7fc02b988000 r-xp 00000000 08:02 4856243                    /usr/lib/jvm/java-8-oracle/lib/amd64/jli/libjli.so
7fc02b988000-7fc02bb88000 ---p 00015000 08:02 4856243                    /usr/lib/jvm/java-8-oracle/lib/amd64/jli/libjli.so
7fc02bb88000-7fc02bb89000 rw-p 00015000 08:02 4856243                    /usr/lib/jvm/java-8-oracle/lib/amd64/jli/libjli.so
7fc02bb89000-7fc02bba2000 r-xp 00000000 08:02 2625630                    /lib/x86_64-linux-gnu/libpthread-2.19.so
7fc02bba2000-7fc02bda1000 ---p 00019000 08:02 2625630                    /lib/x86_64-linux-gnu/libpthread-2.19.so
7fc02bda1000-7fc02bda2000 r--p 00018000 08:02 2625630                    /lib/x86_64-linux-gnu/libpthread-2.19.so
7fc02bda2000-7fc02bda3000 rw-p 00019000 08:02 2625630                    /lib/x86_64-linux-gnu/libpthread-2.19.so
7fc02bda3000-7fc02bda7000 rw-p 00000000 00:00 0 
7fc02bda7000-7fc02bdca000 r-xp 00000000 08:02 2621534                    /lib/x86_64-linux-gnu/ld-2.19.so
7fc02bdca000-7fc02bdcf000 r--s 00309000 08:02 5120528                    /home/bhupendra/Coursera Java Specialization/Assignments/World-Earthquakes-View/UCSDUnfoldingMaps/lib/sqlite-jdbc-3.7.2.jar
7fc02bdcf000-7fc02bdd5000 r--s 00041000 08:02 5120517                    /home/bhupendra/Coursera Java Specialization/Assignments/World-Earthquakes-View/UCSDUnfoldingMaps/lib/gluegen-rt.jar
7fc02bdd5000-7fc02bead000 rw-p 00000000 00:00 0 
7fc02bead000-7fc02beb0000 ---p 00000000 00:00 0 
7fc02beb0000-7fc02bfb2000 rw-p 00000000 00:00 0                          [stack:9393]
7fc02bfb2000-7fc02bfb3000 r--s 00005000 08:02 5120526                    /home/bhupendra/Coursera Java Specialization/Assignments/World-Earthquakes-View/UCSDUnfoldingMaps/lib/libTUIO.jar
7fc02bfb3000-7fc02bfb4000 r--s 00007000 08:02 5120525                    /home/bhupendra/Coursera Java Specialization/Assignments/World-Earthquakes-View/UCSDUnfoldingMaps/lib/json4processing.jar
7fc02bfb4000-7fc02bfb8000 r--s 0009a000 08:02 5120510                    /home/bhupendra/Coursera Java Specialization/Assignments/World-Earthquakes-View/UCSDUnfoldingMaps/lib/core.jar
7fc02bfb8000-7fc02bfbd000 r--s 002f8000 08:02 4855711                    /usr/lib/jvm/java-8-oracle/jre/lib/charsets.jar
7fc02bfbd000-7fc02bfc5000 rw-s 00000000 08:02 4587541                    /tmp/hsperfdata_bhupendra/9388
7fc02bfc5000-7fc02bfc6000 rw-p 00000000 00:00 0 
7fc02bfc6000-7fc02bfc7000 r--p 00000000 00:00 0 
7fc02bfc7000-7fc02bfc9000 rw-p 00000000 00:00 0 
7fc02bfc9000-7fc02bfca000 r--p 00022000 08:02 2621534                    /lib/x86_64-linux-gnu/ld-2.19.so
7fc02bfca000-7fc02bfcb000 rw-p 00023000 08:02 2621534                    /lib/x86_64-linux-gnu/ld-2.19.so
7fc02bfcb000-7fc02bfcc000 rw-p 00000000 00:00 0 
7fff21d6b000-7fff21d8c000 rw-p 00000000 00:00 0                          [stack]
7fff21dfc000-7fff21dfe000 r-xp 00000000 00:00 0                          [vdso]
7fff21dfe000-7fff21e00000 r--p 00000000 00:00 0                          [vvar]
ffffffffff600000-ffffffffff601000 r-xp 00000000 00:00 0                  [vsyscall]

VM Arguments:
jvm_args: -Djava.security.policy=java.policy.applet -Dfile.encoding=UTF-8 
java_command: sun.applet.AppletViewer module4.EarthquakeCityMap1448800625912.html
java_class_path (initial): /home/bhupendra/Coursera Java Specialization/Assignments/World-Earthquakes-View/UCSDUnfoldingMaps/build:/home/bhupendra/Coursera Java Specialization/Assignments/World-Earthquakes-View/UCSDUnfoldingMaps/lib/core.jar:/home/bhupendra/Coursera Java Specialization/Assignments/World-Earthquakes-View/UCSDUnfoldingMaps/lib/gluegen-rt.jar:/home/bhupendra/Coursera Java Specialization/Assignments/World-Earthquakes-View/UCSDUnfoldingMaps/lib/jogl-all.jar:/home/bhupendra/Coursera Java Specialization/Assignments/World-Earthquakes-View/UCSDUnfoldingMaps/lib/log4j-1.2.15.jar:/home/bhupendra/Coursera Java Specialization/Assignments/World-Earthquakes-View/UCSDUnfoldingMaps/lib/sqlite-jdbc-3.7.2.jar:/home/bhupendra/Coursera Java Specialization/Assignments/World-Earthquakes-View/UCSDUnfoldingMaps/lib/json4processing.jar:/home/bhupendra/Coursera Java Specialization/Assignments/World-Earthquakes-View/UCSDUnfoldingMaps/lib/libTUIO.jar:/home/bhupendra/Coursera Java Specialization/Assignments/World-Earthquakes-View/UCSDUnfoldingMaps/lib/unfolding.0.9.7-uscd.jar
Launcher Type: SUN_STANDARD

Environment Variables:
PATH=/usr/local/sbin:/usr/local/bin:/usr/sbin:/usr/bin:/sbin:/bin:/usr/games:/usr/local/games
USERNAME=bhupendra
SHELL=/bin/bash
DISPLAY=:0.0

Signal Handlers:
SIGSEGV: [libjvm.so+0xaad1e0], sa_mask[0]=11111111011111111101111111111110, sa_flags=SA_RESTART|SA_SIGINFO
SIGBUS: [libjvm.so+0xaad1e0], sa_mask[0]=11111111011111111101111111111110, sa_flags=SA_RESTART|SA_SIGINFO
SIGFPE: [libjvm.so+0x90b450], sa_mask[0]=11111111011111111101111111111110, sa_flags=SA_RESTART|SA_SIGINFO
SIGPIPE: [libjvm.so+0x90b450], sa_mask[0]=11111111011111111101111111111110, sa_flags=SA_RESTART|SA_SIGINFO
SIGXFSZ: [libjvm.so+0x90b450], sa_mask[0]=11111111011111111101111111111110, sa_flags=SA_RESTART|SA_SIGINFO
SIGILL: [libjvm.so+0x90b450], sa_mask[0]=11111111011111111101111111111110, sa_flags=SA_RESTART|SA_SIGINFO
SIGUSR1: SIG_DFL, sa_mask[0]=00000000000000000000000000000000, sa_flags=none
SIGUSR2: [libjvm.so+0x90ca90], sa_mask[0]=00100000000000000000000000000000, sa_flags=SA_RESTART|SA_SIGINFO
SIGHUP: [libjvm.so+0x90dde0], sa_mask[0]=11111111011111111101111111111110, sa_flags=SA_RESTART|SA_SIGINFO
SIGINT: [libjvm.so+0x90dde0], sa_mask[0]=11111111011111111101111111111110, sa_flags=SA_RESTART|SA_SIGINFO
SIGTERM: [libjvm.so+0x90dde0], sa_mask[0]=11111111011111111101111111111110, sa_flags=SA_RESTART|SA_SIGINFO
SIGQUIT: [libjvm.so+0x90dde0], sa_mask[0]=11111111011111111101111111111110, sa_flags=SA_RESTART|SA_SIGINFO


---------------  S Y S T E M  ---------------

OS:DISTRIB_ID=Ubuntu
DISTRIB_RELEASE=14.10
DISTRIB_CODENAME=utopic
DISTRIB_DESCRIPTION="Ubuntu 14.10"

uname:Linux 3.16.0-30-generic #40-Ubuntu SMP Mon Jan 12 22:06:37 UTC 2015 x86_64
libc:glibc 2.19 NPTL 2.19 
rlimit: STACK 8192k, CORE 0k, NPROC 14376, NOFILE 4096, AS infinity
load average:1.23 0.88 0.67

/proc/meminfo:
MemTotal:        3891224 kB
MemFree:          244256 kB
MemAvailable:     365480 kB
Buffers:           10824 kB
Cached:           862604 kB
SwapCached:        14264 kB
Active:          2508416 kB
Inactive:         863508 kB
Active(anon):    2336128 kB
Inactive(anon):   804164 kB
Active(file):     172288 kB
Inactive(file):    59344 kB
Unevictable:          48 kB
Mlocked:              48 kB
SwapTotal:       4036604 kB
SwapFree:        2953380 kB
Dirty:               220 kB
Writeback:             0 kB
AnonPages:       2493836 kB
Mapped:           299664 kB
Shmem:            641796 kB
Slab:             154896 kB
SReclaimable:     117052 kB
SUnreclaim:        37844 kB
KernelStack:       10912 kB
PageTables:        43992 kB
NFS_Unstable:          0 kB
Bounce:                0 kB
WritebackTmp:          0 kB
CommitLimit:     5982216 kB
Committed_AS:    8816104 kB
VmallocTotal:   34359738367 kB
VmallocUsed:      400916 kB
VmallocChunk:   34359247732 kB
HardwareCorrupted:     0 kB
AnonHugePages:   1003520 kB
HugePages_Total:       0
HugePages_Free:        0
HugePages_Rsvd:        0
HugePages_Surp:        0
Hugepagesize:       2048 kB
DirectMap4k:      100148 kB
DirectMap2M:     3938304 kB


CPU:total 4 (2 cores per cpu, 2 threads per core) family 6 model 58 stepping 9, cmov, cx8, fxsr, mmx, sse, sse2, sse3, ssse3, sse4.1, sse4.2, popcnt, avx, aes, clmul, erms, ht, tsc, tscinvbit, tscinv

/proc/cpuinfo:
processor	: 0
vendor_id	: GenuineIntel
cpu family	: 6
model		: 58
model name	: Intel(R) Core(TM) i5-3210M CPU @ 2.50GHz
stepping	: 9
microcode	: 0x12
cpu MHz		: 2900.976
cache size	: 3072 KB
physical id	: 0
siblings	: 4
core id		: 0
cpu cores	: 2
apicid		: 0
initial apicid	: 0
fpu		: yes
fpu_exception	: yes
cpuid level	: 13
wp		: yes
flags		: fpu vme de pse tsc msr pae mce cx8 apic sep mtrr pge mca cmov pat pse36 clflush dts acpi mmx fxsr sse sse2 ss ht tm pbe syscall nx rdtscp lm constant_tsc arch_perfmon pebs bts rep_good nopl xtopology nonstop_tsc aperfmperf eagerfpu pni pclmulqdq dtes64 monitor ds_cpl vmx est tm2 ssse3 cx16 xtpr pdcm pcid sse4_1 sse4_2 x2apic popcnt tsc_deadline_timer aes xsave avx f16c rdrand lahf_lm ida arat epb xsaveopt pln pts dtherm tpr_shadow vnmi flexpriority ept vpid fsgsbase smep erms
bogomips	: 4988.63
clflush size	: 64
cache_alignment	: 64
address sizes	: 36 bits physical, 48 bits virtual
power management:

processor	: 1
vendor_id	: GenuineIntel
cpu family	: 6
model		: 58
model name	: Intel(R) Core(TM) i5-3210M CPU @ 2.50GHz
stepping	: 9
microcode	: 0x12
cpu MHz		: 2906.347
cache size	: 3072 KB
physical id	: 0
siblings	: 4
core id		: 0
cpu cores	: 2
apicid		: 1
initial apicid	: 1
fpu		: yes
fpu_exception	: yes
cpuid level	: 13
wp		: yes
flags		: fpu vme de pse tsc msr pae mce cx8 apic sep mtrr pge mca cmov pat pse36 clflush dts acpi mmx fxsr sse sse2 ss ht tm pbe syscall nx rdtscp lm constant_tsc arch_perfmon pebs bts rep_good nopl xtopology nonstop_tsc aperfmperf eagerfpu pni pclmulqdq dtes64 monitor ds_cpl vmx est tm2 ssse3 cx16 xtpr pdcm pcid sse4_1 sse4_2 x2apic popcnt tsc_deadline_timer aes xsave avx f16c rdrand lahf_lm ida arat epb xsaveopt pln pts dtherm tpr_shadow vnmi flexpriority ept vpid fsgsbase smep erms
bogomips	: 4988.63
clflush size	: 64
cache_alignment	: 64
address sizes	: 36 bits physical, 48 bits virtual
power management:

processor	: 2
vendor_id	: GenuineIntel
cpu family	: 6
model		: 58
model name	: Intel(R) Core(TM) i5-3210M CPU @ 2.50GHz
stepping	: 9
microcode	: 0x12
cpu MHz		: 2904.687
cache size	: 3072 KB
physical id	: 0
siblings	: 4
core id		: 1
cpu cores	: 2
apicid		: 2
initial apicid	: 2
fpu		: yes
fpu_exception	: yes
cpuid level	: 13
wp		: yes
flags		: fpu vme de pse tsc msr pae mce cx8 apic sep mtrr pge mca cmov pat pse36 clflush dts acpi mmx fxsr sse sse2 ss ht tm pbe syscall nx rdtscp lm constant_tsc arch_perfmon pebs bts rep_good nopl xtopology nonstop_tsc aperfmperf eagerfpu pni pclmulqdq dtes64 monitor ds_cpl vmx est tm2 ssse3 cx16 xtpr pdcm pcid sse4_1 sse4_2 x2apic popcnt tsc_deadline_timer aes xsave avx f16c rdrand lahf_lm ida arat epb xsaveopt pln pts dtherm tpr_shadow vnmi flexpriority ept vpid fsgsbase smep erms
bogomips	: 4988.63
clflush size	: 64
cache_alignment	: 64
address sizes	: 36 bits physical, 48 bits virtual
power management:

processor	: 3
vendor_id	: GenuineIntel
cpu family	: 6
model		: 58
model name	: Intel(R) Core(TM) i5-3210M CPU @ 2.50GHz
stepping	: 9
microcode	: 0x12
cpu MHz		: 2900.000
cache size	: 3072 KB
physical id	: 0
siblings	: 4
core id		: 1
cpu cores	: 2
apicid		: 3
initial apicid	: 3
fpu		: yes
fpu_exception	: yes
cpuid level	: 13
wp		: yes
flags		: fpu vme de pse tsc msr pae mce cx8 apic sep mtrr pge mca cmov pat pse36 clflush dts acpi mmx fxsr sse sse2 ss ht tm pbe syscall nx rdtscp lm constant_tsc arch_perfmon pebs bts rep_good nopl xtopology nonstop_tsc aperfmperf eagerfpu pni pclmulqdq dtes64 monitor ds_cpl vmx est tm2 ssse3 cx16 xtpr pdcm pcid sse4_1 sse4_2 x2apic popcnt tsc_deadline_timer aes xsave avx f16c rdrand lahf_lm ida arat epb xsaveopt pln pts dtherm tpr_shadow vnmi flexpriority ept vpid fsgsbase smep erms
bogomips	: 4988.63
clflush size	: 64
cache_alignment	: 64
address sizes	: 36 bits physical, 48 bits virtual
power management:



Memory: 4k page, physical 3891224k(244256k free), swap 4036604k(2953380k free)

vm_info: Java HotSpot(TM) 64-Bit Server VM (25.45-b02) for linux-amd64 JRE (1.8.0_45-b14), built on Apr 10 2015 10:07:45 by "java_re" with gcc 4.3.0 20080428 (Red Hat 4.3.0-8)

time: Sun Nov 29 18:07:15 2015
elapsed time: 9 seconds (0d 0h 0m 9s)

