#
# A fatal error has been detected by the Java Runtime Environment:
#
#  SIGSEGV (0xb) at pc=0x00007f9943946522, pid=9899, tid=140297397917440
#
# JRE version: Java(TM) SE Runtime Environment (8.0_45-b14) (build 1.8.0_45-b14)
# Java VM: Java HotSpot(TM) 64-Bit Server VM (25.45-b02 mixed mode linux-amd64 compressed oops)
# Problematic frame:
# C  [i965_dri.so+0x2fb522]
#
# Failed to write core dump. Core dumps have been disabled. To enable core dumping, try "ulimit -c unlimited" before starting Java again
#
# If you would like to submit a bug report, please visit:
#   http://bugreport.java.com/bugreport/crash.jsp
# The crash happened outside the Java Virtual Machine in native code.
# See problematic frame for where to report the bug.
#

---------------  T H R E A D  ---------------

Current thread (0x00007f995c003000):  JavaThread "AWT-EventQueue-1" [_thread_in_native, id=9926, stack(0x00007f998880d000,0x00007f998890e000)]

siginfo: si_signo: 11 (SIGSEGV), si_code: 1 (SEGV_MAPERR), si_addr: 0x000000000000c540

Registers:
RAX=0x00007f9943946510, RBX=0x000000000000c000, RCX=0x0000000000000000, RDX=0x0000000000000001
RSP=0x00007f998890b4f0, RBP=0x0000000000000000, RSI=0x00007f9958fcc2c0, RDI=0x0000000100000000
R8 =0x0000000000000000, R9 =0x00007f994af9f710, R10=0x00007f99a8cf6587, R11=0x00000000c51411e0
R12=0x00007f994c11fe60, R13=0x00007f994c11e970, R14=0x00007f994c130360, R15=0x0000000000000000
RIP=0x00007f9943946522, EFLAGS=0x0000000000010206, CSGSFS=0x0000000000000033, ERR=0x0000000000000004
  TRAPNO=0x000000000000000e

Top of Stack: (sp=0x00007f998890b4f0)
0x00007f998890b4f0:   0000000000000000 00007f9958fcc1d0
0x00007f998890b500:   0000000000000000 00007f994c11fe60
0x00007f998890b510:   00007f994c11e970 00007f994af9f7b2
0x00007f998890b520:   00007f998890b550 00007f9900000000
0x00007f998890b530:   0000000000000000 0000000000000000
0x00007f998890b540:   0000000001c00053 00007f994af70b31
0x00007f998890b550:   00007f9958fcc1d0 46244284dbf36100
0x00007f998890b560:   0000000001c00053 00007f994af70b60
0x00007f998890b570:   00007f998890b5e0 0000000000000000
0x00007f998890b580:   00000000c51411e0 00007f998890b620
0x00007f998890b590:   00007f995c003000 00007f99496ad849
0x00007f998890b5a0:   0000001800000000 00007f994af70b60
0x00007f998890b5b0:   0000000001c00053 00007f994c11d320
0x00007f998890b5c0:   00007f998890b620 00007f995c0031f8
0x00007f998890b5d0:   0000000000000000 00007f994af70b60
0x00007f998890b5e0:   00007f998890b630 00007f99a8cf65fd
0x00007f998890b5f0:   000000000162a07f 00007f995c0031f8
0x00007f998890b600:   00007f998890b6a8 00000000c51411e0
0x00007f998890b610:   00007f998890b640 00007f99bd36eb62
0x00007f998890b620:   00000000c51ffce8 000000000000000c
0x00007f998890b630:   00007f998890b888 00007f99a8f924d4
0x00007f998890b640:   00007f998890b690 00007f994b9fbe40
0x00007f998890b650:   00007f998890b690 00007f998890b6a8
0x00007f998890b660:   00007f998890b6a0 00007f995c0031f8
0x00007f998890b670:   00007f998890b6a0 00007f9959b68c30
0x00007f998890b680:   00007f9959b68c30 000000000000000c
0x00007f998890b690:   00007f998890b6e0 00007f99a8cfd73c
0x00007f998890b6a0:   00000000efc214b0 00000000efc21470
0x00007f998890b6b0:   00000000c5141250 00000000c4da65a8
0x00007f998890b6c0:   00000000efc21520 00000000c5135fc0
0x00007f998890b6d0:   00000000c50103b0 00007f99a881f3db
0x00007f998890b6e0:   00000000c51411e0 00007f99a9011c3c 

Instructions: (pc=0x00007f9943946522)
0x00007f9943946502:   41 5c c3 66 66 2e 0f 1f 84 00 00 00 00 00 41 55
0x00007f9943946512:   41 54 55 53 48 83 ec 08 48 8b 1f 48 85 db 74 41
0x00007f9943946522:   f6 83 40 05 00 00 01 89 cd 41 89 d5 49 89 f4 75
0x00007f9943946532:   75 41 83 e5 01 75 5f 83 e5 fd 74 32 48 8d 35 bb 

Register to memory mapping:

RAX=0x00007f9943946510: <offset 0x2fb510> in /usr/lib/x86_64-linux-gnu/dri/i965_dri.so at 0x00007f994364b000
RBX=0x000000000000c000 is an unknown value
RCX=0x0000000000000000 is an unknown value
RDX=0x0000000000000001 is an unknown value
RSP=0x00007f998890b4f0 is pointing into the stack for thread: 0x00007f995c003000
RBP=0x0000000000000000 is an unknown value
RSI=0x00007f9958fcc2c0 is an unknown value
RDI=0x0000000100000000 is pointing into metadata
R8 =0x0000000000000000 is an unknown value
R9 =0x00007f994af9f710: <offset 0x4b710> in /usr/lib/x86_64-linux-gnu/mesa/libGL.so.1 at 0x00007f994af54000
R10=0x00007f99a8cf6587 is at entry_point+71 in (nmethod*)0x00007f99a8cf63d0
R11=0x00000000c51411e0 is an oop
jogamp.nativewindow.jawt.x11.X11JAWTWindow 
 - klass: 'jogamp/nativewindow/jawt/x11/X11JAWTWindow'
R12=0x00007f994c11fe60 is an unknown value
R13=0x00007f994c11e970 is an unknown value
R14=0x00007f994c130360 is an unknown value
R15=0x0000000000000000 is an unknown value


Stack: [0x00007f998880d000,0x00007f998890e000],  sp=0x00007f998890b4f0,  free space=1017k
Native frames: (J=compiled Java code, j=interpreted, Vv=VM code, C=native code)
C  [i965_dri.so+0x2fb522]

Java frames: (J=compiled Java code, j=interpreted, Vv=VM code)
J 2537  jogamp.opengl.x11.glx.GLX.dispatch_glXSwapBuffers0(JJJ)V (0 bytes) @ 0x00007f99a8cf6587 [0x00007f99a8cf6540+0x47]
J 2536 C1 jogamp.opengl.x11.glx.GLX.glXSwapBuffers(JJ)V (45 bytes) @ 0x00007f99a8f924d4 [0x00007f99a8f91b20+0x9b4]
J 2535 C1 jogamp.opengl.x11.glx.X11GLXDrawable.swapBuffersImpl(Z)V (21 bytes) @ 0x00007f99a8f8d1c4 [0x00007f99a8f8cf20+0x2a4]
J 2534 C1 jogamp.opengl.GLDrawableImpl.swapBuffers()V (138 bytes) @ 0x00007f99a8f90694 [0x00007f99a8f8ffe0+0x6b4]
j  javax.media.opengl.awt.GLCanvas$12.run()V+45
J 2764 C1 java.awt.event.InvocationEvent.dispatch()V (69 bytes) @ 0x00007f99a8e8480c [0x00007f99a8e846c0+0x14c]
J 2716 C2 java.awt.EventQueue$3.run()Ljava/lang/Object; (5 bytes) @ 0x00007f99a902dcd0 [0x00007f99a902dc00+0xd0]
v  ~StubRoutines::call_stub
J 518  java.security.AccessController.doPrivileged(Ljava/security/PrivilegedAction;Ljava/security/AccessControlContext;)Ljava/lang/Object; (0 bytes) @ 0x00007f99a89e34a3 [0x00007f99a89e3440+0x63]
J 2735 C2 java.awt.EventDispatchThread.pumpOneEventForFilters(I)V (295 bytes) @ 0x00007f99a9063050 [0x00007f99a9062ce0+0x370]
j  java.awt.EventDispatchThread.pumpEventsForFilter(ILjava/awt/Conditional;Ljava/awt/EventFilter;)V+35
j  java.awt.EventDispatchThread.pumpEventsForHierarchy(ILjava/awt/Conditional;Ljava/awt/Component;)V+11
j  java.awt.EventDispatchThread.pumpEvents(ILjava/awt/Conditional;)V+4
j  java.awt.EventDispatchThread.pumpEvents(Ljava/awt/Conditional;)V+3
j  java.awt.EventDispatchThread.run()V+9
v  ~StubRoutines::call_stub

---------------  P R O C E S S  ---------------

Java Threads: ( => current thread )
  0x00007f9959eed000 JavaThread "Thread-19" [_thread_blocked, id=10088, stack(0x00007f9933a7f000,0x00007f9933b80000)]
  0x00007f994c108800 JavaThread "Animation Thread-SharedResourceRunner" daemon [_thread_blocked, id=9936, stack(0x00007f99881a2000,0x00007f99882a3000)]
  0x00007f995c009000 JavaThread "Animation Thread" [_thread_blocked, id=9927, stack(0x00007f99884e7000,0x00007f99885e8000)]
=>0x00007f995c003000 JavaThread "AWT-EventQueue-1" [_thread_in_native, id=9926, stack(0x00007f998880d000,0x00007f998890e000)]
  0x00007f99b800a000 JavaThread "DestroyJavaVM" [_thread_blocked, id=9900, stack(0x00007f99be763000,0x00007f99be864000)]
  0x00007f99b829f800 JavaThread "AWT-EventQueue-0" [_thread_blocked, id=9924, stack(0x00007f9988fb5000,0x00007f99890b6000)]
  0x00007f99b829d000 JavaThread "AWT-Shutdown" [_thread_blocked, id=9923, stack(0x00007f99890b6000,0x00007f99891b7000)]
  0x00007f99b8285000 JavaThread "thread applet-module4.EarthquakeCityMap.class" [_thread_blocked, id=9922, stack(0x00007f99891b7000,0x00007f99892b8000)]
  0x00007f99b8278000 JavaThread "AWT-XAWT" daemon [_thread_blocked, id=9920, stack(0x00007f99892b8000,0x00007f99893b9000)]
  0x00007f99b825a000 JavaThread "Java2D Disposer" daemon [_thread_blocked, id=9919, stack(0x00007f99897c9000,0x00007f99898ca000)]
  0x00007f99b80c3000 JavaThread "Service Thread" daemon [_thread_blocked, id=9917, stack(0x00007f998b51a000,0x00007f998b61b000)]
  0x00007f99b80be000 JavaThread "C1 CompilerThread2" daemon [_thread_blocked, id=9916, stack(0x00007f998b61b000,0x00007f998b71c000)]
  0x00007f99b80bc000 JavaThread "C2 CompilerThread1" daemon [_thread_blocked, id=9915, stack(0x00007f998b71c000,0x00007f998b81d000)]
  0x00007f99b80b9000 JavaThread "C2 CompilerThread0" daemon [_thread_blocked, id=9914, stack(0x00007f998b81d000,0x00007f998b91e000)]
  0x00007f99b80b7800 JavaThread "Signal Dispatcher" daemon [_thread_blocked, id=9913, stack(0x00007f99a4062000,0x00007f99a4163000)]
  0x00007f99b807f800 JavaThread "Finalizer" daemon [_thread_blocked, id=9912, stack(0x00007f99a4163000,0x00007f99a4264000)]
  0x00007f99b807d800 JavaThread "Reference Handler" daemon [_thread_blocked, id=9911, stack(0x00007f99a4264000,0x00007f99a4365000)]

Other Threads:
  0x00007f99b8078800 VMThread [stack: 0x00007f99a4365000,0x00007f99a4466000] [id=9910]
  0x00007f99b80c5800 WatcherThread [stack: 0x00007f998b419000,0x00007f998b51a000] [id=9918]

VM state:not at safepoint (normal execution)

VM Mutex/Monitor currently owned by a thread: None

Heap:
 PSYoungGen      total 132608K, used 62486K [0x00000000ec300000, 0x00000000f5780000, 0x0000000100000000)
  eden space 130560K, 46% used [0x00000000ec300000,0x00000000efe557e8,0x00000000f4280000)
  from space 2048K, 84% used [0x00000000f4800000,0x00000000f49b0070,0x00000000f4a00000)
  to   space 10752K, 0% used [0x00000000f4d00000,0x00000000f4d00000,0x00000000f5780000)
 ParOldGen       total 45568K, used 14780K [0x00000000c4800000, 0x00000000c7480000, 0x00000000ec300000)
  object space 45568K, 32% used [0x00000000c4800000,0x00000000c566f3b8,0x00000000c7480000)
 Metaspace       used 21146K, capacity 21365K, committed 21808K, reserved 1069056K
  class space    used 1993K, capacity 2052K, committed 2176K, reserved 1048576K

Card table byte_map: [0x00007f99a8216000,0x00007f99a83f3000] byte_map_base: 0x00007f99a7bf2000

Marking Bits: (ParMarkBitMap*) 0x00007f99bdc35760
 Begin Bits: [0x00007f99a6052000, 0x00007f99a6f32000)
 End Bits:   [0x00007f99a6f32000, 0x00007f99a7e12000)

Polling page: 0x00007f99be87c000

CodeCache: size=245760Kb used=8906Kb max_used=8927Kb free=236853Kb
 bounds [0x00007f99a87b3000, 0x00007f99a9083000, 0x00007f99b77b3000]
 total_blobs=3408 nmethods=2441 adapters=880
 compilation: enabled

Compilation events (10 events):
Event: 208.628 Thread 0x00007f99b80be000 2764   !   3       java.awt.event.InvocationEvent::dispatch (69 bytes)
Event: 208.630 Thread 0x00007f99b80be000 nmethod 2764 0x00007f99a8e84510 code [0x00007f99a8e846c0, 0x00007f99a8e84d18]
Event: 208.701 Thread 0x00007f99b80be000 2765   !   3       java.awt.event.InvocationEvent::finishedDispatching (53 bytes)
Event: 208.702 Thread 0x00007f99b80be000 nmethod 2765 0x00007f99a8e83cd0 code [0x00007f99a8e83e60, 0x00007f99a8e84358]
Event: 208.748 Thread 0x00007f99b80be000 2766       3       processing.core.PApplet::dequeueEvents (66 bytes)
Event: 208.750 Thread 0x00007f99b80be000 nmethod 2766 0x00007f99a8e82fd0 code [0x00007f99a8e831a0, 0x00007f99a8e83a68]
Event: 210.206 Thread 0x00007f99b80bc000 2767   !   4       javax.media.opengl.awt.GLCanvas$11::run (95 bytes)
Event: 210.235 Thread 0x00007f99b80bc000 nmethod 2767 0x00007f99a8e7da10 code [0x00007f99a8e7dc00, 0x00007f99a8e7eb28]
Event: 210.369 Thread 0x00007f99b80be000 2768       3       sun.java2d.xr.MutableInteger::equals (27 bytes)
Event: 210.370 Thread 0x00007f99b80be000 nmethod 2768 0x00007f99a9059750 code [0x00007f99a90598e0, 0x00007f99a9059cf0]

GC Heap History (10 events):
Event: 5.532 GC heap before
{Heap before GC invocations=6 (full 1):
 PSYoungGen      total 64000K, used 2546K [0x00000000ec300000, 0x00000000f5100000, 0x0000000100000000)
  eden space 61440K, 0% used [0x00000000ec300000,0x00000000ec300000,0x00000000eff00000)
  from space 2560K, 99% used [0x00000000eff00000,0x00000000f017c8b0,0x00000000f0180000)
  to   space 11264K, 0% used [0x00000000f4600000,0x00000000f4600000,0x00000000f5100000)
 ParOldGen       total 40960K, used 15872K [0x00000000c4800000, 0x00000000c7000000, 0x00000000ec300000)
  object space 40960K, 38% used [0x00000000c4800000,0x00000000c5780190,0x00000000c7000000)
 Metaspace       used 20843K, capacity 21045K, committed 21296K, reserved 1069056K
  class space    used 1988K, capacity 2052K, committed 2176K, reserved 1048576K
Event: 5.596 GC heap after
Heap after GC invocations=6 (full 1):
 PSYoungGen      total 64000K, used 0K [0x00000000ec300000, 0x00000000f5100000, 0x0000000100000000)
  eden space 61440K, 0% used [0x00000000ec300000,0x00000000ec300000,0x00000000eff00000)
  from space 2560K, 0% used [0x00000000eff00000,0x00000000eff00000,0x00000000f0180000)
  to   space 11264K, 0% used [0x00000000f4600000,0x00000000f4600000,0x00000000f5100000)
 ParOldGen       total 45568K, used 14756K [0x00000000c4800000, 0x00000000c7480000, 0x00000000ec300000)
  object space 45568K, 32% used [0x00000000c4800000,0x00000000c56693b8,0x00000000c7480000)
 Metaspace       used 20843K, capacity 21045K, committed 21296K, reserved 1069056K
  class space    used 1988K, capacity 2052K, committed 2176K, reserved 1048576K
}
Event: 19.954 GC heap before
{Heap before GC invocations=7 (full 1):
 PSYoungGen      total 64000K, used 61440K [0x00000000ec300000, 0x00000000f5100000, 0x0000000100000000)
  eden space 61440K, 100% used [0x00000000ec300000,0x00000000eff00000,0x00000000eff00000)
  from space 2560K, 0% used [0x00000000eff00000,0x00000000eff00000,0x00000000f0180000)
  to   space 11264K, 0% used [0x00000000f4600000,0x00000000f4600000,0x00000000f5100000)
 ParOldGen       total 45568K, used 14756K [0x00000000c4800000, 0x00000000c7480000, 0x00000000ec300000)
  object space 45568K, 32% used [0x00000000c4800000,0x00000000c56693b8,0x00000000c7480000)
 Metaspace       used 21096K, capacity 21301K, committed 21552K, reserved 1069056K
  class space    used 1988K, capacity 2052K, committed 2176K, reserved 1048576K
Event: 19.957 GC heap after
Heap after GC invocations=7 (full 1):
 PSYoungGen      total 95744K, used 1696K [0x00000000ec300000, 0x00000000f4800000, 0x0000000100000000)
  eden space 93696K, 0% used [0x00000000ec300000,0x00000000ec300000,0x00000000f1e80000)
  from space 2048K, 82% used [0x00000000f4600000,0x00000000f47a8070,0x00000000f4800000)
  to   space 11264K, 0% used [0x00000000f3200000,0x00000000f3200000,0x00000000f3d00000)
 ParOldGen       total 45568K, used 14764K [0x00000000c4800000, 0x00000000c7480000, 0x00000000ec300000)
  object space 45568K, 32% used [0x00000000c4800000,0x00000000c566b3b8,0x00000000c7480000)
 Metaspace       used 21096K, capacity 21301K, committed 21552K, reserved 1069056K
  class space    used 1988K, capacity 2052K, committed 2176K, reserved 1048576K
}
Event: 95.181 GC heap before
{Heap before GC invocations=8 (full 1):
 PSYoungGen      total 95744K, used 95392K [0x00000000ec300000, 0x00000000f4800000, 0x0000000100000000)
  eden space 93696K, 100% used [0x00000000ec300000,0x00000000f1e80000,0x00000000f1e80000)
  from space 2048K, 82% used [0x00000000f4600000,0x00000000f47a8070,0x00000000f4800000)
  to   space 11264K, 0% used [0x00000000f3200000,0x00000000f3200000,0x00000000f3d00000)
 ParOldGen       total 45568K, used 14764K [0x00000000c4800000, 0x00000000c7480000, 0x00000000ec300000)
  object space 45568K, 32% used [0x00000000c4800000,0x00000000c566b3b8,0x00000000c7480000)
 Metaspace       used 21102K, capacity 21301K, committed 21552K, reserved 1069056K
  class space    used 1988K, capacity 2052K, committed 2176K, reserved 1048576K
Event: 95.189 GC heap after
Heap after GC invocations=8 (full 1):
 PSYoungGen      total 124928K, used 1728K [0x00000000ec300000, 0x00000000f5e00000, 0x0000000100000000)
  eden space 113664K, 0% used [0x00000000ec300000,0x00000000ec300000,0x00000000f3200000)
  from space 11264K, 15% used [0x00000000f3200000,0x00000000f33b0070,0x00000000f3d00000)
  to   space 11264K, 0% used [0x00000000f5300000,0x00000000f5300000,0x00000000f5e00000)
 ParOldGen       total 45568K, used 14772K [0x00000000c4800000, 0x00000000c7480000, 0x00000000ec300000)
  object space 45568K, 32% used [0x00000000c4800000,0x00000000c566d3b8,0x00000000c7480000)
 Metaspace       used 21102K, capacity 21301K, committed 21552K, reserved 1069056K
  class space    used 1988K, capacity 2052K, committed 2176K, reserved 1048576K
}
Event: 135.609 GC heap before
{Heap before GC invocations=9 (full 1):
 PSYoungGen      total 124928K, used 115392K [0x00000000ec300000, 0x00000000f5e00000, 0x0000000100000000)
  eden space 113664K, 100% used [0x00000000ec300000,0x00000000f3200000,0x00000000f3200000)
  from space 11264K, 15% used [0x00000000f3200000,0x00000000f33b0070,0x00000000f3d00000)
  to   space 11264K, 0% used [0x00000000f5300000,0x00000000f5300000,0x00000000f5e00000)
 ParOldGen       total 45568K, used 14772K [0x00000000c4800000, 0x00000000c7480000, 0x00000000ec300000)
  object space 45568K, 32% used [0x00000000c4800000,0x00000000c566d3b8,0x00000000c7480000)
 Metaspace       used 21103K, capacity 21301K, committed 21552K, reserved 1069056K
  class space    used 1989K, capacity 2052K, committed 2176K, reserved 1048576K
Event: 135.621 GC heap after
Heap after GC invocations=9 (full 1):
 PSYoungGen      total 147456K, used 1696K [0x00000000ec300000, 0x00000000f7300000, 0x0000000100000000)
  eden space 136192K, 0% used [0x00000000ec300000,0x00000000ec300000,0x00000000f4800000)
  from space 11264K, 15% used [0x00000000f5300000,0x00000000f54a8070,0x00000000f5e00000)
  to   space 11264K, 0% used [0x00000000f4800000,0x00000000f4800000,0x00000000f5300000)
 ParOldGen       total 45568K, used 14772K [0x00000000c4800000, 0x00000000c7480000, 0x00000000ec300000)
  object space 45568K, 32% used [0x00000000c4800000,0x00000000c566d3b8,0x00000000c7480000)
 Metaspace       used 21103K, capacity 21301K, committed 21552K, reserved 1069056K
  class space    used 1989K, capacity 2052K, committed 2176K, reserved 1048576K
}
Event: 184.294 GC heap before
{Heap before GC invocations=10 (full 1):
 PSYoungGen      total 147456K, used 137888K [0x00000000ec300000, 0x00000000f7300000, 0x0000000100000000)
  eden space 136192K, 100% used [0x00000000ec300000,0x00000000f4800000,0x00000000f4800000)
  from space 11264K, 15% used [0x00000000f5300000,0x00000000f54a8070,0x00000000f5e00000)
  to   space 11264K, 0% used [0x00000000f4800000,0x00000000f4800000,0x00000000f5300000)
 ParOldGen       total 45568K, used 14772K [0x00000000c4800000, 0x00000000c7480000, 0x00000000ec300000)
  object space 45568K, 32% used [0x00000000c4800000,0x00000000c566d3b8,0x00000000c7480000)
 Metaspace       used 21104K, capacity 21301K, committed 21552K, reserved 1069056K
  class space    used 1989K, capacity 2052K, committed 2176K, reserved 1048576K
Event: 184.304 GC heap after
Heap after GC invocations=10 (full 1):
 PSYoungGen      total 132608K, used 1728K [0x00000000ec300000, 0x00000000f5780000, 0x0000000100000000)
  eden space 130560K, 0% used [0x00000000ec300000,0x00000000ec300000,0x00000000f4280000)
  from space 2048K, 84% used [0x00000000f4800000,0x00000000f49b0070,0x00000000f4a00000)
  to   space 10752K, 0% used [0x00000000f4d00000,0x00000000f4d00000,0x00000000f5780000)
 ParOldGen       total 45568K, used 14780K [0x00000000c4800000, 0x00000000c7480000, 0x00000000ec300000)
  object space 45568K, 32% used [0x00000000c4800000,0x00000000c566f3b8,0x00000000c7480000)
 Metaspace       used 21104K, capacity 21301K, committed 21552K, reserved 1069056K
  class space    used 1989K, capacity 2052K, committed 2176K, reserved 1048576K
}

Deoptimization events (10 events):
Event: 47.173 Thread 0x00007f99b8285000 Uncommon trap: reason=unstable_if action=reinterpret pc=0x00007f99a8ea3204 method=java.awt.Font.equals(Ljava/lang/Object;)Z @ 2
Event: 89.629 Thread 0x00007f995c003000 Uncommon trap: reason=unstable_if action=reinterpret pc=0x00007f99a8d45900 method=java.awt.EventQueue.isDispatchThreadImpl()Z @ 65
Event: 200.721 Thread 0x00007f995c009000 Uncommon trap: reason=unstable_if action=reinterpret pc=0x00007f99a901bcac method=sun.awt.PostEventQueue.flush()V @ 23
Event: 200.917 Thread 0x00007f99b8278000 Uncommon trap: reason=unstable_if action=reinterpret pc=0x00007f99a8d12c04 method=java.util.HashMap.removeNode(ILjava/lang/Object;Ljava/lang/Object;ZZ)Ljava/util/HashMap$Node; @ 46
Event: 200.925 Thread 0x00007f995c003000 Uncommon trap: reason=unstable_if action=reinterpret pc=0x00007f99a9027710 method=java.awt.event.InvocationEvent.dispatch()V @ 4
Event: 200.926 Thread 0x00007f995c003000 Uncommon trap: reason=unstable_if action=reinterpret pc=0x00007f99a8d62a28 method=java.awt.event.InvocationEvent.finishedDispatching(Z)V @ 9
Event: 200.926 Thread 0x00007f995c003000 Uncommon trap: reason=unstable_if action=reinterpret pc=0x00007f99a9009344 method=java.awt.EventQueue.setCurrentEventAndMostRecentTimeImpl(Ljava/awt/AWTEvent;)V @ 49
Event: 201.096 Thread 0x00007f995c003000 Uncommon trap: reason=unstable_if action=reinterpret pc=0x00007f99a8d3f1b4 method=processing.core.PApplet$InternalEventQueue.available()Z @ 4
Event: 201.097 Thread 0x00007f995c003000 Uncommon trap: reason=unstable_if action=reinterpret pc=0x00007f99a88de480 method=java.lang.reflect.Method.invoke(Ljava/lang/Object;[Ljava/lang/Object;)Ljava/lang/Object; @ 45
Event: 201.721 Thread 0x00007f995c003000 Uncommon trap: reason=unstable_if action=reinterpret pc=0x00007f99a8e48db0 method=java.awt.EventQueue.noEvents()Z @ 16

Internal exceptions (10 events):
Event: 1.890 Thread 0x00007f995c003000 Exception <a 'java/lang/reflect/InvocationTargetException'> (0x00000000eda893a0) thrown at [/RE-WORK/workspace/8-2-build-linux-amd64/jdk8u45/3457/hotspot/src/share/vm/runtime/reflection.cpp, line 1080]
Event: 1.894 Thread 0x00007f995c003000 Exception <a 'java/lang/reflect/InvocationTargetException'> (0x00000000eda8ab10) thrown at [/RE-WORK/workspace/8-2-build-linux-amd64/jdk8u45/3457/hotspot/src/share/vm/runtime/reflection.cpp, line 1080]
Event: 2.435 Thread 0x00007f995c003000 Exception <a 'java/lang/reflect/InvocationTargetException'> (0x00000000ec6e1140) thrown at [/RE-WORK/workspace/8-2-build-linux-amd64/jdk8u45/3457/hotspot/src/share/vm/runtime/reflection.cpp, line 1080]
Event: 2.444 Thread 0x00007f995c003000 Exception <a 'java/lang/reflect/InvocationTargetException'> (0x00000000ec6e2c00) thrown at [/RE-WORK/workspace/8-2-build-linux-amd64/jdk8u45/3457/hotspot/src/share/vm/runtime/reflection.cpp, line 1080]
Event: 2.467 Thread 0x00007f995c003000 Exception <a 'java/lang/reflect/InvocationTargetException'> (0x00000000ec7c9af0) thrown at [/RE-WORK/workspace/8-2-build-linux-amd64/jdk8u45/3457/hotspot/src/share/vm/runtime/reflection.cpp, line 1080]
Event: 2.468 Thread 0x00007f995c003000 Exception <a 'java/lang/reflect/InvocationTargetException'> (0x00000000ec7ca5b0) thrown at [/RE-WORK/workspace/8-2-build-linux-amd64/jdk8u45/3457/hotspot/src/share/vm/runtime/reflection.cpp, line 1080]
Event: 2.503 Thread 0x00007f995c003000 Exception <a 'java/lang/reflect/InvocationTargetException'> (0x00000000ec7ff250) thrown at [/RE-WORK/workspace/8-2-build-linux-amd64/jdk8u45/3457/hotspot/src/share/vm/runtime/reflection.cpp, line 1080]
Event: 2.503 Thread 0x00007f995c003000 Exception <a 'java/lang/reflect/InvocationTargetException'> (0x00000000ec7ffd18) thrown at [/RE-WORK/workspace/8-2-build-linux-amd64/jdk8u45/3457/hotspot/src/share/vm/runtime/reflection.cpp, line 1080]
Event: 2.520 Thread 0x00007f995c003000 Exception <a 'java/lang/reflect/InvocationTargetException'> (0x00000000ec8367b0) thrown at [/RE-WORK/workspace/8-2-build-linux-amd64/jdk8u45/3457/hotspot/src/share/vm/runtime/reflection.cpp, line 1080]
Event: 201.096 Thread 0x00007f995c003000 Implicit null exception at 0x00007f99a88de3b7 to 0x00007f99a88de465

Events (10 events):
Event: 201.096 Thread 0x00007f995c003000 DEOPT UNPACKING pc=0x00007f99a87b8229 sp=0x00007f998890b510 mode 2
Event: 201.096 Thread 0x00007f995c003000 Uncommon trap: trap_request=0xffffff65 fr.pc=0x00007f99a88de480
Event: 201.097 Thread 0x00007f995c003000 DEOPT PACKING pc=0x00007f99a88de480 sp=0x00007f998890b3d0
Event: 201.097 Thread 0x00007f995c003000 DEOPT UNPACKING pc=0x00007f99a87b8229 sp=0x00007f998890b3a0 mode 2
Event: 201.721 Thread 0x00007f995c003000 Uncommon trap: trap_request=0xffffff65 fr.pc=0x00007f99a8e48db0
Event: 201.721 Thread 0x00007f995c003000 DEOPT PACKING pc=0x00007f99a8e48db0 sp=0x00007f998890c180
Event: 201.721 Thread 0x00007f995c003000 DEOPT UNPACKING pc=0x00007f99a87b8229 sp=0x00007f998890c0f8 mode 2
Event: 210.318 loading class sun/applet/AppletViewer$3
Event: 210.319 loading class sun/applet/AppletViewer$3 done
Event: 210.319 Thread 0x00007f9959eed000 Thread added: 0x00007f9959eed000


Dynamic libraries:
00400000-00401000 r-xp 00000000 08:02 4856071                            /usr/lib/jvm/java-8-oracle/bin/java
00600000-00601000 rw-p 00000000 08:02 4856071                            /usr/lib/jvm/java-8-oracle/bin/java
00614000-00635000 rw-p 00000000 00:00 0                                  [heap]
c4800000-c7480000 rw-p 00000000 00:00 0 
c7480000-ec300000 ---p 00000000 00:00 0 
ec300000-f5780000 rw-p 00000000 00:00 0 
f5780000-100000000 ---p 00000000 00:00 0 
100000000-100220000 rw-p 00000000 00:00 0 
100220000-140000000 ---p 00000000 00:00 0 
7f9918000000-7f9918029000 rw-p 00000000 00:00 0 
7f9918029000-7f991c000000 ---p 00000000 00:00 0 
7f9920000000-7f992002b000 rw-p 00000000 00:00 0 
7f992002b000-7f9924000000 ---p 00000000 00:00 0 
7f9924000000-7f992402b000 rw-p 00000000 00:00 0 
7f992402b000-7f9928000000 ---p 00000000 00:00 0 
7f9928000000-7f9928021000 rw-p 00000000 00:00 0 
7f9928021000-7f992c000000 ---p 00000000 00:00 0 
7f992c000000-7f992c021000 rw-p 00000000 00:00 0 
7f992c021000-7f9930000000 ---p 00000000 00:00 0 
7f993344b000-7f99334bb000 rw-s 00000000 00:04 162102                     /drm mm object (deleted)
7f99334bb000-7f993352b000 rw-s 00000000 00:04 161237                     /drm mm object (deleted)
7f993352b000-7f993359b000 rw-s 00000000 00:04 162101                     /drm mm object (deleted)
7f993359b000-7f993360b000 rw-s 00000000 00:04 162100                     /drm mm object (deleted)
7f993360b000-7f993367b000 rw-s 00000000 00:04 162099                     /drm mm object (deleted)
7f993367b000-7f993367e000 ---p 00000000 00:00 0 
7f993367e000-7f993377c000 rw-p 00000000 00:00 0 
7f993377c000-7f993377f000 ---p 00000000 00:00 0 
7f993377f000-7f993387d000 rw-p 00000000 00:00 0 
7f993387d000-7f9933880000 ---p 00000000 00:00 0 
7f9933880000-7f993397e000 rw-p 00000000 00:00 0 
7f993397e000-7f9933981000 ---p 00000000 00:00 0 
7f9933981000-7f9933a7f000 rw-p 00000000 00:00 0 
7f9933a7f000-7f9933a82000 ---p 00000000 00:00 0 
7f9933a82000-7f9933cac000 rw-p 00000000 00:00 0                          [stack:10088]
7f9933cac000-7f9933d80000 ---p 00000000 00:00 0 
7f9933d80000-7f9934000000 rw-s 00000000 00:04 160518                     /drm mm object (deleted)
7f9934000000-7f9934021000 rw-p 00000000 00:00 0 
7f9934021000-7f9938000000 ---p 00000000 00:00 0 
7f9938000000-7f9938029000 rw-p 00000000 00:00 0 
7f9938029000-7f993c000000 ---p 00000000 00:00 0 
7f993c000000-7f993c021000 rw-p 00000000 00:00 0 
7f993c021000-7f9940000000 ---p 00000000 00:00 0 
7f994001b000-7f994008b000 rw-s 00000000 00:04 162097                     /drm mm object (deleted)
7f994008b000-7f99400fb000 rw-s 00000000 00:04 160522                     /drm mm object (deleted)
7f99400fb000-7f99400fc000 r--s 00000000 08:02 786530                     /var/cache/fontconfig/c05880de57d1f5e948fdfacc138775d9-le64.cache-4
7f99400fc000-7f9940107000 r--s 00000000 08:02 786523                     /var/cache/fontconfig/945677eb7aeaf62f1d50efc3fb3ec7d8-le64.cache-4
7f9940107000-7f994010d000 r--s 00000000 08:02 786507                     /var/cache/fontconfig/2cd17615ca594fa2959ae173292e504c-le64.cache-4
7f994010d000-7f994010e000 r--s 00000000 08:02 786541                     /var/cache/fontconfig/e7071f4a29fa870f4323321c154eba04-le64.cache-4
7f994010e000-7f994010f000 r--s 00000000 08:02 786504                     /var/cache/fontconfig/0d8c3b2ac0904cb8a57a757ad11a4a08-le64.cache-4
7f994010f000-7f9940116000 r--s 00000000 08:02 786527                     /var/cache/fontconfig/a755afe4a08bf5b97852ceb7400b47bc-le64.cache-4
7f9940116000-7f9940117000 r--s 00000000 08:02 786526                     /var/cache/fontconfig/a6354e3ac43af67bd8d7b8e43c34e49f-le64.cache-4
7f9940117000-7f9940118000 r--s 00000000 08:02 786506                     /var/cache/fontconfig/1ac9eb803944fde146138c791f5cc56a-le64.cache-4
7f9940118000-7f994011c000 r--s 00000000 08:02 786510                     /var/cache/fontconfig/385c0604a188198f04d133e54aba7fe7-le64.cache-4
7f994011c000-7f994011d000 r--s 00000000 08:02 786538                     /var/cache/fontconfig/dc05db6664285cc2f12bf69c139ae4c3-le64.cache-4
7f994011d000-7f9940122000 r--s 00000000 08:02 786522                     /var/cache/fontconfig/8801497958630a81b71ace7c5f9b32a8-le64.cache-4
7f9940122000-7f9940129000 r--s 00000000 08:02 786508                     /var/cache/fontconfig/3047814df9a2f067bd2d96a2b9c36e5a-le64.cache-4
7f9940129000-7f994012f000 r--s 00000000 08:02 786528                     /var/cache/fontconfig/b47c4e1ecd0709278f4910c18777a504-le64.cache-4
7f994012f000-7f9940142000 r--s 00000000 08:02 786534                     /var/cache/fontconfig/d52a8644073d54c13679302ca1180695-le64.cache-4
7f9940142000-7f994014b000 r--s 00000000 08:02 786511                     /var/cache/fontconfig/3f7329c5293ffd510edef78f73874cfd-le64.cache-4
7f994014b000-7f9940160000 r--s 00000000 08:02 786537                     /var/cache/fontconfig/da82082e1ef13c4097208324d67c180c-le64.cache-4
7f99401b7000-7f9940437000 rw-s 00000000 00:04 159382                     /drm mm object (deleted)
7f9940457000-7f99404c7000 rw-s 00000000 00:04 160521                     /drm mm object (deleted)
7f99404c7000-7f9940537000 rw-s 00000000 00:04 160520                     /drm mm object (deleted)
7f99405f9000-7f9940669000 rw-s 00000000 00:04 160531                     /drm mm object (deleted)
7f9940669000-7f99406d9000 rw-s 00000000 00:04 162107                     /drm mm object (deleted)
7f99406d9000-7f9940749000 rw-s 00000000 00:04 162098                     /drm mm object (deleted)
7f994078b000-7f99407fb000 rw-s 00000000 00:04 162106                     /drm mm object (deleted)
7f99407fb000-7f994086b000 rw-s 00000000 00:04 162105                     /drm mm object (deleted)
7f994086b000-7f994086d000 r--s 00000000 08:02 786520                     /var/cache/fontconfig/767a8244fc0220cfb567a839d0392e0b-le64.cache-4
7f994086d000-7f994086e000 r--s 00000000 08:02 788870                     /var/cache/fontconfig/4794a0821666d79190d59a36cb4f44b5-le64.cache-4
7f994086e000-7f994086f000 r--s 00000000 08:02 786514                     /var/cache/fontconfig/56cf4f4769d0f4abc89a4895d7bd3ae1-le64.cache-4
7f994086f000-7f9940873000 r--s 00000000 08:02 786535                     /var/cache/fontconfig/d589a48862398ed80a3d6066f4f56f4c-le64.cache-4
7f9940873000-7f9940880000 r--s 00000000 08:02 786637                     /var/cache/fontconfig/e13b20fdb08344e0e664864cc2ede53d-le64.cache-4
7f9940891000-7f9940901000 rw-s 00000000 00:04 161238                     /drm mm object (deleted)
7f9940901000-7f9940981000 rw-s 10a457000 00:05 1552                      /dev/dri/card0
7f9940981000-7f9940b41000 rw-s 00000000 00:04 159398                     /drm mm object (deleted)
7f9940b41000-7f9940b44000 ---p 00000000 00:00 0 
7f9940b44000-7f9940c42000 rw-p 00000000 00:00 0 
7f9940c42000-7f9940c59000 r-xp 00000000 08:02 2621530                    /lib/x86_64-linux-gnu/libresolv-2.19.so
7f9940c59000-7f9940e59000 ---p 00017000 08:02 2621530                    /lib/x86_64-linux-gnu/libresolv-2.19.so
7f9940e59000-7f9940e5a000 r--p 00017000 08:02 2621530                    /lib/x86_64-linux-gnu/libresolv-2.19.so
7f9940e5a000-7f9940e5b000 rw-p 00018000 08:02 2621530                    /lib/x86_64-linux-gnu/libresolv-2.19.so
7f9940e5b000-7f9940e5d000 rw-p 00000000 00:00 0 
7f9940e5d000-7f9940e62000 r-xp 00000000 08:02 2621536                    /lib/x86_64-linux-gnu/libnss_dns-2.19.so
7f9940e62000-7f9941061000 ---p 00005000 08:02 2621536                    /lib/x86_64-linux-gnu/libnss_dns-2.19.so
7f9941061000-7f9941062000 r--p 00004000 08:02 2621536                    /lib/x86_64-linux-gnu/libnss_dns-2.19.so
7f9941062000-7f9941063000 rw-p 00005000 08:02 2621536                    /lib/x86_64-linux-gnu/libnss_dns-2.19.so
7f9941063000-7f9941065000 r-xp 00000000 08:02 2625700                    /lib/x86_64-linux-gnu/libnss_mdns4_minimal.so.2
7f9941065000-7f9941264000 ---p 00002000 08:02 2625700                    /lib/x86_64-linux-gnu/libnss_mdns4_minimal.so.2
7f9941264000-7f9941265000 r--p 00001000 08:02 2625700                    /lib/x86_64-linux-gnu/libnss_mdns4_minimal.so.2
7f9941265000-7f9941266000 rw-p 00002000 08:02 2625700                    /lib/x86_64-linux-gnu/libnss_mdns4_minimal.so.2
7f9941266000-7f9941269000 r-xp 00000000 08:02 2625704                    /lib/x86_64-linux-gnu/libnss_myhostname.so.2
7f9941269000-7f9941468000 ---p 00003000 08:02 2625704                    /lib/x86_64-linux-gnu/libnss_myhostname.so.2
7f9941468000-7f9941469000 r--p 00002000 08:02 2625704                    /lib/x86_64-linux-gnu/libnss_myhostname.so.2
7f9941469000-7f994146a000 rw-p 00003000 08:02 2625704                    /lib/x86_64-linux-gnu/libnss_myhostname.so.2
7f994146a000-7f994146d000 ---p 00000000 00:00 0 
7f994146d000-7f994156b000 rw-p 00000000 00:00 0 
7f994156b000-7f994156e000 ---p 00000000 00:00 0 
7f994156e000-7f994166c000 rw-p 00000000 00:00 0 
7f994166c000-7f994166f000 ---p 00000000 00:00 0 
7f994166f000-7f994176d000 rw-p 00000000 00:00 0 
7f994176d000-7f994192d000 rw-s 00000000 00:04 159386                     /drm mm object (deleted)
7f994192d000-7f99419ed000 rw-s 10b373000 00:05 1552                      /dev/dri/card0
7f99419ed000-7f9941aad000 rw-s 106fc3000 00:05 1552                      /dev/dri/card0
7f9941aad000-7f9941d2d000 rw-s 00000000 00:04 159372                     /drm mm object (deleted)
7f9941d2d000-7f9941fad000 rw-s 00000000 00:04 160498                     /drm mm object (deleted)
7f9941fad000-7f99421ad000 rw-p 00000000 00:00 0 
7f99421ad000-7f994242d000 rw-s 00000000 00:04 162083                     /drm mm object (deleted)
7f994242d000-7f99426ad000 rw-s 00000000 00:04 162082                     /drm mm object (deleted)
7f99426ad000-7f99426e4000 r-xp 00000000 08:02 4858923                    /usr/lib/x86_64-linux-gnu/libtxc_dxtn_s2tc.so.0.0.0
7f99426e4000-7f99428e3000 ---p 00037000 08:02 4858923                    /usr/lib/x86_64-linux-gnu/libtxc_dxtn_s2tc.so.0.0.0
7f99428e3000-7f99428e4000 r--p 00036000 08:02 4858923                    /usr/lib/x86_64-linux-gnu/libtxc_dxtn_s2tc.so.0.0.0
7f99428e4000-7f99428e5000 rw-p 00037000 08:02 4858923                    /usr/lib/x86_64-linux-gnu/libtxc_dxtn_s2tc.so.0.0.0
7f99428e5000-7f99428fd000 r-xp 00000000 08:02 2625786                    /lib/x86_64-linux-gnu/libz.so.1.2.8
7f99428fd000-7f9942afc000 ---p 00018000 08:02 2625786                    /lib/x86_64-linux-gnu/libz.so.1.2.8
7f9942afc000-7f9942afd000 r--p 00017000 08:02 2625786                    /lib/x86_64-linux-gnu/libz.so.1.2.8
7f9942afd000-7f9942afe000 rw-p 00018000 08:02 2625786                    /lib/x86_64-linux-gnu/libz.so.1.2.8
7f9942afe000-7f9942b06000 r-xp 00000000 08:02 4858718                    /usr/lib/x86_64-linux-gnu/libpciaccess.so.0.11.1
7f9942b06000-7f9942d05000 ---p 00008000 08:02 4858718                    /usr/lib/x86_64-linux-gnu/libpciaccess.so.0.11.1
7f9942d05000-7f9942d06000 r--p 00007000 08:02 4858718                    /usr/lib/x86_64-linux-gnu/libpciaccess.so.0.11.1
7f9942d06000-7f9942d07000 rw-p 00008000 08:02 4858718                    /usr/lib/x86_64-linux-gnu/libpciaccess.so.0.11.1
7f9942d07000-7f9942df7000 r-xp 00000000 08:02 4858875                    /usr/lib/x86_64-linux-gnu/libstdc++.so.6.0.20
7f9942df7000-7f9942ff7000 ---p 000f0000 08:02 4858875                    /usr/lib/x86_64-linux-gnu/libstdc++.so.6.0.20
7f9942ff7000-7f9942fff000 r--p 000f0000 08:02 4858875                    /usr/lib/x86_64-linux-gnu/libstdc++.so.6.0.20
7f9942fff000-7f9943001000 rw-p 000f8000 08:02 4858875                    /usr/lib/x86_64-linux-gnu/libstdc++.so.6.0.20
7f9943001000-7f9943016000 rw-p 00000000 00:00 0 
7f9943016000-7f9943022000 r-xp 00000000 08:02 4858206                    /usr/lib/x86_64-linux-gnu/libdrm_radeon.so.1.0.1
7f9943022000-7f9943221000 ---p 0000c000 08:02 4858206                    /usr/lib/x86_64-linux-gnu/libdrm_radeon.so.1.0.1
7f9943221000-7f9943222000 r--p 0000b000 08:02 4858206                    /usr/lib/x86_64-linux-gnu/libdrm_radeon.so.1.0.1
7f9943222000-7f9943223000 rw-p 0000c000 08:02 4858206                    /usr/lib/x86_64-linux-gnu/libdrm_radeon.so.1.0.1
7f9943223000-7f9943229000 r-xp 00000000 08:02 4858204                    /usr/lib/x86_64-linux-gnu/libdrm_nouveau.so.2.0.0
7f9943229000-7f9943428000 ---p 00006000 08:02 4858204                    /usr/lib/x86_64-linux-gnu/libdrm_nouveau.so.2.0.0
7f9943428000-7f9943429000 r--p 00005000 08:02 4858204                    /usr/lib/x86_64-linux-gnu/libdrm_nouveau.so.2.0.0
7f9943429000-7f994342a000 rw-p 00006000 08:02 4858204                    /usr/lib/x86_64-linux-gnu/libdrm_nouveau.so.2.0.0
7f994342a000-7f994344a000 r-xp 00000000 08:02 4858202                    /usr/lib/x86_64-linux-gnu/libdrm_intel.so.1.0.0
7f994344a000-7f9943649000 ---p 00020000 08:02 4858202                    /usr/lib/x86_64-linux-gnu/libdrm_intel.so.1.0.0
7f9943649000-7f994364a000 r--p 0001f000 08:02 4858202                    /usr/lib/x86_64-linux-gnu/libdrm_intel.so.1.0.0
7f994364a000-7f994364b000 rw-p 00020000 08:02 4858202                    /usr/lib/x86_64-linux-gnu/libdrm_intel.so.1.0.0
7f994364b000-7f9943b67000 r-xp 00000000 08:02 5114656                    /usr/lib/x86_64-linux-gnu/dri/i965_dri.so
7f9943b67000-7f9943d66000 ---p 0051c000 08:02 5114656                    /usr/lib/x86_64-linux-gnu/dri/i965_dri.so
7f9943d66000-7f9943d82000 r--p 0051b000 08:02 5114656                    /usr/lib/x86_64-linux-gnu/dri/i965_dri.so
7f9943d82000-7f9943d88000 rw-p 00537000 08:02 5114656                    /usr/lib/x86_64-linux-gnu/dri/i965_dri.so
7f9943d88000-7f9943d93000 rw-p 00000000 00:00 0 
7f9943d93000-7f9943dff000 r-xp 00000000 08:02 2625725                    /lib/x86_64-linux-gnu/libpcre.so.3.13.1
7f9943dff000-7f9943ffe000 ---p 0006c000 08:02 2625725                    /lib/x86_64-linux-gnu/libpcre.so.3.13.1
7f9943ffe000-7f9943fff000 r--p 0006b000 08:02 2625725                    /lib/x86_64-linux-gnu/libpcre.so.3.13.1
7f9943fff000-7f9944000000 rw-p 0006c000 08:02 2625725                    /lib/x86_64-linux-gnu/libpcre.so.3.13.1
7f9944000000-7f9945854000 rw-p 00000000 00:00 0 
7f9945854000-7f9948000000 ---p 00000000 00:00 0 
7f9948000000-7f9948001000 r--s 00000000 08:02 786529                     /var/cache/fontconfig/b9d506c9ac06c20b433354fa67a72993-le64.cache-4
7f9948001000-7f9948002000 r--s 00000000 08:02 786503                     /var/cache/fontconfig/0c9eb80ebd1c36541ebe2852d3bb0c49-le64.cache-4
7f9948002000-7f9948003000 r--s 00000000 08:02 786517                     /var/cache/fontconfig/62f91419b9ebdb6975e7e41ab6412357-le64.cache-4
7f9948003000-7f9948007000 r--s 00000000 08:02 786516                     /var/cache/fontconfig/7ef2298fde41cc6eeb7af42e48b7d293-le64.cache-4
7f994800b000-7f994807b000 rw-s 00000000 00:04 159425                     /drm mm object (deleted)
7f994807b000-7f994813b000 rw-s 10b7fb000 00:05 1552                      /dev/dri/card0
7f994813b000-7f994815c000 r-xp 00000000 08:02 2625752                    /lib/x86_64-linux-gnu/libselinux.so.1
7f994815c000-7f994835b000 ---p 00021000 08:02 2625752                    /lib/x86_64-linux-gnu/libselinux.so.1
7f994835b000-7f994835c000 r--p 00020000 08:02 2625752                    /lib/x86_64-linux-gnu/libselinux.so.1
7f994835c000-7f994835d000 rw-p 00021000 08:02 2625752                    /lib/x86_64-linux-gnu/libselinux.so.1
7f994835d000-7f994835f000 rw-p 00000000 00:00 0 
7f994835f000-7f994836f000 r-xp 00000000 08:02 2625516                    /lib/x86_64-linux-gnu/libudev.so.1.4.0
7f994836f000-7f994856f000 ---p 00010000 08:02 2625516                    /lib/x86_64-linux-gnu/libudev.so.1.4.0
7f994856f000-7f9948570000 r--p 00010000 08:02 2625516                    /lib/x86_64-linux-gnu/libudev.so.1.4.0
7f9948570000-7f9948571000 rw-p 00011000 08:02 2625516                    /lib/x86_64-linux-gnu/libudev.so.1.4.0
7f9948571000-7f9948573000 r-xp 00000000 08:02 4857968                    /usr/lib/x86_64-linux-gnu/libXinerama.so.1.0.0
7f9948573000-7f9948772000 ---p 00002000 08:02 4857968                    /usr/lib/x86_64-linux-gnu/libXinerama.so.1.0.0
7f9948772000-7f9948773000 r--p 00001000 08:02 4857968                    /usr/lib/x86_64-linux-gnu/libXinerama.so.1.0.0
7f9948773000-7f9948774000 rw-p 00002000 08:02 4857968                    /usr/lib/x86_64-linux-gnu/libXinerama.so.1.0.0
7f9948774000-7f99487b9000 r-xp 00000000 08:02 4587544                    /tmp/jogamp_0000/file_cache/jln3862011347708079906/jln6543958295280901659/libjogl_mobile.so
7f99487b9000-7f99489b9000 ---p 00045000 08:02 4587544                    /tmp/jogamp_0000/file_cache/jln3862011347708079906/jln6543958295280901659/libjogl_mobile.so
7f99489b9000-7f99489ba000 rw-p 00045000 08:02 4587544                    /tmp/jogamp_0000/file_cache/jln3862011347708079906/jln6543958295280901659/libjogl_mobile.so
7f99489ba000-7f99489c1000 r-xp 00000000 08:02 4858242                    /usr/lib/x86_64-linux-gnu/libffi.so.6.0.2
7f99489c1000-7f9948bc0000 ---p 00007000 08:02 4858242                    /usr/lib/x86_64-linux-gnu/libffi.so.6.0.2
7f9948bc0000-7f9948bc1000 r--p 00006000 08:02 4858242                    /usr/lib/x86_64-linux-gnu/libffi.so.6.0.2
7f9948bc1000-7f9948bc2000 rw-p 00007000 08:02 4858242                    /usr/lib/x86_64-linux-gnu/libffi.so.6.0.2
7f9948bc2000-7f9948bcf000 r-xp 00000000 08:02 4849854                    /usr/lib/x86_64-linux-gnu/libgbm.so.1.0.0
7f9948bcf000-7f9948dce000 ---p 0000d000 08:02 4849854                    /usr/lib/x86_64-linux-gnu/libgbm.so.1.0.0
7f9948dce000-7f9948dcf000 r--p 0000c000 08:02 4849854                    /usr/lib/x86_64-linux-gnu/libgbm.so.1.0.0
7f9948dcf000-7f9948dd0000 rw-p 0000d000 08:02 4849854                    /usr/lib/x86_64-linux-gnu/libgbm.so.1.0.0
7f9948dd0000-7f9948dde000 r-xp 00000000 08:02 4858976                    /usr/lib/x86_64-linux-gnu/libwayland-server.so.0.1.0
7f9948dde000-7f9948fde000 ---p 0000e000 08:02 4858976                    /usr/lib/x86_64-linux-gnu/libwayland-server.so.0.1.0
7f9948fde000-7f9948fe0000 r--p 0000e000 08:02 4858976                    /usr/lib/x86_64-linux-gnu/libwayland-server.so.0.1.0
7f9948fe0000-7f9948fe1000 rw-p 00010000 08:02 4858976                    /usr/lib/x86_64-linux-gnu/libwayland-server.so.0.1.0
7f9948fe1000-7f9948fec000 r-xp 00000000 08:02 4858970                    /usr/lib/x86_64-linux-gnu/libwayland-client.so.0.2.0
7f9948fec000-7f99491ec000 ---p 0000b000 08:02 4858970                    /usr/lib/x86_64-linux-gnu/libwayland-client.so.0.2.0
7f99491ec000-7f99491ee000 r--p 0000b000 08:02 4858970                    /usr/lib/x86_64-linux-gnu/libwayland-client.so.0.2.0
7f99491ee000-7f99491ef000 rw-p 0000d000 08:02 4858970                    /usr/lib/x86_64-linux-gnu/libwayland-client.so.0.2.0
7f99491ef000-7f99491f4000 r-xp 00000000 08:02 4859022                    /usr/lib/x86_64-linux-gnu/libxcb-xfixes.so.0.0.0
7f99491f4000-7f99493f4000 ---p 00005000 08:02 4859022                    /usr/lib/x86_64-linux-gnu/libxcb-xfixes.so.0.0.0
7f99493f4000-7f99493f5000 r--p 00005000 08:02 4859022                    /usr/lib/x86_64-linux-gnu/libxcb-xfixes.so.0.0.0
7f99493f5000-7f99493f6000 rw-p 00006000 08:02 4859022                    /usr/lib/x86_64-linux-gnu/libxcb-xfixes.so.0.0.0
7f99493f6000-7f994941f000 r-xp 00000000 08:02 5114652                    /usr/lib/x86_64-linux-gnu/mesa-egl/libEGL.so.1.0.0
7f994941f000-7f994961e000 ---p 00029000 08:02 5114652                    /usr/lib/x86_64-linux-gnu/mesa-egl/libEGL.so.1.0.0
7f994961e000-7f994961f000 r--p 00028000 08:02 5114652                    /usr/lib/x86_64-linux-gnu/mesa-egl/libEGL.so.1.0.0
7f994961f000-7f9949620000 rw-p 00029000 08:02 5114652                    /usr/lib/x86_64-linux-gnu/mesa-egl/libEGL.so.1.0.0
7f9949620000-7f9949621000 rw-p 00000000 00:00 0 
7f9949621000-7f99496c6000 r-xp 00000000 08:02 4587543                    /tmp/jogamp_0000/file_cache/jln3862011347708079906/jln6543958295280901659/libjogl_desktop.so
7f99496c6000-7f99498c6000 ---p 000a5000 08:02 4587543                    /tmp/jogamp_0000/file_cache/jln3862011347708079906/jln6543958295280901659/libjogl_desktop.so
7f99498c6000-7f99498c7000 rw-p 000a5000 08:02 4587543                    /tmp/jogamp_0000/file_cache/jln3862011347708079906/jln6543958295280901659/libjogl_desktop.so
7f99498c7000-7f99498d2000 r-xp 00000000 08:02 4858200                    /usr/lib/x86_64-linux-gnu/libdrm.so.2.4.0
7f99498d2000-7f9949ad1000 ---p 0000b000 08:02 4858200                    /usr/lib/x86_64-linux-gnu/libdrm.so.2.4.0
7f9949ad1000-7f9949ad2000 r--p 0000a000 08:02 4858200                    /usr/lib/x86_64-linux-gnu/libdrm.so.2.4.0
7f9949ad2000-7f9949ad3000 rw-p 0000b000 08:02 4858200                    /usr/lib/x86_64-linux-gnu/libdrm.so.2.4.0
7f9949ad3000-7f9949ad4000 r-xp 00000000 08:02 4859034                    /usr/lib/x86_64-linux-gnu/libxshmfence.so.1.0.0
7f9949ad4000-7f9949cd3000 ---p 00001000 08:02 4859034                    /usr/lib/x86_64-linux-gnu/libxshmfence.so.1.0.0
7f9949cd3000-7f9949cd4000 r--p 00000000 08:02 4859034                    /usr/lib/x86_64-linux-gnu/libxshmfence.so.1.0.0
7f9949cd4000-7f9949cd5000 rw-p 00001000 08:02 4859034                    /usr/lib/x86_64-linux-gnu/libxshmfence.so.1.0.0
7f9949cd5000-7f9949cda000 r-xp 00000000 08:02 4859016                    /usr/lib/x86_64-linux-gnu/libxcb-sync.so.1.0.0
7f9949cda000-7f9949ed9000 ---p 00005000 08:02 4859016                    /usr/lib/x86_64-linux-gnu/libxcb-sync.so.1.0.0
7f9949ed9000-7f9949eda000 r--p 00004000 08:02 4859016                    /usr/lib/x86_64-linux-gnu/libxcb-sync.so.1.0.0
7f9949eda000-7f9949edb000 rw-p 00005000 08:02 4859016                    /usr/lib/x86_64-linux-gnu/libxcb-sync.so.1.0.0
7f9949edb000-7f9949edd000 r-xp 00000000 08:02 4859008                    /usr/lib/x86_64-linux-gnu/libxcb-present.so.0.0.0
7f9949edd000-7f994a0dc000 ---p 00002000 08:02 4859008                    /usr/lib/x86_64-linux-gnu/libxcb-present.so.0.0.0
7f994a0dc000-7f994a0dd000 r--p 00001000 08:02 4859008                    /usr/lib/x86_64-linux-gnu/libxcb-present.so.0.0.0
7f994a0dd000-7f994a0de000 rw-p 00002000 08:02 4859008                    /usr/lib/x86_64-linux-gnu/libxcb-present.so.0.0.0
7f994a0de000-7f994a0e0000 r-xp 00000000 08:02 4858998                    /usr/lib/x86_64-linux-gnu/libxcb-dri3.so.0.0.0
7f994a0e0000-7f994a2df000 ---p 00002000 08:02 4858998                    /usr/lib/x86_64-linux-gnu/libxcb-dri3.so.0.0.0
7f994a2df000-7f994a2e0000 r--p 00001000 08:02 4858998                    /usr/lib/x86_64-linux-gnu/libxcb-dri3.so.0.0.0
7f994a2e0000-7f994a2e1000 rw-p 00002000 08:02 4858998                    /usr/lib/x86_64-linux-gnu/libxcb-dri3.so.0.0.0
7f994a2e1000-7f994a2e4000 r-xp 00000000 08:02 4858996                    /usr/lib/x86_64-linux-gnu/libxcb-dri2.so.0.0.0
7f994a2e4000-7f994a4e4000 ---p 00003000 08:02 4858996                    /usr/lib/x86_64-linux-gnu/libxcb-dri2.so.0.0.0
7f994a4e4000-7f994a4e5000 r--p 00003000 08:02 4858996                    /usr/lib/x86_64-linux-gnu/libxcb-dri2.so.0.0.0
7f994a4e5000-7f994a4e6000 rw-p 00004000 08:02 4858996                    /usr/lib/x86_64-linux-gnu/libxcb-dri2.so.0.0.0
7f994a4e6000-7f994a4fb000 r-xp 00000000 08:02 4859000                    /usr/lib/x86_64-linux-gnu/libxcb-glx.so.0.0.0
7f994a4fb000-7f994a6fa000 ---p 00015000 08:02 4859000                    /usr/lib/x86_64-linux-gnu/libxcb-glx.so.0.0.0
7f994a6fa000-7f994a6fc000 r--p 00014000 08:02 4859000                    /usr/lib/x86_64-linux-gnu/libxcb-glx.so.0.0.0
7f994a6fc000-7f994a6fd000 rw-p 00016000 08:02 4859000                    /usr/lib/x86_64-linux-gnu/libxcb-glx.so.0.0.0
7f994a6fd000-7f994a6fe000 r-xp 00000000 08:02 4857939                    /usr/lib/x86_64-linux-gnu/libX11-xcb.so.1.0.0
7f994a6fe000-7f994a8fd000 ---p 00001000 08:02 4857939                    /usr/lib/x86_64-linux-gnu/libX11-xcb.so.1.0.0
7f994a8fd000-7f994a8fe000 r--p 00000000 08:02 4857939                    /usr/lib/x86_64-linux-gnu/libX11-xcb.so.1.0.0
7f994a8fe000-7f994a8ff000 rw-p 00001000 08:02 4857939                    /usr/lib/x86_64-linux-gnu/libX11-xcb.so.1.0.0
7f994a8ff000-7f994a901000 r-xp 00000000 08:02 4857954                    /usr/lib/x86_64-linux-gnu/libXdamage.so.1.1.0
7f994a901000-7f994ab00000 ---p 00002000 08:02 4857954                    /usr/lib/x86_64-linux-gnu/libXdamage.so.1.1.0
7f994ab00000-7f994ab01000 r--p 00001000 08:02 4857954                    /usr/lib/x86_64-linux-gnu/libXdamage.so.1.1.0
7f994ab01000-7f994ab02000 rw-p 00002000 08:02 4857954                    /usr/lib/x86_64-linux-gnu/libXdamage.so.1.1.0
7f994ab02000-7f994ab27000 r-xp 00000000 08:02 4853342                    /usr/lib/x86_64-linux-gnu/libglapi.so.0.0.0
7f994ab27000-7f994ad26000 ---p 00025000 08:02 4853342                    /usr/lib/x86_64-linux-gnu/libglapi.so.0.0.0
7f994ad26000-7f994ad29000 r--p 00024000 08:02 4853342                    /usr/lib/x86_64-linux-gnu/libglapi.so.0.0.0
7f994ad29000-7f994ad2a000 rw-p 00027000 08:02 4853342                    /usr/lib/x86_64-linux-gnu/libglapi.so.0.0.0
7f994ad2a000-7f994ad2b000 rw-p 00000000 00:00 0 
7f994ad2b000-7f994ad51000 r-xp 00000000 08:02 2625637                    /lib/x86_64-linux-gnu/libexpat.so.1.6.0
7f994ad51000-7f994af50000 ---p 00026000 08:02 2625637                    /lib/x86_64-linux-gnu/libexpat.so.1.6.0
7f994af50000-7f994af53000 r--p 00025000 08:02 2625637                    /lib/x86_64-linux-gnu/libexpat.so.1.6.0
7f994af53000-7f994af54000 rw-p 00028000 08:02 2625637                    /lib/x86_64-linux-gnu/libexpat.so.1.6.0
7f994af54000-7f994afea000 r-xp 00000000 08:02 5113685                    /usr/lib/x86_64-linux-gnu/mesa/libGL.so.1.2.0
7f994afea000-7f994b1e9000 ---p 00096000 08:02 5113685                    /usr/lib/x86_64-linux-gnu/mesa/libGL.so.1.2.0
7f994b1e9000-7f994b1ec000 r--p 00095000 08:02 5113685                    /usr/lib/x86_64-linux-gnu/mesa/libGL.so.1.2.0
7f994b1ec000-7f994b1ed000 rw-p 00098000 08:02 5113685                    /usr/lib/x86_64-linux-gnu/mesa/libGL.so.1.2.0
7f994b1ed000-7f994b3ee000 rw-p 00000000 00:00 0 
7f994b3ee000-7f994b5ee000 rw-p 00000000 00:00 0 
7f994b5ee000-7f994b5f5000 r-xp 00000000 08:02 4587546                    /tmp/jogamp_0000/file_cache/jln3862011347708079906/jln6543958295280901659/libnativewindow_x11.so
7f994b5f5000-7f994b7f4000 ---p 00007000 08:02 4587546                    /tmp/jogamp_0000/file_cache/jln3862011347708079906/jln6543958295280901659/libnativewindow_x11.so
7f994b7f4000-7f994b7f5000 rw-p 00006000 08:02 4587546                    /tmp/jogamp_0000/file_cache/jln3862011347708079906/jln6543958295280901659/libnativewindow_x11.so
7f994b7f5000-7f994b7f9000 r-xp 00000000 08:02 4857996                    /usr/lib/x86_64-linux-gnu/libXxf86vm.so.1.0.0
7f994b7f9000-7f994b9f9000 ---p 00004000 08:02 4857996                    /usr/lib/x86_64-linux-gnu/libXxf86vm.so.1.0.0
7f994b9f9000-7f994b9fa000 r--p 00004000 08:02 4857996                    /usr/lib/x86_64-linux-gnu/libXxf86vm.so.1.0.0
7f994b9fa000-7f994b9fb000 rw-p 00005000 08:02 4857996                    /usr/lib/x86_64-linux-gnu/libXxf86vm.so.1.0.0
7f994b9fb000-7f994b9fd000 r-xp 00000000 08:02 4587545                    /tmp/jogamp_0000/file_cache/jln3862011347708079906/jln6543958295280901659/libnativewindow_awt.so
7f994b9fd000-7f994bbfc000 ---p 00002000 08:02 4587545                    /tmp/jogamp_0000/file_cache/jln3862011347708079906/jln6543958295280901659/libnativewindow_awt.so
7f994bbfc000-7f994bbfd000 rw-p 00001000 08:02 4587545                    /tmp/jogamp_0000/file_cache/jln3862011347708079906/jln6543958295280901659/libnativewindow_awt.so
7f994bbfd000-7f994bbfe000 r-xp 00000000 08:02 4855861                    /usr/lib/jvm/java-8-oracle/jre/lib/amd64/libjawt.so
7f994bbfe000-7f994bdfd000 ---p 00001000 08:02 4855861                    /usr/lib/jvm/java-8-oracle/jre/lib/amd64/libjawt.so
7f994bdfd000-7f994bdfe000 rw-p 00000000 08:02 4855861                    /usr/lib/jvm/java-8-oracle/jre/lib/amd64/libjawt.so
7f994bdfe000-7f994be00000 r-xp 00000000 08:02 4587542                    /tmp/jogamp_0000/file_cache/jln3862011347708079906/jln6543958295280901659/libgluegen-rt.so
7f994be00000-7f994bfff000 ---p 00002000 08:02 4587542                    /tmp/jogamp_0000/file_cache/jln3862011347708079906/jln6543958295280901659/libgluegen-rt.so
7f994bfff000-7f994c000000 rw-p 00001000 08:02 4587542                    /tmp/jogamp_0000/file_cache/jln3862011347708079906/jln6543958295280901659/libgluegen-rt.so
7f994c000000-7f994c939000 rw-p 00000000 00:00 0 
7f994c939000-7f9950000000 ---p 00000000 00:00 0 
7f9950000000-7f9950021000 rw-p 00000000 00:00 0 
7f9950021000-7f9954000000 ---p 00000000 00:00 0 
7f9954000000-7f995405f000 rw-p 00000000 00:00 0 
7f995405f000-7f9958000000 ---p 00000000 00:00 0 
7f9958000000-7f995a09d000 rw-p 00000000 00:00 0 
7f995a09d000-7f995c000000 ---p 00000000 00:00 0 
7f995c000000-7f995c021000 rw-p 00000000 00:00 0 
7f995c021000-7f9960000000 ---p 00000000 00:00 0 
7f9960000000-7f9960021000 rw-p 00000000 00:00 0 
7f9960021000-7f9964000000 ---p 00000000 00:00 0 
7f9964000000-7f9964021000 rw-p 00000000 00:00 0 
7f9964021000-7f9968000000 ---p 00000000 00:00 0 
7f9968000000-7f996828b000 rw-p 00000000 00:00 0 
7f996828b000-7f996c000000 ---p 00000000 00:00 0 
7f996c000000-7f996c021000 rw-p 00000000 00:00 0 
7f996c021000-7f9970000000 ---p 00000000 00:00 0 
7f9970000000-7f9970021000 rw-p 00000000 00:00 0 
7f9970021000-7f9974000000 ---p 00000000 00:00 0 
7f9974000000-7f9975028000 rw-p 00000000 00:00 0 
7f9975028000-7f9978000000 ---p 00000000 00:00 0 
7f9978000000-7f9978716000 rw-p 00000000 00:00 0 
7f9978716000-7f997c000000 ---p 00000000 00:00 0 
7f997c000000-7f997c021000 rw-p 00000000 00:00 0 
7f997c021000-7f9980000000 ---p 00000000 00:00 0 
7f9980000000-7f9980f7a000 rw-p 00000000 00:00 0 
7f9980f7a000-7f9984000000 ---p 00000000 00:00 0 
7f9984000000-7f9984021000 rw-p 00000000 00:00 0 
7f9984021000-7f9988000000 ---p 00000000 00:00 0 
7f9988019000-7f998801a000 rw-s 00000000 00:04 161201                     /drm mm object (deleted)
7f998801b000-7f998809b000 rw-s 10a3d7000 00:05 1552                      /dev/dri/card0
7f998809b000-7f998809c000 rw-p 00000000 00:00 0 
7f998809c000-7f99880a4000 rw-s 00000000 00:04 165228                     /drm mm object (deleted)
7f99880a4000-7f9988164000 rw-s 10b73b000 00:05 1552                      /dev/dri/card0
7f9988164000-7f998816c000 rw-s 00000000 00:04 166204                     /drm mm object (deleted)
7f998816c000-7f9988174000 rw-s 00000000 00:04 166316                     /drm mm object (deleted)
7f9988174000-7f9988175000 rw-s 00000000 00:04 162070                     /drm mm object (deleted)
7f9988175000-7f998817d000 rw-s 00000000 00:04 160495                     /drm mm object (deleted)
7f998817d000-7f998817e000 rw-s 00000000 00:04 160488                     /drm mm object (deleted)
7f998817e000-7f998817f000 rw-s 00000000 00:04 160483                     /drm mm object (deleted)
7f998817f000-7f9988187000 rw-s 00000000 00:04 160479                     /drm mm object (deleted)
7f9988187000-7f9988188000 rw-s 00000000 00:04 160476                     /drm mm object (deleted)
7f9988188000-7f9988190000 rw-s 00000000 00:04 160475                     /drm mm object (deleted)
7f9988190000-7f9988191000 rwxp 00000000 00:00 0 
7f9988191000-7f9988199000 rw-s 00000000 00:04 166253                     /drm mm object (deleted)
7f9988199000-7f99881a1000 rw-s 00000000 00:04 160467                     /drm mm object (deleted)
7f99881a1000-7f99881a2000 rw-s 00000000 00:04 160464                     /drm mm object (deleted)
7f99881a2000-7f99881a5000 ---p 00000000 00:00 0 
7f99881a5000-7f99882a3000 rw-p 00000000 00:00 0                          [stack:9936]
7f99882a3000-7f99882ae000 r--s 00116000 08:02 4855938                    /usr/lib/jvm/java-8-oracle/jre/lib/ext/localedata.jar
7f99882ae000-7f99882b1000 ---p 00000000 00:00 0 
7f99882b1000-7f99884e7000 rw-p 00000000 00:00 0 
7f99884e7000-7f99884ea000 ---p 00000000 00:00 0 
7f99884ea000-7f99887e8000 rw-p 00000000 00:00 0                          [stack:9927]
7f99887e8000-7f99887f0000 rw-s 00000000 00:04 160463                     /drm mm object (deleted)
7f99887f0000-7f99887f1000 r--s 0002f000 08:02 5120518                    /home/bhupendra/Coursera Java Specialization/Assignments/World-Earthquakes-View/UCSDUnfoldingMaps/lib/jogl-all-natives-linux-amd64.jar
7f99887f1000-7f998880d000 r--s 00393000 08:02 4855940                    /usr/lib/jvm/java-8-oracle/jre/lib/ext/cldrdata.jar
7f998880d000-7f9988810000 ---p 00000000 00:00 0 
7f9988810000-7f998890e000 rw-p 00000000 00:00 0                          [stack:9926]
7f998890e000-7f9988977000 r-xp 00000000 08:02 4855882                    /usr/lib/jvm/java-8-oracle/jre/lib/amd64/libt2k.so
7f9988977000-7f9988b76000 ---p 00069000 08:02 4855882                    /usr/lib/jvm/java-8-oracle/jre/lib/amd64/libt2k.so
7f9988b76000-7f9988b7d000 rw-p 00068000 08:02 4855882                    /usr/lib/jvm/java-8-oracle/jre/lib/amd64/libt2k.so
7f9988b7d000-7f9988b8d000 rw-p 00000000 00:00 0 
7f9988b8d000-7f9988b9e000 r-xp 00000000 08:02 4855860                    /usr/lib/jvm/java-8-oracle/jre/lib/amd64/libnio.so
7f9988b9e000-7f9988d9d000 ---p 00011000 08:02 4855860                    /usr/lib/jvm/java-8-oracle/jre/lib/amd64/libnio.so
7f9988d9d000-7f9988d9e000 rw-p 00010000 08:02 4855860                    /usr/lib/jvm/java-8-oracle/jre/lib/amd64/libnio.so
7f9988d9e000-7f9988db4000 r-xp 00000000 08:02 4855886                    /usr/lib/jvm/java-8-oracle/jre/lib/amd64/libnet.so
7f9988db4000-7f9988fb4000 ---p 00016000 08:02 4855886                    /usr/lib/jvm/java-8-oracle/jre/lib/amd64/libnet.so
7f9988fb4000-7f9988fb5000 rw-p 00016000 08:02 4855886                    /usr/lib/jvm/java-8-oracle/jre/lib/amd64/libnet.so
7f9988fb5000-7f9988fb8000 ---p 00000000 00:00 0 
7f9988fb8000-7f99890b6000 rw-p 00000000 00:00 0                          [stack:9924]
7f99890b6000-7f99890b9000 ---p 00000000 00:00 0 
7f99890b9000-7f99891b7000 rw-p 00000000 00:00 0                          [stack:9923]
7f99891b7000-7f99891ba000 ---p 00000000 00:00 0 
7f99891ba000-7f99892b8000 rw-p 00000000 00:00 0                          [stack:9922]
7f99892b8000-7f99892bb000 ---p 00000000 00:00 0 
7f99892bb000-7f99893b9000 rw-p 00000000 00:00 0                          [stack:9920]
7f99893b9000-7f99893be000 r-xp 00000000 08:02 4857960                    /usr/lib/x86_64-linux-gnu/libXfixes.so.3.1.0
7f99893be000-7f99895bd000 ---p 00005000 08:02 4857960                    /usr/lib/x86_64-linux-gnu/libXfixes.so.3.1.0
7f99895bd000-7f99895be000 r--p 00004000 08:02 4857960                    /usr/lib/x86_64-linux-gnu/libXfixes.so.3.1.0
7f99895be000-7f99895bf000 rw-p 00005000 08:02 4857960                    /usr/lib/x86_64-linux-gnu/libXfixes.so.3.1.0
7f99895bf000-7f99895c8000 r-xp 00000000 08:02 4857952                    /usr/lib/x86_64-linux-gnu/libXcursor.so.1.0.2
7f99895c8000-7f99897c7000 ---p 00009000 08:02 4857952                    /usr/lib/x86_64-linux-gnu/libXcursor.so.1.0.2
7f99897c7000-7f99897c8000 r--p 00008000 08:02 4857952                    /usr/lib/x86_64-linux-gnu/libXcursor.so.1.0.2
7f99897c8000-7f99897c9000 rw-p 00009000 08:02 4857952                    /usr/lib/x86_64-linux-gnu/libXcursor.so.1.0.2
7f99897c9000-7f99897cc000 ---p 00000000 00:00 0 
7f99897cc000-7f99898ca000 rw-p 00000000 00:00 0                          [stack:9919]
7f99898ca000-7f99898e0000 r-xp 00000000 08:02 2625642                    /lib/x86_64-linux-gnu/libgcc_s.so.1
7f99898e0000-7f9989adf000 ---p 00016000 08:02 2625642                    /lib/x86_64-linux-gnu/libgcc_s.so.1
7f9989adf000-7f9989ae0000 r--p 00015000 08:02 2625642                    /lib/x86_64-linux-gnu/libgcc_s.so.1
7f9989ae0000-7f9989ae1000 rw-p 00016000 08:02 2625642                    /lib/x86_64-linux-gnu/libgcc_s.so.1
7f9989ae1000-7f9989b46000 r-xp 00000000 08:02 4855916                    /usr/lib/jvm/java-8-oracle/jre/lib/amd64/libfontmanager.so
7f9989b46000-7f9989d45000 ---p 00065000 08:02 4855916                    /usr/lib/jvm/java-8-oracle/jre/lib/amd64/libfontmanager.so
7f9989d45000-7f9989d4a000 rw-p 00064000 08:02 4855916                    /usr/lib/jvm/java-8-oracle/jre/lib/amd64/libfontmanager.so
7f9989d4a000-7f9989d5a000 rw-p 00000000 00:00 0 
7f9989d5a000-7f9989d5f000 r-xp 00000000 08:02 4857956                    /usr/lib/x86_64-linux-gnu/libXdmcp.so.6.0.0
7f9989d5f000-7f9989f5e000 ---p 00005000 08:02 4857956                    /usr/lib/x86_64-linux-gnu/libXdmcp.so.6.0.0
7f9989f5e000-7f9989f5f000 r--p 00004000 08:02 4857956                    /usr/lib/x86_64-linux-gnu/libXdmcp.so.6.0.0
7f9989f5f000-7f9989f60000 rw-p 00005000 08:02 4857956                    /usr/lib/x86_64-linux-gnu/libXdmcp.so.6.0.0
7f9989f60000-7f9989f62000 r-xp 00000000 08:02 4857945                    /usr/lib/x86_64-linux-gnu/libXau.so.6.0.0
7f9989f62000-7f998a162000 ---p 00002000 08:02 4857945                    /usr/lib/x86_64-linux-gnu/libXau.so.6.0.0
7f998a162000-7f998a163000 r--p 00002000 08:02 4857945                    /usr/lib/x86_64-linux-gnu/libXau.so.6.0.0
7f998a163000-7f998a164000 rw-p 00003000 08:02 4857945                    /usr/lib/x86_64-linux-gnu/libXau.so.6.0.0
7f998a164000-7f998a181000 r-xp 00000000 08:02 4859026                    /usr/lib/x86_64-linux-gnu/libxcb.so.1.1.0
7f998a181000-7f998a381000 ---p 0001d000 08:02 4859026                    /usr/lib/x86_64-linux-gnu/libxcb.so.1.1.0
7f998a381000-7f998a382000 r--p 0001d000 08:02 4859026                    /usr/lib/x86_64-linux-gnu/libxcb.so.1.1.0
7f998a382000-7f998a383000 rw-p 0001e000 08:02 4859026                    /usr/lib/x86_64-linux-gnu/libxcb.so.1.1.0
7f998a383000-7f998a392000 r-xp 00000000 08:02 4857966                    /usr/lib/x86_64-linux-gnu/libXi.so.6.1.0
7f998a392000-7f998a591000 ---p 0000f000 08:02 4857966                    /usr/lib/x86_64-linux-gnu/libXi.so.6.1.0
7f998a591000-7f998a592000 r--p 0000e000 08:02 4857966                    /usr/lib/x86_64-linux-gnu/libXi.so.6.1.0
7f998a592000-7f998a593000 rw-p 0000f000 08:02 4857966                    /usr/lib/x86_64-linux-gnu/libXi.so.6.1.0
7f998a593000-7f998a598000 r-xp 00000000 08:02 4857986                    /usr/lib/x86_64-linux-gnu/libXtst.so.6.1.0
7f998a598000-7f998a797000 ---p 00005000 08:02 4857986                    /usr/lib/x86_64-linux-gnu/libXtst.so.6.1.0
7f998a797000-7f998a798000 r--p 00004000 08:02 4857986                    /usr/lib/x86_64-linux-gnu/libXtst.so.6.1.0
7f998a798000-7f998a799000 rw-p 00005000 08:02 4857986                    /usr/lib/x86_64-linux-gnu/libXtst.so.6.1.0
7f998a799000-7f998a7a2000 r-xp 00000000 08:02 4857980                    /usr/lib/x86_64-linux-gnu/libXrender.so.1.3.0
7f998a7a2000-7f998a9a1000 ---p 00009000 08:02 4857980                    /usr/lib/x86_64-linux-gnu/libXrender.so.1.3.0
7f998a9a1000-7f998a9a2000 r--p 00008000 08:02 4857980                    /usr/lib/x86_64-linux-gnu/libXrender.so.1.3.0
7f998a9a2000-7f998a9a3000 rw-p 00009000 08:02 4857980                    /usr/lib/x86_64-linux-gnu/libXrender.so.1.3.0
7f998a9a3000-7f998aad6000 r-xp 00000000 08:02 4857941                    /usr/lib/x86_64-linux-gnu/libX11.so.6.3.0
7f998aad6000-7f998acd6000 ---p 00133000 08:02 4857941                    /usr/lib/x86_64-linux-gnu/libX11.so.6.3.0
7f998acd6000-7f998acd7000 r--p 00133000 08:02 4857941                    /usr/lib/x86_64-linux-gnu/libX11.so.6.3.0
7f998acd7000-7f998acdb000 rw-p 00134000 08:02 4857941                    /usr/lib/x86_64-linux-gnu/libX11.so.6.3.0
7f998acdb000-7f998acdc000 rw-p 00000000 00:00 0 
7f998acdc000-7f998aced000 r-xp 00000000 08:02 4857958                    /usr/lib/x86_64-linux-gnu/libXext.so.6.4.0
7f998aced000-7f998aeec000 ---p 00011000 08:02 4857958                    /usr/lib/x86_64-linux-gnu/libXext.so.6.4.0
7f998aeec000-7f998aeed000 r--p 00010000 08:02 4857958                    /usr/lib/x86_64-linux-gnu/libXext.so.6.4.0
7f998aeed000-7f998aeee000 rw-p 00011000 08:02 4857958                    /usr/lib/x86_64-linux-gnu/libXext.so.6.4.0
7f998aeee000-7f998af42000 r-xp 00000000 08:02 4855857                    /usr/lib/jvm/java-8-oracle/jre/lib/amd64/libawt_xawt.so
7f998af42000-7f998b142000 ---p 00054000 08:02 4855857                    /usr/lib/jvm/java-8-oracle/jre/lib/amd64/libawt_xawt.so
7f998b142000-7f998b146000 rw-p 00054000 08:02 4855857                    /usr/lib/jvm/java-8-oracle/jre/lib/amd64/libawt_xawt.so
7f998b146000-7f998b147000 rw-p 00000000 00:00 0 
7f998b147000-7f998b1e9000 r-xp 00000000 08:02 4855893                    /usr/lib/jvm/java-8-oracle/jre/lib/amd64/libawt.so
7f998b1e9000-7f998b3e9000 ---p 000a2000 08:02 4855893                    /usr/lib/jvm/java-8-oracle/jre/lib/amd64/libawt.so
7f998b3e9000-7f998b3f5000 rw-p 000a2000 08:02 4855893                    /usr/lib/jvm/java-8-oracle/jre/lib/amd64/libawt.so
7f998b3f5000-7f998b419000 rw-p 00000000 00:00 0 
7f998b419000-7f998b41a000 ---p 00000000 00:00 0 
7f998b41a000-7f998b51a000 rw-p 00000000 00:00 0                          [stack:9918]
7f998b51a000-7f998b51d000 ---p 00000000 00:00 0 
7f998b51d000-7f998b61b000 rw-p 00000000 00:00 0                          [stack:9917]
7f998b61b000-7f998b61e000 ---p 00000000 00:00 0 
7f998b61e000-7f998b71c000 rw-p 00000000 00:00 0                          [stack:9916]
7f998b71c000-7f998b71f000 ---p 00000000 00:00 0 
7f998b71f000-7f998b81d000 rw-p 00000000 00:00 0                          [stack:9915]
7f998b81d000-7f998b820000 ---p 00000000 00:00 0 
7f998b820000-7f998b91e000 rw-p 00000000 00:00 0                          [stack:9914]
7f998b91e000-7f998c000000 r--p 00000000 08:02 4857189                    /usr/lib/locale/locale-archive
7f998c000000-7f998c073000 rw-p 00000000 00:00 0 
7f998c073000-7f9990000000 ---p 00000000 00:00 0 
7f9990000000-7f9990021000 rw-p 00000000 00:00 0 
7f9990021000-7f9994000000 ---p 00000000 00:00 0 
7f9994000000-7f9994021000 rw-p 00000000 00:00 0 
7f9994021000-7f9998000000 ---p 00000000 00:00 0 
7f9998000000-7f9998021000 rw-p 00000000 00:00 0 
7f9998021000-7f999c000000 ---p 00000000 00:00 0 
7f999c000000-7f999c021000 rw-p 00000000 00:00 0 
7f999c021000-7f99a0000000 ---p 00000000 00:00 0 
7f99a0000000-7f99a0021000 rw-p 00000000 00:00 0 
7f99a0021000-7f99a4000000 ---p 00000000 00:00 0 
7f99a4000000-7f99a4002000 r--s 00000000 08:02 5120511                    /home/bhupendra/Coursera Java Specialization/Assignments/World-Earthquakes-View/UCSDUnfoldingMaps/lib/gluegen-rt-natives-linux-amd64.jar
7f99a4002000-7f99a4003000 r--p 00000000 00:00 0 
7f99a4003000-7f99a4008000 r--s 00094000 08:02 4855697                    /usr/lib/jvm/java-8-oracle/jre/lib/jsse.jar
7f99a4008000-7f99a4039000 rw-p 00000000 00:00 0 
7f99a4039000-7f99a403f000 r--s 00033000 08:02 5120529                    /home/bhupendra/Coursera Java Specialization/Assignments/World-Earthquakes-View/UCSDUnfoldingMaps/lib/unfolding.0.9.7-uscd.jar
7f99a403f000-7f99a4062000 r--s 002ec000 08:02 5120524                    /home/bhupendra/Coursera Java Specialization/Assignments/World-Earthquakes-View/UCSDUnfoldingMaps/lib/jogl-all.jar
7f99a4062000-7f99a4065000 ---p 00000000 00:00 0 
7f99a4065000-7f99a4163000 rw-p 00000000 00:00 0                          [stack:9913]
7f99a4163000-7f99a4166000 ---p 00000000 00:00 0 
7f99a4166000-7f99a4264000 rw-p 00000000 00:00 0                          [stack:9912]
7f99a4264000-7f99a4267000 ---p 00000000 00:00 0 
7f99a4267000-7f99a4365000 rw-p 00000000 00:00 0                          [stack:9911]
7f99a4365000-7f99a4366000 ---p 00000000 00:00 0 
7f99a4366000-7f99a5427000 rw-p 00000000 00:00 0                          [stack:9910]
7f99a5427000-7f99a5600000 r--s 03d09000 08:02 4855699                    /usr/lib/jvm/java-8-oracle/jre/lib/rt.jar
7f99a5600000-7f99a7e12000 rw-p 00000000 00:00 0 
7f99a7e12000-7f99a7e13000 ---p 00000000 00:00 0 
7f99a7e13000-7f99a7f13000 rw-p 00000000 00:00 0                          [stack:9909]
7f99a7f13000-7f99a7f14000 ---p 00000000 00:00 0 
7f99a7f14000-7f99a8014000 rw-p 00000000 00:00 0                          [stack:9908]
7f99a8014000-7f99a8015000 ---p 00000000 00:00 0 
7f99a8015000-7f99a8115000 rw-p 00000000 00:00 0                          [stack:9907]
7f99a8115000-7f99a8116000 ---p 00000000 00:00 0 
7f99a8116000-7f99a822d000 rw-p 00000000 00:00 0                          [stack:9906]
7f99a822d000-7f99a8353000 ---p 00000000 00:00 0 
7f99a8353000-7f99a839e000 rw-p 00000000 00:00 0 
7f99a839e000-7f99a83f2000 ---p 00000000 00:00 0 
7f99a83f2000-7f99a8417000 rw-p 00000000 00:00 0 
7f99a8417000-7f99a87b3000 ---p 00000000 00:00 0 
7f99a87b3000-7f99a9083000 rwxp 00000000 00:00 0 
7f99a9083000-7f99b77b3000 ---p 00000000 00:00 0 
7f99b77b3000-7f99b77cd000 r-xp 00000000 08:02 4855865                    /usr/lib/jvm/java-8-oracle/jre/lib/amd64/libzip.so
7f99b77cd000-7f99b79cd000 ---p 0001a000 08:02 4855865                    /usr/lib/jvm/java-8-oracle/jre/lib/amd64/libzip.so
7f99b79cd000-7f99b79ce000 rw-p 0001a000 08:02 4855865                    /usr/lib/jvm/java-8-oracle/jre/lib/amd64/libzip.so
7f99b79ce000-7f99b79d9000 r-xp 00000000 08:02 2621543                    /lib/x86_64-linux-gnu/libnss_files-2.19.so
7f99b79d9000-7f99b7bd8000 ---p 0000b000 08:02 2621543                    /lib/x86_64-linux-gnu/libnss_files-2.19.so
7f99b7bd8000-7f99b7bd9000 r--p 0000a000 08:02 2621543                    /lib/x86_64-linux-gnu/libnss_files-2.19.so
7f99b7bd9000-7f99b7bda000 rw-p 0000b000 08:02 2621543                    /lib/x86_64-linux-gnu/libnss_files-2.19.so
7f99b7bda000-7f99b7be5000 r-xp 00000000 08:02 2621455                    /lib/x86_64-linux-gnu/libnss_nis-2.19.so
7f99b7be5000-7f99b7de4000 ---p 0000b000 08:02 2621455                    /lib/x86_64-linux-gnu/libnss_nis-2.19.so
7f99b7de4000-7f99b7de5000 r--p 0000a000 08:02 2621455                    /lib/x86_64-linux-gnu/libnss_nis-2.19.so
7f99b7de5000-7f99b7de6000 rw-p 0000b000 08:02 2621455                    /lib/x86_64-linux-gnu/libnss_nis-2.19.so
7f99b7de6000-7f99b7dfd000 r-xp 00000000 08:02 2621545                    /lib/x86_64-linux-gnu/libnsl-2.19.so
7f99b7dfd000-7f99b7ffc000 ---p 00017000 08:02 2621545                    /lib/x86_64-linux-gnu/libnsl-2.19.so
7f99b7ffc000-7f99b7ffd000 r--p 00016000 08:02 2621545                    /lib/x86_64-linux-gnu/libnsl-2.19.so
7f99b7ffd000-7f99b7ffe000 rw-p 00017000 08:02 2621545                    /lib/x86_64-linux-gnu/libnsl-2.19.so
7f99b7ffe000-7f99b8000000 rw-p 00000000 00:00 0 
7f99b8000000-7f99b82aa000 rw-p 00000000 00:00 0 
7f99b82aa000-7f99bc000000 ---p 00000000 00:00 0 
7f99bc000000-7f99bc007000 r--s 00059000 08:02 5120527                    /home/bhupendra/Coursera Java Specialization/Assignments/World-Earthquakes-View/UCSDUnfoldingMaps/lib/log4j-1.2.15.jar
7f99bc007000-7f99bc01e000 rw-p 00000000 00:00 0 
7f99bc01e000-7f99bc145000 ---p 00000000 00:00 0 
7f99bc145000-7f99bc14e000 r-xp 00000000 08:02 2621538                    /lib/x86_64-linux-gnu/libnss_compat-2.19.so
7f99bc14e000-7f99bc34d000 ---p 00009000 08:02 2621538                    /lib/x86_64-linux-gnu/libnss_compat-2.19.so
7f99bc34d000-7f99bc34e000 r--p 00008000 08:02 2621538                    /lib/x86_64-linux-gnu/libnss_compat-2.19.so
7f99bc34e000-7f99bc34f000 rw-p 00009000 08:02 2621538                    /lib/x86_64-linux-gnu/libnss_compat-2.19.so
7f99bc34f000-7f99bc379000 r-xp 00000000 08:02 4855858                    /usr/lib/jvm/java-8-oracle/jre/lib/amd64/libjava.so
7f99bc379000-7f99bc579000 ---p 0002a000 08:02 4855858                    /usr/lib/jvm/java-8-oracle/jre/lib/amd64/libjava.so
7f99bc579000-7f99bc57b000 rw-p 0002a000 08:02 4855858                    /usr/lib/jvm/java-8-oracle/jre/lib/amd64/libjava.so
7f99bc57b000-7f99bc588000 r-xp 00000000 08:02 4855900                    /usr/lib/jvm/java-8-oracle/jre/lib/amd64/libverify.so
7f99bc588000-7f99bc788000 ---p 0000d000 08:02 4855900                    /usr/lib/jvm/java-8-oracle/jre/lib/amd64/libverify.so
7f99bc788000-7f99bc78a000 rw-p 0000d000 08:02 4855900                    /usr/lib/jvm/java-8-oracle/jre/lib/amd64/libverify.so
7f99bc78a000-7f99bc791000 r-xp 00000000 08:02 2621541                    /lib/x86_64-linux-gnu/librt-2.19.so
7f99bc791000-7f99bc990000 ---p 00007000 08:02 2621541                    /lib/x86_64-linux-gnu/librt-2.19.so
7f99bc990000-7f99bc991000 r--p 00006000 08:02 2621541                    /lib/x86_64-linux-gnu/librt-2.19.so
7f99bc991000-7f99bc992000 rw-p 00007000 08:02 2621541                    /lib/x86_64-linux-gnu/librt-2.19.so
7f99bc992000-7f99bca97000 r-xp 00000000 08:02 2621542                    /lib/x86_64-linux-gnu/libm-2.19.so
7f99bca97000-7f99bcc96000 ---p 00105000 08:02 2621542                    /lib/x86_64-linux-gnu/libm-2.19.so
7f99bcc96000-7f99bcc97000 r--p 00104000 08:02 2621542                    /lib/x86_64-linux-gnu/libm-2.19.so
7f99bcc97000-7f99bcc98000 rw-p 00105000 08:02 2621542                    /lib/x86_64-linux-gnu/libm-2.19.so
7f99bcc98000-7f99bd946000 r-xp 00000000 08:02 4855906                    /usr/lib/jvm/java-8-oracle/jre/lib/amd64/server/libjvm.so
7f99bd946000-7f99bdb45000 ---p 00cae000 08:02 4855906                    /usr/lib/jvm/java-8-oracle/jre/lib/amd64/server/libjvm.so
7f99bdb45000-7f99bdc1c000 rw-p 00cad000 08:02 4855906                    /usr/lib/jvm/java-8-oracle/jre/lib/amd64/server/libjvm.so
7f99bdc1c000-7f99bdc60000 rw-p 00000000 00:00 0 
7f99bdc60000-7f99bde1a000 r-xp 00000000 08:02 2625514                    /lib/x86_64-linux-gnu/libc-2.19.so
7f99bde1a000-7f99be01a000 ---p 001ba000 08:02 2625514                    /lib/x86_64-linux-gnu/libc-2.19.so
7f99be01a000-7f99be01e000 r--p 001ba000 08:02 2625514                    /lib/x86_64-linux-gnu/libc-2.19.so
7f99be01e000-7f99be020000 rw-p 001be000 08:02 2625514                    /lib/x86_64-linux-gnu/libc-2.19.so
7f99be020000-7f99be025000 rw-p 00000000 00:00 0 
7f99be025000-7f99be028000 r-xp 00000000 08:02 2621535                    /lib/x86_64-linux-gnu/libdl-2.19.so
7f99be028000-7f99be227000 ---p 00003000 08:02 2621535                    /lib/x86_64-linux-gnu/libdl-2.19.so
7f99be227000-7f99be228000 r--p 00002000 08:02 2621535                    /lib/x86_64-linux-gnu/libdl-2.19.so
7f99be228000-7f99be229000 rw-p 00003000 08:02 2621535                    /lib/x86_64-linux-gnu/libdl-2.19.so
7f99be229000-7f99be23e000 r-xp 00000000 08:02 4856243                    /usr/lib/jvm/java-8-oracle/lib/amd64/jli/libjli.so
7f99be23e000-7f99be43e000 ---p 00015000 08:02 4856243                    /usr/lib/jvm/java-8-oracle/lib/amd64/jli/libjli.so
7f99be43e000-7f99be43f000 rw-p 00015000 08:02 4856243                    /usr/lib/jvm/java-8-oracle/lib/amd64/jli/libjli.so
7f99be43f000-7f99be458000 r-xp 00000000 08:02 2625630                    /lib/x86_64-linux-gnu/libpthread-2.19.so
7f99be458000-7f99be657000 ---p 00019000 08:02 2625630                    /lib/x86_64-linux-gnu/libpthread-2.19.so
7f99be657000-7f99be658000 r--p 00018000 08:02 2625630                    /lib/x86_64-linux-gnu/libpthread-2.19.so
7f99be658000-7f99be659000 rw-p 00019000 08:02 2625630                    /lib/x86_64-linux-gnu/libpthread-2.19.so
7f99be659000-7f99be65d000 rw-p 00000000 00:00 0 
7f99be65d000-7f99be680000 r-xp 00000000 08:02 2621534                    /lib/x86_64-linux-gnu/ld-2.19.so
7f99be680000-7f99be685000 r--s 00309000 08:02 5120528                    /home/bhupendra/Coursera Java Specialization/Assignments/World-Earthquakes-View/UCSDUnfoldingMaps/lib/sqlite-jdbc-3.7.2.jar
7f99be685000-7f99be68b000 r--s 00041000 08:02 5120517                    /home/bhupendra/Coursera Java Specialization/Assignments/World-Earthquakes-View/UCSDUnfoldingMaps/lib/gluegen-rt.jar
7f99be68b000-7f99be763000 rw-p 00000000 00:00 0 
7f99be763000-7f99be766000 ---p 00000000 00:00 0 
7f99be766000-7f99be868000 rw-p 00000000 00:00 0                          [stack:9900]
7f99be868000-7f99be869000 r--s 00005000 08:02 5120526                    /home/bhupendra/Coursera Java Specialization/Assignments/World-Earthquakes-View/UCSDUnfoldingMaps/lib/libTUIO.jar
7f99be869000-7f99be86a000 r--s 00007000 08:02 5120525                    /home/bhupendra/Coursera Java Specialization/Assignments/World-Earthquakes-View/UCSDUnfoldingMaps/lib/json4processing.jar
7f99be86a000-7f99be86e000 r--s 0009a000 08:02 5120510                    /home/bhupendra/Coursera Java Specialization/Assignments/World-Earthquakes-View/UCSDUnfoldingMaps/lib/core.jar
7f99be86e000-7f99be873000 r--s 002f8000 08:02 4855711                    /usr/lib/jvm/java-8-oracle/jre/lib/charsets.jar
7f99be873000-7f99be87b000 rw-s 00000000 08:02 4587535                    /tmp/hsperfdata_bhupendra/9899
7f99be87b000-7f99be87c000 rw-p 00000000 00:00 0 
7f99be87c000-7f99be87d000 r--p 00000000 00:00 0 
7f99be87d000-7f99be87f000 rw-p 00000000 00:00 0 
7f99be87f000-7f99be880000 r--p 00022000 08:02 2621534                    /lib/x86_64-linux-gnu/ld-2.19.so
7f99be880000-7f99be881000 rw-p 00023000 08:02 2621534                    /lib/x86_64-linux-gnu/ld-2.19.so
7f99be881000-7f99be882000 rw-p 00000000 00:00 0 
7fff4b4d9000-7fff4b4fa000 rw-p 00000000 00:00 0                          [stack]
7fff4b5fc000-7fff4b5fe000 r-xp 00000000 00:00 0                          [vdso]
7fff4b5fe000-7fff4b600000 r--p 00000000 00:00 0                          [vvar]
ffffffffff600000-ffffffffff601000 r-xp 00000000 00:00 0                  [vsyscall]

VM Arguments:
jvm_args: -Djava.security.policy=java.policy.applet -Dfile.encoding=UTF-8 
java_command: sun.applet.AppletViewer module4.EarthquakeCityMap1448801200016.html
java_class_path (initial): /home/bhupendra/Coursera Java Specialization/Assignments/World-Earthquakes-View/UCSDUnfoldingMaps/build:/home/bhupendra/Coursera Java Specialization/Assignments/World-Earthquakes-View/UCSDUnfoldingMaps/lib/core.jar:/home/bhupendra/Coursera Java Specialization/Assignments/World-Earthquakes-View/UCSDUnfoldingMaps/lib/gluegen-rt.jar:/home/bhupendra/Coursera Java Specialization/Assignments/World-Earthquakes-View/UCSDUnfoldingMaps/lib/jogl-all.jar:/home/bhupendra/Coursera Java Specialization/Assignments/World-Earthquakes-View/UCSDUnfoldingMaps/lib/log4j-1.2.15.jar:/home/bhupendra/Coursera Java Specialization/Assignments/World-Earthquakes-View/UCSDUnfoldingMaps/lib/sqlite-jdbc-3.7.2.jar:/home/bhupendra/Coursera Java Specialization/Assignments/World-Earthquakes-View/UCSDUnfoldingMaps/lib/json4processing.jar:/home/bhupendra/Coursera Java Specialization/Assignments/World-Earthquakes-View/UCSDUnfoldingMaps/lib/libTUIO.jar:/home/bhupendra/Coursera Java Specialization/Assignments/World-Earthquakes-View/UCSDUnfoldingMaps/lib/unfolding.0.9.7-uscd.jar
Launcher Type: SUN_STANDARD

Environment Variables:
PATH=/usr/local/sbin:/usr/local/bin:/usr/sbin:/usr/bin:/sbin:/bin:/usr/games:/usr/local/games
USERNAME=bhupendra
SHELL=/bin/bash
DISPLAY=:0.0

Signal Handlers:
SIGSEGV: [libjvm.so+0xaad1e0], sa_mask[0]=11111111011111111101111111111110, sa_flags=SA_RESTART|SA_SIGINFO
SIGBUS: [libjvm.so+0xaad1e0], sa_mask[0]=11111111011111111101111111111110, sa_flags=SA_RESTART|SA_SIGINFO
SIGFPE: [libjvm.so+0x90b450], sa_mask[0]=11111111011111111101111111111110, sa_flags=SA_RESTART|SA_SIGINFO
SIGPIPE: [libjvm.so+0x90b450], sa_mask[0]=11111111011111111101111111111110, sa_flags=SA_RESTART|SA_SIGINFO
SIGXFSZ: [libjvm.so+0x90b450], sa_mask[0]=11111111011111111101111111111110, sa_flags=SA_RESTART|SA_SIGINFO
SIGILL: [libjvm.so+0x90b450], sa_mask[0]=11111111011111111101111111111110, sa_flags=SA_RESTART|SA_SIGINFO
SIGUSR1: SIG_DFL, sa_mask[0]=00000000000000000000000000000000, sa_flags=none
SIGUSR2: [libjvm.so+0x90ca90], sa_mask[0]=00100000000000000000000000000000, sa_flags=SA_RESTART|SA_SIGINFO
SIGHUP: [libjvm.so+0x90dde0], sa_mask[0]=11111111011111111101111111111110, sa_flags=SA_RESTART|SA_SIGINFO
SIGINT: [libjvm.so+0x90dde0], sa_mask[0]=11111111011111111101111111111110, sa_flags=SA_RESTART|SA_SIGINFO
SIGTERM: [libjvm.so+0x90dde0], sa_mask[0]=11111111011111111101111111111110, sa_flags=SA_RESTART|SA_SIGINFO
SIGQUIT: [libjvm.so+0x90dde0], sa_mask[0]=11111111011111111101111111111110, sa_flags=SA_RESTART|SA_SIGINFO


---------------  S Y S T E M  ---------------

OS:DISTRIB_ID=Ubuntu
DISTRIB_RELEASE=14.10
DISTRIB_CODENAME=utopic
DISTRIB_DESCRIPTION="Ubuntu 14.10"

uname:Linux 3.16.0-30-generic #40-Ubuntu SMP Mon Jan 12 22:06:37 UTC 2015 x86_64
libc:glibc 2.19 NPTL 2.19 
rlimit: STACK 8192k, CORE 0k, NPROC 14376, NOFILE 4096, AS infinity
load average:1.55 1.95 1.53

/proc/meminfo:
MemTotal:        3891224 kB
MemFree:          119696 kB
MemAvailable:     239640 kB
Buffers:            6116 kB
Cached:          1079776 kB
SwapCached:        64844 kB
Active:          2534164 kB
Inactive:         966788 kB
Active(anon):    2410956 kB
Inactive(anon):   857236 kB
Active(file):     123208 kB
Inactive(file):   109552 kB
Unevictable:          48 kB
Mlocked:              48 kB
SwapTotal:       4036604 kB
SwapFree:        2696608 kB
Dirty:               160 kB
Writeback:             0 kB
AnonPages:       2370428 kB
Mapped:           304320 kB
Shmem:            853128 kB
Slab:             150696 kB
SReclaimable:     112236 kB
SUnreclaim:        38460 kB
KernelStack:       10576 kB
PageTables:        44064 kB
NFS_Unstable:          0 kB
Bounce:                0 kB
WritebackTmp:          0 kB
CommitLimit:     5982216 kB
Committed_AS:    8863200 kB
VmallocTotal:   34359738367 kB
VmallocUsed:      400916 kB
VmallocChunk:   34359247732 kB
HardwareCorrupted:     0 kB
AnonHugePages:   1067008 kB
HugePages_Total:       0
HugePages_Free:        0
HugePages_Rsvd:        0
HugePages_Surp:        0
Hugepagesize:       2048 kB
DirectMap4k:      100148 kB
DirectMap2M:     3938304 kB


CPU:total 4 (2 cores per cpu, 2 threads per core) family 6 model 58 stepping 9, cmov, cx8, fxsr, mmx, sse, sse2, sse3, ssse3, sse4.1, sse4.2, popcnt, avx, aes, clmul, erms, ht, tsc, tscinvbit, tscinv

/proc/cpuinfo:
processor	: 0
vendor_id	: GenuineIntel
cpu family	: 6
model		: 58
model name	: Intel(R) Core(TM) i5-3210M CPU @ 2.50GHz
stepping	: 9
microcode	: 0x12
cpu MHz		: 3018.750
cache size	: 3072 KB
physical id	: 0
siblings	: 4
core id		: 0
cpu cores	: 2
apicid		: 0
initial apicid	: 0
fpu		: yes
fpu_exception	: yes
cpuid level	: 13
wp		: yes
flags		: fpu vme de pse tsc msr pae mce cx8 apic sep mtrr pge mca cmov pat pse36 clflush dts acpi mmx fxsr sse sse2 ss ht tm pbe syscall nx rdtscp lm constant_tsc arch_perfmon pebs bts rep_good nopl xtopology nonstop_tsc aperfmperf eagerfpu pni pclmulqdq dtes64 monitor ds_cpl vmx est tm2 ssse3 cx16 xtpr pdcm pcid sse4_1 sse4_2 x2apic popcnt tsc_deadline_timer aes xsave avx f16c rdrand lahf_lm ida arat epb xsaveopt pln pts dtherm tpr_shadow vnmi flexpriority ept vpid fsgsbase smep erms
bogomips	: 4988.63
clflush size	: 64
cache_alignment	: 64
address sizes	: 36 bits physical, 48 bits virtual
power management:

processor	: 1
vendor_id	: GenuineIntel
cpu family	: 6
model		: 58
model name	: Intel(R) Core(TM) i5-3210M CPU @ 2.50GHz
stepping	: 9
microcode	: 0x12
cpu MHz		: 2983.300
cache size	: 3072 KB
physical id	: 0
siblings	: 4
core id		: 0
cpu cores	: 2
apicid		: 1
initial apicid	: 1
fpu		: yes
fpu_exception	: yes
cpuid level	: 13
wp		: yes
flags		: fpu vme de pse tsc msr pae mce cx8 apic sep mtrr pge mca cmov pat pse36 clflush dts acpi mmx fxsr sse sse2 ss ht tm pbe syscall nx rdtscp lm constant_tsc arch_perfmon pebs bts rep_good nopl xtopology nonstop_tsc aperfmperf eagerfpu pni pclmulqdq dtes64 monitor ds_cpl vmx est tm2 ssse3 cx16 xtpr pdcm pcid sse4_1 sse4_2 x2apic popcnt tsc_deadline_timer aes xsave avx f16c rdrand lahf_lm ida arat epb xsaveopt pln pts dtherm tpr_shadow vnmi flexpriority ept vpid fsgsbase smep erms
bogomips	: 4988.63
clflush size	: 64
cache_alignment	: 64
address sizes	: 36 bits physical, 48 bits virtual
power management:

processor	: 2
vendor_id	: GenuineIntel
cpu family	: 6
model		: 58
model name	: Intel(R) Core(TM) i5-3210M CPU @ 2.50GHz
stepping	: 9
microcode	: 0x12
cpu MHz		: 2900.000
cache size	: 3072 KB
physical id	: 0
siblings	: 4
core id		: 1
cpu cores	: 2
apicid		: 2
initial apicid	: 2
fpu		: yes
fpu_exception	: yes
cpuid level	: 13
wp		: yes
flags		: fpu vme de pse tsc msr pae mce cx8 apic sep mtrr pge mca cmov pat pse36 clflush dts acpi mmx fxsr sse sse2 ss ht tm pbe syscall nx rdtscp lm constant_tsc arch_perfmon pebs bts rep_good nopl xtopology nonstop_tsc aperfmperf eagerfpu pni pclmulqdq dtes64 monitor ds_cpl vmx est tm2 ssse3 cx16 xtpr pdcm pcid sse4_1 sse4_2 x2apic popcnt tsc_deadline_timer aes xsave avx f16c rdrand lahf_lm ida arat epb xsaveopt pln pts dtherm tpr_shadow vnmi flexpriority ept vpid fsgsbase smep erms
bogomips	: 4988.63
clflush size	: 64
cache_alignment	: 64
address sizes	: 36 bits physical, 48 bits virtual
power management:

processor	: 3
vendor_id	: GenuineIntel
cpu family	: 6
model		: 58
model name	: Intel(R) Core(TM) i5-3210M CPU @ 2.50GHz
stepping	: 9
microcode	: 0x12
cpu MHz		: 2924.316
cache size	: 3072 KB
physical id	: 0
siblings	: 4
core id		: 1
cpu cores	: 2
apicid		: 3
initial apicid	: 3
fpu		: yes
fpu_exception	: yes
cpuid level	: 13
wp		: yes
flags		: fpu vme de pse tsc msr pae mce cx8 apic sep mtrr pge mca cmov pat pse36 clflush dts acpi mmx fxsr sse sse2 ss ht tm pbe syscall nx rdtscp lm constant_tsc arch_perfmon pebs bts rep_good nopl xtopology nonstop_tsc aperfmperf eagerfpu pni pclmulqdq dtes64 monitor ds_cpl vmx est tm2 ssse3 cx16 xtpr pdcm pcid sse4_1 sse4_2 x2apic popcnt tsc_deadline_timer aes xsave avx f16c rdrand lahf_lm ida arat epb xsaveopt pln pts dtherm tpr_shadow vnmi flexpriority ept vpid fsgsbase smep erms
bogomips	: 4988.63
clflush size	: 64
cache_alignment	: 64
address sizes	: 36 bits physical, 48 bits virtual
power management:



Memory: 4k page, physical 3891224k(119696k free), swap 4036604k(2696608k free)

vm_info: Java HotSpot(TM) 64-Bit Server VM (25.45-b02) for linux-amd64 JRE (1.8.0_45-b14), built on Apr 10 2015 10:07:45 by "java_re" with gcc 4.3.0 20080428 (Red Hat 4.3.0-8)

time: Sun Nov 29 18:20:10 2015
elapsed time: 210 seconds (0d 0h 3m 30s)

