#
# A fatal error has been detected by the Java Runtime Environment:
#
#  SIGSEGV (0xb) at pc=0x00007ff524693522, pid=8027, tid=140691003885312
#
# JRE version: Java(TM) SE Runtime Environment (8.0_45-b14) (build 1.8.0_45-b14)
# Java VM: Java HotSpot(TM) 64-Bit Server VM (25.45-b02 mixed mode linux-amd64 compressed oops)
# Problematic frame:
# C  [i965_dri.so+0x2fb522]
#
# Failed to write core dump. Core dumps have been disabled. To enable core dumping, try "ulimit -c unlimited" before starting Java again
#
# If you would like to submit a bug report, please visit:
#   http://bugreport.java.com/bugreport/crash.jsp
# The crash happened outside the Java Virtual Machine in native code.
# See problematic frame for where to report the bug.
#

---------------  T H R E A D  ---------------

Current thread (0x00007ff4e8002800):  JavaThread "AWT-EventQueue-1" [_thread_in_native, id=8054, stack(0x00007ff52d3f4000,0x00007ff52d4f5000)]

siginfo: si_signo: 11 (SIGSEGV), si_code: 1 (SEGV_MAPERR), si_addr: 0x000000000000c540

Registers:
RAX=0x00007ff524693510, RBX=0x000000000000c000, RCX=0x0000000000000000, RDX=0x0000000000000001
RSP=0x00007ff52d4f2280, RBP=0x0000000000000000, RSI=0x00007ff4e4fc84c0, RDI=0x0000000100000000
R8 =0x0000000000000000, R9 =0x00007ff527bb1710, R10=0x00007ff53986b247, R11=0x00000000c4a2c5c0
R12=0x00007ff4d81249e0, R13=0x00007ff4d81234f0, R14=0x00007ff4d8132360, R15=0x0000000000000000
RIP=0x00007ff524693522, EFLAGS=0x0000000000010206, CSGSFS=0x0000000000000033, ERR=0x0000000000000004
  TRAPNO=0x000000000000000e

Top of Stack: (sp=0x00007ff52d4f2280)
0x00007ff52d4f2280:   0000000000000000 00007ff4e4fc83d0
0x00007ff52d4f2290:   0000000000000000 00007ff4d81249e0
0x00007ff52d4f22a0:   00007ff4d81234f0 00007ff527bb17b2
0x00007ff52d4f22b0:   00007ff52d4f22e0 00007ff500000000
0x00007ff52d4f22c0:   0000000000000000 0000000000000000
0x00007ff52d4f22d0:   0000000002200053 00007ff527b82b31
0x00007ff52d4f22e0:   00007ff4e4fc83d0 e65ee3e2cf4ca500
0x00007ff52d4f22f0:   0000000002200053 00007ff527b82b60
0x00007ff52d4f2300:   00007ff52d4f2370 0000000000000000
0x00007ff52d4f2310:   00007ff5396725fc 00007ff52d4f23b0
0x00007ff52d4f2320:   00007ff4e8002800 00007ff5262bf849
0x00007ff52d4f2330:   0000000000000000 00007ff527b82b60
0x00007ff52d4f2340:   0000000002200053 00007ff4d8121320
0x00007ff52d4f2350:   00007ff52d4f23b0 00007ff4e80029f8
0x00007ff52d4f2360:   00007ff4e8002800 00007ff527b82b60
0x00007ff52d4f2370:   00007ff52d4f23c0 00007ff53986b2bd
0x00007ff52d4f2380:   00000000ec977610 00000000ec977660
0x00007ff52d4f2390:   00000000ec977650 0000000000000003
0x00007ff52d4f23a0:   00000000ec977670 00000000ec9776c0
0x00007ff52d4f23b0:   00000000c518cd50 00000000ec9776d0
0x00007ff52d4f23c0:   00007ff52d4f2618 00007ff539878594
0x00007ff52d4f23d0:   00007ff5387ff000 00000000c4f9f6e8
0x00007ff52d4f23e0:   00000000ec9777b8 00007ff52d4f25d0
0x00007ff52d4f23f0:   0000000000000009 00007ff5390210c3
0x00007ff52d4f2400:   00007ff52d4f2618 00007ff539775db4
0x00007ff52d4f2410:   00007ff52d4f2618 00007ff52d4f25d0
0x00007ff52d4f2420:   00007ff52d4f25d0 00007ff5390210c3
0x00007ff52d4f2430:   00007ff5390055d0 0000000000000000
0x00007ff52d4f2440:   00007ff52d4f2618 00007ff52d4f25d0
0x00007ff52d4f2450:   00007ff52d4f25d0 00007ff5390210c3
0x00007ff52d4f2460:   00007ff5390055d0 00000000c529c9f0
0x00007ff52d4f2470:   00007ff500000001 00007ff52d4f25d0 

Instructions: (pc=0x00007ff524693522)
0x00007ff524693502:   41 5c c3 66 66 2e 0f 1f 84 00 00 00 00 00 41 55
0x00007ff524693512:   41 54 55 53 48 83 ec 08 48 8b 1f 48 85 db 74 41
0x00007ff524693522:   f6 83 40 05 00 00 01 89 cd 41 89 d5 49 89 f4 75
0x00007ff524693532:   75 41 83 e5 01 75 5f 83 e5 fd 74 32 48 8d 35 bb 

Register to memory mapping:

RAX=0x00007ff524693510: <offset 0x2fb510> in /usr/lib/x86_64-linux-gnu/dri/i965_dri.so at 0x00007ff524398000
RBX=0x000000000000c000 is an unknown value
RCX=0x0000000000000000 is an unknown value
RDX=0x0000000000000001 is an unknown value
RSP=0x00007ff52d4f2280 is pointing into the stack for thread: 0x00007ff4e8002800
RBP=0x0000000000000000 is an unknown value
RSI=0x00007ff4e4fc84c0 is an unknown value
RDI=0x0000000100000000 is pointing into metadata
R8 =0x0000000000000000 is an unknown value
R9 =0x00007ff527bb1710: <offset 0x4b710> in /usr/lib/x86_64-linux-gnu/mesa/libGL.so.1 at 0x00007ff527b66000
R10=0x00007ff53986b247 is at entry_point+71 in (nmethod*)0x00007ff53986b090
R11=0x00000000c4a2c5c0 is an oop
com.jogamp.common.os.MachineDescription$StaticConfig 
 - klass: 'com/jogamp/common/os/MachineDescription$StaticConfig'
R12=0x00007ff4d81249e0 is an unknown value
R13=0x00007ff4d81234f0 is an unknown value
R14=0x00007ff4d8132360 is an unknown value
R15=0x0000000000000000 is an unknown value


Stack: [0x00007ff52d3f4000,0x00007ff52d4f5000],  sp=0x00007ff52d4f2280,  free space=1016k
Native frames: (J=compiled Java code, j=interpreted, Vv=VM code, C=native code)
C  [i965_dri.so+0x2fb522]

Java frames: (J=compiled Java code, j=interpreted, Vv=VM code)
J 2746  jogamp.opengl.x11.glx.GLX.dispatch_glXSwapBuffers0(JJJ)V (0 bytes) @ 0x00007ff53986b247 [0x00007ff53986b200+0x47]
J 2745 C1 jogamp.opengl.x11.glx.GLX.glXSwapBuffers(JJ)V (45 bytes) @ 0x00007ff539878594 [0x00007ff539877be0+0x9b4]
J 2744 C1 jogamp.opengl.x11.glx.X11GLXDrawable.swapBuffersImpl(Z)V (21 bytes) @ 0x00007ff539870644 [0x00007ff5398703a0+0x2a4]
J 2743 C1 jogamp.opengl.GLDrawableImpl.swapBuffers()V (138 bytes) @ 0x00007ff539876754 [0x00007ff5398760a0+0x6b4]
j  javax.media.opengl.awt.GLCanvas$12.run()V+45
J 2456 C1 java.awt.event.InvocationEvent.dispatch()V (69 bytes) @ 0x00007ff539779c4c [0x00007ff539779b00+0x14c]
J 2533 C1 java.awt.EventQueue.dispatchEventImpl(Ljava/awt/AWTEvent;Ljava/lang/Object;)V (149 bytes) @ 0x00007ff5397ad8bc [0x00007ff5397abd40+0x1b7c]
J 2531 C1 java.awt.EventQueue$3.run()Ljava/lang/Void; (60 bytes) @ 0x00007ff5397ab144 [0x00007ff5397aaf40+0x204]
J 2530 C1 java.awt.EventQueue$3.run()Ljava/lang/Object; (5 bytes) @ 0x00007ff53979e6cc [0x00007ff53979e640+0x8c]
v  ~StubRoutines::call_stub
J 668  java.security.AccessController.doPrivileged(Ljava/security/PrivilegedAction;Ljava/security/AccessControlContext;)Ljava/lang/Object; (0 bytes) @ 0x00007ff5392a8ce3 [0x00007ff5392a8c80+0x63]
J 2336 C1 java.awt.EventQueue.dispatchEvent(Ljava/awt/AWTEvent;)V (80 bytes) @ 0x00007ff539659044 [0x00007ff5396587a0+0x8a4]
J 2343 C1 java.awt.EventDispatchThread.pumpOneEventForFilters(I)V (295 bytes) @ 0x00007ff5395fa0d4 [0x00007ff5395f8580+0x1b54]
j  java.awt.EventDispatchThread.pumpEventsForFilter(ILjava/awt/Conditional;Ljava/awt/EventFilter;)V+35
j  java.awt.EventDispatchThread.pumpEventsForHierarchy(ILjava/awt/Conditional;Ljava/awt/Component;)V+11
j  java.awt.EventDispatchThread.pumpEvents(ILjava/awt/Conditional;)V+4
j  java.awt.EventDispatchThread.pumpEvents(Ljava/awt/Conditional;)V+3
j  java.awt.EventDispatchThread.run()V+9
v  ~StubRoutines::call_stub

---------------  P R O C E S S  ---------------

Java Threads: ( => current thread )
  0x00007ff4e5ec5000 JavaThread "Thread-60" [_thread_in_native, id=8128, stack(0x00007ff4d4570000,0x00007ff4d4671000)]
  0x00007ff4e5eb1000 JavaThread "Thread-59" [_thread_in_native, id=8127, stack(0x00007ff4d5757000,0x00007ff4d5858000)]
  0x00007ff4e5eb0800 JavaThread "Thread-55" [_thread_in_native, id=8123, stack(0x00007ff4d5959000,0x00007ff4d5a5a000)]
  0x00007ff4c0002800 JavaThread "Image Fetcher 1" daemon [_thread_blocked, id=8089, stack(0x00007ff4d51d7000,0x00007ff4d52d8000)]
  0x00007ff4c0001800 JavaThread "Image Fetcher 0" daemon [_thread_blocked, id=8088, stack(0x00007ff4d5a5a000,0x00007ff4d5b5b000)]
  0x00007ff4e5eaf800 JavaThread "Thread-20" [_thread_in_native, id=8085, stack(0x00007ff4d5858000,0x00007ff4d5959000)]
  0x00007ff4e55e9800 JavaThread "Keep-Alive-Timer" daemon [_thread_blocked, id=8065, stack(0x00007ff524076000,0x00007ff524177000)]
  0x00007ff4d80fd800 JavaThread "Animation Thread-SharedResourceRunner" daemon [_thread_blocked, id=8064, stack(0x00007ff52cdf2000,0x00007ff52cef3000)]
  0x00007ff4d8088800 JavaThread "process reaper" daemon [_thread_blocked, id=8059, stack(0x00007ff534097000,0x00007ff5340d0000)]
  0x00007ff4e8009000 JavaThread "Animation Thread" [_thread_blocked, id=8055, stack(0x00007ff52d0f3000,0x00007ff52d1f4000)]
=>0x00007ff4e8002800 JavaThread "AWT-EventQueue-1" [_thread_in_native, id=8054, stack(0x00007ff52d3f4000,0x00007ff52d4f5000)]
  0x00007ff54800a000 JavaThread "DestroyJavaVM" [_thread_blocked, id=8033, stack(0x00007ff54f3e9000,0x00007ff54f4ea000)]
  0x00007ff54823f000 JavaThread "AWT-EventQueue-0" [_thread_blocked, id=8052, stack(0x00007ff52db9c000,0x00007ff52dc9d000)]
  0x00007ff54823c800 JavaThread "AWT-Shutdown" [_thread_blocked, id=8051, stack(0x00007ff52dc9d000,0x00007ff52dd9e000)]
  0x00007ff548225000 JavaThread "thread applet-module4.EarthquakeCityMap.class" [_thread_blocked, id=8050, stack(0x00007ff52dd9e000,0x00007ff52de9f000)]
  0x00007ff548218000 JavaThread "AWT-XAWT" daemon [_thread_in_native, id=8048, stack(0x00007ff52de9f000,0x00007ff52dfa0000)]
  0x00007ff5481fa000 JavaThread "Java2D Disposer" daemon [_thread_blocked, id=8047, stack(0x00007ff52e3b0000,0x00007ff52e4b1000)]
  0x00007ff5480cb000 JavaThread "Service Thread" daemon [_thread_blocked, id=8045, stack(0x00007ff5341ff000,0x00007ff534300000)]
  0x00007ff5480be000 JavaThread "C1 CompilerThread2" daemon [_thread_blocked, id=8044, stack(0x00007ff534300000,0x00007ff534401000)]
  0x00007ff5480bc000 JavaThread "C2 CompilerThread1" daemon [_thread_blocked, id=8043, stack(0x00007ff534401000,0x00007ff534502000)]
  0x00007ff5480b9000 JavaThread "C2 CompilerThread0" daemon [_thread_blocked, id=8042, stack(0x00007ff534502000,0x00007ff534603000)]
  0x00007ff5480b7800 JavaThread "Signal Dispatcher" daemon [_thread_blocked, id=8041, stack(0x00007ff534603000,0x00007ff534704000)]
  0x00007ff54807f800 JavaThread "Finalizer" daemon [_thread_blocked, id=8040, stack(0x00007ff534de6000,0x00007ff534ee7000)]
  0x00007ff54807d800 JavaThread "Reference Handler" daemon [_thread_blocked, id=8039, stack(0x00007ff534ee7000,0x00007ff534fe8000)]

Other Threads:
  0x00007ff548078800 VMThread [stack: 0x00007ff534fe8000,0x00007ff5350e9000] [id=8038]
  0x00007ff5480cd800 WatcherThread [stack: 0x00007ff5340fe000,0x00007ff5341ff000] [id=8046]

VM state:not at safepoint (normal execution)

VM Mutex/Monitor currently owned by a thread: None

Heap:
 PSYoungGen      total 30208K, used 9801K [0x00000000ec300000, 0x00000000ee980000, 0x0000000100000000)
  eden space 23040K, 29% used [0x00000000ec300000,0x00000000ec9a23f0,0x00000000ed980000)
  from space 7168K, 41% used [0x00000000ee280000,0x00000000ee5700c0,0x00000000ee980000)
  to   space 8192K, 0% used [0x00000000ed980000,0x00000000ed980000,0x00000000ee180000)
 ParOldGen       total 41472K, used 24035K [0x00000000c4800000, 0x00000000c7080000, 0x00000000ec300000)
  object space 41472K, 57% used [0x00000000c4800000,0x00000000c5f78ef0,0x00000000c7080000)
 Metaspace       used 21482K, capacity 21659K, committed 21808K, reserved 1069056K
  class space    used 2000K, capacity 2085K, committed 2176K, reserved 1048576K

Card table byte_map: [0x00007ff538e23000,0x00007ff539000000] byte_map_base: 0x00007ff5387ff000

Marking Bits: (ParMarkBitMap*) 0x00007ff54e8bb760
 Begin Bits: [0x00007ff536c5f000, 0x00007ff537b3f000)
 End Bits:   [0x00007ff537b3f000, 0x00007ff538a1f000)

Polling page: 0x00007ff54f502000

CodeCache: size=245760Kb used=8693Kb max_used=8871Kb free=237066Kb
 bounds [0x00007ff539000000, 0x00007ff5398e0000, 0x00007ff548000000]
 total_blobs=3471 nmethods=2503 adapters=881
 compilation: enabled

Compilation events (10 events):
Event: 29.270 Thread 0x00007ff5480be000 2954       3       sun.awt.image.ImageWatched$Link::removeWatcher (2 bytes)
Event: 29.270 Thread 0x00007ff5480be000 nmethod 2954 0x00007ff53973fbd0 code [0x00007ff53973fd20, 0x00007ff53973fe70]
Event: 29.873 Thread 0x00007ff5480be000 2955       1       java.net.Proxy::type (5 bytes)
Event: 29.873 Thread 0x00007ff5480be000 nmethod 2955 0x00007ff53973f910 code [0x00007ff53973fa60, 0x00007ff53973fb70]
Event: 29.953 Thread 0x00007ff5480be000 2956       3       java.lang.Character::<init> (10 bytes)
Event: 29.954 Thread 0x00007ff5480be000 nmethod 2956 0x00007ff53973f550 code [0x00007ff53973f6c0, 0x00007ff53973f870]
Event: 29.954 Thread 0x00007ff5480be000 2957       3       java.lang.Character::valueOf (21 bytes)
Event: 29.954 Thread 0x00007ff5480be000 nmethod 2957 0x00007ff539137510 code [0x00007ff539137680, 0x00007ff539137930]
Event: 29.954 Thread 0x00007ff5480be000 2958       3       sun.awt.X11.XKeysym$Keysym2JavaKeycode::<init> (15 bytes)
Event: 29.955 Thread 0x00007ff5480be000 nmethod 2958 0x00007ff539137150 code [0x00007ff5391372c0, 0x00007ff539137470]

GC Heap History (10 events):
Event: 22.655 GC heap before
{Heap before GC invocations=11 (full 1):
 PSYoungGen      total 27648K, used 27584K [0x00000000ec300000, 0x00000000eef00000, 0x0000000100000000)
  eden space 25600K, 100% used [0x00000000ec300000,0x00000000edc00000,0x00000000edc00000)
  from space 2048K, 96% used [0x00000000edc80000,0x00000000ede70080,0x00000000ede80000)
  to   space 9728K, 0% used [0x00000000ee580000,0x00000000ee580000,0x00000000eef00000)
 ParOldGen       total 41472K, used 14571K [0x00000000c4800000, 0x00000000c7080000, 0x00000000ec300000)
  object space 41472K, 35% used [0x00000000c4800000,0x00000000c563ac70,0x00000000c7080000)
 Metaspace       used 21335K, capacity 21531K, committed 21808K, reserved 1069056K
  class space    used 1998K, capacity 2085K, committed 2176K, reserved 1048576K
Event: 22.664 GC heap after
Heap after GC invocations=11 (full 1):
 PSYoungGen      total 34304K, used 1760K [0x00000000ec300000, 0x00000000eee80000, 0x0000000100000000)
  eden space 25088K, 0% used [0x00000000ec300000,0x00000000ec300000,0x00000000edb80000)
  from space 9216K, 19% used [0x00000000ee580000,0x00000000ee738070,0x00000000eee80000)
  to   space 9728K, 0% used [0x00000000edb80000,0x00000000edb80000,0x00000000ee500000)
 ParOldGen       total 41472K, used 16155K [0x00000000c4800000, 0x00000000c7080000, 0x00000000ec300000)
  object space 41472K, 38% used [0x00000000c4800000,0x00000000c57c6cd0,0x00000000c7080000)
 Metaspace       used 21335K, capacity 21531K, committed 21808K, reserved 1069056K
  class space    used 1998K, capacity 2085K, committed 2176K, reserved 1048576K
}
Event: 24.373 GC heap before
{Heap before GC invocations=12 (full 1):
 PSYoungGen      total 34304K, used 26749K [0x00000000ec300000, 0x00000000eee80000, 0x0000000100000000)
  eden space 25088K, 99% used [0x00000000ec300000,0x00000000edb67690,0x00000000edb80000)
  from space 9216K, 19% used [0x00000000ee580000,0x00000000ee738070,0x00000000eee80000)
  to   space 9728K, 0% used [0x00000000edb80000,0x00000000edb80000,0x00000000ee500000)
 ParOldGen       total 41472K, used 16155K [0x00000000c4800000, 0x00000000c7080000, 0x00000000ec300000)
  object space 41472K, 38% used [0x00000000c4800000,0x00000000c57c6cd0,0x00000000c7080000)
 Metaspace       used 21364K, capacity 21595K, committed 21808K, reserved 1069056K
  class space    used 1998K, capacity 2085K, committed 2176K, reserved 1048576K
Event: 24.375 GC heap after
Heap after GC invocations=12 (full 1):
 PSYoungGen      total 28160K, used 3248K [0x00000000ec300000, 0x00000000eed00000, 0x0000000100000000)
  eden space 24576K, 0% used [0x00000000ec300000,0x00000000ec300000,0x00000000edb00000)
  from space 3584K, 90% used [0x00000000edb80000,0x00000000edeac0d0,0x00000000edf00000)
  to   space 9216K, 0% used [0x00000000ee400000,0x00000000ee400000,0x00000000eed00000)
 ParOldGen       total 41472K, used 16995K [0x00000000c4800000, 0x00000000c7080000, 0x00000000ec300000)
  object space 41472K, 40% used [0x00000000c4800000,0x00000000c5898d20,0x00000000c7080000)
 Metaspace       used 21364K, capacity 21595K, committed 21808K, reserved 1069056K
  class space    used 1998K, capacity 2085K, committed 2176K, reserved 1048576K
}
Event: 26.138 GC heap before
{Heap before GC invocations=13 (full 1):
 PSYoungGen      total 28160K, used 27824K [0x00000000ec300000, 0x00000000eed00000, 0x0000000100000000)
  eden space 24576K, 100% used [0x00000000ec300000,0x00000000edb00000,0x00000000edb00000)
  from space 3584K, 90% used [0x00000000edb80000,0x00000000edeac0d0,0x00000000edf00000)
  to   space 9216K, 0% used [0x00000000ee400000,0x00000000ee400000,0x00000000eed00000)
 ParOldGen       total 41472K, used 16995K [0x00000000c4800000, 0x00000000c7080000, 0x00000000ec300000)
  object space 41472K, 40% used [0x00000000c4800000,0x00000000c5898d20,0x00000000c7080000)
 Metaspace       used 21383K, capacity 21595K, committed 21808K, reserved 1069056K
  class space    used 1998K, capacity 2085K, committed 2176K, reserved 1048576K
Event: 26.146 GC heap after
Heap after GC invocations=13 (full 1):
 PSYoungGen      total 31744K, used 3760K [0x00000000ec300000, 0x00000000eeb80000, 0x0000000100000000)
  eden space 24064K, 0% used [0x00000000ec300000,0x00000000ec300000,0x00000000eda80000)
  from space 7680K, 48% used [0x00000000ee400000,0x00000000ee7ac0f0,0x00000000eeb80000)
  to   space 8704K, 0% used [0x00000000eda80000,0x00000000eda80000,0x00000000ee300000)
 ParOldGen       total 41472K, used 19331K [0x00000000c4800000, 0x00000000c7080000, 0x00000000ec300000)
  object space 41472K, 46% used [0x00000000c4800000,0x00000000c5ae0db0,0x00000000c7080000)
 Metaspace       used 21383K, capacity 21595K, committed 21808K, reserved 1069056K
  class space    used 1998K, capacity 2085K, committed 2176K, reserved 1048576K
}
Event: 27.795 GC heap before
{Heap before GC invocations=14 (full 1):
 PSYoungGen      total 31744K, used 27824K [0x00000000ec300000, 0x00000000eeb80000, 0x0000000100000000)
  eden space 24064K, 100% used [0x00000000ec300000,0x00000000eda80000,0x00000000eda80000)
  from space 7680K, 48% used [0x00000000ee400000,0x00000000ee7ac0f0,0x00000000eeb80000)
  to   space 8704K, 0% used [0x00000000eda80000,0x00000000eda80000,0x00000000ee300000)
 ParOldGen       total 41472K, used 19331K [0x00000000c4800000, 0x00000000c7080000, 0x00000000ec300000)
  object space 41472K, 46% used [0x00000000c4800000,0x00000000c5ae0db0,0x00000000c7080000)
 Metaspace       used 21396K, capacity 21595K, committed 21808K, reserved 1069056K
  class space    used 1998K, capacity 2085K, committed 2176K, reserved 1048576K
Event: 27.809 GC heap after
Heap after GC invocations=14 (full 1):
 PSYoungGen      total 26624K, used 2816K [0x00000000ec300000, 0x00000000eeb00000, 0x0000000100000000)
  eden space 23552K, 0% used [0x00000000ec300000,0x00000000ec300000,0x00000000eda00000)
  from space 3072K, 91% used [0x00000000eda80000,0x00000000edd400c0,0x00000000edd80000)
  to   space 8704K, 0% used [0x00000000ee280000,0x00000000ee280000,0x00000000eeb00000)
 ParOldGen       total 41472K, used 22187K [0x00000000c4800000, 0x00000000c7080000, 0x00000000ec300000)
  object space 41472K, 53% used [0x00000000c4800000,0x00000000c5daae70,0x00000000c7080000)
 Metaspace       used 21396K, capacity 21595K, committed 21808K, reserved 1069056K
  class space    used 1998K, capacity 2085K, committed 2176K, reserved 1048576K
}
Event: 29.439 GC heap before
{Heap before GC invocations=15 (full 1):
 PSYoungGen      total 26624K, used 26368K [0x00000000ec300000, 0x00000000eeb00000, 0x0000000100000000)
  eden space 23552K, 100% used [0x00000000ec300000,0x00000000eda00000,0x00000000eda00000)
  from space 3072K, 91% used [0x00000000eda80000,0x00000000edd400c0,0x00000000edd80000)
  to   space 8704K, 0% used [0x00000000ee280000,0x00000000ee280000,0x00000000eeb00000)
 ParOldGen       total 41472K, used 22187K [0x00000000c4800000, 0x00000000c7080000, 0x00000000ec300000)
  object space 41472K, 53% used [0x00000000c4800000,0x00000000c5daae70,0x00000000c7080000)
 Metaspace       used 21405K, capacity 21595K, committed 21808K, reserved 1069056K
  class space    used 1998K, capacity 2085K, committed 2176K, reserved 1048576K
Event: 29.448 GC heap after
Heap after GC invocations=15 (full 1):
 PSYoungGen      total 30208K, used 3008K [0x00000000ec300000, 0x00000000ee980000, 0x0000000100000000)
  eden space 23040K, 0% used [0x00000000ec300000,0x00000000ec300000,0x00000000ed980000)
  from space 7168K, 41% used [0x00000000ee280000,0x00000000ee5700c0,0x00000000ee980000)
  to   space 8192K, 0% used [0x00000000ed980000,0x00000000ed980000,0x00000000ee180000)
 ParOldGen       total 41472K, used 24035K [0x00000000c4800000, 0x00000000c7080000, 0x00000000ec300000)
  object space 41472K, 57% used [0x00000000c4800000,0x00000000c5f78ef0,0x00000000c7080000)
 Metaspace       used 21405K, capacity 21595K, committed 21808K, reserved 1069056K
  class space    used 1998K, capacity 2085K, committed 2176K, reserved 1048576K
}

Deoptimization events (10 events):
Event: 11.788 Thread 0x00007ff4e8002800 Uncommon trap: reason=unstable_if action=reinterpret pc=0x00007ff5393a47ec method=processing.opengl.PGraphicsOpenGL$TessGeometry.polyIndexCheck(I)V @ 13
Event: 12.271 Thread 0x00007ff4e8002800 Uncommon trap: reason=unstable_if action=reinterpret pc=0x00007ff53944ec80 method=processing.opengl.PGraphicsOpenGL$TessGeometry.polyVertexCheck(I)V @ 15
Event: 22.038 Thread 0x00007ff4e8002800 Uncommon trap: reason=unstable_if action=reinterpret pc=0x00007ff53978f3e8 method=de.fhpotsdam.unfolding.mapdisplay.AbstractMapDisplay$ZoomComparator.compare(Lde/fhpotsdam/unfolding/core/Coordinate;Lde/fhpotsdam/unfolding/core/Coordinate;)I @ 9
Event: 22.038 Thread 0x00007ff4e8002800 Uncommon trap: reason=unstable_if action=reinterpret pc=0x00007ff539113284 method=de.fhpotsdam.unfolding.core.Coordinate.equals(Ljava/lang/Object;)Z @ 38
Event: 26.271 Thread 0x00007ff4e8002800 Uncommon trap: reason=unstable_if action=reinterpret pc=0x00007ff5392429bc method=sun.misc.FloatingDecimal$BinaryToASCIIBuffer.developLongDigits(IJI)V @ 104
Event: 26.271 Thread 0x00007ff4e8002800 Uncommon trap: reason=unstable_if action=reinterpret pc=0x00007ff539739acc method=sun.misc.FloatingDecimal$BinaryToASCIIBuffer.getChars([C)I @ 94
Event: 26.271 Thread 0x00007ff4e8002800 Uncommon trap: reason=unstable_if action=reinterpret pc=0x00007ff5396c9550 method=java.text.DigitList.getDataChars(I)[C @ 13
Event: 26.271 Thread 0x00007ff4e8002800 Uncommon trap: reason=unstable_if action=reinterpret pc=0x00007ff539710be8 method=java.text.DecimalFormat.subformat(Ljava/lang/StringBuffer;Ljava/text/Format$FieldDelegate;ZZIIII)Ljava/lang/StringBuffer; @ 753
Event: 26.271 Thread 0x00007ff4e8002800 Uncommon trap: reason=unstable_if action=reinterpret pc=0x00007ff53910b6fc method=sun.misc.FloatingDecimal$BinaryToASCIIBuffer.developLongDigits(IJI)V @ 104
Event: 29.964 Thread 0x00007ff4e8002800 Uncommon trap: reason=unstable_if action=reinterpret pc=0x00007ff53978f440 method=java.lang.reflect.Method.invoke(Ljava/lang/Object;[Ljava/lang/Object;)Ljava/lang/Object; @ 45

Internal exceptions (10 events):
Event: 6.324 Thread 0x00007ff4e8002800 Exception <a 'java/lang/reflect/InvocationTargetException'> (0x00000000ecd39cf0) thrown at [/RE-WORK/workspace/8-2-build-linux-amd64/jdk8u45/3457/hotspot/src/share/vm/runtime/reflection.cpp, line 1080]
Event: 6.328 Thread 0x00007ff4e8002800 Exception <a 'java/lang/reflect/InvocationTargetException'> (0x00000000ecd3a5b8) thrown at [/RE-WORK/workspace/8-2-build-linux-amd64/jdk8u45/3457/hotspot/src/share/vm/runtime/reflection.cpp, line 1080]
Event: 9.144 Thread 0x00007ff4e8002800 Exception <a 'java/lang/reflect/InvocationTargetException'> (0x00000000ec932580) thrown at [/RE-WORK/workspace/8-2-build-linux-amd64/jdk8u45/3457/hotspot/src/share/vm/runtime/reflection.cpp, line 1080]
Event: 9.150 Thread 0x00007ff4e8002800 Exception <a 'java/lang/reflect/InvocationTargetException'> (0x00000000ec933870) thrown at [/RE-WORK/workspace/8-2-build-linux-amd64/jdk8u45/3457/hotspot/src/share/vm/runtime/reflection.cpp, line 1080]
Event: 9.229 Thread 0x00007ff4e8002800 Exception <a 'java/lang/reflect/InvocationTargetException'> (0x00000000eca24128) thrown at [/RE-WORK/workspace/8-2-build-linux-amd64/jdk8u45/3457/hotspot/src/share/vm/runtime/reflection.cpp, line 1080]
Event: 9.232 Thread 0x00007ff4e8002800 Exception <a 'java/lang/reflect/InvocationTargetException'> (0x00000000eca24938) thrown at [/RE-WORK/workspace/8-2-build-linux-amd64/jdk8u45/3457/hotspot/src/share/vm/runtime/reflection.cpp, line 1080]
Event: 9.246 Thread 0x00007ff4e8002800 Exception <a 'java/lang/reflect/InvocationTargetException'> (0x00000000ecafe528) thrown at [/RE-WORK/workspace/8-2-build-linux-amd64/jdk8u45/3457/hotspot/src/share/vm/runtime/reflection.cpp, line 1080]
Event: 9.249 Thread 0x00007ff4e8002800 Exception <a 'java/lang/reflect/InvocationTargetException'> (0x00000000ecaff4d8) thrown at [/RE-WORK/workspace/8-2-build-linux-amd64/jdk8u45/3457/hotspot/src/share/vm/runtime/reflection.cpp, line 1080]
Event: 9.278 Thread 0x00007ff4e8002800 Exception <a 'java/lang/reflect/InvocationTargetException'> (0x00000000ecb5f548) thrown at [/RE-WORK/workspace/8-2-build-linux-amd64/jdk8u45/3457/hotspot/src/share/vm/runtime/reflection.cpp, line 1080]
Event: 29.964 Thread 0x00007ff4e8002800 Implicit null exception at 0x00007ff53978f377 to 0x00007ff53978f425

Events (10 events):
Event: 29.951 loading class sun/awt/X11/XKeyEvent done
Event: 29.952 loading class sun/awt/X11/XKeysym
Event: 29.953 loading class sun/awt/X11/XKeysym done
Event: 29.953 loading class sun/awt/X11/XKeysym$Keysym2JavaKeycode
Event: 29.953 loading class sun/awt/X11/XKeysym$Keysym2JavaKeycode done
Event: 29.958 loading class java/awt/KeyboardFocusManager$5
Event: 29.958 loading class java/awt/KeyboardFocusManager$5 done
Event: 29.964 Thread 0x00007ff4e8002800 Uncommon trap: trap_request=0xffffff65 fr.pc=0x00007ff53978f440
Event: 29.964 Thread 0x00007ff4e8002800 DEOPT PACKING pc=0x00007ff53978f440 sp=0x00007ff52d4f1e50
Event: 29.964 Thread 0x00007ff4e8002800 DEOPT UNPACKING pc=0x00007ff539005229 sp=0x00007ff52d4f1e20 mode 2


Dynamic libraries:
00400000-00401000 r-xp 00000000 08:02 4856071                            /usr/lib/jvm/java-8-oracle/bin/java
00600000-00601000 rw-p 00000000 08:02 4856071                            /usr/lib/jvm/java-8-oracle/bin/java
00fdf000-01000000 rw-p 00000000 00:00 0                                  [heap]
c4800000-c7080000 rw-p 00000000 00:00 0 
c7080000-ec300000 ---p 00000000 00:00 0 
ec300000-ee980000 rw-p 00000000 00:00 0 
ee980000-100000000 ---p 00000000 00:00 0 
100000000-100220000 rw-p 00000000 00:00 0 
100220000-140000000 ---p 00000000 00:00 0 
7ff4b2dc0000-7ff4b2e30000 rw-s 00000000 00:04 146804                     /drm mm object (deleted)
7ff4b2e30000-7ff4b2ea0000 rw-s 00000000 00:04 146310                     /drm mm object (deleted)
7ff4b2ea0000-7ff4b2f10000 rw-s 00000000 00:04 146309                     /drm mm object (deleted)
7ff4b2f10000-7ff4b2f80000 rw-s 00000000 00:04 144946                     /drm mm object (deleted)
7ff4b2f80000-7ff4b2ff0000 rw-s 00000000 00:04 147921                     /drm mm object (deleted)
7ff4b2ff0000-7ff4b3060000 rw-s 00000000 00:04 146801                     /drm mm object (deleted)
7ff4b3060000-7ff4b30d0000 rw-s 00000000 00:04 146800                     /drm mm object (deleted)
7ff4b30d0000-7ff4b3140000 rw-s 00000000 00:04 144945                     /drm mm object (deleted)
7ff4b3140000-7ff4b31b0000 rw-s 00000000 00:04 146307                     /drm mm object (deleted)
7ff4b31b0000-7ff4b3220000 rw-s 00000000 00:04 146791                     /drm mm object (deleted)
7ff4b3220000-7ff4b3290000 rw-s 00000000 00:04 146786                     /drm mm object (deleted)
7ff4b3290000-7ff4b3300000 rw-s 00000000 00:04 146783                     /drm mm object (deleted)
7ff4b3300000-7ff4b3370000 rw-s 00000000 00:04 146782                     /drm mm object (deleted)
7ff4b3370000-7ff4b33e0000 rw-s 00000000 00:04 146306                     /drm mm object (deleted)
7ff4b33e0000-7ff4b3450000 rw-s 00000000 00:04 144939                     /drm mm object (deleted)
7ff4b3450000-7ff4b34c0000 rw-s 00000000 00:04 146305                     /drm mm object (deleted)
7ff4b34c0000-7ff4b3530000 rw-s 00000000 00:04 146781                     /drm mm object (deleted)
7ff4b3530000-7ff4b35a0000 rw-s 00000000 00:04 146304                     /drm mm object (deleted)
7ff4b35a0000-7ff4b3610000 rw-s 00000000 00:04 144938                     /drm mm object (deleted)
7ff4b3610000-7ff4b3680000 rw-s 00000000 00:04 144937                     /drm mm object (deleted)
7ff4b3680000-7ff4b36f0000 rw-s 00000000 00:04 144936                     /drm mm object (deleted)
7ff4b36f0000-7ff4b3760000 rw-s 00000000 00:04 144932                     /drm mm object (deleted)
7ff4b3760000-7ff4b37d0000 rw-s 00000000 00:04 144931                     /drm mm object (deleted)
7ff4b37d0000-7ff4b3840000 rw-s 00000000 00:04 144930                     /drm mm object (deleted)
7ff4b3840000-7ff4b38b0000 rw-s 00000000 00:04 144929                     /drm mm object (deleted)
7ff4b38b0000-7ff4b3920000 rw-s 00000000 00:04 144928                     /drm mm object (deleted)
7ff4b3920000-7ff4b3990000 rw-s 00000000 00:04 146303                     /drm mm object (deleted)
7ff4b3990000-7ff4b3a00000 rw-s 00000000 00:04 146780                     /drm mm object (deleted)
7ff4b3a00000-7ff4b3a70000 rw-s 00000000 00:04 146779                     /drm mm object (deleted)
7ff4b3a70000-7ff4b3ae0000 rw-s 00000000 00:04 144922                     /drm mm object (deleted)
7ff4b3ae0000-7ff4b3b50000 rw-s 00000000 00:04 147911                     /drm mm object (deleted)
7ff4b3b50000-7ff4b3bc0000 rw-s 00000000 00:04 146302                     /drm mm object (deleted)
7ff4b3bc0000-7ff4b3c30000 rw-s 00000000 00:04 144921                     /drm mm object (deleted)
7ff4b3c30000-7ff4b3ca0000 rw-s 00000000 00:04 144918                     /drm mm object (deleted)
7ff4b3ca0000-7ff4b3d10000 rw-s 00000000 00:04 144905                     /drm mm object (deleted)
7ff4b3d10000-7ff4b3d80000 rw-s 00000000 00:04 146299                     /drm mm object (deleted)
7ff4b3d80000-7ff4b4000000 rw-s 00000000 00:04 146758                     /drm mm object (deleted)
7ff4b4000000-7ff4b4063000 rw-p 00000000 00:00 0 
7ff4b4063000-7ff4b8000000 ---p 00000000 00:00 0 
7ff4b8000000-7ff4b8021000 rw-p 00000000 00:00 0 
7ff4b8021000-7ff4bc000000 ---p 00000000 00:00 0 
7ff4bc000000-7ff4bc021000 rw-p 00000000 00:00 0 
7ff4bc021000-7ff4c0000000 ---p 00000000 00:00 0 
7ff4c0000000-7ff4c0021000 rw-p 00000000 00:00 0 
7ff4c0021000-7ff4c4000000 ---p 00000000 00:00 0 
7ff4c4000000-7ff4c407c000 rw-p 00000000 00:00 0 
7ff4c407c000-7ff4c8000000 ---p 00000000 00:00 0 
7ff4c8000000-7ff4c8021000 rw-p 00000000 00:00 0 
7ff4c8021000-7ff4cc000000 ---p 00000000 00:00 0 
7ff4cc000000-7ff4cc021000 rw-p 00000000 00:00 0 
7ff4cc021000-7ff4d0000000 ---p 00000000 00:00 0 
7ff4d0000000-7ff4d185a000 rw-p 00000000 00:00 0 
7ff4d185a000-7ff4d4000000 ---p 00000000 00:00 0 
7ff4d4050000-7ff4d40c0000 rw-s 00000000 00:04 146298                     /drm mm object (deleted)
7ff4d40c0000-7ff4d4130000 rw-s 00000000 00:04 146777                     /drm mm object (deleted)
7ff4d4130000-7ff4d41a0000 rw-s 00000000 00:04 147910                     /drm mm object (deleted)
7ff4d41a0000-7ff4d4210000 rw-s 00000000 00:04 147880                     /drm mm object (deleted)
7ff4d4210000-7ff4d4490000 rw-s 00000000 00:04 146694                     /drm mm object (deleted)
7ff4d4490000-7ff4d4500000 rw-s 00000000 00:04 146706                     /drm mm object (deleted)
7ff4d4500000-7ff4d4570000 rw-s 00000000 00:04 146697                     /drm mm object (deleted)
7ff4d4570000-7ff4d4573000 ---p 00000000 00:00 0 
7ff4d4573000-7ff4d4671000 rw-p 00000000 00:00 0                          [stack:8128]
7ff4d4671000-7ff4d48f1000 rw-s 00000000 00:04 146684                     /drm mm object (deleted)
7ff4d48f1000-7ff4d4b71000 rw-s 00000000 00:04 146683                     /drm mm object (deleted)
7ff4d4b71000-7ff4d4b72000 r--s 00000000 08:02 786530                     /var/cache/fontconfig/c05880de57d1f5e948fdfacc138775d9-le64.cache-4
7ff4d4b72000-7ff4d4b7d000 r--s 00000000 08:02 786523                     /var/cache/fontconfig/945677eb7aeaf62f1d50efc3fb3ec7d8-le64.cache-4
7ff4d4b7d000-7ff4d4b83000 r--s 00000000 08:02 786507                     /var/cache/fontconfig/2cd17615ca594fa2959ae173292e504c-le64.cache-4
7ff4d4b83000-7ff4d4b84000 r--s 00000000 08:02 786541                     /var/cache/fontconfig/e7071f4a29fa870f4323321c154eba04-le64.cache-4
7ff4d4b84000-7ff4d4b85000 r--s 00000000 08:02 786504                     /var/cache/fontconfig/0d8c3b2ac0904cb8a57a757ad11a4a08-le64.cache-4
7ff4d4b85000-7ff4d4b8c000 r--s 00000000 08:02 786527                     /var/cache/fontconfig/a755afe4a08bf5b97852ceb7400b47bc-le64.cache-4
7ff4d4b8c000-7ff4d4b8d000 r--s 00000000 08:02 786526                     /var/cache/fontconfig/a6354e3ac43af67bd8d7b8e43c34e49f-le64.cache-4
7ff4d4b8d000-7ff4d4b8e000 r--s 00000000 08:02 786506                     /var/cache/fontconfig/1ac9eb803944fde146138c791f5cc56a-le64.cache-4
7ff4d4b8e000-7ff4d4b92000 r--s 00000000 08:02 786510                     /var/cache/fontconfig/385c0604a188198f04d133e54aba7fe7-le64.cache-4
7ff4d4b92000-7ff4d4b93000 r--s 00000000 08:02 786538                     /var/cache/fontconfig/dc05db6664285cc2f12bf69c139ae4c3-le64.cache-4
7ff4d4b93000-7ff4d4b95000 r--s 00000000 08:02 786520                     /var/cache/fontconfig/767a8244fc0220cfb567a839d0392e0b-le64.cache-4
7ff4d4b95000-7ff4d4b9c000 r--s 00000000 08:02 786508                     /var/cache/fontconfig/3047814df9a2f067bd2d96a2b9c36e5a-le64.cache-4
7ff4d4b9c000-7ff4d4baf000 r--s 00000000 08:02 786534                     /var/cache/fontconfig/d52a8644073d54c13679302ca1180695-le64.cache-4
7ff4d4baf000-7ff4d4bb8000 r--s 00000000 08:02 786511                     /var/cache/fontconfig/3f7329c5293ffd510edef78f73874cfd-le64.cache-4
7ff4d4bb8000-7ff4d4bcd000 r--s 00000000 08:02 786537                     /var/cache/fontconfig/da82082e1ef13c4097208324d67c180c-le64.cache-4
7ff4d4c23000-7ff4d4ce3000 rw-s 10755b000 00:05 1552                      /dev/dri/card0
7ff4d4ce3000-7ff4d4da3000 rw-s 10b191000 00:05 1552                      /dev/dri/card0
7ff4d4de7000-7ff4d4e57000 rw-s 00000000 00:04 146774                     /drm mm object (deleted)
7ff4d4e57000-7ff4d4ec7000 rw-s 00000000 00:04 146773                     /drm mm object (deleted)
7ff4d4ec7000-7ff4d4f37000 rw-s 00000000 00:04 146767                     /drm mm object (deleted)
7ff4d4f37000-7ff4d4fa7000 rw-s 00000000 00:04 146283                     /drm mm object (deleted)
7ff4d4fa7000-7ff4d5017000 rw-s 00000000 00:04 146277                     /drm mm object (deleted)
7ff4d5017000-7ff4d5087000 rw-s 00000000 00:04 146276                     /drm mm object (deleted)
7ff4d5087000-7ff4d50f7000 rw-s 00000000 00:04 146765                     /drm mm object (deleted)
7ff4d50f7000-7ff4d5167000 rw-s 00000000 00:04 146275                     /drm mm object (deleted)
7ff4d5167000-7ff4d51d7000 rw-s 00000000 00:04 147901                     /drm mm object (deleted)
7ff4d51d7000-7ff4d51da000 ---p 00000000 00:00 0 
7ff4d51da000-7ff4d52d8000 rw-p 00000000 00:00 0                          [stack:8089]
7ff4d52d8000-7ff4d52d9000 r--s 00000000 08:02 788870                     /var/cache/fontconfig/4794a0821666d79190d59a36cb4f44b5-le64.cache-4
7ff4d52d9000-7ff4d52de000 r--s 00000000 08:02 786522                     /var/cache/fontconfig/8801497958630a81b71ace7c5f9b32a8-le64.cache-4
7ff4d52de000-7ff4d52df000 r--s 00000000 08:02 786514                     /var/cache/fontconfig/56cf4f4769d0f4abc89a4895d7bd3ae1-le64.cache-4
7ff4d52df000-7ff4d52e0000 r--s 00000000 08:02 786529                     /var/cache/fontconfig/b9d506c9ac06c20b433354fa67a72993-le64.cache-4
7ff4d52e0000-7ff4d52ed000 r--s 00000000 08:02 786637                     /var/cache/fontconfig/e13b20fdb08344e0e664864cc2ede53d-le64.cache-4
7ff4d52ed000-7ff4d5419000 rw-p 00000000 00:00 0 
7ff4d5419000-7ff4d54ed000 ---p 00000000 00:00 0 
7ff4d5517000-7ff4d5597000 rw-s 10b111000 00:05 1552                      /dev/dri/card0
7ff4d5597000-7ff4d5757000 rw-s 00000000 00:04 144857                     /drm mm object (deleted)
7ff4d5757000-7ff4d575a000 ---p 00000000 00:00 0 
7ff4d575a000-7ff4d5858000 rw-p 00000000 00:00 0                          [stack:8127]
7ff4d5858000-7ff4d585b000 ---p 00000000 00:00 0 
7ff4d585b000-7ff4d5959000 rw-p 00000000 00:00 0                          [stack:8085]
7ff4d5959000-7ff4d595c000 ---p 00000000 00:00 0 
7ff4d595c000-7ff4d5a5a000 rw-p 00000000 00:00 0                          [stack:8123]
7ff4d5a5a000-7ff4d5a5d000 ---p 00000000 00:00 0 
7ff4d5a5d000-7ff4d5b5b000 rw-p 00000000 00:00 0                          [stack:8088]
7ff4d5b5b000-7ff4d5bdb000 rw-s 10b091000 00:05 1552                      /dev/dri/card0
7ff4d5bdb000-7ff4d5d9b000 rw-s 00000000 00:04 147845                     /drm mm object (deleted)
7ff4d5d9b000-7ff4d5e5b000 rw-s 10afd1000 00:05 1552                      /dev/dri/card0
7ff4d5e5b000-7ff4d60db000 rw-s 00000000 00:04 147836                     /drm mm object (deleted)
7ff4d60db000-7ff4d635b000 rw-s 00000000 00:04 144851                     /drm mm object (deleted)
7ff4d635b000-7ff4d6372000 r-xp 00000000 08:02 2621530                    /lib/x86_64-linux-gnu/libresolv-2.19.so
7ff4d6372000-7ff4d6572000 ---p 00017000 08:02 2621530                    /lib/x86_64-linux-gnu/libresolv-2.19.so
7ff4d6572000-7ff4d6573000 r--p 00017000 08:02 2621530                    /lib/x86_64-linux-gnu/libresolv-2.19.so
7ff4d6573000-7ff4d6574000 rw-p 00018000 08:02 2621530                    /lib/x86_64-linux-gnu/libresolv-2.19.so
7ff4d6574000-7ff4d6576000 rw-p 00000000 00:00 0 
7ff4d6576000-7ff4d657b000 r-xp 00000000 08:02 2621536                    /lib/x86_64-linux-gnu/libnss_dns-2.19.so
7ff4d657b000-7ff4d677a000 ---p 00005000 08:02 2621536                    /lib/x86_64-linux-gnu/libnss_dns-2.19.so
7ff4d677a000-7ff4d677b000 r--p 00004000 08:02 2621536                    /lib/x86_64-linux-gnu/libnss_dns-2.19.so
7ff4d677b000-7ff4d677c000 rw-p 00005000 08:02 2621536                    /lib/x86_64-linux-gnu/libnss_dns-2.19.so
7ff4d677c000-7ff4d677e000 r-xp 00000000 08:02 2625700                    /lib/x86_64-linux-gnu/libnss_mdns4_minimal.so.2
7ff4d677e000-7ff4d697d000 ---p 00002000 08:02 2625700                    /lib/x86_64-linux-gnu/libnss_mdns4_minimal.so.2
7ff4d697d000-7ff4d697e000 r--p 00001000 08:02 2625700                    /lib/x86_64-linux-gnu/libnss_mdns4_minimal.so.2
7ff4d697e000-7ff4d697f000 rw-p 00002000 08:02 2625700                    /lib/x86_64-linux-gnu/libnss_mdns4_minimal.so.2
7ff4d697f000-7ff4d6982000 r-xp 00000000 08:02 2625704                    /lib/x86_64-linux-gnu/libnss_myhostname.so.2
7ff4d6982000-7ff4d6b81000 ---p 00003000 08:02 2625704                    /lib/x86_64-linux-gnu/libnss_myhostname.so.2
7ff4d6b81000-7ff4d6b82000 r--p 00002000 08:02 2625704                    /lib/x86_64-linux-gnu/libnss_myhostname.so.2
7ff4d6b82000-7ff4d6b83000 rw-p 00003000 08:02 2625704                    /lib/x86_64-linux-gnu/libnss_myhostname.so.2
7ff4d6b83000-7ff4d6d83000 rw-p 00000000 00:00 0 
7ff4d6d83000-7ff4d7003000 rw-s 00000000 00:04 147822                     /drm mm object (deleted)
7ff4d7003000-7ff4d7283000 rw-s 00000000 00:04 144840                     /drm mm object (deleted)
7ff4d7283000-7ff4d72ba000 r-xp 00000000 08:02 4858923                    /usr/lib/x86_64-linux-gnu/libtxc_dxtn_s2tc.so.0.0.0
7ff4d72ba000-7ff4d74b9000 ---p 00037000 08:02 4858923                    /usr/lib/x86_64-linux-gnu/libtxc_dxtn_s2tc.so.0.0.0
7ff4d74b9000-7ff4d74ba000 r--p 00036000 08:02 4858923                    /usr/lib/x86_64-linux-gnu/libtxc_dxtn_s2tc.so.0.0.0
7ff4d74ba000-7ff4d74bb000 rw-p 00037000 08:02 4858923                    /usr/lib/x86_64-linux-gnu/libtxc_dxtn_s2tc.so.0.0.0
7ff4d74bb000-7ff4d74d3000 r-xp 00000000 08:02 2625786                    /lib/x86_64-linux-gnu/libz.so.1.2.8
7ff4d74d3000-7ff4d76d2000 ---p 00018000 08:02 2625786                    /lib/x86_64-linux-gnu/libz.so.1.2.8
7ff4d76d2000-7ff4d76d3000 r--p 00017000 08:02 2625786                    /lib/x86_64-linux-gnu/libz.so.1.2.8
7ff4d76d3000-7ff4d76d4000 rw-p 00018000 08:02 2625786                    /lib/x86_64-linux-gnu/libz.so.1.2.8
7ff4d76d4000-7ff4d76dc000 r-xp 00000000 08:02 4858718                    /usr/lib/x86_64-linux-gnu/libpciaccess.so.0.11.1
7ff4d76dc000-7ff4d78db000 ---p 00008000 08:02 4858718                    /usr/lib/x86_64-linux-gnu/libpciaccess.so.0.11.1
7ff4d78db000-7ff4d78dc000 r--p 00007000 08:02 4858718                    /usr/lib/x86_64-linux-gnu/libpciaccess.so.0.11.1
7ff4d78dc000-7ff4d78dd000 rw-p 00008000 08:02 4858718                    /usr/lib/x86_64-linux-gnu/libpciaccess.so.0.11.1
7ff4d78dd000-7ff4d79cd000 r-xp 00000000 08:02 4858875                    /usr/lib/x86_64-linux-gnu/libstdc++.so.6.0.20
7ff4d79cd000-7ff4d7bcd000 ---p 000f0000 08:02 4858875                    /usr/lib/x86_64-linux-gnu/libstdc++.so.6.0.20
7ff4d7bcd000-7ff4d7bd5000 r--p 000f0000 08:02 4858875                    /usr/lib/x86_64-linux-gnu/libstdc++.so.6.0.20
7ff4d7bd5000-7ff4d7bd7000 rw-p 000f8000 08:02 4858875                    /usr/lib/x86_64-linux-gnu/libstdc++.so.6.0.20
7ff4d7bd7000-7ff4d7bec000 rw-p 00000000 00:00 0 
7ff4d7bec000-7ff4d7bf8000 r-xp 00000000 08:02 4858206                    /usr/lib/x86_64-linux-gnu/libdrm_radeon.so.1.0.1
7ff4d7bf8000-7ff4d7df7000 ---p 0000c000 08:02 4858206                    /usr/lib/x86_64-linux-gnu/libdrm_radeon.so.1.0.1
7ff4d7df7000-7ff4d7df8000 r--p 0000b000 08:02 4858206                    /usr/lib/x86_64-linux-gnu/libdrm_radeon.so.1.0.1
7ff4d7df8000-7ff4d7df9000 rw-p 0000c000 08:02 4858206                    /usr/lib/x86_64-linux-gnu/libdrm_radeon.so.1.0.1
7ff4d7df9000-7ff4d7dff000 r-xp 00000000 08:02 4858204                    /usr/lib/x86_64-linux-gnu/libdrm_nouveau.so.2.0.0
7ff4d7dff000-7ff4d7ffe000 ---p 00006000 08:02 4858204                    /usr/lib/x86_64-linux-gnu/libdrm_nouveau.so.2.0.0
7ff4d7ffe000-7ff4d7fff000 r--p 00005000 08:02 4858204                    /usr/lib/x86_64-linux-gnu/libdrm_nouveau.so.2.0.0
7ff4d7fff000-7ff4d8000000 rw-p 00006000 08:02 4858204                    /usr/lib/x86_64-linux-gnu/libdrm_nouveau.so.2.0.0
7ff4d8000000-7ff4d886d000 rw-p 00000000 00:00 0 
7ff4d886d000-7ff4dc000000 ---p 00000000 00:00 0 
7ff4dc000000-7ff4dc021000 rw-p 00000000 00:00 0 
7ff4dc021000-7ff4e0000000 ---p 00000000 00:00 0 
7ff4e0000000-7ff4e029f000 rw-p 00000000 00:00 0 
7ff4e029f000-7ff4e4000000 ---p 00000000 00:00 0 
7ff4e4000000-7ff4e61c8000 rw-p 00000000 00:00 0 
7ff4e61c8000-7ff4e8000000 ---p 00000000 00:00 0 
7ff4e8000000-7ff4e8021000 rw-p 00000000 00:00 0 
7ff4e8021000-7ff4ec000000 ---p 00000000 00:00 0 
7ff4ec000000-7ff4ec021000 rw-p 00000000 00:00 0 
7ff4ec021000-7ff4f0000000 ---p 00000000 00:00 0 
7ff4f0000000-7ff4f0021000 rw-p 00000000 00:00 0 
7ff4f0021000-7ff4f4000000 ---p 00000000 00:00 0 
7ff4f4000000-7ff4f4026000 rw-p 00000000 00:00 0 
7ff4f4026000-7ff4f8000000 ---p 00000000 00:00 0 
7ff4f8000000-7ff4f8021000 rw-p 00000000 00:00 0 
7ff4f8021000-7ff4fc000000 ---p 00000000 00:00 0 
7ff4fc000000-7ff4fc021000 rw-p 00000000 00:00 0 
7ff4fc021000-7ff500000000 ---p 00000000 00:00 0 
7ff500000000-7ff50184f000 rw-p 00000000 00:00 0 
7ff50184f000-7ff504000000 ---p 00000000 00:00 0 
7ff504000000-7ff50453c000 rw-p 00000000 00:00 0 
7ff50453c000-7ff508000000 ---p 00000000 00:00 0 
7ff508000000-7ff508021000 rw-p 00000000 00:00 0 
7ff508021000-7ff50c000000 ---p 00000000 00:00 0 
7ff50c000000-7ff50d5be000 rw-p 00000000 00:00 0 
7ff50d5be000-7ff510000000 ---p 00000000 00:00 0 
7ff510000000-7ff510021000 rw-p 00000000 00:00 0 
7ff510021000-7ff514000000 ---p 00000000 00:00 0 
7ff514000000-7ff514021000 rw-p 00000000 00:00 0 
7ff514021000-7ff518000000 ---p 00000000 00:00 0 
7ff518000000-7ff518021000 rw-p 00000000 00:00 0 
7ff518021000-7ff51c000000 ---p 00000000 00:00 0 
7ff51c000000-7ff51c021000 rw-p 00000000 00:00 0 
7ff51c021000-7ff520000000 ---p 00000000 00:00 0 
7ff520000000-7ff520021000 rw-p 00000000 00:00 0 
7ff520021000-7ff524000000 ---p 00000000 00:00 0 
7ff524000000-7ff524006000 r--s 00000000 08:02 786528                     /var/cache/fontconfig/b47c4e1ecd0709278f4910c18777a504-le64.cache-4
7ff524006000-7ff52400a000 r--s 00000000 08:02 786535                     /var/cache/fontconfig/d589a48862398ed80a3d6066f4f56f4c-le64.cache-4
7ff52400a000-7ff52400b000 r--s 00000000 08:02 786503                     /var/cache/fontconfig/0c9eb80ebd1c36541ebe2852d3bb0c49-le64.cache-4
7ff524076000-7ff524079000 ---p 00000000 00:00 0 
7ff524079000-7ff524177000 rw-p 00000000 00:00 0                          [stack:8065]
7ff524177000-7ff524197000 r-xp 00000000 08:02 4858202                    /usr/lib/x86_64-linux-gnu/libdrm_intel.so.1.0.0
7ff524197000-7ff524396000 ---p 00020000 08:02 4858202                    /usr/lib/x86_64-linux-gnu/libdrm_intel.so.1.0.0
7ff524396000-7ff524397000 r--p 0001f000 08:02 4858202                    /usr/lib/x86_64-linux-gnu/libdrm_intel.so.1.0.0
7ff524397000-7ff524398000 rw-p 00020000 08:02 4858202                    /usr/lib/x86_64-linux-gnu/libdrm_intel.so.1.0.0
7ff524398000-7ff5248b4000 r-xp 00000000 08:02 5114656                    /usr/lib/x86_64-linux-gnu/dri/i965_dri.so
7ff5248b4000-7ff524ab3000 ---p 0051c000 08:02 5114656                    /usr/lib/x86_64-linux-gnu/dri/i965_dri.so
7ff524ab3000-7ff524acf000 r--p 0051b000 08:02 5114656                    /usr/lib/x86_64-linux-gnu/dri/i965_dri.so
7ff524acf000-7ff524ad5000 rw-p 00537000 08:02 5114656                    /usr/lib/x86_64-linux-gnu/dri/i965_dri.so
7ff524ad5000-7ff524ae0000 rw-p 00000000 00:00 0 
7ff524ae0000-7ff524b4c000 r-xp 00000000 08:02 2625725                    /lib/x86_64-linux-gnu/libpcre.so.3.13.1
7ff524b4c000-7ff524d4b000 ---p 0006c000 08:02 2625725                    /lib/x86_64-linux-gnu/libpcre.so.3.13.1
7ff524d4b000-7ff524d4c000 r--p 0006b000 08:02 2625725                    /lib/x86_64-linux-gnu/libpcre.so.3.13.1
7ff524d4c000-7ff524d4d000 rw-p 0006c000 08:02 2625725                    /lib/x86_64-linux-gnu/libpcre.so.3.13.1
7ff524d4d000-7ff524d6e000 r-xp 00000000 08:02 2625752                    /lib/x86_64-linux-gnu/libselinux.so.1
7ff524d6e000-7ff524f6d000 ---p 00021000 08:02 2625752                    /lib/x86_64-linux-gnu/libselinux.so.1
7ff524f6d000-7ff524f6e000 r--p 00020000 08:02 2625752                    /lib/x86_64-linux-gnu/libselinux.so.1
7ff524f6e000-7ff524f6f000 rw-p 00021000 08:02 2625752                    /lib/x86_64-linux-gnu/libselinux.so.1
7ff524f6f000-7ff524f71000 rw-p 00000000 00:00 0 
7ff524f71000-7ff524f81000 r-xp 00000000 08:02 2625516                    /lib/x86_64-linux-gnu/libudev.so.1.4.0
7ff524f81000-7ff525181000 ---p 00010000 08:02 2625516                    /lib/x86_64-linux-gnu/libudev.so.1.4.0
7ff525181000-7ff525182000 r--p 00010000 08:02 2625516                    /lib/x86_64-linux-gnu/libudev.so.1.4.0
7ff525182000-7ff525183000 rw-p 00011000 08:02 2625516                    /lib/x86_64-linux-gnu/libudev.so.1.4.0
7ff525183000-7ff525185000 r-xp 00000000 08:02 4857968                    /usr/lib/x86_64-linux-gnu/libXinerama.so.1.0.0
7ff525185000-7ff525384000 ---p 00002000 08:02 4857968                    /usr/lib/x86_64-linux-gnu/libXinerama.so.1.0.0
7ff525384000-7ff525385000 r--p 00001000 08:02 4857968                    /usr/lib/x86_64-linux-gnu/libXinerama.so.1.0.0
7ff525385000-7ff525386000 rw-p 00002000 08:02 4857968                    /usr/lib/x86_64-linux-gnu/libXinerama.so.1.0.0
7ff525386000-7ff5253cb000 r-xp 00000000 08:02 4587537                    /tmp/jogamp_0000/file_cache/jln2479446939025746677/jln3856494725102356447/libjogl_mobile.so
7ff5253cb000-7ff5255cb000 ---p 00045000 08:02 4587537                    /tmp/jogamp_0000/file_cache/jln2479446939025746677/jln3856494725102356447/libjogl_mobile.so
7ff5255cb000-7ff5255cc000 rw-p 00045000 08:02 4587537                    /tmp/jogamp_0000/file_cache/jln2479446939025746677/jln3856494725102356447/libjogl_mobile.so
7ff5255cc000-7ff5255d3000 r-xp 00000000 08:02 4858242                    /usr/lib/x86_64-linux-gnu/libffi.so.6.0.2
7ff5255d3000-7ff5257d2000 ---p 00007000 08:02 4858242                    /usr/lib/x86_64-linux-gnu/libffi.so.6.0.2
7ff5257d2000-7ff5257d3000 r--p 00006000 08:02 4858242                    /usr/lib/x86_64-linux-gnu/libffi.so.6.0.2
7ff5257d3000-7ff5257d4000 rw-p 00007000 08:02 4858242                    /usr/lib/x86_64-linux-gnu/libffi.so.6.0.2
7ff5257d4000-7ff5257e1000 r-xp 00000000 08:02 4849854                    /usr/lib/x86_64-linux-gnu/libgbm.so.1.0.0
7ff5257e1000-7ff5259e0000 ---p 0000d000 08:02 4849854                    /usr/lib/x86_64-linux-gnu/libgbm.so.1.0.0
7ff5259e0000-7ff5259e1000 r--p 0000c000 08:02 4849854                    /usr/lib/x86_64-linux-gnu/libgbm.so.1.0.0
7ff5259e1000-7ff5259e2000 rw-p 0000d000 08:02 4849854                    /usr/lib/x86_64-linux-gnu/libgbm.so.1.0.0
7ff5259e2000-7ff5259f0000 r-xp 00000000 08:02 4858976                    /usr/lib/x86_64-linux-gnu/libwayland-server.so.0.1.0
7ff5259f0000-7ff525bf0000 ---p 0000e000 08:02 4858976                    /usr/lib/x86_64-linux-gnu/libwayland-server.so.0.1.0
7ff525bf0000-7ff525bf2000 r--p 0000e000 08:02 4858976                    /usr/lib/x86_64-linux-gnu/libwayland-server.so.0.1.0
7ff525bf2000-7ff525bf3000 rw-p 00010000 08:02 4858976                    /usr/lib/x86_64-linux-gnu/libwayland-server.so.0.1.0
7ff525bf3000-7ff525bfe000 r-xp 00000000 08:02 4858970                    /usr/lib/x86_64-linux-gnu/libwayland-client.so.0.2.0
7ff525bfe000-7ff525dfe000 ---p 0000b000 08:02 4858970                    /usr/lib/x86_64-linux-gnu/libwayland-client.so.0.2.0
7ff525dfe000-7ff525e00000 r--p 0000b000 08:02 4858970                    /usr/lib/x86_64-linux-gnu/libwayland-client.so.0.2.0
7ff525e00000-7ff525e01000 rw-p 0000d000 08:02 4858970                    /usr/lib/x86_64-linux-gnu/libwayland-client.so.0.2.0
7ff525e01000-7ff525e06000 r-xp 00000000 08:02 4859022                    /usr/lib/x86_64-linux-gnu/libxcb-xfixes.so.0.0.0
7ff525e06000-7ff526006000 ---p 00005000 08:02 4859022                    /usr/lib/x86_64-linux-gnu/libxcb-xfixes.so.0.0.0
7ff526006000-7ff526007000 r--p 00005000 08:02 4859022                    /usr/lib/x86_64-linux-gnu/libxcb-xfixes.so.0.0.0
7ff526007000-7ff526008000 rw-p 00006000 08:02 4859022                    /usr/lib/x86_64-linux-gnu/libxcb-xfixes.so.0.0.0
7ff526008000-7ff526031000 r-xp 00000000 08:02 5114652                    /usr/lib/x86_64-linux-gnu/mesa-egl/libEGL.so.1.0.0
7ff526031000-7ff526230000 ---p 00029000 08:02 5114652                    /usr/lib/x86_64-linux-gnu/mesa-egl/libEGL.so.1.0.0
7ff526230000-7ff526231000 r--p 00028000 08:02 5114652                    /usr/lib/x86_64-linux-gnu/mesa-egl/libEGL.so.1.0.0
7ff526231000-7ff526232000 rw-p 00029000 08:02 5114652                    /usr/lib/x86_64-linux-gnu/mesa-egl/libEGL.so.1.0.0
7ff526232000-7ff526233000 rw-p 00000000 00:00 0 
7ff526233000-7ff5262d8000 r-xp 00000000 08:02 4587536                    /tmp/jogamp_0000/file_cache/jln2479446939025746677/jln3856494725102356447/libjogl_desktop.so
7ff5262d8000-7ff5264d8000 ---p 000a5000 08:02 4587536                    /tmp/jogamp_0000/file_cache/jln2479446939025746677/jln3856494725102356447/libjogl_desktop.so
7ff5264d8000-7ff5264d9000 rw-p 000a5000 08:02 4587536                    /tmp/jogamp_0000/file_cache/jln2479446939025746677/jln3856494725102356447/libjogl_desktop.so
7ff5264d9000-7ff5264e4000 r-xp 00000000 08:02 4858200                    /usr/lib/x86_64-linux-gnu/libdrm.so.2.4.0
7ff5264e4000-7ff5266e3000 ---p 0000b000 08:02 4858200                    /usr/lib/x86_64-linux-gnu/libdrm.so.2.4.0
7ff5266e3000-7ff5266e4000 r--p 0000a000 08:02 4858200                    /usr/lib/x86_64-linux-gnu/libdrm.so.2.4.0
7ff5266e4000-7ff5266e5000 rw-p 0000b000 08:02 4858200                    /usr/lib/x86_64-linux-gnu/libdrm.so.2.4.0
7ff5266e5000-7ff5266e6000 r-xp 00000000 08:02 4859034                    /usr/lib/x86_64-linux-gnu/libxshmfence.so.1.0.0
7ff5266e6000-7ff5268e5000 ---p 00001000 08:02 4859034                    /usr/lib/x86_64-linux-gnu/libxshmfence.so.1.0.0
7ff5268e5000-7ff5268e6000 r--p 00000000 08:02 4859034                    /usr/lib/x86_64-linux-gnu/libxshmfence.so.1.0.0
7ff5268e6000-7ff5268e7000 rw-p 00001000 08:02 4859034                    /usr/lib/x86_64-linux-gnu/libxshmfence.so.1.0.0
7ff5268e7000-7ff5268ec000 r-xp 00000000 08:02 4859016                    /usr/lib/x86_64-linux-gnu/libxcb-sync.so.1.0.0
7ff5268ec000-7ff526aeb000 ---p 00005000 08:02 4859016                    /usr/lib/x86_64-linux-gnu/libxcb-sync.so.1.0.0
7ff526aeb000-7ff526aec000 r--p 00004000 08:02 4859016                    /usr/lib/x86_64-linux-gnu/libxcb-sync.so.1.0.0
7ff526aec000-7ff526aed000 rw-p 00005000 08:02 4859016                    /usr/lib/x86_64-linux-gnu/libxcb-sync.so.1.0.0
7ff526aed000-7ff526aef000 r-xp 00000000 08:02 4859008                    /usr/lib/x86_64-linux-gnu/libxcb-present.so.0.0.0
7ff526aef000-7ff526cee000 ---p 00002000 08:02 4859008                    /usr/lib/x86_64-linux-gnu/libxcb-present.so.0.0.0
7ff526cee000-7ff526cef000 r--p 00001000 08:02 4859008                    /usr/lib/x86_64-linux-gnu/libxcb-present.so.0.0.0
7ff526cef000-7ff526cf0000 rw-p 00002000 08:02 4859008                    /usr/lib/x86_64-linux-gnu/libxcb-present.so.0.0.0
7ff526cf0000-7ff526cf2000 r-xp 00000000 08:02 4858998                    /usr/lib/x86_64-linux-gnu/libxcb-dri3.so.0.0.0
7ff526cf2000-7ff526ef1000 ---p 00002000 08:02 4858998                    /usr/lib/x86_64-linux-gnu/libxcb-dri3.so.0.0.0
7ff526ef1000-7ff526ef2000 r--p 00001000 08:02 4858998                    /usr/lib/x86_64-linux-gnu/libxcb-dri3.so.0.0.0
7ff526ef2000-7ff526ef3000 rw-p 00002000 08:02 4858998                    /usr/lib/x86_64-linux-gnu/libxcb-dri3.so.0.0.0
7ff526ef3000-7ff526ef6000 r-xp 00000000 08:02 4858996                    /usr/lib/x86_64-linux-gnu/libxcb-dri2.so.0.0.0
7ff526ef6000-7ff5270f6000 ---p 00003000 08:02 4858996                    /usr/lib/x86_64-linux-gnu/libxcb-dri2.so.0.0.0
7ff5270f6000-7ff5270f7000 r--p 00003000 08:02 4858996                    /usr/lib/x86_64-linux-gnu/libxcb-dri2.so.0.0.0
7ff5270f7000-7ff5270f8000 rw-p 00004000 08:02 4858996                    /usr/lib/x86_64-linux-gnu/libxcb-dri2.so.0.0.0
7ff5270f8000-7ff52710d000 r-xp 00000000 08:02 4859000                    /usr/lib/x86_64-linux-gnu/libxcb-glx.so.0.0.0
7ff52710d000-7ff52730c000 ---p 00015000 08:02 4859000                    /usr/lib/x86_64-linux-gnu/libxcb-glx.so.0.0.0
7ff52730c000-7ff52730e000 r--p 00014000 08:02 4859000                    /usr/lib/x86_64-linux-gnu/libxcb-glx.so.0.0.0
7ff52730e000-7ff52730f000 rw-p 00016000 08:02 4859000                    /usr/lib/x86_64-linux-gnu/libxcb-glx.so.0.0.0
7ff52730f000-7ff527310000 r-xp 00000000 08:02 4857939                    /usr/lib/x86_64-linux-gnu/libX11-xcb.so.1.0.0
7ff527310000-7ff52750f000 ---p 00001000 08:02 4857939                    /usr/lib/x86_64-linux-gnu/libX11-xcb.so.1.0.0
7ff52750f000-7ff527510000 r--p 00000000 08:02 4857939                    /usr/lib/x86_64-linux-gnu/libX11-xcb.so.1.0.0
7ff527510000-7ff527511000 rw-p 00001000 08:02 4857939                    /usr/lib/x86_64-linux-gnu/libX11-xcb.so.1.0.0
7ff527511000-7ff527513000 r-xp 00000000 08:02 4857954                    /usr/lib/x86_64-linux-gnu/libXdamage.so.1.1.0
7ff527513000-7ff527712000 ---p 00002000 08:02 4857954                    /usr/lib/x86_64-linux-gnu/libXdamage.so.1.1.0
7ff527712000-7ff527713000 r--p 00001000 08:02 4857954                    /usr/lib/x86_64-linux-gnu/libXdamage.so.1.1.0
7ff527713000-7ff527714000 rw-p 00002000 08:02 4857954                    /usr/lib/x86_64-linux-gnu/libXdamage.so.1.1.0
7ff527714000-7ff527739000 r-xp 00000000 08:02 4853342                    /usr/lib/x86_64-linux-gnu/libglapi.so.0.0.0
7ff527739000-7ff527938000 ---p 00025000 08:02 4853342                    /usr/lib/x86_64-linux-gnu/libglapi.so.0.0.0
7ff527938000-7ff52793b000 r--p 00024000 08:02 4853342                    /usr/lib/x86_64-linux-gnu/libglapi.so.0.0.0
7ff52793b000-7ff52793c000 rw-p 00027000 08:02 4853342                    /usr/lib/x86_64-linux-gnu/libglapi.so.0.0.0
7ff52793c000-7ff52793d000 rw-p 00000000 00:00 0 
7ff52793d000-7ff527963000 r-xp 00000000 08:02 2625637                    /lib/x86_64-linux-gnu/libexpat.so.1.6.0
7ff527963000-7ff527b62000 ---p 00026000 08:02 2625637                    /lib/x86_64-linux-gnu/libexpat.so.1.6.0
7ff527b62000-7ff527b65000 r--p 00025000 08:02 2625637                    /lib/x86_64-linux-gnu/libexpat.so.1.6.0
7ff527b65000-7ff527b66000 rw-p 00028000 08:02 2625637                    /lib/x86_64-linux-gnu/libexpat.so.1.6.0
7ff527b66000-7ff527bfc000 r-xp 00000000 08:02 5113685                    /usr/lib/x86_64-linux-gnu/mesa/libGL.so.1.2.0
7ff527bfc000-7ff527dfb000 ---p 00096000 08:02 5113685                    /usr/lib/x86_64-linux-gnu/mesa/libGL.so.1.2.0
7ff527dfb000-7ff527dfe000 r--p 00095000 08:02 5113685                    /usr/lib/x86_64-linux-gnu/mesa/libGL.so.1.2.0
7ff527dfe000-7ff527dff000 rw-p 00098000 08:02 5113685                    /usr/lib/x86_64-linux-gnu/mesa/libGL.so.1.2.0
7ff527dff000-7ff528000000 rw-p 00000000 00:00 0 
7ff528000000-7ff528021000 rw-p 00000000 00:00 0 
7ff528021000-7ff52c000000 ---p 00000000 00:00 0 
7ff52c060000-7ff52c120000 rw-s 10749b000 00:05 1552                      /dev/dri/card0
7ff52c120000-7ff52c1e0000 rw-s 1073db000 00:05 1552                      /dev/dri/card0
7ff52c1e0000-7ff52c3e0000 rw-p 00000000 00:00 0 
7ff52c3e0000-7ff52c3e7000 r-xp 00000000 08:02 4587539                    /tmp/jogamp_0000/file_cache/jln2479446939025746677/jln3856494725102356447/libnativewindow_x11.so
7ff52c3e7000-7ff52c5e6000 ---p 00007000 08:02 4587539                    /tmp/jogamp_0000/file_cache/jln2479446939025746677/jln3856494725102356447/libnativewindow_x11.so
7ff52c5e6000-7ff52c5e7000 rw-p 00006000 08:02 4587539                    /tmp/jogamp_0000/file_cache/jln2479446939025746677/jln3856494725102356447/libnativewindow_x11.so
7ff52c5e7000-7ff52c5eb000 r-xp 00000000 08:02 4857996                    /usr/lib/x86_64-linux-gnu/libXxf86vm.so.1.0.0
7ff52c5eb000-7ff52c7eb000 ---p 00004000 08:02 4857996                    /usr/lib/x86_64-linux-gnu/libXxf86vm.so.1.0.0
7ff52c7eb000-7ff52c7ec000 r--p 00004000 08:02 4857996                    /usr/lib/x86_64-linux-gnu/libXxf86vm.so.1.0.0
7ff52c7ec000-7ff52c7ed000 rw-p 00005000 08:02 4857996                    /usr/lib/x86_64-linux-gnu/libXxf86vm.so.1.0.0
7ff52c7ed000-7ff52c7ef000 r-xp 00000000 08:02 4587538                    /tmp/jogamp_0000/file_cache/jln2479446939025746677/jln3856494725102356447/libnativewindow_awt.so
7ff52c7ef000-7ff52c9ee000 ---p 00002000 08:02 4587538                    /tmp/jogamp_0000/file_cache/jln2479446939025746677/jln3856494725102356447/libnativewindow_awt.so
7ff52c9ee000-7ff52c9ef000 rw-p 00001000 08:02 4587538                    /tmp/jogamp_0000/file_cache/jln2479446939025746677/jln3856494725102356447/libnativewindow_awt.so
7ff52c9ef000-7ff52c9f0000 r-xp 00000000 08:02 4855861                    /usr/lib/jvm/java-8-oracle/jre/lib/amd64/libjawt.so
7ff52c9f0000-7ff52cbef000 ---p 00001000 08:02 4855861                    /usr/lib/jvm/java-8-oracle/jre/lib/amd64/libjawt.so
7ff52cbef000-7ff52cbf0000 rw-p 00000000 08:02 4855861                    /usr/lib/jvm/java-8-oracle/jre/lib/amd64/libjawt.so
7ff52cbf0000-7ff52cbf2000 r-xp 00000000 08:02 4587535                    /tmp/jogamp_0000/file_cache/jln2479446939025746677/jln3856494725102356447/libgluegen-rt.so
7ff52cbf2000-7ff52cdf1000 ---p 00002000 08:02 4587535                    /tmp/jogamp_0000/file_cache/jln2479446939025746677/jln3856494725102356447/libgluegen-rt.so
7ff52cdf1000-7ff52cdf2000 rw-p 00001000 08:02 4587535                    /tmp/jogamp_0000/file_cache/jln2479446939025746677/jln3856494725102356447/libgluegen-rt.so
7ff52cdf2000-7ff52cdf5000 ---p 00000000 00:00 0 
7ff52cdf5000-7ff52d0f3000 rw-p 00000000 00:00 0                          [stack:8064]
7ff52d0f3000-7ff52d0f6000 ---p 00000000 00:00 0 
7ff52d0f6000-7ff52d3f4000 rw-p 00000000 00:00 0                          [stack:8055]
7ff52d3f4000-7ff52d3f7000 ---p 00000000 00:00 0 
7ff52d3f7000-7ff52d4f5000 rw-p 00000000 00:00 0                          [stack:8054]
7ff52d4f5000-7ff52d55e000 r-xp 00000000 08:02 4855882                    /usr/lib/jvm/java-8-oracle/jre/lib/amd64/libt2k.so
7ff52d55e000-7ff52d75d000 ---p 00069000 08:02 4855882                    /usr/lib/jvm/java-8-oracle/jre/lib/amd64/libt2k.so
7ff52d75d000-7ff52d764000 rw-p 00068000 08:02 4855882                    /usr/lib/jvm/java-8-oracle/jre/lib/amd64/libt2k.so
7ff52d764000-7ff52d774000 rw-p 00000000 00:00 0 
7ff52d774000-7ff52d785000 r-xp 00000000 08:02 4855860                    /usr/lib/jvm/java-8-oracle/jre/lib/amd64/libnio.so
7ff52d785000-7ff52d984000 ---p 00011000 08:02 4855860                    /usr/lib/jvm/java-8-oracle/jre/lib/amd64/libnio.so
7ff52d984000-7ff52d985000 rw-p 00010000 08:02 4855860                    /usr/lib/jvm/java-8-oracle/jre/lib/amd64/libnio.so
7ff52d985000-7ff52d99b000 r-xp 00000000 08:02 4855886                    /usr/lib/jvm/java-8-oracle/jre/lib/amd64/libnet.so
7ff52d99b000-7ff52db9b000 ---p 00016000 08:02 4855886                    /usr/lib/jvm/java-8-oracle/jre/lib/amd64/libnet.so
7ff52db9b000-7ff52db9c000 rw-p 00016000 08:02 4855886                    /usr/lib/jvm/java-8-oracle/jre/lib/amd64/libnet.so
7ff52db9c000-7ff52db9f000 ---p 00000000 00:00 0 
7ff52db9f000-7ff52dc9d000 rw-p 00000000 00:00 0                          [stack:8052]
7ff52dc9d000-7ff52dca0000 ---p 00000000 00:00 0 
7ff52dca0000-7ff52dd9e000 rw-p 00000000 00:00 0                          [stack:8051]
7ff52dd9e000-7ff52dda1000 ---p 00000000 00:00 0 
7ff52dda1000-7ff52de9f000 rw-p 00000000 00:00 0                          [stack:8050]
7ff52de9f000-7ff52dea2000 ---p 00000000 00:00 0 
7ff52dea2000-7ff52dfa0000 rw-p 00000000 00:00 0                          [stack:8048]
7ff52dfa0000-7ff52dfa5000 r-xp 00000000 08:02 4857960                    /usr/lib/x86_64-linux-gnu/libXfixes.so.3.1.0
7ff52dfa5000-7ff52e1a4000 ---p 00005000 08:02 4857960                    /usr/lib/x86_64-linux-gnu/libXfixes.so.3.1.0
7ff52e1a4000-7ff52e1a5000 r--p 00004000 08:02 4857960                    /usr/lib/x86_64-linux-gnu/libXfixes.so.3.1.0
7ff52e1a5000-7ff52e1a6000 rw-p 00005000 08:02 4857960                    /usr/lib/x86_64-linux-gnu/libXfixes.so.3.1.0
7ff52e1a6000-7ff52e1af000 r-xp 00000000 08:02 4857952                    /usr/lib/x86_64-linux-gnu/libXcursor.so.1.0.2
7ff52e1af000-7ff52e3ae000 ---p 00009000 08:02 4857952                    /usr/lib/x86_64-linux-gnu/libXcursor.so.1.0.2
7ff52e3ae000-7ff52e3af000 r--p 00008000 08:02 4857952                    /usr/lib/x86_64-linux-gnu/libXcursor.so.1.0.2
7ff52e3af000-7ff52e3b0000 rw-p 00009000 08:02 4857952                    /usr/lib/x86_64-linux-gnu/libXcursor.so.1.0.2
7ff52e3b0000-7ff52e3b3000 ---p 00000000 00:00 0 
7ff52e3b3000-7ff52e4b1000 rw-p 00000000 00:00 0                          [stack:8047]
7ff52e4b1000-7ff52e4c7000 r-xp 00000000 08:02 2625642                    /lib/x86_64-linux-gnu/libgcc_s.so.1
7ff52e4c7000-7ff52e6c6000 ---p 00016000 08:02 2625642                    /lib/x86_64-linux-gnu/libgcc_s.so.1
7ff52e6c6000-7ff52e6c7000 r--p 00015000 08:02 2625642                    /lib/x86_64-linux-gnu/libgcc_s.so.1
7ff52e6c7000-7ff52e6c8000 rw-p 00016000 08:02 2625642                    /lib/x86_64-linux-gnu/libgcc_s.so.1
7ff52e6c8000-7ff52e72d000 r-xp 00000000 08:02 4855916                    /usr/lib/jvm/java-8-oracle/jre/lib/amd64/libfontmanager.so
7ff52e72d000-7ff52e92c000 ---p 00065000 08:02 4855916                    /usr/lib/jvm/java-8-oracle/jre/lib/amd64/libfontmanager.so
7ff52e92c000-7ff52e931000 rw-p 00064000 08:02 4855916                    /usr/lib/jvm/java-8-oracle/jre/lib/amd64/libfontmanager.so
7ff52e931000-7ff52e941000 rw-p 00000000 00:00 0 
7ff52e941000-7ff52e946000 r-xp 00000000 08:02 4857956                    /usr/lib/x86_64-linux-gnu/libXdmcp.so.6.0.0
7ff52e946000-7ff52eb45000 ---p 00005000 08:02 4857956                    /usr/lib/x86_64-linux-gnu/libXdmcp.so.6.0.0
7ff52eb45000-7ff52eb46000 r--p 00004000 08:02 4857956                    /usr/lib/x86_64-linux-gnu/libXdmcp.so.6.0.0
7ff52eb46000-7ff52eb47000 rw-p 00005000 08:02 4857956                    /usr/lib/x86_64-linux-gnu/libXdmcp.so.6.0.0
7ff52eb47000-7ff52eb49000 r-xp 00000000 08:02 4857945                    /usr/lib/x86_64-linux-gnu/libXau.so.6.0.0
7ff52eb49000-7ff52ed49000 ---p 00002000 08:02 4857945                    /usr/lib/x86_64-linux-gnu/libXau.so.6.0.0
7ff52ed49000-7ff52ed4a000 r--p 00002000 08:02 4857945                    /usr/lib/x86_64-linux-gnu/libXau.so.6.0.0
7ff52ed4a000-7ff52ed4b000 rw-p 00003000 08:02 4857945                    /usr/lib/x86_64-linux-gnu/libXau.so.6.0.0
7ff52ed4b000-7ff52ed68000 r-xp 00000000 08:02 4859026                    /usr/lib/x86_64-linux-gnu/libxcb.so.1.1.0
7ff52ed68000-7ff52ef68000 ---p 0001d000 08:02 4859026                    /usr/lib/x86_64-linux-gnu/libxcb.so.1.1.0
7ff52ef68000-7ff52ef69000 r--p 0001d000 08:02 4859026                    /usr/lib/x86_64-linux-gnu/libxcb.so.1.1.0
7ff52ef69000-7ff52ef6a000 rw-p 0001e000 08:02 4859026                    /usr/lib/x86_64-linux-gnu/libxcb.so.1.1.0
7ff52ef6a000-7ff52ef79000 r-xp 00000000 08:02 4857966                    /usr/lib/x86_64-linux-gnu/libXi.so.6.1.0
7ff52ef79000-7ff52f178000 ---p 0000f000 08:02 4857966                    /usr/lib/x86_64-linux-gnu/libXi.so.6.1.0
7ff52f178000-7ff52f179000 r--p 0000e000 08:02 4857966                    /usr/lib/x86_64-linux-gnu/libXi.so.6.1.0
7ff52f179000-7ff52f17a000 rw-p 0000f000 08:02 4857966                    /usr/lib/x86_64-linux-gnu/libXi.so.6.1.0
7ff52f17a000-7ff52f17f000 r-xp 00000000 08:02 4857986                    /usr/lib/x86_64-linux-gnu/libXtst.so.6.1.0
7ff52f17f000-7ff52f37e000 ---p 00005000 08:02 4857986                    /usr/lib/x86_64-linux-gnu/libXtst.so.6.1.0
7ff52f37e000-7ff52f37f000 r--p 00004000 08:02 4857986                    /usr/lib/x86_64-linux-gnu/libXtst.so.6.1.0
7ff52f37f000-7ff52f380000 rw-p 00005000 08:02 4857986                    /usr/lib/x86_64-linux-gnu/libXtst.so.6.1.0
7ff52f380000-7ff52f389000 r-xp 00000000 08:02 4857980                    /usr/lib/x86_64-linux-gnu/libXrender.so.1.3.0
7ff52f389000-7ff52f588000 ---p 00009000 08:02 4857980                    /usr/lib/x86_64-linux-gnu/libXrender.so.1.3.0
7ff52f588000-7ff52f589000 r--p 00008000 08:02 4857980                    /usr/lib/x86_64-linux-gnu/libXrender.so.1.3.0
7ff52f589000-7ff52f58a000 rw-p 00009000 08:02 4857980                    /usr/lib/x86_64-linux-gnu/libXrender.so.1.3.0
7ff52f58a000-7ff52f6bd000 r-xp 00000000 08:02 4857941                    /usr/lib/x86_64-linux-gnu/libX11.so.6.3.0
7ff52f6bd000-7ff52f8bd000 ---p 00133000 08:02 4857941                    /usr/lib/x86_64-linux-gnu/libX11.so.6.3.0
7ff52f8bd000-7ff52f8be000 r--p 00133000 08:02 4857941                    /usr/lib/x86_64-linux-gnu/libX11.so.6.3.0
7ff52f8be000-7ff52f8c2000 rw-p 00134000 08:02 4857941                    /usr/lib/x86_64-linux-gnu/libX11.so.6.3.0
7ff52f8c2000-7ff52f8c3000 rw-p 00000000 00:00 0 
7ff52f8c3000-7ff52f8d4000 r-xp 00000000 08:02 4857958                    /usr/lib/x86_64-linux-gnu/libXext.so.6.4.0
7ff52f8d4000-7ff52fad3000 ---p 00011000 08:02 4857958                    /usr/lib/x86_64-linux-gnu/libXext.so.6.4.0
7ff52fad3000-7ff52fad4000 r--p 00010000 08:02 4857958                    /usr/lib/x86_64-linux-gnu/libXext.so.6.4.0
7ff52fad4000-7ff52fad5000 rw-p 00011000 08:02 4857958                    /usr/lib/x86_64-linux-gnu/libXext.so.6.4.0
7ff52fad5000-7ff52fb29000 r-xp 00000000 08:02 4855857                    /usr/lib/jvm/java-8-oracle/jre/lib/amd64/libawt_xawt.so
7ff52fb29000-7ff52fd29000 ---p 00054000 08:02 4855857                    /usr/lib/jvm/java-8-oracle/jre/lib/amd64/libawt_xawt.so
7ff52fd29000-7ff52fd2d000 rw-p 00054000 08:02 4855857                    /usr/lib/jvm/java-8-oracle/jre/lib/amd64/libawt_xawt.so
7ff52fd2d000-7ff52fd2e000 rw-p 00000000 00:00 0 
7ff52fd2e000-7ff52fdd0000 r-xp 00000000 08:02 4855893                    /usr/lib/jvm/java-8-oracle/jre/lib/amd64/libawt.so
7ff52fdd0000-7ff52ffd0000 ---p 000a2000 08:02 4855893                    /usr/lib/jvm/java-8-oracle/jre/lib/amd64/libawt.so
7ff52ffd0000-7ff52ffdc000 rw-p 000a2000 08:02 4855893                    /usr/lib/jvm/java-8-oracle/jre/lib/amd64/libawt.so
7ff52ffdc000-7ff530000000 rw-p 00000000 00:00 0 
7ff530000000-7ff530021000 rw-p 00000000 00:00 0 
7ff530021000-7ff534000000 ---p 00000000 00:00 0 
7ff534000000-7ff534001000 r--s 00000000 08:02 786517                     /var/cache/fontconfig/62f91419b9ebdb6975e7e41ab6412357-le64.cache-4
7ff534001000-7ff534005000 r--s 00000000 08:02 786516                     /var/cache/fontconfig/7ef2298fde41cc6eeb7af42e48b7d293-le64.cache-4
7ff53401f000-7ff534020000 rw-s 00000000 00:04 147828                     /drm mm object (deleted)
7ff534028000-7ff534029000 rw-p 00000000 00:00 0 
7ff534029000-7ff534031000 rw-s 00000000 00:04 144941                     /drm mm object (deleted)
7ff534031000-7ff534039000 rw-s 00000000 00:04 146766                     /drm mm object (deleted)
7ff534039000-7ff53403a000 rw-s 00000000 00:04 144828                     /drm mm object (deleted)
7ff53403a000-7ff534042000 rw-s 00000000 00:04 144820                     /drm mm object (deleted)
7ff534042000-7ff534043000 rw-s 00000000 00:04 144813                     /drm mm object (deleted)
7ff534043000-7ff534044000 rw-s 00000000 00:04 144808                     /drm mm object (deleted)
7ff534044000-7ff53404c000 rw-s 00000000 00:04 147820                     /drm mm object (deleted)
7ff53404c000-7ff53404d000 rw-s 00000000 00:04 147817                     /drm mm object (deleted)
7ff53404d000-7ff534055000 rw-s 00000000 00:04 147816                     /drm mm object (deleted)
7ff534055000-7ff534056000 rwxp 00000000 00:00 0 
7ff534056000-7ff53405e000 rw-s 00000000 00:04 147898                     /drm mm object (deleted)
7ff53405e000-7ff534066000 rw-s 00000000 00:04 144800                     /drm mm object (deleted)
7ff534066000-7ff534067000 rw-s 00000000 00:04 144797                     /drm mm object (deleted)
7ff534067000-7ff53406f000 rw-s 00000000 00:04 144796                     /drm mm object (deleted)
7ff53406f000-7ff534070000 r--s 0002f000 08:02 5120518                    /home/bhupendra/Coursera Java Specialization/Assignments/World-Earthquakes-View/UCSDUnfoldingMaps/lib/jogl-all-natives-linux-amd64.jar
7ff534070000-7ff53407b000 r--s 00116000 08:02 4855938                    /usr/lib/jvm/java-8-oracle/jre/lib/ext/localedata.jar
7ff53407b000-7ff534097000 r--s 00393000 08:02 4855940                    /usr/lib/jvm/java-8-oracle/jre/lib/ext/cldrdata.jar
7ff534097000-7ff53409a000 ---p 00000000 00:00 0 
7ff53409a000-7ff5340d0000 rw-p 00000000 00:00 0                          [stack:8059]
7ff5340d0000-7ff5340d5000 r--s 00094000 08:02 4855697                    /usr/lib/jvm/java-8-oracle/jre/lib/jsse.jar
7ff5340d5000-7ff5340db000 r--s 00033000 08:02 5120529                    /home/bhupendra/Coursera Java Specialization/Assignments/World-Earthquakes-View/UCSDUnfoldingMaps/lib/unfolding.0.9.7-uscd.jar
7ff5340db000-7ff5340fe000 r--s 002ec000 08:02 5120524                    /home/bhupendra/Coursera Java Specialization/Assignments/World-Earthquakes-View/UCSDUnfoldingMaps/lib/jogl-all.jar
7ff5340fe000-7ff5340ff000 ---p 00000000 00:00 0 
7ff5340ff000-7ff5341ff000 rw-p 00000000 00:00 0                          [stack:8046]
7ff5341ff000-7ff534202000 ---p 00000000 00:00 0 
7ff534202000-7ff534300000 rw-p 00000000 00:00 0                          [stack:8045]
7ff534300000-7ff534303000 ---p 00000000 00:00 0 
7ff534303000-7ff534401000 rw-p 00000000 00:00 0                          [stack:8044]
7ff534401000-7ff534404000 ---p 00000000 00:00 0 
7ff534404000-7ff534502000 rw-p 00000000 00:00 0                          [stack:8043]
7ff534502000-7ff534505000 ---p 00000000 00:00 0 
7ff534505000-7ff534603000 rw-p 00000000 00:00 0                          [stack:8042]
7ff534603000-7ff534606000 ---p 00000000 00:00 0 
7ff534606000-7ff534704000 rw-p 00000000 00:00 0                          [stack:8041]
7ff534704000-7ff534de6000 r--p 00000000 08:02 4857189                    /usr/lib/locale/locale-archive
7ff534de6000-7ff534de9000 ---p 00000000 00:00 0 
7ff534de9000-7ff534ee7000 rw-p 00000000 00:00 0                          [stack:8040]
7ff534ee7000-7ff534eea000 ---p 00000000 00:00 0 
7ff534eea000-7ff534fe8000 rw-p 00000000 00:00 0                          [stack:8039]
7ff534fe8000-7ff534fe9000 ---p 00000000 00:00 0 
7ff534fe9000-7ff5360aa000 rw-p 00000000 00:00 0                          [stack:8038]
7ff5360aa000-7ff536283000 r--s 03d09000 08:02 4855699                    /usr/lib/jvm/java-8-oracle/jre/lib/rt.jar
7ff536283000-7ff538a1f000 rw-p 00000000 00:00 0 
7ff538a1f000-7ff538a20000 ---p 00000000 00:00 0 
7ff538a20000-7ff538b20000 rw-p 00000000 00:00 0                          [stack:8037]
7ff538b20000-7ff538b21000 ---p 00000000 00:00 0 
7ff538b21000-7ff538c21000 rw-p 00000000 00:00 0                          [stack:8036]
7ff538c21000-7ff538c22000 ---p 00000000 00:00 0 
7ff538c22000-7ff538d22000 rw-p 00000000 00:00 0                          [stack:8035]
7ff538d22000-7ff538d23000 ---p 00000000 00:00 0 
7ff538d23000-7ff538e38000 rw-p 00000000 00:00 0                          [stack:8034]
7ff538e38000-7ff538f60000 ---p 00000000 00:00 0 
7ff538f60000-7ff538f74000 rw-p 00000000 00:00 0 
7ff538f74000-7ff538fff000 ---p 00000000 00:00 0 
7ff538fff000-7ff539000000 rw-p 00000000 00:00 0 
7ff539000000-7ff5398e0000 rwxp 00000000 00:00 0 
7ff5398e0000-7ff548000000 ---p 00000000 00:00 0 
7ff548000000-7ff54824a000 rw-p 00000000 00:00 0 
7ff54824a000-7ff54c000000 ---p 00000000 00:00 0 
7ff54c000000-7ff54c002000 r--s 00000000 08:02 5120511                    /home/bhupendra/Coursera Java Specialization/Assignments/World-Earthquakes-View/UCSDUnfoldingMaps/lib/gluegen-rt-natives-linux-amd64.jar
7ff54c002000-7ff54c003000 r--p 00000000 00:00 0 
7ff54c003000-7ff54c00a000 r--s 00059000 08:02 5120527                    /home/bhupendra/Coursera Java Specialization/Assignments/World-Earthquakes-View/UCSDUnfoldingMaps/lib/log4j-1.2.15.jar
7ff54c00a000-7ff54c095000 rw-p 00000000 00:00 0 
7ff54c095000-7ff54c1be000 ---p 00000000 00:00 0 
7ff54c1be000-7ff54c1e2000 rw-p 00000000 00:00 0 
7ff54c1e2000-7ff54c57e000 ---p 00000000 00:00 0 
7ff54c57e000-7ff54c598000 r-xp 00000000 08:02 4855865                    /usr/lib/jvm/java-8-oracle/jre/lib/amd64/libzip.so
7ff54c598000-7ff54c798000 ---p 0001a000 08:02 4855865                    /usr/lib/jvm/java-8-oracle/jre/lib/amd64/libzip.so
7ff54c798000-7ff54c799000 rw-p 0001a000 08:02 4855865                    /usr/lib/jvm/java-8-oracle/jre/lib/amd64/libzip.so
7ff54c799000-7ff54c7a4000 r-xp 00000000 08:02 2621543                    /lib/x86_64-linux-gnu/libnss_files-2.19.so
7ff54c7a4000-7ff54c9a3000 ---p 0000b000 08:02 2621543                    /lib/x86_64-linux-gnu/libnss_files-2.19.so
7ff54c9a3000-7ff54c9a4000 r--p 0000a000 08:02 2621543                    /lib/x86_64-linux-gnu/libnss_files-2.19.so
7ff54c9a4000-7ff54c9a5000 rw-p 0000b000 08:02 2621543                    /lib/x86_64-linux-gnu/libnss_files-2.19.so
7ff54c9a5000-7ff54c9b0000 r-xp 00000000 08:02 2621455                    /lib/x86_64-linux-gnu/libnss_nis-2.19.so
7ff54c9b0000-7ff54cbaf000 ---p 0000b000 08:02 2621455                    /lib/x86_64-linux-gnu/libnss_nis-2.19.so
7ff54cbaf000-7ff54cbb0000 r--p 0000a000 08:02 2621455                    /lib/x86_64-linux-gnu/libnss_nis-2.19.so
7ff54cbb0000-7ff54cbb1000 rw-p 0000b000 08:02 2621455                    /lib/x86_64-linux-gnu/libnss_nis-2.19.so
7ff54cbb1000-7ff54cbc8000 r-xp 00000000 08:02 2621545                    /lib/x86_64-linux-gnu/libnsl-2.19.so
7ff54cbc8000-7ff54cdc7000 ---p 00017000 08:02 2621545                    /lib/x86_64-linux-gnu/libnsl-2.19.so
7ff54cdc7000-7ff54cdc8000 r--p 00016000 08:02 2621545                    /lib/x86_64-linux-gnu/libnsl-2.19.so
7ff54cdc8000-7ff54cdc9000 rw-p 00017000 08:02 2621545                    /lib/x86_64-linux-gnu/libnsl-2.19.so
7ff54cdc9000-7ff54cdcb000 rw-p 00000000 00:00 0 
7ff54cdcb000-7ff54cdd4000 r-xp 00000000 08:02 2621538                    /lib/x86_64-linux-gnu/libnss_compat-2.19.so
7ff54cdd4000-7ff54cfd3000 ---p 00009000 08:02 2621538                    /lib/x86_64-linux-gnu/libnss_compat-2.19.so
7ff54cfd3000-7ff54cfd4000 r--p 00008000 08:02 2621538                    /lib/x86_64-linux-gnu/libnss_compat-2.19.so
7ff54cfd4000-7ff54cfd5000 rw-p 00009000 08:02 2621538                    /lib/x86_64-linux-gnu/libnss_compat-2.19.so
7ff54cfd5000-7ff54cfff000 r-xp 00000000 08:02 4855858                    /usr/lib/jvm/java-8-oracle/jre/lib/amd64/libjava.so
7ff54cfff000-7ff54d1ff000 ---p 0002a000 08:02 4855858                    /usr/lib/jvm/java-8-oracle/jre/lib/amd64/libjava.so
7ff54d1ff000-7ff54d201000 rw-p 0002a000 08:02 4855858                    /usr/lib/jvm/java-8-oracle/jre/lib/amd64/libjava.so
7ff54d201000-7ff54d20e000 r-xp 00000000 08:02 4855900                    /usr/lib/jvm/java-8-oracle/jre/lib/amd64/libverify.so
7ff54d20e000-7ff54d40e000 ---p 0000d000 08:02 4855900                    /usr/lib/jvm/java-8-oracle/jre/lib/amd64/libverify.so
7ff54d40e000-7ff54d410000 rw-p 0000d000 08:02 4855900                    /usr/lib/jvm/java-8-oracle/jre/lib/amd64/libverify.so
7ff54d410000-7ff54d417000 r-xp 00000000 08:02 2621541                    /lib/x86_64-linux-gnu/librt-2.19.so
7ff54d417000-7ff54d616000 ---p 00007000 08:02 2621541                    /lib/x86_64-linux-gnu/librt-2.19.so
7ff54d616000-7ff54d617000 r--p 00006000 08:02 2621541                    /lib/x86_64-linux-gnu/librt-2.19.so
7ff54d617000-7ff54d618000 rw-p 00007000 08:02 2621541                    /lib/x86_64-linux-gnu/librt-2.19.so
7ff54d618000-7ff54d71d000 r-xp 00000000 08:02 2621542                    /lib/x86_64-linux-gnu/libm-2.19.so
7ff54d71d000-7ff54d91c000 ---p 00105000 08:02 2621542                    /lib/x86_64-linux-gnu/libm-2.19.so
7ff54d91c000-7ff54d91d000 r--p 00104000 08:02 2621542                    /lib/x86_64-linux-gnu/libm-2.19.so
7ff54d91d000-7ff54d91e000 rw-p 00105000 08:02 2621542                    /lib/x86_64-linux-gnu/libm-2.19.so
7ff54d91e000-7ff54e5cc000 r-xp 00000000 08:02 4855906                    /usr/lib/jvm/java-8-oracle/jre/lib/amd64/server/libjvm.so
7ff54e5cc000-7ff54e7cb000 ---p 00cae000 08:02 4855906                    /usr/lib/jvm/java-8-oracle/jre/lib/amd64/server/libjvm.so
7ff54e7cb000-7ff54e8a2000 rw-p 00cad000 08:02 4855906                    /usr/lib/jvm/java-8-oracle/jre/lib/amd64/server/libjvm.so
7ff54e8a2000-7ff54e8e6000 rw-p 00000000 00:00 0 
7ff54e8e6000-7ff54eaa0000 r-xp 00000000 08:02 2625514                    /lib/x86_64-linux-gnu/libc-2.19.so
7ff54eaa0000-7ff54eca0000 ---p 001ba000 08:02 2625514                    /lib/x86_64-linux-gnu/libc-2.19.so
7ff54eca0000-7ff54eca4000 r--p 001ba000 08:02 2625514                    /lib/x86_64-linux-gnu/libc-2.19.so
7ff54eca4000-7ff54eca6000 rw-p 001be000 08:02 2625514                    /lib/x86_64-linux-gnu/libc-2.19.so
7ff54eca6000-7ff54ecab000 rw-p 00000000 00:00 0 
7ff54ecab000-7ff54ecae000 r-xp 00000000 08:02 2621535                    /lib/x86_64-linux-gnu/libdl-2.19.so
7ff54ecae000-7ff54eead000 ---p 00003000 08:02 2621535                    /lib/x86_64-linux-gnu/libdl-2.19.so
7ff54eead000-7ff54eeae000 r--p 00002000 08:02 2621535                    /lib/x86_64-linux-gnu/libdl-2.19.so
7ff54eeae000-7ff54eeaf000 rw-p 00003000 08:02 2621535                    /lib/x86_64-linux-gnu/libdl-2.19.so
7ff54eeaf000-7ff54eec4000 r-xp 00000000 08:02 4856243                    /usr/lib/jvm/java-8-oracle/lib/amd64/jli/libjli.so
7ff54eec4000-7ff54f0c4000 ---p 00015000 08:02 4856243                    /usr/lib/jvm/java-8-oracle/lib/amd64/jli/libjli.so
7ff54f0c4000-7ff54f0c5000 rw-p 00015000 08:02 4856243                    /usr/lib/jvm/java-8-oracle/lib/amd64/jli/libjli.so
7ff54f0c5000-7ff54f0de000 r-xp 00000000 08:02 2625630                    /lib/x86_64-linux-gnu/libpthread-2.19.so
7ff54f0de000-7ff54f2dd000 ---p 00019000 08:02 2625630                    /lib/x86_64-linux-gnu/libpthread-2.19.so
7ff54f2dd000-7ff54f2de000 r--p 00018000 08:02 2625630                    /lib/x86_64-linux-gnu/libpthread-2.19.so
7ff54f2de000-7ff54f2df000 rw-p 00019000 08:02 2625630                    /lib/x86_64-linux-gnu/libpthread-2.19.so
7ff54f2df000-7ff54f2e3000 rw-p 00000000 00:00 0 
7ff54f2e3000-7ff54f306000 r-xp 00000000 08:02 2621534                    /lib/x86_64-linux-gnu/ld-2.19.so
7ff54f306000-7ff54f30b000 r--s 00309000 08:02 5120528                    /home/bhupendra/Coursera Java Specialization/Assignments/World-Earthquakes-View/UCSDUnfoldingMaps/lib/sqlite-jdbc-3.7.2.jar
7ff54f30b000-7ff54f311000 r--s 00041000 08:02 5120517                    /home/bhupendra/Coursera Java Specialization/Assignments/World-Earthquakes-View/UCSDUnfoldingMaps/lib/gluegen-rt.jar
7ff54f311000-7ff54f3e9000 rw-p 00000000 00:00 0 
7ff54f3e9000-7ff54f3ec000 ---p 00000000 00:00 0 
7ff54f3ec000-7ff54f4ee000 rw-p 00000000 00:00 0                          [stack:8033]
7ff54f4ee000-7ff54f4ef000 r--s 00005000 08:02 5120526                    /home/bhupendra/Coursera Java Specialization/Assignments/World-Earthquakes-View/UCSDUnfoldingMaps/lib/libTUIO.jar
7ff54f4ef000-7ff54f4f0000 r--s 00007000 08:02 5120525                    /home/bhupendra/Coursera Java Specialization/Assignments/World-Earthquakes-View/UCSDUnfoldingMaps/lib/json4processing.jar
7ff54f4f0000-7ff54f4f4000 r--s 0009a000 08:02 5120510                    /home/bhupendra/Coursera Java Specialization/Assignments/World-Earthquakes-View/UCSDUnfoldingMaps/lib/core.jar
7ff54f4f4000-7ff54f4f9000 r--s 002f8000 08:02 4855711                    /usr/lib/jvm/java-8-oracle/jre/lib/charsets.jar
7ff54f4f9000-7ff54f501000 rw-s 00000000 08:02 4587532                    /tmp/hsperfdata_bhupendra/8027
7ff54f501000-7ff54f502000 rw-p 00000000 00:00 0 
7ff54f502000-7ff54f503000 r--p 00000000 00:00 0 
7ff54f503000-7ff54f505000 rw-p 00000000 00:00 0 
7ff54f505000-7ff54f506000 r--p 00022000 08:02 2621534                    /lib/x86_64-linux-gnu/ld-2.19.so
7ff54f506000-7ff54f507000 rw-p 00023000 08:02 2621534                    /lib/x86_64-linux-gnu/ld-2.19.so
7ff54f507000-7ff54f508000 rw-p 00000000 00:00 0 
7fffd1e93000-7fffd1eb4000 rw-p 00000000 00:00 0                          [stack]
7fffd1ffc000-7fffd1ffe000 r-xp 00000000 00:00 0                          [vdso]
7fffd1ffe000-7fffd2000000 r--p 00000000 00:00 0                          [vvar]
ffffffffff600000-ffffffffff601000 r-xp 00000000 00:00 0                  [vsyscall]

VM Arguments:
jvm_args: -Djava.security.policy=java.policy.applet -Dfile.encoding=UTF-8 
java_command: sun.applet.AppletViewer module4.EarthquakeCityMap1448797159560.html
java_class_path (initial): /home/bhupendra/Coursera Java Specialization/Assignments/World-Earthquakes-View/UCSDUnfoldingMaps/build:/home/bhupendra/Coursera Java Specialization/Assignments/World-Earthquakes-View/UCSDUnfoldingMaps/lib/core.jar:/home/bhupendra/Coursera Java Specialization/Assignments/World-Earthquakes-View/UCSDUnfoldingMaps/lib/gluegen-rt.jar:/home/bhupendra/Coursera Java Specialization/Assignments/World-Earthquakes-View/UCSDUnfoldingMaps/lib/jogl-all.jar:/home/bhupendra/Coursera Java Specialization/Assignments/World-Earthquakes-View/UCSDUnfoldingMaps/lib/log4j-1.2.15.jar:/home/bhupendra/Coursera Java Specialization/Assignments/World-Earthquakes-View/UCSDUnfoldingMaps/lib/sqlite-jdbc-3.7.2.jar:/home/bhupendra/Coursera Java Specialization/Assignments/World-Earthquakes-View/UCSDUnfoldingMaps/lib/json4processing.jar:/home/bhupendra/Coursera Java Specialization/Assignments/World-Earthquakes-View/UCSDUnfoldingMaps/lib/libTUIO.jar:/home/bhupendra/Coursera Java Specialization/Assignments/World-Earthquakes-View/UCSDUnfoldingMaps/lib/unfolding.0.9.7-uscd.jar
Launcher Type: SUN_STANDARD

Environment Variables:
PATH=/usr/local/sbin:/usr/local/bin:/usr/sbin:/usr/bin:/sbin:/bin:/usr/games:/usr/local/games
USERNAME=bhupendra
SHELL=/bin/bash
DISPLAY=:0.0

Signal Handlers:
SIGSEGV: [libjvm.so+0xaad1e0], sa_mask[0]=11111111011111111101111111111110, sa_flags=SA_RESTART|SA_SIGINFO
SIGBUS: [libjvm.so+0xaad1e0], sa_mask[0]=11111111011111111101111111111110, sa_flags=SA_RESTART|SA_SIGINFO
SIGFPE: [libjvm.so+0x90b450], sa_mask[0]=11111111011111111101111111111110, sa_flags=SA_RESTART|SA_SIGINFO
SIGPIPE: [libjvm.so+0x90b450], sa_mask[0]=11111111011111111101111111111110, sa_flags=SA_RESTART|SA_SIGINFO
SIGXFSZ: [libjvm.so+0x90b450], sa_mask[0]=11111111011111111101111111111110, sa_flags=SA_RESTART|SA_SIGINFO
SIGILL: [libjvm.so+0x90b450], sa_mask[0]=11111111011111111101111111111110, sa_flags=SA_RESTART|SA_SIGINFO
SIGUSR1: SIG_DFL, sa_mask[0]=00000000000000000000000000000000, sa_flags=none
SIGUSR2: [libjvm.so+0x90ca90], sa_mask[0]=00100000000000000000000000000000, sa_flags=SA_RESTART|SA_SIGINFO
SIGHUP: [libjvm.so+0x90dde0], sa_mask[0]=11111111011111111101111111111110, sa_flags=SA_RESTART|SA_SIGINFO
SIGINT: [libjvm.so+0x90dde0], sa_mask[0]=11111111011111111101111111111110, sa_flags=SA_RESTART|SA_SIGINFO
SIGTERM: [libjvm.so+0x90dde0], sa_mask[0]=11111111011111111101111111111110, sa_flags=SA_RESTART|SA_SIGINFO
SIGQUIT: [libjvm.so+0x90dde0], sa_mask[0]=11111111011111111101111111111110, sa_flags=SA_RESTART|SA_SIGINFO


---------------  S Y S T E M  ---------------

OS:DISTRIB_ID=Ubuntu
DISTRIB_RELEASE=14.10
DISTRIB_CODENAME=utopic
DISTRIB_DESCRIPTION="Ubuntu 14.10"

uname:Linux 3.16.0-30-generic #40-Ubuntu SMP Mon Jan 12 22:06:37 UTC 2015 x86_64
libc:glibc 2.19 NPTL 2.19 
rlimit: STACK 8192k, CORE 0k, NPROC 14376, NOFILE 4096, AS infinity
load average:0.61 1.28 1.62

/proc/meminfo:
MemTotal:        3891224 kB
MemFree:          158644 kB
MemAvailable:     394904 kB
Buffers:           15752 kB
Cached:           951552 kB
SwapCached:        50324 kB
Active:          2520520 kB
Inactive:         934380 kB
Active(anon):    2297916 kB
Inactive(anon):   813812 kB
Active(file):     222604 kB
Inactive(file):   120568 kB
Unevictable:          48 kB
Mlocked:              48 kB
SwapTotal:       4036604 kB
SwapFree:        3322856 kB
Dirty:                32 kB
Writeback:             0 kB
AnonPages:       2446272 kB
Mapped:           340632 kB
Shmem:            624132 kB
Slab:             160840 kB
SReclaimable:     124048 kB
SUnreclaim:        36792 kB
KernelStack:       10672 kB
PageTables:        42664 kB
NFS_Unstable:          0 kB
Bounce:                0 kB
WritebackTmp:          0 kB
CommitLimit:     5982216 kB
Committed_AS:    8456624 kB
VmallocTotal:   34359738367 kB
VmallocUsed:      400916 kB
VmallocChunk:   34359247732 kB
HardwareCorrupted:     0 kB
AnonHugePages:    864256 kB
HugePages_Total:       0
HugePages_Free:        0
HugePages_Rsvd:        0
HugePages_Surp:        0
Hugepagesize:       2048 kB
DirectMap4k:      100148 kB
DirectMap2M:     3938304 kB


CPU:total 4 (2 cores per cpu, 2 threads per core) family 6 model 58 stepping 9, cmov, cx8, fxsr, mmx, sse, sse2, sse3, ssse3, sse4.1, sse4.2, popcnt, avx, aes, clmul, erms, ht, tsc, tscinvbit, tscinv

/proc/cpuinfo:
processor	: 0
vendor_id	: GenuineIntel
cpu family	: 6
model		: 58
model name	: Intel(R) Core(TM) i5-3210M CPU @ 2.50GHz
stepping	: 9
microcode	: 0x12
cpu MHz		: 2978.613
cache size	: 3072 KB
physical id	: 0
siblings	: 4
core id		: 0
cpu cores	: 2
apicid		: 0
initial apicid	: 0
fpu		: yes
fpu_exception	: yes
cpuid level	: 13
wp		: yes
flags		: fpu vme de pse tsc msr pae mce cx8 apic sep mtrr pge mca cmov pat pse36 clflush dts acpi mmx fxsr sse sse2 ss ht tm pbe syscall nx rdtscp lm constant_tsc arch_perfmon pebs bts rep_good nopl xtopology nonstop_tsc aperfmperf eagerfpu pni pclmulqdq dtes64 monitor ds_cpl vmx est tm2 ssse3 cx16 xtpr pdcm pcid sse4_1 sse4_2 x2apic popcnt tsc_deadline_timer aes xsave avx f16c rdrand lahf_lm ida arat epb xsaveopt pln pts dtherm tpr_shadow vnmi flexpriority ept vpid fsgsbase smep erms
bogomips	: 4988.63
clflush size	: 64
cache_alignment	: 64
address sizes	: 36 bits physical, 48 bits virtual
power management:

processor	: 1
vendor_id	: GenuineIntel
cpu family	: 6
model		: 58
model name	: Intel(R) Core(TM) i5-3210M CPU @ 2.50GHz
stepping	: 9
microcode	: 0x12
cpu MHz		: 2868.164
cache size	: 3072 KB
physical id	: 0
siblings	: 4
core id		: 0
cpu cores	: 2
apicid		: 1
initial apicid	: 1
fpu		: yes
fpu_exception	: yes
cpuid level	: 13
wp		: yes
flags		: fpu vme de pse tsc msr pae mce cx8 apic sep mtrr pge mca cmov pat pse36 clflush dts acpi mmx fxsr sse sse2 ss ht tm pbe syscall nx rdtscp lm constant_tsc arch_perfmon pebs bts rep_good nopl xtopology nonstop_tsc aperfmperf eagerfpu pni pclmulqdq dtes64 monitor ds_cpl vmx est tm2 ssse3 cx16 xtpr pdcm pcid sse4_1 sse4_2 x2apic popcnt tsc_deadline_timer aes xsave avx f16c rdrand lahf_lm ida arat epb xsaveopt pln pts dtherm tpr_shadow vnmi flexpriority ept vpid fsgsbase smep erms
bogomips	: 4988.63
clflush size	: 64
cache_alignment	: 64
address sizes	: 36 bits physical, 48 bits virtual
power management:

processor	: 2
vendor_id	: GenuineIntel
cpu family	: 6
model		: 58
model name	: Intel(R) Core(TM) i5-3210M CPU @ 2.50GHz
stepping	: 9
microcode	: 0x12
cpu MHz		: 2943.359
cache size	: 3072 KB
physical id	: 0
siblings	: 4
core id		: 1
cpu cores	: 2
apicid		: 2
initial apicid	: 2
fpu		: yes
fpu_exception	: yes
cpuid level	: 13
wp		: yes
flags		: fpu vme de pse tsc msr pae mce cx8 apic sep mtrr pge mca cmov pat pse36 clflush dts acpi mmx fxsr sse sse2 ss ht tm pbe syscall nx rdtscp lm constant_tsc arch_perfmon pebs bts rep_good nopl xtopology nonstop_tsc aperfmperf eagerfpu pni pclmulqdq dtes64 monitor ds_cpl vmx est tm2 ssse3 cx16 xtpr pdcm pcid sse4_1 sse4_2 x2apic popcnt tsc_deadline_timer aes xsave avx f16c rdrand lahf_lm ida arat epb xsaveopt pln pts dtherm tpr_shadow vnmi flexpriority ept vpid fsgsbase smep erms
bogomips	: 4988.63
clflush size	: 64
cache_alignment	: 64
address sizes	: 36 bits physical, 48 bits virtual
power management:

processor	: 3
vendor_id	: GenuineIntel
cpu family	: 6
model		: 58
model name	: Intel(R) Core(TM) i5-3210M CPU @ 2.50GHz
stepping	: 9
microcode	: 0x12
cpu MHz		: 2968.457
cache size	: 3072 KB
physical id	: 0
siblings	: 4
core id		: 1
cpu cores	: 2
apicid		: 3
initial apicid	: 3
fpu		: yes
fpu_exception	: yes
cpuid level	: 13
wp		: yes
flags		: fpu vme de pse tsc msr pae mce cx8 apic sep mtrr pge mca cmov pat pse36 clflush dts acpi mmx fxsr sse sse2 ss ht tm pbe syscall nx rdtscp lm constant_tsc arch_perfmon pebs bts rep_good nopl xtopology nonstop_tsc aperfmperf eagerfpu pni pclmulqdq dtes64 monitor ds_cpl vmx est tm2 ssse3 cx16 xtpr pdcm pcid sse4_1 sse4_2 x2apic popcnt tsc_deadline_timer aes xsave avx f16c rdrand lahf_lm ida arat epb xsaveopt pln pts dtherm tpr_shadow vnmi flexpriority ept vpid fsgsbase smep erms
bogomips	: 4988.63
clflush size	: 64
cache_alignment	: 64
address sizes	: 36 bits physical, 48 bits virtual
power management:



Memory: 4k page, physical 3891224k(158644k free), swap 4036604k(3322856k free)

vm_info: Java HotSpot(TM) 64-Bit Server VM (25.45-b02) for linux-amd64 JRE (1.8.0_45-b14), built on Apr 10 2015 10:07:45 by "java_re" with gcc 4.3.0 20080428 (Red Hat 4.3.0-8)

time: Sun Nov 29 17:09:49 2015
elapsed time: 29 seconds (0d 0h 0m 29s)

