#
# A fatal error has been detected by the Java Runtime Environment:
#
#  SIGSEGV (0xb) at pc=0x00007f93e3946522, pid=9143, tid=140274645763840
#
# JRE version: Java(TM) SE Runtime Environment (8.0_45-b14) (build 1.8.0_45-b14)
# Java VM: Java HotSpot(TM) 64-Bit Server VM (25.45-b02 mixed mode linux-amd64 compressed oops)
# Problematic frame:
# C  [i965_dri.so+0x2fb522]
#
# Failed to write core dump. Core dumps have been disabled. To enable core dumping, try "ulimit -c unlimited" before starting Java again
#
# If you would like to submit a bug report, please visit:
#   http://bugreport.java.com/bugreport/crash.jsp
# The crash happened outside the Java Virtual Machine in native code.
# See problematic frame for where to report the bug.
#

---------------  T H R E A D  ---------------

Current thread (0x00007f9404003000):  JavaThread "AWT-EventQueue-1" [_thread_in_native, id=9169, stack(0x00007f943c5e8000,0x00007f943c6e9000)]

siginfo: si_signo: 11 (SIGSEGV), si_code: 1 (SEGV_MAPERR), si_addr: 0x000000000000c540

Registers:
RAX=0x00007f93e3946510, RBX=0x000000000000c000, RCX=0x0000000000000000, RDX=0x0000000000000001
RSP=0x00007f943c6e6480, RBP=0x0000000000000000, RSI=0x00007f93f0fc61f0, RDI=0x0000000100000000
R8 =0x0000000000000000, R9 =0x00007f93eee9e710, R10=0x00007f9448c54547, R11=0x00000000c4a4c3d8
R12=0x00007f93f40e9b20, R13=0x00007f93f40e8670, R14=0x00007f93f40f9fa0, R15=0x0000000000000000
RIP=0x00007f93e3946522, EFLAGS=0x0000000000010206, CSGSFS=0x0000000000000033, ERR=0x0000000000000004
  TRAPNO=0x000000000000000e

Top of Stack: (sp=0x00007f943c6e6480)
0x00007f943c6e6480:   0000000000000000 00007f93f0fc6100
0x00007f943c6e6490:   0000000000000000 00007f93f40e9b20
0x00007f943c6e64a0:   00007f93f40e8670 00007f93eee9e7b2
0x00007f943c6e64b0:   00007f943c6e64e0 00007f9300000000
0x00007f943c6e64c0:   0000000000000000 0000000000000000
0x00007f943c6e64d0:   0000000002c00053 00007f93eee6fb31
0x00007f943c6e64e0:   00007f93f0fc6100 ca9f08b1a0bae500
0x00007f943c6e64f0:   0000000002c00053 00007f93eee6fb60
0x00007f943c6e6500:   00007f943c6e6570 0000000000000000
0x00007f943c6e6510:   0000000000000001 00007f943c6e65b0
0x00007f943c6e6520:   00007f9404003000 00007f93ed5ac849
0x00007f943c6e6530:   00007f943c6e6818 00007f93eee6fb60
0x00007f943c6e6540:   0000000002c00053 00007f93f40e6f70
0x00007f943c6e6550:   00007f943c6e65b0 00007f94040031f8
0x00007f943c6e6560:   00007f943c6e67c8 00007f93eee6fb60
0x00007f943c6e6570:   00007f943c6e65c0 00007f9448c545bd
0x00007f943c6e6580:   00000000ef634240 00000000ef634290
0x00007f943c6e6590:   00000000ef634280 0000000000000003
0x00007f943c6e65a0:   00000000ef6342a0 00000000ef6342f0
0x00007f943c6e65b0:   00000000c540ce28 00000000ef634300
0x00007f943c6e65c0:   00007f943c6e6818 00007f9448e02cd4
0x00007f943c6e65d0:   00007f94479e8000 00000000c5355ac8
0x00007f943c6e65e0:   00000000ef6343e8 00007f943c6e67d0
0x00007f943c6e65f0:   0000000000000019 00007f94485ca0c3
0x00007f943c6e6600:   00007f943c6e6818 00007f9448afea34
0x00007f943c6e6610:   00007f943c6e6818 00007f943c6e67d0
0x00007f943c6e6620:   00007f943c6e67d0 00007f94485ca0c3
0x00007f943c6e6630:   00007f94485ae5d0 00007f9400000000
0x00007f943c6e6640:   00007f943c6e6818 00007f943c6e67d0
0x00007f943c6e6650:   00007f943c6e67d0 00007f94485ca0c3
0x00007f943c6e6660:   00007f94485ae5d0 00000000c53555c0
0x00007f943c6e6670:   00007f9400000001 00007f943c6e67d0 

Instructions: (pc=0x00007f93e3946522)
0x00007f93e3946502:   41 5c c3 66 66 2e 0f 1f 84 00 00 00 00 00 41 55
0x00007f93e3946512:   41 54 55 53 48 83 ec 08 48 8b 1f 48 85 db 74 41
0x00007f93e3946522:   f6 83 40 05 00 00 01 89 cd 41 89 d5 49 89 f4 75
0x00007f93e3946532:   75 41 83 e5 01 75 5f 83 e5 fd 74 32 48 8d 35 bb 

Register to memory mapping:

RAX=0x00007f93e3946510: <offset 0x2fb510> in /usr/lib/x86_64-linux-gnu/dri/i965_dri.so at 0x00007f93e364b000
RBX=0x000000000000c000 is an unknown value
RCX=0x0000000000000000 is an unknown value
RDX=0x0000000000000001 is an unknown value
RSP=0x00007f943c6e6480 is pointing into the stack for thread: 0x00007f9404003000
RBP=0x0000000000000000 is an unknown value
RSI=0x00007f93f0fc61f0 is an unknown value
RDI=0x0000000100000000 is pointing into metadata
R8 =0x0000000000000000 is an unknown value
R9 =0x00007f93eee9e710: <offset 0x4b710> in /usr/lib/x86_64-linux-gnu/mesa/libGL.so.1 at 0x00007f93eee53000
R10=0x00007f9448c54547 is at entry_point+71 in (nmethod*)0x00007f9448c54390
R11=0x00000000c4a4c3d8 is an oop
com.jogamp.common.os.MachineDescription$StaticConfig 
 - klass: 'com/jogamp/common/os/MachineDescription$StaticConfig'
R12=0x00007f93f40e9b20 is an unknown value
R13=0x00007f93f40e8670 is an unknown value
R14=0x00007f93f40f9fa0 is an unknown value
R15=0x0000000000000000 is an unknown value


Stack: [0x00007f943c5e8000,0x00007f943c6e9000],  sp=0x00007f943c6e6480,  free space=1017k
Native frames: (J=compiled Java code, j=interpreted, Vv=VM code, C=native code)
C  [i965_dri.so+0x2fb522]

Java frames: (J=compiled Java code, j=interpreted, Vv=VM code)
J 2785  jogamp.opengl.x11.glx.GLX.dispatch_glXSwapBuffers0(JJJ)V (0 bytes) @ 0x00007f9448c54547 [0x00007f9448c54500+0x47]
J 2784 C1 jogamp.opengl.x11.glx.GLX.glXSwapBuffers(JJ)V (45 bytes) @ 0x00007f9448e02cd4 [0x00007f9448e02320+0x9b4]
J 2783 C1 jogamp.opengl.x11.glx.X11GLXDrawable.swapBuffersImpl(Z)V (21 bytes) @ 0x00007f9448cfd444 [0x00007f9448cfd1a0+0x2a4]
J 2782 C1 jogamp.opengl.GLDrawableImpl.swapBuffers()V (138 bytes) @ 0x00007f9448e00e94 [0x00007f9448e007e0+0x6b4]
j  javax.media.opengl.awt.GLCanvas$12.run()V+45
J 2418 C1 java.awt.event.InvocationEvent.dispatch()V (69 bytes) @ 0x00007f9448c1ae4c [0x00007f9448c1ad00+0x14c]
J 2548 C1 java.awt.EventQueue.dispatchEventImpl(Ljava/awt/AWTEvent;Ljava/lang/Object;)V (149 bytes) @ 0x00007f944899237c [0x00007f9448990800+0x1b7c]
J 2348 C1 java.awt.EventQueue$3.run()Ljava/lang/Void; (60 bytes) @ 0x00007f9448700644 [0x00007f9448700440+0x204]
J 2347 C1 java.awt.EventQueue$3.run()Ljava/lang/Object; (5 bytes) @ 0x00007f94486c44cc [0x00007f94486c4440+0x8c]
v  ~StubRoutines::call_stub
J 520  java.security.AccessController.doPrivileged(Ljava/security/PrivilegedAction;Ljava/security/AccessControlContext;)Ljava/lang/Object; (0 bytes) @ 0x00007f94487e2c23 [0x00007f94487e2bc0+0x63]
J 2346 C1 java.awt.EventQueue.dispatchEvent(Ljava/awt/AWTEvent;)V (80 bytes) @ 0x00007f94489c7184 [0x00007f94489c68e0+0x8a4]
J 2349 C1 java.awt.EventDispatchThread.pumpOneEventForFilters(I)V (295 bytes) @ 0x00007f9448961514 [0x00007f944895f9c0+0x1b54]
j  java.awt.EventDispatchThread.pumpEventsForFilter(ILjava/awt/Conditional;Ljava/awt/EventFilter;)V+35
j  java.awt.EventDispatchThread.pumpEventsForHierarchy(ILjava/awt/Conditional;Ljava/awt/Component;)V+11
j  java.awt.EventDispatchThread.pumpEvents(ILjava/awt/Conditional;)V+4
j  java.awt.EventDispatchThread.pumpEvents(Ljava/awt/Conditional;)V+3
j  java.awt.EventDispatchThread.run()V+9
v  ~StubRoutines::call_stub

---------------  P R O C E S S  ---------------

Java Threads: ( => current thread )
  0x00007f93f1594800 JavaThread "Thread-96" [_thread_blocked, id=9281, stack(0x00007f93c94bb000,0x00007f93c95bc000)]
  0x00007f93f1ee6000 JavaThread "Thread-95" [_thread_in_native, id=9280, stack(0x00007f93e0a01000,0x00007f93e0b02000)]
  0x00007f93f1ee5800 JavaThread "Thread-94" [_thread_in_native, id=9279, stack(0x00007f93e0c03000,0x00007f93e0d04000)]
  0x00007f93f1ee3800 JavaThread "Thread-93" [_thread_in_native, id=9278, stack(0x00007f93e0b02000,0x00007f93e0c03000)]
  0x00007f93d8001800 JavaThread "Image Fetcher 3" daemon [_thread_blocked, id=9189, stack(0x00007f93cb53c000,0x00007f93cb63d000)]
  0x00007f93d4001800 JavaThread "Image Fetcher 2" daemon [_thread_blocked, id=9188, stack(0x00007f93cb63d000,0x00007f93cb73e000)]
  0x00007f93f1b55800 JavaThread "Thread-7" [_thread_in_native, id=9187, stack(0x00007f93e0900000,0x00007f93e0a01000)]
  0x00007f93d0005000 JavaThread "Image Fetcher 1" daemon [_thread_blocked, id=9186, stack(0x00007f93cb73e000,0x00007f93cb83f000)]
  0x00007f93d0003800 JavaThread "Image Fetcher 0" daemon [_thread_blocked, id=9185, stack(0x00007f93cb83f000,0x00007f93cb940000)]
  0x00007f93f15dc800 JavaThread "Keep-Alive-Timer" daemon [_thread_blocked, id=9180, stack(0x00007f93e1504000,0x00007f93e1605000)]
  0x00007f93f411d800 JavaThread "Animation Thread-SharedResourceRunner" daemon [_thread_blocked, id=9179, stack(0x00007f93efeff000,0x00007f93f0000000)]
  0x00007f93f4070000 JavaThread "process reaper" daemon [_thread_blocked, id=9174, stack(0x00007f943c0ae000,0x00007f943c0e7000)]
  0x00007f9404009000 JavaThread "Animation Thread" [_thread_blocked, id=9170, stack(0x00007f943c2e7000,0x00007f943c3e8000)]
=>0x00007f9404003000 JavaThread "AWT-EventQueue-1" [_thread_in_native, id=9169, stack(0x00007f943c5e8000,0x00007f943c6e9000)]
  0x00007f945800a000 JavaThread "DestroyJavaVM" [_thread_blocked, id=9148, stack(0x00007f945e525000,0x00007f945e626000)]
  0x00007f9458227000 JavaThread "AWT-EventQueue-0" [_thread_blocked, id=9167, stack(0x00007f943cd90000,0x00007f943ce91000)]
  0x00007f9458224800 JavaThread "AWT-Shutdown" [_thread_blocked, id=9166, stack(0x00007f943ce91000,0x00007f943cf92000)]
  0x00007f945820d000 JavaThread "thread applet-module4.EarthquakeCityMap.class" [_thread_blocked, id=9165, stack(0x00007f943cf92000,0x00007f943d093000)]
  0x00007f9458200000 JavaThread "AWT-XAWT" daemon [_thread_blocked, id=9163, stack(0x00007f943d093000,0x00007f943d194000)]
  0x00007f94581e2000 JavaThread "Java2D Disposer" daemon [_thread_blocked, id=9162, stack(0x00007f943d5a4000,0x00007f943d6a5000)]
  0x00007f94580cb000 JavaThread "Service Thread" daemon [_thread_blocked, id=9160, stack(0x00007f943f318000,0x00007f943f419000)]
  0x00007f94580be000 JavaThread "C1 CompilerThread2" daemon [_thread_blocked, id=9159, stack(0x00007f943f419000,0x00007f943f51a000)]
  0x00007f94580bc000 JavaThread "C2 CompilerThread1" daemon [_thread_blocked, id=9158, stack(0x00007f943f51a000,0x00007f943f61b000)]
  0x00007f94580b9000 JavaThread "C2 CompilerThread0" daemon [_thread_blocked, id=9157, stack(0x00007f943f61b000,0x00007f943f71c000)]
  0x00007f94580b7800 JavaThread "Signal Dispatcher" daemon [_thread_blocked, id=9156, stack(0x00007f943f71c000,0x00007f943f81d000)]
  0x00007f945807f800 JavaThread "Finalizer" daemon [_thread_blocked, id=9155, stack(0x00007f943feff000,0x00007f9440000000)]
  0x00007f945807d800 JavaThread "Reference Handler" daemon [_thread_blocked, id=9154, stack(0x00007f944401d000,0x00007f944411e000)]

Other Threads:
  0x00007f9458078800 VMThread [stack: 0x00007f944411e000,0x00007f944421f000] [id=9153]
  0x00007f94580cd800 WatcherThread [stack: 0x00007f943f217000,0x00007f943f318000] [id=9161]

VM state:not at safepoint (normal execution)

VM Mutex/Monitor currently owned by a thread: None

Heap:
 PSYoungGen      total 79872K, used 65310K [0x00000000ec300000, 0x00000000f3300000, 0x0000000100000000)
  eden space 68608K, 79% used [0x00000000ec300000,0x00000000ef7f3658,0x00000000f0600000)
  from space 11264K, 98% used [0x00000000f0600000,0x00000000f10d42c0,0x00000000f1100000)
  to   space 12800K, 0% used [0x00000000f2680000,0x00000000f2680000,0x00000000f3300000)
 ParOldGen       total 43008K, used 20409K [0x00000000c4800000, 0x00000000c7200000, 0x00000000ec300000)
  object space 43008K, 47% used [0x00000000c4800000,0x00000000c5bee5c8,0x00000000c7200000)
 Metaspace       used 21644K, capacity 21915K, committed 22064K, reserved 1069056K
  class space    used 2004K, capacity 2085K, committed 2176K, reserved 1048576K

Card table byte_map: [0x00007f944800c000,0x00007f94481e9000] byte_map_base: 0x00007f94479e8000

Marking Bits: (ParMarkBitMap*) 0x00007f945d9f7760
 Begin Bits: [0x00007f9445e0b000, 0x00007f9446ceb000)
 End Bits:   [0x00007f9446ceb000, 0x00007f9447bcb000)

Polling page: 0x00007f945e63e000

CodeCache: size=245760Kb used=9250Kb max_used=9259Kb free=236509Kb
 bounds [0x00007f94485a9000, 0x00007f9448ec9000, 0x00007f94575a9000]
 total_blobs=3563 nmethods=2594 adapters=882
 compilation: enabled

Compilation events (10 events):
Event: 26.429 Thread 0x00007f94580b9000 3061       4       processing.opengl.PGraphicsOpenGL::updateProjmodelview (23 bytes)
Event: 26.433 Thread 0x00007f94580b9000 nmethod 3061 0x00007f9448eb2a50 code [0x00007f9448eb2ba0, 0x00007f9448eb2dc8]
Event: 26.480 Thread 0x00007f94580bc000 3062       4       sun.net.www.ParseUtil::match (50 bytes)
Event: 26.480 Thread 0x00007f94580bc000 nmethod 3062 0x00007f9448ea4c90 code [0x00007f9448ea4de0, 0x00007f9448ea4eb8]
Event: 26.519 Thread 0x00007f94580be000 3063       3       sun.java2d.xr.GrowableEltArray::getCharCnt (13 bytes)
Event: 26.520 Thread 0x00007f94580be000 nmethod 3063 0x00007f9448ec3490 code [0x00007f9448ec3600, 0x00007f9448ec3850]
Event: 26.520 Thread 0x00007f94580be000 3064       1       sun.java2d.SurfaceData::isValid (5 bytes)
Event: 26.520 Thread 0x00007f94580be000 nmethod 3064 0x00007f9448d65010 code [0x00007f9448d65160, 0x00007f9448d65270]
Event: 26.520 Thread 0x00007f94580be000 3065       3       sun.font.XRGlyphCacheEntry::getXAdvance (16 bytes)
Event: 26.521 Thread 0x00007f94580be000 nmethod 3065 0x00007f9448ec3150 code [0x00007f9448ec32c0, 0x00007f9448ec3430]

GC Heap History (10 events):
Event: 7.527 GC heap before
{Heap before GC invocations=6 (full 1):
 PSYoungGen      total 33280K, used 2544K [0x00000000ec300000, 0x00000000f1300000, 0x0000000100000000)
  eden space 30720K, 0% used [0x00000000ec300000,0x00000000ec300000,0x00000000ee100000)
  from space 2560K, 99% used [0x00000000ee100000,0x00000000ee37c060,0x00000000ee380000)
  to   space 10240K, 0% used [0x00000000f0900000,0x00000000f0900000,0x00000000f1300000)
 ParOldGen       total 40960K, used 15656K [0x00000000c4800000, 0x00000000c7000000, 0x00000000ec300000)
  object space 40960K, 38% used [0x00000000c4800000,0x00000000c574a288,0x00000000c7000000)
 Metaspace       used 20917K, capacity 21141K, committed 21296K, reserved 1069056K
  class space    used 1999K, capacity 2084K, committed 2176K, reserved 1048576K
Event: 7.589 GC heap after
Heap after GC invocations=6 (full 1):
 PSYoungGen      total 33280K, used 0K [0x00000000ec300000, 0x00000000f1300000, 0x0000000100000000)
  eden space 30720K, 0% used [0x00000000ec300000,0x00000000ec300000,0x00000000ee100000)
  from space 2560K, 0% used [0x00000000ee100000,0x00000000ee100000,0x00000000ee380000)
  to   space 10240K, 0% used [0x00000000f0900000,0x00000000f0900000,0x00000000f1300000)
 ParOldGen       total 43008K, used 13209K [0x00000000c4800000, 0x00000000c7200000, 0x00000000ec300000)
  object space 43008K, 30% used [0x00000000c4800000,0x00000000c54e6408,0x00000000c7200000)
 Metaspace       used 20917K, capacity 21141K, committed 21296K, reserved 1069056K
  class space    used 1999K, capacity 2084K, committed 2176K, reserved 1048576K
}
Event: 10.121 GC heap before
{Heap before GC invocations=7 (full 1):
 PSYoungGen      total 33280K, used 30720K [0x00000000ec300000, 0x00000000f1300000, 0x0000000100000000)
  eden space 30720K, 100% used [0x00000000ec300000,0x00000000ee100000,0x00000000ee100000)
  from space 2560K, 0% used [0x00000000ee100000,0x00000000ee100000,0x00000000ee380000)
  to   space 10240K, 0% used [0x00000000f0900000,0x00000000f0900000,0x00000000f1300000)
 ParOldGen       total 43008K, used 13209K [0x00000000c4800000, 0x00000000c7200000, 0x00000000ec300000)
  object space 43008K, 30% used [0x00000000c4800000,0x00000000c54e6408,0x00000000c7200000)
 Metaspace       used 21097K, capacity 21333K, committed 21552K, reserved 1069056K
  class space    used 1999K, capacity 2084K, committed 2176K, reserved 1048576K
Event: 10.129 GC heap after
Heap after GC invocations=7 (full 1):
 PSYoungGen      total 50688K, used 3296K [0x00000000ec300000, 0x00000000f0c80000, 0x0000000100000000)
  eden space 47104K, 0% used [0x00000000ec300000,0x00000000ec300000,0x00000000ef100000)
  from space 3584K, 91% used [0x00000000f0900000,0x00000000f0c380d0,0x00000000f0c80000)
  to   space 10240K, 0% used [0x00000000ef880000,0x00000000ef880000,0x00000000f0280000)
 ParOldGen       total 43008K, used 13217K [0x00000000c4800000, 0x00000000c7200000, 0x00000000ec300000)
  object space 43008K, 30% used [0x00000000c4800000,0x00000000c54e8408,0x00000000c7200000)
 Metaspace       used 21097K, capacity 21333K, committed 21552K, reserved 1069056K
  class space    used 1999K, capacity 2084K, committed 2176K, reserved 1048576K
}
Event: 14.309 GC heap before
{Heap before GC invocations=8 (full 1):
 PSYoungGen      total 50688K, used 50400K [0x00000000ec300000, 0x00000000f0c80000, 0x0000000100000000)
  eden space 47104K, 100% used [0x00000000ec300000,0x00000000ef100000,0x00000000ef100000)
  from space 3584K, 91% used [0x00000000f0900000,0x00000000f0c380d0,0x00000000f0c80000)
  to   space 10240K, 0% used [0x00000000ef880000,0x00000000ef880000,0x00000000f0280000)
 ParOldGen       total 43008K, used 13217K [0x00000000c4800000, 0x00000000c7200000, 0x00000000ec300000)
  object space 43008K, 30% used [0x00000000c4800000,0x00000000c54e8408,0x00000000c7200000)
 Metaspace       used 21312K, capacity 21595K, committed 21808K, reserved 1069056K
  class space    used 2002K, capacity 2085K, committed 2176K, reserved 1048576K
Event: 14.326 GC heap after
Heap after GC invocations=8 (full 1):
 PSYoungGen      total 65024K, used 5984K [0x00000000ec300000, 0x00000000f1a80000, 0x0000000100000000)
  eden space 54784K, 0% used [0x00000000ec300000,0x00000000ec300000,0x00000000ef880000)
  from space 10240K, 58% used [0x00000000ef880000,0x00000000efe58180,0x00000000f0280000)
  to   space 9728K, 0% used [0x00000000f1100000,0x00000000f1100000,0x00000000f1a80000)
 ParOldGen       total 43008K, used 13225K [0x00000000c4800000, 0x00000000c7200000, 0x00000000ec300000)
  object space 43008K, 30% used [0x00000000c4800000,0x00000000c54ea408,0x00000000c7200000)
 Metaspace       used 21312K, capacity 21595K, committed 21808K, reserved 1069056K
  class space    used 2002K, capacity 2085K, committed 2176K, reserved 1048576K
}
Event: 17.927 GC heap before
{Heap before GC invocations=9 (full 1):
 PSYoungGen      total 65024K, used 60595K [0x00000000ec300000, 0x00000000f1a80000, 0x0000000100000000)
  eden space 54784K, 99% used [0x00000000ec300000,0x00000000ef854c00,0x00000000ef880000)
  from space 10240K, 58% used [0x00000000ef880000,0x00000000efe58180,0x00000000f0280000)
  to   space 9728K, 0% used [0x00000000f1100000,0x00000000f1100000,0x00000000f1a80000)
 ParOldGen       total 43008K, used 13225K [0x00000000c4800000, 0x00000000c7200000, 0x00000000ec300000)
  object space 43008K, 30% used [0x00000000c4800000,0x00000000c54ea408,0x00000000c7200000)
 Metaspace       used 21426K, capacity 21659K, committed 21808K, reserved 1069056K
  class space    used 2002K, capacity 2085K, committed 2176K, reserved 1048576K
Event: 17.969 GC heap after
Heap after GC invocations=9 (full 1):
 PSYoungGen      total 78336K, used 9552K [0x00000000ec300000, 0x00000000f2a80000, 0x0000000100000000)
  eden space 68608K, 0% used [0x00000000ec300000,0x00000000ec300000,0x00000000f0600000)
  from space 9728K, 98% used [0x00000000f1100000,0x00000000f1a54260,0x00000000f1a80000)
  to   space 11264K, 0% used [0x00000000f0600000,0x00000000f0600000,0x00000000f1100000)
 ParOldGen       total 43008K, used 14769K [0x00000000c4800000, 0x00000000c7200000, 0x00000000ec300000)
  object space 43008K, 34% used [0x00000000c4800000,0x00000000c566c468,0x00000000c7200000)
 Metaspace       used 21426K, capacity 21659K, committed 21808K, reserved 1069056K
  class space    used 2002K, capacity 2085K, committed 2176K, reserved 1048576K
}
Event: 22.996 GC heap before
{Heap before GC invocations=10 (full 1):
 PSYoungGen      total 78336K, used 78160K [0x00000000ec300000, 0x00000000f2a80000, 0x0000000100000000)
  eden space 68608K, 100% used [0x00000000ec300000,0x00000000f0600000,0x00000000f0600000)
  from space 9728K, 98% used [0x00000000f1100000,0x00000000f1a54260,0x00000000f1a80000)
  to   space 11264K, 0% used [0x00000000f0600000,0x00000000f0600000,0x00000000f1100000)
 ParOldGen       total 43008K, used 14769K [0x00000000c4800000, 0x00000000c7200000, 0x00000000ec300000)
  object space 43008K, 34% used [0x00000000c4800000,0x00000000c566c468,0x00000000c7200000)
 Metaspace       used 21575K, capacity 21851K, committed 22064K, reserved 1069056K
  class space    used 2002K, capacity 2085K, committed 2176K, reserved 1048576K
Event: 23.103 GC heap after
Heap after GC invocations=10 (full 1):
 PSYoungGen      total 79872K, used 11088K [0x00000000ec300000, 0x00000000f3300000, 0x0000000100000000)
  eden space 68608K, 0% used [0x00000000ec300000,0x00000000ec300000,0x00000000f0600000)
  from space 11264K, 98% used [0x00000000f0600000,0x00000000f10d42c0,0x00000000f1100000)
  to   space 12800K, 0% used [0x00000000f2680000,0x00000000f2680000,0x00000000f3300000)
 ParOldGen       total 43008K, used 20409K [0x00000000c4800000, 0x00000000c7200000, 0x00000000ec300000)
  object space 43008K, 47% used [0x00000000c4800000,0x00000000c5bee5c8,0x00000000c7200000)
 Metaspace       used 21575K, capacity 21851K, committed 22064K, reserved 1069056K
  class space    used 2002K, capacity 2085K, committed 2176K, reserved 1048576K
}

Deoptimization events (10 events):
Event: 12.065 Thread 0x00007f9404003000 Uncommon trap: reason=unstable_if action=reinterpret pc=0x00007f9448c3a458 method=sun.misc.FloatingDecimal$BinaryToASCIIBuffer.developLongDigits(IJI)V @ 129
Event: 12.065 Thread 0x00007f9404003000 Uncommon trap: reason=unstable_if action=reinterpret pc=0x00007f9448c10fd0 method=java.text.DigitList.getDataChars(I)[C @ 13
Event: 12.065 Thread 0x00007f9404003000 Uncommon trap: reason=unstable_if action=reinterpret pc=0x00007f9448c77e08 method=java.text.DecimalFormat.subformat(Ljava/lang/StringBuffer;Ljava/text/Format$FieldDelegate;ZZIIII)Ljava/lang/StringBuffer; @ 753
Event: 12.065 Thread 0x00007f9404003000 Uncommon trap: reason=unstable_if action=reinterpret pc=0x00007f9448c633dc method=sun.misc.FloatingDecimal$BinaryToASCIIBuffer.developLongDigits(IJI)V @ 129
Event: 12.066 Thread 0x00007f9404003000 Uncommon trap: reason=unstable_if action=reinterpret pc=0x00007f9448c17cdc method=sun.misc.FloatingDecimal$BinaryToASCIIBuffer.getChars([C)I @ 94
Event: 12.068 Thread 0x00007f9404003000 Uncommon trap: reason=unstable_if action=reinterpret pc=0x00007f9448c08068 method=de.fhpotsdam.unfolding.mapdisplay.AbstractMapDisplay$ZoomComparator.compare(Lde/fhpotsdam/unfolding/core/Coordinate;Lde/fhpotsdam/unfolding/core/Coordinate;)I @ 9
Event: 12.068 Thread 0x00007f9404003000 Uncommon trap: reason=unstable_if action=reinterpret pc=0x00007f9448d468d4 method=de.fhpotsdam.unfolding.core.Coordinate.equals(Ljava/lang/Object;)Z @ 38
Event: 12.068 Thread 0x00007f9404003000 Uncommon trap: reason=unstable_if action=reinterpret pc=0x00007f9448c64384 method=de.fhpotsdam.unfolding.core.Coordinate.equals(Ljava/lang/Object;)Z @ 38
Event: 26.518 Thread 0x00007f945820d000 Uncommon trap: reason=unstable_if action=reinterpret pc=0x00007f9448daf9d8 method=java.awt.font.FontRenderContext.equals(Ljava/awt/font/FontRenderContext;)Z @ 2
Event: 26.518 Thread 0x00007f945820d000 Uncommon trap: reason=unstable_if action=reinterpret pc=0x00007f9448d3ccf8 method=java.awt.font.FontRenderContext.equals(Ljava/awt/font/FontRenderContext;)Z @ 2

Internal exceptions (10 events):
Event: 3.097 Thread 0x00007f9404003000 Implicit null exception at 0x00007f9448700435 to 0x00007f9448700785
Event: 5.508 Thread 0x00007f9404003000 Exception <a 'java/lang/reflect/InvocationTargetException'> (0x00000000ecd415a8) thrown at [/RE-WORK/workspace/8-2-build-linux-amd64/jdk8u45/3457/hotspot/src/share/vm/runtime/reflection.cpp, line 1080]
Event: 5.511 Thread 0x00007f9404003000 Exception <a 'java/lang/reflect/InvocationTargetException'> (0x00000000ecd41eb0) thrown at [/RE-WORK/workspace/8-2-build-linux-amd64/jdk8u45/3457/hotspot/src/share/vm/runtime/reflection.cpp, line 1080]
Event: 5.928 Thread 0x00007f9404003000 Exception <a 'java/lang/reflect/InvocationTargetException'> (0x00000000ec87e608) thrown at [/RE-WORK/workspace/8-2-build-linux-amd64/jdk8u45/3457/hotspot/src/share/vm/runtime/reflection.cpp, line 1080]
Event: 5.931 Thread 0x00007f9404003000 Exception <a 'java/lang/reflect/InvocationTargetException'> (0x00000000ec87f928) thrown at [/RE-WORK/workspace/8-2-build-linux-amd64/jdk8u45/3457/hotspot/src/share/vm/runtime/reflection.cpp, line 1080]
Event: 5.968 Thread 0x00007f9404003000 Exception <a 'java/lang/reflect/InvocationTargetException'> (0x00000000ec919c10) thrown at [/RE-WORK/workspace/8-2-build-linux-amd64/jdk8u45/3457/hotspot/src/share/vm/runtime/reflection.cpp, line 1080]
Event: 5.970 Thread 0x00007f9404003000 Exception <a 'java/lang/reflect/InvocationTargetException'> (0x00000000ec91a3b0) thrown at [/RE-WORK/workspace/8-2-build-linux-amd64/jdk8u45/3457/hotspot/src/share/vm/runtime/reflection.cpp, line 1080]
Event: 5.988 Thread 0x00007f9404003000 Exception <a 'java/lang/reflect/InvocationTargetException'> (0x00000000ec9609f8) thrown at [/RE-WORK/workspace/8-2-build-linux-amd64/jdk8u45/3457/hotspot/src/share/vm/runtime/reflection.cpp, line 1080]
Event: 5.989 Thread 0x00007f9404003000 Exception <a 'java/lang/reflect/InvocationTargetException'> (0x00000000ec961948) thrown at [/RE-WORK/workspace/8-2-build-linux-amd64/jdk8u45/3457/hotspot/src/share/vm/runtime/reflection.cpp, line 1080]
Event: 6.010 Thread 0x00007f9404003000 Exception <a 'java/lang/reflect/InvocationTargetException'> (0x00000000ec9a9ec0) thrown at [/RE-WORK/workspace/8-2-build-linux-amd64/jdk8u45/3457/hotspot/src/share/vm/runtime/reflection.cpp, line 1080]

Events (10 events):
Event: 26.515 loading class java/awt/KeyboardFocusManager$2
Event: 26.515 loading class java/awt/KeyboardFocusManager$2 done
Event: 26.516 loading class sun/awt/SunToolkit$1
Event: 26.516 loading class sun/awt/SunToolkit$1 done
Event: 26.518 Thread 0x00007f945820d000 Uncommon trap: trap_request=0xffffff65 fr.pc=0x00007f9448daf9d8
Event: 26.518 Thread 0x00007f945820d000 DEOPT PACKING pc=0x00007f9448daf9d8 sp=0x00007f943d0911e0
Event: 26.518 Thread 0x00007f945820d000 DEOPT UNPACKING pc=0x00007f94485ae229 sp=0x00007f943d091138 mode 2
Event: 26.518 Thread 0x00007f945820d000 Uncommon trap: trap_request=0xffffff65 fr.pc=0x00007f9448d3ccf8
Event: 26.518 Thread 0x00007f945820d000 DEOPT PACKING pc=0x00007f9448d3ccf8 sp=0x00007f943d091090
Event: 26.518 Thread 0x00007f945820d000 DEOPT UNPACKING pc=0x00007f94485ae229 sp=0x00007f943d091060 mode 2


Dynamic libraries:
00400000-00401000 r-xp 00000000 08:02 4856071                            /usr/lib/jvm/java-8-oracle/bin/java
00600000-00601000 rw-p 00000000 08:02 4856071                            /usr/lib/jvm/java-8-oracle/bin/java
0243c000-024f4000 rw-p 00000000 00:00 0                                  [heap]
c4800000-c7200000 rw-p 00000000 00:00 0 
c7200000-ec300000 ---p 00000000 00:00 0 
ec300000-f3300000 rw-p 00000000 00:00 0 
f3300000-100000000 ---p 00000000 00:00 0 
100000000-100220000 rw-p 00000000 00:00 0 
100220000-140000000 ---p 00000000 00:00 0 
7f93bc000000-7f93bc085000 rw-p 00000000 00:00 0 
7f93bc085000-7f93c0000000 ---p 00000000 00:00 0 
7f93c0000000-7f93c0096000 rw-p 00000000 00:00 0 
7f93c0096000-7f93c4000000 ---p 00000000 00:00 0 
7f93c4000000-7f93c4099000 rw-p 00000000 00:00 0 
7f93c4099000-7f93c8000000 ---p 00000000 00:00 0 
7f93c94bb000-7f93c94be000 ---p 00000000 00:00 0 
7f93c94be000-7f93c95bc000 rw-p 00000000 00:00 0                          [stack:9281]
7f93c95bc000-7f93c962c000 rw-s 00000000 00:04 155686                     /drm mm object (deleted)
7f93c962c000-7f93c969c000 rw-s 00000000 00:04 154109                     /drm mm object (deleted)
7f93c969c000-7f93c970c000 rw-s 00000000 00:04 155685                     /drm mm object (deleted)
7f93c970c000-7f93c977c000 rw-s 00000000 00:04 154934                     /drm mm object (deleted)
7f93c977c000-7f93c97ec000 rw-s 00000000 00:04 154933                     /drm mm object (deleted)
7f93c97ec000-7f93c985c000 rw-s 00000000 00:04 154108                     /drm mm object (deleted)
7f93c985c000-7f93c98cc000 rw-s 00000000 00:04 155682                     /drm mm object (deleted)
7f93c98cc000-7f93c993c000 rw-s 00000000 00:04 155681                     /drm mm object (deleted)
7f93c993c000-7f93c99ac000 rw-s 00000000 00:04 155672                     /drm mm object (deleted)
7f93c99ac000-7f93c9a1c000 rw-s 00000000 00:04 155671                     /drm mm object (deleted)
7f93c9a1c000-7f93c9a8c000 rw-s 00000000 00:04 153509                     /drm mm object (deleted)
7f93c9a8c000-7f93c9afc000 rw-s 00000000 00:04 153508                     /drm mm object (deleted)
7f93c9afc000-7f93c9b6c000 rw-s 00000000 00:04 154932                     /drm mm object (deleted)
7f93c9b6c000-7f93c9bdc000 rw-s 00000000 00:04 154931                     /drm mm object (deleted)
7f93c9bdc000-7f93c9c4c000 rw-s 00000000 00:04 154924                     /drm mm object (deleted)
7f93c9c4c000-7f93c9cbc000 rw-s 00000000 00:04 154079                     /drm mm object (deleted)
7f93c9cbc000-7f93c9d2c000 rw-s 00000000 00:04 154077                     /drm mm object (deleted)
7f93c9d2c000-7f93c9d9c000 rw-s 00000000 00:04 153499                     /drm mm object (deleted)
7f93c9d9c000-7f93c9e0c000 rw-s 00000000 00:04 153498                     /drm mm object (deleted)
7f93c9e0c000-7f93c9e7c000 rw-s 00000000 00:04 154073                     /drm mm object (deleted)
7f93c9e7c000-7f93c9eec000 rw-s 00000000 00:04 154923                     /drm mm object (deleted)
7f93c9eec000-7f93c9f5c000 rw-s 00000000 00:04 154922                     /drm mm object (deleted)
7f93c9f5c000-7f93c9fcc000 rw-s 00000000 00:04 154072                     /drm mm object (deleted)
7f93c9fcc000-7f93ca03c000 rw-s 00000000 00:04 155659                     /drm mm object (deleted)
7f93ca03c000-7f93ca0ac000 rw-s 00000000 00:04 154039                     /drm mm object (deleted)
7f93ca0ac000-7f93ca11c000 rw-s 00000000 00:04 154012                     /drm mm object (deleted)
7f93ca11c000-7f93ca18c000 rw-s 00000000 00:04 154917                     /drm mm object (deleted)
7f93ca18c000-7f93ca1fc000 rw-s 00000000 00:04 154916                     /drm mm object (deleted)
7f93ca1fc000-7f93ca26c000 rw-s 00000000 00:04 153487                     /drm mm object (deleted)
7f93ca26c000-7f93ca2dc000 rw-s 00000000 00:04 153486                     /drm mm object (deleted)
7f93ca2dc000-7f93ca34c000 rw-s 00000000 00:04 155655                     /drm mm object (deleted)
7f93ca34c000-7f93ca3bc000 rw-s 00000000 00:04 153485                     /drm mm object (deleted)
7f93ca3bc000-7f93ca42c000 rw-s 00000000 00:04 154011                     /drm mm object (deleted)
7f93ca42c000-7f93ca49c000 rw-s 00000000 00:04 155654                     /drm mm object (deleted)
7f93ca49c000-7f93ca50c000 rw-s 00000000 00:04 153484                     /drm mm object (deleted)
7f93ca50c000-7f93ca57c000 rw-s 00000000 00:04 155652                     /drm mm object (deleted)
7f93ca57c000-7f93ca5ec000 rw-s 00000000 00:04 153480                     /drm mm object (deleted)
7f93ca5ec000-7f93ca65c000 rw-s 00000000 00:04 153479                     /drm mm object (deleted)
7f93ca65c000-7f93ca6cc000 rw-s 00000000 00:04 154915                     /drm mm object (deleted)
7f93ca6cc000-7f93ca73c000 rw-s 00000000 00:04 154914                     /drm mm object (deleted)
7f93ca73c000-7f93ca7ac000 rw-s 00000000 00:04 152550                     /drm mm object (deleted)
7f93ca7ac000-7f93ca81c000 rw-s 00000000 00:04 153466                     /drm mm object (deleted)
7f93ca81c000-7f93ca88c000 rw-s 00000000 00:04 152545                     /drm mm object (deleted)
7f93ca88c000-7f93ca8fc000 rw-s 00000000 00:04 152544                     /drm mm object (deleted)
7f93ca8fc000-7f93ca96c000 rw-s 00000000 00:04 153465                     /drm mm object (deleted)
7f93ca96c000-7f93ca9dc000 rw-s 00000000 00:04 152542                     /drm mm object (deleted)
7f93ca9dc000-7f93caa4c000 rw-s 00000000 00:04 154010                     /drm mm object (deleted)
7f93caa4c000-7f93caabc000 rw-s 00000000 00:04 154009                     /drm mm object (deleted)
7f93caabc000-7f93cab2c000 rw-s 00000000 00:04 153464                     /drm mm object (deleted)
7f93cab2c000-7f93cab9c000 rw-s 00000000 00:04 153463                     /drm mm object (deleted)
7f93cab9c000-7f93cac0c000 rw-s 00000000 00:04 152541                     /drm mm object (deleted)
7f93cac0c000-7f93cac7c000 rw-s 00000000 00:04 153462                     /drm mm object (deleted)
7f93cac7c000-7f93cacec000 rw-s 00000000 00:04 153461                     /drm mm object (deleted)
7f93cacec000-7f93cad5c000 rw-s 00000000 00:04 154007                     /drm mm object (deleted)
7f93cad5c000-7f93cadcc000 rw-s 00000000 00:04 154905                     /drm mm object (deleted)
7f93cadcc000-7f93cae3c000 rw-s 00000000 00:04 153460                     /drm mm object (deleted)
7f93cae3c000-7f93caeac000 rw-s 00000000 00:04 152540                     /drm mm object (deleted)
7f93caeac000-7f93caf1c000 rw-s 00000000 00:04 153459                     /drm mm object (deleted)
7f93caf1c000-7f93caf8c000 rw-s 00000000 00:04 153458                     /drm mm object (deleted)
7f93caf8c000-7f93caffc000 rw-s 00000000 00:04 153985                     /drm mm object (deleted)
7f93caffc000-7f93cb06c000 rw-s 00000000 00:04 153450                     /drm mm object (deleted)
7f93cb06c000-7f93cb0dc000 rw-s 00000000 00:04 154869                     /drm mm object (deleted)
7f93cb0dc000-7f93cb14c000 rw-s 00000000 00:04 152527                     /drm mm object (deleted)
7f93cb14c000-7f93cb1bc000 rw-s 00000000 00:04 153981                     /drm mm object (deleted)
7f93cb1bc000-7f93cb22c000 rw-s 00000000 00:04 153980                     /drm mm object (deleted)
7f93cb22c000-7f93cb29c000 rw-s 00000000 00:04 153979                     /drm mm object (deleted)
7f93cb29c000-7f93cb30c000 rw-s 00000000 00:04 152526                     /drm mm object (deleted)
7f93cb30c000-7f93cb37c000 rw-s 00000000 00:04 153978                     /drm mm object (deleted)
7f93cb37c000-7f93cb3ec000 rw-s 00000000 00:04 153441                     /drm mm object (deleted)
7f93cb3ec000-7f93cb45c000 rw-s 00000000 00:04 153440                     /drm mm object (deleted)
7f93cb45c000-7f93cb4cc000 rw-s 00000000 00:04 153966                     /drm mm object (deleted)
7f93cb4cc000-7f93cb53c000 rw-s 00000000 00:04 154863                     /drm mm object (deleted)
7f93cb53c000-7f93cb53f000 ---p 00000000 00:00 0 
7f93cb53f000-7f93cb63d000 rw-p 00000000 00:00 0                          [stack:9189]
7f93cb63d000-7f93cb640000 ---p 00000000 00:00 0 
7f93cb640000-7f93cb73e000 rw-p 00000000 00:00 0                          [stack:9188]
7f93cb73e000-7f93cb741000 ---p 00000000 00:00 0 
7f93cb741000-7f93cb83f000 rw-p 00000000 00:00 0                          [stack:9186]
7f93cb83f000-7f93cb842000 ---p 00000000 00:00 0 
7f93cb842000-7f93cb940000 rw-p 00000000 00:00 0                          [stack:9185]
7f93cb940000-7f93cbbc0000 rw-s 00000000 00:04 153964                     /drm mm object (deleted)
7f93cbbc0000-7f93cbe40000 rw-s 00000000 00:04 152519                     /drm mm object (deleted)
7f93cbe40000-7f93cbf00000 rw-s 10ab0d000 00:05 1552                      /dev/dri/card0
7f93cbf20000-7f93cbf90000 rw-s 00000000 00:04 154867                     /drm mm object (deleted)
7f93cbf90000-7f93cc000000 rw-s 00000000 00:04 154866                     /drm mm object (deleted)
7f93cc000000-7f93cc021000 rw-p 00000000 00:00 0 
7f93cc021000-7f93d0000000 ---p 00000000 00:00 0 
7f93d0000000-7f93d0021000 rw-p 00000000 00:00 0 
7f93d0021000-7f93d4000000 ---p 00000000 00:00 0 
7f93d4000000-7f93d4021000 rw-p 00000000 00:00 0 
7f93d4021000-7f93d8000000 ---p 00000000 00:00 0 
7f93d8000000-7f93d8021000 rw-p 00000000 00:00 0 
7f93d8021000-7f93dc000000 ---p 00000000 00:00 0 
7f93dc000000-7f93dc021000 rw-p 00000000 00:00 0 
7f93dc021000-7f93e0000000 ---p 00000000 00:00 0 
7f93e0013000-7f93e0083000 rw-s 00000000 00:04 154862                     /drm mm object (deleted)
7f93e009b000-7f93e010b000 rw-s 00000000 00:04 152524                     /drm mm object (deleted)
7f93e010b000-7f93e017b000 rw-s 00000000 00:04 153439                     /drm mm object (deleted)
7f93e017b000-7f93e017c000 r--s 00000000 08:02 786530                     /var/cache/fontconfig/c05880de57d1f5e948fdfacc138775d9-le64.cache-4
7f93e017c000-7f93e0187000 r--s 00000000 08:02 786523                     /var/cache/fontconfig/945677eb7aeaf62f1d50efc3fb3ec7d8-le64.cache-4
7f93e0187000-7f93e018d000 r--s 00000000 08:02 786507                     /var/cache/fontconfig/2cd17615ca594fa2959ae173292e504c-le64.cache-4
7f93e018d000-7f93e018e000 r--s 00000000 08:02 786541                     /var/cache/fontconfig/e7071f4a29fa870f4323321c154eba04-le64.cache-4
7f93e018e000-7f93e018f000 r--s 00000000 08:02 786504                     /var/cache/fontconfig/0d8c3b2ac0904cb8a57a757ad11a4a08-le64.cache-4
7f93e018f000-7f93e0196000 r--s 00000000 08:02 786527                     /var/cache/fontconfig/a755afe4a08bf5b97852ceb7400b47bc-le64.cache-4
7f93e0196000-7f93e0197000 r--s 00000000 08:02 786526                     /var/cache/fontconfig/a6354e3ac43af67bd8d7b8e43c34e49f-le64.cache-4
7f93e0197000-7f93e0198000 r--s 00000000 08:02 786506                     /var/cache/fontconfig/1ac9eb803944fde146138c791f5cc56a-le64.cache-4
7f93e0198000-7f93e019c000 r--s 00000000 08:02 786510                     /var/cache/fontconfig/385c0604a188198f04d133e54aba7fe7-le64.cache-4
7f93e019c000-7f93e01a1000 r--s 00000000 08:02 786522                     /var/cache/fontconfig/8801497958630a81b71ace7c5f9b32a8-le64.cache-4
7f93e01a1000-7f93e01a8000 r--s 00000000 08:02 786508                     /var/cache/fontconfig/3047814df9a2f067bd2d96a2b9c36e5a-le64.cache-4
7f93e01a8000-7f93e01bb000 r--s 00000000 08:02 786534                     /var/cache/fontconfig/d52a8644073d54c13679302ca1180695-le64.cache-4
7f93e01bb000-7f93e01c4000 r--s 00000000 08:02 786511                     /var/cache/fontconfig/3f7329c5293ffd510edef78f73874cfd-le64.cache-4
7f93e01c4000-7f93e01d9000 r--s 00000000 08:02 786537                     /var/cache/fontconfig/da82082e1ef13c4097208324d67c180c-le64.cache-4
7f93e01e6000-7f93e0256000 rw-s 00000000 00:04 152523                     /drm mm object (deleted)
7f93e0256000-7f93e02c6000 rw-s 00000000 00:04 153977                     /drm mm object (deleted)
7f93e02c6000-7f93e0336000 rw-s 00000000 00:04 153975                     /drm mm object (deleted)
7f93e0336000-7f93e03a6000 rw-s 00000000 00:04 153438                     /drm mm object (deleted)
7f93e03a6000-7f93e0416000 rw-s 00000000 00:04 153974                     /drm mm object (deleted)
7f93e0416000-7f93e0418000 r--s 00000000 08:02 786520                     /var/cache/fontconfig/767a8244fc0220cfb567a839d0392e0b-le64.cache-4
7f93e0418000-7f93e041e000 r--s 00000000 08:02 786528                     /var/cache/fontconfig/b47c4e1ecd0709278f4910c18777a504-le64.cache-4
7f93e041e000-7f93e042b000 r--s 00000000 08:02 786637                     /var/cache/fontconfig/e13b20fdb08344e0e664864cc2ede53d-le64.cache-4
7f93e0455000-7f93e05c1000 rw-p 00000000 00:00 0 
7f93e05c1000-7f93e0655000 ---p 00000000 00:00 0 
7f93e06c0000-7f93e0740000 rw-s 10aa8d000 00:05 1552                      /dev/dri/card0
7f93e0740000-7f93e0900000 rw-s 00000000 00:04 153412                     /drm mm object (deleted)
7f93e0900000-7f93e0903000 ---p 00000000 00:00 0 
7f93e0903000-7f93e0a01000 rw-p 00000000 00:00 0                          [stack:9187]
7f93e0a01000-7f93e0a04000 ---p 00000000 00:00 0 
7f93e0a04000-7f93e0b02000 rw-p 00000000 00:00 0                          [stack:9280]
7f93e0b02000-7f93e0b05000 ---p 00000000 00:00 0 
7f93e0b05000-7f93e0c03000 rw-p 00000000 00:00 0                          [stack:9278]
7f93e0c03000-7f93e0c06000 ---p 00000000 00:00 0 
7f93e0c06000-7f93e0d04000 rw-p 00000000 00:00 0                          [stack:9279]
7f93e0d04000-7f93e0d84000 rw-s 10aa0d000 00:05 1552                      /dev/dri/card0
7f93e0d84000-7f93e0f44000 rw-s 00000000 00:04 153911                     /drm mm object (deleted)
7f93e0f44000-7f93e1004000 rw-s 10a94d000 00:05 1552                      /dev/dri/card0
7f93e1004000-7f93e1284000 rw-s 00000000 00:04 153902                     /drm mm object (deleted)
7f93e1284000-7f93e1504000 rw-s 00000000 00:04 153410                     /drm mm object (deleted)
7f93e1504000-7f93e1507000 ---p 00000000 00:00 0 
7f93e1507000-7f93e1605000 rw-p 00000000 00:00 0                          [stack:9180]
7f93e1605000-7f93e161c000 r-xp 00000000 08:02 2621530                    /lib/x86_64-linux-gnu/libresolv-2.19.so
7f93e161c000-7f93e181c000 ---p 00017000 08:02 2621530                    /lib/x86_64-linux-gnu/libresolv-2.19.so
7f93e181c000-7f93e181d000 r--p 00017000 08:02 2621530                    /lib/x86_64-linux-gnu/libresolv-2.19.so
7f93e181d000-7f93e181e000 rw-p 00018000 08:02 2621530                    /lib/x86_64-linux-gnu/libresolv-2.19.so
7f93e181e000-7f93e1820000 rw-p 00000000 00:00 0 
7f93e1820000-7f93e1825000 r-xp 00000000 08:02 2621536                    /lib/x86_64-linux-gnu/libnss_dns-2.19.so
7f93e1825000-7f93e1a24000 ---p 00005000 08:02 2621536                    /lib/x86_64-linux-gnu/libnss_dns-2.19.so
7f93e1a24000-7f93e1a25000 r--p 00004000 08:02 2621536                    /lib/x86_64-linux-gnu/libnss_dns-2.19.so
7f93e1a25000-7f93e1a26000 rw-p 00005000 08:02 2621536                    /lib/x86_64-linux-gnu/libnss_dns-2.19.so
7f93e1a26000-7f93e1a28000 r-xp 00000000 08:02 2625700                    /lib/x86_64-linux-gnu/libnss_mdns4_minimal.so.2
7f93e1a28000-7f93e1c27000 ---p 00002000 08:02 2625700                    /lib/x86_64-linux-gnu/libnss_mdns4_minimal.so.2
7f93e1c27000-7f93e1c28000 r--p 00001000 08:02 2625700                    /lib/x86_64-linux-gnu/libnss_mdns4_minimal.so.2
7f93e1c28000-7f93e1c29000 rw-p 00002000 08:02 2625700                    /lib/x86_64-linux-gnu/libnss_mdns4_minimal.so.2
7f93e1c29000-7f93e1c2c000 r-xp 00000000 08:02 2625704                    /lib/x86_64-linux-gnu/libnss_myhostname.so.2
7f93e1c2c000-7f93e1e2b000 ---p 00003000 08:02 2625704                    /lib/x86_64-linux-gnu/libnss_myhostname.so.2
7f93e1e2b000-7f93e1e2c000 r--p 00002000 08:02 2625704                    /lib/x86_64-linux-gnu/libnss_myhostname.so.2
7f93e1e2c000-7f93e1e2d000 rw-p 00003000 08:02 2625704                    /lib/x86_64-linux-gnu/libnss_myhostname.so.2
7f93e1e2d000-7f93e202d000 rw-p 00000000 00:00 0 
7f93e202d000-7f93e20ed000 rw-s 10a88d000 00:05 1552                      /dev/dri/card0
7f93e20ed000-7f93e236d000 rw-s 00000000 00:04 152494                     /drm mm object (deleted)
7f93e236d000-7f93e25ed000 rw-s 00000000 00:04 153895                     /drm mm object (deleted)
7f93e25ed000-7f93e26ad000 rw-s 10a7cd000 00:05 1552                      /dev/dri/card0
7f93e26ad000-7f93e26e4000 r-xp 00000000 08:02 4858923                    /usr/lib/x86_64-linux-gnu/libtxc_dxtn_s2tc.so.0.0.0
7f93e26e4000-7f93e28e3000 ---p 00037000 08:02 4858923                    /usr/lib/x86_64-linux-gnu/libtxc_dxtn_s2tc.so.0.0.0
7f93e28e3000-7f93e28e4000 r--p 00036000 08:02 4858923                    /usr/lib/x86_64-linux-gnu/libtxc_dxtn_s2tc.so.0.0.0
7f93e28e4000-7f93e28e5000 rw-p 00037000 08:02 4858923                    /usr/lib/x86_64-linux-gnu/libtxc_dxtn_s2tc.so.0.0.0
7f93e28e5000-7f93e28fd000 r-xp 00000000 08:02 2625786                    /lib/x86_64-linux-gnu/libz.so.1.2.8
7f93e28fd000-7f93e2afc000 ---p 00018000 08:02 2625786                    /lib/x86_64-linux-gnu/libz.so.1.2.8
7f93e2afc000-7f93e2afd000 r--p 00017000 08:02 2625786                    /lib/x86_64-linux-gnu/libz.so.1.2.8
7f93e2afd000-7f93e2afe000 rw-p 00018000 08:02 2625786                    /lib/x86_64-linux-gnu/libz.so.1.2.8
7f93e2afe000-7f93e2b06000 r-xp 00000000 08:02 4858718                    /usr/lib/x86_64-linux-gnu/libpciaccess.so.0.11.1
7f93e2b06000-7f93e2d05000 ---p 00008000 08:02 4858718                    /usr/lib/x86_64-linux-gnu/libpciaccess.so.0.11.1
7f93e2d05000-7f93e2d06000 r--p 00007000 08:02 4858718                    /usr/lib/x86_64-linux-gnu/libpciaccess.so.0.11.1
7f93e2d06000-7f93e2d07000 rw-p 00008000 08:02 4858718                    /usr/lib/x86_64-linux-gnu/libpciaccess.so.0.11.1
7f93e2d07000-7f93e2df7000 r-xp 00000000 08:02 4858875                    /usr/lib/x86_64-linux-gnu/libstdc++.so.6.0.20
7f93e2df7000-7f93e2ff7000 ---p 000f0000 08:02 4858875                    /usr/lib/x86_64-linux-gnu/libstdc++.so.6.0.20
7f93e2ff7000-7f93e2fff000 r--p 000f0000 08:02 4858875                    /usr/lib/x86_64-linux-gnu/libstdc++.so.6.0.20
7f93e2fff000-7f93e3001000 rw-p 000f8000 08:02 4858875                    /usr/lib/x86_64-linux-gnu/libstdc++.so.6.0.20
7f93e3001000-7f93e3016000 rw-p 00000000 00:00 0 
7f93e3016000-7f93e3022000 r-xp 00000000 08:02 4858206                    /usr/lib/x86_64-linux-gnu/libdrm_radeon.so.1.0.1
7f93e3022000-7f93e3221000 ---p 0000c000 08:02 4858206                    /usr/lib/x86_64-linux-gnu/libdrm_radeon.so.1.0.1
7f93e3221000-7f93e3222000 r--p 0000b000 08:02 4858206                    /usr/lib/x86_64-linux-gnu/libdrm_radeon.so.1.0.1
7f93e3222000-7f93e3223000 rw-p 0000c000 08:02 4858206                    /usr/lib/x86_64-linux-gnu/libdrm_radeon.so.1.0.1
7f93e3223000-7f93e3229000 r-xp 00000000 08:02 4858204                    /usr/lib/x86_64-linux-gnu/libdrm_nouveau.so.2.0.0
7f93e3229000-7f93e3428000 ---p 00006000 08:02 4858204                    /usr/lib/x86_64-linux-gnu/libdrm_nouveau.so.2.0.0
7f93e3428000-7f93e3429000 r--p 00005000 08:02 4858204                    /usr/lib/x86_64-linux-gnu/libdrm_nouveau.so.2.0.0
7f93e3429000-7f93e342a000 rw-p 00006000 08:02 4858204                    /usr/lib/x86_64-linux-gnu/libdrm_nouveau.so.2.0.0
7f93e342a000-7f93e344a000 r-xp 00000000 08:02 4858202                    /usr/lib/x86_64-linux-gnu/libdrm_intel.so.1.0.0
7f93e344a000-7f93e3649000 ---p 00020000 08:02 4858202                    /usr/lib/x86_64-linux-gnu/libdrm_intel.so.1.0.0
7f93e3649000-7f93e364a000 r--p 0001f000 08:02 4858202                    /usr/lib/x86_64-linux-gnu/libdrm_intel.so.1.0.0
7f93e364a000-7f93e364b000 rw-p 00020000 08:02 4858202                    /usr/lib/x86_64-linux-gnu/libdrm_intel.so.1.0.0
7f93e364b000-7f93e3b67000 r-xp 00000000 08:02 5114656                    /usr/lib/x86_64-linux-gnu/dri/i965_dri.so
7f93e3b67000-7f93e3d66000 ---p 0051c000 08:02 5114656                    /usr/lib/x86_64-linux-gnu/dri/i965_dri.so
7f93e3d66000-7f93e3d82000 r--p 0051b000 08:02 5114656                    /usr/lib/x86_64-linux-gnu/dri/i965_dri.so
7f93e3d82000-7f93e3d88000 rw-p 00537000 08:02 5114656                    /usr/lib/x86_64-linux-gnu/dri/i965_dri.so
7f93e3d88000-7f93e3d93000 rw-p 00000000 00:00 0 
7f93e3d93000-7f93e3dff000 r-xp 00000000 08:02 2625725                    /lib/x86_64-linux-gnu/libpcre.so.3.13.1
7f93e3dff000-7f93e3ffe000 ---p 0006c000 08:02 2625725                    /lib/x86_64-linux-gnu/libpcre.so.3.13.1
7f93e3ffe000-7f93e3fff000 r--p 0006b000 08:02 2625725                    /lib/x86_64-linux-gnu/libpcre.so.3.13.1
7f93e3fff000-7f93e4000000 rw-p 0006c000 08:02 2625725                    /lib/x86_64-linux-gnu/libpcre.so.3.13.1
7f93e4000000-7f93e5854000 rw-p 00000000 00:00 0 
7f93e5854000-7f93e8000000 ---p 00000000 00:00 0 
7f93e8000000-7f93e8021000 rw-p 00000000 00:00 0 
7f93e8021000-7f93ec000000 ---p 00000000 00:00 0 
7f93ec000000-7f93ec001000 r--s 00000000 08:02 786538                     /var/cache/fontconfig/dc05db6664285cc2f12bf69c139ae4c3-le64.cache-4
7f93ec001000-7f93ec002000 r--s 00000000 08:02 788870                     /var/cache/fontconfig/4794a0821666d79190d59a36cb4f44b5-le64.cache-4
7f93ec002000-7f93ec003000 r--s 00000000 08:02 786514                     /var/cache/fontconfig/56cf4f4769d0f4abc89a4895d7bd3ae1-le64.cache-4
7f93ec003000-7f93ec004000 r--s 00000000 08:02 786529                     /var/cache/fontconfig/b9d506c9ac06c20b433354fa67a72993-le64.cache-4
7f93ec004000-7f93ec008000 r--s 00000000 08:02 786535                     /var/cache/fontconfig/d589a48862398ed80a3d6066f4f56f4c-le64.cache-4
7f93ec008000-7f93ec00c000 r--s 00000000 08:02 786516                     /var/cache/fontconfig/7ef2298fde41cc6eeb7af42e48b7d293-le64.cache-4
7f93ec03a000-7f93ec05b000 r-xp 00000000 08:02 2625752                    /lib/x86_64-linux-gnu/libselinux.so.1
7f93ec05b000-7f93ec25a000 ---p 00021000 08:02 2625752                    /lib/x86_64-linux-gnu/libselinux.so.1
7f93ec25a000-7f93ec25b000 r--p 00020000 08:02 2625752                    /lib/x86_64-linux-gnu/libselinux.so.1
7f93ec25b000-7f93ec25c000 rw-p 00021000 08:02 2625752                    /lib/x86_64-linux-gnu/libselinux.so.1
7f93ec25c000-7f93ec25e000 rw-p 00000000 00:00 0 
7f93ec25e000-7f93ec26e000 r-xp 00000000 08:02 2625516                    /lib/x86_64-linux-gnu/libudev.so.1.4.0
7f93ec26e000-7f93ec46e000 ---p 00010000 08:02 2625516                    /lib/x86_64-linux-gnu/libudev.so.1.4.0
7f93ec46e000-7f93ec46f000 r--p 00010000 08:02 2625516                    /lib/x86_64-linux-gnu/libudev.so.1.4.0
7f93ec46f000-7f93ec470000 rw-p 00011000 08:02 2625516                    /lib/x86_64-linux-gnu/libudev.so.1.4.0
7f93ec470000-7f93ec472000 r-xp 00000000 08:02 4857968                    /usr/lib/x86_64-linux-gnu/libXinerama.so.1.0.0
7f93ec472000-7f93ec671000 ---p 00002000 08:02 4857968                    /usr/lib/x86_64-linux-gnu/libXinerama.so.1.0.0
7f93ec671000-7f93ec672000 r--p 00001000 08:02 4857968                    /usr/lib/x86_64-linux-gnu/libXinerama.so.1.0.0
7f93ec672000-7f93ec673000 rw-p 00002000 08:02 4857968                    /usr/lib/x86_64-linux-gnu/libXinerama.so.1.0.0
7f93ec673000-7f93ec6b8000 r-xp 00000000 08:02 4587544                    /tmp/jogamp_0000/file_cache/jln7215698280799762537/jln3489591225660313642/libjogl_mobile.so
7f93ec6b8000-7f93ec8b8000 ---p 00045000 08:02 4587544                    /tmp/jogamp_0000/file_cache/jln7215698280799762537/jln3489591225660313642/libjogl_mobile.so
7f93ec8b8000-7f93ec8b9000 rw-p 00045000 08:02 4587544                    /tmp/jogamp_0000/file_cache/jln7215698280799762537/jln3489591225660313642/libjogl_mobile.so
7f93ec8b9000-7f93ec8c0000 r-xp 00000000 08:02 4858242                    /usr/lib/x86_64-linux-gnu/libffi.so.6.0.2
7f93ec8c0000-7f93ecabf000 ---p 00007000 08:02 4858242                    /usr/lib/x86_64-linux-gnu/libffi.so.6.0.2
7f93ecabf000-7f93ecac0000 r--p 00006000 08:02 4858242                    /usr/lib/x86_64-linux-gnu/libffi.so.6.0.2
7f93ecac0000-7f93ecac1000 rw-p 00007000 08:02 4858242                    /usr/lib/x86_64-linux-gnu/libffi.so.6.0.2
7f93ecac1000-7f93ecace000 r-xp 00000000 08:02 4849854                    /usr/lib/x86_64-linux-gnu/libgbm.so.1.0.0
7f93ecace000-7f93ecccd000 ---p 0000d000 08:02 4849854                    /usr/lib/x86_64-linux-gnu/libgbm.so.1.0.0
7f93ecccd000-7f93eccce000 r--p 0000c000 08:02 4849854                    /usr/lib/x86_64-linux-gnu/libgbm.so.1.0.0
7f93eccce000-7f93ecccf000 rw-p 0000d000 08:02 4849854                    /usr/lib/x86_64-linux-gnu/libgbm.so.1.0.0
7f93ecccf000-7f93eccdd000 r-xp 00000000 08:02 4858976                    /usr/lib/x86_64-linux-gnu/libwayland-server.so.0.1.0
7f93eccdd000-7f93ecedd000 ---p 0000e000 08:02 4858976                    /usr/lib/x86_64-linux-gnu/libwayland-server.so.0.1.0
7f93ecedd000-7f93ecedf000 r--p 0000e000 08:02 4858976                    /usr/lib/x86_64-linux-gnu/libwayland-server.so.0.1.0
7f93ecedf000-7f93ecee0000 rw-p 00010000 08:02 4858976                    /usr/lib/x86_64-linux-gnu/libwayland-server.so.0.1.0
7f93ecee0000-7f93eceeb000 r-xp 00000000 08:02 4858970                    /usr/lib/x86_64-linux-gnu/libwayland-client.so.0.2.0
7f93eceeb000-7f93ed0eb000 ---p 0000b000 08:02 4858970                    /usr/lib/x86_64-linux-gnu/libwayland-client.so.0.2.0
7f93ed0eb000-7f93ed0ed000 r--p 0000b000 08:02 4858970                    /usr/lib/x86_64-linux-gnu/libwayland-client.so.0.2.0
7f93ed0ed000-7f93ed0ee000 rw-p 0000d000 08:02 4858970                    /usr/lib/x86_64-linux-gnu/libwayland-client.so.0.2.0
7f93ed0ee000-7f93ed0f3000 r-xp 00000000 08:02 4859022                    /usr/lib/x86_64-linux-gnu/libxcb-xfixes.so.0.0.0
7f93ed0f3000-7f93ed2f3000 ---p 00005000 08:02 4859022                    /usr/lib/x86_64-linux-gnu/libxcb-xfixes.so.0.0.0
7f93ed2f3000-7f93ed2f4000 r--p 00005000 08:02 4859022                    /usr/lib/x86_64-linux-gnu/libxcb-xfixes.so.0.0.0
7f93ed2f4000-7f93ed2f5000 rw-p 00006000 08:02 4859022                    /usr/lib/x86_64-linux-gnu/libxcb-xfixes.so.0.0.0
7f93ed2f5000-7f93ed31e000 r-xp 00000000 08:02 5114652                    /usr/lib/x86_64-linux-gnu/mesa-egl/libEGL.so.1.0.0
7f93ed31e000-7f93ed51d000 ---p 00029000 08:02 5114652                    /usr/lib/x86_64-linux-gnu/mesa-egl/libEGL.so.1.0.0
7f93ed51d000-7f93ed51e000 r--p 00028000 08:02 5114652                    /usr/lib/x86_64-linux-gnu/mesa-egl/libEGL.so.1.0.0
7f93ed51e000-7f93ed51f000 rw-p 00029000 08:02 5114652                    /usr/lib/x86_64-linux-gnu/mesa-egl/libEGL.so.1.0.0
7f93ed51f000-7f93ed520000 rw-p 00000000 00:00 0 
7f93ed520000-7f93ed5c5000 r-xp 00000000 08:02 4587543                    /tmp/jogamp_0000/file_cache/jln7215698280799762537/jln3489591225660313642/libjogl_desktop.so
7f93ed5c5000-7f93ed7c5000 ---p 000a5000 08:02 4587543                    /tmp/jogamp_0000/file_cache/jln7215698280799762537/jln3489591225660313642/libjogl_desktop.so
7f93ed7c5000-7f93ed7c6000 rw-p 000a5000 08:02 4587543                    /tmp/jogamp_0000/file_cache/jln7215698280799762537/jln3489591225660313642/libjogl_desktop.so
7f93ed7c6000-7f93ed7d1000 r-xp 00000000 08:02 4858200                    /usr/lib/x86_64-linux-gnu/libdrm.so.2.4.0
7f93ed7d1000-7f93ed9d0000 ---p 0000b000 08:02 4858200                    /usr/lib/x86_64-linux-gnu/libdrm.so.2.4.0
7f93ed9d0000-7f93ed9d1000 r--p 0000a000 08:02 4858200                    /usr/lib/x86_64-linux-gnu/libdrm.so.2.4.0
7f93ed9d1000-7f93ed9d2000 rw-p 0000b000 08:02 4858200                    /usr/lib/x86_64-linux-gnu/libdrm.so.2.4.0
7f93ed9d2000-7f93ed9d3000 r-xp 00000000 08:02 4859034                    /usr/lib/x86_64-linux-gnu/libxshmfence.so.1.0.0
7f93ed9d3000-7f93edbd2000 ---p 00001000 08:02 4859034                    /usr/lib/x86_64-linux-gnu/libxshmfence.so.1.0.0
7f93edbd2000-7f93edbd3000 r--p 00000000 08:02 4859034                    /usr/lib/x86_64-linux-gnu/libxshmfence.so.1.0.0
7f93edbd3000-7f93edbd4000 rw-p 00001000 08:02 4859034                    /usr/lib/x86_64-linux-gnu/libxshmfence.so.1.0.0
7f93edbd4000-7f93edbd9000 r-xp 00000000 08:02 4859016                    /usr/lib/x86_64-linux-gnu/libxcb-sync.so.1.0.0
7f93edbd9000-7f93eddd8000 ---p 00005000 08:02 4859016                    /usr/lib/x86_64-linux-gnu/libxcb-sync.so.1.0.0
7f93eddd8000-7f93eddd9000 r--p 00004000 08:02 4859016                    /usr/lib/x86_64-linux-gnu/libxcb-sync.so.1.0.0
7f93eddd9000-7f93eddda000 rw-p 00005000 08:02 4859016                    /usr/lib/x86_64-linux-gnu/libxcb-sync.so.1.0.0
7f93eddda000-7f93edddc000 r-xp 00000000 08:02 4859008                    /usr/lib/x86_64-linux-gnu/libxcb-present.so.0.0.0
7f93edddc000-7f93edfdb000 ---p 00002000 08:02 4859008                    /usr/lib/x86_64-linux-gnu/libxcb-present.so.0.0.0
7f93edfdb000-7f93edfdc000 r--p 00001000 08:02 4859008                    /usr/lib/x86_64-linux-gnu/libxcb-present.so.0.0.0
7f93edfdc000-7f93edfdd000 rw-p 00002000 08:02 4859008                    /usr/lib/x86_64-linux-gnu/libxcb-present.so.0.0.0
7f93edfdd000-7f93edfdf000 r-xp 00000000 08:02 4858998                    /usr/lib/x86_64-linux-gnu/libxcb-dri3.so.0.0.0
7f93edfdf000-7f93ee1de000 ---p 00002000 08:02 4858998                    /usr/lib/x86_64-linux-gnu/libxcb-dri3.so.0.0.0
7f93ee1de000-7f93ee1df000 r--p 00001000 08:02 4858998                    /usr/lib/x86_64-linux-gnu/libxcb-dri3.so.0.0.0
7f93ee1df000-7f93ee1e0000 rw-p 00002000 08:02 4858998                    /usr/lib/x86_64-linux-gnu/libxcb-dri3.so.0.0.0
7f93ee1e0000-7f93ee1e3000 r-xp 00000000 08:02 4858996                    /usr/lib/x86_64-linux-gnu/libxcb-dri2.so.0.0.0
7f93ee1e3000-7f93ee3e3000 ---p 00003000 08:02 4858996                    /usr/lib/x86_64-linux-gnu/libxcb-dri2.so.0.0.0
7f93ee3e3000-7f93ee3e4000 r--p 00003000 08:02 4858996                    /usr/lib/x86_64-linux-gnu/libxcb-dri2.so.0.0.0
7f93ee3e4000-7f93ee3e5000 rw-p 00004000 08:02 4858996                    /usr/lib/x86_64-linux-gnu/libxcb-dri2.so.0.0.0
7f93ee3e5000-7f93ee3fa000 r-xp 00000000 08:02 4859000                    /usr/lib/x86_64-linux-gnu/libxcb-glx.so.0.0.0
7f93ee3fa000-7f93ee5f9000 ---p 00015000 08:02 4859000                    /usr/lib/x86_64-linux-gnu/libxcb-glx.so.0.0.0
7f93ee5f9000-7f93ee5fb000 r--p 00014000 08:02 4859000                    /usr/lib/x86_64-linux-gnu/libxcb-glx.so.0.0.0
7f93ee5fb000-7f93ee5fc000 rw-p 00016000 08:02 4859000                    /usr/lib/x86_64-linux-gnu/libxcb-glx.so.0.0.0
7f93ee5fc000-7f93ee5fd000 r-xp 00000000 08:02 4857939                    /usr/lib/x86_64-linux-gnu/libX11-xcb.so.1.0.0
7f93ee5fd000-7f93ee7fc000 ---p 00001000 08:02 4857939                    /usr/lib/x86_64-linux-gnu/libX11-xcb.so.1.0.0
7f93ee7fc000-7f93ee7fd000 r--p 00000000 08:02 4857939                    /usr/lib/x86_64-linux-gnu/libX11-xcb.so.1.0.0
7f93ee7fd000-7f93ee7fe000 rw-p 00001000 08:02 4857939                    /usr/lib/x86_64-linux-gnu/libX11-xcb.so.1.0.0
7f93ee7fe000-7f93ee800000 r-xp 00000000 08:02 4857954                    /usr/lib/x86_64-linux-gnu/libXdamage.so.1.1.0
7f93ee800000-7f93ee9ff000 ---p 00002000 08:02 4857954                    /usr/lib/x86_64-linux-gnu/libXdamage.so.1.1.0
7f93ee9ff000-7f93eea00000 r--p 00001000 08:02 4857954                    /usr/lib/x86_64-linux-gnu/libXdamage.so.1.1.0
7f93eea00000-7f93eea01000 rw-p 00002000 08:02 4857954                    /usr/lib/x86_64-linux-gnu/libXdamage.so.1.1.0
7f93eea01000-7f93eea26000 r-xp 00000000 08:02 4853342                    /usr/lib/x86_64-linux-gnu/libglapi.so.0.0.0
7f93eea26000-7f93eec25000 ---p 00025000 08:02 4853342                    /usr/lib/x86_64-linux-gnu/libglapi.so.0.0.0
7f93eec25000-7f93eec28000 r--p 00024000 08:02 4853342                    /usr/lib/x86_64-linux-gnu/libglapi.so.0.0.0
7f93eec28000-7f93eec29000 rw-p 00027000 08:02 4853342                    /usr/lib/x86_64-linux-gnu/libglapi.so.0.0.0
7f93eec29000-7f93eec2a000 rw-p 00000000 00:00 0 
7f93eec2a000-7f93eec50000 r-xp 00000000 08:02 2625637                    /lib/x86_64-linux-gnu/libexpat.so.1.6.0
7f93eec50000-7f93eee4f000 ---p 00026000 08:02 2625637                    /lib/x86_64-linux-gnu/libexpat.so.1.6.0
7f93eee4f000-7f93eee52000 r--p 00025000 08:02 2625637                    /lib/x86_64-linux-gnu/libexpat.so.1.6.0
7f93eee52000-7f93eee53000 rw-p 00028000 08:02 2625637                    /lib/x86_64-linux-gnu/libexpat.so.1.6.0
7f93eee53000-7f93eeee9000 r-xp 00000000 08:02 5113685                    /usr/lib/x86_64-linux-gnu/mesa/libGL.so.1.2.0
7f93eeee9000-7f93ef0e8000 ---p 00096000 08:02 5113685                    /usr/lib/x86_64-linux-gnu/mesa/libGL.so.1.2.0
7f93ef0e8000-7f93ef0eb000 r--p 00095000 08:02 5113685                    /usr/lib/x86_64-linux-gnu/mesa/libGL.so.1.2.0
7f93ef0eb000-7f93ef0ec000 rw-p 00098000 08:02 5113685                    /usr/lib/x86_64-linux-gnu/mesa/libGL.so.1.2.0
7f93ef0ec000-7f93ef2ed000 rw-p 00000000 00:00 0 
7f93ef2ed000-7f93ef4ed000 rw-p 00000000 00:00 0 
7f93ef4ed000-7f93ef4f4000 r-xp 00000000 08:02 4587551                    /tmp/jogamp_0000/file_cache/jln7215698280799762537/jln3489591225660313642/libnativewindow_x11.so
7f93ef4f4000-7f93ef6f3000 ---p 00007000 08:02 4587551                    /tmp/jogamp_0000/file_cache/jln7215698280799762537/jln3489591225660313642/libnativewindow_x11.so
7f93ef6f3000-7f93ef6f4000 rw-p 00006000 08:02 4587551                    /tmp/jogamp_0000/file_cache/jln7215698280799762537/jln3489591225660313642/libnativewindow_x11.so
7f93ef6f4000-7f93ef6f8000 r-xp 00000000 08:02 4857996                    /usr/lib/x86_64-linux-gnu/libXxf86vm.so.1.0.0
7f93ef6f8000-7f93ef8f8000 ---p 00004000 08:02 4857996                    /usr/lib/x86_64-linux-gnu/libXxf86vm.so.1.0.0
7f93ef8f8000-7f93ef8f9000 r--p 00004000 08:02 4857996                    /usr/lib/x86_64-linux-gnu/libXxf86vm.so.1.0.0
7f93ef8f9000-7f93ef8fa000 rw-p 00005000 08:02 4857996                    /usr/lib/x86_64-linux-gnu/libXxf86vm.so.1.0.0
7f93ef8fa000-7f93ef8fc000 r-xp 00000000 08:02 4587545                    /tmp/jogamp_0000/file_cache/jln7215698280799762537/jln3489591225660313642/libnativewindow_awt.so
7f93ef8fc000-7f93efafb000 ---p 00002000 08:02 4587545                    /tmp/jogamp_0000/file_cache/jln7215698280799762537/jln3489591225660313642/libnativewindow_awt.so
7f93efafb000-7f93efafc000 rw-p 00001000 08:02 4587545                    /tmp/jogamp_0000/file_cache/jln7215698280799762537/jln3489591225660313642/libnativewindow_awt.so
7f93efafc000-7f93efafd000 r-xp 00000000 08:02 4855861                    /usr/lib/jvm/java-8-oracle/jre/lib/amd64/libjawt.so
7f93efafd000-7f93efcfc000 ---p 00001000 08:02 4855861                    /usr/lib/jvm/java-8-oracle/jre/lib/amd64/libjawt.so
7f93efcfc000-7f93efcfd000 rw-p 00000000 08:02 4855861                    /usr/lib/jvm/java-8-oracle/jre/lib/amd64/libjawt.so
7f93efcfd000-7f93efcff000 r-xp 00000000 08:02 4587542                    /tmp/jogamp_0000/file_cache/jln7215698280799762537/jln3489591225660313642/libgluegen-rt.so
7f93efcff000-7f93efefe000 ---p 00002000 08:02 4587542                    /tmp/jogamp_0000/file_cache/jln7215698280799762537/jln3489591225660313642/libgluegen-rt.so
7f93efefe000-7f93efeff000 rw-p 00001000 08:02 4587542                    /tmp/jogamp_0000/file_cache/jln7215698280799762537/jln3489591225660313642/libgluegen-rt.so
7f93efeff000-7f93eff02000 ---p 00000000 00:00 0 
7f93eff02000-7f93f0000000 rw-p 00000000 00:00 0                          [stack:9179]
7f93f0000000-7f93f25cc000 rw-p 00000000 00:00 0 
7f93f25cc000-7f93f4000000 ---p 00000000 00:00 0 
7f93f4000000-7f93f4857000 rw-p 00000000 00:00 0 
7f93f4857000-7f93f8000000 ---p 00000000 00:00 0 
7f93f8000000-7f93f8021000 rw-p 00000000 00:00 0 
7f93f8021000-7f93fc000000 ---p 00000000 00:00 0 
7f93fc000000-7f93fc29f000 rw-p 00000000 00:00 0 
7f93fc29f000-7f9400000000 ---p 00000000 00:00 0 
7f9400000000-7f940002d000 rw-p 00000000 00:00 0 
7f940002d000-7f9404000000 ---p 00000000 00:00 0 
7f9404000000-7f9404021000 rw-p 00000000 00:00 0 
7f9404021000-7f9408000000 ---p 00000000 00:00 0 
7f9408000000-7f9408021000 rw-p 00000000 00:00 0 
7f9408021000-7f940c000000 ---p 00000000 00:00 0 
7f940c000000-7f940c021000 rw-p 00000000 00:00 0 
7f940c021000-7f9410000000 ---p 00000000 00:00 0 
7f9410000000-7f941081d000 rw-p 00000000 00:00 0 
7f941081d000-7f9414000000 ---p 00000000 00:00 0 
7f9414000000-7f9414021000 rw-p 00000000 00:00 0 
7f9414021000-7f9418000000 ---p 00000000 00:00 0 
7f9418000000-7f94193a5000 rw-p 00000000 00:00 0 
7f94193a5000-7f941c000000 ---p 00000000 00:00 0 
7f941c000000-7f941d843000 rw-p 00000000 00:00 0 
7f941d843000-7f9420000000 ---p 00000000 00:00 0 
7f9420000000-7f9420021000 rw-p 00000000 00:00 0 
7f9420021000-7f9424000000 ---p 00000000 00:00 0 
7f9424000000-7f9424021000 rw-p 00000000 00:00 0 
7f9424021000-7f9428000000 ---p 00000000 00:00 0 
7f9428000000-7f9428021000 rw-p 00000000 00:00 0 
7f9428021000-7f942c000000 ---p 00000000 00:00 0 
7f942c000000-7f942c021000 rw-p 00000000 00:00 0 
7f942c021000-7f9430000000 ---p 00000000 00:00 0 
7f9430000000-7f9430021000 rw-p 00000000 00:00 0 
7f9430021000-7f9434000000 ---p 00000000 00:00 0 
7f9434000000-7f9434021000 rw-p 00000000 00:00 0 
7f9434021000-7f9438000000 ---p 00000000 00:00 0 
7f9438000000-7f9438021000 rw-p 00000000 00:00 0 
7f9438021000-7f943c000000 ---p 00000000 00:00 0 
7f943c000000-7f943c001000 r--s 00000000 08:02 786503                     /var/cache/fontconfig/0c9eb80ebd1c36541ebe2852d3bb0c49-le64.cache-4
7f943c001000-7f943c002000 r--s 00000000 08:02 786517                     /var/cache/fontconfig/62f91419b9ebdb6975e7e41ab6412357-le64.cache-4
7f943c04d000-7f943c04e000 rw-s 00000000 00:04 152507                     /drm mm object (deleted)
7f943c057000-7f943c058000 rw-p 00000000 00:00 0 
7f943c058000-7f943c060000 rw-s 00000000 00:04 154090                     /drm mm object (deleted)
7f943c060000-7f943c068000 rw-s 00000000 00:04 153495                     /drm mm object (deleted)
7f943c068000-7f943c069000 rw-s 00000000 00:04 153883                     /drm mm object (deleted)
7f943c069000-7f943c071000 rw-s 00000000 00:04 154854                     /drm mm object (deleted)
7f943c071000-7f943c072000 rw-s 00000000 00:04 153873                     /drm mm object (deleted)
7f943c072000-7f943c07a000 rw-s 00000000 00:04 153864                     /drm mm object (deleted)
7f943c07a000-7f943c082000 rw-s 00000000 00:04 153860                     /drm mm object (deleted)
7f943c082000-7f943c08a000 rw-s 00000000 00:04 155670                     /drm mm object (deleted)
7f943c08a000-7f943c092000 rw-s 00000000 00:04 153400                     /drm mm object (deleted)
7f943c092000-7f943c0ae000 r--s 00393000 08:02 4855940                    /usr/lib/jvm/java-8-oracle/jre/lib/ext/cldrdata.jar
7f943c0ae000-7f943c0b1000 ---p 00000000 00:00 0 
7f943c0b1000-7f943c2e7000 rw-p 00000000 00:00 0                          [stack:9174]
7f943c2e7000-7f943c2ea000 ---p 00000000 00:00 0 
7f943c2ea000-7f943c5e8000 rw-p 00000000 00:00 0 
7f943c5e8000-7f943c5eb000 ---p 00000000 00:00 0 
7f943c5eb000-7f943c6e9000 rw-p 00000000 00:00 0                          [stack:9169]
7f943c6e9000-7f943c752000 r-xp 00000000 08:02 4855882                    /usr/lib/jvm/java-8-oracle/jre/lib/amd64/libt2k.so
7f943c752000-7f943c951000 ---p 00069000 08:02 4855882                    /usr/lib/jvm/java-8-oracle/jre/lib/amd64/libt2k.so
7f943c951000-7f943c958000 rw-p 00068000 08:02 4855882                    /usr/lib/jvm/java-8-oracle/jre/lib/amd64/libt2k.so
7f943c958000-7f943c968000 rw-p 00000000 00:00 0 
7f943c968000-7f943c979000 r-xp 00000000 08:02 4855860                    /usr/lib/jvm/java-8-oracle/jre/lib/amd64/libnio.so
7f943c979000-7f943cb78000 ---p 00011000 08:02 4855860                    /usr/lib/jvm/java-8-oracle/jre/lib/amd64/libnio.so
7f943cb78000-7f943cb79000 rw-p 00010000 08:02 4855860                    /usr/lib/jvm/java-8-oracle/jre/lib/amd64/libnio.so
7f943cb79000-7f943cb8f000 r-xp 00000000 08:02 4855886                    /usr/lib/jvm/java-8-oracle/jre/lib/amd64/libnet.so
7f943cb8f000-7f943cd8f000 ---p 00016000 08:02 4855886                    /usr/lib/jvm/java-8-oracle/jre/lib/amd64/libnet.so
7f943cd8f000-7f943cd90000 rw-p 00016000 08:02 4855886                    /usr/lib/jvm/java-8-oracle/jre/lib/amd64/libnet.so
7f943cd90000-7f943cd93000 ---p 00000000 00:00 0 
7f943cd93000-7f943ce91000 rw-p 00000000 00:00 0                          [stack:9167]
7f943ce91000-7f943ce94000 ---p 00000000 00:00 0 
7f943ce94000-7f943cf92000 rw-p 00000000 00:00 0                          [stack:9166]
7f943cf92000-7f943cf95000 ---p 00000000 00:00 0 
7f943cf95000-7f943d093000 rw-p 00000000 00:00 0                          [stack:9165]
7f943d093000-7f943d096000 ---p 00000000 00:00 0 
7f943d096000-7f943d194000 rw-p 00000000 00:00 0                          [stack:9163]
7f943d194000-7f943d199000 r-xp 00000000 08:02 4857960                    /usr/lib/x86_64-linux-gnu/libXfixes.so.3.1.0
7f943d199000-7f943d398000 ---p 00005000 08:02 4857960                    /usr/lib/x86_64-linux-gnu/libXfixes.so.3.1.0
7f943d398000-7f943d399000 r--p 00004000 08:02 4857960                    /usr/lib/x86_64-linux-gnu/libXfixes.so.3.1.0
7f943d399000-7f943d39a000 rw-p 00005000 08:02 4857960                    /usr/lib/x86_64-linux-gnu/libXfixes.so.3.1.0
7f943d39a000-7f943d3a3000 r-xp 00000000 08:02 4857952                    /usr/lib/x86_64-linux-gnu/libXcursor.so.1.0.2
7f943d3a3000-7f943d5a2000 ---p 00009000 08:02 4857952                    /usr/lib/x86_64-linux-gnu/libXcursor.so.1.0.2
7f943d5a2000-7f943d5a3000 r--p 00008000 08:02 4857952                    /usr/lib/x86_64-linux-gnu/libXcursor.so.1.0.2
7f943d5a3000-7f943d5a4000 rw-p 00009000 08:02 4857952                    /usr/lib/x86_64-linux-gnu/libXcursor.so.1.0.2
7f943d5a4000-7f943d5a7000 ---p 00000000 00:00 0 
7f943d5a7000-7f943d6a5000 rw-p 00000000 00:00 0                          [stack:9162]
7f943d6a5000-7f943d6bb000 r-xp 00000000 08:02 2625642                    /lib/x86_64-linux-gnu/libgcc_s.so.1
7f943d6bb000-7f943d8ba000 ---p 00016000 08:02 2625642                    /lib/x86_64-linux-gnu/libgcc_s.so.1
7f943d8ba000-7f943d8bb000 r--p 00015000 08:02 2625642                    /lib/x86_64-linux-gnu/libgcc_s.so.1
7f943d8bb000-7f943d8bc000 rw-p 00016000 08:02 2625642                    /lib/x86_64-linux-gnu/libgcc_s.so.1
7f943d8bc000-7f943d921000 r-xp 00000000 08:02 4855916                    /usr/lib/jvm/java-8-oracle/jre/lib/amd64/libfontmanager.so
7f943d921000-7f943db20000 ---p 00065000 08:02 4855916                    /usr/lib/jvm/java-8-oracle/jre/lib/amd64/libfontmanager.so
7f943db20000-7f943db25000 rw-p 00064000 08:02 4855916                    /usr/lib/jvm/java-8-oracle/jre/lib/amd64/libfontmanager.so
7f943db25000-7f943db35000 rw-p 00000000 00:00 0 
7f943db35000-7f943db3a000 r-xp 00000000 08:02 4857956                    /usr/lib/x86_64-linux-gnu/libXdmcp.so.6.0.0
7f943db3a000-7f943dd39000 ---p 00005000 08:02 4857956                    /usr/lib/x86_64-linux-gnu/libXdmcp.so.6.0.0
7f943dd39000-7f943dd3a000 r--p 00004000 08:02 4857956                    /usr/lib/x86_64-linux-gnu/libXdmcp.so.6.0.0
7f943dd3a000-7f943dd3b000 rw-p 00005000 08:02 4857956                    /usr/lib/x86_64-linux-gnu/libXdmcp.so.6.0.0
7f943dd3b000-7f943dd3d000 r-xp 00000000 08:02 4857945                    /usr/lib/x86_64-linux-gnu/libXau.so.6.0.0
7f943dd3d000-7f943df3d000 ---p 00002000 08:02 4857945                    /usr/lib/x86_64-linux-gnu/libXau.so.6.0.0
7f943df3d000-7f943df3e000 r--p 00002000 08:02 4857945                    /usr/lib/x86_64-linux-gnu/libXau.so.6.0.0
7f943df3e000-7f943df3f000 rw-p 00003000 08:02 4857945                    /usr/lib/x86_64-linux-gnu/libXau.so.6.0.0
7f943df3f000-7f943df5c000 r-xp 00000000 08:02 4859026                    /usr/lib/x86_64-linux-gnu/libxcb.so.1.1.0
7f943df5c000-7f943e15c000 ---p 0001d000 08:02 4859026                    /usr/lib/x86_64-linux-gnu/libxcb.so.1.1.0
7f943e15c000-7f943e15d000 r--p 0001d000 08:02 4859026                    /usr/lib/x86_64-linux-gnu/libxcb.so.1.1.0
7f943e15d000-7f943e15e000 rw-p 0001e000 08:02 4859026                    /usr/lib/x86_64-linux-gnu/libxcb.so.1.1.0
7f943e15e000-7f943e16d000 r-xp 00000000 08:02 4857966                    /usr/lib/x86_64-linux-gnu/libXi.so.6.1.0
7f943e16d000-7f943e36c000 ---p 0000f000 08:02 4857966                    /usr/lib/x86_64-linux-gnu/libXi.so.6.1.0
7f943e36c000-7f943e36d000 r--p 0000e000 08:02 4857966                    /usr/lib/x86_64-linux-gnu/libXi.so.6.1.0
7f943e36d000-7f943e36e000 rw-p 0000f000 08:02 4857966                    /usr/lib/x86_64-linux-gnu/libXi.so.6.1.0
7f943e36e000-7f943e373000 r-xp 00000000 08:02 4857986                    /usr/lib/x86_64-linux-gnu/libXtst.so.6.1.0
7f943e373000-7f943e572000 ---p 00005000 08:02 4857986                    /usr/lib/x86_64-linux-gnu/libXtst.so.6.1.0
7f943e572000-7f943e573000 r--p 00004000 08:02 4857986                    /usr/lib/x86_64-linux-gnu/libXtst.so.6.1.0
7f943e573000-7f943e574000 rw-p 00005000 08:02 4857986                    /usr/lib/x86_64-linux-gnu/libXtst.so.6.1.0
7f943e574000-7f943e57d000 r-xp 00000000 08:02 4857980                    /usr/lib/x86_64-linux-gnu/libXrender.so.1.3.0
7f943e57d000-7f943e77c000 ---p 00009000 08:02 4857980                    /usr/lib/x86_64-linux-gnu/libXrender.so.1.3.0
7f943e77c000-7f943e77d000 r--p 00008000 08:02 4857980                    /usr/lib/x86_64-linux-gnu/libXrender.so.1.3.0
7f943e77d000-7f943e77e000 rw-p 00009000 08:02 4857980                    /usr/lib/x86_64-linux-gnu/libXrender.so.1.3.0
7f943e77e000-7f943e8b1000 r-xp 00000000 08:02 4857941                    /usr/lib/x86_64-linux-gnu/libX11.so.6.3.0
7f943e8b1000-7f943eab1000 ---p 00133000 08:02 4857941                    /usr/lib/x86_64-linux-gnu/libX11.so.6.3.0
7f943eab1000-7f943eab2000 r--p 00133000 08:02 4857941                    /usr/lib/x86_64-linux-gnu/libX11.so.6.3.0
7f943eab2000-7f943eab6000 rw-p 00134000 08:02 4857941                    /usr/lib/x86_64-linux-gnu/libX11.so.6.3.0
7f943eab6000-7f943eab7000 rw-p 00000000 00:00 0 
7f943eab7000-7f943eac8000 r-xp 00000000 08:02 4857958                    /usr/lib/x86_64-linux-gnu/libXext.so.6.4.0
7f943eac8000-7f943ecc7000 ---p 00011000 08:02 4857958                    /usr/lib/x86_64-linux-gnu/libXext.so.6.4.0
7f943ecc7000-7f943ecc8000 r--p 00010000 08:02 4857958                    /usr/lib/x86_64-linux-gnu/libXext.so.6.4.0
7f943ecc8000-7f943ecc9000 rw-p 00011000 08:02 4857958                    /usr/lib/x86_64-linux-gnu/libXext.so.6.4.0
7f943ecc9000-7f943ed1d000 r-xp 00000000 08:02 4855857                    /usr/lib/jvm/java-8-oracle/jre/lib/amd64/libawt_xawt.so
7f943ed1d000-7f943ef1d000 ---p 00054000 08:02 4855857                    /usr/lib/jvm/java-8-oracle/jre/lib/amd64/libawt_xawt.so
7f943ef1d000-7f943ef21000 rw-p 00054000 08:02 4855857                    /usr/lib/jvm/java-8-oracle/jre/lib/amd64/libawt_xawt.so
7f943ef21000-7f943ef22000 rw-p 00000000 00:00 0 
7f943ef22000-7f943efc4000 r-xp 00000000 08:02 4855893                    /usr/lib/jvm/java-8-oracle/jre/lib/amd64/libawt.so
7f943efc4000-7f943f1c4000 ---p 000a2000 08:02 4855893                    /usr/lib/jvm/java-8-oracle/jre/lib/amd64/libawt.so
7f943f1c4000-7f943f1d0000 rw-p 000a2000 08:02 4855893                    /usr/lib/jvm/java-8-oracle/jre/lib/amd64/libawt.so
7f943f1d0000-7f943f1f4000 rw-p 00000000 00:00 0 
7f943f1f4000-7f943f217000 r--s 002ec000 08:02 5120524                    /home/bhupendra/Coursera Java Specialization/Assignments/World-Earthquakes-View/UCSDUnfoldingMaps/lib/jogl-all.jar
7f943f217000-7f943f218000 ---p 00000000 00:00 0 
7f943f218000-7f943f318000 rw-p 00000000 00:00 0                          [stack:9161]
7f943f318000-7f943f31b000 ---p 00000000 00:00 0 
7f943f31b000-7f943f419000 rw-p 00000000 00:00 0                          [stack:9160]
7f943f419000-7f943f41c000 ---p 00000000 00:00 0 
7f943f41c000-7f943f51a000 rw-p 00000000 00:00 0                          [stack:9159]
7f943f51a000-7f943f51d000 ---p 00000000 00:00 0 
7f943f51d000-7f943f61b000 rw-p 00000000 00:00 0                          [stack:9158]
7f943f61b000-7f943f61e000 ---p 00000000 00:00 0 
7f943f61e000-7f943f71c000 rw-p 00000000 00:00 0                          [stack:9157]
7f943f71c000-7f943f71f000 ---p 00000000 00:00 0 
7f943f71f000-7f943f81d000 rw-p 00000000 00:00 0                          [stack:9156]
7f943f81d000-7f943feff000 r--p 00000000 08:02 4857189                    /usr/lib/locale/locale-archive
7f943feff000-7f943ff02000 ---p 00000000 00:00 0 
7f943ff02000-7f9440000000 rw-p 00000000 00:00 0                          [stack:9155]
7f9440000000-7f9440021000 rw-p 00000000 00:00 0 
7f9440021000-7f9444000000 ---p 00000000 00:00 0 
7f9444000000-7f9444001000 rw-s 00000000 00:04 153868                     /drm mm object (deleted)
7f9444001000-7f9444002000 rw-s 00000000 00:04 153861                     /drm mm object (deleted)
7f9444002000-7f9444003000 rwxp 00000000 00:00 0 
7f9444003000-7f9444004000 rw-s 00000000 00:04 153397                     /drm mm object (deleted)
7f9444004000-7f944400c000 rw-s 00000000 00:04 153396                     /drm mm object (deleted)
7f944400c000-7f944400d000 r--s 0002f000 08:02 5120518                    /home/bhupendra/Coursera Java Specialization/Assignments/World-Earthquakes-View/UCSDUnfoldingMaps/lib/jogl-all-natives-linux-amd64.jar
7f944400d000-7f9444018000 r--s 00116000 08:02 4855938                    /usr/lib/jvm/java-8-oracle/jre/lib/ext/localedata.jar
7f9444018000-7f944401d000 r--s 00094000 08:02 4855697                    /usr/lib/jvm/java-8-oracle/jre/lib/jsse.jar
7f944401d000-7f9444020000 ---p 00000000 00:00 0 
7f9444020000-7f944411e000 rw-p 00000000 00:00 0                          [stack:9154]
7f944411e000-7f944411f000 ---p 00000000 00:00 0 
7f944411f000-7f94451e0000 rw-p 00000000 00:00 0                          [stack:9153]
7f94451e0000-7f94453b9000 r--s 03d09000 08:02 4855699                    /usr/lib/jvm/java-8-oracle/jre/lib/rt.jar
7f94453b9000-7f9447bcb000 rw-p 00000000 00:00 0 
7f9447bcb000-7f9447bcc000 ---p 00000000 00:00 0 
7f9447bcc000-7f9447ccc000 rw-p 00000000 00:00 0                          [stack:9152]
7f9447ccc000-7f9447ccd000 ---p 00000000 00:00 0 
7f9447ccd000-7f9447dcd000 rw-p 00000000 00:00 0                          [stack:9151]
7f9447dcd000-7f9447dce000 ---p 00000000 00:00 0 
7f9447dce000-7f9447ee3000 rw-p 00000000 00:00 0                          [stack:9150]
7f9447ee3000-7f944800c000 ---p 00000000 00:00 0 
7f944800c000-7f9448021000 rw-p 00000000 00:00 0 
7f9448021000-7f9448149000 ---p 00000000 00:00 0 
7f9448149000-7f9448182000 rw-p 00000000 00:00 0 
7f9448182000-7f94481e8000 ---p 00000000 00:00 0 
7f94481e8000-7f944820e000 rw-p 00000000 00:00 0 
7f944820e000-7f94485a9000 ---p 00000000 00:00 0 
7f94485a9000-7f9448ec9000 rwxp 00000000 00:00 0 
7f9448ec9000-7f94575a9000 ---p 00000000 00:00 0 
7f94575a9000-7f94575c3000 r-xp 00000000 08:02 4855865                    /usr/lib/jvm/java-8-oracle/jre/lib/amd64/libzip.so
7f94575c3000-7f94577c3000 ---p 0001a000 08:02 4855865                    /usr/lib/jvm/java-8-oracle/jre/lib/amd64/libzip.so
7f94577c3000-7f94577c4000 rw-p 0001a000 08:02 4855865                    /usr/lib/jvm/java-8-oracle/jre/lib/amd64/libzip.so
7f94577c4000-7f94577cf000 r-xp 00000000 08:02 2621543                    /lib/x86_64-linux-gnu/libnss_files-2.19.so
7f94577cf000-7f94579ce000 ---p 0000b000 08:02 2621543                    /lib/x86_64-linux-gnu/libnss_files-2.19.so
7f94579ce000-7f94579cf000 r--p 0000a000 08:02 2621543                    /lib/x86_64-linux-gnu/libnss_files-2.19.so
7f94579cf000-7f94579d0000 rw-p 0000b000 08:02 2621543                    /lib/x86_64-linux-gnu/libnss_files-2.19.so
7f94579d0000-7f94579db000 r-xp 00000000 08:02 2621455                    /lib/x86_64-linux-gnu/libnss_nis-2.19.so
7f94579db000-7f9457bda000 ---p 0000b000 08:02 2621455                    /lib/x86_64-linux-gnu/libnss_nis-2.19.so
7f9457bda000-7f9457bdb000 r--p 0000a000 08:02 2621455                    /lib/x86_64-linux-gnu/libnss_nis-2.19.so
7f9457bdb000-7f9457bdc000 rw-p 0000b000 08:02 2621455                    /lib/x86_64-linux-gnu/libnss_nis-2.19.so
7f9457bdc000-7f9457bf3000 r-xp 00000000 08:02 2621545                    /lib/x86_64-linux-gnu/libnsl-2.19.so
7f9457bf3000-7f9457df2000 ---p 00017000 08:02 2621545                    /lib/x86_64-linux-gnu/libnsl-2.19.so
7f9457df2000-7f9457df3000 r--p 00016000 08:02 2621545                    /lib/x86_64-linux-gnu/libnsl-2.19.so
7f9457df3000-7f9457df4000 rw-p 00017000 08:02 2621545                    /lib/x86_64-linux-gnu/libnsl-2.19.so
7f9457df4000-7f9457df6000 rw-p 00000000 00:00 0 
7f9457df6000-7f9457dff000 r-xp 00000000 08:02 2621538                    /lib/x86_64-linux-gnu/libnss_compat-2.19.so
7f9457dff000-7f9457ffe000 ---p 00009000 08:02 2621538                    /lib/x86_64-linux-gnu/libnss_compat-2.19.so
7f9457ffe000-7f9457fff000 r--p 00008000 08:02 2621538                    /lib/x86_64-linux-gnu/libnss_compat-2.19.so
7f9457fff000-7f9458000000 rw-p 00009000 08:02 2621538                    /lib/x86_64-linux-gnu/libnss_compat-2.19.so
7f9458000000-7f9458252000 rw-p 00000000 00:00 0 
7f9458252000-7f945c000000 ---p 00000000 00:00 0 
7f945c000000-7f945c002000 r--s 00000000 08:02 5120511                    /home/bhupendra/Coursera Java Specialization/Assignments/World-Earthquakes-View/UCSDUnfoldingMaps/lib/gluegen-rt-natives-linux-amd64.jar
7f945c002000-7f945c003000 r--p 00000000 00:00 0 
7f945c003000-7f945c009000 r--s 00033000 08:02 5120529                    /home/bhupendra/Coursera Java Specialization/Assignments/World-Earthquakes-View/UCSDUnfoldingMaps/lib/unfolding.0.9.7-uscd.jar
7f945c009000-7f945c010000 r--s 00059000 08:02 5120527                    /home/bhupendra/Coursera Java Specialization/Assignments/World-Earthquakes-View/UCSDUnfoldingMaps/lib/log4j-1.2.15.jar
7f945c010000-7f945c011000 ---p 00000000 00:00 0 
7f945c011000-7f945c111000 rw-p 00000000 00:00 0                          [stack:9149]
7f945c111000-7f945c13b000 r-xp 00000000 08:02 4855858                    /usr/lib/jvm/java-8-oracle/jre/lib/amd64/libjava.so
7f945c13b000-7f945c33b000 ---p 0002a000 08:02 4855858                    /usr/lib/jvm/java-8-oracle/jre/lib/amd64/libjava.so
7f945c33b000-7f945c33d000 rw-p 0002a000 08:02 4855858                    /usr/lib/jvm/java-8-oracle/jre/lib/amd64/libjava.so
7f945c33d000-7f945c34a000 r-xp 00000000 08:02 4855900                    /usr/lib/jvm/java-8-oracle/jre/lib/amd64/libverify.so
7f945c34a000-7f945c54a000 ---p 0000d000 08:02 4855900                    /usr/lib/jvm/java-8-oracle/jre/lib/amd64/libverify.so
7f945c54a000-7f945c54c000 rw-p 0000d000 08:02 4855900                    /usr/lib/jvm/java-8-oracle/jre/lib/amd64/libverify.so
7f945c54c000-7f945c553000 r-xp 00000000 08:02 2621541                    /lib/x86_64-linux-gnu/librt-2.19.so
7f945c553000-7f945c752000 ---p 00007000 08:02 2621541                    /lib/x86_64-linux-gnu/librt-2.19.so
7f945c752000-7f945c753000 r--p 00006000 08:02 2621541                    /lib/x86_64-linux-gnu/librt-2.19.so
7f945c753000-7f945c754000 rw-p 00007000 08:02 2621541                    /lib/x86_64-linux-gnu/librt-2.19.so
7f945c754000-7f945c859000 r-xp 00000000 08:02 2621542                    /lib/x86_64-linux-gnu/libm-2.19.so
7f945c859000-7f945ca58000 ---p 00105000 08:02 2621542                    /lib/x86_64-linux-gnu/libm-2.19.so
7f945ca58000-7f945ca59000 r--p 00104000 08:02 2621542                    /lib/x86_64-linux-gnu/libm-2.19.so
7f945ca59000-7f945ca5a000 rw-p 00105000 08:02 2621542                    /lib/x86_64-linux-gnu/libm-2.19.so
7f945ca5a000-7f945d708000 r-xp 00000000 08:02 4855906                    /usr/lib/jvm/java-8-oracle/jre/lib/amd64/server/libjvm.so
7f945d708000-7f945d907000 ---p 00cae000 08:02 4855906                    /usr/lib/jvm/java-8-oracle/jre/lib/amd64/server/libjvm.so
7f945d907000-7f945d9de000 rw-p 00cad000 08:02 4855906                    /usr/lib/jvm/java-8-oracle/jre/lib/amd64/server/libjvm.so
7f945d9de000-7f945da22000 rw-p 00000000 00:00 0 
7f945da22000-7f945dbdc000 r-xp 00000000 08:02 2625514                    /lib/x86_64-linux-gnu/libc-2.19.so
7f945dbdc000-7f945dddc000 ---p 001ba000 08:02 2625514                    /lib/x86_64-linux-gnu/libc-2.19.so
7f945dddc000-7f945dde0000 r--p 001ba000 08:02 2625514                    /lib/x86_64-linux-gnu/libc-2.19.so
7f945dde0000-7f945dde2000 rw-p 001be000 08:02 2625514                    /lib/x86_64-linux-gnu/libc-2.19.so
7f945dde2000-7f945dde7000 rw-p 00000000 00:00 0 
7f945dde7000-7f945ddea000 r-xp 00000000 08:02 2621535                    /lib/x86_64-linux-gnu/libdl-2.19.so
7f945ddea000-7f945dfe9000 ---p 00003000 08:02 2621535                    /lib/x86_64-linux-gnu/libdl-2.19.so
7f945dfe9000-7f945dfea000 r--p 00002000 08:02 2621535                    /lib/x86_64-linux-gnu/libdl-2.19.so
7f945dfea000-7f945dfeb000 rw-p 00003000 08:02 2621535                    /lib/x86_64-linux-gnu/libdl-2.19.so
7f945dfeb000-7f945e000000 r-xp 00000000 08:02 4856243                    /usr/lib/jvm/java-8-oracle/lib/amd64/jli/libjli.so
7f945e000000-7f945e200000 ---p 00015000 08:02 4856243                    /usr/lib/jvm/java-8-oracle/lib/amd64/jli/libjli.so
7f945e200000-7f945e201000 rw-p 00015000 08:02 4856243                    /usr/lib/jvm/java-8-oracle/lib/amd64/jli/libjli.so
7f945e201000-7f945e21a000 r-xp 00000000 08:02 2625630                    /lib/x86_64-linux-gnu/libpthread-2.19.so
7f945e21a000-7f945e419000 ---p 00019000 08:02 2625630                    /lib/x86_64-linux-gnu/libpthread-2.19.so
7f945e419000-7f945e41a000 r--p 00018000 08:02 2625630                    /lib/x86_64-linux-gnu/libpthread-2.19.so
7f945e41a000-7f945e41b000 rw-p 00019000 08:02 2625630                    /lib/x86_64-linux-gnu/libpthread-2.19.so
7f945e41b000-7f945e41f000 rw-p 00000000 00:00 0 
7f945e41f000-7f945e442000 r-xp 00000000 08:02 2621534                    /lib/x86_64-linux-gnu/ld-2.19.so
7f945e442000-7f945e447000 r--s 00309000 08:02 5120528                    /home/bhupendra/Coursera Java Specialization/Assignments/World-Earthquakes-View/UCSDUnfoldingMaps/lib/sqlite-jdbc-3.7.2.jar
7f945e447000-7f945e44d000 r--s 00041000 08:02 5120517                    /home/bhupendra/Coursera Java Specialization/Assignments/World-Earthquakes-View/UCSDUnfoldingMaps/lib/gluegen-rt.jar
7f945e44d000-7f945e525000 rw-p 00000000 00:00 0 
7f945e525000-7f945e528000 ---p 00000000 00:00 0 
7f945e528000-7f945e62a000 rw-p 00000000 00:00 0                          [stack:9148]
7f945e62a000-7f945e62b000 r--s 00005000 08:02 5120526                    /home/bhupendra/Coursera Java Specialization/Assignments/World-Earthquakes-View/UCSDUnfoldingMaps/lib/libTUIO.jar
7f945e62b000-7f945e62c000 r--s 00007000 08:02 5120525                    /home/bhupendra/Coursera Java Specialization/Assignments/World-Earthquakes-View/UCSDUnfoldingMaps/lib/json4processing.jar
7f945e62c000-7f945e630000 r--s 0009a000 08:02 5120510                    /home/bhupendra/Coursera Java Specialization/Assignments/World-Earthquakes-View/UCSDUnfoldingMaps/lib/core.jar
7f945e630000-7f945e635000 r--s 002f8000 08:02 4855711                    /usr/lib/jvm/java-8-oracle/jre/lib/charsets.jar
7f945e635000-7f945e63d000 rw-s 00000000 08:02 4587541                    /tmp/hsperfdata_bhupendra/9143
7f945e63d000-7f945e63e000 rw-p 00000000 00:00 0 
7f945e63e000-7f945e63f000 r--p 00000000 00:00 0 
7f945e63f000-7f945e641000 rw-p 00000000 00:00 0 
7f945e641000-7f945e642000 r--p 00022000 08:02 2621534                    /lib/x86_64-linux-gnu/ld-2.19.so
7f945e642000-7f945e643000 rw-p 00023000 08:02 2621534                    /lib/x86_64-linux-gnu/ld-2.19.so
7f945e643000-7f945e644000 rw-p 00000000 00:00 0 
7fff1996c000-7fff1998d000 rw-p 00000000 00:00 0                          [stack]
7fff199fc000-7fff199fe000 r-xp 00000000 00:00 0                          [vdso]
7fff199fe000-7fff19a00000 r--p 00000000 00:00 0                          [vvar]
ffffffffff600000-ffffffffff601000 r-xp 00000000 00:00 0                  [vsyscall]

VM Arguments:
jvm_args: -Djava.security.policy=java.policy.applet -Dfile.encoding=UTF-8 
java_command: sun.applet.AppletViewer module4.EarthquakeCityMap1448800538802.html
java_class_path (initial): /home/bhupendra/Coursera Java Specialization/Assignments/World-Earthquakes-View/UCSDUnfoldingMaps/build:/home/bhupendra/Coursera Java Specialization/Assignments/World-Earthquakes-View/UCSDUnfoldingMaps/lib/core.jar:/home/bhupendra/Coursera Java Specialization/Assignments/World-Earthquakes-View/UCSDUnfoldingMaps/lib/gluegen-rt.jar:/home/bhupendra/Coursera Java Specialization/Assignments/World-Earthquakes-View/UCSDUnfoldingMaps/lib/jogl-all.jar:/home/bhupendra/Coursera Java Specialization/Assignments/World-Earthquakes-View/UCSDUnfoldingMaps/lib/log4j-1.2.15.jar:/home/bhupendra/Coursera Java Specialization/Assignments/World-Earthquakes-View/UCSDUnfoldingMaps/lib/sqlite-jdbc-3.7.2.jar:/home/bhupendra/Coursera Java Specialization/Assignments/World-Earthquakes-View/UCSDUnfoldingMaps/lib/json4processing.jar:/home/bhupendra/Coursera Java Specialization/Assignments/World-Earthquakes-View/UCSDUnfoldingMaps/lib/libTUIO.jar:/home/bhupendra/Coursera Java Specialization/Assignments/World-Earthquakes-View/UCSDUnfoldingMaps/lib/unfolding.0.9.7-uscd.jar
Launcher Type: SUN_STANDARD

Environment Variables:
PATH=/usr/local/sbin:/usr/local/bin:/usr/sbin:/usr/bin:/sbin:/bin:/usr/games:/usr/local/games
USERNAME=bhupendra
SHELL=/bin/bash
DISPLAY=:0.0

Signal Handlers:
SIGSEGV: [libjvm.so+0xaad1e0], sa_mask[0]=11111111011111111101111111111110, sa_flags=SA_RESTART|SA_SIGINFO
SIGBUS: [libjvm.so+0xaad1e0], sa_mask[0]=11111111011111111101111111111110, sa_flags=SA_RESTART|SA_SIGINFO
SIGFPE: [libjvm.so+0x90b450], sa_mask[0]=11111111011111111101111111111110, sa_flags=SA_RESTART|SA_SIGINFO
SIGPIPE: [libjvm.so+0x90b450], sa_mask[0]=11111111011111111101111111111110, sa_flags=SA_RESTART|SA_SIGINFO
SIGXFSZ: [libjvm.so+0x90b450], sa_mask[0]=11111111011111111101111111111110, sa_flags=SA_RESTART|SA_SIGINFO
SIGILL: [libjvm.so+0x90b450], sa_mask[0]=11111111011111111101111111111110, sa_flags=SA_RESTART|SA_SIGINFO
SIGUSR1: SIG_DFL, sa_mask[0]=00000000000000000000000000000000, sa_flags=none
SIGUSR2: [libjvm.so+0x90ca90], sa_mask[0]=00100000000000000000000000000000, sa_flags=SA_RESTART|SA_SIGINFO
SIGHUP: [libjvm.so+0x90dde0], sa_mask[0]=11111111011111111101111111111110, sa_flags=SA_RESTART|SA_SIGINFO
SIGINT: [libjvm.so+0x90dde0], sa_mask[0]=11111111011111111101111111111110, sa_flags=SA_RESTART|SA_SIGINFO
SIGTERM: [libjvm.so+0x90dde0], sa_mask[0]=11111111011111111101111111111110, sa_flags=SA_RESTART|SA_SIGINFO
SIGQUIT: [libjvm.so+0x90dde0], sa_mask[0]=11111111011111111101111111111110, sa_flags=SA_RESTART|SA_SIGINFO


---------------  S Y S T E M  ---------------

OS:DISTRIB_ID=Ubuntu
DISTRIB_RELEASE=14.10
DISTRIB_CODENAME=utopic
DISTRIB_DESCRIPTION="Ubuntu 14.10"

uname:Linux 3.16.0-30-generic #40-Ubuntu SMP Mon Jan 12 22:06:37 UTC 2015 x86_64
libc:glibc 2.19 NPTL 2.19 
rlimit: STACK 8192k, CORE 0k, NPROC 14376, NOFILE 4096, AS infinity
load average:1.38 0.81 0.63

/proc/meminfo:
MemTotal:        3891224 kB
MemFree:          117156 kB
MemAvailable:     237256 kB
Buffers:           10672 kB
Cached:           916296 kB
SwapCached:        14148 kB
Active:          2575428 kB
Inactive:         923532 kB
Active(anon):    2411212 kB
Inactive(anon):   857248 kB
Active(file):     164216 kB
Inactive(file):    66284 kB
Unevictable:          48 kB
Mlocked:              48 kB
SwapTotal:       4036604 kB
SwapFree:        2953192 kB
Dirty:                56 kB
Writeback:             0 kB
AnonPages:       2567628 kB
Mapped:           316256 kB
Shmem:            696320 kB
Slab:             155092 kB
SReclaimable:     117072 kB
SUnreclaim:        38020 kB
KernelStack:       10944 kB
PageTables:        44236 kB
NFS_Unstable:          0 kB
Bounce:                0 kB
WritebackTmp:          0 kB
CommitLimit:     5982216 kB
Committed_AS:    8911352 kB
VmallocTotal:   34359738367 kB
VmallocUsed:      400916 kB
VmallocChunk:   34359247732 kB
HardwareCorrupted:     0 kB
AnonHugePages:   1015808 kB
HugePages_Total:       0
HugePages_Free:        0
HugePages_Rsvd:        0
HugePages_Surp:        0
Hugepagesize:       2048 kB
DirectMap4k:      100148 kB
DirectMap2M:     3938304 kB


CPU:total 4 (2 cores per cpu, 2 threads per core) family 6 model 58 stepping 9, cmov, cx8, fxsr, mmx, sse, sse2, sse3, ssse3, sse4.1, sse4.2, popcnt, avx, aes, clmul, erms, ht, tsc, tscinvbit, tscinv

/proc/cpuinfo:
processor	: 0
vendor_id	: GenuineIntel
cpu family	: 6
model		: 58
model name	: Intel(R) Core(TM) i5-3210M CPU @ 2.50GHz
stepping	: 9
microcode	: 0x12
cpu MHz		: 2946.582
cache size	: 3072 KB
physical id	: 0
siblings	: 4
core id		: 0
cpu cores	: 2
apicid		: 0
initial apicid	: 0
fpu		: yes
fpu_exception	: yes
cpuid level	: 13
wp		: yes
flags		: fpu vme de pse tsc msr pae mce cx8 apic sep mtrr pge mca cmov pat pse36 clflush dts acpi mmx fxsr sse sse2 ss ht tm pbe syscall nx rdtscp lm constant_tsc arch_perfmon pebs bts rep_good nopl xtopology nonstop_tsc aperfmperf eagerfpu pni pclmulqdq dtes64 monitor ds_cpl vmx est tm2 ssse3 cx16 xtpr pdcm pcid sse4_1 sse4_2 x2apic popcnt tsc_deadline_timer aes xsave avx f16c rdrand lahf_lm ida arat epb xsaveopt pln pts dtherm tpr_shadow vnmi flexpriority ept vpid fsgsbase smep erms
bogomips	: 4988.63
clflush size	: 64
cache_alignment	: 64
address sizes	: 36 bits physical, 48 bits virtual
power management:

processor	: 1
vendor_id	: GenuineIntel
cpu family	: 6
model		: 58
model name	: Intel(R) Core(TM) i5-3210M CPU @ 2.50GHz
stepping	: 9
microcode	: 0x12
cpu MHz		: 2952.246
cache size	: 3072 KB
physical id	: 0
siblings	: 4
core id		: 0
cpu cores	: 2
apicid		: 1
initial apicid	: 1
fpu		: yes
fpu_exception	: yes
cpuid level	: 13
wp		: yes
flags		: fpu vme de pse tsc msr pae mce cx8 apic sep mtrr pge mca cmov pat pse36 clflush dts acpi mmx fxsr sse sse2 ss ht tm pbe syscall nx rdtscp lm constant_tsc arch_perfmon pebs bts rep_good nopl xtopology nonstop_tsc aperfmperf eagerfpu pni pclmulqdq dtes64 monitor ds_cpl vmx est tm2 ssse3 cx16 xtpr pdcm pcid sse4_1 sse4_2 x2apic popcnt tsc_deadline_timer aes xsave avx f16c rdrand lahf_lm ida arat epb xsaveopt pln pts dtherm tpr_shadow vnmi flexpriority ept vpid fsgsbase smep erms
bogomips	: 4988.63
clflush size	: 64
cache_alignment	: 64
address sizes	: 36 bits physical, 48 bits virtual
power management:

processor	: 2
vendor_id	: GenuineIntel
cpu family	: 6
model		: 58
model name	: Intel(R) Core(TM) i5-3210M CPU @ 2.50GHz
stepping	: 9
microcode	: 0x12
cpu MHz		: 2952.441
cache size	: 3072 KB
physical id	: 0
siblings	: 4
core id		: 1
cpu cores	: 2
apicid		: 2
initial apicid	: 2
fpu		: yes
fpu_exception	: yes
cpuid level	: 13
wp		: yes
flags		: fpu vme de pse tsc msr pae mce cx8 apic sep mtrr pge mca cmov pat pse36 clflush dts acpi mmx fxsr sse sse2 ss ht tm pbe syscall nx rdtscp lm constant_tsc arch_perfmon pebs bts rep_good nopl xtopology nonstop_tsc aperfmperf eagerfpu pni pclmulqdq dtes64 monitor ds_cpl vmx est tm2 ssse3 cx16 xtpr pdcm pcid sse4_1 sse4_2 x2apic popcnt tsc_deadline_timer aes xsave avx f16c rdrand lahf_lm ida arat epb xsaveopt pln pts dtherm tpr_shadow vnmi flexpriority ept vpid fsgsbase smep erms
bogomips	: 4988.63
clflush size	: 64
cache_alignment	: 64
address sizes	: 36 bits physical, 48 bits virtual
power management:

processor	: 3
vendor_id	: GenuineIntel
cpu family	: 6
model		: 58
model name	: Intel(R) Core(TM) i5-3210M CPU @ 2.50GHz
stepping	: 9
microcode	: 0x12
cpu MHz		: 2926.074
cache size	: 3072 KB
physical id	: 0
siblings	: 4
core id		: 1
cpu cores	: 2
apicid		: 3
initial apicid	: 3
fpu		: yes
fpu_exception	: yes
cpuid level	: 13
wp		: yes
flags		: fpu vme de pse tsc msr pae mce cx8 apic sep mtrr pge mca cmov pat pse36 clflush dts acpi mmx fxsr sse sse2 ss ht tm pbe syscall nx rdtscp lm constant_tsc arch_perfmon pebs bts rep_good nopl xtopology nonstop_tsc aperfmperf eagerfpu pni pclmulqdq dtes64 monitor ds_cpl vmx est tm2 ssse3 cx16 xtpr pdcm pcid sse4_1 sse4_2 x2apic popcnt tsc_deadline_timer aes xsave avx f16c rdrand lahf_lm ida arat epb xsaveopt pln pts dtherm tpr_shadow vnmi flexpriority ept vpid fsgsbase smep erms
bogomips	: 4988.63
clflush size	: 64
cache_alignment	: 64
address sizes	: 36 bits physical, 48 bits virtual
power management:



Memory: 4k page, physical 3891224k(117156k free), swap 4036604k(2953192k free)

vm_info: Java HotSpot(TM) 64-Bit Server VM (25.45-b02) for linux-amd64 JRE (1.8.0_45-b14), built on Apr 10 2015 10:07:45 by "java_re" with gcc 4.3.0 20080428 (Red Hat 4.3.0-8)

time: Sun Nov 29 18:06:05 2015
elapsed time: 26 seconds (0d 0h 0m 26s)

