#
# A fatal error has been detected by the Java Runtime Environment:
#
#  SIGSEGV (0xb) at pc=0x00007f072b30d522, pid=13740, tid=139670258214656
#
# JRE version: Java(TM) SE Runtime Environment (8.0_45-b14) (build 1.8.0_45-b14)
# Java VM: Java HotSpot(TM) 64-Bit Server VM (25.45-b02 mixed mode linux-amd64 compressed oops)
# Problematic frame:
# C  [i965_dri.so+0x2fb522]
#
# Failed to write core dump. Core dumps have been disabled. To enable core dumping, try "ulimit -c unlimited" before starting Java again
#
# If you would like to submit a bug report, please visit:
#   http://bugreport.java.com/bugreport/crash.jsp
# The crash happened outside the Java Virtual Machine in native code.
# See problematic frame for where to report the bug.
#

---------------  T H R E A D  ---------------

Current thread (0x00007f074c003000):  JavaThread "AWT-EventQueue-1" [_thread_in_native, id=13768, stack(0x00007f0784106000,0x00007f0784207000)]

siginfo: si_signo: 11 (SIGSEGV), si_code: 1 (SEGV_MAPERR), si_addr: 0x000000000000c540

Registers:
RAX=0x00007f072b30d510, RBX=0x000000000000c000, RCX=0x0000000000000000, RDX=0x0000000000000001
RSP=0x00007f0784204600, RBP=0x0000000000000000, RSI=0x00007f0738fc67f0, RDI=0x0000000100000000
R8 =0x0000000000000000, R9 =0x00007f073ea29710, R10=0x00007f0790806c47, R11=0x00000000c5708ee8
R12=0x00007f07341282c0, R13=0x00007f0734126e10, R14=0x00007f0734138750, R15=0x0000000000000000
RIP=0x00007f072b30d522, EFLAGS=0x0000000000010206, CSGSFS=0x0000000000000033, ERR=0x0000000000000004
  TRAPNO=0x000000000000000e

Top of Stack: (sp=0x00007f0784204600)
0x00007f0784204600:   0000000000000000 00007f0738fc6700
0x00007f0784204610:   0000000000000000 00007f07341282c0
0x00007f0784204620:   00007f0734126e10 00007f073ea297b2
0x00007f0784204630:   00007f0784204660 00007f0700000000
0x00007f0784204640:   0000000000000000 0000000000000000
0x00007f0784204650:   0000000001c00053 00007f073e9fab31
0x00007f0784204660:   00007f0738fc6700 2cc226b0d2da6e00
0x00007f0784204670:   0000000001c00053 00007f073e9fab60
0x00007f0784204680:   00007f07842046f0 0000000000000000
0x00007f0784204690:   0000000000000001 00007f0784204730
0x00007f07842046a0:   00007f074c003000 00007f073d137849
0x00007f07842046b0:   00007f0784204998 00007f073e9fab60
0x00007f07842046c0:   0000000001c00053 00007f0734125710
0x00007f07842046d0:   00007f0784204730 00007f074c0031f8
0x00007f07842046e0:   00007f0784204740 00007f073e9fab60
0x00007f07842046f0:   00007f0784204740 00007f0790806cbd
0x00007f0784204700:   00000000f61fa420 00000000f61fa470
0x00007f0784204710:   00000000f61fa460 0000000000000003
0x00007f0784204720:   00000000f61fa480 00000000f61fa4d0
0x00007f0784204730:   00000000c57717f0 00000000f61fa4e0
0x00007f0784204740:   00007f0784204998 00007f07907b1954
0x00007f0784204750:   00007f078f5ad000 00000000c57093b0
0x00007f0784204760:   00000000f61fa5c8 00007f0784204950
0x00007f0784204770:   0000000000000019 00007f079018f0c3
0x00007f0784204780:   00007f0784204998 00007f0790a312f4
0x00007f0784204790:   00007f0784204998 00007f0784204950
0x00007f07842047a0:   00007f0784204950 00007f079018f0c3
0x00007f07842047b0:   00007f07901735d0 00007f0700000000
0x00007f07842047c0:   00007f0784204998 00007f0784204950
0x00007f07842047d0:   00007f0784204950 00007f079018f0c3
0x00007f07842047e0:   00007f07901735d0 00000000c5708ee8
0x00007f07842047f0:   00007f0700000001 00007f0784204950 

Instructions: (pc=0x00007f072b30d522)
0x00007f072b30d502:   41 5c c3 66 66 2e 0f 1f 84 00 00 00 00 00 41 55
0x00007f072b30d512:   41 54 55 53 48 83 ec 08 48 8b 1f 48 85 db 74 41
0x00007f072b30d522:   f6 83 40 05 00 00 01 89 cd 41 89 d5 49 89 f4 75
0x00007f072b30d532:   75 41 83 e5 01 75 5f 83 e5 fd 74 32 48 8d 35 bb 

Register to memory mapping:

RAX=0x00007f072b30d510: <offset 0x2fb510> in /usr/lib/x86_64-linux-gnu/dri/i965_dri.so at 0x00007f072b012000
RBX=0x000000000000c000 is an unknown value
RCX=0x0000000000000000 is an unknown value
RDX=0x0000000000000001 is an unknown value
RSP=0x00007f0784204600 is pointing into the stack for thread: 0x00007f074c003000
RBP=0x0000000000000000 is an unknown value
RSI=0x00007f0738fc67f0 is an unknown value
RDI=0x0000000100000000 is pointing into metadata
R8 =0x0000000000000000 is an unknown value
R9 =0x00007f073ea29710: <offset 0x4b710> in /usr/lib/x86_64-linux-gnu/mesa/libGL.so.1 at 0x00007f073e9de000
R10=0x00007f0790806c47 is at entry_point+71 in (nmethod*)0x00007f0790806a90
R11=0x00000000c5708ee8 is an oop
jogamp.nativewindow.jawt.x11.X11JAWTWindow 
 - klass: 'jogamp/nativewindow/jawt/x11/X11JAWTWindow'
R12=0x00007f07341282c0 is an unknown value
R13=0x00007f0734126e10 is an unknown value
R14=0x00007f0734138750 is an unknown value
R15=0x0000000000000000 is an unknown value


Stack: [0x00007f0784106000,0x00007f0784207000],  sp=0x00007f0784204600,  free space=1017k
Native frames: (J=compiled Java code, j=interpreted, Vv=VM code, C=native code)
C  [i965_dri.so+0x2fb522]

Java frames: (J=compiled Java code, j=interpreted, Vv=VM code)
J 2826  jogamp.opengl.x11.glx.GLX.dispatch_glXSwapBuffers0(JJJ)V (0 bytes) @ 0x00007f0790806c47 [0x00007f0790806c00+0x47]
J 2825 C1 jogamp.opengl.x11.glx.GLX.glXSwapBuffers(JJ)V (45 bytes) @ 0x00007f07907b1954 [0x00007f07907b0fa0+0x9b4]
J 2824 C1 jogamp.opengl.x11.glx.X11GLXDrawable.swapBuffersImpl(Z)V (21 bytes) @ 0x00007f07909d19c4 [0x00007f07909d1720+0x2a4]
J 2743 C1 jogamp.opengl.GLDrawableImpl.swapBuffers()V (138 bytes) @ 0x00007f07906b18d4 [0x00007f07906b1220+0x6b4]
j  javax.media.opengl.awt.GLCanvas$12.run()V+45
J 2491 C1 java.awt.event.InvocationEvent.dispatch()V (69 bytes) @ 0x00007f0790a3474c [0x00007f0790a34600+0x14c]
J 2528 C1 java.awt.EventQueue.dispatchEventImpl(Ljava/awt/AWTEvent;Ljava/lang/Object;)V (149 bytes) @ 0x00007f0790a421fc [0x00007f0790a40680+0x1b7c]
J 2526 C1 java.awt.EventQueue$3.run()Ljava/lang/Void; (60 bytes) @ 0x00007f079026db84 [0x00007f079026d980+0x204]
J 2525 C1 java.awt.EventQueue$3.run()Ljava/lang/Object; (5 bytes) @ 0x00007f07902fcd0c [0x00007f07902fcc80+0x8c]
v  ~StubRoutines::call_stub
J 525  java.security.AccessController.doPrivileged(Ljava/security/PrivilegedAction;Ljava/security/AccessControlContext;)Ljava/lang/Object; (0 bytes) @ 0x00007f07903a8323 [0x00007f07903a82c0+0x63]
J 2264 C1 java.awt.EventQueue.dispatchEvent(Ljava/awt/AWTEvent;)V (80 bytes) @ 0x00007f0790978044 [0x00007f07909777a0+0x8a4]
J 2269 C1 java.awt.EventDispatchThread.pumpOneEventForFilters(I)V (295 bytes) @ 0x00007f079097c854 [0x00007f079097ad00+0x1b54]
j  java.awt.EventDispatchThread.pumpEventsForFilter(ILjava/awt/Conditional;Ljava/awt/EventFilter;)V+35
j  java.awt.EventDispatchThread.pumpEventsForHierarchy(ILjava/awt/Conditional;Ljava/awt/Component;)V+11
j  java.awt.EventDispatchThread.pumpEvents(ILjava/awt/Conditional;)V+4
j  java.awt.EventDispatchThread.pumpEvents(Ljava/awt/Conditional;)V+3
j  java.awt.EventDispatchThread.run()V+9
v  ~StubRoutines::call_stub

---------------  P R O C E S S  ---------------

Java Threads: ( => current thread )
  0x00007f0739535800 JavaThread "Thread-70" [_thread_in_native, id=13850, stack(0x00007f0711cbf000,0x00007f0711dc0000)]
  0x00007f073952b800 JavaThread "Thread-69" [_thread_blocked, id=13849, stack(0x00007f0728447000,0x00007f0728548000)]
  0x00007f073952c800 JavaThread "Thread-68" [_thread_in_native, id=13848, stack(0x00007f072874a000,0x00007f072884b000)]
  0x00007f0739509800 JavaThread "Thread-60" [_thread_in_native, id=13840, stack(0x00007f0728649000,0x00007f072874a000)]
  0x00007f0720001800 JavaThread "Image Fetcher 1" daemon [_thread_blocked, id=13788, stack(0x00007f0713e27000,0x00007f0713f28000)]
  0x00007f0718001800 JavaThread "Image Fetcher 0" daemon [_thread_blocked, id=13785, stack(0x00007f0713933000,0x00007f0713a34000)]
  0x00007f0739b40000 JavaThread "Thread-5" [_thread_in_native, id=13783, stack(0x00007f0728548000,0x00007f0728649000)]
  0x00007f0739582000 JavaThread "Keep-Alive-Timer" daemon [_thread_blocked, id=13780, stack(0x00007f072904b000,0x00007f072914c000)]
  0x00007f073410a800 JavaThread "Animation Thread-SharedResourceRunner" daemon [_thread_blocked, id=13779, stack(0x00007f073fa9f000,0x00007f073fba0000)]
  0x00007f0734090000 JavaThread "process reaper" daemon [_thread_blocked, id=13774, stack(0x00007f073fbc7000,0x00007f073fc00000)]
=>0x00007f074c003000 JavaThread "AWT-EventQueue-1" [_thread_in_native, id=13768, stack(0x00007f0784106000,0x00007f0784207000)]
  0x00007f07a000a000 JavaThread "DestroyJavaVM" [_thread_blocked, id=13746, stack(0x00007f07a6069000,0x00007f07a616a000)]
  0x00007f07a02c7000 JavaThread "AWT-EventQueue-0" [_thread_blocked, id=13766, stack(0x00007f07848ae000,0x00007f07849af000)]
  0x00007f07a02c4800 JavaThread "AWT-Shutdown" [_thread_blocked, id=13765, stack(0x00007f07849af000,0x00007f0784ab0000)]
  0x00007f07a02ad000 JavaThread "thread applet-module4.EarthquakeCityMap.class" [_thread_blocked, id=13764, stack(0x00007f0784ab0000,0x00007f0784bb1000)]
  0x00007f07a02a0000 JavaThread "AWT-XAWT" daemon [_thread_blocked, id=13762, stack(0x00007f0784bb1000,0x00007f0784cb2000)]
  0x00007f07a0282000 JavaThread "Java2D Disposer" daemon [_thread_blocked, id=13761, stack(0x00007f07850c2000,0x00007f07851c3000)]
  0x00007f07a00cb000 JavaThread "Service Thread" daemon [_thread_blocked, id=13758, stack(0x00007f0786e13000,0x00007f0786f14000)]
  0x00007f07a00be000 JavaThread "C1 CompilerThread2" daemon [_thread_blocked, id=13757, stack(0x00007f0786f14000,0x00007f0787015000)]
  0x00007f07a00bc000 JavaThread "C2 CompilerThread1" daemon [_thread_in_native, id=13756, stack(0x00007f0787015000,0x00007f0787116000)]
  0x00007f07a00b9000 JavaThread "C2 CompilerThread0" daemon [_thread_blocked, id=13755, stack(0x00007f0787116000,0x00007f0787217000)]
  0x00007f07a00b7800 JavaThread "Signal Dispatcher" daemon [_thread_blocked, id=13754, stack(0x00007f0787217000,0x00007f0787318000)]
  0x00007f07a007f800 JavaThread "Finalizer" daemon [_thread_blocked, id=13753, stack(0x00007f07879fa000,0x00007f0787afb000)]
  0x00007f07a007d800 JavaThread "Reference Handler" daemon [_thread_blocked, id=13752, stack(0x00007f0787afb000,0x00007f0787bfc000)]

Other Threads:
  0x00007f07a0078800 VMThread [stack: 0x00007f0787bfc000,0x00007f0787cfd000] [id=13751]
  0x00007f07a00cd800 WatcherThread [stack: 0x00007f0786d12000,0x00007f0786e13000] [id=13759]

VM state:not at safepoint (normal execution)

VM Mutex/Monitor currently owned by a thread: None

Heap:
 PSYoungGen      total 185856K, used 177450K [0x00000000ec300000, 0x00000000f8c80000, 0x0000000100000000)
  eden space 174080K, 96% used [0x00000000ec300000,0x00000000f6712978,0x00000000f6d00000)
  from space 11776K, 80% used [0x00000000f7980000,0x00000000f82b8240,0x00000000f8500000)
  to   space 12800K, 0% used [0x00000000f6d00000,0x00000000f6d00000,0x00000000f7980000)
 ParOldGen       total 45568K, used 16857K [0x00000000c4800000, 0x00000000c7480000, 0x00000000ec300000)
  object space 45568K, 36% used [0x00000000c4800000,0x00000000c58765c8,0x00000000c7480000)
 Metaspace       used 21652K, capacity 21851K, committed 22064K, reserved 1069056K
  class space    used 2004K, capacity 2085K, committed 2176K, reserved 1048576K

Card table byte_map: [0x00007f078fbd1000,0x00007f078fdae000] byte_map_base: 0x00007f078f5ad000

Marking Bits: (ParMarkBitMap*) 0x00007f07a553b760
 Begin Bits: [0x00007f078d8cf000, 0x00007f078e7af000)
 End Bits:   [0x00007f078e7af000, 0x00007f078f68f000)

Polling page: 0x00007f07a6182000

CodeCache: size=245760Kb used=9219Kb max_used=9219Kb free=236540Kb
 bounds [0x00007f079016e000, 0x00007f0790a8e000, 0x00007f079f16e000]
 total_blobs=3628 nmethods=2661 adapters=880
 compilation: enabled

Compilation events (10 events):
Event: 39.096 Thread 0x00007f07a00be000 nmethod 3171 0x00007f07906ca010 code [0x00007f07906ca160, 0x00007f07906ca270]
Event: 39.097 Thread 0x00007f07a00be000 3172       1       java.awt.image.BufferedImage::getType (5 bytes)
Event: 39.097 Thread 0x00007f07a00be000 nmethod 3172 0x00007f07906c9d50 code [0x00007f07906c9ea0, 0x00007f07906c9fb0]
Event: 39.105 Thread 0x00007f07a00be000 3173       3       sun.font.XRGlyphCacheEntry::getXAdvance (16 bytes)
Event: 39.105 Thread 0x00007f07a00be000 nmethod 3173 0x00007f07906c9a10 code [0x00007f07906c9b80, 0x00007f07906c9cf0]
Event: 39.105 Thread 0x00007f07a00be000 3174       3       sun.font.XRGlyphCacheEntry::getYAdvance (16 bytes)
Event: 39.106 Thread 0x00007f07a00be000 nmethod 3174 0x00007f07906c96d0 code [0x00007f07906c9840, 0x00007f07906c99b0]
Event: 39.106 Thread 0x00007f07a00be000 3175       1       sun.java2d.SurfaceData::isValid (5 bytes)
Event: 39.106 Thread 0x00007f07a00be000 nmethod 3175 0x00007f07906c9410 code [0x00007f07906c9560, 0x00007f07906c9670]
Event: 39.117 Thread 0x00007f07a00be000 3176   !   3       sun.font.FontDesignMetrics::getMetrics (265 bytes)

GC Heap History (10 events):
Event: 7.789 GC heap before
{Heap before GC invocations=5 (full 0):
 PSYoungGen      total 64000K, used 10011K [0x00000000ec300000, 0x00000000f0400000, 0x0000000100000000)
  eden space 61440K, 12% used [0x00000000ec300000,0x00000000eca4a428,0x00000000eff00000)
  from space 2560K, 99% used [0x00000000f0180000,0x00000000f03fc870,0x00000000f0400000)
  to   space 2560K, 0% used [0x00000000eff00000,0x00000000eff00000,0x00000000f0180000)
 ParOldGen       total 40960K, used 16298K [0x00000000c4800000, 0x00000000c7000000, 0x00000000ec300000)
  object space 40960K, 39% used [0x00000000c4800000,0x00000000c57eaae8,0x00000000c7000000)
 Metaspace       used 20924K, capacity 21147K, committed 21296K, reserved 1069056K
  class space    used 2000K, capacity 2085K, committed 2176K, reserved 1048576K
Event: 7.801 GC heap after
Heap after GC invocations=5 (full 0):
 PSYoungGen      total 64000K, used 2530K [0x00000000ec300000, 0x00000000f5200000, 0x0000000100000000)
  eden space 61440K, 0% used [0x00000000ec300000,0x00000000ec300000,0x00000000eff00000)
  from space 2560K, 98% used [0x00000000eff00000,0x00000000f0178880,0x00000000f0180000)
  to   space 11776K, 0% used [0x00000000f4680000,0x00000000f4680000,0x00000000f5200000)
 ParOldGen       total 40960K, used 16618K [0x00000000c4800000, 0x00000000c7000000, 0x00000000ec300000)
  object space 40960K, 40% used [0x00000000c4800000,0x00000000c583ab08,0x00000000c7000000)
 Metaspace       used 20924K, capacity 21147K, committed 21296K, reserved 1069056K
  class space    used 2000K, capacity 2085K, committed 2176K, reserved 1048576K
}
Event: 7.801 GC heap before
{Heap before GC invocations=6 (full 1):
 PSYoungGen      total 64000K, used 2530K [0x00000000ec300000, 0x00000000f5200000, 0x0000000100000000)
  eden space 61440K, 0% used [0x00000000ec300000,0x00000000ec300000,0x00000000eff00000)
  from space 2560K, 98% used [0x00000000eff00000,0x00000000f0178880,0x00000000f0180000)
  to   space 11776K, 0% used [0x00000000f4680000,0x00000000f4680000,0x00000000f5200000)
 ParOldGen       total 40960K, used 16618K [0x00000000c4800000, 0x00000000c7000000, 0x00000000ec300000)
  object space 40960K, 40% used [0x00000000c4800000,0x00000000c583ab08,0x00000000c7000000)
 Metaspace       used 20924K, capacity 21147K, committed 21296K, reserved 1069056K
  class space    used 2000K, capacity 2085K, committed 2176K, reserved 1048576K
Event: 7.841 GC heap after
Heap after GC invocations=6 (full 1):
 PSYoungGen      total 64000K, used 0K [0x00000000ec300000, 0x00000000f5200000, 0x0000000100000000)
  eden space 61440K, 0% used [0x00000000ec300000,0x00000000ec300000,0x00000000eff00000)
  from space 2560K, 0% used [0x00000000eff00000,0x00000000eff00000,0x00000000f0180000)
  to   space 11776K, 0% used [0x00000000f4680000,0x00000000f4680000,0x00000000f5200000)
 ParOldGen       total 45568K, used 16833K [0x00000000c4800000, 0x00000000c7480000, 0x00000000ec300000)
  object space 45568K, 36% used [0x00000000c4800000,0x00000000c58705c8,0x00000000c7480000)
 Metaspace       used 20924K, capacity 21147K, committed 21296K, reserved 1069056K
  class space    used 2000K, capacity 2085K, committed 2176K, reserved 1048576K
}
Event: 11.525 GC heap before
{Heap before GC invocations=7 (full 1):
 PSYoungGen      total 64000K, used 61440K [0x00000000ec300000, 0x00000000f5200000, 0x0000000100000000)
  eden space 61440K, 100% used [0x00000000ec300000,0x00000000eff00000,0x00000000eff00000)
  from space 2560K, 0% used [0x00000000eff00000,0x00000000eff00000,0x00000000f0180000)
  to   space 11776K, 0% used [0x00000000f4680000,0x00000000f4680000,0x00000000f5200000)
 ParOldGen       total 45568K, used 16833K [0x00000000c4800000, 0x00000000c7480000, 0x00000000ec300000)
  object space 45568K, 36% used [0x00000000c4800000,0x00000000c58705c8,0x00000000c7480000)
 Metaspace       used 21229K, capacity 21467K, committed 21808K, reserved 1069056K
  class space    used 2002K, capacity 2085K, committed 2176K, reserved 1048576K
Event: 11.529 GC heap after
Heap after GC invocations=7 (full 1):
 PSYoungGen      total 107520K, used 1952K [0x00000000ec300000, 0x00000000f4880000, 0x0000000100000000)
  eden space 105472K, 0% used [0x00000000ec300000,0x00000000ec300000,0x00000000f2a00000)
  from space 2048K, 95% used [0x00000000f4680000,0x00000000f4868070,0x00000000f4880000)
  to   space 11776K, 0% used [0x00000000f3180000,0x00000000f3180000,0x00000000f3d00000)
 ParOldGen       total 45568K, used 16841K [0x00000000c4800000, 0x00000000c7480000, 0x00000000ec300000)
  object space 45568K, 36% used [0x00000000c4800000,0x00000000c58725c8,0x00000000c7480000)
 Metaspace       used 21229K, capacity 21467K, committed 21808K, reserved 1069056K
  class space    used 2002K, capacity 2085K, committed 2176K, reserved 1048576K
}
Event: 17.701 GC heap before
{Heap before GC invocations=8 (full 1):
 PSYoungGen      total 107520K, used 107424K [0x00000000ec300000, 0x00000000f4880000, 0x0000000100000000)
  eden space 105472K, 100% used [0x00000000ec300000,0x00000000f2a00000,0x00000000f2a00000)
  from space 2048K, 95% used [0x00000000f4680000,0x00000000f4868070,0x00000000f4880000)
  to   space 11776K, 0% used [0x00000000f3180000,0x00000000f3180000,0x00000000f3d00000)
 ParOldGen       total 45568K, used 16841K [0x00000000c4800000, 0x00000000c7480000, 0x00000000ec300000)
  object space 45568K, 36% used [0x00000000c4800000,0x00000000c58725c8,0x00000000c7480000)
 Metaspace       used 21498K, capacity 21723K, committed 22064K, reserved 1069056K
  class space    used 2002K, capacity 2085K, committed 2176K, reserved 1048576K
Event: 17.707 GC heap after
Heap after GC invocations=8 (full 1):
 PSYoungGen      total 124928K, used 6400K [0x00000000ec300000, 0x00000000f8500000, 0x0000000100000000)
  eden space 113152K, 0% used [0x00000000ec300000,0x00000000ec300000,0x00000000f3180000)
  from space 11776K, 54% used [0x00000000f3180000,0x00000000f37c01a0,0x00000000f3d00000)
  to   space 11776K, 0% used [0x00000000f7980000,0x00000000f7980000,0x00000000f8500000)
 ParOldGen       total 45568K, used 16849K [0x00000000c4800000, 0x00000000c7480000, 0x00000000ec300000)
  object space 45568K, 36% used [0x00000000c4800000,0x00000000c58745c8,0x00000000c7480000)
 Metaspace       used 21498K, capacity 21723K, committed 22064K, reserved 1069056K
  class space    used 2002K, capacity 2085K, committed 2176K, reserved 1048576K
}
Event: 24.636 GC heap before
{Heap before GC invocations=9 (full 1):
 PSYoungGen      total 124928K, used 119552K [0x00000000ec300000, 0x00000000f8500000, 0x0000000100000000)
  eden space 113152K, 100% used [0x00000000ec300000,0x00000000f3180000,0x00000000f3180000)
  from space 11776K, 54% used [0x00000000f3180000,0x00000000f37c01a0,0x00000000f3d00000)
  to   space 11776K, 0% used [0x00000000f7980000,0x00000000f7980000,0x00000000f8500000)
 ParOldGen       total 45568K, used 16849K [0x00000000c4800000, 0x00000000c7480000, 0x00000000ec300000)
  object space 45568K, 36% used [0x00000000c4800000,0x00000000c58745c8,0x00000000c7480000)
 Metaspace       used 21588K, capacity 21851K, committed 22064K, reserved 1069056K
  class space    used 2002K, capacity 2085K, committed 2176K, reserved 1048576K
Event: 24.644 GC heap after
Heap after GC invocations=9 (full 1):
 PSYoungGen      total 185856K, used 9440K [0x00000000ec300000, 0x00000000f8c80000, 0x0000000100000000)
  eden space 174080K, 0% used [0x00000000ec300000,0x00000000ec300000,0x00000000f6d00000)
  from space 11776K, 80% used [0x00000000f7980000,0x00000000f82b8240,0x00000000f8500000)
  to   space 12800K, 0% used [0x00000000f6d00000,0x00000000f6d00000,0x00000000f7980000)
 ParOldGen       total 45568K, used 16857K [0x00000000c4800000, 0x00000000c7480000, 0x00000000ec300000)
  object space 45568K, 36% used [0x00000000c4800000,0x00000000c58765c8,0x00000000c7480000)
 Metaspace       used 21588K, capacity 21851K, committed 22064K, reserved 1069056K
  class space    used 2002K, capacity 2085K, committed 2176K, reserved 1048576K
}

Deoptimization events (10 events):
Event: 8.472 Thread 0x00007f074c003000 Uncommon trap: reason=unstable_if action=reinterpret pc=0x00007f079081ed10 method=java.text.DigitList.getDataChars(I)[C @ 13
Event: 8.472 Thread 0x00007f074c003000 Uncommon trap: reason=unstable_if action=reinterpret pc=0x00007f079084a188 method=java.text.DecimalFormat.subformat(Ljava/lang/StringBuffer;Ljava/text/Format$FieldDelegate;ZZIIII)Ljava/lang/StringBuffer; @ 753
Event: 29.652 Thread 0x00007f074c003000 Uncommon trap: reason=unstable_if action=reinterpret pc=0x00007f07903f4e30 method=java.util.TimSort.countRunAndMakeAscending([Ljava/lang/Object;IILjava/util/Comparator;)I @ 54
Event: 38.727 Thread 0x00007f074c003000 Uncommon trap: reason=class_check action=maybe_recompile pc=0x00007f07909dd23c method=java.awt.EventQueue.coalesceEvent(Ljava/awt/AWTEvent;I)Z @ 32
Event: 38.734 Thread 0x00007f074c003000 Uncommon trap: reason=class_check action=maybe_recompile pc=0x00007f07909dd23c method=java.awt.EventQueue.coalesceEvent(Ljava/awt/AWTEvent;I)Z @ 32
Event: 38.746 Thread 0x00007f074c003000 Uncommon trap: reason=class_check action=maybe_recompile pc=0x00007f07909dd23c method=java.awt.EventQueue.coalesceEvent(Ljava/awt/AWTEvent;I)Z @ 32
Event: 38.760 Thread 0x00007f074c003000 Uncommon trap: reason=class_check action=maybe_recompile pc=0x00007f07909dd23c method=java.awt.EventQueue.coalesceEvent(Ljava/awt/AWTEvent;I)Z @ 32
Event: 39.104 Thread 0x00007f074c003000 Uncommon trap: reason=unstable_if action=reinterpret pc=0x00007f07908d2b60 method=java.awt.EventQueue.eventToCacheIndex(Ljava/awt/AWTEvent;)I @ 71
Event: 39.104 Thread 0x00007f074c003000 Uncommon trap: reason=unstable_if action=reinterpret pc=0x00007f07909d6ef0 method=java.awt.EventQueue.eventToCacheIndex(Ljava/awt/AWTEvent;)I @ 71
Event: 39.105 Thread 0x00007f07a02ad000 Uncommon trap: reason=unstable_if action=reinterpret pc=0x00007f079094d4d8 method=java.awt.font.FontRenderContext.equals(Ljava/awt/font/FontRenderContext;)Z @ 2

Internal exceptions (10 events):
Event: 1.208 Thread 0x00007f074c003000 Implicit null exception at 0x00007f07902d1173 to 0x00007f07902d14ed
Event: 5.938 Thread 0x00007f074c003000 Exception <a 'java/lang/reflect/InvocationTargetException'> (0x00000000edaa0848) thrown at [/RE-WORK/workspace/8-2-build-linux-amd64/jdk8u45/3457/hotspot/src/share/vm/runtime/reflection.cpp, line 1080]
Event: 5.941 Thread 0x00007f074c003000 Exception <a 'java/lang/reflect/InvocationTargetException'> (0x00000000edaa1110) thrown at [/RE-WORK/workspace/8-2-build-linux-amd64/jdk8u45/3457/hotspot/src/share/vm/runtime/reflection.cpp, line 1080]
Event: 6.276 Thread 0x00007f074c003000 Exception <a 'java/lang/reflect/InvocationTargetException'> (0x00000000ecfef6e0) thrown at [/RE-WORK/workspace/8-2-build-linux-amd64/jdk8u45/3457/hotspot/src/share/vm/runtime/reflection.cpp, line 1080]
Event: 6.280 Thread 0x00007f074c003000 Exception <a 'java/lang/reflect/InvocationTargetException'> (0x00000000ecff0ae8) thrown at [/RE-WORK/workspace/8-2-build-linux-amd64/jdk8u45/3457/hotspot/src/share/vm/runtime/reflection.cpp, line 1080]
Event: 6.319 Thread 0x00007f074c003000 Exception <a 'java/lang/reflect/InvocationTargetException'> (0x00000000ed0ada10) thrown at [/RE-WORK/workspace/8-2-build-linux-amd64/jdk8u45/3457/hotspot/src/share/vm/runtime/reflection.cpp, line 1080]
Event: 6.320 Thread 0x00007f074c003000 Exception <a 'java/lang/reflect/InvocationTargetException'> (0x00000000ed0ae1e8) thrown at [/RE-WORK/workspace/8-2-build-linux-amd64/jdk8u45/3457/hotspot/src/share/vm/runtime/reflection.cpp, line 1080]
Event: 6.342 Thread 0x00007f074c003000 Exception <a 'java/lang/reflect/InvocationTargetException'> (0x00000000ed0fd690) thrown at [/RE-WORK/workspace/8-2-build-linux-amd64/jdk8u45/3457/hotspot/src/share/vm/runtime/reflection.cpp, line 1080]
Event: 6.345 Thread 0x00007f074c003000 Exception <a 'java/lang/reflect/InvocationTargetException'> (0x00000000ed0fe5e0) thrown at [/RE-WORK/workspace/8-2-build-linux-amd64/jdk8u45/3457/hotspot/src/share/vm/runtime/reflection.cpp, line 1080]
Event: 6.374 Thread 0x00007f074c003000 Exception <a 'java/lang/reflect/InvocationTargetException'> (0x00000000ed1a3fd8) thrown at [/RE-WORK/workspace/8-2-build-linux-amd64/jdk8u45/3457/hotspot/src/share/vm/runtime/reflection.cpp, line 1080]

Events (10 events):
Event: 39.104 Thread 0x00007f074c003000 DEOPT PACKING pc=0x00007f07908d2b60 sp=0x00007f07842038e0
Event: 39.104 Thread 0x00007f074c003000 DEOPT UNPACKING pc=0x00007f0790173229 sp=0x00007f0784203890 mode 2
Event: 39.104 Thread 0x00007f074c003000 Uncommon trap: trap_request=0xffffff65 fr.pc=0x00007f07909d6ef0
Event: 39.104 Thread 0x00007f074c003000 DEOPT PACKING pc=0x00007f07909d6ef0 sp=0x00007f0784205690
Event: 39.104 Thread 0x00007f074c003000 DEOPT UNPACKING pc=0x00007f0790173229 sp=0x00007f0784205578 mode 2
Event: 39.105 Thread 0x00007f07a02ad000 Uncommon trap: trap_request=0xffffff65 fr.pc=0x00007f079094d4d8
Event: 39.105 Thread 0x00007f07a02ad000 DEOPT PACKING pc=0x00007f079094d4d8 sp=0x00007f0784baf360
Event: 39.105 Thread 0x00007f07a02ad000 DEOPT UNPACKING pc=0x00007f0790173229 sp=0x00007f0784baf2b8 mode 2
Event: 39.107 Thread 0x00007f0739535800 Thread added: 0x00007f0739535800
Event: 39.118 Thread 0x00007f074c009800 Thread exited: 0x00007f074c009800


Dynamic libraries:
00400000-00401000 r-xp 00000000 08:02 4856071                            /usr/lib/jvm/java-8-oracle/bin/java
00600000-00601000 rw-p 00000000 08:02 4856071                            /usr/lib/jvm/java-8-oracle/bin/java
01174000-01195000 rw-p 00000000 00:00 0                                  [heap]
c4800000-c7480000 rw-p 00000000 00:00 0 
c7480000-ec300000 ---p 00000000 00:00 0 
ec300000-f8c80000 rw-p 00000000 00:00 0 
f8c80000-100000000 ---p 00000000 00:00 0 
100000000-100220000 rw-p 00000000 00:00 0 
100220000-140000000 ---p 00000000 00:00 0 
7f0704000000-7f070411f000 rw-p 00000000 00:00 0 
7f070411f000-7f0708000000 ---p 00000000 00:00 0 
7f0708000000-7f0708021000 rw-p 00000000 00:00 0 
7f0708021000-7f070c000000 ---p 00000000 00:00 0 
7f070c000000-7f070c120000 rw-p 00000000 00:00 0 
7f070c120000-7f0710000000 ---p 00000000 00:00 0 
7f0711c4f000-7f0711cbf000 rw-s 00000000 00:04 195270                     /drm mm object (deleted)
7f0711cbf000-7f0711cc2000 ---p 00000000 00:00 0 
7f0711cc2000-7f0711dc0000 rw-p 00000000 00:00 0                          [stack:13850]
7f0711dc0000-7f0711e30000 rw-s 00000000 00:04 195269                     /drm mm object (deleted)
7f0711e30000-7f0711ea0000 rw-s 00000000 00:04 197063                     /drm mm object (deleted)
7f0711ea0000-7f0711f10000 rw-s 00000000 00:04 196574                     /drm mm object (deleted)
7f0711f10000-7f0711f80000 rw-s 00000000 00:04 195268                     /drm mm object (deleted)
7f0711f80000-7f0711ff0000 rw-s 00000000 00:04 195267                     /drm mm object (deleted)
7f0711ff0000-7f0712060000 rw-s 00000000 00:04 195266                     /drm mm object (deleted)
7f0712060000-7f07120d0000 rw-s 00000000 00:04 197062                     /drm mm object (deleted)
7f07120d0000-7f0712140000 rw-s 00000000 00:04 197061                     /drm mm object (deleted)
7f0712140000-7f07121b0000 rw-s 00000000 00:04 195265                     /drm mm object (deleted)
7f07121b0000-7f0712220000 rw-s 00000000 00:04 195264                     /drm mm object (deleted)
7f0712220000-7f0712290000 rw-s 00000000 00:04 195263                     /drm mm object (deleted)
7f0712290000-7f0712300000 rw-s 00000000 00:04 195262                     /drm mm object (deleted)
7f0712300000-7f0712370000 rw-s 00000000 00:04 197863                     /drm mm object (deleted)
7f0712370000-7f07123e0000 rw-s 00000000 00:04 197862                     /drm mm object (deleted)
7f07123e0000-7f0712450000 rw-s 00000000 00:04 197861                     /drm mm object (deleted)
7f0712450000-7f07124c0000 rw-s 00000000 00:04 197060                     /drm mm object (deleted)
7f07124c0000-7f0712530000 rw-s 00000000 00:04 197059                     /drm mm object (deleted)
7f0712530000-7f07125a0000 rw-s 00000000 00:04 197860                     /drm mm object (deleted)
7f07125a0000-7f0712610000 rw-s 00000000 00:04 197058                     /drm mm object (deleted)
7f0712610000-7f0712680000 rw-s 00000000 00:04 197057                     /drm mm object (deleted)
7f0712680000-7f07126f0000 rw-s 00000000 00:04 197859                     /drm mm object (deleted)
7f07126f0000-7f0712760000 rw-s 00000000 00:04 197858                     /drm mm object (deleted)
7f0712760000-7f07127d0000 rw-s 00000000 00:04 197056                     /drm mm object (deleted)
7f07127d0000-7f0712840000 rw-s 00000000 00:04 196566                     /drm mm object (deleted)
7f0712840000-7f07128b0000 rw-s 00000000 00:04 196565                     /drm mm object (deleted)
7f07128b0000-7f0712920000 rw-s 00000000 00:04 196564                     /drm mm object (deleted)
7f0712920000-7f0712990000 rw-s 00000000 00:04 197055                     /drm mm object (deleted)
7f0712990000-7f0712a00000 rw-s 00000000 00:04 196563                     /drm mm object (deleted)
7f0712a00000-7f0712a70000 rw-s 00000000 00:04 196562                     /drm mm object (deleted)
7f0712a70000-7f0712ae0000 rw-s 00000000 00:04 196561                     /drm mm object (deleted)
7f0712ae0000-7f0712b50000 rw-s 00000000 00:04 197054                     /drm mm object (deleted)
7f0712b50000-7f0712bc0000 rw-s 00000000 00:04 197053                     /drm mm object (deleted)
7f0712bc0000-7f0712c30000 rw-s 00000000 00:04 197857                     /drm mm object (deleted)
7f0712c30000-7f0712ca0000 rw-s 00000000 00:04 196560                     /drm mm object (deleted)
7f0712ca0000-7f0712d10000 rw-s 00000000 00:04 195261                     /drm mm object (deleted)
7f0712d10000-7f0712d80000 rw-s 00000000 00:04 196559                     /drm mm object (deleted)
7f0712d80000-7f0712df0000 rw-s 00000000 00:04 197052                     /drm mm object (deleted)
7f0712df0000-7f0712e60000 rw-s 00000000 00:04 197051                     /drm mm object (deleted)
7f0712e60000-7f0712ed0000 rw-s 00000000 00:04 197050                     /drm mm object (deleted)
7f0712ed0000-7f0712f40000 rw-s 00000000 00:04 197856                     /drm mm object (deleted)
7f0712f40000-7f0712fb0000 rw-s 00000000 00:04 197049                     /drm mm object (deleted)
7f0712fb0000-7f0713020000 rw-s 00000000 00:04 196558                     /drm mm object (deleted)
7f0713020000-7f0713090000 rw-s 00000000 00:04 197048                     /drm mm object (deleted)
7f0713090000-7f0713100000 rw-s 00000000 00:04 197855                     /drm mm object (deleted)
7f0713100000-7f0713170000 rw-s 00000000 00:04 197854                     /drm mm object (deleted)
7f0713170000-7f07131e0000 rw-s 00000000 00:04 195260                     /drm mm object (deleted)
7f07131e0000-7f0713250000 rw-s 00000000 00:04 196557                     /drm mm object (deleted)
7f0713250000-7f07132c0000 rw-s 00000000 00:04 197851                     /drm mm object (deleted)
7f07132c0000-7f0713540000 rw-s 00000000 00:04 197045                     /drm mm object (deleted)
7f0713540000-7f07137c0000 rw-s 00000000 00:04 196548                     /drm mm object (deleted)
7f07137c0000-7f07137c1000 r--s 00000000 08:02 786530                     /var/cache/fontconfig/c05880de57d1f5e948fdfacc138775d9-le64.cache-4
7f07137c1000-7f07137cc000 r--s 00000000 08:02 786523                     /var/cache/fontconfig/945677eb7aeaf62f1d50efc3fb3ec7d8-le64.cache-4
7f07137cc000-7f07137d2000 r--s 00000000 08:02 786507                     /var/cache/fontconfig/2cd17615ca594fa2959ae173292e504c-le64.cache-4
7f07137d2000-7f07137d3000 r--s 00000000 08:02 786541                     /var/cache/fontconfig/e7071f4a29fa870f4323321c154eba04-le64.cache-4
7f07137d3000-7f07137d4000 r--s 00000000 08:02 786504                     /var/cache/fontconfig/0d8c3b2ac0904cb8a57a757ad11a4a08-le64.cache-4
7f07137d4000-7f07137db000 r--s 00000000 08:02 786527                     /var/cache/fontconfig/a755afe4a08bf5b97852ceb7400b47bc-le64.cache-4
7f07137db000-7f07137dc000 r--s 00000000 08:02 786526                     /var/cache/fontconfig/a6354e3ac43af67bd8d7b8e43c34e49f-le64.cache-4
7f07137dc000-7f07137e0000 r--s 00000000 08:02 786510                     /var/cache/fontconfig/385c0604a188198f04d133e54aba7fe7-le64.cache-4
7f07137e0000-7f07137e5000 r--s 00000000 08:02 786522                     /var/cache/fontconfig/8801497958630a81b71ace7c5f9b32a8-le64.cache-4
7f07137e5000-7f07137ec000 r--s 00000000 08:02 786508                     /var/cache/fontconfig/3047814df9a2f067bd2d96a2b9c36e5a-le64.cache-4
7f07137ec000-7f07137ff000 r--s 00000000 08:02 786534                     /var/cache/fontconfig/d52a8644073d54c13679302ca1180695-le64.cache-4
7f07137ff000-7f0713808000 r--s 00000000 08:02 786511                     /var/cache/fontconfig/3f7329c5293ffd510edef78f73874cfd-le64.cache-4
7f0713808000-7f071381d000 r--s 00000000 08:02 786537                     /var/cache/fontconfig/da82082e1ef13c4097208324d67c180c-le64.cache-4
7f0713853000-7f07138c3000 rw-s 00000000 00:04 197850                     /drm mm object (deleted)
7f07138c3000-7f0713933000 rw-s 00000000 00:04 197047                     /drm mm object (deleted)
7f0713933000-7f0713936000 ---p 00000000 00:00 0 
7f0713936000-7f0713a34000 rw-p 00000000 00:00 0                          [stack:13785]
7f0713a34000-7f0713af4000 rw-s 10ac96000 00:05 1552                      /dev/dri/card0
7f0713b17000-7f0713b87000 rw-s 00000000 00:04 195258                     /drm mm object (deleted)
7f0713b87000-7f0713bf7000 rw-s 00000000 00:04 196553                     /drm mm object (deleted)
7f0713bf7000-7f0713c67000 rw-s 00000000 00:04 196552                     /drm mm object (deleted)
7f0713c67000-7f0713cd7000 rw-s 00000000 00:04 196550                     /drm mm object (deleted)
7f0713cd7000-7f0713d47000 rw-s 00000000 00:04 195257                     /drm mm object (deleted)
7f0713d47000-7f0713db7000 rw-s 00000000 00:04 197843                     /drm mm object (deleted)
7f0713db7000-7f0713e27000 rw-s 00000000 00:04 197838                     /drm mm object (deleted)
7f0713e27000-7f0713e2a000 ---p 00000000 00:00 0 
7f0713e2a000-7f0713f28000 rw-p 00000000 00:00 0                          [stack:13788]
7f0713f28000-7f0713f29000 r--s 00000000 08:02 786506                     /var/cache/fontconfig/1ac9eb803944fde146138c791f5cc56a-le64.cache-4
7f0713f29000-7f0713f2a000 r--s 00000000 08:02 786538                     /var/cache/fontconfig/dc05db6664285cc2f12bf69c139ae4c3-le64.cache-4
7f0713f2a000-7f0713f30000 r--s 00000000 08:02 786528                     /var/cache/fontconfig/b47c4e1ecd0709278f4910c18777a504-le64.cache-4
7f0713f30000-7f0713f3d000 r--s 00000000 08:02 786637                     /var/cache/fontconfig/e13b20fdb08344e0e664864cc2ede53d-le64.cache-4
7f0713f90000-7f0714000000 rw-s 00000000 00:04 195256                     /drm mm object (deleted)
7f0714000000-7f0714021000 rw-p 00000000 00:00 0 
7f0714021000-7f0718000000 ---p 00000000 00:00 0 
7f0718000000-7f0718021000 rw-p 00000000 00:00 0 
7f0718021000-7f071c000000 ---p 00000000 00:00 0 
7f071c000000-7f071c021000 rw-p 00000000 00:00 0 
7f071c021000-7f0720000000 ---p 00000000 00:00 0 
7f0720000000-7f0720021000 rw-p 00000000 00:00 0 
7f0720021000-7f0724000000 ---p 00000000 00:00 0 
7f0724000000-7f0724021000 rw-p 00000000 00:00 0 
7f0724021000-7f0728000000 ---p 00000000 00:00 0 
7f0728000000-7f0728002000 r--s 00000000 08:02 786520                     /var/cache/fontconfig/767a8244fc0220cfb567a839d0392e0b-le64.cache-4
7f0728002000-7f0728003000 r--s 00000000 08:02 788870                     /var/cache/fontconfig/4794a0821666d79190d59a36cb4f44b5-le64.cache-4
7f0728003000-7f0728007000 r--s 00000000 08:02 786535                     /var/cache/fontconfig/d589a48862398ed80a3d6066f4f56f4c-le64.cache-4
7f0728007000-7f0728173000 rw-p 00000000 00:00 0 
7f0728173000-7f0728207000 ---p 00000000 00:00 0 
7f0728207000-7f0728287000 rw-s 10ac16000 00:05 1552                      /dev/dri/card0
7f0728287000-7f0728447000 rw-s 00000000 00:04 196530                     /drm mm object (deleted)
7f0728447000-7f072844a000 ---p 00000000 00:00 0 
7f072844a000-7f0728548000 rw-p 00000000 00:00 0                          [stack:13849]
7f0728548000-7f072854b000 ---p 00000000 00:00 0 
7f072854b000-7f0728649000 rw-p 00000000 00:00 0                          [stack:13783]
7f0728649000-7f072864c000 ---p 00000000 00:00 0 
7f072864c000-7f072874a000 rw-p 00000000 00:00 0                          [stack:13840]
7f072874a000-7f072874d000 ---p 00000000 00:00 0 
7f072874d000-7f072884b000 rw-p 00000000 00:00 0                          [stack:13848]
7f072884b000-7f07288cb000 rw-s 10ab96000 00:05 1552                      /dev/dri/card0
7f07288cb000-7f0728a8b000 rw-s 00000000 00:04 196517                     /drm mm object (deleted)
7f0728a8b000-7f0728b4b000 rw-s 10aad6000 00:05 1552                      /dev/dri/card0
7f0728b4b000-7f0728dcb000 rw-s 00000000 00:04 196508                     /drm mm object (deleted)
7f0728dcb000-7f072904b000 rw-s 00000000 00:04 195248                     /drm mm object (deleted)
7f072904b000-7f072904e000 ---p 00000000 00:00 0 
7f072904e000-7f072914c000 rw-p 00000000 00:00 0                          [stack:13780]
7f072914c000-7f0729163000 r-xp 00000000 08:02 2621530                    /lib/x86_64-linux-gnu/libresolv-2.19.so
7f0729163000-7f0729363000 ---p 00017000 08:02 2621530                    /lib/x86_64-linux-gnu/libresolv-2.19.so
7f0729363000-7f0729364000 r--p 00017000 08:02 2621530                    /lib/x86_64-linux-gnu/libresolv-2.19.so
7f0729364000-7f0729365000 rw-p 00018000 08:02 2621530                    /lib/x86_64-linux-gnu/libresolv-2.19.so
7f0729365000-7f0729367000 rw-p 00000000 00:00 0 
7f0729367000-7f072936c000 r-xp 00000000 08:02 2621536                    /lib/x86_64-linux-gnu/libnss_dns-2.19.so
7f072936c000-7f072956b000 ---p 00005000 08:02 2621536                    /lib/x86_64-linux-gnu/libnss_dns-2.19.so
7f072956b000-7f072956c000 r--p 00004000 08:02 2621536                    /lib/x86_64-linux-gnu/libnss_dns-2.19.so
7f072956c000-7f072956d000 rw-p 00005000 08:02 2621536                    /lib/x86_64-linux-gnu/libnss_dns-2.19.so
7f072956d000-7f072956f000 r-xp 00000000 08:02 2625700                    /lib/x86_64-linux-gnu/libnss_mdns4_minimal.so.2
7f072956f000-7f072976e000 ---p 00002000 08:02 2625700                    /lib/x86_64-linux-gnu/libnss_mdns4_minimal.so.2
7f072976e000-7f072976f000 r--p 00001000 08:02 2625700                    /lib/x86_64-linux-gnu/libnss_mdns4_minimal.so.2
7f072976f000-7f0729770000 rw-p 00002000 08:02 2625700                    /lib/x86_64-linux-gnu/libnss_mdns4_minimal.so.2
7f0729770000-7f0729773000 r-xp 00000000 08:02 2625704                    /lib/x86_64-linux-gnu/libnss_myhostname.so.2
7f0729773000-7f0729972000 ---p 00003000 08:02 2625704                    /lib/x86_64-linux-gnu/libnss_myhostname.so.2
7f0729972000-7f0729973000 r--p 00002000 08:02 2625704                    /lib/x86_64-linux-gnu/libnss_myhostname.so.2
7f0729973000-7f0729974000 rw-p 00003000 08:02 2625704                    /lib/x86_64-linux-gnu/libnss_myhostname.so.2
7f0729974000-7f0729b74000 rw-p 00000000 00:00 0 
7f0729b74000-7f0729df4000 rw-s 00000000 00:04 195232                     /drm mm object (deleted)
7f0729df4000-7f072a074000 rw-s 00000000 00:04 195231                     /drm mm object (deleted)
7f072a074000-7f072a0ab000 r-xp 00000000 08:02 4858923                    /usr/lib/x86_64-linux-gnu/libtxc_dxtn_s2tc.so.0.0.0
7f072a0ab000-7f072a2aa000 ---p 00037000 08:02 4858923                    /usr/lib/x86_64-linux-gnu/libtxc_dxtn_s2tc.so.0.0.0
7f072a2aa000-7f072a2ab000 r--p 00036000 08:02 4858923                    /usr/lib/x86_64-linux-gnu/libtxc_dxtn_s2tc.so.0.0.0
7f072a2ab000-7f072a2ac000 rw-p 00037000 08:02 4858923                    /usr/lib/x86_64-linux-gnu/libtxc_dxtn_s2tc.so.0.0.0
7f072a2ac000-7f072a2c4000 r-xp 00000000 08:02 2625786                    /lib/x86_64-linux-gnu/libz.so.1.2.8
7f072a2c4000-7f072a4c3000 ---p 00018000 08:02 2625786                    /lib/x86_64-linux-gnu/libz.so.1.2.8
7f072a4c3000-7f072a4c4000 r--p 00017000 08:02 2625786                    /lib/x86_64-linux-gnu/libz.so.1.2.8
7f072a4c4000-7f072a4c5000 rw-p 00018000 08:02 2625786                    /lib/x86_64-linux-gnu/libz.so.1.2.8
7f072a4c5000-7f072a4cd000 r-xp 00000000 08:02 4858718                    /usr/lib/x86_64-linux-gnu/libpciaccess.so.0.11.1
7f072a4cd000-7f072a6cc000 ---p 00008000 08:02 4858718                    /usr/lib/x86_64-linux-gnu/libpciaccess.so.0.11.1
7f072a6cc000-7f072a6cd000 r--p 00007000 08:02 4858718                    /usr/lib/x86_64-linux-gnu/libpciaccess.so.0.11.1
7f072a6cd000-7f072a6ce000 rw-p 00008000 08:02 4858718                    /usr/lib/x86_64-linux-gnu/libpciaccess.so.0.11.1
7f072a6ce000-7f072a7be000 r-xp 00000000 08:02 4858875                    /usr/lib/x86_64-linux-gnu/libstdc++.so.6.0.20
7f072a7be000-7f072a9be000 ---p 000f0000 08:02 4858875                    /usr/lib/x86_64-linux-gnu/libstdc++.so.6.0.20
7f072a9be000-7f072a9c6000 r--p 000f0000 08:02 4858875                    /usr/lib/x86_64-linux-gnu/libstdc++.so.6.0.20
7f072a9c6000-7f072a9c8000 rw-p 000f8000 08:02 4858875                    /usr/lib/x86_64-linux-gnu/libstdc++.so.6.0.20
7f072a9c8000-7f072a9dd000 rw-p 00000000 00:00 0 
7f072a9dd000-7f072a9e9000 r-xp 00000000 08:02 4858206                    /usr/lib/x86_64-linux-gnu/libdrm_radeon.so.1.0.1
7f072a9e9000-7f072abe8000 ---p 0000c000 08:02 4858206                    /usr/lib/x86_64-linux-gnu/libdrm_radeon.so.1.0.1
7f072abe8000-7f072abe9000 r--p 0000b000 08:02 4858206                    /usr/lib/x86_64-linux-gnu/libdrm_radeon.so.1.0.1
7f072abe9000-7f072abea000 rw-p 0000c000 08:02 4858206                    /usr/lib/x86_64-linux-gnu/libdrm_radeon.so.1.0.1
7f072abea000-7f072abf0000 r-xp 00000000 08:02 4858204                    /usr/lib/x86_64-linux-gnu/libdrm_nouveau.so.2.0.0
7f072abf0000-7f072adef000 ---p 00006000 08:02 4858204                    /usr/lib/x86_64-linux-gnu/libdrm_nouveau.so.2.0.0
7f072adef000-7f072adf0000 r--p 00005000 08:02 4858204                    /usr/lib/x86_64-linux-gnu/libdrm_nouveau.so.2.0.0
7f072adf0000-7f072adf1000 rw-p 00006000 08:02 4858204                    /usr/lib/x86_64-linux-gnu/libdrm_nouveau.so.2.0.0
7f072adf1000-7f072ae11000 r-xp 00000000 08:02 4858202                    /usr/lib/x86_64-linux-gnu/libdrm_intel.so.1.0.0
7f072ae11000-7f072b010000 ---p 00020000 08:02 4858202                    /usr/lib/x86_64-linux-gnu/libdrm_intel.so.1.0.0
7f072b010000-7f072b011000 r--p 0001f000 08:02 4858202                    /usr/lib/x86_64-linux-gnu/libdrm_intel.so.1.0.0
7f072b011000-7f072b012000 rw-p 00020000 08:02 4858202                    /usr/lib/x86_64-linux-gnu/libdrm_intel.so.1.0.0
7f072b012000-7f072b52e000 r-xp 00000000 08:02 5114656                    /usr/lib/x86_64-linux-gnu/dri/i965_dri.so
7f072b52e000-7f072b72d000 ---p 0051c000 08:02 5114656                    /usr/lib/x86_64-linux-gnu/dri/i965_dri.so
7f072b72d000-7f072b749000 r--p 0051b000 08:02 5114656                    /usr/lib/x86_64-linux-gnu/dri/i965_dri.so
7f072b749000-7f072b74f000 rw-p 00537000 08:02 5114656                    /usr/lib/x86_64-linux-gnu/dri/i965_dri.so
7f072b74f000-7f072b75a000 rw-p 00000000 00:00 0 
7f072b75a000-7f072b7c6000 r-xp 00000000 08:02 2625725                    /lib/x86_64-linux-gnu/libpcre.so.3.13.1
7f072b7c6000-7f072b9c5000 ---p 0006c000 08:02 2625725                    /lib/x86_64-linux-gnu/libpcre.so.3.13.1
7f072b9c5000-7f072b9c6000 r--p 0006b000 08:02 2625725                    /lib/x86_64-linux-gnu/libpcre.so.3.13.1
7f072b9c6000-7f072b9c7000 rw-p 0006c000 08:02 2625725                    /lib/x86_64-linux-gnu/libpcre.so.3.13.1
7f072b9c7000-7f072b9e8000 r-xp 00000000 08:02 2625752                    /lib/x86_64-linux-gnu/libselinux.so.1
7f072b9e8000-7f072bbe7000 ---p 00021000 08:02 2625752                    /lib/x86_64-linux-gnu/libselinux.so.1
7f072bbe7000-7f072bbe8000 r--p 00020000 08:02 2625752                    /lib/x86_64-linux-gnu/libselinux.so.1
7f072bbe8000-7f072bbe9000 rw-p 00021000 08:02 2625752                    /lib/x86_64-linux-gnu/libselinux.so.1
7f072bbe9000-7f072bbeb000 rw-p 00000000 00:00 0 
7f072bbeb000-7f072bbfb000 r-xp 00000000 08:02 2625516                    /lib/x86_64-linux-gnu/libudev.so.1.4.0
7f072bbfb000-7f072bdfb000 ---p 00010000 08:02 2625516                    /lib/x86_64-linux-gnu/libudev.so.1.4.0
7f072bdfb000-7f072bdfc000 r--p 00010000 08:02 2625516                    /lib/x86_64-linux-gnu/libudev.so.1.4.0
7f072bdfc000-7f072bdfd000 rw-p 00011000 08:02 2625516                    /lib/x86_64-linux-gnu/libudev.so.1.4.0
7f072bdfd000-7f072bdff000 r-xp 00000000 08:02 4857968                    /usr/lib/x86_64-linux-gnu/libXinerama.so.1.0.0
7f072bdff000-7f072bffe000 ---p 00002000 08:02 4857968                    /usr/lib/x86_64-linux-gnu/libXinerama.so.1.0.0
7f072bffe000-7f072bfff000 r--p 00001000 08:02 4857968                    /usr/lib/x86_64-linux-gnu/libXinerama.so.1.0.0
7f072bfff000-7f072c000000 rw-p 00002000 08:02 4857968                    /usr/lib/x86_64-linux-gnu/libXinerama.so.1.0.0
7f072c000000-7f072c021000 rw-p 00000000 00:00 0 
7f072c021000-7f0730000000 ---p 00000000 00:00 0 
7f0730000000-7f073185a000 rw-p 00000000 00:00 0 
7f073185a000-7f0734000000 ---p 00000000 00:00 0 
7f0734000000-7f073486d000 rw-p 00000000 00:00 0 
7f073486d000-7f0738000000 ---p 00000000 00:00 0 
7f0738000000-7f073a974000 rw-p 00000000 00:00 0 
7f073a974000-7f073c000000 ---p 00000000 00:00 0 
7f073c000000-7f073c001000 r--s 00000000 08:02 786514                     /var/cache/fontconfig/56cf4f4769d0f4abc89a4895d7bd3ae1-le64.cache-4
7f073c001000-7f073c002000 r--s 00000000 08:02 786529                     /var/cache/fontconfig/b9d506c9ac06c20b433354fa67a72993-le64.cache-4
7f073c002000-7f073c003000 r--s 00000000 08:02 786503                     /var/cache/fontconfig/0c9eb80ebd1c36541ebe2852d3bb0c49-le64.cache-4
7f073c04d000-7f073c04e000 rw-p 00000000 00:00 0 
7f073c04e000-7f073c056000 rw-s 00000000 00:04 195249                     /drm mm object (deleted)
7f073c056000-7f073c116000 rw-s 10aa16000 00:05 1552                      /dev/dri/card0
7f073c116000-7f073c1d6000 rw-s 10a956000 00:05 1552                      /dev/dri/card0
7f073c1d6000-7f073c1de000 rw-s 00000000 00:04 195223                     /drm mm object (deleted)
7f073c1de000-7f073c1e6000 rw-s 00000000 00:04 195222                     /drm mm object (deleted)
7f073c1e6000-7f073c1ee000 rw-s 00000000 00:04 197825                     /drm mm object (deleted)
7f073c1ee000-7f073c1f6000 rw-s 00000000 00:04 197809                     /drm mm object (deleted)
7f073c1f6000-7f073c1fe000 rw-s 00000000 00:04 197805                     /drm mm object (deleted)
7f073c1fe000-7f073c243000 r-xp 00000000 08:02 4587537                    /tmp/jogamp_0000/file_cache/jln5933798238021509043/jln7322338682292180739/libjogl_mobile.so
7f073c243000-7f073c443000 ---p 00045000 08:02 4587537                    /tmp/jogamp_0000/file_cache/jln5933798238021509043/jln7322338682292180739/libjogl_mobile.so
7f073c443000-7f073c444000 rw-p 00045000 08:02 4587537                    /tmp/jogamp_0000/file_cache/jln5933798238021509043/jln7322338682292180739/libjogl_mobile.so
7f073c444000-7f073c44b000 r-xp 00000000 08:02 4858242                    /usr/lib/x86_64-linux-gnu/libffi.so.6.0.2
7f073c44b000-7f073c64a000 ---p 00007000 08:02 4858242                    /usr/lib/x86_64-linux-gnu/libffi.so.6.0.2
7f073c64a000-7f073c64b000 r--p 00006000 08:02 4858242                    /usr/lib/x86_64-linux-gnu/libffi.so.6.0.2
7f073c64b000-7f073c64c000 rw-p 00007000 08:02 4858242                    /usr/lib/x86_64-linux-gnu/libffi.so.6.0.2
7f073c64c000-7f073c659000 r-xp 00000000 08:02 4849854                    /usr/lib/x86_64-linux-gnu/libgbm.so.1.0.0
7f073c659000-7f073c858000 ---p 0000d000 08:02 4849854                    /usr/lib/x86_64-linux-gnu/libgbm.so.1.0.0
7f073c858000-7f073c859000 r--p 0000c000 08:02 4849854                    /usr/lib/x86_64-linux-gnu/libgbm.so.1.0.0
7f073c859000-7f073c85a000 rw-p 0000d000 08:02 4849854                    /usr/lib/x86_64-linux-gnu/libgbm.so.1.0.0
7f073c85a000-7f073c868000 r-xp 00000000 08:02 4858976                    /usr/lib/x86_64-linux-gnu/libwayland-server.so.0.1.0
7f073c868000-7f073ca68000 ---p 0000e000 08:02 4858976                    /usr/lib/x86_64-linux-gnu/libwayland-server.so.0.1.0
7f073ca68000-7f073ca6a000 r--p 0000e000 08:02 4858976                    /usr/lib/x86_64-linux-gnu/libwayland-server.so.0.1.0
7f073ca6a000-7f073ca6b000 rw-p 00010000 08:02 4858976                    /usr/lib/x86_64-linux-gnu/libwayland-server.so.0.1.0
7f073ca6b000-7f073ca76000 r-xp 00000000 08:02 4858970                    /usr/lib/x86_64-linux-gnu/libwayland-client.so.0.2.0
7f073ca76000-7f073cc76000 ---p 0000b000 08:02 4858970                    /usr/lib/x86_64-linux-gnu/libwayland-client.so.0.2.0
7f073cc76000-7f073cc78000 r--p 0000b000 08:02 4858970                    /usr/lib/x86_64-linux-gnu/libwayland-client.so.0.2.0
7f073cc78000-7f073cc79000 rw-p 0000d000 08:02 4858970                    /usr/lib/x86_64-linux-gnu/libwayland-client.so.0.2.0
7f073cc79000-7f073cc7e000 r-xp 00000000 08:02 4859022                    /usr/lib/x86_64-linux-gnu/libxcb-xfixes.so.0.0.0
7f073cc7e000-7f073ce7e000 ---p 00005000 08:02 4859022                    /usr/lib/x86_64-linux-gnu/libxcb-xfixes.so.0.0.0
7f073ce7e000-7f073ce7f000 r--p 00005000 08:02 4859022                    /usr/lib/x86_64-linux-gnu/libxcb-xfixes.so.0.0.0
7f073ce7f000-7f073ce80000 rw-p 00006000 08:02 4859022                    /usr/lib/x86_64-linux-gnu/libxcb-xfixes.so.0.0.0
7f073ce80000-7f073cea9000 r-xp 00000000 08:02 5114652                    /usr/lib/x86_64-linux-gnu/mesa-egl/libEGL.so.1.0.0
7f073cea9000-7f073d0a8000 ---p 00029000 08:02 5114652                    /usr/lib/x86_64-linux-gnu/mesa-egl/libEGL.so.1.0.0
7f073d0a8000-7f073d0a9000 r--p 00028000 08:02 5114652                    /usr/lib/x86_64-linux-gnu/mesa-egl/libEGL.so.1.0.0
7f073d0a9000-7f073d0aa000 rw-p 00029000 08:02 5114652                    /usr/lib/x86_64-linux-gnu/mesa-egl/libEGL.so.1.0.0
7f073d0aa000-7f073d0ab000 rw-p 00000000 00:00 0 
7f073d0ab000-7f073d150000 r-xp 00000000 08:02 4587536                    /tmp/jogamp_0000/file_cache/jln5933798238021509043/jln7322338682292180739/libjogl_desktop.so
7f073d150000-7f073d350000 ---p 000a5000 08:02 4587536                    /tmp/jogamp_0000/file_cache/jln5933798238021509043/jln7322338682292180739/libjogl_desktop.so
7f073d350000-7f073d351000 rw-p 000a5000 08:02 4587536                    /tmp/jogamp_0000/file_cache/jln5933798238021509043/jln7322338682292180739/libjogl_desktop.so
7f073d351000-7f073d35c000 r-xp 00000000 08:02 4858200                    /usr/lib/x86_64-linux-gnu/libdrm.so.2.4.0
7f073d35c000-7f073d55b000 ---p 0000b000 08:02 4858200                    /usr/lib/x86_64-linux-gnu/libdrm.so.2.4.0
7f073d55b000-7f073d55c000 r--p 0000a000 08:02 4858200                    /usr/lib/x86_64-linux-gnu/libdrm.so.2.4.0
7f073d55c000-7f073d55d000 rw-p 0000b000 08:02 4858200                    /usr/lib/x86_64-linux-gnu/libdrm.so.2.4.0
7f073d55d000-7f073d55e000 r-xp 00000000 08:02 4859034                    /usr/lib/x86_64-linux-gnu/libxshmfence.so.1.0.0
7f073d55e000-7f073d75d000 ---p 00001000 08:02 4859034                    /usr/lib/x86_64-linux-gnu/libxshmfence.so.1.0.0
7f073d75d000-7f073d75e000 r--p 00000000 08:02 4859034                    /usr/lib/x86_64-linux-gnu/libxshmfence.so.1.0.0
7f073d75e000-7f073d75f000 rw-p 00001000 08:02 4859034                    /usr/lib/x86_64-linux-gnu/libxshmfence.so.1.0.0
7f073d75f000-7f073d764000 r-xp 00000000 08:02 4859016                    /usr/lib/x86_64-linux-gnu/libxcb-sync.so.1.0.0
7f073d764000-7f073d963000 ---p 00005000 08:02 4859016                    /usr/lib/x86_64-linux-gnu/libxcb-sync.so.1.0.0
7f073d963000-7f073d964000 r--p 00004000 08:02 4859016                    /usr/lib/x86_64-linux-gnu/libxcb-sync.so.1.0.0
7f073d964000-7f073d965000 rw-p 00005000 08:02 4859016                    /usr/lib/x86_64-linux-gnu/libxcb-sync.so.1.0.0
7f073d965000-7f073d967000 r-xp 00000000 08:02 4859008                    /usr/lib/x86_64-linux-gnu/libxcb-present.so.0.0.0
7f073d967000-7f073db66000 ---p 00002000 08:02 4859008                    /usr/lib/x86_64-linux-gnu/libxcb-present.so.0.0.0
7f073db66000-7f073db67000 r--p 00001000 08:02 4859008                    /usr/lib/x86_64-linux-gnu/libxcb-present.so.0.0.0
7f073db67000-7f073db68000 rw-p 00002000 08:02 4859008                    /usr/lib/x86_64-linux-gnu/libxcb-present.so.0.0.0
7f073db68000-7f073db6a000 r-xp 00000000 08:02 4858998                    /usr/lib/x86_64-linux-gnu/libxcb-dri3.so.0.0.0
7f073db6a000-7f073dd69000 ---p 00002000 08:02 4858998                    /usr/lib/x86_64-linux-gnu/libxcb-dri3.so.0.0.0
7f073dd69000-7f073dd6a000 r--p 00001000 08:02 4858998                    /usr/lib/x86_64-linux-gnu/libxcb-dri3.so.0.0.0
7f073dd6a000-7f073dd6b000 rw-p 00002000 08:02 4858998                    /usr/lib/x86_64-linux-gnu/libxcb-dri3.so.0.0.0
7f073dd6b000-7f073dd6e000 r-xp 00000000 08:02 4858996                    /usr/lib/x86_64-linux-gnu/libxcb-dri2.so.0.0.0
7f073dd6e000-7f073df6e000 ---p 00003000 08:02 4858996                    /usr/lib/x86_64-linux-gnu/libxcb-dri2.so.0.0.0
7f073df6e000-7f073df6f000 r--p 00003000 08:02 4858996                    /usr/lib/x86_64-linux-gnu/libxcb-dri2.so.0.0.0
7f073df6f000-7f073df70000 rw-p 00004000 08:02 4858996                    /usr/lib/x86_64-linux-gnu/libxcb-dri2.so.0.0.0
7f073df70000-7f073df85000 r-xp 00000000 08:02 4859000                    /usr/lib/x86_64-linux-gnu/libxcb-glx.so.0.0.0
7f073df85000-7f073e184000 ---p 00015000 08:02 4859000                    /usr/lib/x86_64-linux-gnu/libxcb-glx.so.0.0.0
7f073e184000-7f073e186000 r--p 00014000 08:02 4859000                    /usr/lib/x86_64-linux-gnu/libxcb-glx.so.0.0.0
7f073e186000-7f073e187000 rw-p 00016000 08:02 4859000                    /usr/lib/x86_64-linux-gnu/libxcb-glx.so.0.0.0
7f073e187000-7f073e188000 r-xp 00000000 08:02 4857939                    /usr/lib/x86_64-linux-gnu/libX11-xcb.so.1.0.0
7f073e188000-7f073e387000 ---p 00001000 08:02 4857939                    /usr/lib/x86_64-linux-gnu/libX11-xcb.so.1.0.0
7f073e387000-7f073e388000 r--p 00000000 08:02 4857939                    /usr/lib/x86_64-linux-gnu/libX11-xcb.so.1.0.0
7f073e388000-7f073e389000 rw-p 00001000 08:02 4857939                    /usr/lib/x86_64-linux-gnu/libX11-xcb.so.1.0.0
7f073e389000-7f073e38b000 r-xp 00000000 08:02 4857954                    /usr/lib/x86_64-linux-gnu/libXdamage.so.1.1.0
7f073e38b000-7f073e58a000 ---p 00002000 08:02 4857954                    /usr/lib/x86_64-linux-gnu/libXdamage.so.1.1.0
7f073e58a000-7f073e58b000 r--p 00001000 08:02 4857954                    /usr/lib/x86_64-linux-gnu/libXdamage.so.1.1.0
7f073e58b000-7f073e58c000 rw-p 00002000 08:02 4857954                    /usr/lib/x86_64-linux-gnu/libXdamage.so.1.1.0
7f073e58c000-7f073e5b1000 r-xp 00000000 08:02 4853342                    /usr/lib/x86_64-linux-gnu/libglapi.so.0.0.0
7f073e5b1000-7f073e7b0000 ---p 00025000 08:02 4853342                    /usr/lib/x86_64-linux-gnu/libglapi.so.0.0.0
7f073e7b0000-7f073e7b3000 r--p 00024000 08:02 4853342                    /usr/lib/x86_64-linux-gnu/libglapi.so.0.0.0
7f073e7b3000-7f073e7b4000 rw-p 00027000 08:02 4853342                    /usr/lib/x86_64-linux-gnu/libglapi.so.0.0.0
7f073e7b4000-7f073e7b5000 rw-p 00000000 00:00 0 
7f073e7b5000-7f073e7db000 r-xp 00000000 08:02 2625637                    /lib/x86_64-linux-gnu/libexpat.so.1.6.0
7f073e7db000-7f073e9da000 ---p 00026000 08:02 2625637                    /lib/x86_64-linux-gnu/libexpat.so.1.6.0
7f073e9da000-7f073e9dd000 r--p 00025000 08:02 2625637                    /lib/x86_64-linux-gnu/libexpat.so.1.6.0
7f073e9dd000-7f073e9de000 rw-p 00028000 08:02 2625637                    /lib/x86_64-linux-gnu/libexpat.so.1.6.0
7f073e9de000-7f073ea74000 r-xp 00000000 08:02 5113685                    /usr/lib/x86_64-linux-gnu/mesa/libGL.so.1.2.0
7f073ea74000-7f073ec73000 ---p 00096000 08:02 5113685                    /usr/lib/x86_64-linux-gnu/mesa/libGL.so.1.2.0
7f073ec73000-7f073ec76000 r--p 00095000 08:02 5113685                    /usr/lib/x86_64-linux-gnu/mesa/libGL.so.1.2.0
7f073ec76000-7f073ec77000 rw-p 00098000 08:02 5113685                    /usr/lib/x86_64-linux-gnu/mesa/libGL.so.1.2.0
7f073ec77000-7f073ee78000 rw-p 00000000 00:00 0 
7f073ee78000-7f073f078000 rw-p 00000000 00:00 0 
7f073f078000-7f073f07f000 r-xp 00000000 08:02 4587539                    /tmp/jogamp_0000/file_cache/jln5933798238021509043/jln7322338682292180739/libnativewindow_x11.so
7f073f07f000-7f073f27e000 ---p 00007000 08:02 4587539                    /tmp/jogamp_0000/file_cache/jln5933798238021509043/jln7322338682292180739/libnativewindow_x11.so
7f073f27e000-7f073f27f000 rw-p 00006000 08:02 4587539                    /tmp/jogamp_0000/file_cache/jln5933798238021509043/jln7322338682292180739/libnativewindow_x11.so
7f073f27f000-7f073f283000 r-xp 00000000 08:02 4857996                    /usr/lib/x86_64-linux-gnu/libXxf86vm.so.1.0.0
7f073f283000-7f073f483000 ---p 00004000 08:02 4857996                    /usr/lib/x86_64-linux-gnu/libXxf86vm.so.1.0.0
7f073f483000-7f073f484000 r--p 00004000 08:02 4857996                    /usr/lib/x86_64-linux-gnu/libXxf86vm.so.1.0.0
7f073f484000-7f073f485000 rw-p 00005000 08:02 4857996                    /usr/lib/x86_64-linux-gnu/libXxf86vm.so.1.0.0
7f073f485000-7f073f486000 r--s 00000000 08:02 786517                     /var/cache/fontconfig/62f91419b9ebdb6975e7e41ab6412357-le64.cache-4
7f073f486000-7f073f48a000 r--s 00000000 08:02 786516                     /var/cache/fontconfig/7ef2298fde41cc6eeb7af42e48b7d293-le64.cache-4
7f073f48a000-7f073f492000 rw-s 00000000 00:04 195218                     /drm mm object (deleted)
7f073f492000-7f073f49a000 rw-s 00000000 00:04 197797                     /drm mm object (deleted)
7f073f49a000-7f073f49c000 r-xp 00000000 08:02 4587538                    /tmp/jogamp_0000/file_cache/jln5933798238021509043/jln7322338682292180739/libnativewindow_awt.so
7f073f49c000-7f073f69b000 ---p 00002000 08:02 4587538                    /tmp/jogamp_0000/file_cache/jln5933798238021509043/jln7322338682292180739/libnativewindow_awt.so
7f073f69b000-7f073f69c000 rw-p 00001000 08:02 4587538                    /tmp/jogamp_0000/file_cache/jln5933798238021509043/jln7322338682292180739/libnativewindow_awt.so
7f073f69c000-7f073f69d000 r-xp 00000000 08:02 4855861                    /usr/lib/jvm/java-8-oracle/jre/lib/amd64/libjawt.so
7f073f69d000-7f073f89c000 ---p 00001000 08:02 4855861                    /usr/lib/jvm/java-8-oracle/jre/lib/amd64/libjawt.so
7f073f89c000-7f073f89d000 rw-p 00000000 08:02 4855861                    /usr/lib/jvm/java-8-oracle/jre/lib/amd64/libjawt.so
7f073f89d000-7f073f89f000 r-xp 00000000 08:02 4587535                    /tmp/jogamp_0000/file_cache/jln5933798238021509043/jln7322338682292180739/libgluegen-rt.so
7f073f89f000-7f073fa9e000 ---p 00002000 08:02 4587535                    /tmp/jogamp_0000/file_cache/jln5933798238021509043/jln7322338682292180739/libgluegen-rt.so
7f073fa9e000-7f073fa9f000 rw-p 00001000 08:02 4587535                    /tmp/jogamp_0000/file_cache/jln5933798238021509043/jln7322338682292180739/libgluegen-rt.so
7f073fa9f000-7f073faa2000 ---p 00000000 00:00 0 
7f073faa2000-7f073fba0000 rw-p 00000000 00:00 0                          [stack:13779]
7f073fba0000-7f073fbab000 r--s 00116000 08:02 4855938                    /usr/lib/jvm/java-8-oracle/jre/lib/ext/localedata.jar
7f073fbab000-7f073fbc7000 r--s 00393000 08:02 4855940                    /usr/lib/jvm/java-8-oracle/jre/lib/ext/cldrdata.jar
7f073fbc7000-7f073fbca000 ---p 00000000 00:00 0 
7f073fbca000-7f073fe00000 rw-p 00000000 00:00 0                          [stack:13774]
7f073fe00000-7f0740000000 rw-p 00000000 00:00 0 
7f0740000000-7f0740021000 rw-p 00000000 00:00 0 
7f0740021000-7f0744000000 ---p 00000000 00:00 0 
7f0744000000-7f074403b000 rw-p 00000000 00:00 0 
7f074403b000-7f0748000000 ---p 00000000 00:00 0 
7f0748000000-7f0748029000 rw-p 00000000 00:00 0 
7f0748029000-7f074c000000 ---p 00000000 00:00 0 
7f074c000000-7f074c021000 rw-p 00000000 00:00 0 
7f074c021000-7f0750000000 ---p 00000000 00:00 0 
7f0750000000-7f0750021000 rw-p 00000000 00:00 0 
7f0750021000-7f0754000000 ---p 00000000 00:00 0 
7f0754000000-7f0754021000 rw-p 00000000 00:00 0 
7f0754021000-7f0758000000 ---p 00000000 00:00 0 
7f0758000000-7f07587e5000 rw-p 00000000 00:00 0 
7f07587e5000-7f075c000000 ---p 00000000 00:00 0 
7f075c000000-7f075c021000 rw-p 00000000 00:00 0 
7f075c021000-7f0760000000 ---p 00000000 00:00 0 
7f0760000000-7f07610d4000 rw-p 00000000 00:00 0 
7f07610d4000-7f0764000000 ---p 00000000 00:00 0 
7f0764000000-7f0764c4b000 rw-p 00000000 00:00 0 
7f0764c4b000-7f0768000000 ---p 00000000 00:00 0 
7f0768000000-7f0768021000 rw-p 00000000 00:00 0 
7f0768021000-7f076c000000 ---p 00000000 00:00 0 
7f076c000000-7f076c021000 rw-p 00000000 00:00 0 
7f076c021000-7f0770000000 ---p 00000000 00:00 0 
7f0770000000-7f0770021000 rw-p 00000000 00:00 0 
7f0770021000-7f0774000000 ---p 00000000 00:00 0 
7f0774000000-7f0774021000 rw-p 00000000 00:00 0 
7f0774021000-7f0778000000 ---p 00000000 00:00 0 
7f0778000000-7f0778021000 rw-p 00000000 00:00 0 
7f0778021000-7f077c000000 ---p 00000000 00:00 0 
7f077c000000-7f077c021000 rw-p 00000000 00:00 0 
7f077c021000-7f0780000000 ---p 00000000 00:00 0 
7f0780000000-7f0780021000 rw-p 00000000 00:00 0 
7f0780021000-7f0784000000 ---p 00000000 00:00 0 
7f0784000000-7f0784001000 rw-s 00000000 00:04 197005                     /drm mm object (deleted)
7f0784001000-7f0784002000 rw-s 00000000 00:04 195238                     /drm mm object (deleted)
7f0784002000-7f0784003000 rw-s 00000000 00:04 195230                     /drm mm object (deleted)
7f0784003000-7f0784004000 rw-s 00000000 00:04 195219                     /drm mm object (deleted)
7f0784004000-7f0784005000 rw-s 00000000 00:04 197818                     /drm mm object (deleted)
7f0784005000-7f0784008000 ---p 00000000 00:00 0 
7f0784008000-7f0784106000 rw-p 00000000 00:00 0 
7f0784106000-7f0784109000 ---p 00000000 00:00 0 
7f0784109000-7f0784207000 rw-p 00000000 00:00 0                          [stack:13768]
7f0784207000-7f0784270000 r-xp 00000000 08:02 4855882                    /usr/lib/jvm/java-8-oracle/jre/lib/amd64/libt2k.so
7f0784270000-7f078446f000 ---p 00069000 08:02 4855882                    /usr/lib/jvm/java-8-oracle/jre/lib/amd64/libt2k.so
7f078446f000-7f0784476000 rw-p 00068000 08:02 4855882                    /usr/lib/jvm/java-8-oracle/jre/lib/amd64/libt2k.so
7f0784476000-7f0784486000 rw-p 00000000 00:00 0 
7f0784486000-7f0784497000 r-xp 00000000 08:02 4855860                    /usr/lib/jvm/java-8-oracle/jre/lib/amd64/libnio.so
7f0784497000-7f0784696000 ---p 00011000 08:02 4855860                    /usr/lib/jvm/java-8-oracle/jre/lib/amd64/libnio.so
7f0784696000-7f0784697000 rw-p 00010000 08:02 4855860                    /usr/lib/jvm/java-8-oracle/jre/lib/amd64/libnio.so
7f0784697000-7f07846ad000 r-xp 00000000 08:02 4855886                    /usr/lib/jvm/java-8-oracle/jre/lib/amd64/libnet.so
7f07846ad000-7f07848ad000 ---p 00016000 08:02 4855886                    /usr/lib/jvm/java-8-oracle/jre/lib/amd64/libnet.so
7f07848ad000-7f07848ae000 rw-p 00016000 08:02 4855886                    /usr/lib/jvm/java-8-oracle/jre/lib/amd64/libnet.so
7f07848ae000-7f07848b1000 ---p 00000000 00:00 0 
7f07848b1000-7f07849af000 rw-p 00000000 00:00 0                          [stack:13766]
7f07849af000-7f07849b2000 ---p 00000000 00:00 0 
7f07849b2000-7f0784ab0000 rw-p 00000000 00:00 0                          [stack:13765]
7f0784ab0000-7f0784ab3000 ---p 00000000 00:00 0 
7f0784ab3000-7f0784bb1000 rw-p 00000000 00:00 0                          [stack:13764]
7f0784bb1000-7f0784bb4000 ---p 00000000 00:00 0 
7f0784bb4000-7f0784cb2000 rw-p 00000000 00:00 0                          [stack:13762]
7f0784cb2000-7f0784cb7000 r-xp 00000000 08:02 4857960                    /usr/lib/x86_64-linux-gnu/libXfixes.so.3.1.0
7f0784cb7000-7f0784eb6000 ---p 00005000 08:02 4857960                    /usr/lib/x86_64-linux-gnu/libXfixes.so.3.1.0
7f0784eb6000-7f0784eb7000 r--p 00004000 08:02 4857960                    /usr/lib/x86_64-linux-gnu/libXfixes.so.3.1.0
7f0784eb7000-7f0784eb8000 rw-p 00005000 08:02 4857960                    /usr/lib/x86_64-linux-gnu/libXfixes.so.3.1.0
7f0784eb8000-7f0784ec1000 r-xp 00000000 08:02 4857952                    /usr/lib/x86_64-linux-gnu/libXcursor.so.1.0.2
7f0784ec1000-7f07850c0000 ---p 00009000 08:02 4857952                    /usr/lib/x86_64-linux-gnu/libXcursor.so.1.0.2
7f07850c0000-7f07850c1000 r--p 00008000 08:02 4857952                    /usr/lib/x86_64-linux-gnu/libXcursor.so.1.0.2
7f07850c1000-7f07850c2000 rw-p 00009000 08:02 4857952                    /usr/lib/x86_64-linux-gnu/libXcursor.so.1.0.2
7f07850c2000-7f07850c5000 ---p 00000000 00:00 0 
7f07850c5000-7f07851c3000 rw-p 00000000 00:00 0                          [stack:13761]
7f07851c3000-7f07851d9000 r-xp 00000000 08:02 2625642                    /lib/x86_64-linux-gnu/libgcc_s.so.1
7f07851d9000-7f07853d8000 ---p 00016000 08:02 2625642                    /lib/x86_64-linux-gnu/libgcc_s.so.1
7f07853d8000-7f07853d9000 r--p 00015000 08:02 2625642                    /lib/x86_64-linux-gnu/libgcc_s.so.1
7f07853d9000-7f07853da000 rw-p 00016000 08:02 2625642                    /lib/x86_64-linux-gnu/libgcc_s.so.1
7f07853da000-7f078543f000 r-xp 00000000 08:02 4855916                    /usr/lib/jvm/java-8-oracle/jre/lib/amd64/libfontmanager.so
7f078543f000-7f078563e000 ---p 00065000 08:02 4855916                    /usr/lib/jvm/java-8-oracle/jre/lib/amd64/libfontmanager.so
7f078563e000-7f0785643000 rw-p 00064000 08:02 4855916                    /usr/lib/jvm/java-8-oracle/jre/lib/amd64/libfontmanager.so
7f0785643000-7f0785653000 rw-p 00000000 00:00 0 
7f0785653000-7f0785658000 r-xp 00000000 08:02 4857956                    /usr/lib/x86_64-linux-gnu/libXdmcp.so.6.0.0
7f0785658000-7f0785857000 ---p 00005000 08:02 4857956                    /usr/lib/x86_64-linux-gnu/libXdmcp.so.6.0.0
7f0785857000-7f0785858000 r--p 00004000 08:02 4857956                    /usr/lib/x86_64-linux-gnu/libXdmcp.so.6.0.0
7f0785858000-7f0785859000 rw-p 00005000 08:02 4857956                    /usr/lib/x86_64-linux-gnu/libXdmcp.so.6.0.0
7f0785859000-7f078585b000 r-xp 00000000 08:02 4857945                    /usr/lib/x86_64-linux-gnu/libXau.so.6.0.0
7f078585b000-7f0785a5b000 ---p 00002000 08:02 4857945                    /usr/lib/x86_64-linux-gnu/libXau.so.6.0.0
7f0785a5b000-7f0785a5c000 r--p 00002000 08:02 4857945                    /usr/lib/x86_64-linux-gnu/libXau.so.6.0.0
7f0785a5c000-7f0785a5d000 rw-p 00003000 08:02 4857945                    /usr/lib/x86_64-linux-gnu/libXau.so.6.0.0
7f0785a5d000-7f0785a7a000 r-xp 00000000 08:02 4859026                    /usr/lib/x86_64-linux-gnu/libxcb.so.1.1.0
7f0785a7a000-7f0785c7a000 ---p 0001d000 08:02 4859026                    /usr/lib/x86_64-linux-gnu/libxcb.so.1.1.0
7f0785c7a000-7f0785c7b000 r--p 0001d000 08:02 4859026                    /usr/lib/x86_64-linux-gnu/libxcb.so.1.1.0
7f0785c7b000-7f0785c7c000 rw-p 0001e000 08:02 4859026                    /usr/lib/x86_64-linux-gnu/libxcb.so.1.1.0
7f0785c7c000-7f0785c8b000 r-xp 00000000 08:02 4857966                    /usr/lib/x86_64-linux-gnu/libXi.so.6.1.0
7f0785c8b000-7f0785e8a000 ---p 0000f000 08:02 4857966                    /usr/lib/x86_64-linux-gnu/libXi.so.6.1.0
7f0785e8a000-7f0785e8b000 r--p 0000e000 08:02 4857966                    /usr/lib/x86_64-linux-gnu/libXi.so.6.1.0
7f0785e8b000-7f0785e8c000 rw-p 0000f000 08:02 4857966                    /usr/lib/x86_64-linux-gnu/libXi.so.6.1.0
7f0785e8c000-7f0785e91000 r-xp 00000000 08:02 4857986                    /usr/lib/x86_64-linux-gnu/libXtst.so.6.1.0
7f0785e91000-7f0786090000 ---p 00005000 08:02 4857986                    /usr/lib/x86_64-linux-gnu/libXtst.so.6.1.0
7f0786090000-7f0786091000 r--p 00004000 08:02 4857986                    /usr/lib/x86_64-linux-gnu/libXtst.so.6.1.0
7f0786091000-7f0786092000 rw-p 00005000 08:02 4857986                    /usr/lib/x86_64-linux-gnu/libXtst.so.6.1.0
7f0786092000-7f078609b000 r-xp 00000000 08:02 4857980                    /usr/lib/x86_64-linux-gnu/libXrender.so.1.3.0
7f078609b000-7f078629a000 ---p 00009000 08:02 4857980                    /usr/lib/x86_64-linux-gnu/libXrender.so.1.3.0
7f078629a000-7f078629b000 r--p 00008000 08:02 4857980                    /usr/lib/x86_64-linux-gnu/libXrender.so.1.3.0
7f078629b000-7f078629c000 rw-p 00009000 08:02 4857980                    /usr/lib/x86_64-linux-gnu/libXrender.so.1.3.0
7f078629c000-7f07863cf000 r-xp 00000000 08:02 4857941                    /usr/lib/x86_64-linux-gnu/libX11.so.6.3.0
7f07863cf000-7f07865cf000 ---p 00133000 08:02 4857941                    /usr/lib/x86_64-linux-gnu/libX11.so.6.3.0
7f07865cf000-7f07865d0000 r--p 00133000 08:02 4857941                    /usr/lib/x86_64-linux-gnu/libX11.so.6.3.0
7f07865d0000-7f07865d4000 rw-p 00134000 08:02 4857941                    /usr/lib/x86_64-linux-gnu/libX11.so.6.3.0
7f07865d4000-7f07865d5000 rw-p 00000000 00:00 0 
7f07865d5000-7f07865e6000 r-xp 00000000 08:02 4857958                    /usr/lib/x86_64-linux-gnu/libXext.so.6.4.0
7f07865e6000-7f07867e5000 ---p 00011000 08:02 4857958                    /usr/lib/x86_64-linux-gnu/libXext.so.6.4.0
7f07867e5000-7f07867e6000 r--p 00010000 08:02 4857958                    /usr/lib/x86_64-linux-gnu/libXext.so.6.4.0
7f07867e6000-7f07867e7000 rw-p 00011000 08:02 4857958                    /usr/lib/x86_64-linux-gnu/libXext.so.6.4.0
7f07867e7000-7f078683b000 r-xp 00000000 08:02 4855857                    /usr/lib/jvm/java-8-oracle/jre/lib/amd64/libawt_xawt.so
7f078683b000-7f0786a3b000 ---p 00054000 08:02 4855857                    /usr/lib/jvm/java-8-oracle/jre/lib/amd64/libawt_xawt.so
7f0786a3b000-7f0786a3f000 rw-p 00054000 08:02 4855857                    /usr/lib/jvm/java-8-oracle/jre/lib/amd64/libawt_xawt.so
7f0786a3f000-7f0786a40000 rw-p 00000000 00:00 0 
7f0786a40000-7f0786ae2000 r-xp 00000000 08:02 4855893                    /usr/lib/jvm/java-8-oracle/jre/lib/amd64/libawt.so
7f0786ae2000-7f0786ce2000 ---p 000a2000 08:02 4855893                    /usr/lib/jvm/java-8-oracle/jre/lib/amd64/libawt.so
7f0786ce2000-7f0786cee000 rw-p 000a2000 08:02 4855893                    /usr/lib/jvm/java-8-oracle/jre/lib/amd64/libawt.so
7f0786cee000-7f0786d12000 rw-p 00000000 00:00 0 
7f0786d12000-7f0786d13000 ---p 00000000 00:00 0 
7f0786d13000-7f0786e13000 rw-p 00000000 00:00 0                          [stack:13759]
7f0786e13000-7f0786e16000 ---p 00000000 00:00 0 
7f0786e16000-7f0786f14000 rw-p 00000000 00:00 0                          [stack:13758]
7f0786f14000-7f0786f17000 ---p 00000000 00:00 0 
7f0786f17000-7f0787015000 rw-p 00000000 00:00 0                          [stack:13757]
7f0787015000-7f0787018000 ---p 00000000 00:00 0 
7f0787018000-7f0787116000 rw-p 00000000 00:00 0                          [stack:13756]
7f0787116000-7f0787119000 ---p 00000000 00:00 0 
7f0787119000-7f0787217000 rw-p 00000000 00:00 0                          [stack:13755]
7f0787217000-7f078721a000 ---p 00000000 00:00 0 
7f078721a000-7f0787318000 rw-p 00000000 00:00 0                          [stack:13754]
7f0787318000-7f07879fa000 r--p 00000000 08:02 4857189                    /usr/lib/locale/locale-archive
7f07879fa000-7f07879fd000 ---p 00000000 00:00 0 
7f07879fd000-7f0787afb000 rw-p 00000000 00:00 0                          [stack:13753]
7f0787afb000-7f0787afe000 ---p 00000000 00:00 0 
7f0787afe000-7f0787bfc000 rw-p 00000000 00:00 0                          [stack:13752]
7f0787bfc000-7f0787bfd000 ---p 00000000 00:00 0 
7f0787bfd000-7f0788000000 rw-p 00000000 00:00 0                          [stack:13751]
7f0788000000-7f0788021000 rw-p 00000000 00:00 0 
7f0788021000-7f078c000000 ---p 00000000 00:00 0 
7f078c000000-7f078c008000 rw-s 00000000 00:04 197793                     /drm mm object (deleted)
7f078c008000-7f078c039000 rw-p 00000000 00:00 0 
7f078c039000-7f078c05c000 r--s 002ec000 08:02 5120524                    /home/bhupendra/Coursera Java Specialization/Assignments/World-Earthquakes-View/UCSDUnfoldingMaps/lib/jogl-all.jar
7f078c05c000-7f078cd1a000 rw-p 00000000 00:00 0 
7f078cd1a000-7f078cef3000 r--s 03d09000 08:02 4855699                    /usr/lib/jvm/java-8-oracle/jre/lib/rt.jar
7f078cef3000-7f078f68f000 rw-p 00000000 00:00 0 
7f078f68f000-7f078f690000 ---p 00000000 00:00 0 
7f078f690000-7f078f790000 rw-p 00000000 00:00 0                          [stack:13750]
7f078f790000-7f078f791000 ---p 00000000 00:00 0 
7f078f791000-7f078f891000 rw-p 00000000 00:00 0                          [stack:13749]
7f078f891000-7f078f892000 ---p 00000000 00:00 0 
7f078f892000-7f078f992000 rw-p 00000000 00:00 0                          [stack:13748]
7f078f992000-7f078f993000 ---p 00000000 00:00 0 
7f078f993000-7f078faaa000 rw-p 00000000 00:00 0                          [stack:13747]
7f078faaa000-7f078fbd1000 ---p 00000000 00:00 0 
7f078fbd1000-7f078fbe8000 rw-p 00000000 00:00 0 
7f078fbe8000-7f078fd0e000 ---p 00000000 00:00 0 
7f078fd0e000-7f078fd74000 rw-p 00000000 00:00 0 
7f078fd74000-7f078fdad000 ---p 00000000 00:00 0 
7f078fdad000-7f078fdd3000 rw-p 00000000 00:00 0 
7f078fdd3000-7f079016e000 ---p 00000000 00:00 0 
7f079016e000-7f0790a8e000 rwxp 00000000 00:00 0 
7f0790a8e000-7f079f16e000 ---p 00000000 00:00 0 
7f079f16e000-7f079f188000 r-xp 00000000 08:02 4855865                    /usr/lib/jvm/java-8-oracle/jre/lib/amd64/libzip.so
7f079f188000-7f079f388000 ---p 0001a000 08:02 4855865                    /usr/lib/jvm/java-8-oracle/jre/lib/amd64/libzip.so
7f079f388000-7f079f389000 rw-p 0001a000 08:02 4855865                    /usr/lib/jvm/java-8-oracle/jre/lib/amd64/libzip.so
7f079f389000-7f079f394000 r-xp 00000000 08:02 2621543                    /lib/x86_64-linux-gnu/libnss_files-2.19.so
7f079f394000-7f079f593000 ---p 0000b000 08:02 2621543                    /lib/x86_64-linux-gnu/libnss_files-2.19.so
7f079f593000-7f079f594000 r--p 0000a000 08:02 2621543                    /lib/x86_64-linux-gnu/libnss_files-2.19.so
7f079f594000-7f079f595000 rw-p 0000b000 08:02 2621543                    /lib/x86_64-linux-gnu/libnss_files-2.19.so
7f079f595000-7f079f5a0000 r-xp 00000000 08:02 2621455                    /lib/x86_64-linux-gnu/libnss_nis-2.19.so
7f079f5a0000-7f079f79f000 ---p 0000b000 08:02 2621455                    /lib/x86_64-linux-gnu/libnss_nis-2.19.so
7f079f79f000-7f079f7a0000 r--p 0000a000 08:02 2621455                    /lib/x86_64-linux-gnu/libnss_nis-2.19.so
7f079f7a0000-7f079f7a1000 rw-p 0000b000 08:02 2621455                    /lib/x86_64-linux-gnu/libnss_nis-2.19.so
7f079f7a1000-7f079f7b8000 r-xp 00000000 08:02 2621545                    /lib/x86_64-linux-gnu/libnsl-2.19.so
7f079f7b8000-7f079f9b7000 ---p 00017000 08:02 2621545                    /lib/x86_64-linux-gnu/libnsl-2.19.so
7f079f9b7000-7f079f9b8000 r--p 00016000 08:02 2621545                    /lib/x86_64-linux-gnu/libnsl-2.19.so
7f079f9b8000-7f079f9b9000 rw-p 00017000 08:02 2621545                    /lib/x86_64-linux-gnu/libnsl-2.19.so
7f079f9b9000-7f079f9bb000 rw-p 00000000 00:00 0 
7f079f9bb000-7f079f9c4000 r-xp 00000000 08:02 2621538                    /lib/x86_64-linux-gnu/libnss_compat-2.19.so
7f079f9c4000-7f079fbc3000 ---p 00009000 08:02 2621538                    /lib/x86_64-linux-gnu/libnss_compat-2.19.so
7f079fbc3000-7f079fbc4000 r--p 00008000 08:02 2621538                    /lib/x86_64-linux-gnu/libnss_compat-2.19.so
7f079fbc4000-7f079fbc5000 rw-p 00009000 08:02 2621538                    /lib/x86_64-linux-gnu/libnss_compat-2.19.so
7f079fbc5000-7f079fbef000 r-xp 00000000 08:02 4855858                    /usr/lib/jvm/java-8-oracle/jre/lib/amd64/libjava.so
7f079fbef000-7f079fdef000 ---p 0002a000 08:02 4855858                    /usr/lib/jvm/java-8-oracle/jre/lib/amd64/libjava.so
7f079fdef000-7f079fdf1000 rw-p 0002a000 08:02 4855858                    /usr/lib/jvm/java-8-oracle/jre/lib/amd64/libjava.so
7f079fdf1000-7f079fdfe000 r-xp 00000000 08:02 4855900                    /usr/lib/jvm/java-8-oracle/jre/lib/amd64/libverify.so
7f079fdfe000-7f079fffe000 ---p 0000d000 08:02 4855900                    /usr/lib/jvm/java-8-oracle/jre/lib/amd64/libverify.so
7f079fffe000-7f07a0000000 rw-p 0000d000 08:02 4855900                    /usr/lib/jvm/java-8-oracle/jre/lib/amd64/libverify.so
7f07a0000000-7f07a02fb000 rw-p 00000000 00:00 0 
7f07a02fb000-7f07a4000000 ---p 00000000 00:00 0 
7f07a4000000-7f07a4001000 rw-s 00000000 00:04 197813                     /drm mm object (deleted)
7f07a4001000-7f07a4002000 rw-s 00000000 00:04 197806                     /drm mm object (deleted)
7f07a4002000-7f07a4003000 rwxp 00000000 00:00 0 
7f07a4003000-7f07a4004000 rw-s 00000000 00:04 197794                     /drm mm object (deleted)
7f07a4004000-7f07a4005000 r--s 0002f000 08:02 5120518                    /home/bhupendra/Coursera Java Specialization/Assignments/World-Earthquakes-View/UCSDUnfoldingMaps/lib/jogl-all-natives-linux-amd64.jar
7f07a4005000-7f07a4007000 r--s 00000000 08:02 5120511                    /home/bhupendra/Coursera Java Specialization/Assignments/World-Earthquakes-View/UCSDUnfoldingMaps/lib/gluegen-rt-natives-linux-amd64.jar
7f07a4007000-7f07a4008000 r--p 00000000 00:00 0 
7f07a4008000-7f07a400d000 r--s 00094000 08:02 4855697                    /usr/lib/jvm/java-8-oracle/jre/lib/jsse.jar
7f07a400d000-7f07a4013000 r--s 00033000 08:02 5120529                    /home/bhupendra/Coursera Java Specialization/Assignments/World-Earthquakes-View/UCSDUnfoldingMaps/lib/unfolding.0.9.7-uscd.jar
7f07a4013000-7f07a401a000 r--s 00059000 08:02 5120527                    /home/bhupendra/Coursera Java Specialization/Assignments/World-Earthquakes-View/UCSDUnfoldingMaps/lib/log4j-1.2.15.jar
7f07a401a000-7f07a4090000 rw-p 00000000 00:00 0 
7f07a4090000-7f07a4097000 r-xp 00000000 08:02 2621541                    /lib/x86_64-linux-gnu/librt-2.19.so
7f07a4097000-7f07a4296000 ---p 00007000 08:02 2621541                    /lib/x86_64-linux-gnu/librt-2.19.so
7f07a4296000-7f07a4297000 r--p 00006000 08:02 2621541                    /lib/x86_64-linux-gnu/librt-2.19.so
7f07a4297000-7f07a4298000 rw-p 00007000 08:02 2621541                    /lib/x86_64-linux-gnu/librt-2.19.so
7f07a4298000-7f07a439d000 r-xp 00000000 08:02 2621542                    /lib/x86_64-linux-gnu/libm-2.19.so
7f07a439d000-7f07a459c000 ---p 00105000 08:02 2621542                    /lib/x86_64-linux-gnu/libm-2.19.so
7f07a459c000-7f07a459d000 r--p 00104000 08:02 2621542                    /lib/x86_64-linux-gnu/libm-2.19.so
7f07a459d000-7f07a459e000 rw-p 00105000 08:02 2621542                    /lib/x86_64-linux-gnu/libm-2.19.so
7f07a459e000-7f07a524c000 r-xp 00000000 08:02 4855906                    /usr/lib/jvm/java-8-oracle/jre/lib/amd64/server/libjvm.so
7f07a524c000-7f07a544b000 ---p 00cae000 08:02 4855906                    /usr/lib/jvm/java-8-oracle/jre/lib/amd64/server/libjvm.so
7f07a544b000-7f07a5522000 rw-p 00cad000 08:02 4855906                    /usr/lib/jvm/java-8-oracle/jre/lib/amd64/server/libjvm.so
7f07a5522000-7f07a5566000 rw-p 00000000 00:00 0 
7f07a5566000-7f07a5720000 r-xp 00000000 08:02 2625514                    /lib/x86_64-linux-gnu/libc-2.19.so
7f07a5720000-7f07a5920000 ---p 001ba000 08:02 2625514                    /lib/x86_64-linux-gnu/libc-2.19.so
7f07a5920000-7f07a5924000 r--p 001ba000 08:02 2625514                    /lib/x86_64-linux-gnu/libc-2.19.so
7f07a5924000-7f07a5926000 rw-p 001be000 08:02 2625514                    /lib/x86_64-linux-gnu/libc-2.19.so
7f07a5926000-7f07a592b000 rw-p 00000000 00:00 0 
7f07a592b000-7f07a592e000 r-xp 00000000 08:02 2621535                    /lib/x86_64-linux-gnu/libdl-2.19.so
7f07a592e000-7f07a5b2d000 ---p 00003000 08:02 2621535                    /lib/x86_64-linux-gnu/libdl-2.19.so
7f07a5b2d000-7f07a5b2e000 r--p 00002000 08:02 2621535                    /lib/x86_64-linux-gnu/libdl-2.19.so
7f07a5b2e000-7f07a5b2f000 rw-p 00003000 08:02 2621535                    /lib/x86_64-linux-gnu/libdl-2.19.so
7f07a5b2f000-7f07a5b44000 r-xp 00000000 08:02 4856243                    /usr/lib/jvm/java-8-oracle/lib/amd64/jli/libjli.so
7f07a5b44000-7f07a5d44000 ---p 00015000 08:02 4856243                    /usr/lib/jvm/java-8-oracle/lib/amd64/jli/libjli.so
7f07a5d44000-7f07a5d45000 rw-p 00015000 08:02 4856243                    /usr/lib/jvm/java-8-oracle/lib/amd64/jli/libjli.so
7f07a5d45000-7f07a5d5e000 r-xp 00000000 08:02 2625630                    /lib/x86_64-linux-gnu/libpthread-2.19.so
7f07a5d5e000-7f07a5f5d000 ---p 00019000 08:02 2625630                    /lib/x86_64-linux-gnu/libpthread-2.19.so
7f07a5f5d000-7f07a5f5e000 r--p 00018000 08:02 2625630                    /lib/x86_64-linux-gnu/libpthread-2.19.so
7f07a5f5e000-7f07a5f5f000 rw-p 00019000 08:02 2625630                    /lib/x86_64-linux-gnu/libpthread-2.19.so
7f07a5f5f000-7f07a5f63000 rw-p 00000000 00:00 0 
7f07a5f63000-7f07a5f86000 r-xp 00000000 08:02 2621534                    /lib/x86_64-linux-gnu/ld-2.19.so
7f07a5f86000-7f07a5f8b000 r--s 00309000 08:02 5120528                    /home/bhupendra/Coursera Java Specialization/Assignments/World-Earthquakes-View/UCSDUnfoldingMaps/lib/sqlite-jdbc-3.7.2.jar
7f07a5f8b000-7f07a5f91000 r--s 00041000 08:02 5120517                    /home/bhupendra/Coursera Java Specialization/Assignments/World-Earthquakes-View/UCSDUnfoldingMaps/lib/gluegen-rt.jar
7f07a5f91000-7f07a6069000 rw-p 00000000 00:00 0 
7f07a6069000-7f07a606c000 ---p 00000000 00:00 0 
7f07a606c000-7f07a616e000 rw-p 00000000 00:00 0                          [stack:13746]
7f07a616e000-7f07a616f000 r--s 00005000 08:02 5120526                    /home/bhupendra/Coursera Java Specialization/Assignments/World-Earthquakes-View/UCSDUnfoldingMaps/lib/libTUIO.jar
7f07a616f000-7f07a6170000 r--s 00007000 08:02 5120525                    /home/bhupendra/Coursera Java Specialization/Assignments/World-Earthquakes-View/UCSDUnfoldingMaps/lib/json4processing.jar
7f07a6170000-7f07a6174000 r--s 0009a000 08:02 5120510                    /home/bhupendra/Coursera Java Specialization/Assignments/World-Earthquakes-View/UCSDUnfoldingMaps/lib/core.jar
7f07a6174000-7f07a6179000 r--s 002f8000 08:02 4855711                    /usr/lib/jvm/java-8-oracle/jre/lib/charsets.jar
7f07a6179000-7f07a6181000 rw-s 00000000 08:02 4587532                    /tmp/hsperfdata_bhupendra/13740
7f07a6181000-7f07a6182000 rw-p 00000000 00:00 0 
7f07a6182000-7f07a6183000 r--p 00000000 00:00 0 
7f07a6183000-7f07a6185000 rw-p 00000000 00:00 0 
7f07a6185000-7f07a6186000 r--p 00022000 08:02 2621534                    /lib/x86_64-linux-gnu/ld-2.19.so
7f07a6186000-7f07a6187000 rw-p 00023000 08:02 2621534                    /lib/x86_64-linux-gnu/ld-2.19.so
7f07a6187000-7f07a6188000 rw-p 00000000 00:00 0 
7fff01405000-7fff01426000 rw-p 00000000 00:00 0                          [stack]
7fff01454000-7fff01456000 r-xp 00000000 00:00 0                          [vdso]
7fff01456000-7fff01458000 r--p 00000000 00:00 0                          [vvar]
ffffffffff600000-ffffffffff601000 r-xp 00000000 00:00 0                  [vsyscall]

VM Arguments:
jvm_args: -Djava.security.policy=java.policy.applet -Dfile.encoding=UTF-8 
java_command: sun.applet.AppletViewer module4.EarthquakeCityMap1448805039938.html
java_class_path (initial): /home/bhupendra/Coursera Java Specialization/Assignments/World-Earthquakes-View/UCSDUnfoldingMaps/build:/home/bhupendra/Coursera Java Specialization/Assignments/World-Earthquakes-View/UCSDUnfoldingMaps/lib/core.jar:/home/bhupendra/Coursera Java Specialization/Assignments/World-Earthquakes-View/UCSDUnfoldingMaps/lib/gluegen-rt.jar:/home/bhupendra/Coursera Java Specialization/Assignments/World-Earthquakes-View/UCSDUnfoldingMaps/lib/jogl-all.jar:/home/bhupendra/Coursera Java Specialization/Assignments/World-Earthquakes-View/UCSDUnfoldingMaps/lib/log4j-1.2.15.jar:/home/bhupendra/Coursera Java Specialization/Assignments/World-Earthquakes-View/UCSDUnfoldingMaps/lib/sqlite-jdbc-3.7.2.jar:/home/bhupendra/Coursera Java Specialization/Assignments/World-Earthquakes-View/UCSDUnfoldingMaps/lib/json4processing.jar:/home/bhupendra/Coursera Java Specialization/Assignments/World-Earthquakes-View/UCSDUnfoldingMaps/lib/libTUIO.jar:/home/bhupendra/Coursera Java Specialization/Assignments/World-Earthquakes-View/UCSDUnfoldingMaps/lib/unfolding.0.9.7-uscd.jar
Launcher Type: SUN_STANDARD

Environment Variables:
PATH=/usr/local/sbin:/usr/local/bin:/usr/sbin:/usr/bin:/sbin:/bin:/usr/games:/usr/local/games
USERNAME=bhupendra
SHELL=/bin/bash
DISPLAY=:0.0

Signal Handlers:
SIGSEGV: [libjvm.so+0xaad1e0], sa_mask[0]=11111111011111111101111111111110, sa_flags=SA_RESTART|SA_SIGINFO
SIGBUS: [libjvm.so+0xaad1e0], sa_mask[0]=11111111011111111101111111111110, sa_flags=SA_RESTART|SA_SIGINFO
SIGFPE: [libjvm.so+0x90b450], sa_mask[0]=11111111011111111101111111111110, sa_flags=SA_RESTART|SA_SIGINFO
SIGPIPE: [libjvm.so+0x90b450], sa_mask[0]=11111111011111111101111111111110, sa_flags=SA_RESTART|SA_SIGINFO
SIGXFSZ: [libjvm.so+0x90b450], sa_mask[0]=11111111011111111101111111111110, sa_flags=SA_RESTART|SA_SIGINFO
SIGILL: [libjvm.so+0x90b450], sa_mask[0]=11111111011111111101111111111110, sa_flags=SA_RESTART|SA_SIGINFO
SIGUSR1: SIG_DFL, sa_mask[0]=00000000000000000000000000000000, sa_flags=none
SIGUSR2: [libjvm.so+0x90ca90], sa_mask[0]=00100000000000000000000000000000, sa_flags=SA_RESTART|SA_SIGINFO
SIGHUP: [libjvm.so+0x90dde0], sa_mask[0]=11111111011111111101111111111110, sa_flags=SA_RESTART|SA_SIGINFO
SIGINT: [libjvm.so+0x90dde0], sa_mask[0]=11111111011111111101111111111110, sa_flags=SA_RESTART|SA_SIGINFO
SIGTERM: [libjvm.so+0x90dde0], sa_mask[0]=11111111011111111101111111111110, sa_flags=SA_RESTART|SA_SIGINFO
SIGQUIT: [libjvm.so+0x90dde0], sa_mask[0]=11111111011111111101111111111110, sa_flags=SA_RESTART|SA_SIGINFO


---------------  S Y S T E M  ---------------

OS:DISTRIB_ID=Ubuntu
DISTRIB_RELEASE=14.10
DISTRIB_CODENAME=utopic
DISTRIB_DESCRIPTION="Ubuntu 14.10"

uname:Linux 3.16.0-30-generic #40-Ubuntu SMP Mon Jan 12 22:06:37 UTC 2015 x86_64
libc:glibc 2.19 NPTL 2.19 
rlimit: STACK 8192k, CORE 0k, NPROC 14376, NOFILE 4096, AS infinity
load average:0.69 0.66 1.12

/proc/meminfo:
MemTotal:        3891224 kB
MemFree:         1215540 kB
MemAvailable:    1377192 kB
Buffers:           12060 kB
Cached:           750736 kB
SwapCached:       128988 kB
Active:          1586144 kB
Inactive:         830476 kB
Active(anon):    1385892 kB
Inactive(anon):   754408 kB
Active(file):     200252 kB
Inactive(file):    76068 kB
Unevictable:          48 kB
Mlocked:              48 kB
SwapTotal:       4036604 kB
SwapFree:        2640932 kB
Dirty:                48 kB
Writeback:             0 kB
AnonPages:       1623320 kB
Mapped:           228244 kB
Shmem:            486476 kB
Slab:             146560 kB
SReclaimable:     108532 kB
SUnreclaim:        38028 kB
KernelStack:        9440 kB
PageTables:        37780 kB
NFS_Unstable:          0 kB
Bounce:                0 kB
WritebackTmp:          0 kB
CommitLimit:     5982216 kB
Committed_AS:    7025684 kB
VmallocTotal:   34359738367 kB
VmallocUsed:      400948 kB
VmallocChunk:   34359244552 kB
HardwareCorrupted:     0 kB
AnonHugePages:    806912 kB
HugePages_Total:       0
HugePages_Free:        0
HugePages_Rsvd:        0
HugePages_Surp:        0
Hugepagesize:       2048 kB
DirectMap4k:      100148 kB
DirectMap2M:     3938304 kB


CPU:total 4 (2 cores per cpu, 2 threads per core) family 6 model 58 stepping 9, cmov, cx8, fxsr, mmx, sse, sse2, sse3, ssse3, sse4.1, sse4.2, popcnt, avx, aes, clmul, erms, ht, tsc, tscinvbit, tscinv

/proc/cpuinfo:
processor	: 0
vendor_id	: GenuineIntel
cpu family	: 6
model		: 58
model name	: Intel(R) Core(TM) i5-3210M CPU @ 2.50GHz
stepping	: 9
microcode	: 0x12
cpu MHz		: 2900.000
cache size	: 3072 KB
physical id	: 0
siblings	: 4
core id		: 0
cpu cores	: 2
apicid		: 0
initial apicid	: 0
fpu		: yes
fpu_exception	: yes
cpuid level	: 13
wp		: yes
flags		: fpu vme de pse tsc msr pae mce cx8 apic sep mtrr pge mca cmov pat pse36 clflush dts acpi mmx fxsr sse sse2 ss ht tm pbe syscall nx rdtscp lm constant_tsc arch_perfmon pebs bts rep_good nopl xtopology nonstop_tsc aperfmperf eagerfpu pni pclmulqdq dtes64 monitor ds_cpl vmx est tm2 ssse3 cx16 xtpr pdcm pcid sse4_1 sse4_2 x2apic popcnt tsc_deadline_timer aes xsave avx f16c rdrand lahf_lm ida arat epb xsaveopt pln pts dtherm tpr_shadow vnmi flexpriority ept vpid fsgsbase smep erms
bogomips	: 4988.63
clflush size	: 64
cache_alignment	: 64
address sizes	: 36 bits physical, 48 bits virtual
power management:

processor	: 1
vendor_id	: GenuineIntel
cpu family	: 6
model		: 58
model name	: Intel(R) Core(TM) i5-3210M CPU @ 2.50GHz
stepping	: 9
microcode	: 0x12
cpu MHz		: 2899.902
cache size	: 3072 KB
physical id	: 0
siblings	: 4
core id		: 0
cpu cores	: 2
apicid		: 1
initial apicid	: 1
fpu		: yes
fpu_exception	: yes
cpuid level	: 13
wp		: yes
flags		: fpu vme de pse tsc msr pae mce cx8 apic sep mtrr pge mca cmov pat pse36 clflush dts acpi mmx fxsr sse sse2 ss ht tm pbe syscall nx rdtscp lm constant_tsc arch_perfmon pebs bts rep_good nopl xtopology nonstop_tsc aperfmperf eagerfpu pni pclmulqdq dtes64 monitor ds_cpl vmx est tm2 ssse3 cx16 xtpr pdcm pcid sse4_1 sse4_2 x2apic popcnt tsc_deadline_timer aes xsave avx f16c rdrand lahf_lm ida arat epb xsaveopt pln pts dtherm tpr_shadow vnmi flexpriority ept vpid fsgsbase smep erms
bogomips	: 4988.63
clflush size	: 64
cache_alignment	: 64
address sizes	: 36 bits physical, 48 bits virtual
power management:

processor	: 2
vendor_id	: GenuineIntel
cpu family	: 6
model		: 58
model name	: Intel(R) Core(TM) i5-3210M CPU @ 2.50GHz
stepping	: 9
microcode	: 0x12
cpu MHz		: 2979.296
cache size	: 3072 KB
physical id	: 0
siblings	: 4
core id		: 1
cpu cores	: 2
apicid		: 2
initial apicid	: 2
fpu		: yes
fpu_exception	: yes
cpuid level	: 13
wp		: yes
flags		: fpu vme de pse tsc msr pae mce cx8 apic sep mtrr pge mca cmov pat pse36 clflush dts acpi mmx fxsr sse sse2 ss ht tm pbe syscall nx rdtscp lm constant_tsc arch_perfmon pebs bts rep_good nopl xtopology nonstop_tsc aperfmperf eagerfpu pni pclmulqdq dtes64 monitor ds_cpl vmx est tm2 ssse3 cx16 xtpr pdcm pcid sse4_1 sse4_2 x2apic popcnt tsc_deadline_timer aes xsave avx f16c rdrand lahf_lm ida arat epb xsaveopt pln pts dtherm tpr_shadow vnmi flexpriority ept vpid fsgsbase smep erms
bogomips	: 4988.63
clflush size	: 64
cache_alignment	: 64
address sizes	: 36 bits physical, 48 bits virtual
power management:

processor	: 3
vendor_id	: GenuineIntel
cpu family	: 6
model		: 58
model name	: Intel(R) Core(TM) i5-3210M CPU @ 2.50GHz
stepping	: 9
microcode	: 0x12
cpu MHz		: 2992.187
cache size	: 3072 KB
physical id	: 0
siblings	: 4
core id		: 1
cpu cores	: 2
apicid		: 3
initial apicid	: 3
fpu		: yes
fpu_exception	: yes
cpuid level	: 13
wp		: yes
flags		: fpu vme de pse tsc msr pae mce cx8 apic sep mtrr pge mca cmov pat pse36 clflush dts acpi mmx fxsr sse sse2 ss ht tm pbe syscall nx rdtscp lm constant_tsc arch_perfmon pebs bts rep_good nopl xtopology nonstop_tsc aperfmperf eagerfpu pni pclmulqdq dtes64 monitor ds_cpl vmx est tm2 ssse3 cx16 xtpr pdcm pcid sse4_1 sse4_2 x2apic popcnt tsc_deadline_timer aes xsave avx f16c rdrand lahf_lm ida arat epb xsaveopt pln pts dtherm tpr_shadow vnmi flexpriority ept vpid fsgsbase smep erms
bogomips	: 4988.63
clflush size	: 64
cache_alignment	: 64
address sizes	: 36 bits physical, 48 bits virtual
power management:



Memory: 4k page, physical 3891224k(1215540k free), swap 4036604k(2640932k free)

vm_info: Java HotSpot(TM) 64-Bit Server VM (25.45-b02) for linux-amd64 JRE (1.8.0_45-b14), built on Apr 10 2015 10:07:45 by "java_re" with gcc 4.3.0 20080428 (Red Hat 4.3.0-8)

time: Sun Nov 29 19:21:19 2015
elapsed time: 39 seconds (0d 0h 0m 39s)

