#
# A fatal error has been detected by the Java Runtime Environment:
#
#  SIGSEGV (0xb) at pc=0x00007fca9bc83522, pid=14728, tid=140509664261888
#
# JRE version: Java(TM) SE Runtime Environment (8.0_45-b14) (build 1.8.0_45-b14)
# Java VM: Java HotSpot(TM) 64-Bit Server VM (25.45-b02 mixed mode linux-amd64 compressed oops)
# Problematic frame:
# C  [i965_dri.so+0x2fb522]
#
# Failed to write core dump. Core dumps have been disabled. To enable core dumping, try "ulimit -c unlimited" before starting Java again
#
# If you would like to submit a bug report, please visit:
#   http://bugreport.java.com/bugreport/crash.jsp
# The crash happened outside the Java Virtual Machine in native code.
# See problematic frame for where to report the bug.
#

---------------  T H R E A D  ---------------

Current thread (0x00007fcabc003000):  JavaThread "AWT-EventQueue-1" [_thread_in_native, id=14755, stack(0x00007fcaf4903000,0x00007fcaf4a04000)]

siginfo: si_signo: 11 (SIGSEGV), si_code: 1 (SEGV_MAPERR), si_addr: 0x000000000000c540

Registers:
RAX=0x00007fca9bc83510, RBX=0x000000000000c000, RCX=0x0000000000000000, RDX=0x0000000000000001
RSP=0x00007fcaf4a01400, RBP=0x0000000000000000, RSI=0x00007fcaa8fc61f0, RDI=0x0000000100000000
R8 =0x0000000000000000, R9 =0x00007fca9f1a1710, R10=0x00007fcb00ae1207, R11=0x00000000c54ca118
R12=0x00007fcaac128350, R13=0x00007fcaac126ea0, R14=0x00007fcaac128500, R15=0x0000000000000000
RIP=0x00007fca9bc83522, EFLAGS=0x0000000000010206, CSGSFS=0x0000000000000033, ERR=0x0000000000000004
  TRAPNO=0x000000000000000e

Top of Stack: (sp=0x00007fcaf4a01400)
0x00007fcaf4a01400:   0000000000000000 00007fcaa8fc6100
0x00007fcaf4a01410:   0000000000000000 00007fcaac128350
0x00007fcaf4a01420:   00007fcaac126ea0 00007fca9f1a17b2
0x00007fcaf4a01430:   00007fcaf4a01460 00007fca00000000
0x00007fcaf4a01440:   0000000000000000 0000000000000000
0x00007fcaf4a01450:   0000000002800053 00007fca9f172b31
0x00007fcaf4a01460:   00007fcaa8fc6100 15cf154d4c2e3300
0x00007fcaf4a01470:   0000000002800053 00007fca9f172b60
0x00007fcaf4a01480:   00007fcaf4a014f0 0000000000000000
0x00007fcaf4a01490:   0000000000000001 00007fcaf4a01530
0x00007fcaf4a014a0:   00007fcabc003000 00007fca9d8af849
0x00007fcaf4a014b0:   00007fcaf4a01798 00007fca9f172b60
0x00007fcaf4a014c0:   0000000002800053 00007fcaac125910
0x00007fcaf4a014d0:   00007fcaf4a01530 00007fcabc0031f8
0x00007fcaf4a014e0:   00007f000000001c 00007fca9f172b60
0x00007fcaf4a014f0:   00007fcaf4a01540 00007fcb00ae127d
0x00007fcaf4a01500:   00000000f2f9b048 00000000f2f9b098
0x00007fcaf4a01510:   00000000f2f9b088 0000000000000003
0x00007fcaf4a01520:   00000000f2f9b0a8 00000000f2f9b0f8
0x00007fcaf4a01530:   00000000c54216c0 00000000f2f9b108
0x00007fcaf4a01540:   00007fcaf4a01798 00007fcb00e23394
0x00007fcaf4a01550:   00007fcaffe0c000 00000000c54ca620
0x00007fcaf4a01560:   00000000f2f9b1f0 00007fcaf4a01750
0x00007fcaf4a01570:   0000000000000019 00007fcb009ee0c3
0x00007fcaf4a01580:   00007fcaf4a01798 00007fcb00edbbb4
0x00007fcaf4a01590:   00007fcaf4a01798 00007fcaf4a01750
0x00007fcaf4a015a0:   00007fcaf4a01750 00007fcb009ee0c3
0x00007fcaf4a015b0:   00007fcb009d25d0 0000000000000000
0x00007fcaf4a015c0:   00007fcaf4a01798 00007fcaf4a01750
0x00007fcaf4a015d0:   00007fcaf4a01750 00007fcb009ee0c3
0x00007fcaf4a015e0:   00007fcb009d25d0 00000000c54ca118
0x00007fcaf4a015f0:   00007fca00000001 00007fcaf4a01750 

Instructions: (pc=0x00007fca9bc83522)
0x00007fca9bc83502:   41 5c c3 66 66 2e 0f 1f 84 00 00 00 00 00 41 55
0x00007fca9bc83512:   41 54 55 53 48 83 ec 08 48 8b 1f 48 85 db 74 41
0x00007fca9bc83522:   f6 83 40 05 00 00 01 89 cd 41 89 d5 49 89 f4 75
0x00007fca9bc83532:   75 41 83 e5 01 75 5f 83 e5 fd 74 32 48 8d 35 bb 

Register to memory mapping:

RAX=0x00007fca9bc83510: <offset 0x2fb510> in /usr/lib/x86_64-linux-gnu/dri/i965_dri.so at 0x00007fca9b988000
RBX=0x000000000000c000 is an unknown value
RCX=0x0000000000000000 is an unknown value
RDX=0x0000000000000001 is an unknown value
RSP=0x00007fcaf4a01400 is pointing into the stack for thread: 0x00007fcabc003000
RBP=0x0000000000000000 is an unknown value
RSI=0x00007fcaa8fc61f0 is an unknown value
RDI=0x0000000100000000 is pointing into metadata
R8 =0x0000000000000000 is an unknown value
R9 =0x00007fca9f1a1710: <offset 0x4b710> in /usr/lib/x86_64-linux-gnu/mesa/libGL.so.1 at 0x00007fca9f156000
R10=0x00007fcb00ae1207 is at entry_point+71 in (nmethod*)0x00007fcb00ae1050
R11=0x00000000c54ca118 is an oop
jogamp.nativewindow.jawt.x11.X11JAWTWindow 
 - klass: 'jogamp/nativewindow/jawt/x11/X11JAWTWindow'
R12=0x00007fcaac128350 is an unknown value
R13=0x00007fcaac126ea0 is an unknown value
R14=0x00007fcaac128500 is an unknown value
R15=0x0000000000000000 is an unknown value


Stack: [0x00007fcaf4903000,0x00007fcaf4a04000],  sp=0x00007fcaf4a01400,  free space=1017k
Native frames: (J=compiled Java code, j=interpreted, Vv=VM code, C=native code)
C  [i965_dri.so+0x2fb522]

Java frames: (J=compiled Java code, j=interpreted, Vv=VM code)
J 2868  jogamp.opengl.x11.glx.GLX.dispatch_glXSwapBuffers0(JJJ)V (0 bytes) @ 0x00007fcb00ae1207 [0x00007fcb00ae11c0+0x47]
J 2867 C1 jogamp.opengl.x11.glx.GLX.glXSwapBuffers(JJ)V (45 bytes) @ 0x00007fcb00e23394 [0x00007fcb00e229e0+0x9b4]
J 2866 C1 jogamp.opengl.x11.glx.X11GLXDrawable.swapBuffersImpl(Z)V (21 bytes) @ 0x00007fcb00e26344 [0x00007fcb00e260a0+0x2a4]
J 2865 C1 jogamp.opengl.GLDrawableImpl.swapBuffers()V (138 bytes) @ 0x00007fcb00e24994 [0x00007fcb00e242e0+0x6b4]
j  javax.media.opengl.awt.GLCanvas$12.run()V+45
J 2455 C1 java.awt.event.InvocationEvent.dispatch()V (69 bytes) @ 0x00007fcb00c1b20c [0x00007fcb00c1b0c0+0x14c]
J 2573 C1 java.awt.EventQueue.dispatchEventImpl(Ljava/awt/AWTEvent;Ljava/lang/Object;)V (149 bytes) @ 0x00007fcb00d88cbc [0x00007fcb00d87140+0x1b7c]
J 2571 C1 java.awt.EventQueue$3.run()Ljava/lang/Void; (60 bytes) @ 0x00007fcb00aeac44 [0x00007fcb00aeaa40+0x204]
J 2570 C1 java.awt.EventQueue$3.run()Ljava/lang/Object; (5 bytes) @ 0x00007fcb00dddbcc [0x00007fcb00dddb40+0x8c]
v  ~StubRoutines::call_stub
J 743  java.security.AccessController.doPrivileged(Ljava/security/PrivilegedAction;Ljava/security/AccessControlContext;)Ljava/lang/Object; (0 bytes) @ 0x00007fcb00ce08a3 [0x00007fcb00ce0840+0x63]
J 2370 C1 java.awt.EventQueue.dispatchEvent(Ljava/awt/AWTEvent;)V (80 bytes) @ 0x00007fcb01238c04 [0x00007fcb01238360+0x8a4]
J 2373 C1 java.awt.EventDispatchThread.pumpOneEventForFilters(I)V (295 bytes) @ 0x00007fcb0123bc54 [0x00007fcb0123a100+0x1b54]
j  java.awt.EventDispatchThread.pumpEventsForFilter(ILjava/awt/Conditional;Ljava/awt/EventFilter;)V+35
j  java.awt.EventDispatchThread.pumpEventsForHierarchy(ILjava/awt/Conditional;Ljava/awt/Component;)V+11
j  java.awt.EventDispatchThread.pumpEvents(ILjava/awt/Conditional;)V+4
j  java.awt.EventDispatchThread.pumpEvents(Ljava/awt/Conditional;)V+3
j  java.awt.EventDispatchThread.run()V+9
v  ~StubRoutines::call_stub

---------------  P R O C E S S  ---------------

Java Threads: ( => current thread )
  0x00007fcaa9597800 JavaThread "Thread-65" [_thread_blocked, id=14832, stack(0x00007fca839ff000,0x00007fca83b00000)]
  0x00007fcaa95e2000 JavaThread "Keep-Alive-Timer" daemon [_thread_blocked, id=14766, stack(0x00007fca99841000,0x00007fca99942000)]
  0x00007fcaac10a800 JavaThread "Animation Thread-SharedResourceRunner" daemon [_thread_blocked, id=14765, stack(0x00007fcaf42c8000,0x00007fcaf43c9000)]
  0x00007fcaac090800 JavaThread "process reaper" daemon [_thread_blocked, id=14760, stack(0x00007fcaf43c9000,0x00007fcaf4402000)]
  0x00007fcabc009000 JavaThread "Animation Thread" [_thread_blocked, id=14756, stack(0x00007fcaf4602000,0x00007fcaf4703000)]
=>0x00007fcabc003000 JavaThread "AWT-EventQueue-1" [_thread_in_native, id=14755, stack(0x00007fcaf4903000,0x00007fcaf4a04000)]
  0x00007fcb1000a000 JavaThread "DestroyJavaVM" [_thread_blocked, id=14730, stack(0x00007fcb16881000,0x00007fcb16982000)]
  0x00007fcb102dc800 JavaThread "AWT-EventQueue-0" [_thread_blocked, id=14753, stack(0x00007fcaf50dc000,0x00007fcaf51dd000)]
  0x00007fcb102da000 JavaThread "AWT-Shutdown" [_thread_blocked, id=14752, stack(0x00007fcaf51dd000,0x00007fcaf52de000)]
  0x00007fcb102c2800 JavaThread "thread applet-module4.EarthquakeCityMap.class" [_thread_blocked, id=14751, stack(0x00007fcaf52de000,0x00007fcaf53df000)]
  0x00007fcb102b5800 JavaThread "AWT-XAWT" daemon [_thread_blocked, id=14749, stack(0x00007fcaf53df000,0x00007fcaf54e0000)]
  0x00007fcb10297800 JavaThread "Java2D Disposer" daemon [_thread_blocked, id=14748, stack(0x00007fcaf58f0000,0x00007fcaf59f1000)]
  0x00007fcb100c0800 JavaThread "Service Thread" daemon [_thread_blocked, id=14746, stack(0x00007fcaf7641000,0x00007fcaf7742000)]
  0x00007fcb100bb800 JavaThread "C1 CompilerThread2" daemon [_thread_blocked, id=14745, stack(0x00007fcafc059000,0x00007fcafc15a000)]
  0x00007fcb100b9800 JavaThread "C2 CompilerThread1" daemon [_thread_blocked, id=14744, stack(0x00007fcafc15a000,0x00007fcafc25b000)]
  0x00007fcb100b6800 JavaThread "C2 CompilerThread0" daemon [_thread_blocked, id=14743, stack(0x00007fcafc25b000,0x00007fcafc35c000)]
  0x00007fcb100b5000 JavaThread "Signal Dispatcher" daemon [_thread_blocked, id=14742, stack(0x00007fcafc35c000,0x00007fcafc45d000)]
  0x00007fcb1007f800 JavaThread "Finalizer" daemon [_thread_blocked, id=14741, stack(0x00007fcafc45d000,0x00007fcafc55e000)]
  0x00007fcb1007d800 JavaThread "Reference Handler" daemon [_thread_blocked, id=14740, stack(0x00007fcafc55e000,0x00007fcafc65f000)]

Other Threads:
  0x00007fcb10078800 VMThread [stack: 0x00007fcafc65f000,0x00007fcafc760000] [id=14739]
  0x00007fcb100c3000 WatcherThread [stack: 0x00007fcaf7540000,0x00007fcaf7641000] [id=14747]

VM state:not at safepoint (normal execution)

VM Mutex/Monitor currently owned by a thread: None

Heap:
 PSYoungGen      total 159744K, used 127264K [0x00000000ec300000, 0x00000000f8700000, 0x0000000100000000)
  eden space 146944K, 78% used [0x00000000ec300000,0x00000000f337fd60,0x00000000f5280000)
  from space 12800K, 94% used [0x00000000f6080000,0x00000000f6c482f0,0x00000000f6d00000)
  to   space 14336K, 0% used [0x00000000f5280000,0x00000000f5280000,0x00000000f6080000)
 ParOldGen       total 44544K, used 18229K [0x00000000c4800000, 0x00000000c7380000, 0x00000000ec300000)
  object space 44544K, 40% used [0x00000000c4800000,0x00000000c59cd4f8,0x00000000c7380000)
 Metaspace       used 21430K, capacity 21659K, committed 21808K, reserved 1069056K
  class space    used 1998K, capacity 2085K, committed 2176K, reserved 1048576K

Card table byte_map: [0x00007fcb00430000,0x00007fcb0060d000] byte_map_base: 0x00007fcaffe0c000

Marking Bits: (ParMarkBitMap*) 0x00007fcb15d53760
 Begin Bits: [0x00007fcafe12e000, 0x00007fcaff00e000)
 End Bits:   [0x00007fcaff00e000, 0x00007fcaffeee000)

Polling page: 0x00007fcb1699a000

CodeCache: size=245760Kb used=8842Kb max_used=8843Kb free=236917Kb
 bounds [0x00007fcb009cd000, 0x00007fcb0129d000, 0x00007fcb0f9cd000]
 total_blobs=3490 nmethods=2521 adapters=882
 compilation: enabled

Compilation events (10 events):
Event: 41.859 Thread 0x00007fcb100b9800 2987       4       processing.core.PGraphics::backgroundFromCalc (126 bytes)
Event: 41.872 Thread 0x00007fcb100b9800 nmethod 2987 0x00007fcb010c3050 code [0x00007fcb010c32a0, 0x00007fcb010c3a00]
Event: 43.025 Thread 0x00007fcb100b6800 2988       4       java.util.concurrent.locks.ReentrantLock$NonfairSync::tryAcquire (6 bytes)
Event: 43.027 Thread 0x00007fcb100b6800 nmethod 2988 0x00007fcb010c2d10 code [0x00007fcb010c2e60, 0x00007fcb010c2f58]
Event: 43.263 Thread 0x00007fcb100bb800 2989   !   3       sun.awt.X11.XBaseWindow::checkInitialised (112 bytes)
Event: 43.268 Thread 0x00007fcb100bb800 nmethod 2989 0x00007fcb01143310 code [0x00007fcb011435e0, 0x00007fcb01144ed8]
Event: 43.270 Thread 0x00007fcb100bb800 2990       3       java.awt.EventQueue::getNextEventPrivate (76 bytes)
Event: 43.271 Thread 0x00007fcb100bb800 nmethod 2990 0x00007fcb01211850 code [0x00007fcb012119e0, 0x00007fcb01211d08]
Event: 43.271 Thread 0x00007fcb100bb800 2991       1       sun.java2d.SurfaceData::isValid (5 bytes)
Event: 43.271 Thread 0x00007fcb100bb800 nmethod 2991 0x00007fcb010ceb10 code [0x00007fcb010cec60, 0x00007fcb010ced70]

GC Heap History (10 events):
Event: 4.807 GC heap before
{Heap before GC invocations=5 (full 0):
 PSYoungGen      total 64000K, used 7945K [0x00000000ec300000, 0x00000000f0400000, 0x0000000100000000)
  eden space 61440K, 8% used [0x00000000ec300000,0x00000000ec849ba0,0x00000000eff00000)
  from space 2560K, 98% used [0x00000000f0180000,0x00000000f03f8900,0x00000000f0400000)
  to   space 2560K, 0% used [0x00000000eff00000,0x00000000eff00000,0x00000000f0180000)
 ParOldGen       total 40960K, used 14594K [0x00000000c4800000, 0x00000000c7000000, 0x00000000ec300000)
  object space 40960K, 35% used [0x00000000c4800000,0x00000000c5640878,0x00000000c7000000)
 Metaspace       used 20905K, capacity 21109K, committed 21296K, reserved 1069056K
  class space    used 1992K, capacity 2052K, committed 2176K, reserved 1048576K
Event: 4.813 GC heap after
Heap after GC invocations=5 (full 0):
 PSYoungGen      total 64000K, used 2530K [0x00000000ec300000, 0x00000000f5100000, 0x0000000100000000)
  eden space 61440K, 0% used [0x00000000ec300000,0x00000000ec300000,0x00000000eff00000)
  from space 2560K, 98% used [0x00000000eff00000,0x00000000f0178900,0x00000000f0180000)
  to   space 11264K, 0% used [0x00000000f4600000,0x00000000f4600000,0x00000000f5100000)
 ParOldGen       total 40960K, used 14626K [0x00000000c4800000, 0x00000000c7000000, 0x00000000ec300000)
  object space 40960K, 35% used [0x00000000c4800000,0x00000000c5648878,0x00000000c7000000)
 Metaspace       used 20905K, capacity 21109K, committed 21296K, reserved 1069056K
  class space    used 1992K, capacity 2052K, committed 2176K, reserved 1048576K
}
Event: 4.813 GC heap before
{Heap before GC invocations=6 (full 1):
 PSYoungGen      total 64000K, used 2530K [0x00000000ec300000, 0x00000000f5100000, 0x0000000100000000)
  eden space 61440K, 0% used [0x00000000ec300000,0x00000000ec300000,0x00000000eff00000)
  from space 2560K, 98% used [0x00000000eff00000,0x00000000f0178900,0x00000000f0180000)
  to   space 11264K, 0% used [0x00000000f4600000,0x00000000f4600000,0x00000000f5100000)
 ParOldGen       total 40960K, used 14626K [0x00000000c4800000, 0x00000000c7000000, 0x00000000ec300000)
  object space 40960K, 35% used [0x00000000c4800000,0x00000000c5648878,0x00000000c7000000)
 Metaspace       used 20905K, capacity 21109K, committed 21296K, reserved 1069056K
  class space    used 1992K, capacity 2052K, committed 2176K, reserved 1048576K
Event: 4.850 GC heap after
Heap after GC invocations=6 (full 1):
 PSYoungGen      total 64000K, used 0K [0x00000000ec300000, 0x00000000f5100000, 0x0000000100000000)
  eden space 61440K, 0% used [0x00000000ec300000,0x00000000ec300000,0x00000000eff00000)
  from space 2560K, 0% used [0x00000000eff00000,0x00000000eff00000,0x00000000f0180000)
  to   space 11264K, 0% used [0x00000000f4600000,0x00000000f4600000,0x00000000f5100000)
 ParOldGen       total 44544K, used 14885K [0x00000000c4800000, 0x00000000c7380000, 0x00000000ec300000)
  object space 44544K, 33% used [0x00000000c4800000,0x00000000c5689428,0x00000000c7380000)
 Metaspace       used 20905K, capacity 21109K, committed 21296K, reserved 1069056K
  class space    used 1992K, capacity 2052K, committed 2176K, reserved 1048576K
}
Event: 10.238 GC heap before
{Heap before GC invocations=7 (full 1):
 PSYoungGen      total 64000K, used 61440K [0x00000000ec300000, 0x00000000f5100000, 0x0000000100000000)
  eden space 61440K, 100% used [0x00000000ec300000,0x00000000eff00000,0x00000000eff00000)
  from space 2560K, 0% used [0x00000000eff00000,0x00000000eff00000,0x00000000f0180000)
  to   space 11264K, 0% used [0x00000000f4600000,0x00000000f4600000,0x00000000f5100000)
 ParOldGen       total 44544K, used 14885K [0x00000000c4800000, 0x00000000c7380000, 0x00000000ec300000)
  object space 44544K, 33% used [0x00000000c4800000,0x00000000c5689428,0x00000000c7380000)
 Metaspace       used 21305K, capacity 21499K, committed 21808K, reserved 1069056K
  class space    used 1995K, capacity 2053K, committed 2176K, reserved 1048576K
Event: 10.243 GC heap after
Heap after GC invocations=7 (full 1):
 PSYoungGen      total 102400K, used 4896K [0x00000000ec300000, 0x00000000f4b00000, 0x0000000100000000)
  eden space 97280K, 0% used [0x00000000ec300000,0x00000000ec300000,0x00000000f2200000)
  from space 5120K, 95% used [0x00000000f4600000,0x00000000f4ac8130,0x00000000f4b00000)
  to   space 10752K, 0% used [0x00000000f3600000,0x00000000f3600000,0x00000000f4080000)
 ParOldGen       total 44544K, used 14893K [0x00000000c4800000, 0x00000000c7380000, 0x00000000ec300000)
  object space 44544K, 33% used [0x00000000c4800000,0x00000000c568b428,0x00000000c7380000)
 Metaspace       used 21305K, capacity 21499K, committed 21808K, reserved 1069056K
  class space    used 1995K, capacity 2053K, committed 2176K, reserved 1048576K
}
Event: 14.855 GC heap before
{Heap before GC invocations=8 (full 1):
 PSYoungGen      total 102400K, used 102176K [0x00000000ec300000, 0x00000000f4b00000, 0x0000000100000000)
  eden space 97280K, 100% used [0x00000000ec300000,0x00000000f2200000,0x00000000f2200000)
  from space 5120K, 95% used [0x00000000f4600000,0x00000000f4ac8130,0x00000000f4b00000)
  to   space 10752K, 0% used [0x00000000f3600000,0x00000000f3600000,0x00000000f4080000)
 ParOldGen       total 44544K, used 14893K [0x00000000c4800000, 0x00000000c7380000, 0x00000000ec300000)
  object space 44544K, 33% used [0x00000000c4800000,0x00000000c568b428,0x00000000c7380000)
 Metaspace       used 21395K, capacity 21627K, committed 21808K, reserved 1069056K
  class space    used 1995K, capacity 2053K, committed 2176K, reserved 1048576K
Event: 14.865 GC heap after
Heap after GC invocations=8 (full 1):
 PSYoungGen      total 128512K, used 10576K [0x00000000ec300000, 0x00000000f6d00000, 0x0000000100000000)
  eden space 117760K, 0% used [0x00000000ec300000,0x00000000ec300000,0x00000000f3600000)
  from space 10752K, 98% used [0x00000000f3600000,0x00000000f40542a0,0x00000000f4080000)
  to   space 12800K, 0% used [0x00000000f6080000,0x00000000f6080000,0x00000000f6d00000)
 ParOldGen       total 44544K, used 18229K [0x00000000c4800000, 0x00000000c7380000, 0x00000000ec300000)
  object space 44544K, 40% used [0x00000000c4800000,0x00000000c59cd4f8,0x00000000c7380000)
 Metaspace       used 21395K, capacity 21627K, committed 21808K, reserved 1069056K
  class space    used 1995K, capacity 2053K, committed 2176K, reserved 1048576K
}
Event: 28.610 GC heap before
{Heap before GC invocations=9 (full 1):
 PSYoungGen      total 128512K, used 128336K [0x00000000ec300000, 0x00000000f6d00000, 0x0000000100000000)
  eden space 117760K, 100% used [0x00000000ec300000,0x00000000f3600000,0x00000000f3600000)
  from space 10752K, 98% used [0x00000000f3600000,0x00000000f40542a0,0x00000000f4080000)
  to   space 12800K, 0% used [0x00000000f6080000,0x00000000f6080000,0x00000000f6d00000)
 ParOldGen       total 44544K, used 18229K [0x00000000c4800000, 0x00000000c7380000, 0x00000000ec300000)
  object space 44544K, 40% used [0x00000000c4800000,0x00000000c59cd4f8,0x00000000c7380000)
 Metaspace       used 21417K, capacity 21627K, committed 21808K, reserved 1069056K
  class space    used 1995K, capacity 2053K, committed 2176K, reserved 1048576K
Event: 28.621 GC heap after
Heap after GC invocations=9 (full 1):
 PSYoungGen      total 159744K, used 12064K [0x00000000ec300000, 0x00000000f8700000, 0x0000000100000000)
  eden space 146944K, 0% used [0x00000000ec300000,0x00000000ec300000,0x00000000f5280000)
  from space 12800K, 94% used [0x00000000f6080000,0x00000000f6c482f0,0x00000000f6d00000)
  to   space 14336K, 0% used [0x00000000f5280000,0x00000000f5280000,0x00000000f6080000)
 ParOldGen       total 44544K, used 18229K [0x00000000c4800000, 0x00000000c7380000, 0x00000000ec300000)
  object space 44544K, 40% used [0x00000000c4800000,0x00000000c59cd4f8,0x00000000c7380000)
 Metaspace       used 21417K, capacity 21627K, committed 21808K, reserved 1069056K
  class space    used 1995K, capacity 2053K, committed 2176K, reserved 1048576K
}

Deoptimization events (10 events):
Event: 9.738 Thread 0x00007fcabc003000 Uncommon trap: reason=unstable_if action=reinterpret pc=0x00007fcb00ebb3e8 method=de.fhpotsdam.unfolding.mapdisplay.AbstractMapDisplay$ZoomComparator.compare(Lde/fhpotsdam/unfolding/core/Coordinate;Lde/fhpotsdam/unfolding/core/Coordinate;)I @ 9
Event: 9.738 Thread 0x00007fcabc003000 Uncommon trap: reason=unstable_if action=reinterpret pc=0x00007fcb01193bd0 method=de.fhpotsdam.unfolding.core.Coordinate.equals(Ljava/lang/Object;)Z @ 38
Event: 9.738 Thread 0x00007fcabc003000 Uncommon trap: reason=unstable_if action=reinterpret pc=0x00007fcb010b1cc4 method=de.fhpotsdam.unfolding.core.Coordinate.equals(Ljava/lang/Object;)Z @ 38
Event: 10.970 Thread 0x00007fcabc003000 Uncommon trap: reason=unstable_if action=reinterpret pc=0x00007fcb01073450 method=java.text.DigitList.getDataChars(I)[C @ 13
Event: 10.970 Thread 0x00007fcabc003000 Uncommon trap: reason=unstable_if action=reinterpret pc=0x00007fcb010a4b80 method=java.text.DecimalFormat.subformat(Ljava/lang/StringBuffer;Ljava/text/Format$FieldDelegate;ZZIIII)Ljava/lang/StringBuffer; @ 753
Event: 43.268 Thread 0x00007fcabc003000 Uncommon trap: reason=class_check action=maybe_recompile pc=0x00007fcb00df9d90 method=java.util.Arrays.copyOf([Ljava/lang/Object;ILjava/lang/Class;)[Ljava/lang/Object; @ 24
Event: 43.270 Thread 0x00007fcb102dc800 Uncommon trap: reason=unstable_if action=reinterpret pc=0x00007fcb01272978 method=java.awt.EventQueue.getPriority(Ljava/awt/AWTEvent;)I @ 71
Event: 43.270 Thread 0x00007fcb102dc800 Uncommon trap: reason=class_check action=maybe_recompile pc=0x00007fcb011cedec method=java.awt.EventQueue.uncacheEQItem(Lsun/awt/EventQueueItem;)V @ 20
Event: 43.270 Thread 0x00007fcabc003000 Uncommon trap: reason=unstable_if action=reinterpret pc=0x00007fcb011cedb8 method=java.awt.EventQueue.eventToCacheIndex(Ljava/awt/AWTEvent;)I @ 71
Event: 43.270 Thread 0x00007fcb102c2800 Uncommon trap: reason=unstable_if action=reinterpret pc=0x00007fcb011517c0 method=java.awt.font.FontRenderContext.equals(Ljava/awt/font/FontRenderContext;)Z @ 2

Internal exceptions (10 events):
Event: 1.053 Thread 0x00007fcabc003000 Implicit null exception at 0x00007fcb00b267f5 to 0x00007fcb00b26b45
Event: 3.022 Thread 0x00007fcabc003000 Exception <a 'java/lang/reflect/InvocationTargetException'> (0x00000000edae8930) thrown at [/RE-WORK/workspace/8-2-build-linux-amd64/jdk8u45/3457/hotspot/src/share/vm/runtime/reflection.cpp, line 1080]
Event: 3.027 Thread 0x00007fcabc003000 Exception <a 'java/lang/reflect/InvocationTargetException'> (0x00000000edaea310) thrown at [/RE-WORK/workspace/8-2-build-linux-amd64/jdk8u45/3457/hotspot/src/share/vm/runtime/reflection.cpp, line 1080]
Event: 3.364 Thread 0x00007fcabc003000 Exception <a 'java/lang/reflect/InvocationTargetException'> (0x00000000ecb7ace0) thrown at [/RE-WORK/workspace/8-2-build-linux-amd64/jdk8u45/3457/hotspot/src/share/vm/runtime/reflection.cpp, line 1080]
Event: 3.366 Thread 0x00007fcabc003000 Exception <a 'java/lang/reflect/InvocationTargetException'> (0x00000000ecb7b208) thrown at [/RE-WORK/workspace/8-2-build-linux-amd64/jdk8u45/3457/hotspot/src/share/vm/runtime/reflection.cpp, line 1080]
Event: 3.386 Thread 0x00007fcabc003000 Exception <a 'java/lang/reflect/InvocationTargetException'> (0x00000000ecc478f0) thrown at [/RE-WORK/workspace/8-2-build-linux-amd64/jdk8u45/3457/hotspot/src/share/vm/runtime/reflection.cpp, line 1080]
Event: 3.388 Thread 0x00007fcabc003000 Exception <a 'java/lang/reflect/InvocationTargetException'> (0x00000000ecc48858) thrown at [/RE-WORK/workspace/8-2-build-linux-amd64/jdk8u45/3457/hotspot/src/share/vm/runtime/reflection.cpp, line 1080]
Event: 3.413 Thread 0x00007fcabc003000 Exception <a 'java/lang/reflect/InvocationTargetException'> (0x00000000ecc96498) thrown at [/RE-WORK/workspace/8-2-build-linux-amd64/jdk8u45/3457/hotspot/src/share/vm/runtime/reflection.cpp, line 1080]
Event: 3.414 Thread 0x00007fcabc003000 Exception <a 'java/lang/reflect/InvocationTargetException'> (0x00000000ecc96aa0) thrown at [/RE-WORK/workspace/8-2-build-linux-amd64/jdk8u45/3457/hotspot/src/share/vm/runtime/reflection.cpp, line 1080]
Event: 3.442 Thread 0x00007fcabc003000 Exception <a 'java/lang/reflect/InvocationTargetException'> (0x00000000ecd1d2f8) thrown at [/RE-WORK/workspace/8-2-build-linux-amd64/jdk8u45/3457/hotspot/src/share/vm/runtime/reflection.cpp, line 1080]

Events (10 events):
Event: 43.270 Thread 0x00007fcb102dc800 DEOPT UNPACKING pc=0x00007fcb009d2229 sp=0x00007fcaf51db3d0 mode 2
Event: 43.270 Thread 0x00007fcb102dc800 Uncommon trap: trap_request=0xffffffde fr.pc=0x00007fcb011cedec
Event: 43.270 Thread 0x00007fcb102dc800 DEOPT PACKING pc=0x00007fcb011cedec sp=0x00007fcaf51db5d0
Event: 43.270 Thread 0x00007fcb102dc800 DEOPT UNPACKING pc=0x00007fcb009d2229 sp=0x00007fcaf51db518 mode 2
Event: 43.270 Thread 0x00007fcabc003000 Uncommon trap: trap_request=0xffffff65 fr.pc=0x00007fcb011cedb8
Event: 43.270 Thread 0x00007fcabc003000 DEOPT PACKING pc=0x00007fcb011cedb8 sp=0x00007fcaf4a02490
Event: 43.270 Thread 0x00007fcabc003000 DEOPT UNPACKING pc=0x00007fcb009d2229 sp=0x00007fcaf4a02378 mode 2
Event: 43.270 Thread 0x00007fcb102c2800 Uncommon trap: trap_request=0xffffff65 fr.pc=0x00007fcb011517c0
Event: 43.270 Thread 0x00007fcb102c2800 DEOPT PACKING pc=0x00007fcb011517c0 sp=0x00007fcaf53dd560
Event: 43.270 Thread 0x00007fcb102c2800 DEOPT UNPACKING pc=0x00007fcb009d2229 sp=0x00007fcaf53dd4b8 mode 2


Dynamic libraries:
00400000-00401000 r-xp 00000000 08:02 4856071                            /usr/lib/jvm/java-8-oracle/bin/java
00600000-00601000 rw-p 00000000 08:02 4856071                            /usr/lib/jvm/java-8-oracle/bin/java
01d14000-01d35000 rw-p 00000000 00:00 0                                  [heap]
c4800000-c7380000 rw-p 00000000 00:00 0 
c7380000-ec300000 ---p 00000000 00:00 0 
ec300000-f8700000 rw-p 00000000 00:00 0 
f8700000-100000000 ---p 00000000 00:00 0 
100000000-100220000 rw-p 00000000 00:00 0 
100220000-140000000 ---p 00000000 00:00 0 
7fca74000000-7fca740da000 rw-p 00000000 00:00 0 
7fca740da000-7fca78000000 ---p 00000000 00:00 0 
7fca78000000-7fca780ff000 rw-p 00000000 00:00 0 
7fca780ff000-7fca7c000000 ---p 00000000 00:00 0 
7fca7c000000-7fca7c0de000 rw-p 00000000 00:00 0 
7fca7c0de000-7fca80000000 ---p 00000000 00:00 0 
7fca821ef000-7fca8225f000 rw-s 00000000 00:04 210141                     /drm mm object (deleted)
7fca8225f000-7fca822cf000 rw-s 00000000 00:04 207785                     /drm mm object (deleted)
7fca822cf000-7fca8233f000 rw-s 00000000 00:04 207784                     /drm mm object (deleted)
7fca8233f000-7fca823af000 rw-s 00000000 00:04 210140                     /drm mm object (deleted)
7fca823af000-7fca8241f000 rw-s 00000000 00:04 210139                     /drm mm object (deleted)
7fca8241f000-7fca8248f000 rw-s 00000000 00:04 210138                     /drm mm object (deleted)
7fca8248f000-7fca824ff000 rw-s 00000000 00:04 210137                     /drm mm object (deleted)
7fca824ff000-7fca8256f000 rw-s 00000000 00:04 210136                     /drm mm object (deleted)
7fca8256f000-7fca825df000 rw-s 00000000 00:04 207783                     /drm mm object (deleted)
7fca825df000-7fca8264f000 rw-s 00000000 00:04 207782                     /drm mm object (deleted)
7fca8264f000-7fca826bf000 rw-s 00000000 00:04 210135                     /drm mm object (deleted)
7fca826bf000-7fca8272f000 rw-s 00000000 00:04 208003                     /drm mm object (deleted)
7fca8272f000-7fca8279f000 rw-s 00000000 00:04 210134                     /drm mm object (deleted)
7fca8279f000-7fca8280f000 rw-s 00000000 00:04 210133                     /drm mm object (deleted)
7fca8280f000-7fca8287f000 rw-s 00000000 00:04 210132                     /drm mm object (deleted)
7fca8287f000-7fca828ef000 rw-s 00000000 00:04 210131                     /drm mm object (deleted)
7fca828ef000-7fca8295f000 rw-s 00000000 00:04 210130                     /drm mm object (deleted)
7fca8295f000-7fca829cf000 rw-s 00000000 00:04 210129                     /drm mm object (deleted)
7fca829cf000-7fca82a3f000 rw-s 00000000 00:04 210128                     /drm mm object (deleted)
7fca82a3f000-7fca82aaf000 rw-s 00000000 00:04 209160                     /drm mm object (deleted)
7fca82aaf000-7fca82b1f000 rw-s 00000000 00:04 210127                     /drm mm object (deleted)
7fca82b1f000-7fca82b8f000 rw-s 00000000 00:04 210126                     /drm mm object (deleted)
7fca82b8f000-7fca82bff000 rw-s 00000000 00:04 208002                     /drm mm object (deleted)
7fca82bff000-7fca82c6f000 rw-s 00000000 00:04 209159                     /drm mm object (deleted)
7fca82c6f000-7fca82cdf000 rw-s 00000000 00:04 209158                     /drm mm object (deleted)
7fca82cdf000-7fca82d4f000 rw-s 00000000 00:04 209157                     /drm mm object (deleted)
7fca82d4f000-7fca82dbf000 rw-s 00000000 00:04 209156                     /drm mm object (deleted)
7fca82dbf000-7fca82e2f000 rw-s 00000000 00:04 209155                     /drm mm object (deleted)
7fca82e2f000-7fca82e9f000 rw-s 00000000 00:04 208001                     /drm mm object (deleted)
7fca82e9f000-7fca82f0f000 rw-s 00000000 00:04 209154                     /drm mm object (deleted)
7fca82f0f000-7fca82f7f000 rw-s 00000000 00:04 209153                     /drm mm object (deleted)
7fca82f7f000-7fca82fef000 rw-s 00000000 00:04 210125                     /drm mm object (deleted)
7fca82fef000-7fca8305f000 rw-s 00000000 00:04 207781                     /drm mm object (deleted)
7fca8305f000-7fca830cf000 rw-s 00000000 00:04 207780                     /drm mm object (deleted)
7fca830cf000-7fca8313f000 rw-s 00000000 00:04 207779                     /drm mm object (deleted)
7fca8313f000-7fca831af000 rw-s 00000000 00:04 210124                     /drm mm object (deleted)
7fca831af000-7fca8321f000 rw-s 00000000 00:04 208000                     /drm mm object (deleted)
7fca8321f000-7fca8328f000 rw-s 00000000 00:04 207999                     /drm mm object (deleted)
7fca8328f000-7fca832ff000 rw-s 00000000 00:04 207998                     /drm mm object (deleted)
7fca832ff000-7fca8336f000 rw-s 00000000 00:04 209152                     /drm mm object (deleted)
7fca8336f000-7fca833df000 rw-s 00000000 00:04 209151                     /drm mm object (deleted)
7fca833df000-7fca8344f000 rw-s 00000000 00:04 209150                     /drm mm object (deleted)
7fca8344f000-7fca834bf000 rw-s 00000000 00:04 209149                     /drm mm object (deleted)
7fca834bf000-7fca8352f000 rw-s 00000000 00:04 210123                     /drm mm object (deleted)
7fca8352f000-7fca8359f000 rw-s 00000000 00:04 209148                     /drm mm object (deleted)
7fca8359f000-7fca8360f000 rw-s 00000000 00:04 209147                     /drm mm object (deleted)
7fca8360f000-7fca8367f000 rw-s 00000000 00:04 209146                     /drm mm object (deleted)
7fca8367f000-7fca836ef000 rw-s 00000000 00:04 210122                     /drm mm object (deleted)
7fca836ef000-7fca8375f000 rw-s 00000000 00:04 207997                     /drm mm object (deleted)
7fca8375f000-7fca837cf000 rw-s 00000000 00:04 207996                     /drm mm object (deleted)
7fca837cf000-7fca8383f000 rw-s 00000000 00:04 207995                     /drm mm object (deleted)
7fca8383f000-7fca838af000 rw-s 00000000 00:04 207994                     /drm mm object (deleted)
7fca838af000-7fca8391f000 rw-s 00000000 00:04 207993                     /drm mm object (deleted)
7fca8391f000-7fca8398f000 rw-s 00000000 00:04 207778                     /drm mm object (deleted)
7fca8398f000-7fca839ff000 rw-s 00000000 00:04 207777                     /drm mm object (deleted)
7fca839ff000-7fca83a02000 ---p 00000000 00:00 0 
7fca83a02000-7fca83b00000 rw-p 00000000 00:00 0                          [stack:14832]
7fca83b00000-7fca83d80000 rw-s 00000000 00:04 210107                     /drm mm object (deleted)
7fca83d80000-7fca84000000 rw-s 00000000 00:04 210090                     /drm mm object (deleted)
7fca84000000-7fca84021000 rw-p 00000000 00:00 0 
7fca84021000-7fca88000000 ---p 00000000 00:00 0 
7fca88000000-7fca88021000 rw-p 00000000 00:00 0 
7fca88021000-7fca8c000000 ---p 00000000 00:00 0 
7fca8c000000-7fca8c021000 rw-p 00000000 00:00 0 
7fca8c021000-7fca90000000 ---p 00000000 00:00 0 
7fca90000000-7fca90021000 rw-p 00000000 00:00 0 
7fca90021000-7fca94000000 ---p 00000000 00:00 0 
7fca94000000-7fca94021000 rw-p 00000000 00:00 0 
7fca94021000-7fca98000000 ---p 00000000 00:00 0 
7fca9803d000-7fca98040000 ---p 00000000 00:00 0 
7fca98040000-7fca9813e000 rw-p 00000000 00:00 0 
7fca9813e000-7fca9813f000 r--s 00000000 08:02 786530                     /var/cache/fontconfig/c05880de57d1f5e948fdfacc138775d9-le64.cache-4
7fca9813f000-7fca9814a000 r--s 00000000 08:02 786523                     /var/cache/fontconfig/945677eb7aeaf62f1d50efc3fb3ec7d8-le64.cache-4
7fca9814a000-7fca98150000 r--s 00000000 08:02 786507                     /var/cache/fontconfig/2cd17615ca594fa2959ae173292e504c-le64.cache-4
7fca98150000-7fca98151000 r--s 00000000 08:02 786541                     /var/cache/fontconfig/e7071f4a29fa870f4323321c154eba04-le64.cache-4
7fca98151000-7fca98152000 r--s 00000000 08:02 786504                     /var/cache/fontconfig/0d8c3b2ac0904cb8a57a757ad11a4a08-le64.cache-4
7fca98152000-7fca98159000 r--s 00000000 08:02 786527                     /var/cache/fontconfig/a755afe4a08bf5b97852ceb7400b47bc-le64.cache-4
7fca98159000-7fca9815a000 r--s 00000000 08:02 786526                     /var/cache/fontconfig/a6354e3ac43af67bd8d7b8e43c34e49f-le64.cache-4
7fca9815a000-7fca9815b000 r--s 00000000 08:02 786506                     /var/cache/fontconfig/1ac9eb803944fde146138c791f5cc56a-le64.cache-4
7fca9815b000-7fca9815f000 r--s 00000000 08:02 786510                     /var/cache/fontconfig/385c0604a188198f04d133e54aba7fe7-le64.cache-4
7fca9815f000-7fca98161000 r--s 00000000 08:02 786520                     /var/cache/fontconfig/767a8244fc0220cfb567a839d0392e0b-le64.cache-4
7fca98161000-7fca98166000 r--s 00000000 08:02 786522                     /var/cache/fontconfig/8801497958630a81b71ace7c5f9b32a8-le64.cache-4
7fca98166000-7fca9816d000 r--s 00000000 08:02 786508                     /var/cache/fontconfig/3047814df9a2f067bd2d96a2b9c36e5a-le64.cache-4
7fca9816d000-7fca98173000 r--s 00000000 08:02 786528                     /var/cache/fontconfig/b47c4e1ecd0709278f4910c18777a504-le64.cache-4
7fca98173000-7fca98186000 r--s 00000000 08:02 786534                     /var/cache/fontconfig/d52a8644073d54c13679302ca1180695-le64.cache-4
7fca98186000-7fca9818f000 r--s 00000000 08:02 786511                     /var/cache/fontconfig/3f7329c5293ffd510edef78f73874cfd-le64.cache-4
7fca9818f000-7fca981a4000 r--s 00000000 08:02 786537                     /var/cache/fontconfig/da82082e1ef13c4097208324d67c180c-le64.cache-4
7fca981e5000-7fca98255000 rw-s 00000000 00:04 210109                     /drm mm object (deleted)
7fca98257000-7fca982c7000 rw-s 00000000 00:04 210114                     /drm mm object (deleted)
7fca982c7000-7fca98337000 rw-s 00000000 00:04 210113                     /drm mm object (deleted)
7fca98337000-7fca9833a000 ---p 00000000 00:00 0 
7fca9833a000-7fca98438000 rw-p 00000000 00:00 0 
7fca98438000-7fca9843b000 ---p 00000000 00:00 0 
7fca9843b000-7fca98539000 rw-p 00000000 00:00 0 
7fca98539000-7fca985a9000 rw-s 00000000 00:04 207991                     /drm mm object (deleted)
7fca985a9000-7fca98619000 rw-s 00000000 00:04 210112                     /drm mm object (deleted)
7fca98619000-7fca98689000 rw-s 00000000 00:04 210111                     /drm mm object (deleted)
7fca98689000-7fca9868a000 r--s 00000000 08:02 786538                     /var/cache/fontconfig/dc05db6664285cc2f12bf69c139ae4c3-le64.cache-4
7fca9868a000-7fca9868b000 r--s 00000000 08:02 788870                     /var/cache/fontconfig/4794a0821666d79190d59a36cb4f44b5-le64.cache-4
7fca9868b000-7fca9868c000 r--s 00000000 08:02 786514                     /var/cache/fontconfig/56cf4f4769d0f4abc89a4895d7bd3ae1-le64.cache-4
7fca9868c000-7fca9868d000 r--s 00000000 08:02 786529                     /var/cache/fontconfig/b9d506c9ac06c20b433354fa67a72993-le64.cache-4
7fca9868d000-7fca98691000 r--s 00000000 08:02 786535                     /var/cache/fontconfig/d589a48862398ed80a3d6066f4f56f4c-le64.cache-4
7fca98691000-7fca9869e000 r--s 00000000 08:02 786637                     /var/cache/fontconfig/e13b20fdb08344e0e664864cc2ede53d-le64.cache-4
7fca986cd000-7fca9873d000 rw-s 00000000 00:04 210110                     /drm mm object (deleted)
7fca9873d000-7fca98869000 rw-p 00000000 00:00 0 
7fca98869000-7fca9893d000 ---p 00000000 00:00 0 
7fca9893d000-7fca989bd000 rw-s 109326000 00:05 1552                      /dev/dri/card0
7fca989bd000-7fca98b7d000 rw-s 00000000 00:04 209069                     /drm mm object (deleted)
7fca98b7d000-7fca98b80000 ---p 00000000 00:00 0 
7fca98b80000-7fca98c7e000 rw-p 00000000 00:00 0 
7fca98c7e000-7fca98c81000 ---p 00000000 00:00 0 
7fca98c81000-7fca98d7f000 rw-p 00000000 00:00 0 
7fca98d7f000-7fca98d82000 ---p 00000000 00:00 0 
7fca98d82000-7fca98e80000 rw-p 00000000 00:00 0 
7fca98e80000-7fca98e83000 ---p 00000000 00:00 0 
7fca98e83000-7fca98f81000 rw-p 00000000 00:00 0 
7fca98f81000-7fca99001000 rw-s 10a8f4000 00:05 1552                      /dev/dri/card0
7fca99001000-7fca991c1000 rw-s 00000000 00:04 210094                     /drm mm object (deleted)
7fca991c1000-7fca99281000 rw-s 10dade000 00:05 1552                      /dev/dri/card0
7fca99281000-7fca99341000 rw-s 10a834000 00:05 1552                      /dev/dri/card0
7fca99341000-7fca995c1000 rw-s 00000000 00:04 210080                     /drm mm object (deleted)
7fca995c1000-7fca99841000 rw-s 00000000 00:04 207770                     /drm mm object (deleted)
7fca99841000-7fca99844000 ---p 00000000 00:00 0 
7fca99844000-7fca99942000 rw-p 00000000 00:00 0                          [stack:14766]
7fca99942000-7fca99959000 r-xp 00000000 08:02 2621530                    /lib/x86_64-linux-gnu/libresolv-2.19.so
7fca99959000-7fca99b59000 ---p 00017000 08:02 2621530                    /lib/x86_64-linux-gnu/libresolv-2.19.so
7fca99b59000-7fca99b5a000 r--p 00017000 08:02 2621530                    /lib/x86_64-linux-gnu/libresolv-2.19.so
7fca99b5a000-7fca99b5b000 rw-p 00018000 08:02 2621530                    /lib/x86_64-linux-gnu/libresolv-2.19.so
7fca99b5b000-7fca99b5d000 rw-p 00000000 00:00 0 
7fca99b5d000-7fca99b62000 r-xp 00000000 08:02 2621536                    /lib/x86_64-linux-gnu/libnss_dns-2.19.so
7fca99b62000-7fca99d61000 ---p 00005000 08:02 2621536                    /lib/x86_64-linux-gnu/libnss_dns-2.19.so
7fca99d61000-7fca99d62000 r--p 00004000 08:02 2621536                    /lib/x86_64-linux-gnu/libnss_dns-2.19.so
7fca99d62000-7fca99d63000 rw-p 00005000 08:02 2621536                    /lib/x86_64-linux-gnu/libnss_dns-2.19.so
7fca99d63000-7fca99d65000 r-xp 00000000 08:02 2625700                    /lib/x86_64-linux-gnu/libnss_mdns4_minimal.so.2
7fca99d65000-7fca99f64000 ---p 00002000 08:02 2625700                    /lib/x86_64-linux-gnu/libnss_mdns4_minimal.so.2
7fca99f64000-7fca99f65000 r--p 00001000 08:02 2625700                    /lib/x86_64-linux-gnu/libnss_mdns4_minimal.so.2
7fca99f65000-7fca99f66000 rw-p 00002000 08:02 2625700                    /lib/x86_64-linux-gnu/libnss_mdns4_minimal.so.2
7fca99f66000-7fca99f69000 r-xp 00000000 08:02 2625704                    /lib/x86_64-linux-gnu/libnss_myhostname.so.2
7fca99f69000-7fca9a168000 ---p 00003000 08:02 2625704                    /lib/x86_64-linux-gnu/libnss_myhostname.so.2
7fca9a168000-7fca9a169000 r--p 00002000 08:02 2625704                    /lib/x86_64-linux-gnu/libnss_myhostname.so.2
7fca9a169000-7fca9a16a000 rw-p 00003000 08:02 2625704                    /lib/x86_64-linux-gnu/libnss_myhostname.so.2
7fca9a16a000-7fca9a36a000 rw-p 00000000 00:00 0 
7fca9a36a000-7fca9a42a000 rw-s 10da1e000 00:05 1552                      /dev/dri/card0
7fca9a42a000-7fca9a6aa000 rw-s 00000000 00:04 207974                     /drm mm object (deleted)
7fca9a6aa000-7fca9a92a000 rw-s 00000000 00:04 207973                     /drm mm object (deleted)
7fca9a92a000-7fca9a9ea000 rw-s 10d95e000 00:05 1552                      /dev/dri/card0
7fca9a9ea000-7fca9aa21000 r-xp 00000000 08:02 4858923                    /usr/lib/x86_64-linux-gnu/libtxc_dxtn_s2tc.so.0.0.0
7fca9aa21000-7fca9ac20000 ---p 00037000 08:02 4858923                    /usr/lib/x86_64-linux-gnu/libtxc_dxtn_s2tc.so.0.0.0
7fca9ac20000-7fca9ac21000 r--p 00036000 08:02 4858923                    /usr/lib/x86_64-linux-gnu/libtxc_dxtn_s2tc.so.0.0.0
7fca9ac21000-7fca9ac22000 rw-p 00037000 08:02 4858923                    /usr/lib/x86_64-linux-gnu/libtxc_dxtn_s2tc.so.0.0.0
7fca9ac22000-7fca9ac3a000 r-xp 00000000 08:02 2625786                    /lib/x86_64-linux-gnu/libz.so.1.2.8
7fca9ac3a000-7fca9ae39000 ---p 00018000 08:02 2625786                    /lib/x86_64-linux-gnu/libz.so.1.2.8
7fca9ae39000-7fca9ae3a000 r--p 00017000 08:02 2625786                    /lib/x86_64-linux-gnu/libz.so.1.2.8
7fca9ae3a000-7fca9ae3b000 rw-p 00018000 08:02 2625786                    /lib/x86_64-linux-gnu/libz.so.1.2.8
7fca9ae3b000-7fca9ae43000 r-xp 00000000 08:02 4858718                    /usr/lib/x86_64-linux-gnu/libpciaccess.so.0.11.1
7fca9ae43000-7fca9b042000 ---p 00008000 08:02 4858718                    /usr/lib/x86_64-linux-gnu/libpciaccess.so.0.11.1
7fca9b042000-7fca9b043000 r--p 00007000 08:02 4858718                    /usr/lib/x86_64-linux-gnu/libpciaccess.so.0.11.1
7fca9b043000-7fca9b044000 rw-p 00008000 08:02 4858718                    /usr/lib/x86_64-linux-gnu/libpciaccess.so.0.11.1
7fca9b044000-7fca9b134000 r-xp 00000000 08:02 4858875                    /usr/lib/x86_64-linux-gnu/libstdc++.so.6.0.20
7fca9b134000-7fca9b334000 ---p 000f0000 08:02 4858875                    /usr/lib/x86_64-linux-gnu/libstdc++.so.6.0.20
7fca9b334000-7fca9b33c000 r--p 000f0000 08:02 4858875                    /usr/lib/x86_64-linux-gnu/libstdc++.so.6.0.20
7fca9b33c000-7fca9b33e000 rw-p 000f8000 08:02 4858875                    /usr/lib/x86_64-linux-gnu/libstdc++.so.6.0.20
7fca9b33e000-7fca9b353000 rw-p 00000000 00:00 0 
7fca9b353000-7fca9b35f000 r-xp 00000000 08:02 4858206                    /usr/lib/x86_64-linux-gnu/libdrm_radeon.so.1.0.1
7fca9b35f000-7fca9b55e000 ---p 0000c000 08:02 4858206                    /usr/lib/x86_64-linux-gnu/libdrm_radeon.so.1.0.1
7fca9b55e000-7fca9b55f000 r--p 0000b000 08:02 4858206                    /usr/lib/x86_64-linux-gnu/libdrm_radeon.so.1.0.1
7fca9b55f000-7fca9b560000 rw-p 0000c000 08:02 4858206                    /usr/lib/x86_64-linux-gnu/libdrm_radeon.so.1.0.1
7fca9b560000-7fca9b566000 r-xp 00000000 08:02 4858204                    /usr/lib/x86_64-linux-gnu/libdrm_nouveau.so.2.0.0
7fca9b566000-7fca9b765000 ---p 00006000 08:02 4858204                    /usr/lib/x86_64-linux-gnu/libdrm_nouveau.so.2.0.0
7fca9b765000-7fca9b766000 r--p 00005000 08:02 4858204                    /usr/lib/x86_64-linux-gnu/libdrm_nouveau.so.2.0.0
7fca9b766000-7fca9b767000 rw-p 00006000 08:02 4858204                    /usr/lib/x86_64-linux-gnu/libdrm_nouveau.so.2.0.0
7fca9b767000-7fca9b787000 r-xp 00000000 08:02 4858202                    /usr/lib/x86_64-linux-gnu/libdrm_intel.so.1.0.0
7fca9b787000-7fca9b986000 ---p 00020000 08:02 4858202                    /usr/lib/x86_64-linux-gnu/libdrm_intel.so.1.0.0
7fca9b986000-7fca9b987000 r--p 0001f000 08:02 4858202                    /usr/lib/x86_64-linux-gnu/libdrm_intel.so.1.0.0
7fca9b987000-7fca9b988000 rw-p 00020000 08:02 4858202                    /usr/lib/x86_64-linux-gnu/libdrm_intel.so.1.0.0
7fca9b988000-7fca9bea4000 r-xp 00000000 08:02 5114656                    /usr/lib/x86_64-linux-gnu/dri/i965_dri.so
7fca9bea4000-7fca9c0a3000 ---p 0051c000 08:02 5114656                    /usr/lib/x86_64-linux-gnu/dri/i965_dri.so
7fca9c0a3000-7fca9c0bf000 r--p 0051b000 08:02 5114656                    /usr/lib/x86_64-linux-gnu/dri/i965_dri.so
7fca9c0bf000-7fca9c0c5000 rw-p 00537000 08:02 5114656                    /usr/lib/x86_64-linux-gnu/dri/i965_dri.so
7fca9c0c5000-7fca9c0d0000 rw-p 00000000 00:00 0 
7fca9c0d0000-7fca9c13c000 r-xp 00000000 08:02 2625725                    /lib/x86_64-linux-gnu/libpcre.so.3.13.1
7fca9c13c000-7fca9c33b000 ---p 0006c000 08:02 2625725                    /lib/x86_64-linux-gnu/libpcre.so.3.13.1
7fca9c33b000-7fca9c33c000 r--p 0006b000 08:02 2625725                    /lib/x86_64-linux-gnu/libpcre.so.3.13.1
7fca9c33c000-7fca9c33d000 rw-p 0006c000 08:02 2625725                    /lib/x86_64-linux-gnu/libpcre.so.3.13.1
7fca9c33d000-7fca9c35e000 r-xp 00000000 08:02 2625752                    /lib/x86_64-linux-gnu/libselinux.so.1
7fca9c35e000-7fca9c55d000 ---p 00021000 08:02 2625752                    /lib/x86_64-linux-gnu/libselinux.so.1
7fca9c55d000-7fca9c55e000 r--p 00020000 08:02 2625752                    /lib/x86_64-linux-gnu/libselinux.so.1
7fca9c55e000-7fca9c55f000 rw-p 00021000 08:02 2625752                    /lib/x86_64-linux-gnu/libselinux.so.1
7fca9c55f000-7fca9c561000 rw-p 00000000 00:00 0 
7fca9c561000-7fca9c571000 r-xp 00000000 08:02 2625516                    /lib/x86_64-linux-gnu/libudev.so.1.4.0
7fca9c571000-7fca9c771000 ---p 00010000 08:02 2625516                    /lib/x86_64-linux-gnu/libudev.so.1.4.0
7fca9c771000-7fca9c772000 r--p 00010000 08:02 2625516                    /lib/x86_64-linux-gnu/libudev.so.1.4.0
7fca9c772000-7fca9c773000 rw-p 00011000 08:02 2625516                    /lib/x86_64-linux-gnu/libudev.so.1.4.0
7fca9c773000-7fca9c775000 r-xp 00000000 08:02 4857968                    /usr/lib/x86_64-linux-gnu/libXinerama.so.1.0.0
7fca9c775000-7fca9c974000 ---p 00002000 08:02 4857968                    /usr/lib/x86_64-linux-gnu/libXinerama.so.1.0.0
7fca9c974000-7fca9c975000 r--p 00001000 08:02 4857968                    /usr/lib/x86_64-linux-gnu/libXinerama.so.1.0.0
7fca9c975000-7fca9c976000 rw-p 00002000 08:02 4857968                    /usr/lib/x86_64-linux-gnu/libXinerama.so.1.0.0
7fca9c976000-7fca9c9bb000 r-xp 00000000 08:02 4587549                    /tmp/jogamp_0000/file_cache/jln3561294236039402617/jln7461667866795866908/libjogl_mobile.so
7fca9c9bb000-7fca9cbbb000 ---p 00045000 08:02 4587549                    /tmp/jogamp_0000/file_cache/jln3561294236039402617/jln7461667866795866908/libjogl_mobile.so
7fca9cbbb000-7fca9cbbc000 rw-p 00045000 08:02 4587549                    /tmp/jogamp_0000/file_cache/jln3561294236039402617/jln7461667866795866908/libjogl_mobile.so
7fca9cbbc000-7fca9cbc3000 r-xp 00000000 08:02 4858242                    /usr/lib/x86_64-linux-gnu/libffi.so.6.0.2
7fca9cbc3000-7fca9cdc2000 ---p 00007000 08:02 4858242                    /usr/lib/x86_64-linux-gnu/libffi.so.6.0.2
7fca9cdc2000-7fca9cdc3000 r--p 00006000 08:02 4858242                    /usr/lib/x86_64-linux-gnu/libffi.so.6.0.2
7fca9cdc3000-7fca9cdc4000 rw-p 00007000 08:02 4858242                    /usr/lib/x86_64-linux-gnu/libffi.so.6.0.2
7fca9cdc4000-7fca9cdd1000 r-xp 00000000 08:02 4849854                    /usr/lib/x86_64-linux-gnu/libgbm.so.1.0.0
7fca9cdd1000-7fca9cfd0000 ---p 0000d000 08:02 4849854                    /usr/lib/x86_64-linux-gnu/libgbm.so.1.0.0
7fca9cfd0000-7fca9cfd1000 r--p 0000c000 08:02 4849854                    /usr/lib/x86_64-linux-gnu/libgbm.so.1.0.0
7fca9cfd1000-7fca9cfd2000 rw-p 0000d000 08:02 4849854                    /usr/lib/x86_64-linux-gnu/libgbm.so.1.0.0
7fca9cfd2000-7fca9cfe0000 r-xp 00000000 08:02 4858976                    /usr/lib/x86_64-linux-gnu/libwayland-server.so.0.1.0
7fca9cfe0000-7fca9d1e0000 ---p 0000e000 08:02 4858976                    /usr/lib/x86_64-linux-gnu/libwayland-server.so.0.1.0
7fca9d1e0000-7fca9d1e2000 r--p 0000e000 08:02 4858976                    /usr/lib/x86_64-linux-gnu/libwayland-server.so.0.1.0
7fca9d1e2000-7fca9d1e3000 rw-p 00010000 08:02 4858976                    /usr/lib/x86_64-linux-gnu/libwayland-server.so.0.1.0
7fca9d1e3000-7fca9d1ee000 r-xp 00000000 08:02 4858970                    /usr/lib/x86_64-linux-gnu/libwayland-client.so.0.2.0
7fca9d1ee000-7fca9d3ee000 ---p 0000b000 08:02 4858970                    /usr/lib/x86_64-linux-gnu/libwayland-client.so.0.2.0
7fca9d3ee000-7fca9d3f0000 r--p 0000b000 08:02 4858970                    /usr/lib/x86_64-linux-gnu/libwayland-client.so.0.2.0
7fca9d3f0000-7fca9d3f1000 rw-p 0000d000 08:02 4858970                    /usr/lib/x86_64-linux-gnu/libwayland-client.so.0.2.0
7fca9d3f1000-7fca9d3f6000 r-xp 00000000 08:02 4859022                    /usr/lib/x86_64-linux-gnu/libxcb-xfixes.so.0.0.0
7fca9d3f6000-7fca9d5f6000 ---p 00005000 08:02 4859022                    /usr/lib/x86_64-linux-gnu/libxcb-xfixes.so.0.0.0
7fca9d5f6000-7fca9d5f7000 r--p 00005000 08:02 4859022                    /usr/lib/x86_64-linux-gnu/libxcb-xfixes.so.0.0.0
7fca9d5f7000-7fca9d5f8000 rw-p 00006000 08:02 4859022                    /usr/lib/x86_64-linux-gnu/libxcb-xfixes.so.0.0.0
7fca9d5f8000-7fca9d621000 r-xp 00000000 08:02 5114652                    /usr/lib/x86_64-linux-gnu/mesa-egl/libEGL.so.1.0.0
7fca9d621000-7fca9d820000 ---p 00029000 08:02 5114652                    /usr/lib/x86_64-linux-gnu/mesa-egl/libEGL.so.1.0.0
7fca9d820000-7fca9d821000 r--p 00028000 08:02 5114652                    /usr/lib/x86_64-linux-gnu/mesa-egl/libEGL.so.1.0.0
7fca9d821000-7fca9d822000 rw-p 00029000 08:02 5114652                    /usr/lib/x86_64-linux-gnu/mesa-egl/libEGL.so.1.0.0
7fca9d822000-7fca9d823000 rw-p 00000000 00:00 0 
7fca9d823000-7fca9d8c8000 r-xp 00000000 08:02 4587548                    /tmp/jogamp_0000/file_cache/jln3561294236039402617/jln7461667866795866908/libjogl_desktop.so
7fca9d8c8000-7fca9dac8000 ---p 000a5000 08:02 4587548                    /tmp/jogamp_0000/file_cache/jln3561294236039402617/jln7461667866795866908/libjogl_desktop.so
7fca9dac8000-7fca9dac9000 rw-p 000a5000 08:02 4587548                    /tmp/jogamp_0000/file_cache/jln3561294236039402617/jln7461667866795866908/libjogl_desktop.so
7fca9dac9000-7fca9dad4000 r-xp 00000000 08:02 4858200                    /usr/lib/x86_64-linux-gnu/libdrm.so.2.4.0
7fca9dad4000-7fca9dcd3000 ---p 0000b000 08:02 4858200                    /usr/lib/x86_64-linux-gnu/libdrm.so.2.4.0
7fca9dcd3000-7fca9dcd4000 r--p 0000a000 08:02 4858200                    /usr/lib/x86_64-linux-gnu/libdrm.so.2.4.0
7fca9dcd4000-7fca9dcd5000 rw-p 0000b000 08:02 4858200                    /usr/lib/x86_64-linux-gnu/libdrm.so.2.4.0
7fca9dcd5000-7fca9dcd6000 r-xp 00000000 08:02 4859034                    /usr/lib/x86_64-linux-gnu/libxshmfence.so.1.0.0
7fca9dcd6000-7fca9ded5000 ---p 00001000 08:02 4859034                    /usr/lib/x86_64-linux-gnu/libxshmfence.so.1.0.0
7fca9ded5000-7fca9ded6000 r--p 00000000 08:02 4859034                    /usr/lib/x86_64-linux-gnu/libxshmfence.so.1.0.0
7fca9ded6000-7fca9ded7000 rw-p 00001000 08:02 4859034                    /usr/lib/x86_64-linux-gnu/libxshmfence.so.1.0.0
7fca9ded7000-7fca9dedc000 r-xp 00000000 08:02 4859016                    /usr/lib/x86_64-linux-gnu/libxcb-sync.so.1.0.0
7fca9dedc000-7fca9e0db000 ---p 00005000 08:02 4859016                    /usr/lib/x86_64-linux-gnu/libxcb-sync.so.1.0.0
7fca9e0db000-7fca9e0dc000 r--p 00004000 08:02 4859016                    /usr/lib/x86_64-linux-gnu/libxcb-sync.so.1.0.0
7fca9e0dc000-7fca9e0dd000 rw-p 00005000 08:02 4859016                    /usr/lib/x86_64-linux-gnu/libxcb-sync.so.1.0.0
7fca9e0dd000-7fca9e0df000 r-xp 00000000 08:02 4859008                    /usr/lib/x86_64-linux-gnu/libxcb-present.so.0.0.0
7fca9e0df000-7fca9e2de000 ---p 00002000 08:02 4859008                    /usr/lib/x86_64-linux-gnu/libxcb-present.so.0.0.0
7fca9e2de000-7fca9e2df000 r--p 00001000 08:02 4859008                    /usr/lib/x86_64-linux-gnu/libxcb-present.so.0.0.0
7fca9e2df000-7fca9e2e0000 rw-p 00002000 08:02 4859008                    /usr/lib/x86_64-linux-gnu/libxcb-present.so.0.0.0
7fca9e2e0000-7fca9e2e2000 r-xp 00000000 08:02 4858998                    /usr/lib/x86_64-linux-gnu/libxcb-dri3.so.0.0.0
7fca9e2e2000-7fca9e4e1000 ---p 00002000 08:02 4858998                    /usr/lib/x86_64-linux-gnu/libxcb-dri3.so.0.0.0
7fca9e4e1000-7fca9e4e2000 r--p 00001000 08:02 4858998                    /usr/lib/x86_64-linux-gnu/libxcb-dri3.so.0.0.0
7fca9e4e2000-7fca9e4e3000 rw-p 00002000 08:02 4858998                    /usr/lib/x86_64-linux-gnu/libxcb-dri3.so.0.0.0
7fca9e4e3000-7fca9e4e6000 r-xp 00000000 08:02 4858996                    /usr/lib/x86_64-linux-gnu/libxcb-dri2.so.0.0.0
7fca9e4e6000-7fca9e6e6000 ---p 00003000 08:02 4858996                    /usr/lib/x86_64-linux-gnu/libxcb-dri2.so.0.0.0
7fca9e6e6000-7fca9e6e7000 r--p 00003000 08:02 4858996                    /usr/lib/x86_64-linux-gnu/libxcb-dri2.so.0.0.0
7fca9e6e7000-7fca9e6e8000 rw-p 00004000 08:02 4858996                    /usr/lib/x86_64-linux-gnu/libxcb-dri2.so.0.0.0
7fca9e6e8000-7fca9e6fd000 r-xp 00000000 08:02 4859000                    /usr/lib/x86_64-linux-gnu/libxcb-glx.so.0.0.0
7fca9e6fd000-7fca9e8fc000 ---p 00015000 08:02 4859000                    /usr/lib/x86_64-linux-gnu/libxcb-glx.so.0.0.0
7fca9e8fc000-7fca9e8fe000 r--p 00014000 08:02 4859000                    /usr/lib/x86_64-linux-gnu/libxcb-glx.so.0.0.0
7fca9e8fe000-7fca9e8ff000 rw-p 00016000 08:02 4859000                    /usr/lib/x86_64-linux-gnu/libxcb-glx.so.0.0.0
7fca9e8ff000-7fca9e900000 r-xp 00000000 08:02 4857939                    /usr/lib/x86_64-linux-gnu/libX11-xcb.so.1.0.0
7fca9e900000-7fca9eaff000 ---p 00001000 08:02 4857939                    /usr/lib/x86_64-linux-gnu/libX11-xcb.so.1.0.0
7fca9eaff000-7fca9eb00000 r--p 00000000 08:02 4857939                    /usr/lib/x86_64-linux-gnu/libX11-xcb.so.1.0.0
7fca9eb00000-7fca9eb01000 rw-p 00001000 08:02 4857939                    /usr/lib/x86_64-linux-gnu/libX11-xcb.so.1.0.0
7fca9eb01000-7fca9eb03000 r-xp 00000000 08:02 4857954                    /usr/lib/x86_64-linux-gnu/libXdamage.so.1.1.0
7fca9eb03000-7fca9ed02000 ---p 00002000 08:02 4857954                    /usr/lib/x86_64-linux-gnu/libXdamage.so.1.1.0
7fca9ed02000-7fca9ed03000 r--p 00001000 08:02 4857954                    /usr/lib/x86_64-linux-gnu/libXdamage.so.1.1.0
7fca9ed03000-7fca9ed04000 rw-p 00002000 08:02 4857954                    /usr/lib/x86_64-linux-gnu/libXdamage.so.1.1.0
7fca9ed04000-7fca9ed29000 r-xp 00000000 08:02 4853342                    /usr/lib/x86_64-linux-gnu/libglapi.so.0.0.0
7fca9ed29000-7fca9ef28000 ---p 00025000 08:02 4853342                    /usr/lib/x86_64-linux-gnu/libglapi.so.0.0.0
7fca9ef28000-7fca9ef2b000 r--p 00024000 08:02 4853342                    /usr/lib/x86_64-linux-gnu/libglapi.so.0.0.0
7fca9ef2b000-7fca9ef2c000 rw-p 00027000 08:02 4853342                    /usr/lib/x86_64-linux-gnu/libglapi.so.0.0.0
7fca9ef2c000-7fca9ef2d000 rw-p 00000000 00:00 0 
7fca9ef2d000-7fca9ef53000 r-xp 00000000 08:02 2625637                    /lib/x86_64-linux-gnu/libexpat.so.1.6.0
7fca9ef53000-7fca9f152000 ---p 00026000 08:02 2625637                    /lib/x86_64-linux-gnu/libexpat.so.1.6.0
7fca9f152000-7fca9f155000 r--p 00025000 08:02 2625637                    /lib/x86_64-linux-gnu/libexpat.so.1.6.0
7fca9f155000-7fca9f156000 rw-p 00028000 08:02 2625637                    /lib/x86_64-linux-gnu/libexpat.so.1.6.0
7fca9f156000-7fca9f1ec000 r-xp 00000000 08:02 5113685                    /usr/lib/x86_64-linux-gnu/mesa/libGL.so.1.2.0
7fca9f1ec000-7fca9f3eb000 ---p 00096000 08:02 5113685                    /usr/lib/x86_64-linux-gnu/mesa/libGL.so.1.2.0
7fca9f3eb000-7fca9f3ee000 r--p 00095000 08:02 5113685                    /usr/lib/x86_64-linux-gnu/mesa/libGL.so.1.2.0
7fca9f3ee000-7fca9f3ef000 rw-p 00098000 08:02 5113685                    /usr/lib/x86_64-linux-gnu/mesa/libGL.so.1.2.0
7fca9f3ef000-7fca9f5f0000 rw-p 00000000 00:00 0 
7fca9f5f0000-7fca9f7f0000 rw-p 00000000 00:00 0 
7fca9f7f0000-7fca9f7f7000 r-xp 00000000 08:02 4587551                    /tmp/jogamp_0000/file_cache/jln3561294236039402617/jln7461667866795866908/libnativewindow_x11.so
7fca9f7f7000-7fca9f9f6000 ---p 00007000 08:02 4587551                    /tmp/jogamp_0000/file_cache/jln3561294236039402617/jln7461667866795866908/libnativewindow_x11.so
7fca9f9f6000-7fca9f9f7000 rw-p 00006000 08:02 4587551                    /tmp/jogamp_0000/file_cache/jln3561294236039402617/jln7461667866795866908/libnativewindow_x11.so
7fca9f9f7000-7fca9f9fb000 r-xp 00000000 08:02 4857996                    /usr/lib/x86_64-linux-gnu/libXxf86vm.so.1.0.0
7fca9f9fb000-7fca9fbfb000 ---p 00004000 08:02 4857996                    /usr/lib/x86_64-linux-gnu/libXxf86vm.so.1.0.0
7fca9fbfb000-7fca9fbfc000 r--p 00004000 08:02 4857996                    /usr/lib/x86_64-linux-gnu/libXxf86vm.so.1.0.0
7fca9fbfc000-7fca9fbfd000 rw-p 00005000 08:02 4857996                    /usr/lib/x86_64-linux-gnu/libXxf86vm.so.1.0.0
7fca9fbfd000-7fca9fbff000 r-xp 00000000 08:02 4587550                    /tmp/jogamp_0000/file_cache/jln3561294236039402617/jln7461667866795866908/libnativewindow_awt.so
7fca9fbff000-7fca9fdfe000 ---p 00002000 08:02 4587550                    /tmp/jogamp_0000/file_cache/jln3561294236039402617/jln7461667866795866908/libnativewindow_awt.so
7fca9fdfe000-7fca9fdff000 rw-p 00001000 08:02 4587550                    /tmp/jogamp_0000/file_cache/jln3561294236039402617/jln7461667866795866908/libnativewindow_awt.so
7fca9fdff000-7fca9fe00000 r-xp 00000000 08:02 4855861                    /usr/lib/jvm/java-8-oracle/jre/lib/amd64/libjawt.so
7fca9fe00000-7fca9ffff000 ---p 00001000 08:02 4855861                    /usr/lib/jvm/java-8-oracle/jre/lib/amd64/libjawt.so
7fca9ffff000-7fcaa0000000 rw-p 00000000 08:02 4855861                    /usr/lib/jvm/java-8-oracle/jre/lib/amd64/libjawt.so
7fcaa0000000-7fcaa0021000 rw-p 00000000 00:00 0 
7fcaa0021000-7fcaa4000000 ---p 00000000 00:00 0 
7fcaa4000000-7fcaa585a000 rw-p 00000000 00:00 0 
7fcaa585a000-7fcaa8000000 ---p 00000000 00:00 0 
7fcaa8000000-7fcaaa93a000 rw-p 00000000 00:00 0 
7fcaaa93a000-7fcaac000000 ---p 00000000 00:00 0 
7fcaac000000-7fcaac954000 rw-p 00000000 00:00 0 
7fcaac954000-7fcab0000000 ---p 00000000 00:00 0 
7fcab0000000-7fcab0021000 rw-p 00000000 00:00 0 
7fcab0021000-7fcab4000000 ---p 00000000 00:00 0 
7fcab4000000-7fcab405c000 rw-p 00000000 00:00 0 
7fcab405c000-7fcab8000000 ---p 00000000 00:00 0 
7fcab8000000-7fcab8023000 rw-p 00000000 00:00 0 
7fcab8023000-7fcabc000000 ---p 00000000 00:00 0 
7fcabc000000-7fcabc021000 rw-p 00000000 00:00 0 
7fcabc021000-7fcac0000000 ---p 00000000 00:00 0 
7fcac0000000-7fcac0021000 rw-p 00000000 00:00 0 
7fcac0021000-7fcac4000000 ---p 00000000 00:00 0 
7fcac4000000-7fcac4021000 rw-p 00000000 00:00 0 
7fcac4021000-7fcac8000000 ---p 00000000 00:00 0 
7fcac8000000-7fcac864b000 rw-p 00000000 00:00 0 
7fcac864b000-7fcacc000000 ---p 00000000 00:00 0 
7fcacc000000-7fcacc021000 rw-p 00000000 00:00 0 
7fcacc021000-7fcad0000000 ---p 00000000 00:00 0 
7fcad0000000-7fcad1b4d000 rw-p 00000000 00:00 0 
7fcad1b4d000-7fcad4000000 ---p 00000000 00:00 0 
7fcad4000000-7fcad493b000 rw-p 00000000 00:00 0 
7fcad493b000-7fcad8000000 ---p 00000000 00:00 0 
7fcad8000000-7fcad8021000 rw-p 00000000 00:00 0 
7fcad8021000-7fcadc000000 ---p 00000000 00:00 0 
7fcadc000000-7fcadc021000 rw-p 00000000 00:00 0 
7fcadc021000-7fcae0000000 ---p 00000000 00:00 0 
7fcae0000000-7fcae0022000 rw-p 00000000 00:00 0 
7fcae0022000-7fcae4000000 ---p 00000000 00:00 0 
7fcae4000000-7fcae4021000 rw-p 00000000 00:00 0 
7fcae4021000-7fcae8000000 ---p 00000000 00:00 0 
7fcae8000000-7fcae8021000 rw-p 00000000 00:00 0 
7fcae8021000-7fcaec000000 ---p 00000000 00:00 0 
7fcaec000000-7fcaec021000 rw-p 00000000 00:00 0 
7fcaec021000-7fcaf0000000 ---p 00000000 00:00 0 
7fcaf0000000-7fcaf0021000 rw-p 00000000 00:00 0 
7fcaf0021000-7fcaf4000000 ---p 00000000 00:00 0 
7fcaf4000000-7fcaf4001000 r--s 00000000 08:02 786503                     /var/cache/fontconfig/0c9eb80ebd1c36541ebe2852d3bb0c49-le64.cache-4
7fcaf4001000-7fcaf4002000 r--s 00000000 08:02 786517                     /var/cache/fontconfig/62f91419b9ebdb6975e7e41ab6412357-le64.cache-4
7fcaf4002000-7fcaf4006000 r--s 00000000 08:02 786516                     /var/cache/fontconfig/7ef2298fde41cc6eeb7af42e48b7d293-le64.cache-4
7fcaf4074000-7fcaf4075000 rw-p 00000000 00:00 0 
7fcaf4075000-7fcaf4076000 rw-s 00000000 00:04 209092                     /drm mm object (deleted)
7fcaf4076000-7fcaf4077000 rw-s 00000000 00:04 207980                     /drm mm object (deleted)
7fcaf4077000-7fcaf407f000 rw-s 00000000 00:04 207771                     /drm mm object (deleted)
7fcaf407f000-7fcaf4080000 rw-s 00000000 00:04 207972                     /drm mm object (deleted)
7fcaf4080000-7fcaf4088000 rw-s 00000000 00:04 207965                     /drm mm object (deleted)
7fcaf4088000-7fcaf4090000 rw-s 00000000 00:04 207964                     /drm mm object (deleted)
7fcaf4090000-7fcaf4091000 rw-s 00000000 00:04 207961                     /drm mm object (deleted)
7fcaf4091000-7fcaf4099000 rw-s 00000000 00:04 209062                     /drm mm object (deleted)
7fcaf4099000-7fcaf409a000 rw-s 00000000 00:04 209055                     /drm mm object (deleted)
7fcaf409a000-7fcaf409b000 rw-s 00000000 00:04 209050                     /drm mm object (deleted)
7fcaf409b000-7fcaf40a3000 rw-s 00000000 00:04 209046                     /drm mm object (deleted)
7fcaf40a3000-7fcaf40a4000 rw-s 00000000 00:04 209043                     /drm mm object (deleted)
7fcaf40a4000-7fcaf40ac000 rw-s 00000000 00:04 209042                     /drm mm object (deleted)
7fcaf40ac000-7fcaf40ad000 rwxp 00000000 00:00 0 
7fcaf40ad000-7fcaf40b5000 rw-s 00000000 00:04 207960                     /drm mm object (deleted)
7fcaf40b5000-7fcaf40bd000 rw-s 00000000 00:04 209034                     /drm mm object (deleted)
7fcaf40bd000-7fcaf40be000 rw-s 00000000 00:04 209031                     /drm mm object (deleted)
7fcaf40be000-7fcaf40c6000 rw-s 00000000 00:04 209030                     /drm mm object (deleted)
7fcaf40c6000-7fcaf40c8000 r-xp 00000000 08:02 4587547                    /tmp/jogamp_0000/file_cache/jln3561294236039402617/jln7461667866795866908/libgluegen-rt.so
7fcaf40c8000-7fcaf42c7000 ---p 00002000 08:02 4587547                    /tmp/jogamp_0000/file_cache/jln3561294236039402617/jln7461667866795866908/libgluegen-rt.so
7fcaf42c7000-7fcaf42c8000 rw-p 00001000 08:02 4587547                    /tmp/jogamp_0000/file_cache/jln3561294236039402617/jln7461667866795866908/libgluegen-rt.so
7fcaf42c8000-7fcaf42cb000 ---p 00000000 00:00 0 
7fcaf42cb000-7fcaf43c9000 rw-p 00000000 00:00 0                          [stack:14765]
7fcaf43c9000-7fcaf43cc000 ---p 00000000 00:00 0 
7fcaf43cc000-7fcaf4602000 rw-p 00000000 00:00 0                          [stack:14760]
7fcaf4602000-7fcaf4605000 ---p 00000000 00:00 0 
7fcaf4605000-7fcaf4903000 rw-p 00000000 00:00 0 
7fcaf4903000-7fcaf4906000 ---p 00000000 00:00 0 
7fcaf4906000-7fcaf4a04000 rw-p 00000000 00:00 0                          [stack:14755]
7fcaf4a04000-7fcaf4a6d000 r-xp 00000000 08:02 4855882                    /usr/lib/jvm/java-8-oracle/jre/lib/amd64/libt2k.so
7fcaf4a6d000-7fcaf4c6c000 ---p 00069000 08:02 4855882                    /usr/lib/jvm/java-8-oracle/jre/lib/amd64/libt2k.so
7fcaf4c6c000-7fcaf4c73000 rw-p 00068000 08:02 4855882                    /usr/lib/jvm/java-8-oracle/jre/lib/amd64/libt2k.so
7fcaf4c73000-7fcaf4c83000 rw-p 00000000 00:00 0 
7fcaf4c83000-7fcaf4c94000 r-xp 00000000 08:02 4855860                    /usr/lib/jvm/java-8-oracle/jre/lib/amd64/libnio.so
7fcaf4c94000-7fcaf4e93000 ---p 00011000 08:02 4855860                    /usr/lib/jvm/java-8-oracle/jre/lib/amd64/libnio.so
7fcaf4e93000-7fcaf4e94000 rw-p 00010000 08:02 4855860                    /usr/lib/jvm/java-8-oracle/jre/lib/amd64/libnio.so
7fcaf4e94000-7fcaf4ec5000 rw-p 00000000 00:00 0 
7fcaf4ec5000-7fcaf4edb000 r-xp 00000000 08:02 4855886                    /usr/lib/jvm/java-8-oracle/jre/lib/amd64/libnet.so
7fcaf4edb000-7fcaf50db000 ---p 00016000 08:02 4855886                    /usr/lib/jvm/java-8-oracle/jre/lib/amd64/libnet.so
7fcaf50db000-7fcaf50dc000 rw-p 00016000 08:02 4855886                    /usr/lib/jvm/java-8-oracle/jre/lib/amd64/libnet.so
7fcaf50dc000-7fcaf50df000 ---p 00000000 00:00 0 
7fcaf50df000-7fcaf51dd000 rw-p 00000000 00:00 0                          [stack:14753]
7fcaf51dd000-7fcaf51e0000 ---p 00000000 00:00 0 
7fcaf51e0000-7fcaf52de000 rw-p 00000000 00:00 0                          [stack:14752]
7fcaf52de000-7fcaf52e1000 ---p 00000000 00:00 0 
7fcaf52e1000-7fcaf53df000 rw-p 00000000 00:00 0                          [stack:14751]
7fcaf53df000-7fcaf53e2000 ---p 00000000 00:00 0 
7fcaf53e2000-7fcaf54e0000 rw-p 00000000 00:00 0                          [stack:14749]
7fcaf54e0000-7fcaf54e5000 r-xp 00000000 08:02 4857960                    /usr/lib/x86_64-linux-gnu/libXfixes.so.3.1.0
7fcaf54e5000-7fcaf56e4000 ---p 00005000 08:02 4857960                    /usr/lib/x86_64-linux-gnu/libXfixes.so.3.1.0
7fcaf56e4000-7fcaf56e5000 r--p 00004000 08:02 4857960                    /usr/lib/x86_64-linux-gnu/libXfixes.so.3.1.0
7fcaf56e5000-7fcaf56e6000 rw-p 00005000 08:02 4857960                    /usr/lib/x86_64-linux-gnu/libXfixes.so.3.1.0
7fcaf56e6000-7fcaf56ef000 r-xp 00000000 08:02 4857952                    /usr/lib/x86_64-linux-gnu/libXcursor.so.1.0.2
7fcaf56ef000-7fcaf58ee000 ---p 00009000 08:02 4857952                    /usr/lib/x86_64-linux-gnu/libXcursor.so.1.0.2
7fcaf58ee000-7fcaf58ef000 r--p 00008000 08:02 4857952                    /usr/lib/x86_64-linux-gnu/libXcursor.so.1.0.2
7fcaf58ef000-7fcaf58f0000 rw-p 00009000 08:02 4857952                    /usr/lib/x86_64-linux-gnu/libXcursor.so.1.0.2
7fcaf58f0000-7fcaf58f3000 ---p 00000000 00:00 0 
7fcaf58f3000-7fcaf59f1000 rw-p 00000000 00:00 0                          [stack:14748]
7fcaf59f1000-7fcaf5a07000 r-xp 00000000 08:02 2625642                    /lib/x86_64-linux-gnu/libgcc_s.so.1
7fcaf5a07000-7fcaf5c06000 ---p 00016000 08:02 2625642                    /lib/x86_64-linux-gnu/libgcc_s.so.1
7fcaf5c06000-7fcaf5c07000 r--p 00015000 08:02 2625642                    /lib/x86_64-linux-gnu/libgcc_s.so.1
7fcaf5c07000-7fcaf5c08000 rw-p 00016000 08:02 2625642                    /lib/x86_64-linux-gnu/libgcc_s.so.1
7fcaf5c08000-7fcaf5c6d000 r-xp 00000000 08:02 4855916                    /usr/lib/jvm/java-8-oracle/jre/lib/amd64/libfontmanager.so
7fcaf5c6d000-7fcaf5e6c000 ---p 00065000 08:02 4855916                    /usr/lib/jvm/java-8-oracle/jre/lib/amd64/libfontmanager.so
7fcaf5e6c000-7fcaf5e71000 rw-p 00064000 08:02 4855916                    /usr/lib/jvm/java-8-oracle/jre/lib/amd64/libfontmanager.so
7fcaf5e71000-7fcaf5e81000 rw-p 00000000 00:00 0 
7fcaf5e81000-7fcaf5e86000 r-xp 00000000 08:02 4857956                    /usr/lib/x86_64-linux-gnu/libXdmcp.so.6.0.0
7fcaf5e86000-7fcaf6085000 ---p 00005000 08:02 4857956                    /usr/lib/x86_64-linux-gnu/libXdmcp.so.6.0.0
7fcaf6085000-7fcaf6086000 r--p 00004000 08:02 4857956                    /usr/lib/x86_64-linux-gnu/libXdmcp.so.6.0.0
7fcaf6086000-7fcaf6087000 rw-p 00005000 08:02 4857956                    /usr/lib/x86_64-linux-gnu/libXdmcp.so.6.0.0
7fcaf6087000-7fcaf6089000 r-xp 00000000 08:02 4857945                    /usr/lib/x86_64-linux-gnu/libXau.so.6.0.0
7fcaf6089000-7fcaf6289000 ---p 00002000 08:02 4857945                    /usr/lib/x86_64-linux-gnu/libXau.so.6.0.0
7fcaf6289000-7fcaf628a000 r--p 00002000 08:02 4857945                    /usr/lib/x86_64-linux-gnu/libXau.so.6.0.0
7fcaf628a000-7fcaf628b000 rw-p 00003000 08:02 4857945                    /usr/lib/x86_64-linux-gnu/libXau.so.6.0.0
7fcaf628b000-7fcaf62a8000 r-xp 00000000 08:02 4859026                    /usr/lib/x86_64-linux-gnu/libxcb.so.1.1.0
7fcaf62a8000-7fcaf64a8000 ---p 0001d000 08:02 4859026                    /usr/lib/x86_64-linux-gnu/libxcb.so.1.1.0
7fcaf64a8000-7fcaf64a9000 r--p 0001d000 08:02 4859026                    /usr/lib/x86_64-linux-gnu/libxcb.so.1.1.0
7fcaf64a9000-7fcaf64aa000 rw-p 0001e000 08:02 4859026                    /usr/lib/x86_64-linux-gnu/libxcb.so.1.1.0
7fcaf64aa000-7fcaf64b9000 r-xp 00000000 08:02 4857966                    /usr/lib/x86_64-linux-gnu/libXi.so.6.1.0
7fcaf64b9000-7fcaf66b8000 ---p 0000f000 08:02 4857966                    /usr/lib/x86_64-linux-gnu/libXi.so.6.1.0
7fcaf66b8000-7fcaf66b9000 r--p 0000e000 08:02 4857966                    /usr/lib/x86_64-linux-gnu/libXi.so.6.1.0
7fcaf66b9000-7fcaf66ba000 rw-p 0000f000 08:02 4857966                    /usr/lib/x86_64-linux-gnu/libXi.so.6.1.0
7fcaf66ba000-7fcaf66bf000 r-xp 00000000 08:02 4857986                    /usr/lib/x86_64-linux-gnu/libXtst.so.6.1.0
7fcaf66bf000-7fcaf68be000 ---p 00005000 08:02 4857986                    /usr/lib/x86_64-linux-gnu/libXtst.so.6.1.0
7fcaf68be000-7fcaf68bf000 r--p 00004000 08:02 4857986                    /usr/lib/x86_64-linux-gnu/libXtst.so.6.1.0
7fcaf68bf000-7fcaf68c0000 rw-p 00005000 08:02 4857986                    /usr/lib/x86_64-linux-gnu/libXtst.so.6.1.0
7fcaf68c0000-7fcaf68c9000 r-xp 00000000 08:02 4857980                    /usr/lib/x86_64-linux-gnu/libXrender.so.1.3.0
7fcaf68c9000-7fcaf6ac8000 ---p 00009000 08:02 4857980                    /usr/lib/x86_64-linux-gnu/libXrender.so.1.3.0
7fcaf6ac8000-7fcaf6ac9000 r--p 00008000 08:02 4857980                    /usr/lib/x86_64-linux-gnu/libXrender.so.1.3.0
7fcaf6ac9000-7fcaf6aca000 rw-p 00009000 08:02 4857980                    /usr/lib/x86_64-linux-gnu/libXrender.so.1.3.0
7fcaf6aca000-7fcaf6bfd000 r-xp 00000000 08:02 4857941                    /usr/lib/x86_64-linux-gnu/libX11.so.6.3.0
7fcaf6bfd000-7fcaf6dfd000 ---p 00133000 08:02 4857941                    /usr/lib/x86_64-linux-gnu/libX11.so.6.3.0
7fcaf6dfd000-7fcaf6dfe000 r--p 00133000 08:02 4857941                    /usr/lib/x86_64-linux-gnu/libX11.so.6.3.0
7fcaf6dfe000-7fcaf6e02000 rw-p 00134000 08:02 4857941                    /usr/lib/x86_64-linux-gnu/libX11.so.6.3.0
7fcaf6e02000-7fcaf6e03000 rw-p 00000000 00:00 0 
7fcaf6e03000-7fcaf6e14000 r-xp 00000000 08:02 4857958                    /usr/lib/x86_64-linux-gnu/libXext.so.6.4.0
7fcaf6e14000-7fcaf7013000 ---p 00011000 08:02 4857958                    /usr/lib/x86_64-linux-gnu/libXext.so.6.4.0
7fcaf7013000-7fcaf7014000 r--p 00010000 08:02 4857958                    /usr/lib/x86_64-linux-gnu/libXext.so.6.4.0
7fcaf7014000-7fcaf7015000 rw-p 00011000 08:02 4857958                    /usr/lib/x86_64-linux-gnu/libXext.so.6.4.0
7fcaf7015000-7fcaf7069000 r-xp 00000000 08:02 4855857                    /usr/lib/jvm/java-8-oracle/jre/lib/amd64/libawt_xawt.so
7fcaf7069000-7fcaf7269000 ---p 00054000 08:02 4855857                    /usr/lib/jvm/java-8-oracle/jre/lib/amd64/libawt_xawt.so
7fcaf7269000-7fcaf726d000 rw-p 00054000 08:02 4855857                    /usr/lib/jvm/java-8-oracle/jre/lib/amd64/libawt_xawt.so
7fcaf726d000-7fcaf726e000 rw-p 00000000 00:00 0 
7fcaf726e000-7fcaf7310000 r-xp 00000000 08:02 4855893                    /usr/lib/jvm/java-8-oracle/jre/lib/amd64/libawt.so
7fcaf7310000-7fcaf7510000 ---p 000a2000 08:02 4855893                    /usr/lib/jvm/java-8-oracle/jre/lib/amd64/libawt.so
7fcaf7510000-7fcaf751c000 rw-p 000a2000 08:02 4855893                    /usr/lib/jvm/java-8-oracle/jre/lib/amd64/libawt.so
7fcaf751c000-7fcaf7540000 rw-p 00000000 00:00 0 
7fcaf7540000-7fcaf7541000 ---p 00000000 00:00 0 
7fcaf7541000-7fcaf7641000 rw-p 00000000 00:00 0                          [stack:14747]
7fcaf7641000-7fcaf7644000 ---p 00000000 00:00 0 
7fcaf7644000-7fcaf7742000 rw-p 00000000 00:00 0                          [stack:14746]
7fcaf7742000-7fcaf7e24000 r--p 00000000 08:02 4857189                    /usr/lib/locale/locale-archive
7fcaf7e24000-7fcaf8000000 rw-p 00000000 00:00 0 
7fcaf8000000-7fcaf8021000 rw-p 00000000 00:00 0 
7fcaf8021000-7fcafc000000 ---p 00000000 00:00 0 
7fcafc000000-7fcafc001000 r--s 0002f000 08:02 5120518                    /home/bhupendra/Coursera Java Specialization/Assignments/World-Earthquakes-View/UCSDUnfoldingMaps/lib/jogl-all-natives-linux-amd64.jar
7fcafc001000-7fcafc003000 r--s 00000000 08:02 5120511                    /home/bhupendra/Coursera Java Specialization/Assignments/World-Earthquakes-View/UCSDUnfoldingMaps/lib/gluegen-rt-natives-linux-amd64.jar
7fcafc003000-7fcafc00e000 r--s 00116000 08:02 4855938                    /usr/lib/jvm/java-8-oracle/jre/lib/ext/localedata.jar
7fcafc00e000-7fcafc02a000 r--s 00393000 08:02 4855940                    /usr/lib/jvm/java-8-oracle/jre/lib/ext/cldrdata.jar
7fcafc02a000-7fcafc02b000 r--p 00000000 00:00 0 
7fcafc02b000-7fcafc030000 r--s 00094000 08:02 4855697                    /usr/lib/jvm/java-8-oracle/jre/lib/jsse.jar
7fcafc030000-7fcafc036000 r--s 00033000 08:02 5120529                    /home/bhupendra/Coursera Java Specialization/Assignments/World-Earthquakes-View/UCSDUnfoldingMaps/lib/unfolding.0.9.7-uscd.jar
7fcafc036000-7fcafc059000 r--s 002ec000 08:02 5120524                    /home/bhupendra/Coursera Java Specialization/Assignments/World-Earthquakes-View/UCSDUnfoldingMaps/lib/jogl-all.jar
7fcafc059000-7fcafc05c000 ---p 00000000 00:00 0 
7fcafc05c000-7fcafc15a000 rw-p 00000000 00:00 0                          [stack:14745]
7fcafc15a000-7fcafc15d000 ---p 00000000 00:00 0 
7fcafc15d000-7fcafc25b000 rw-p 00000000 00:00 0                          [stack:14744]
7fcafc25b000-7fcafc25e000 ---p 00000000 00:00 0 
7fcafc25e000-7fcafc35c000 rw-p 00000000 00:00 0                          [stack:14743]
7fcafc35c000-7fcafc35f000 ---p 00000000 00:00 0 
7fcafc35f000-7fcafc45d000 rw-p 00000000 00:00 0                          [stack:14742]
7fcafc45d000-7fcafc460000 ---p 00000000 00:00 0 
7fcafc460000-7fcafc55e000 rw-p 00000000 00:00 0                          [stack:14741]
7fcafc55e000-7fcafc561000 ---p 00000000 00:00 0 
7fcafc561000-7fcafc65f000 rw-p 00000000 00:00 0                          [stack:14740]
7fcafc65f000-7fcafc660000 ---p 00000000 00:00 0 
7fcafc660000-7fcafd6df000 rw-p 00000000 00:00 0                          [stack:14739]
7fcafd6df000-7fcafd8b8000 r--s 03d09000 08:02 4855699                    /usr/lib/jvm/java-8-oracle/jre/lib/rt.jar
7fcafd8b8000-7fcaffeee000 rw-p 00000000 00:00 0 
7fcaffeee000-7fcaffeef000 ---p 00000000 00:00 0 
7fcaffeef000-7fcafffef000 rw-p 00000000 00:00 0                          [stack:14738]
7fcafffef000-7fcaffff0000 ---p 00000000 00:00 0 
7fcaffff0000-7fcb000f0000 rw-p 00000000 00:00 0                          [stack:14737]
7fcb000f0000-7fcb000f1000 ---p 00000000 00:00 0 
7fcb000f1000-7fcb001f1000 rw-p 00000000 00:00 0                          [stack:14736]
7fcb001f1000-7fcb001f2000 ---p 00000000 00:00 0 
7fcb001f2000-7fcb00308000 rw-p 00000000 00:00 0                          [stack:14735]
7fcb00308000-7fcb00430000 ---p 00000000 00:00 0 
7fcb00430000-7fcb00446000 rw-p 00000000 00:00 0 
7fcb00446000-7fcb0056d000 ---p 00000000 00:00 0 
7fcb0056d000-7fcb005d0000 rw-p 00000000 00:00 0 
7fcb005d0000-7fcb0060c000 ---p 00000000 00:00 0 
7fcb0060c000-7fcb00631000 rw-p 00000000 00:00 0 
7fcb00631000-7fcb009cd000 ---p 00000000 00:00 0 
7fcb009cd000-7fcb0129d000 rwxp 00000000 00:00 0 
7fcb0129d000-7fcb0f9cd000 ---p 00000000 00:00 0 
7fcb0f9cd000-7fcb0f9e7000 r-xp 00000000 08:02 4855865                    /usr/lib/jvm/java-8-oracle/jre/lib/amd64/libzip.so
7fcb0f9e7000-7fcb0fbe7000 ---p 0001a000 08:02 4855865                    /usr/lib/jvm/java-8-oracle/jre/lib/amd64/libzip.so
7fcb0fbe7000-7fcb0fbe8000 rw-p 0001a000 08:02 4855865                    /usr/lib/jvm/java-8-oracle/jre/lib/amd64/libzip.so
7fcb0fbe8000-7fcb0fbf3000 r-xp 00000000 08:02 2621543                    /lib/x86_64-linux-gnu/libnss_files-2.19.so
7fcb0fbf3000-7fcb0fdf2000 ---p 0000b000 08:02 2621543                    /lib/x86_64-linux-gnu/libnss_files-2.19.so
7fcb0fdf2000-7fcb0fdf3000 r--p 0000a000 08:02 2621543                    /lib/x86_64-linux-gnu/libnss_files-2.19.so
7fcb0fdf3000-7fcb0fdf4000 rw-p 0000b000 08:02 2621543                    /lib/x86_64-linux-gnu/libnss_files-2.19.so
7fcb0fdf4000-7fcb0fdff000 r-xp 00000000 08:02 2621455                    /lib/x86_64-linux-gnu/libnss_nis-2.19.so
7fcb0fdff000-7fcb0fffe000 ---p 0000b000 08:02 2621455                    /lib/x86_64-linux-gnu/libnss_nis-2.19.so
7fcb0fffe000-7fcb0ffff000 r--p 0000a000 08:02 2621455                    /lib/x86_64-linux-gnu/libnss_nis-2.19.so
7fcb0ffff000-7fcb10000000 rw-p 0000b000 08:02 2621455                    /lib/x86_64-linux-gnu/libnss_nis-2.19.so
7fcb10000000-7fcb102e8000 rw-p 00000000 00:00 0 
7fcb102e8000-7fcb14000000 ---p 00000000 00:00 0 
7fcb14000000-7fcb14007000 r--s 00059000 08:02 5120527                    /home/bhupendra/Coursera Java Specialization/Assignments/World-Earthquakes-View/UCSDUnfoldingMaps/lib/log4j-1.2.15.jar
7fcb14007000-7fcb14049000 rw-p 00000000 00:00 0 
7fcb14049000-7fcb14060000 r-xp 00000000 08:02 2621545                    /lib/x86_64-linux-gnu/libnsl-2.19.so
7fcb14060000-7fcb1425f000 ---p 00017000 08:02 2621545                    /lib/x86_64-linux-gnu/libnsl-2.19.so
7fcb1425f000-7fcb14260000 r--p 00016000 08:02 2621545                    /lib/x86_64-linux-gnu/libnsl-2.19.so
7fcb14260000-7fcb14261000 rw-p 00017000 08:02 2621545                    /lib/x86_64-linux-gnu/libnsl-2.19.so
7fcb14261000-7fcb14263000 rw-p 00000000 00:00 0 
7fcb14263000-7fcb1426c000 r-xp 00000000 08:02 2621538                    /lib/x86_64-linux-gnu/libnss_compat-2.19.so
7fcb1426c000-7fcb1446b000 ---p 00009000 08:02 2621538                    /lib/x86_64-linux-gnu/libnss_compat-2.19.so
7fcb1446b000-7fcb1446c000 r--p 00008000 08:02 2621538                    /lib/x86_64-linux-gnu/libnss_compat-2.19.so
7fcb1446c000-7fcb1446d000 rw-p 00009000 08:02 2621538                    /lib/x86_64-linux-gnu/libnss_compat-2.19.so
7fcb1446d000-7fcb14497000 r-xp 00000000 08:02 4855858                    /usr/lib/jvm/java-8-oracle/jre/lib/amd64/libjava.so
7fcb14497000-7fcb14697000 ---p 0002a000 08:02 4855858                    /usr/lib/jvm/java-8-oracle/jre/lib/amd64/libjava.so
7fcb14697000-7fcb14699000 rw-p 0002a000 08:02 4855858                    /usr/lib/jvm/java-8-oracle/jre/lib/amd64/libjava.so
7fcb14699000-7fcb146a6000 r-xp 00000000 08:02 4855900                    /usr/lib/jvm/java-8-oracle/jre/lib/amd64/libverify.so
7fcb146a6000-7fcb148a6000 ---p 0000d000 08:02 4855900                    /usr/lib/jvm/java-8-oracle/jre/lib/amd64/libverify.so
7fcb148a6000-7fcb148a8000 rw-p 0000d000 08:02 4855900                    /usr/lib/jvm/java-8-oracle/jre/lib/amd64/libverify.so
7fcb148a8000-7fcb148af000 r-xp 00000000 08:02 2621541                    /lib/x86_64-linux-gnu/librt-2.19.so
7fcb148af000-7fcb14aae000 ---p 00007000 08:02 2621541                    /lib/x86_64-linux-gnu/librt-2.19.so
7fcb14aae000-7fcb14aaf000 r--p 00006000 08:02 2621541                    /lib/x86_64-linux-gnu/librt-2.19.so
7fcb14aaf000-7fcb14ab0000 rw-p 00007000 08:02 2621541                    /lib/x86_64-linux-gnu/librt-2.19.so
7fcb14ab0000-7fcb14bb5000 r-xp 00000000 08:02 2621542                    /lib/x86_64-linux-gnu/libm-2.19.so
7fcb14bb5000-7fcb14db4000 ---p 00105000 08:02 2621542                    /lib/x86_64-linux-gnu/libm-2.19.so
7fcb14db4000-7fcb14db5000 r--p 00104000 08:02 2621542                    /lib/x86_64-linux-gnu/libm-2.19.so
7fcb14db5000-7fcb14db6000 rw-p 00105000 08:02 2621542                    /lib/x86_64-linux-gnu/libm-2.19.so
7fcb14db6000-7fcb15a64000 r-xp 00000000 08:02 4855906                    /usr/lib/jvm/java-8-oracle/jre/lib/amd64/server/libjvm.so
7fcb15a64000-7fcb15c63000 ---p 00cae000 08:02 4855906                    /usr/lib/jvm/java-8-oracle/jre/lib/amd64/server/libjvm.so
7fcb15c63000-7fcb15d3a000 rw-p 00cad000 08:02 4855906                    /usr/lib/jvm/java-8-oracle/jre/lib/amd64/server/libjvm.so
7fcb15d3a000-7fcb15d7e000 rw-p 00000000 00:00 0 
7fcb15d7e000-7fcb15f38000 r-xp 00000000 08:02 2625514                    /lib/x86_64-linux-gnu/libc-2.19.so
7fcb15f38000-7fcb16138000 ---p 001ba000 08:02 2625514                    /lib/x86_64-linux-gnu/libc-2.19.so
7fcb16138000-7fcb1613c000 r--p 001ba000 08:02 2625514                    /lib/x86_64-linux-gnu/libc-2.19.so
7fcb1613c000-7fcb1613e000 rw-p 001be000 08:02 2625514                    /lib/x86_64-linux-gnu/libc-2.19.so
7fcb1613e000-7fcb16143000 rw-p 00000000 00:00 0 
7fcb16143000-7fcb16146000 r-xp 00000000 08:02 2621535                    /lib/x86_64-linux-gnu/libdl-2.19.so
7fcb16146000-7fcb16345000 ---p 00003000 08:02 2621535                    /lib/x86_64-linux-gnu/libdl-2.19.so
7fcb16345000-7fcb16346000 r--p 00002000 08:02 2621535                    /lib/x86_64-linux-gnu/libdl-2.19.so
7fcb16346000-7fcb16347000 rw-p 00003000 08:02 2621535                    /lib/x86_64-linux-gnu/libdl-2.19.so
7fcb16347000-7fcb1635c000 r-xp 00000000 08:02 4856243                    /usr/lib/jvm/java-8-oracle/lib/amd64/jli/libjli.so
7fcb1635c000-7fcb1655c000 ---p 00015000 08:02 4856243                    /usr/lib/jvm/java-8-oracle/lib/amd64/jli/libjli.so
7fcb1655c000-7fcb1655d000 rw-p 00015000 08:02 4856243                    /usr/lib/jvm/java-8-oracle/lib/amd64/jli/libjli.so
7fcb1655d000-7fcb16576000 r-xp 00000000 08:02 2625630                    /lib/x86_64-linux-gnu/libpthread-2.19.so
7fcb16576000-7fcb16775000 ---p 00019000 08:02 2625630                    /lib/x86_64-linux-gnu/libpthread-2.19.so
7fcb16775000-7fcb16776000 r--p 00018000 08:02 2625630                    /lib/x86_64-linux-gnu/libpthread-2.19.so
7fcb16776000-7fcb16777000 rw-p 00019000 08:02 2625630                    /lib/x86_64-linux-gnu/libpthread-2.19.so
7fcb16777000-7fcb1677b000 rw-p 00000000 00:00 0 
7fcb1677b000-7fcb1679e000 r-xp 00000000 08:02 2621534                    /lib/x86_64-linux-gnu/ld-2.19.so
7fcb1679e000-7fcb167a3000 r--s 00309000 08:02 5120528                    /home/bhupendra/Coursera Java Specialization/Assignments/World-Earthquakes-View/UCSDUnfoldingMaps/lib/sqlite-jdbc-3.7.2.jar
7fcb167a3000-7fcb167a9000 r--s 00041000 08:02 5120517                    /home/bhupendra/Coursera Java Specialization/Assignments/World-Earthquakes-View/UCSDUnfoldingMaps/lib/gluegen-rt.jar
7fcb167a9000-7fcb16881000 rw-p 00000000 00:00 0 
7fcb16881000-7fcb16884000 ---p 00000000 00:00 0 
7fcb16884000-7fcb16986000 rw-p 00000000 00:00 0                          [stack:14730]
7fcb16986000-7fcb16987000 r--s 00005000 08:02 5120526                    /home/bhupendra/Coursera Java Specialization/Assignments/World-Earthquakes-View/UCSDUnfoldingMaps/lib/libTUIO.jar
7fcb16987000-7fcb16988000 r--s 00007000 08:02 5120525                    /home/bhupendra/Coursera Java Specialization/Assignments/World-Earthquakes-View/UCSDUnfoldingMaps/lib/json4processing.jar
7fcb16988000-7fcb1698c000 r--s 0009a000 08:02 5120510                    /home/bhupendra/Coursera Java Specialization/Assignments/World-Earthquakes-View/UCSDUnfoldingMaps/lib/core.jar
7fcb1698c000-7fcb16991000 r--s 002f8000 08:02 4855711                    /usr/lib/jvm/java-8-oracle/jre/lib/charsets.jar
7fcb16991000-7fcb16999000 rw-s 00000000 08:02 4587543                    /tmp/hsperfdata_bhupendra/14728
7fcb16999000-7fcb1699a000 rw-p 00000000 00:00 0 
7fcb1699a000-7fcb1699b000 r--p 00000000 00:00 0 
7fcb1699b000-7fcb1699d000 rw-p 00000000 00:00 0 
7fcb1699d000-7fcb1699e000 r--p 00022000 08:02 2621534                    /lib/x86_64-linux-gnu/ld-2.19.so
7fcb1699e000-7fcb1699f000 rw-p 00023000 08:02 2621534                    /lib/x86_64-linux-gnu/ld-2.19.so
7fcb1699f000-7fcb169a0000 rw-p 00000000 00:00 0 
7fff12bf9000-7fff12c1a000 rw-p 00000000 00:00 0                          [stack]
7fff12d88000-7fff12d8a000 r-xp 00000000 00:00 0                          [vdso]
7fff12d8a000-7fff12d8c000 r--p 00000000 00:00 0                          [vvar]
ffffffffff600000-ffffffffff601000 r-xp 00000000 00:00 0                  [vsyscall]

VM Arguments:
jvm_args: -Djava.security.policy=java.policy.applet -Dfile.encoding=UTF-8 
java_command: sun.applet.AppletViewer module4.EarthquakeCityMap1448806079934.html
java_class_path (initial): /home/bhupendra/Coursera Java Specialization/Assignments/World-Earthquakes-View/UCSDUnfoldingMaps/build:/home/bhupendra/Coursera Java Specialization/Assignments/World-Earthquakes-View/UCSDUnfoldingMaps/lib/core.jar:/home/bhupendra/Coursera Java Specialization/Assignments/World-Earthquakes-View/UCSDUnfoldingMaps/lib/gluegen-rt.jar:/home/bhupendra/Coursera Java Specialization/Assignments/World-Earthquakes-View/UCSDUnfoldingMaps/lib/jogl-all.jar:/home/bhupendra/Coursera Java Specialization/Assignments/World-Earthquakes-View/UCSDUnfoldingMaps/lib/log4j-1.2.15.jar:/home/bhupendra/Coursera Java Specialization/Assignments/World-Earthquakes-View/UCSDUnfoldingMaps/lib/sqlite-jdbc-3.7.2.jar:/home/bhupendra/Coursera Java Specialization/Assignments/World-Earthquakes-View/UCSDUnfoldingMaps/lib/json4processing.jar:/home/bhupendra/Coursera Java Specialization/Assignments/World-Earthquakes-View/UCSDUnfoldingMaps/lib/libTUIO.jar:/home/bhupendra/Coursera Java Specialization/Assignments/World-Earthquakes-View/UCSDUnfoldingMaps/lib/unfolding.0.9.7-uscd.jar
Launcher Type: SUN_STANDARD

Environment Variables:
PATH=/usr/local/sbin:/usr/local/bin:/usr/sbin:/usr/bin:/sbin:/bin:/usr/games:/usr/local/games
USERNAME=bhupendra
SHELL=/bin/bash
DISPLAY=:0.0

Signal Handlers:
SIGSEGV: [libjvm.so+0xaad1e0], sa_mask[0]=11111111011111111101111111111110, sa_flags=SA_RESTART|SA_SIGINFO
SIGBUS: [libjvm.so+0xaad1e0], sa_mask[0]=11111111011111111101111111111110, sa_flags=SA_RESTART|SA_SIGINFO
SIGFPE: [libjvm.so+0x90b450], sa_mask[0]=11111111011111111101111111111110, sa_flags=SA_RESTART|SA_SIGINFO
SIGPIPE: [libjvm.so+0x90b450], sa_mask[0]=11111111011111111101111111111110, sa_flags=SA_RESTART|SA_SIGINFO
SIGXFSZ: [libjvm.so+0x90b450], sa_mask[0]=11111111011111111101111111111110, sa_flags=SA_RESTART|SA_SIGINFO
SIGILL: [libjvm.so+0x90b450], sa_mask[0]=11111111011111111101111111111110, sa_flags=SA_RESTART|SA_SIGINFO
SIGUSR1: SIG_DFL, sa_mask[0]=00000000000000000000000000000000, sa_flags=none
SIGUSR2: [libjvm.so+0x90ca90], sa_mask[0]=00100000000000000000000000000000, sa_flags=SA_RESTART|SA_SIGINFO
SIGHUP: [libjvm.so+0x90dde0], sa_mask[0]=11111111011111111101111111111110, sa_flags=SA_RESTART|SA_SIGINFO
SIGINT: [libjvm.so+0x90dde0], sa_mask[0]=11111111011111111101111111111110, sa_flags=SA_RESTART|SA_SIGINFO
SIGTERM: [libjvm.so+0x90dde0], sa_mask[0]=11111111011111111101111111111110, sa_flags=SA_RESTART|SA_SIGINFO
SIGQUIT: [libjvm.so+0x90dde0], sa_mask[0]=11111111011111111101111111111110, sa_flags=SA_RESTART|SA_SIGINFO


---------------  S Y S T E M  ---------------

OS:DISTRIB_ID=Ubuntu
DISTRIB_RELEASE=14.10
DISTRIB_CODENAME=utopic
DISTRIB_DESCRIPTION="Ubuntu 14.10"

uname:Linux 3.16.0-30-generic #40-Ubuntu SMP Mon Jan 12 22:06:37 UTC 2015 x86_64
libc:glibc 2.19 NPTL 2.19 
rlimit: STACK 8192k, CORE 0k, NPROC 14376, NOFILE 4096, AS infinity
load average:0.71 0.43 0.70

/proc/meminfo:
MemTotal:        3891224 kB
MemFree:          691740 kB
MemAvailable:     908280 kB
Buffers:           17488 kB
Cached:           851220 kB
SwapCached:       127360 kB
Active:          2013460 kB
Inactive:         921432 kB
Active(anon):    1777576 kB
Inactive(anon):   826428 kB
Active(file):     235884 kB
Inactive(file):    95004 kB
Unevictable:          48 kB
Mlocked:              48 kB
SwapTotal:       4036604 kB
SwapFree:        2729712 kB
Dirty:                92 kB
Writeback:             0 kB
AnonPages:       2035196 kB
Mapped:           285856 kB
Shmem:            537820 kB
Slab:             147688 kB
SReclaimable:     109172 kB
SUnreclaim:        38516 kB
KernelStack:       10160 kB
PageTables:        40796 kB
NFS_Unstable:          0 kB
Bounce:                0 kB
WritebackTmp:          0 kB
CommitLimit:     5982216 kB
Committed_AS:    7772796 kB
VmallocTotal:   34359738367 kB
VmallocUsed:      400948 kB
VmallocChunk:   34359244552 kB
HardwareCorrupted:     0 kB
AnonHugePages:    849920 kB
HugePages_Total:       0
HugePages_Free:        0
HugePages_Rsvd:        0
HugePages_Surp:        0
Hugepagesize:       2048 kB
DirectMap4k:      100148 kB
DirectMap2M:     3938304 kB


CPU:total 4 (2 cores per cpu, 2 threads per core) family 6 model 58 stepping 9, cmov, cx8, fxsr, mmx, sse, sse2, sse3, ssse3, sse4.1, sse4.2, popcnt, avx, aes, clmul, erms, ht, tsc, tscinvbit, tscinv

/proc/cpuinfo:
processor	: 0
vendor_id	: GenuineIntel
cpu family	: 6
model		: 58
model name	: Intel(R) Core(TM) i5-3210M CPU @ 2.50GHz
stepping	: 9
microcode	: 0x12
cpu MHz		: 2929.980
cache size	: 3072 KB
physical id	: 0
siblings	: 4
core id		: 0
cpu cores	: 2
apicid		: 0
initial apicid	: 0
fpu		: yes
fpu_exception	: yes
cpuid level	: 13
wp		: yes
flags		: fpu vme de pse tsc msr pae mce cx8 apic sep mtrr pge mca cmov pat pse36 clflush dts acpi mmx fxsr sse sse2 ss ht tm pbe syscall nx rdtscp lm constant_tsc arch_perfmon pebs bts rep_good nopl xtopology nonstop_tsc aperfmperf eagerfpu pni pclmulqdq dtes64 monitor ds_cpl vmx est tm2 ssse3 cx16 xtpr pdcm pcid sse4_1 sse4_2 x2apic popcnt tsc_deadline_timer aes xsave avx f16c rdrand lahf_lm ida arat epb xsaveopt pln pts dtherm tpr_shadow vnmi flexpriority ept vpid fsgsbase smep erms
bogomips	: 4988.63
clflush size	: 64
cache_alignment	: 64
address sizes	: 36 bits physical, 48 bits virtual
power management:

processor	: 1
vendor_id	: GenuineIntel
cpu family	: 6
model		: 58
model name	: Intel(R) Core(TM) i5-3210M CPU @ 2.50GHz
stepping	: 9
microcode	: 0x12
cpu MHz		: 2955.566
cache size	: 3072 KB
physical id	: 0
siblings	: 4
core id		: 0
cpu cores	: 2
apicid		: 1
initial apicid	: 1
fpu		: yes
fpu_exception	: yes
cpuid level	: 13
wp		: yes
flags		: fpu vme de pse tsc msr pae mce cx8 apic sep mtrr pge mca cmov pat pse36 clflush dts acpi mmx fxsr sse sse2 ss ht tm pbe syscall nx rdtscp lm constant_tsc arch_perfmon pebs bts rep_good nopl xtopology nonstop_tsc aperfmperf eagerfpu pni pclmulqdq dtes64 monitor ds_cpl vmx est tm2 ssse3 cx16 xtpr pdcm pcid sse4_1 sse4_2 x2apic popcnt tsc_deadline_timer aes xsave avx f16c rdrand lahf_lm ida arat epb xsaveopt pln pts dtherm tpr_shadow vnmi flexpriority ept vpid fsgsbase smep erms
bogomips	: 4988.63
clflush size	: 64
cache_alignment	: 64
address sizes	: 36 bits physical, 48 bits virtual
power management:

processor	: 2
vendor_id	: GenuineIntel
cpu family	: 6
model		: 58
model name	: Intel(R) Core(TM) i5-3210M CPU @ 2.50GHz
stepping	: 9
microcode	: 0x12
cpu MHz		: 2958.203
cache size	: 3072 KB
physical id	: 0
siblings	: 4
core id		: 1
cpu cores	: 2
apicid		: 2
initial apicid	: 2
fpu		: yes
fpu_exception	: yes
cpuid level	: 13
wp		: yes
flags		: fpu vme de pse tsc msr pae mce cx8 apic sep mtrr pge mca cmov pat pse36 clflush dts acpi mmx fxsr sse sse2 ss ht tm pbe syscall nx rdtscp lm constant_tsc arch_perfmon pebs bts rep_good nopl xtopology nonstop_tsc aperfmperf eagerfpu pni pclmulqdq dtes64 monitor ds_cpl vmx est tm2 ssse3 cx16 xtpr pdcm pcid sse4_1 sse4_2 x2apic popcnt tsc_deadline_timer aes xsave avx f16c rdrand lahf_lm ida arat epb xsaveopt pln pts dtherm tpr_shadow vnmi flexpriority ept vpid fsgsbase smep erms
bogomips	: 4988.63
clflush size	: 64
cache_alignment	: 64
address sizes	: 36 bits physical, 48 bits virtual
power management:

processor	: 3
vendor_id	: GenuineIntel
cpu family	: 6
model		: 58
model name	: Intel(R) Core(TM) i5-3210M CPU @ 2.50GHz
stepping	: 9
microcode	: 0x12
cpu MHz		: 2957.910
cache size	: 3072 KB
physical id	: 0
siblings	: 4
core id		: 1
cpu cores	: 2
apicid		: 3
initial apicid	: 3
fpu		: yes
fpu_exception	: yes
cpuid level	: 13
wp		: yes
flags		: fpu vme de pse tsc msr pae mce cx8 apic sep mtrr pge mca cmov pat pse36 clflush dts acpi mmx fxsr sse sse2 ss ht tm pbe syscall nx rdtscp lm constant_tsc arch_perfmon pebs bts rep_good nopl xtopology nonstop_tsc aperfmperf eagerfpu pni pclmulqdq dtes64 monitor ds_cpl vmx est tm2 ssse3 cx16 xtpr pdcm pcid sse4_1 sse4_2 x2apic popcnt tsc_deadline_timer aes xsave avx f16c rdrand lahf_lm ida arat epb xsaveopt pln pts dtherm tpr_shadow vnmi flexpriority ept vpid fsgsbase smep erms
bogomips	: 4988.63
clflush size	: 64
cache_alignment	: 64
address sizes	: 36 bits physical, 48 bits virtual
power management:



Memory: 4k page, physical 3891224k(691740k free), swap 4036604k(2729712k free)

vm_info: Java HotSpot(TM) 64-Bit Server VM (25.45-b02) for linux-amd64 JRE (1.8.0_45-b14), built on Apr 10 2015 10:07:45 by "java_re" with gcc 4.3.0 20080428 (Red Hat 4.3.0-8)

time: Sun Nov 29 19:38:43 2015
elapsed time: 43 seconds (0d 0h 0m 43s)

