#
# A fatal error has been detected by the Java Runtime Environment:
#
#  SIGSEGV (0xb) at pc=0x00007f627a3c1522, pid=11187, tid=140062286423808
#
# JRE version: Java(TM) SE Runtime Environment (8.0_45-b14) (build 1.8.0_45-b14)
# Java VM: Java HotSpot(TM) 64-Bit Server VM (25.45-b02 mixed mode linux-amd64 compressed oops)
# Problematic frame:
# C  [i965_dri.so+0x2fb522]
#
# Failed to write core dump. Core dumps have been disabled. To enable core dumping, try "ulimit -c unlimited" before starting Java again
#
# If you would like to submit a bug report, please visit:
#   http://bugreport.java.com/bugreport/crash.jsp
# The crash happened outside the Java Virtual Machine in native code.
# See problematic frame for where to report the bug.
#

---------------  T H R E A D  ---------------

Current thread (0x00007f628c003000):  JavaThread "AWT-EventQueue-1" [_thread_in_native, id=11214, stack(0x00007f62cac42000,0x00007f62cad43000)]

siginfo: si_signo: 11 (SIGSEGV), si_code: 1 (SEGV_MAPERR), si_addr: 0x000000000000c540

Registers:
RAX=0x00007f627a3c1510, RBX=0x000000000000c000, RCX=0x0000000000000000, RDX=0x0000000000000001
RSP=0x00007f62cad40290, RBP=0x0000000000000000, RSI=0x00007f6288fbff30, RDI=0x0000000100000000
R8 =0x0000000000000000, R9 =0x00007f62c98e0710, R10=0x00007f62d9015968, R11=0x00007f62efe5ce30
R12=0x00007f627c11ee30, R13=0x00007f627c11d940, R14=0x00007f627c12f300, R15=0x0000000000000000
RIP=0x00007f627a3c1522, EFLAGS=0x0000000000010206, CSGSFS=0x0000000000000033, ERR=0x0000000000000004
  TRAPNO=0x000000000000000e

Top of Stack: (sp=0x00007f62cad40290)
0x00007f62cad40290:   0000000000000000 00007f6288fbfe40
0x00007f62cad402a0:   0000000000000000 00007f627c11ee30
0x00007f62cad402b0:   00007f627c11d940 00007f62c98e07b2
0x00007f62cad402c0:   00007f62cad402f0 00007f6200000000
0x00007f62cad402d0:   0000000000000000 0000000000000000
0x00007f62cad402e0:   0000000002800053 00007f62c98b1b31
0x00007f62cad402f0:   00007f6288fbfe40 40cb09a09a252200
0x00007f62cad40300:   0000000002800053 00007f62c9bb8718
0x00007f62cad40310:   00007f62cad40380 0000000000000000
0x00007f62cad40320:   00007f62c9bb8718 00007f62cad40450
0x00007f62cad40330:   00007f628c003000 00007f627bde6849
0x00007f62cad40340:   fffffffe00000000 00007f62c98b1b60
0x00007f62cad40350:   0000000002800053 00007f627c11bd30
0x00007f62cad40360:   00007f62cad40418 00007f628c0031f8
0x00007f62cad40370:   00007f62f0449740 00007f62c98b1b60
0x00007f62cad40380:   00007f62cad40408 00007f62d9015994
0x00007f62cad40390:   00000000eecacf68 0000000000000003
0x00007f62cad403a0:   00000000eecacf88 00000000eecacfd8
0x00007f62cad403b0:   00000000eecacfc8 00000000eecacfe8
0x00007f62cad403c0:   00000000eecad038 00007f62cad403c8
0x00007f62cad403d0:   0000000000000000 00007f62cad40450
0x00007f62cad403e0:   00007f62c9bb9db8 0000000000000000
0x00007f62cad403f0:   00007f62c9bb8718 0000000000000000
0x00007f62cad40400:   00007f62cad40428 00007f62cad40498
0x00007f62cad40410:   00007f62d9007c4d 00000000c585d970
0x00007f62cad40420:   00007f62d900f578 00007f62c98b1b60
0x00007f62cad40430:   00007f62d90055d0 0000000002800053
0x00007f62cad40440:   00007f62cad40618 00007f627c11bd30
0x00007f62cad40450:   00000000c585dca8 00007f62cad40458
0x00007f62cad40460:   00007f62c9bb8669 00007f62cad404d0
0x00007f62cad40470:   00007f62c9bb9db8 0000000000000000
0x00007f62cad40480:   00007f62c9bb8678 00007f62cad40428 

Instructions: (pc=0x00007f627a3c1522)
0x00007f627a3c1502:   41 5c c3 66 66 2e 0f 1f 84 00 00 00 00 00 41 55
0x00007f627a3c1512:   41 54 55 53 48 83 ec 08 48 8b 1f 48 85 db 74 41
0x00007f627a3c1522:   f6 83 40 05 00 00 01 89 cd 41 89 d5 49 89 f4 75
0x00007f627a3c1532:   75 41 83 e5 01 75 5f 83 e5 fd 74 32 48 8d 35 bb 

Register to memory mapping:

RAX=0x00007f627a3c1510: <offset 0x2fb510> in /usr/lib/x86_64-linux-gnu/dri/i965_dri.so at 0x00007f627a0c6000
RBX=0x000000000000c000 is an unknown value
RCX=0x0000000000000000 is an unknown value
RDX=0x0000000000000001 is an unknown value
RSP=0x00007f62cad40290 is pointing into the stack for thread: 0x00007f628c003000
RBP=0x0000000000000000 is an unknown value
RSI=0x00007f6288fbff30 is an unknown value
RDI=0x0000000100000000 is pointing into metadata
R8 =0x0000000000000000 is an unknown value
R9 =0x00007f62c98e0710: <offset 0x4b710> in /usr/lib/x86_64-linux-gnu/mesa/libGL.so.1 at 0x00007f62c9895000
R10=0x00007f62d9015968 is at code_begin+808 in an Interpreter codelet
method entry point (kind = native)  [0x00007f62d9015640, 0x00007f62d9015f40]  2304 bytes
R11=0x00007f62efe5ce30: <offset 0x9ace30> in /usr/lib/jvm/java-8-oracle/jre/lib/amd64/server/libjvm.so at 0x00007f62ef4b0000
R12=0x00007f627c11ee30 is an unknown value
R13=0x00007f627c11d940 is an unknown value
R14=0x00007f627c12f300 is an unknown value
R15=0x0000000000000000 is an unknown value


Stack: [0x00007f62cac42000,0x00007f62cad43000],  sp=0x00007f62cad40290,  free space=1016k
Native frames: (J=compiled Java code, j=interpreted, Vv=VM code, C=native code)
C  [i965_dri.so+0x2fb522]

Java frames: (J=compiled Java code, j=interpreted, Vv=VM code)
j  jogamp.opengl.x11.glx.GLX.dispatch_glXSwapBuffers0(JJJ)V+0
j  jogamp.opengl.x11.glx.GLX.glXSwapBuffers(JJ)V+41
j  jogamp.opengl.x11.glx.X11GLXDrawable.swapBuffersImpl(Z)V+17
J 2660 C1 jogamp.opengl.GLDrawableImpl.swapBuffers()V (138 bytes) @ 0x00007f62d980c194 [0x00007f62d980bae0+0x6b4]
j  javax.media.opengl.awt.GLCanvas$12.run()V+45
J 2457 C1 java.awt.event.InvocationEvent.dispatch()V (69 bytes) @ 0x00007f62d911894c [0x00007f62d9118800+0x14c]
J 2515 C1 java.awt.EventQueue.dispatchEventImpl(Ljava/awt/AWTEvent;Ljava/lang/Object;)V (149 bytes) @ 0x00007f62d95966bc [0x00007f62d9594b40+0x1b7c]
J 2513 C1 java.awt.EventQueue$3.run()Ljava/lang/Void; (60 bytes) @ 0x00007f62d9597c04 [0x00007f62d9597a00+0x204]
J 2512 C1 java.awt.EventQueue$3.run()Ljava/lang/Object; (5 bytes) @ 0x00007f62d95982cc [0x00007f62d9598240+0x8c]
v  ~StubRoutines::call_stub
J 732  java.security.AccessController.doPrivileged(Ljava/security/PrivilegedAction;Ljava/security/AccessControlContext;)Ljava/lang/Object; (0 bytes) @ 0x00007f62d930e123 [0x00007f62d930e0c0+0x63]
J 2334 C1 java.awt.EventQueue.dispatchEvent(Ljava/awt/AWTEvent;)V (80 bytes) @ 0x00007f62d939ec44 [0x00007f62d939e3a0+0x8a4]
J 2341 C1 java.awt.EventDispatchThread.pumpOneEventForFilters(I)V (295 bytes) @ 0x00007f62d94a57d4 [0x00007f62d94a3c80+0x1b54]
j  java.awt.EventDispatchThread.pumpEventsForFilter(ILjava/awt/Conditional;Ljava/awt/EventFilter;)V+35
j  java.awt.EventDispatchThread.pumpEventsForHierarchy(ILjava/awt/Conditional;Ljava/awt/Component;)V+11
j  java.awt.EventDispatchThread.pumpEvents(ILjava/awt/Conditional;)V+4
j  java.awt.EventDispatchThread.pumpEvents(Ljava/awt/Conditional;)V+3
j  java.awt.EventDispatchThread.run()V+9
v  ~StubRoutines::call_stub

---------------  P R O C E S S  ---------------

Java Threads: ( => current thread )
  0x00007f628a039000 JavaThread "Thread-19" [_thread_blocked, id=11250, stack(0x00007f6272837000,0x00007f6272938000)]
  0x00007f6289542000 JavaThread "Keep-Alive-Timer" daemon [_thread_blocked, id=11225, stack(0x00007f6273eff000,0x00007f6274000000)]
  0x00007f627c101800 JavaThread "Animation Thread-SharedResourceRunner" daemon [_thread_blocked, id=11224, stack(0x00007f62ca941000,0x00007f62caa42000)]
  0x00007f627c070000 JavaThread "process reaper" daemon [_thread_blocked, id=11219, stack(0x00007f62d0081000,0x00007f62d00ba000)]
  0x00007f628c00c800 JavaThread "Animation Thread" [_thread_blocked, id=11215, stack(0x00007f62caf43000,0x00007f62cb044000)]
=>0x00007f628c003000 JavaThread "AWT-EventQueue-1" [_thread_in_native, id=11214, stack(0x00007f62cac42000,0x00007f62cad43000)]
  0x00007f62e800a000 JavaThread "DestroyJavaVM" [_thread_blocked, id=11189, stack(0x00007f62f0f7b000,0x00007f62f107c000)]
  0x00007f62e82cd000 JavaThread "AWT-EventQueue-0" [_thread_blocked, id=11212, stack(0x00007f62cb6eb000,0x00007f62cb7ec000)]
  0x00007f62e82ca800 JavaThread "AWT-Shutdown" [_thread_blocked, id=11211, stack(0x00007f62cb7ec000,0x00007f62cb8ed000)]
  0x00007f62e82b3000 JavaThread "thread applet-module4.EarthquakeCityMap.class" [_thread_blocked, id=11210, stack(0x00007f62cb8ed000,0x00007f62cb9ee000)]
  0x00007f62e82a6000 JavaThread "AWT-XAWT" daemon [_thread_blocked, id=11208, stack(0x00007f62cb9ee000,0x00007f62cbaef000)]
  0x00007f62e8287800 JavaThread "Java2D Disposer" daemon [_thread_blocked, id=11207, stack(0x00007f62cbeff000,0x00007f62cc000000)]
  0x00007f62e80c1000 JavaThread "Service Thread" daemon [_thread_blocked, id=11205, stack(0x00007f62d1d3b000,0x00007f62d1e3c000)]
  0x00007f62e80bb800 JavaThread "C1 CompilerThread2" daemon [_thread_blocked, id=11204, stack(0x00007f62d1e3c000,0x00007f62d1f3d000)]
  0x00007f62e80ba000 JavaThread "C2 CompilerThread1" daemon [_thread_blocked, id=11203, stack(0x00007f62d1f3d000,0x00007f62d203e000)]
  0x00007f62e80b7000 JavaThread "C2 CompilerThread0" daemon [_thread_blocked, id=11202, stack(0x00007f62d203e000,0x00007f62d213f000)]
  0x00007f62e80b5800 JavaThread "Signal Dispatcher" daemon [_thread_blocked, id=11201, stack(0x00007f62d213f000,0x00007f62d2240000)]
  0x00007f62e807f800 JavaThread "Finalizer" daemon [_thread_blocked, id=11200, stack(0x00007f62d86f7000,0x00007f62d87f8000)]
  0x00007f62e807d800 JavaThread "Reference Handler" daemon [_thread_blocked, id=11199, stack(0x00007f62d87f8000,0x00007f62d88f9000)]

Other Threads:
  0x00007f62e8078800 VMThread [stack: 0x00007f62d88f9000,0x00007f62d89fa000] [id=11198]
  0x00007f62e80c3800 WatcherThread [stack: 0x00007f62d1c3a000,0x00007f62d1d3b000] [id=11206]

VM state:not at safepoint (normal execution)

VM Mutex/Monitor currently owned by a thread: None

Heap:
 PSYoungGen      total 64000K, used 44089K [0x00000000ec300000, 0x00000000f5300000, 0x0000000100000000)
  eden space 61440K, 71% used [0x00000000ec300000,0x00000000eee0e5c8,0x00000000eff00000)
  from space 2560K, 0% used [0x00000000eff00000,0x00000000eff00000,0x00000000f0180000)
  to   space 12288K, 0% used [0x00000000f4700000,0x00000000f4700000,0x00000000f5300000)
 ParOldGen       total 47104K, used 16770K [0x00000000c4800000, 0x00000000c7600000, 0x00000000ec300000)
  object space 47104K, 35% used [0x00000000c4800000,0x00000000c58609d8,0x00000000c7600000)
 Metaspace       used 21264K, capacity 21531K, committed 21808K, reserved 1069056K
  class space    used 2001K, capacity 2085K, committed 2176K, reserved 1048576K

Card table byte_map: [0x00007f62edb73000,0x00007f62edd50000] byte_map_base: 0x00007f62ed54f000

Marking Bits: (ParMarkBitMap*) 0x00007f62f044d760
 Begin Bits: [0x00007f62d2240000, 0x00007f62d3120000)
 End Bits:   [0x00007f62d3120000, 0x00007f62d4000000)

Polling page: 0x00007f62f1094000

CodeCache: size=245760Kb used=8256Kb max_used=8256Kb free=237503Kb
 bounds [0x00007f62d9000000, 0x00007f62d9820000, 0x00007f62e8000000]
 total_blobs=3314 nmethods=2347 adapters=880
 compilation: enabled

Compilation events (10 events):
Event: 12.919 Thread 0x00007f62e80bb800 nmethod 2670 0x00007f62d98157d0 code [0x00007f62d9815a60, 0x00007f62d9816d38]
Event: 12.919 Thread 0x00007f62e80bb800 2671       3       jogamp.opengl.awt.AWTThreadingPlugin::invokeOnOpenGLThread (118 bytes)
Event: 12.924 Thread 0x00007f62e80bb800 nmethod 2671 0x00007f62d9817590 code [0x00007f62d9817860, 0x00007f62d9818a28]
Event: 12.924 Thread 0x00007f62e80bb800 2672       3       java.util.concurrent.locks.AbstractQueuedSynchronizer::tryAcquireSharedNanos (37 bytes)
Event: 12.926 Thread 0x00007f62e80bb800 nmethod 2672 0x00007f62d98192d0 code [0x00007f62d9819480, 0x00007f62d9819918]
Event: 12.926 Thread 0x00007f62e80bb800 2673       3       java.util.concurrent.CountDownLatch$Sync::tryAcquireShared (13 bytes)
Event: 12.927 Thread 0x00007f62e80bb800 nmethod 2673 0x00007f62d9819ad0 code [0x00007f62d9819c40, 0x00007f62d9819e90]
Event: 13.041 Thread 0x00007f62e80bb800 2674  s    3       java.awt.KeyboardFocusManager::getCurrentKeyboardFocusManager (32 bytes)
Event: 13.041 Thread 0x00007f62e80bb800 nmethod 2674 0x00007f62d9819f10 code [0x00007f62d981a0c0, 0x00007f62d981a6a8]
Event: 13.041 Thread 0x00007f62e80bb800 2676       3       java.awt.KeyboardFocusManager::getCurrentKeyboardFocusManager (7 bytes)

GC Heap History (10 events):
Event: 1.262 GC heap before
{Heap before GC invocations=2 (full 0):
 PSYoungGen      total 17920K, used 17911K [0x00000000ec300000, 0x00000000ee600000, 0x0000000100000000)
  eden space 15360K, 100% used [0x00000000ec300000,0x00000000ed200000,0x00000000ed200000)
  from space 2560K, 99% used [0x00000000ed200000,0x00000000ed47dc88,0x00000000ed480000)
  to   space 2560K, 0% used [0x00000000ee380000,0x00000000ee380000,0x00000000ee600000)
 ParOldGen       total 40960K, used 552K [0x00000000c4800000, 0x00000000c7000000, 0x00000000ec300000)
  object space 40960K, 1% used [0x00000000c4800000,0x00000000c488a088,0x00000000c7000000)
 Metaspace       used 16427K, capacity 16645K, committed 16768K, reserved 1064960K
  class space    used 1599K, capacity 1660K, committed 1664K, reserved 1048576K
Event: 1.278 GC heap after
Heap after GC invocations=2 (full 0):
 PSYoungGen      total 33280K, used 2544K [0x00000000ec300000, 0x00000000ee600000, 0x0000000100000000)
  eden space 30720K, 0% used [0x00000000ec300000,0x00000000ec300000,0x00000000ee100000)
  from space 2560K, 99% used [0x00000000ee380000,0x00000000ee5fc030,0x00000000ee600000)
  to   space 2560K, 0% used [0x00000000ee100000,0x00000000ee100000,0x00000000ee380000)
 ParOldGen       total 40960K, used 2163K [0x00000000c4800000, 0x00000000c7000000, 0x00000000ec300000)
  object space 40960K, 5% used [0x00000000c4800000,0x00000000c4a1cda8,0x00000000c7000000)
 Metaspace       used 16427K, capacity 16645K, committed 16768K, reserved 1064960K
  class space    used 1599K, capacity 1660K, committed 1664K, reserved 1048576K
}
Event: 4.208 GC heap before
{Heap before GC invocations=3 (full 0):
 PSYoungGen      total 33280K, used 33258K [0x00000000ec300000, 0x00000000ee600000, 0x0000000100000000)
  eden space 30720K, 99% used [0x00000000ec300000,0x00000000ee0fe808,0x00000000ee100000)
  from space 2560K, 99% used [0x00000000ee380000,0x00000000ee5fc030,0x00000000ee600000)
  to   space 2560K, 0% used [0x00000000ee100000,0x00000000ee100000,0x00000000ee380000)
 ParOldGen       total 40960K, used 2163K [0x00000000c4800000, 0x00000000c7000000, 0x00000000ec300000)
  object space 40960K, 5% used [0x00000000c4800000,0x00000000c4a1cda8,0x00000000c7000000)
 Metaspace       used 20115K, capacity 20311K, committed 20480K, reserved 1067008K
  class space    used 1965K, capacity 2047K, committed 2048K, reserved 1048576K
Event: 4.236 GC heap after
Heap after GC invocations=3 (full 0):
 PSYoungGen      total 33280K, used 2557K [0x00000000ec300000, 0x00000000f0400000, 0x0000000100000000)
  eden space 30720K, 0% used [0x00000000ec300000,0x00000000ec300000,0x00000000ee100000)
  from space 2560K, 99% used [0x00000000ee100000,0x00000000ee37f660,0x00000000ee380000)
  to   space 2560K, 0% used [0x00000000f0180000,0x00000000f0180000,0x00000000f0400000)
 ParOldGen       total 40960K, used 12353K [0x00000000c4800000, 0x00000000c7000000, 0x00000000ec300000)
  object space 40960K, 30% used [0x00000000c4800000,0x00000000c54107f8,0x00000000c7000000)
 Metaspace       used 20115K, capacity 20311K, committed 20480K, reserved 1067008K
  class space    used 1965K, capacity 2047K, committed 2048K, reserved 1048576K
}
Event: 6.183 GC heap before
{Heap before GC invocations=4 (full 0):
 PSYoungGen      total 33280K, used 33130K [0x00000000ec300000, 0x00000000f0400000, 0x0000000100000000)
  eden space 30720K, 99% used [0x00000000ec300000,0x00000000ee0db2c8,0x00000000ee100000)
  from space 2560K, 99% used [0x00000000ee100000,0x00000000ee37f660,0x00000000ee380000)
  to   space 2560K, 0% used [0x00000000f0180000,0x00000000f0180000,0x00000000f0400000)
 ParOldGen       total 40960K, used 12353K [0x00000000c4800000, 0x00000000c7000000, 0x00000000ec300000)
  object space 40960K, 30% used [0x00000000c4800000,0x00000000c54107f8,0x00000000c7000000)
 Metaspace       used 20869K, capacity 21077K, committed 21296K, reserved 1069056K
  class space    used 1999K, capacity 2084K, committed 2176K, reserved 1048576K
Event: 6.243 GC heap after
Heap after GC invocations=4 (full 0):
 PSYoungGen      total 64000K, used 2528K [0x00000000ec300000, 0x00000000f0400000, 0x0000000100000000)
  eden space 61440K, 0% used [0x00000000ec300000,0x00000000ec300000,0x00000000eff00000)
  from space 2560K, 98% used [0x00000000f0180000,0x00000000f03f8060,0x00000000f0400000)
  to   space 2560K, 0% used [0x00000000eff00000,0x00000000eff00000,0x00000000f0180000)
 ParOldGen       total 40960K, used 16835K [0x00000000c4800000, 0x00000000c7000000, 0x00000000ec300000)
  object space 40960K, 41% used [0x00000000c4800000,0x00000000c5870d50,0x00000000c7000000)
 Metaspace       used 20869K, capacity 21077K, committed 21296K, reserved 1069056K
  class space    used 1999K, capacity 2084K, committed 2176K, reserved 1048576K
}
Event: 6.783 GC heap before
{Heap before GC invocations=5 (full 0):
 PSYoungGen      total 64000K, used 13794K [0x00000000ec300000, 0x00000000f0400000, 0x0000000100000000)
  eden space 61440K, 18% used [0x00000000ec300000,0x00000000ece009c8,0x00000000eff00000)
  from space 2560K, 98% used [0x00000000f0180000,0x00000000f03f8060,0x00000000f0400000)
  to   space 2560K, 0% used [0x00000000eff00000,0x00000000eff00000,0x00000000f0180000)
 ParOldGen       total 40960K, used 16835K [0x00000000c4800000, 0x00000000c7000000, 0x00000000ec300000)
  object space 40960K, 41% used [0x00000000c4800000,0x00000000c5870d50,0x00000000c7000000)
 Metaspace       used 20915K, capacity 21141K, committed 21296K, reserved 1069056K
  class space    used 1999K, capacity 2084K, committed 2176K, reserved 1048576K
Event: 6.801 GC heap after
Heap after GC invocations=5 (full 0):
 PSYoungGen      total 64000K, used 2546K [0x00000000ec300000, 0x00000000f5300000, 0x0000000100000000)
  eden space 61440K, 0% used [0x00000000ec300000,0x00000000ec300000,0x00000000eff00000)
  from space 2560K, 99% used [0x00000000eff00000,0x00000000f017c880,0x00000000f0180000)
  to   space 12288K, 0% used [0x00000000f4700000,0x00000000f4700000,0x00000000f5300000)
 ParOldGen       total 40960K, used 17683K [0x00000000c4800000, 0x00000000c7000000, 0x00000000ec300000)
  object space 40960K, 43% used [0x00000000c4800000,0x00000000c5944d80,0x00000000c7000000)
 Metaspace       used 20915K, capacity 21141K, committed 21296K, reserved 1069056K
  class space    used 1999K, capacity 2084K, committed 2176K, reserved 1048576K
}
Event: 6.801 GC heap before
{Heap before GC invocations=6 (full 1):
 PSYoungGen      total 64000K, used 2546K [0x00000000ec300000, 0x00000000f5300000, 0x0000000100000000)
  eden space 61440K, 0% used [0x00000000ec300000,0x00000000ec300000,0x00000000eff00000)
  from space 2560K, 99% used [0x00000000eff00000,0x00000000f017c880,0x00000000f0180000)
  to   space 12288K, 0% used [0x00000000f4700000,0x00000000f4700000,0x00000000f5300000)
 ParOldGen       total 40960K, used 17683K [0x00000000c4800000, 0x00000000c7000000, 0x00000000ec300000)
  object space 40960K, 43% used [0x00000000c4800000,0x00000000c5944d80,0x00000000c7000000)
 Metaspace       used 20915K, capacity 21141K, committed 21296K, reserved 1069056K
  class space    used 1999K, capacity 2084K, committed 2176K, reserved 1048576K
Event: 6.899 GC heap after
Heap after GC invocations=6 (full 1):
 PSYoungGen      total 64000K, used 0K [0x00000000ec300000, 0x00000000f5300000, 0x0000000100000000)
  eden space 61440K, 0% used [0x00000000ec300000,0x00000000ec300000,0x00000000eff00000)
  from space 2560K, 0% used [0x00000000eff00000,0x00000000eff00000,0x00000000f0180000)
  to   space 12288K, 0% used [0x00000000f4700000,0x00000000f4700000,0x00000000f5300000)
 ParOldGen       total 47104K, used 16770K [0x00000000c4800000, 0x00000000c7600000, 0x00000000ec300000)
  object space 47104K, 35% used [0x00000000c4800000,0x00000000c58609d8,0x00000000c7600000)
 Metaspace       used 20915K, capacity 21141K, committed 21296K, reserved 1069056K
  class space    used 1999K, capacity 2084K, committed 2176K, reserved 1048576K
}

Deoptimization events (10 events):
Event: 2.759 Thread 0x00007f628c003000 Uncommon trap: reason=unstable_if action=reinterpret pc=0x00007f62d942f140 method=sun.nio.cs.UTF_8$Decoder.decodeArrayLoop(Ljava/nio/ByteBuffer;Ljava/nio/CharBuffer;)Ljava/nio/charset/CoderResult; @ 110
Event: 2.772 Thread 0x00007f628c003000 Uncommon trap: reason=unstable_if action=reinterpret pc=0x00007f62d93d8d7c method=sun.nio.cs.UTF_8$Decoder.decodeArrayLoop(Ljava/nio/ByteBuffer;Ljava/nio/CharBuffer;)Ljava/nio/charset/CoderResult; @ 110
Event: 3.795 Thread 0x00007f628c003000 Uncommon trap: reason=unstable_if action=reinterpret pc=0x00007f62d94197f8 method=sun.misc.FloatingDecimal.readJavaFormatString(Ljava/lang/String;)Lsun/misc/FloatingDecimal$ASCIIToBinaryConverter; @ 445
Event: 4.270 Thread 0x00007f628c003000 Uncommon trap: reason=class_check action=maybe_recompile pc=0x00007f62d9542298 method=com.jogamp.common.nio.Buffers.getDirectBufferByteOffset(Ljava/lang/Object;)I @ 42
Event: 4.277 Thread 0x00007f628c003000 Uncommon trap: reason=unstable_if action=reinterpret pc=0x00007f62d9414c74 method=java.lang.String.trim()Ljava/lang/String; @ 15
Event: 4.317 Thread 0x00007f628c003000 Uncommon trap: reason=class_check action=maybe_recompile pc=0x00007f62d9542298 method=com.jogamp.common.nio.Buffers.getDirectBufferByteOffset(Ljava/lang/Object;)I @ 42
Event: 4.732 Thread 0x00007f628c003000 Uncommon trap: reason=class_check action=maybe_recompile pc=0x00007f62d9542298 method=com.jogamp.common.nio.Buffers.getDirectBufferByteOffset(Ljava/lang/Object;)I @ 42
Event: 4.743 Thread 0x00007f628c003000 Uncommon trap: reason=class_check action=maybe_recompile pc=0x00007f62d9542298 method=com.jogamp.common.nio.Buffers.getDirectBufferByteOffset(Ljava/lang/Object;)I @ 42
Event: 5.263 Thread 0x00007f6289b21000 Uncommon trap: reason=unstable_if action=reinterpret pc=0x00007f62d942c53c method=java.lang.String.regionMatches(ZILjava/lang/String;II)Z @ 123
Event: 13.040 Thread 0x00007f62e82b3000 Uncommon trap: reason=unstable_if action=reinterpret pc=0x00007f62d934e2f0 method=java.awt.font.FontRenderContext.equals(Ljava/awt/font/FontRenderContext;)Z @ 2

Internal exceptions (10 events):
Event: 1.648 Thread 0x00007f628c003000 Implicit null exception at 0x00007f62d915a0f5 to 0x00007f62d915a445
Event: 3.981 Thread 0x00007f628c003000 Exception <a 'java/lang/reflect/InvocationTargetException'> (0x00000000eda27b50) thrown at [/RE-WORK/workspace/8-2-build-linux-amd64/jdk8u45/3457/hotspot/src/share/vm/runtime/reflection.cpp, line 1080]
Event: 3.985 Thread 0x00007f628c003000 Exception <a 'java/lang/reflect/InvocationTargetException'> (0x00000000eda29260) thrown at [/RE-WORK/workspace/8-2-build-linux-amd64/jdk8u45/3457/hotspot/src/share/vm/runtime/reflection.cpp, line 1080]
Event: 4.753 Thread 0x00007f628c003000 Exception <a 'java/lang/reflect/InvocationTargetException'> (0x00000000eca99228) thrown at [/RE-WORK/workspace/8-2-build-linux-amd64/jdk8u45/3457/hotspot/src/share/vm/runtime/reflection.cpp, line 1080]
Event: 4.755 Thread 0x00007f628c003000 Exception <a 'java/lang/reflect/InvocationTargetException'> (0x00000000eca998f0) thrown at [/RE-WORK/workspace/8-2-build-linux-amd64/jdk8u45/3457/hotspot/src/share/vm/runtime/reflection.cpp, line 1080]
Event: 4.789 Thread 0x00007f628c003000 Exception <a 'java/lang/reflect/InvocationTargetException'> (0x00000000ecb328e8) thrown at [/RE-WORK/workspace/8-2-build-linux-amd64/jdk8u45/3457/hotspot/src/share/vm/runtime/reflection.cpp, line 1080]
Event: 4.794 Thread 0x00007f628c003000 Exception <a 'java/lang/reflect/InvocationTargetException'> (0x00000000ecb32db8) thrown at [/RE-WORK/workspace/8-2-build-linux-amd64/jdk8u45/3457/hotspot/src/share/vm/runtime/reflection.cpp, line 1080]
Event: 4.834 Thread 0x00007f628c003000 Exception <a 'java/lang/reflect/InvocationTargetException'> (0x00000000ecbb36b0) thrown at [/RE-WORK/workspace/8-2-build-linux-amd64/jdk8u45/3457/hotspot/src/share/vm/runtime/reflection.cpp, line 1080]
Event: 4.835 Thread 0x00007f628c003000 Exception <a 'java/lang/reflect/InvocationTargetException'> (0x00000000ecbb4600) thrown at [/RE-WORK/workspace/8-2-build-linux-amd64/jdk8u45/3457/hotspot/src/share/vm/runtime/reflection.cpp, line 1080]
Event: 4.874 Thread 0x00007f628c003000 Exception <a 'java/lang/reflect/InvocationTargetException'> (0x00000000ecc04fb0) thrown at [/RE-WORK/workspace/8-2-build-linux-amd64/jdk8u45/3457/hotspot/src/share/vm/runtime/reflection.cpp, line 1080]

Events (10 events):
Event: 12.970 Executing VM operation: RevokeBias done
Event: 12.970 Thread 0x00007f6268003800 Thread exited: 0x00007f6268003800
Event: 12.998 loading class sun/applet/AppletViewer$3
Event: 12.998 loading class sun/applet/AppletViewer$3 done
Event: 12.999 Thread 0x00007f628a039000 Thread added: 0x00007f628a039000
Event: 12.999 loading class sun/applet/AppletPanel$4
Event: 12.999 loading class sun/applet/AppletPanel$4 done
Event: 13.040 Thread 0x00007f62e82b3000 Uncommon trap: trap_request=0xffffff65 fr.pc=0x00007f62d934e2f0
Event: 13.040 Thread 0x00007f62e82b3000 DEOPT PACKING pc=0x00007f62d934e2f0 sp=0x00007f62cb9ec3e0
Event: 13.040 Thread 0x00007f62e82b3000 DEOPT UNPACKING pc=0x00007f62d9005229 sp=0x00007f62cb9ec338 mode 2


Dynamic libraries:
00400000-00401000 r-xp 00000000 08:02 4856071                            /usr/lib/jvm/java-8-oracle/bin/java
00600000-00601000 rw-p 00000000 08:02 4856071                            /usr/lib/jvm/java-8-oracle/bin/java
008ac000-008cd000 rw-p 00000000 00:00 0                                  [heap]
c4800000-c7600000 rw-p 00000000 00:00 0 
c7600000-ec300000 ---p 00000000 00:00 0 
ec300000-f5300000 rw-p 00000000 00:00 0 
f5300000-100000000 ---p 00000000 00:00 0 
100000000-100220000 rw-p 00000000 00:00 0 
100220000-140000000 ---p 00000000 00:00 0 
7f624c000000-7f624c02f000 rw-p 00000000 00:00 0 
7f624c02f000-7f6250000000 ---p 00000000 00:00 0 
7f6254000000-7f625403a000 rw-p 00000000 00:00 0 
7f625403a000-7f6258000000 ---p 00000000 00:00 0 
7f6258000000-7f6258035000 rw-p 00000000 00:00 0 
7f6258035000-7f625c000000 ---p 00000000 00:00 0 
7f625c000000-7f625c021000 rw-p 00000000 00:00 0 
7f625c021000-7f6260000000 ---p 00000000 00:00 0 
7f6260000000-7f6260021000 rw-p 00000000 00:00 0 
7f6260021000-7f6264000000 ---p 00000000 00:00 0 
7f6264000000-7f6264021000 rw-p 00000000 00:00 0 
7f6264021000-7f6268000000 ---p 00000000 00:00 0 
7f6268000000-7f6268021000 rw-p 00000000 00:00 0 
7f6268021000-7f626c000000 ---p 00000000 00:00 0 
7f626c000000-7f626c021000 rw-p 00000000 00:00 0 
7f626c021000-7f6270000000 ---p 00000000 00:00 0 
7f6271dd2000-7f6271e42000 rw-s 00000000 00:04 176912                     /drm mm object (deleted)
7f6271e42000-7f6271eb2000 rw-s 00000000 00:04 176909                     /drm mm object (deleted)
7f6271eb2000-7f6271f22000 rw-s 00000000 00:04 176908                     /drm mm object (deleted)
7f6271f22000-7f6271f92000 rw-s 00000000 00:04 176093                     /drm mm object (deleted)
7f6271f92000-7f6272002000 rw-s 00000000 00:04 176897                     /drm mm object (deleted)
7f6272002000-7f6272072000 rw-s 00000000 00:04 176896                     /drm mm object (deleted)
7f6272072000-7f62720e2000 rw-s 00000000 00:04 178215                     /drm mm object (deleted)
7f62720e2000-7f62720e5000 ---p 00000000 00:00 0 
7f62720e5000-7f62721e3000 rw-p 00000000 00:00 0 
7f62721e3000-7f6272463000 rw-s 00000000 00:04 176048                     /drm mm object (deleted)
7f6272463000-7f62726e3000 rw-s 00000000 00:04 175961                     /drm mm object (deleted)
7f62726e3000-7f62726e4000 r--s 00000000 08:02 786530                     /var/cache/fontconfig/c05880de57d1f5e948fdfacc138775d9-le64.cache-4
7f62726e4000-7f62726ef000 r--s 00000000 08:02 786523                     /var/cache/fontconfig/945677eb7aeaf62f1d50efc3fb3ec7d8-le64.cache-4
7f62726ef000-7f62726f5000 r--s 00000000 08:02 786507                     /var/cache/fontconfig/2cd17615ca594fa2959ae173292e504c-le64.cache-4
7f62726f5000-7f62726f6000 r--s 00000000 08:02 786541                     /var/cache/fontconfig/e7071f4a29fa870f4323321c154eba04-le64.cache-4
7f62726f6000-7f62726f7000 r--s 00000000 08:02 786504                     /var/cache/fontconfig/0d8c3b2ac0904cb8a57a757ad11a4a08-le64.cache-4
7f62726f7000-7f62726fe000 r--s 00000000 08:02 786527                     /var/cache/fontconfig/a755afe4a08bf5b97852ceb7400b47bc-le64.cache-4
7f62726fe000-7f62726ff000 r--s 00000000 08:02 786526                     /var/cache/fontconfig/a6354e3ac43af67bd8d7b8e43c34e49f-le64.cache-4
7f62726ff000-7f6272703000 r--s 00000000 08:02 786510                     /var/cache/fontconfig/385c0604a188198f04d133e54aba7fe7-le64.cache-4
7f6272703000-7f6272708000 r--s 00000000 08:02 786522                     /var/cache/fontconfig/8801497958630a81b71ace7c5f9b32a8-le64.cache-4
7f6272708000-7f627270f000 r--s 00000000 08:02 786508                     /var/cache/fontconfig/3047814df9a2f067bd2d96a2b9c36e5a-le64.cache-4
7f627270f000-7f6272715000 r--s 00000000 08:02 786528                     /var/cache/fontconfig/b47c4e1ecd0709278f4910c18777a504-le64.cache-4
7f6272715000-7f6272728000 r--s 00000000 08:02 786534                     /var/cache/fontconfig/d52a8644073d54c13679302ca1180695-le64.cache-4
7f6272728000-7f6272731000 r--s 00000000 08:02 786511                     /var/cache/fontconfig/3f7329c5293ffd510edef78f73874cfd-le64.cache-4
7f6272736000-7f6272739000 ---p 00000000 00:00 0 
7f6272739000-7f6272837000 rw-p 00000000 00:00 0 
7f6272837000-7f627283a000 ---p 00000000 00:00 0 
7f627283a000-7f6272938000 rw-p 00000000 00:00 0                          [stack:11250]
7f6272938000-7f62729f8000 rw-s 106472000 00:05 1552                      /dev/dri/card0
7f6272a00000-7f6272a08000 rw-s 00000000 00:04 176906                     /drm mm object (deleted)
7f6272abc000-7f6272b2c000 rw-s 00000000 00:04 178282                     /drm mm object (deleted)
7f6272b2c000-7f6272b9c000 rw-s 00000000 00:04 178281                     /drm mm object (deleted)
7f6272b9c000-7f6272c0c000 rw-s 00000000 00:04 178280                     /drm mm object (deleted)
7f6272c0c000-7f6272c7c000 rw-s 00000000 00:04 176107                     /drm mm object (deleted)
7f6272c7c000-7f6272cec000 rw-s 00000000 00:04 178279                     /drm mm object (deleted)
7f6272cec000-7f6272d5c000 rw-s 00000000 00:04 176935                     /drm mm object (deleted)
7f6272d5c000-7f6272dcc000 rw-s 00000000 00:04 178261                     /drm mm object (deleted)
7f6272dcc000-7f6272e3c000 rw-s 00000000 00:04 176918                     /drm mm object (deleted)
7f6272e3c000-7f6272e51000 r--s 00000000 08:02 786537                     /var/cache/fontconfig/da82082e1ef13c4097208324d67c180c-le64.cache-4
7f6272e7b000-7f6272fa7000 rw-p 00000000 00:00 0 
7f6272fa7000-7f627307b000 ---p 00000000 00:00 0 
7f627307b000-7f62730fb000 rw-s 106f33000 00:05 1552                      /dev/dri/card0
7f62730fb000-7f62732bb000 rw-s 00000000 00:04 174046                     /drm mm object (deleted)
7f62732bb000-7f62732be000 ---p 00000000 00:00 0 
7f62732be000-7f62733bc000 rw-p 00000000 00:00 0 
7f62733bc000-7f62733bf000 ---p 00000000 00:00 0 
7f62733bf000-7f62734bd000 rw-p 00000000 00:00 0 
7f62734bd000-7f62734c0000 ---p 00000000 00:00 0 
7f62734c0000-7f62735be000 rw-p 00000000 00:00 0 
7f62735be000-7f62735c1000 ---p 00000000 00:00 0 
7f62735c1000-7f62736bf000 rw-p 00000000 00:00 0 
7f62736bf000-7f627387f000 rw-s 00000000 00:04 175970                     /drm mm object (deleted)
7f627387f000-7f627393f000 rw-s 106df3000 00:05 1552                      /dev/dri/card0
7f627393f000-7f62739ff000 rw-s 1065f2000 00:05 1552                      /dev/dri/card0
7f62739ff000-7f6273c7f000 rw-s 00000000 00:04 175943                     /drm mm object (deleted)
7f6273c7f000-7f6273eff000 rw-s 00000000 00:04 174042                     /drm mm object (deleted)
7f6273eff000-7f6273f02000 ---p 00000000 00:00 0 
7f6273f02000-7f6274000000 rw-p 00000000 00:00 0                          [stack:11225]
7f6274000000-7f627585e000 rw-p 00000000 00:00 0 
7f627585e000-7f6278000000 ---p 00000000 00:00 0 
7f6278000000-7f6278080000 rw-s 106eb3000 00:05 1552                      /dev/dri/card0
7f6278080000-7f6278097000 r-xp 00000000 08:02 2621530                    /lib/x86_64-linux-gnu/libresolv-2.19.so
7f6278097000-7f6278297000 ---p 00017000 08:02 2621530                    /lib/x86_64-linux-gnu/libresolv-2.19.so
7f6278297000-7f6278298000 r--p 00017000 08:02 2621530                    /lib/x86_64-linux-gnu/libresolv-2.19.so
7f6278298000-7f6278299000 rw-p 00018000 08:02 2621530                    /lib/x86_64-linux-gnu/libresolv-2.19.so
7f6278299000-7f627829b000 rw-p 00000000 00:00 0 
7f627829b000-7f62782a0000 r-xp 00000000 08:02 2621536                    /lib/x86_64-linux-gnu/libnss_dns-2.19.so
7f62782a0000-7f627849f000 ---p 00005000 08:02 2621536                    /lib/x86_64-linux-gnu/libnss_dns-2.19.so
7f627849f000-7f62784a0000 r--p 00004000 08:02 2621536                    /lib/x86_64-linux-gnu/libnss_dns-2.19.so
7f62784a0000-7f62784a1000 rw-p 00005000 08:02 2621536                    /lib/x86_64-linux-gnu/libnss_dns-2.19.so
7f62784a1000-7f62784a3000 r-xp 00000000 08:02 2625700                    /lib/x86_64-linux-gnu/libnss_mdns4_minimal.so.2
7f62784a3000-7f62786a2000 ---p 00002000 08:02 2625700                    /lib/x86_64-linux-gnu/libnss_mdns4_minimal.so.2
7f62786a2000-7f62786a3000 r--p 00001000 08:02 2625700                    /lib/x86_64-linux-gnu/libnss_mdns4_minimal.so.2
7f62786a3000-7f62786a4000 rw-p 00002000 08:02 2625700                    /lib/x86_64-linux-gnu/libnss_mdns4_minimal.so.2
7f62786a4000-7f62786a7000 r-xp 00000000 08:02 2625704                    /lib/x86_64-linux-gnu/libnss_myhostname.so.2
7f62786a7000-7f62788a6000 ---p 00003000 08:02 2625704                    /lib/x86_64-linux-gnu/libnss_myhostname.so.2
7f62788a6000-7f62788a7000 r--p 00002000 08:02 2625704                    /lib/x86_64-linux-gnu/libnss_myhostname.so.2
7f62788a7000-7f62788a8000 rw-p 00003000 08:02 2625704                    /lib/x86_64-linux-gnu/libnss_myhostname.so.2
7f62788a8000-7f6278aa8000 rw-p 00000000 00:00 0 
7f6278aa8000-7f6278b68000 rw-s 106532000 00:05 1552                      /dev/dri/card0
7f6278b68000-7f6278de8000 rw-s 00000000 00:04 176869                     /drm mm object (deleted)
7f6278de8000-7f6279068000 rw-s 00000000 00:04 176868                     /drm mm object (deleted)
7f6279068000-7f6279069000 r--s 00000000 08:02 786506                     /var/cache/fontconfig/1ac9eb803944fde146138c791f5cc56a-le64.cache-4
7f6279069000-7f627906b000 r--s 00000000 08:02 786520                     /var/cache/fontconfig/767a8244fc0220cfb567a839d0392e0b-le64.cache-4
7f627906b000-7f6279078000 r--s 00000000 08:02 786637                     /var/cache/fontconfig/e13b20fdb08344e0e664864cc2ede53d-le64.cache-4
7f62790b8000-7f6279128000 rw-s 00000000 00:04 178260                     /drm mm object (deleted)
7f6279128000-7f627915f000 r-xp 00000000 08:02 4858923                    /usr/lib/x86_64-linux-gnu/libtxc_dxtn_s2tc.so.0.0.0
7f627915f000-7f627935e000 ---p 00037000 08:02 4858923                    /usr/lib/x86_64-linux-gnu/libtxc_dxtn_s2tc.so.0.0.0
7f627935e000-7f627935f000 r--p 00036000 08:02 4858923                    /usr/lib/x86_64-linux-gnu/libtxc_dxtn_s2tc.so.0.0.0
7f627935f000-7f6279360000 rw-p 00037000 08:02 4858923                    /usr/lib/x86_64-linux-gnu/libtxc_dxtn_s2tc.so.0.0.0
7f6279360000-7f6279378000 r-xp 00000000 08:02 2625786                    /lib/x86_64-linux-gnu/libz.so.1.2.8
7f6279378000-7f6279577000 ---p 00018000 08:02 2625786                    /lib/x86_64-linux-gnu/libz.so.1.2.8
7f6279577000-7f6279578000 r--p 00017000 08:02 2625786                    /lib/x86_64-linux-gnu/libz.so.1.2.8
7f6279578000-7f6279579000 rw-p 00018000 08:02 2625786                    /lib/x86_64-linux-gnu/libz.so.1.2.8
7f6279579000-7f6279581000 r-xp 00000000 08:02 4858718                    /usr/lib/x86_64-linux-gnu/libpciaccess.so.0.11.1
7f6279581000-7f6279780000 ---p 00008000 08:02 4858718                    /usr/lib/x86_64-linux-gnu/libpciaccess.so.0.11.1
7f6279780000-7f6279781000 r--p 00007000 08:02 4858718                    /usr/lib/x86_64-linux-gnu/libpciaccess.so.0.11.1
7f6279781000-7f6279782000 rw-p 00008000 08:02 4858718                    /usr/lib/x86_64-linux-gnu/libpciaccess.so.0.11.1
7f6279782000-7f6279872000 r-xp 00000000 08:02 4858875                    /usr/lib/x86_64-linux-gnu/libstdc++.so.6.0.20
7f6279872000-7f6279a72000 ---p 000f0000 08:02 4858875                    /usr/lib/x86_64-linux-gnu/libstdc++.so.6.0.20
7f6279a72000-7f6279a7a000 r--p 000f0000 08:02 4858875                    /usr/lib/x86_64-linux-gnu/libstdc++.so.6.0.20
7f6279a7a000-7f6279a7c000 rw-p 000f8000 08:02 4858875                    /usr/lib/x86_64-linux-gnu/libstdc++.so.6.0.20
7f6279a7c000-7f6279a91000 rw-p 00000000 00:00 0 
7f6279a91000-7f6279a9d000 r-xp 00000000 08:02 4858206                    /usr/lib/x86_64-linux-gnu/libdrm_radeon.so.1.0.1
7f6279a9d000-7f6279c9c000 ---p 0000c000 08:02 4858206                    /usr/lib/x86_64-linux-gnu/libdrm_radeon.so.1.0.1
7f6279c9c000-7f6279c9d000 r--p 0000b000 08:02 4858206                    /usr/lib/x86_64-linux-gnu/libdrm_radeon.so.1.0.1
7f6279c9d000-7f6279c9e000 rw-p 0000c000 08:02 4858206                    /usr/lib/x86_64-linux-gnu/libdrm_radeon.so.1.0.1
7f6279c9e000-7f6279ca4000 r-xp 00000000 08:02 4858204                    /usr/lib/x86_64-linux-gnu/libdrm_nouveau.so.2.0.0
7f6279ca4000-7f6279ea3000 ---p 00006000 08:02 4858204                    /usr/lib/x86_64-linux-gnu/libdrm_nouveau.so.2.0.0
7f6279ea3000-7f6279ea4000 r--p 00005000 08:02 4858204                    /usr/lib/x86_64-linux-gnu/libdrm_nouveau.so.2.0.0
7f6279ea4000-7f6279ea5000 rw-p 00006000 08:02 4858204                    /usr/lib/x86_64-linux-gnu/libdrm_nouveau.so.2.0.0
7f6279ea5000-7f6279ec5000 r-xp 00000000 08:02 4858202                    /usr/lib/x86_64-linux-gnu/libdrm_intel.so.1.0.0
7f6279ec5000-7f627a0c4000 ---p 00020000 08:02 4858202                    /usr/lib/x86_64-linux-gnu/libdrm_intel.so.1.0.0
7f627a0c4000-7f627a0c5000 r--p 0001f000 08:02 4858202                    /usr/lib/x86_64-linux-gnu/libdrm_intel.so.1.0.0
7f627a0c5000-7f627a0c6000 rw-p 00020000 08:02 4858202                    /usr/lib/x86_64-linux-gnu/libdrm_intel.so.1.0.0
7f627a0c6000-7f627a5e2000 r-xp 00000000 08:02 5114656                    /usr/lib/x86_64-linux-gnu/dri/i965_dri.so
7f627a5e2000-7f627a7e1000 ---p 0051c000 08:02 5114656                    /usr/lib/x86_64-linux-gnu/dri/i965_dri.so
7f627a7e1000-7f627a7fd000 r--p 0051b000 08:02 5114656                    /usr/lib/x86_64-linux-gnu/dri/i965_dri.so
7f627a7fd000-7f627a803000 rw-p 00537000 08:02 5114656                    /usr/lib/x86_64-linux-gnu/dri/i965_dri.so
7f627a803000-7f627a80e000 rw-p 00000000 00:00 0 
7f627a80e000-7f627a87a000 r-xp 00000000 08:02 2625725                    /lib/x86_64-linux-gnu/libpcre.so.3.13.1
7f627a87a000-7f627aa79000 ---p 0006c000 08:02 2625725                    /lib/x86_64-linux-gnu/libpcre.so.3.13.1
7f627aa79000-7f627aa7a000 r--p 0006b000 08:02 2625725                    /lib/x86_64-linux-gnu/libpcre.so.3.13.1
7f627aa7a000-7f627aa7b000 rw-p 0006c000 08:02 2625725                    /lib/x86_64-linux-gnu/libpcre.so.3.13.1
7f627aa7b000-7f627aa9c000 r-xp 00000000 08:02 2625752                    /lib/x86_64-linux-gnu/libselinux.so.1
7f627aa9c000-7f627ac9b000 ---p 00021000 08:02 2625752                    /lib/x86_64-linux-gnu/libselinux.so.1
7f627ac9b000-7f627ac9c000 r--p 00020000 08:02 2625752                    /lib/x86_64-linux-gnu/libselinux.so.1
7f627ac9c000-7f627ac9d000 rw-p 00021000 08:02 2625752                    /lib/x86_64-linux-gnu/libselinux.so.1
7f627ac9d000-7f627ac9f000 rw-p 00000000 00:00 0 
7f627ac9f000-7f627acaf000 r-xp 00000000 08:02 2625516                    /lib/x86_64-linux-gnu/libudev.so.1.4.0
7f627acaf000-7f627aeaf000 ---p 00010000 08:02 2625516                    /lib/x86_64-linux-gnu/libudev.so.1.4.0
7f627aeaf000-7f627aeb0000 r--p 00010000 08:02 2625516                    /lib/x86_64-linux-gnu/libudev.so.1.4.0
7f627aeb0000-7f627aeb1000 rw-p 00011000 08:02 2625516                    /lib/x86_64-linux-gnu/libudev.so.1.4.0
7f627aeb1000-7f627aeb3000 r-xp 00000000 08:02 4857968                    /usr/lib/x86_64-linux-gnu/libXinerama.so.1.0.0
7f627aeb3000-7f627b0b2000 ---p 00002000 08:02 4857968                    /usr/lib/x86_64-linux-gnu/libXinerama.so.1.0.0
7f627b0b2000-7f627b0b3000 r--p 00001000 08:02 4857968                    /usr/lib/x86_64-linux-gnu/libXinerama.so.1.0.0
7f627b0b3000-7f627b0b4000 rw-p 00002000 08:02 4857968                    /usr/lib/x86_64-linux-gnu/libXinerama.so.1.0.0
7f627b0b4000-7f627b0f9000 r-xp 00000000 08:02 4587550                    /tmp/jogamp_0000/file_cache/jln3849570893715566411/jln4984768970983873569/libjogl_mobile.so
7f627b0f9000-7f627b2f9000 ---p 00045000 08:02 4587550                    /tmp/jogamp_0000/file_cache/jln3849570893715566411/jln4984768970983873569/libjogl_mobile.so
7f627b2f9000-7f627b2fa000 rw-p 00045000 08:02 4587550                    /tmp/jogamp_0000/file_cache/jln3849570893715566411/jln4984768970983873569/libjogl_mobile.so
7f627b2fa000-7f627b301000 r-xp 00000000 08:02 4858242                    /usr/lib/x86_64-linux-gnu/libffi.so.6.0.2
7f627b301000-7f627b500000 ---p 00007000 08:02 4858242                    /usr/lib/x86_64-linux-gnu/libffi.so.6.0.2
7f627b500000-7f627b501000 r--p 00006000 08:02 4858242                    /usr/lib/x86_64-linux-gnu/libffi.so.6.0.2
7f627b501000-7f627b502000 rw-p 00007000 08:02 4858242                    /usr/lib/x86_64-linux-gnu/libffi.so.6.0.2
7f627b502000-7f627b50f000 r-xp 00000000 08:02 4849854                    /usr/lib/x86_64-linux-gnu/libgbm.so.1.0.0
7f627b50f000-7f627b70e000 ---p 0000d000 08:02 4849854                    /usr/lib/x86_64-linux-gnu/libgbm.so.1.0.0
7f627b70e000-7f627b70f000 r--p 0000c000 08:02 4849854                    /usr/lib/x86_64-linux-gnu/libgbm.so.1.0.0
7f627b70f000-7f627b710000 rw-p 0000d000 08:02 4849854                    /usr/lib/x86_64-linux-gnu/libgbm.so.1.0.0
7f627b710000-7f627b71e000 r-xp 00000000 08:02 4858976                    /usr/lib/x86_64-linux-gnu/libwayland-server.so.0.1.0
7f627b71e000-7f627b91e000 ---p 0000e000 08:02 4858976                    /usr/lib/x86_64-linux-gnu/libwayland-server.so.0.1.0
7f627b91e000-7f627b920000 r--p 0000e000 08:02 4858976                    /usr/lib/x86_64-linux-gnu/libwayland-server.so.0.1.0
7f627b920000-7f627b921000 rw-p 00010000 08:02 4858976                    /usr/lib/x86_64-linux-gnu/libwayland-server.so.0.1.0
7f627b921000-7f627b92c000 r-xp 00000000 08:02 4858970                    /usr/lib/x86_64-linux-gnu/libwayland-client.so.0.2.0
7f627b92c000-7f627bb2c000 ---p 0000b000 08:02 4858970                    /usr/lib/x86_64-linux-gnu/libwayland-client.so.0.2.0
7f627bb2c000-7f627bb2e000 r--p 0000b000 08:02 4858970                    /usr/lib/x86_64-linux-gnu/libwayland-client.so.0.2.0
7f627bb2e000-7f627bb2f000 rw-p 0000d000 08:02 4858970                    /usr/lib/x86_64-linux-gnu/libwayland-client.so.0.2.0
7f627bb2f000-7f627bb58000 r-xp 00000000 08:02 5114652                    /usr/lib/x86_64-linux-gnu/mesa-egl/libEGL.so.1.0.0
7f627bb58000-7f627bd57000 ---p 00029000 08:02 5114652                    /usr/lib/x86_64-linux-gnu/mesa-egl/libEGL.so.1.0.0
7f627bd57000-7f627bd58000 r--p 00028000 08:02 5114652                    /usr/lib/x86_64-linux-gnu/mesa-egl/libEGL.so.1.0.0
7f627bd58000-7f627bd59000 rw-p 00029000 08:02 5114652                    /usr/lib/x86_64-linux-gnu/mesa-egl/libEGL.so.1.0.0
7f627bd59000-7f627bd5a000 rw-p 00000000 00:00 0 
7f627bd5a000-7f627bdff000 r-xp 00000000 08:02 4587549                    /tmp/jogamp_0000/file_cache/jln3849570893715566411/jln4984768970983873569/libjogl_desktop.so
7f627bdff000-7f627bfff000 ---p 000a5000 08:02 4587549                    /tmp/jogamp_0000/file_cache/jln3849570893715566411/jln4984768970983873569/libjogl_desktop.so
7f627bfff000-7f627c000000 rw-p 000a5000 08:02 4587549                    /tmp/jogamp_0000/file_cache/jln3849570893715566411/jln4984768970983873569/libjogl_desktop.so
7f627c000000-7f627c658000 rw-p 00000000 00:00 0 
7f627c658000-7f6280000000 ---p 00000000 00:00 0 
7f6280000000-7f6280021000 rw-p 00000000 00:00 0 
7f6280021000-7f6284000000 ---p 00000000 00:00 0 
7f6284000000-7f6284044000 rw-p 00000000 00:00 0 
7f6284044000-7f6288000000 ---p 00000000 00:00 0 
7f6288000000-7f628a200000 rw-p 00000000 00:00 0 
7f628a200000-7f628c000000 ---p 00000000 00:00 0 
7f628c000000-7f628c021000 rw-p 00000000 00:00 0 
7f628c021000-7f6290000000 ---p 00000000 00:00 0 
7f6290000000-7f6290021000 rw-p 00000000 00:00 0 
7f6290021000-7f6294000000 ---p 00000000 00:00 0 
7f6294000000-7f6294021000 rw-p 00000000 00:00 0 
7f6294021000-7f6298000000 ---p 00000000 00:00 0 
7f6298000000-7f6298024000 rw-p 00000000 00:00 0 
7f6298024000-7f629c000000 ---p 00000000 00:00 0 
7f629c000000-7f629c021000 rw-p 00000000 00:00 0 
7f629c021000-7f62a0000000 ---p 00000000 00:00 0 
7f62a0000000-7f62a0021000 rw-p 00000000 00:00 0 
7f62a0021000-7f62a4000000 ---p 00000000 00:00 0 
7f62a4000000-7f62a482a000 rw-p 00000000 00:00 0 
7f62a482a000-7f62a8000000 ---p 00000000 00:00 0 
7f62a8000000-7f62a848f000 rw-p 00000000 00:00 0 
7f62a848f000-7f62ac000000 ---p 00000000 00:00 0 
7f62ac000000-7f62ac021000 rw-p 00000000 00:00 0 
7f62ac021000-7f62b0000000 ---p 00000000 00:00 0 
7f62b0000000-7f62b153d000 rw-p 00000000 00:00 0 
7f62b153d000-7f62b4000000 ---p 00000000 00:00 0 
7f62b4000000-7f62b4021000 rw-p 00000000 00:00 0 
7f62b4021000-7f62b8000000 ---p 00000000 00:00 0 
7f62b8000000-7f62b8021000 rw-p 00000000 00:00 0 
7f62b8021000-7f62bc000000 ---p 00000000 00:00 0 
7f62bc000000-7f62bc021000 rw-p 00000000 00:00 0 
7f62bc021000-7f62c0000000 ---p 00000000 00:00 0 
7f62c0000000-7f62c0021000 rw-p 00000000 00:00 0 
7f62c0021000-7f62c4000000 ---p 00000000 00:00 0 
7f62c4000000-7f62c4021000 rw-p 00000000 00:00 0 
7f62c4021000-7f62c8000000 ---p 00000000 00:00 0 
7f62c8000000-7f62c8001000 r--s 00000000 08:02 786538                     /var/cache/fontconfig/dc05db6664285cc2f12bf69c139ae4c3-le64.cache-4
7f62c8001000-7f62c8006000 r-xp 00000000 08:02 4859022                    /usr/lib/x86_64-linux-gnu/libxcb-xfixes.so.0.0.0
7f62c8006000-7f62c8206000 ---p 00005000 08:02 4859022                    /usr/lib/x86_64-linux-gnu/libxcb-xfixes.so.0.0.0
7f62c8206000-7f62c8207000 r--p 00005000 08:02 4859022                    /usr/lib/x86_64-linux-gnu/libxcb-xfixes.so.0.0.0
7f62c8207000-7f62c8208000 rw-p 00006000 08:02 4859022                    /usr/lib/x86_64-linux-gnu/libxcb-xfixes.so.0.0.0
7f62c8208000-7f62c8213000 r-xp 00000000 08:02 4858200                    /usr/lib/x86_64-linux-gnu/libdrm.so.2.4.0
7f62c8213000-7f62c8412000 ---p 0000b000 08:02 4858200                    /usr/lib/x86_64-linux-gnu/libdrm.so.2.4.0
7f62c8412000-7f62c8413000 r--p 0000a000 08:02 4858200                    /usr/lib/x86_64-linux-gnu/libdrm.so.2.4.0
7f62c8413000-7f62c8414000 rw-p 0000b000 08:02 4858200                    /usr/lib/x86_64-linux-gnu/libdrm.so.2.4.0
7f62c8414000-7f62c8415000 r-xp 00000000 08:02 4859034                    /usr/lib/x86_64-linux-gnu/libxshmfence.so.1.0.0
7f62c8415000-7f62c8614000 ---p 00001000 08:02 4859034                    /usr/lib/x86_64-linux-gnu/libxshmfence.so.1.0.0
7f62c8614000-7f62c8615000 r--p 00000000 08:02 4859034                    /usr/lib/x86_64-linux-gnu/libxshmfence.so.1.0.0
7f62c8615000-7f62c8616000 rw-p 00001000 08:02 4859034                    /usr/lib/x86_64-linux-gnu/libxshmfence.so.1.0.0
7f62c8616000-7f62c861b000 r-xp 00000000 08:02 4859016                    /usr/lib/x86_64-linux-gnu/libxcb-sync.so.1.0.0
7f62c861b000-7f62c881a000 ---p 00005000 08:02 4859016                    /usr/lib/x86_64-linux-gnu/libxcb-sync.so.1.0.0
7f62c881a000-7f62c881b000 r--p 00004000 08:02 4859016                    /usr/lib/x86_64-linux-gnu/libxcb-sync.so.1.0.0
7f62c881b000-7f62c881c000 rw-p 00005000 08:02 4859016                    /usr/lib/x86_64-linux-gnu/libxcb-sync.so.1.0.0
7f62c881c000-7f62c881e000 r-xp 00000000 08:02 4859008                    /usr/lib/x86_64-linux-gnu/libxcb-present.so.0.0.0
7f62c881e000-7f62c8a1d000 ---p 00002000 08:02 4859008                    /usr/lib/x86_64-linux-gnu/libxcb-present.so.0.0.0
7f62c8a1d000-7f62c8a1e000 r--p 00001000 08:02 4859008                    /usr/lib/x86_64-linux-gnu/libxcb-present.so.0.0.0
7f62c8a1e000-7f62c8a1f000 rw-p 00002000 08:02 4859008                    /usr/lib/x86_64-linux-gnu/libxcb-present.so.0.0.0
7f62c8a1f000-7f62c8a21000 r-xp 00000000 08:02 4858998                    /usr/lib/x86_64-linux-gnu/libxcb-dri3.so.0.0.0
7f62c8a21000-7f62c8c20000 ---p 00002000 08:02 4858998                    /usr/lib/x86_64-linux-gnu/libxcb-dri3.so.0.0.0
7f62c8c20000-7f62c8c21000 r--p 00001000 08:02 4858998                    /usr/lib/x86_64-linux-gnu/libxcb-dri3.so.0.0.0
7f62c8c21000-7f62c8c22000 rw-p 00002000 08:02 4858998                    /usr/lib/x86_64-linux-gnu/libxcb-dri3.so.0.0.0
7f62c8c22000-7f62c8c25000 r-xp 00000000 08:02 4858996                    /usr/lib/x86_64-linux-gnu/libxcb-dri2.so.0.0.0
7f62c8c25000-7f62c8e25000 ---p 00003000 08:02 4858996                    /usr/lib/x86_64-linux-gnu/libxcb-dri2.so.0.0.0
7f62c8e25000-7f62c8e26000 r--p 00003000 08:02 4858996                    /usr/lib/x86_64-linux-gnu/libxcb-dri2.so.0.0.0
7f62c8e26000-7f62c8e27000 rw-p 00004000 08:02 4858996                    /usr/lib/x86_64-linux-gnu/libxcb-dri2.so.0.0.0
7f62c8e27000-7f62c8e3c000 r-xp 00000000 08:02 4859000                    /usr/lib/x86_64-linux-gnu/libxcb-glx.so.0.0.0
7f62c8e3c000-7f62c903b000 ---p 00015000 08:02 4859000                    /usr/lib/x86_64-linux-gnu/libxcb-glx.so.0.0.0
7f62c903b000-7f62c903d000 r--p 00014000 08:02 4859000                    /usr/lib/x86_64-linux-gnu/libxcb-glx.so.0.0.0
7f62c903d000-7f62c903e000 rw-p 00016000 08:02 4859000                    /usr/lib/x86_64-linux-gnu/libxcb-glx.so.0.0.0
7f62c903e000-7f62c903f000 r-xp 00000000 08:02 4857939                    /usr/lib/x86_64-linux-gnu/libX11-xcb.so.1.0.0
7f62c903f000-7f62c923e000 ---p 00001000 08:02 4857939                    /usr/lib/x86_64-linux-gnu/libX11-xcb.so.1.0.0
7f62c923e000-7f62c923f000 r--p 00000000 08:02 4857939                    /usr/lib/x86_64-linux-gnu/libX11-xcb.so.1.0.0
7f62c923f000-7f62c9240000 rw-p 00001000 08:02 4857939                    /usr/lib/x86_64-linux-gnu/libX11-xcb.so.1.0.0
7f62c9240000-7f62c9242000 r-xp 00000000 08:02 4857954                    /usr/lib/x86_64-linux-gnu/libXdamage.so.1.1.0
7f62c9242000-7f62c9441000 ---p 00002000 08:02 4857954                    /usr/lib/x86_64-linux-gnu/libXdamage.so.1.1.0
7f62c9441000-7f62c9442000 r--p 00001000 08:02 4857954                    /usr/lib/x86_64-linux-gnu/libXdamage.so.1.1.0
7f62c9442000-7f62c9443000 rw-p 00002000 08:02 4857954                    /usr/lib/x86_64-linux-gnu/libXdamage.so.1.1.0
7f62c9443000-7f62c9468000 r-xp 00000000 08:02 4853342                    /usr/lib/x86_64-linux-gnu/libglapi.so.0.0.0
7f62c9468000-7f62c9667000 ---p 00025000 08:02 4853342                    /usr/lib/x86_64-linux-gnu/libglapi.so.0.0.0
7f62c9667000-7f62c966a000 r--p 00024000 08:02 4853342                    /usr/lib/x86_64-linux-gnu/libglapi.so.0.0.0
7f62c966a000-7f62c966b000 rw-p 00027000 08:02 4853342                    /usr/lib/x86_64-linux-gnu/libglapi.so.0.0.0
7f62c966b000-7f62c966c000 rw-p 00000000 00:00 0 
7f62c966c000-7f62c9692000 r-xp 00000000 08:02 2625637                    /lib/x86_64-linux-gnu/libexpat.so.1.6.0
7f62c9692000-7f62c9891000 ---p 00026000 08:02 2625637                    /lib/x86_64-linux-gnu/libexpat.so.1.6.0
7f62c9891000-7f62c9894000 r--p 00025000 08:02 2625637                    /lib/x86_64-linux-gnu/libexpat.so.1.6.0
7f62c9894000-7f62c9895000 rw-p 00028000 08:02 2625637                    /lib/x86_64-linux-gnu/libexpat.so.1.6.0
7f62c9895000-7f62c992b000 r-xp 00000000 08:02 5113685                    /usr/lib/x86_64-linux-gnu/mesa/libGL.so.1.2.0
7f62c992b000-7f62c9b2a000 ---p 00096000 08:02 5113685                    /usr/lib/x86_64-linux-gnu/mesa/libGL.so.1.2.0
7f62c9b2a000-7f62c9b2d000 r--p 00095000 08:02 5113685                    /usr/lib/x86_64-linux-gnu/mesa/libGL.so.1.2.0
7f62c9b2d000-7f62c9b2e000 rw-p 00098000 08:02 5113685                    /usr/lib/x86_64-linux-gnu/mesa/libGL.so.1.2.0
7f62c9b2e000-7f62c9d2f000 rw-p 00000000 00:00 0 
7f62c9d2f000-7f62c9f2f000 rw-p 00000000 00:00 0 
7f62c9f2f000-7f62c9f36000 r-xp 00000000 08:02 4587552                    /tmp/jogamp_0000/file_cache/jln3849570893715566411/jln4984768970983873569/libnativewindow_x11.so
7f62c9f36000-7f62ca135000 ---p 00007000 08:02 4587552                    /tmp/jogamp_0000/file_cache/jln3849570893715566411/jln4984768970983873569/libnativewindow_x11.so
7f62ca135000-7f62ca136000 rw-p 00006000 08:02 4587552                    /tmp/jogamp_0000/file_cache/jln3849570893715566411/jln4984768970983873569/libnativewindow_x11.so
7f62ca136000-7f62ca13a000 r-xp 00000000 08:02 4857996                    /usr/lib/x86_64-linux-gnu/libXxf86vm.so.1.0.0
7f62ca13a000-7f62ca33a000 ---p 00004000 08:02 4857996                    /usr/lib/x86_64-linux-gnu/libXxf86vm.so.1.0.0
7f62ca33a000-7f62ca33b000 r--p 00004000 08:02 4857996                    /usr/lib/x86_64-linux-gnu/libXxf86vm.so.1.0.0
7f62ca33b000-7f62ca33c000 rw-p 00005000 08:02 4857996                    /usr/lib/x86_64-linux-gnu/libXxf86vm.so.1.0.0
7f62ca33c000-7f62ca33e000 r-xp 00000000 08:02 4587551                    /tmp/jogamp_0000/file_cache/jln3849570893715566411/jln4984768970983873569/libnativewindow_awt.so
7f62ca33e000-7f62ca53d000 ---p 00002000 08:02 4587551                    /tmp/jogamp_0000/file_cache/jln3849570893715566411/jln4984768970983873569/libnativewindow_awt.so
7f62ca53d000-7f62ca53e000 rw-p 00001000 08:02 4587551                    /tmp/jogamp_0000/file_cache/jln3849570893715566411/jln4984768970983873569/libnativewindow_awt.so
7f62ca53e000-7f62ca53f000 r-xp 00000000 08:02 4855861                    /usr/lib/jvm/java-8-oracle/jre/lib/amd64/libjawt.so
7f62ca53f000-7f62ca73e000 ---p 00001000 08:02 4855861                    /usr/lib/jvm/java-8-oracle/jre/lib/amd64/libjawt.so
7f62ca73e000-7f62ca73f000 rw-p 00000000 08:02 4855861                    /usr/lib/jvm/java-8-oracle/jre/lib/amd64/libjawt.so
7f62ca73f000-7f62ca741000 r-xp 00000000 08:02 4587547                    /tmp/jogamp_0000/file_cache/jln3849570893715566411/jln4984768970983873569/libgluegen-rt.so
7f62ca741000-7f62ca940000 ---p 00002000 08:02 4587547                    /tmp/jogamp_0000/file_cache/jln3849570893715566411/jln4984768970983873569/libgluegen-rt.so
7f62ca940000-7f62ca941000 rw-p 00001000 08:02 4587547                    /tmp/jogamp_0000/file_cache/jln3849570893715566411/jln4984768970983873569/libgluegen-rt.so
7f62ca941000-7f62ca944000 ---p 00000000 00:00 0 
7f62ca944000-7f62cac42000 rw-p 00000000 00:00 0                          [stack:11224]
7f62cac42000-7f62cac45000 ---p 00000000 00:00 0 
7f62cac45000-7f62caf43000 rw-p 00000000 00:00 0                          [stack:11214]
7f62caf43000-7f62caf46000 ---p 00000000 00:00 0 
7f62caf46000-7f62cb044000 rw-p 00000000 00:00 0                          [stack:11215]
7f62cb044000-7f62cb0ad000 r-xp 00000000 08:02 4855882                    /usr/lib/jvm/java-8-oracle/jre/lib/amd64/libt2k.so
7f62cb0ad000-7f62cb2ac000 ---p 00069000 08:02 4855882                    /usr/lib/jvm/java-8-oracle/jre/lib/amd64/libt2k.so
7f62cb2ac000-7f62cb2b3000 rw-p 00068000 08:02 4855882                    /usr/lib/jvm/java-8-oracle/jre/lib/amd64/libt2k.so
7f62cb2b3000-7f62cb2c3000 rw-p 00000000 00:00 0 
7f62cb2c3000-7f62cb2d4000 r-xp 00000000 08:02 4855860                    /usr/lib/jvm/java-8-oracle/jre/lib/amd64/libnio.so
7f62cb2d4000-7f62cb4d3000 ---p 00011000 08:02 4855860                    /usr/lib/jvm/java-8-oracle/jre/lib/amd64/libnio.so
7f62cb4d3000-7f62cb4d4000 rw-p 00010000 08:02 4855860                    /usr/lib/jvm/java-8-oracle/jre/lib/amd64/libnio.so
7f62cb4d4000-7f62cb4ea000 r-xp 00000000 08:02 4855886                    /usr/lib/jvm/java-8-oracle/jre/lib/amd64/libnet.so
7f62cb4ea000-7f62cb6ea000 ---p 00016000 08:02 4855886                    /usr/lib/jvm/java-8-oracle/jre/lib/amd64/libnet.so
7f62cb6ea000-7f62cb6eb000 rw-p 00016000 08:02 4855886                    /usr/lib/jvm/java-8-oracle/jre/lib/amd64/libnet.so
7f62cb6eb000-7f62cb6ee000 ---p 00000000 00:00 0 
7f62cb6ee000-7f62cb7ec000 rw-p 00000000 00:00 0                          [stack:11212]
7f62cb7ec000-7f62cb7ef000 ---p 00000000 00:00 0 
7f62cb7ef000-7f62cb8ed000 rw-p 00000000 00:00 0                          [stack:11211]
7f62cb8ed000-7f62cb8f0000 ---p 00000000 00:00 0 
7f62cb8f0000-7f62cb9ee000 rw-p 00000000 00:00 0                          [stack:11210]
7f62cb9ee000-7f62cb9f1000 ---p 00000000 00:00 0 
7f62cb9f1000-7f62cbaef000 rw-p 00000000 00:00 0                          [stack:11208]
7f62cbaef000-7f62cbaf4000 r-xp 00000000 08:02 4857960                    /usr/lib/x86_64-linux-gnu/libXfixes.so.3.1.0
7f62cbaf4000-7f62cbcf3000 ---p 00005000 08:02 4857960                    /usr/lib/x86_64-linux-gnu/libXfixes.so.3.1.0
7f62cbcf3000-7f62cbcf4000 r--p 00004000 08:02 4857960                    /usr/lib/x86_64-linux-gnu/libXfixes.so.3.1.0
7f62cbcf4000-7f62cbcf5000 rw-p 00005000 08:02 4857960                    /usr/lib/x86_64-linux-gnu/libXfixes.so.3.1.0
7f62cbcf5000-7f62cbcfe000 r-xp 00000000 08:02 4857952                    /usr/lib/x86_64-linux-gnu/libXcursor.so.1.0.2
7f62cbcfe000-7f62cbefd000 ---p 00009000 08:02 4857952                    /usr/lib/x86_64-linux-gnu/libXcursor.so.1.0.2
7f62cbefd000-7f62cbefe000 r--p 00008000 08:02 4857952                    /usr/lib/x86_64-linux-gnu/libXcursor.so.1.0.2
7f62cbefe000-7f62cbeff000 rw-p 00009000 08:02 4857952                    /usr/lib/x86_64-linux-gnu/libXcursor.so.1.0.2
7f62cbeff000-7f62cbf02000 ---p 00000000 00:00 0 
7f62cbf02000-7f62cc000000 rw-p 00000000 00:00 0                          [stack:11207]
7f62cc000000-7f62cc021000 rw-p 00000000 00:00 0 
7f62cc021000-7f62d0000000 ---p 00000000 00:00 0 
7f62d0000000-7f62d0001000 r--s 00000000 08:02 788870                     /var/cache/fontconfig/4794a0821666d79190d59a36cb4f44b5-le64.cache-4
7f62d002d000-7f62d0035000 rw-s 00000000 00:04 176949                     /drm mm object (deleted)
7f62d0035000-7f62d003d000 rw-s 00000000 00:04 176934                     /drm mm object (deleted)
7f62d003d000-7f62d003e000 r--s 00000000 08:02 786514                     /var/cache/fontconfig/56cf4f4769d0f4abc89a4895d7bd3ae1-le64.cache-4
7f62d003e000-7f62d003f000 r--s 00000000 08:02 786529                     /var/cache/fontconfig/b9d506c9ac06c20b433354fa67a72993-le64.cache-4
7f62d003f000-7f62d0043000 r--s 00000000 08:02 786535                     /var/cache/fontconfig/d589a48862398ed80a3d6066f4f56f4c-le64.cache-4
7f62d0043000-7f62d0044000 r--s 00000000 08:02 786503                     /var/cache/fontconfig/0c9eb80ebd1c36541ebe2852d3bb0c49-le64.cache-4
7f62d0044000-7f62d0045000 r--s 00000000 08:02 786517                     /var/cache/fontconfig/62f91419b9ebdb6975e7e41ab6412357-le64.cache-4
7f62d0045000-7f62d004d000 rw-s 00000000 00:04 176848                     /drm mm object (deleted)
7f62d004d000-7f62d0055000 rw-s 00000000 00:04 176832                     /drm mm object (deleted)
7f62d0055000-7f62d005d000 rw-s 00000000 00:04 176828                     /drm mm object (deleted)
7f62d005d000-7f62d0065000 rw-s 00000000 00:04 177259                     /drm mm object (deleted)
7f62d0065000-7f62d0081000 r--s 00393000 08:02 4855940                    /usr/lib/jvm/java-8-oracle/jre/lib/ext/cldrdata.jar
7f62d0081000-7f62d0084000 ---p 00000000 00:00 0 
7f62d0084000-7f62d00eb000 rw-p 00000000 00:00 0                          [stack:11219]
7f62d00eb000-7f62d0101000 r-xp 00000000 08:02 2625642                    /lib/x86_64-linux-gnu/libgcc_s.so.1
7f62d0101000-7f62d0300000 ---p 00016000 08:02 2625642                    /lib/x86_64-linux-gnu/libgcc_s.so.1
7f62d0300000-7f62d0301000 r--p 00015000 08:02 2625642                    /lib/x86_64-linux-gnu/libgcc_s.so.1
7f62d0301000-7f62d0302000 rw-p 00016000 08:02 2625642                    /lib/x86_64-linux-gnu/libgcc_s.so.1
7f62d0302000-7f62d0367000 r-xp 00000000 08:02 4855916                    /usr/lib/jvm/java-8-oracle/jre/lib/amd64/libfontmanager.so
7f62d0367000-7f62d0566000 ---p 00065000 08:02 4855916                    /usr/lib/jvm/java-8-oracle/jre/lib/amd64/libfontmanager.so
7f62d0566000-7f62d056b000 rw-p 00064000 08:02 4855916                    /usr/lib/jvm/java-8-oracle/jre/lib/amd64/libfontmanager.so
7f62d056b000-7f62d057b000 rw-p 00000000 00:00 0 
7f62d057b000-7f62d0580000 r-xp 00000000 08:02 4857956                    /usr/lib/x86_64-linux-gnu/libXdmcp.so.6.0.0
7f62d0580000-7f62d077f000 ---p 00005000 08:02 4857956                    /usr/lib/x86_64-linux-gnu/libXdmcp.so.6.0.0
7f62d077f000-7f62d0780000 r--p 00004000 08:02 4857956                    /usr/lib/x86_64-linux-gnu/libXdmcp.so.6.0.0
7f62d0780000-7f62d0781000 rw-p 00005000 08:02 4857956                    /usr/lib/x86_64-linux-gnu/libXdmcp.so.6.0.0
7f62d0781000-7f62d0783000 r-xp 00000000 08:02 4857945                    /usr/lib/x86_64-linux-gnu/libXau.so.6.0.0
7f62d0783000-7f62d0983000 ---p 00002000 08:02 4857945                    /usr/lib/x86_64-linux-gnu/libXau.so.6.0.0
7f62d0983000-7f62d0984000 r--p 00002000 08:02 4857945                    /usr/lib/x86_64-linux-gnu/libXau.so.6.0.0
7f62d0984000-7f62d0985000 rw-p 00003000 08:02 4857945                    /usr/lib/x86_64-linux-gnu/libXau.so.6.0.0
7f62d0985000-7f62d09a2000 r-xp 00000000 08:02 4859026                    /usr/lib/x86_64-linux-gnu/libxcb.so.1.1.0
7f62d09a2000-7f62d0ba2000 ---p 0001d000 08:02 4859026                    /usr/lib/x86_64-linux-gnu/libxcb.so.1.1.0
7f62d0ba2000-7f62d0ba3000 r--p 0001d000 08:02 4859026                    /usr/lib/x86_64-linux-gnu/libxcb.so.1.1.0
7f62d0ba3000-7f62d0ba4000 rw-p 0001e000 08:02 4859026                    /usr/lib/x86_64-linux-gnu/libxcb.so.1.1.0
7f62d0ba4000-7f62d0bb3000 r-xp 00000000 08:02 4857966                    /usr/lib/x86_64-linux-gnu/libXi.so.6.1.0
7f62d0bb3000-7f62d0db2000 ---p 0000f000 08:02 4857966                    /usr/lib/x86_64-linux-gnu/libXi.so.6.1.0
7f62d0db2000-7f62d0db3000 r--p 0000e000 08:02 4857966                    /usr/lib/x86_64-linux-gnu/libXi.so.6.1.0
7f62d0db3000-7f62d0db4000 rw-p 0000f000 08:02 4857966                    /usr/lib/x86_64-linux-gnu/libXi.so.6.1.0
7f62d0db4000-7f62d0db9000 r-xp 00000000 08:02 4857986                    /usr/lib/x86_64-linux-gnu/libXtst.so.6.1.0
7f62d0db9000-7f62d0fb8000 ---p 00005000 08:02 4857986                    /usr/lib/x86_64-linux-gnu/libXtst.so.6.1.0
7f62d0fb8000-7f62d0fb9000 r--p 00004000 08:02 4857986                    /usr/lib/x86_64-linux-gnu/libXtst.so.6.1.0
7f62d0fb9000-7f62d0fba000 rw-p 00005000 08:02 4857986                    /usr/lib/x86_64-linux-gnu/libXtst.so.6.1.0
7f62d0fba000-7f62d0fc3000 r-xp 00000000 08:02 4857980                    /usr/lib/x86_64-linux-gnu/libXrender.so.1.3.0
7f62d0fc3000-7f62d11c2000 ---p 00009000 08:02 4857980                    /usr/lib/x86_64-linux-gnu/libXrender.so.1.3.0
7f62d11c2000-7f62d11c3000 r--p 00008000 08:02 4857980                    /usr/lib/x86_64-linux-gnu/libXrender.so.1.3.0
7f62d11c3000-7f62d11c4000 rw-p 00009000 08:02 4857980                    /usr/lib/x86_64-linux-gnu/libXrender.so.1.3.0
7f62d11c4000-7f62d12f7000 r-xp 00000000 08:02 4857941                    /usr/lib/x86_64-linux-gnu/libX11.so.6.3.0
7f62d12f7000-7f62d14f7000 ---p 00133000 08:02 4857941                    /usr/lib/x86_64-linux-gnu/libX11.so.6.3.0
7f62d14f7000-7f62d14f8000 r--p 00133000 08:02 4857941                    /usr/lib/x86_64-linux-gnu/libX11.so.6.3.0
7f62d14f8000-7f62d14fc000 rw-p 00134000 08:02 4857941                    /usr/lib/x86_64-linux-gnu/libX11.so.6.3.0
7f62d14fc000-7f62d14fd000 rw-p 00000000 00:00 0 
7f62d14fd000-7f62d150e000 r-xp 00000000 08:02 4857958                    /usr/lib/x86_64-linux-gnu/libXext.so.6.4.0
7f62d150e000-7f62d170d000 ---p 00011000 08:02 4857958                    /usr/lib/x86_64-linux-gnu/libXext.so.6.4.0
7f62d170d000-7f62d170e000 r--p 00010000 08:02 4857958                    /usr/lib/x86_64-linux-gnu/libXext.so.6.4.0
7f62d170e000-7f62d170f000 rw-p 00011000 08:02 4857958                    /usr/lib/x86_64-linux-gnu/libXext.so.6.4.0
7f62d170f000-7f62d1763000 r-xp 00000000 08:02 4855857                    /usr/lib/jvm/java-8-oracle/jre/lib/amd64/libawt_xawt.so
7f62d1763000-7f62d1963000 ---p 00054000 08:02 4855857                    /usr/lib/jvm/java-8-oracle/jre/lib/amd64/libawt_xawt.so
7f62d1963000-7f62d1967000 rw-p 00054000 08:02 4855857                    /usr/lib/jvm/java-8-oracle/jre/lib/amd64/libawt_xawt.so
7f62d1967000-7f62d1968000 rw-p 00000000 00:00 0 
7f62d1968000-7f62d1a0a000 r-xp 00000000 08:02 4855893                    /usr/lib/jvm/java-8-oracle/jre/lib/amd64/libawt.so
7f62d1a0a000-7f62d1c0a000 ---p 000a2000 08:02 4855893                    /usr/lib/jvm/java-8-oracle/jre/lib/amd64/libawt.so
7f62d1c0a000-7f62d1c16000 rw-p 000a2000 08:02 4855893                    /usr/lib/jvm/java-8-oracle/jre/lib/amd64/libawt.so
7f62d1c16000-7f62d1c3a000 rw-p 00000000 00:00 0 
7f62d1c3a000-7f62d1c3b000 ---p 00000000 00:00 0 
7f62d1c3b000-7f62d1d3b000 rw-p 00000000 00:00 0                          [stack:11206]
7f62d1d3b000-7f62d1d3e000 ---p 00000000 00:00 0 
7f62d1d3e000-7f62d1e3c000 rw-p 00000000 00:00 0                          [stack:11205]
7f62d1e3c000-7f62d1e3f000 ---p 00000000 00:00 0 
7f62d1e3f000-7f62d1f3d000 rw-p 00000000 00:00 0                          [stack:11204]
7f62d1f3d000-7f62d1f40000 ---p 00000000 00:00 0 
7f62d1f40000-7f62d203e000 rw-p 00000000 00:00 0                          [stack:11203]
7f62d203e000-7f62d2041000 ---p 00000000 00:00 0 
7f62d2041000-7f62d213f000 rw-p 00000000 00:00 0                          [stack:11202]
7f62d213f000-7f62d2142000 ---p 00000000 00:00 0 
7f62d2142000-7f62d4000000 rw-p 00000000 00:00 0                          [stack:11201]
7f62d4000000-7f62d4021000 rw-p 00000000 00:00 0 
7f62d4021000-7f62d8000000 ---p 00000000 00:00 0 
7f62d8000000-7f62d8004000 r--s 00000000 08:02 786516                     /var/cache/fontconfig/7ef2298fde41cc6eeb7af42e48b7d293-le64.cache-4
7f62d8004000-7f62d8005000 rw-s 00000000 00:04 175999                     /drm mm object (deleted)
7f62d8005000-7f62d800d000 rw-s 00000000 00:04 176820                     /drm mm object (deleted)
7f62d800d000-7f62d8015000 rw-s 00000000 00:04 176816                     /drm mm object (deleted)
7f62d8015000-7f62d86f7000 r--p 00000000 08:02 4857189                    /usr/lib/locale/locale-archive
7f62d86f7000-7f62d86fa000 ---p 00000000 00:00 0 
7f62d86fa000-7f62d87f8000 rw-p 00000000 00:00 0                          [stack:11200]
7f62d87f8000-7f62d87fb000 ---p 00000000 00:00 0 
7f62d87fb000-7f62d88f9000 rw-p 00000000 00:00 0                          [stack:11199]
7f62d88f9000-7f62d88fa000 ---p 00000000 00:00 0 
7f62d88fa000-7f62d9000000 rw-p 00000000 00:00 0                          [stack:11198]
7f62d9000000-7f62d9820000 rwxp 00000000 00:00 0 
7f62d9820000-7f62e8000000 ---p 00000000 00:00 0 
7f62e8000000-7f62e82fd000 rw-p 00000000 00:00 0 
7f62e82fd000-7f62ec000000 ---p 00000000 00:00 0 
7f62ec000000-7f62ec001000 rw-p 00000000 00:00 0 
7f62ec001000-7f62ec002000 rw-s 00000000 00:04 176856                     /drm mm object (deleted)
7f62ec002000-7f62ec003000 rw-s 00000000 00:04 176841                     /drm mm object (deleted)
7f62ec003000-7f62ec004000 rw-s 00000000 00:04 176836                     /drm mm object (deleted)
7f62ec004000-7f62ec005000 rw-s 00000000 00:04 176829                     /drm mm object (deleted)
7f62ec005000-7f62ec006000 rwxp 00000000 00:00 0 
7f62ec006000-7f62ec007000 rw-s 00000000 00:04 176817                     /drm mm object (deleted)
7f62ec007000-7f62ec008000 r--s 0002f000 08:02 5120518                    /home/bhupendra/Coursera Java Specialization/Assignments/World-Earthquakes-View/UCSDUnfoldingMaps/lib/jogl-all-natives-linux-amd64.jar
7f62ec008000-7f62ec00a000 r--s 00000000 08:02 5120511                    /home/bhupendra/Coursera Java Specialization/Assignments/World-Earthquakes-View/UCSDUnfoldingMaps/lib/gluegen-rt-natives-linux-amd64.jar
7f62ec00a000-7f62ec015000 r--s 00116000 08:02 4855938                    /usr/lib/jvm/java-8-oracle/jre/lib/ext/localedata.jar
7f62ec015000-7f62ec016000 r--p 00000000 00:00 0 
7f62ec016000-7f62ec01b000 r--s 00094000 08:02 4855697                    /usr/lib/jvm/java-8-oracle/jre/lib/jsse.jar
7f62ec01b000-7f62ec021000 r--s 00033000 08:02 5120529                    /home/bhupendra/Coursera Java Specialization/Assignments/World-Earthquakes-View/UCSDUnfoldingMaps/lib/unfolding.0.9.7-uscd.jar
7f62ec021000-7f62ec028000 r--s 00059000 08:02 5120527                    /home/bhupendra/Coursera Java Specialization/Assignments/World-Earthquakes-View/UCSDUnfoldingMaps/lib/log4j-1.2.15.jar
7f62ec028000-7f62ec04b000 r--s 002ec000 08:02 5120524                    /home/bhupendra/Coursera Java Specialization/Assignments/World-Earthquakes-View/UCSDUnfoldingMaps/lib/jogl-all.jar
7f62ec04b000-7f62eca06000 rw-p 00000000 00:00 0 
7f62eca06000-7f62ecbdf000 r--s 03d09000 08:02 4855699                    /usr/lib/jvm/java-8-oracle/jre/lib/rt.jar
7f62ecbdf000-7f62ed631000 rw-p 00000000 00:00 0 
7f62ed631000-7f62ed632000 ---p 00000000 00:00 0 
7f62ed632000-7f62ed732000 rw-p 00000000 00:00 0                          [stack:11197]
7f62ed732000-7f62ed733000 ---p 00000000 00:00 0 
7f62ed733000-7f62ed833000 rw-p 00000000 00:00 0                          [stack:11196]
7f62ed833000-7f62ed834000 ---p 00000000 00:00 0 
7f62ed834000-7f62ed934000 rw-p 00000000 00:00 0                          [stack:11195]
7f62ed934000-7f62ed935000 ---p 00000000 00:00 0 
7f62ed935000-7f62eda4c000 rw-p 00000000 00:00 0                          [stack:11194]
7f62eda4c000-7f62edb73000 ---p 00000000 00:00 0 
7f62edb73000-7f62edb8a000 rw-p 00000000 00:00 0 
7f62edb8a000-7f62edcb0000 ---p 00000000 00:00 0 
7f62edcb0000-7f62edcf9000 rw-p 00000000 00:00 0 
7f62edcf9000-7f62edd4f000 ---p 00000000 00:00 0 
7f62edd4f000-7f62edd71000 rw-p 00000000 00:00 0 
7f62edd71000-7f62ee110000 ---p 00000000 00:00 0 
7f62ee110000-7f62ee12a000 r-xp 00000000 08:02 4855865                    /usr/lib/jvm/java-8-oracle/jre/lib/amd64/libzip.so
7f62ee12a000-7f62ee32a000 ---p 0001a000 08:02 4855865                    /usr/lib/jvm/java-8-oracle/jre/lib/amd64/libzip.so
7f62ee32a000-7f62ee32b000 rw-p 0001a000 08:02 4855865                    /usr/lib/jvm/java-8-oracle/jre/lib/amd64/libzip.so
7f62ee32b000-7f62ee336000 r-xp 00000000 08:02 2621543                    /lib/x86_64-linux-gnu/libnss_files-2.19.so
7f62ee336000-7f62ee535000 ---p 0000b000 08:02 2621543                    /lib/x86_64-linux-gnu/libnss_files-2.19.so
7f62ee535000-7f62ee536000 r--p 0000a000 08:02 2621543                    /lib/x86_64-linux-gnu/libnss_files-2.19.so
7f62ee536000-7f62ee537000 rw-p 0000b000 08:02 2621543                    /lib/x86_64-linux-gnu/libnss_files-2.19.so
7f62ee537000-7f62ee542000 r-xp 00000000 08:02 2621455                    /lib/x86_64-linux-gnu/libnss_nis-2.19.so
7f62ee542000-7f62ee741000 ---p 0000b000 08:02 2621455                    /lib/x86_64-linux-gnu/libnss_nis-2.19.so
7f62ee741000-7f62ee742000 r--p 0000a000 08:02 2621455                    /lib/x86_64-linux-gnu/libnss_nis-2.19.so
7f62ee742000-7f62ee743000 rw-p 0000b000 08:02 2621455                    /lib/x86_64-linux-gnu/libnss_nis-2.19.so
7f62ee743000-7f62ee75a000 r-xp 00000000 08:02 2621545                    /lib/x86_64-linux-gnu/libnsl-2.19.so
7f62ee75a000-7f62ee959000 ---p 00017000 08:02 2621545                    /lib/x86_64-linux-gnu/libnsl-2.19.so
7f62ee959000-7f62ee95a000 r--p 00016000 08:02 2621545                    /lib/x86_64-linux-gnu/libnsl-2.19.so
7f62ee95a000-7f62ee95b000 rw-p 00017000 08:02 2621545                    /lib/x86_64-linux-gnu/libnsl-2.19.so
7f62ee95b000-7f62ee95d000 rw-p 00000000 00:00 0 
7f62ee95d000-7f62ee966000 r-xp 00000000 08:02 2621538                    /lib/x86_64-linux-gnu/libnss_compat-2.19.so
7f62ee966000-7f62eeb65000 ---p 00009000 08:02 2621538                    /lib/x86_64-linux-gnu/libnss_compat-2.19.so
7f62eeb65000-7f62eeb66000 r--p 00008000 08:02 2621538                    /lib/x86_64-linux-gnu/libnss_compat-2.19.so
7f62eeb66000-7f62eeb67000 rw-p 00009000 08:02 2621538                    /lib/x86_64-linux-gnu/libnss_compat-2.19.so
7f62eeb67000-7f62eeb91000 r-xp 00000000 08:02 4855858                    /usr/lib/jvm/java-8-oracle/jre/lib/amd64/libjava.so
7f62eeb91000-7f62eed91000 ---p 0002a000 08:02 4855858                    /usr/lib/jvm/java-8-oracle/jre/lib/amd64/libjava.so
7f62eed91000-7f62eed93000 rw-p 0002a000 08:02 4855858                    /usr/lib/jvm/java-8-oracle/jre/lib/amd64/libjava.so
7f62eed93000-7f62eeda0000 r-xp 00000000 08:02 4855900                    /usr/lib/jvm/java-8-oracle/jre/lib/amd64/libverify.so
7f62eeda0000-7f62eefa0000 ---p 0000d000 08:02 4855900                    /usr/lib/jvm/java-8-oracle/jre/lib/amd64/libverify.so
7f62eefa0000-7f62eefa2000 rw-p 0000d000 08:02 4855900                    /usr/lib/jvm/java-8-oracle/jre/lib/amd64/libverify.so
7f62eefa2000-7f62eefa9000 r-xp 00000000 08:02 2621541                    /lib/x86_64-linux-gnu/librt-2.19.so
7f62eefa9000-7f62ef1a8000 ---p 00007000 08:02 2621541                    /lib/x86_64-linux-gnu/librt-2.19.so
7f62ef1a8000-7f62ef1a9000 r--p 00006000 08:02 2621541                    /lib/x86_64-linux-gnu/librt-2.19.so
7f62ef1a9000-7f62ef1aa000 rw-p 00007000 08:02 2621541                    /lib/x86_64-linux-gnu/librt-2.19.so
7f62ef1aa000-7f62ef2af000 r-xp 00000000 08:02 2621542                    /lib/x86_64-linux-gnu/libm-2.19.so
7f62ef2af000-7f62ef4ae000 ---p 00105000 08:02 2621542                    /lib/x86_64-linux-gnu/libm-2.19.so
7f62ef4ae000-7f62ef4af000 r--p 00104000 08:02 2621542                    /lib/x86_64-linux-gnu/libm-2.19.so
7f62ef4af000-7f62ef4b0000 rw-p 00105000 08:02 2621542                    /lib/x86_64-linux-gnu/libm-2.19.so
7f62ef4b0000-7f62f015e000 r-xp 00000000 08:02 4855906                    /usr/lib/jvm/java-8-oracle/jre/lib/amd64/server/libjvm.so
7f62f015e000-7f62f035d000 ---p 00cae000 08:02 4855906                    /usr/lib/jvm/java-8-oracle/jre/lib/amd64/server/libjvm.so
7f62f035d000-7f62f0434000 rw-p 00cad000 08:02 4855906                    /usr/lib/jvm/java-8-oracle/jre/lib/amd64/server/libjvm.so
7f62f0434000-7f62f0478000 rw-p 00000000 00:00 0 
7f62f0478000-7f62f0632000 r-xp 00000000 08:02 2625514                    /lib/x86_64-linux-gnu/libc-2.19.so
7f62f0632000-7f62f0832000 ---p 001ba000 08:02 2625514                    /lib/x86_64-linux-gnu/libc-2.19.so
7f62f0832000-7f62f0836000 r--p 001ba000 08:02 2625514                    /lib/x86_64-linux-gnu/libc-2.19.so
7f62f0836000-7f62f0838000 rw-p 001be000 08:02 2625514                    /lib/x86_64-linux-gnu/libc-2.19.so
7f62f0838000-7f62f083d000 rw-p 00000000 00:00 0 
7f62f083d000-7f62f0840000 r-xp 00000000 08:02 2621535                    /lib/x86_64-linux-gnu/libdl-2.19.so
7f62f0840000-7f62f0a3f000 ---p 00003000 08:02 2621535                    /lib/x86_64-linux-gnu/libdl-2.19.so
7f62f0a3f000-7f62f0a40000 r--p 00002000 08:02 2621535                    /lib/x86_64-linux-gnu/libdl-2.19.so
7f62f0a40000-7f62f0a41000 rw-p 00003000 08:02 2621535                    /lib/x86_64-linux-gnu/libdl-2.19.so
7f62f0a41000-7f62f0a56000 r-xp 00000000 08:02 4856243                    /usr/lib/jvm/java-8-oracle/lib/amd64/jli/libjli.so
7f62f0a56000-7f62f0c56000 ---p 00015000 08:02 4856243                    /usr/lib/jvm/java-8-oracle/lib/amd64/jli/libjli.so
7f62f0c56000-7f62f0c57000 rw-p 00015000 08:02 4856243                    /usr/lib/jvm/java-8-oracle/lib/amd64/jli/libjli.so
7f62f0c57000-7f62f0c70000 r-xp 00000000 08:02 2625630                    /lib/x86_64-linux-gnu/libpthread-2.19.so
7f62f0c70000-7f62f0e6f000 ---p 00019000 08:02 2625630                    /lib/x86_64-linux-gnu/libpthread-2.19.so
7f62f0e6f000-7f62f0e70000 r--p 00018000 08:02 2625630                    /lib/x86_64-linux-gnu/libpthread-2.19.so
7f62f0e70000-7f62f0e71000 rw-p 00019000 08:02 2625630                    /lib/x86_64-linux-gnu/libpthread-2.19.so
7f62f0e71000-7f62f0e75000 rw-p 00000000 00:00 0 
7f62f0e75000-7f62f0e98000 r-xp 00000000 08:02 2621534                    /lib/x86_64-linux-gnu/ld-2.19.so
7f62f0e98000-7f62f0e9d000 r--s 00309000 08:02 5120528                    /home/bhupendra/Coursera Java Specialization/Assignments/World-Earthquakes-View/UCSDUnfoldingMaps/lib/sqlite-jdbc-3.7.2.jar
7f62f0e9d000-7f62f0ea3000 r--s 00041000 08:02 5120517                    /home/bhupendra/Coursera Java Specialization/Assignments/World-Earthquakes-View/UCSDUnfoldingMaps/lib/gluegen-rt.jar
7f62f0ea3000-7f62f0f7b000 rw-p 00000000 00:00 0 
7f62f0f7b000-7f62f0f7e000 ---p 00000000 00:00 0 
7f62f0f7e000-7f62f1080000 rw-p 00000000 00:00 0                          [stack:11189]
7f62f1080000-7f62f1081000 r--s 00005000 08:02 5120526                    /home/bhupendra/Coursera Java Specialization/Assignments/World-Earthquakes-View/UCSDUnfoldingMaps/lib/libTUIO.jar
7f62f1081000-7f62f1082000 r--s 00007000 08:02 5120525                    /home/bhupendra/Coursera Java Specialization/Assignments/World-Earthquakes-View/UCSDUnfoldingMaps/lib/json4processing.jar
7f62f1082000-7f62f1086000 r--s 0009a000 08:02 5120510                    /home/bhupendra/Coursera Java Specialization/Assignments/World-Earthquakes-View/UCSDUnfoldingMaps/lib/core.jar
7f62f1086000-7f62f108b000 r--s 002f8000 08:02 4855711                    /usr/lib/jvm/java-8-oracle/jre/lib/charsets.jar
7f62f108b000-7f62f1093000 rw-s 00000000 08:02 4587541                    /tmp/hsperfdata_bhupendra/11187
7f62f1093000-7f62f1094000 rw-p 00000000 00:00 0 
7f62f1094000-7f62f1095000 r--p 00000000 00:00 0 
7f62f1095000-7f62f1097000 rw-p 00000000 00:00 0 
7f62f1097000-7f62f1098000 r--p 00022000 08:02 2621534                    /lib/x86_64-linux-gnu/ld-2.19.so
7f62f1098000-7f62f1099000 rw-p 00023000 08:02 2621534                    /lib/x86_64-linux-gnu/ld-2.19.so
7f62f1099000-7f62f109a000 rw-p 00000000 00:00 0 
7fff515ec000-7fff5160d000 rw-p 00000000 00:00 0                          [stack]
7fff51795000-7fff51797000 r-xp 00000000 00:00 0                          [vdso]
7fff51797000-7fff51799000 r--p 00000000 00:00 0                          [vvar]
ffffffffff600000-ffffffffff601000 r-xp 00000000 00:00 0                  [vsyscall]

VM Arguments:
jvm_args: -Djava.security.policy=java.policy.applet -Dfile.encoding=UTF-8 
java_command: sun.applet.AppletViewer module4.EarthquakeCityMap1448802950122.html
java_class_path (initial): /home/bhupendra/Coursera Java Specialization/Assignments/World-Earthquakes-View/UCSDUnfoldingMaps/build:/home/bhupendra/Coursera Java Specialization/Assignments/World-Earthquakes-View/UCSDUnfoldingMaps/lib/core.jar:/home/bhupendra/Coursera Java Specialization/Assignments/World-Earthquakes-View/UCSDUnfoldingMaps/lib/gluegen-rt.jar:/home/bhupendra/Coursera Java Specialization/Assignments/World-Earthquakes-View/UCSDUnfoldingMaps/lib/jogl-all.jar:/home/bhupendra/Coursera Java Specialization/Assignments/World-Earthquakes-View/UCSDUnfoldingMaps/lib/log4j-1.2.15.jar:/home/bhupendra/Coursera Java Specialization/Assignments/World-Earthquakes-View/UCSDUnfoldingMaps/lib/sqlite-jdbc-3.7.2.jar:/home/bhupendra/Coursera Java Specialization/Assignments/World-Earthquakes-View/UCSDUnfoldingMaps/lib/json4processing.jar:/home/bhupendra/Coursera Java Specialization/Assignments/World-Earthquakes-View/UCSDUnfoldingMaps/lib/libTUIO.jar:/home/bhupendra/Coursera Java Specialization/Assignments/World-Earthquakes-View/UCSDUnfoldingMaps/lib/unfolding.0.9.7-uscd.jar
Launcher Type: SUN_STANDARD

Environment Variables:
PATH=/usr/local/sbin:/usr/local/bin:/usr/sbin:/usr/bin:/sbin:/bin:/usr/games:/usr/local/games
USERNAME=bhupendra
SHELL=/bin/bash
DISPLAY=:0.0

Signal Handlers:
SIGSEGV: [libjvm.so+0xaad1e0], sa_mask[0]=11111111011111111101111111111110, sa_flags=SA_RESTART|SA_SIGINFO
SIGBUS: [libjvm.so+0xaad1e0], sa_mask[0]=11111111011111111101111111111110, sa_flags=SA_RESTART|SA_SIGINFO
SIGFPE: [libjvm.so+0x90b450], sa_mask[0]=11111111011111111101111111111110, sa_flags=SA_RESTART|SA_SIGINFO
SIGPIPE: [libjvm.so+0x90b450], sa_mask[0]=11111111011111111101111111111110, sa_flags=SA_RESTART|SA_SIGINFO
SIGXFSZ: [libjvm.so+0x90b450], sa_mask[0]=11111111011111111101111111111110, sa_flags=SA_RESTART|SA_SIGINFO
SIGILL: [libjvm.so+0x90b450], sa_mask[0]=11111111011111111101111111111110, sa_flags=SA_RESTART|SA_SIGINFO
SIGUSR1: SIG_DFL, sa_mask[0]=00000000000000000000000000000000, sa_flags=none
SIGUSR2: [libjvm.so+0x90ca90], sa_mask[0]=00100000000000000000000000000000, sa_flags=SA_RESTART|SA_SIGINFO
SIGHUP: [libjvm.so+0x90dde0], sa_mask[0]=11111111011111111101111111111110, sa_flags=SA_RESTART|SA_SIGINFO
SIGINT: [libjvm.so+0x90dde0], sa_mask[0]=11111111011111111101111111111110, sa_flags=SA_RESTART|SA_SIGINFO
SIGTERM: [libjvm.so+0x90dde0], sa_mask[0]=11111111011111111101111111111110, sa_flags=SA_RESTART|SA_SIGINFO
SIGQUIT: [libjvm.so+0x90dde0], sa_mask[0]=11111111011111111101111111111110, sa_flags=SA_RESTART|SA_SIGINFO


---------------  S Y S T E M  ---------------

OS:DISTRIB_ID=Ubuntu
DISTRIB_RELEASE=14.10
DISTRIB_CODENAME=utopic
DISTRIB_DESCRIPTION="Ubuntu 14.10"

uname:Linux 3.16.0-30-generic #40-Ubuntu SMP Mon Jan 12 22:06:37 UTC 2015 x86_64
libc:glibc 2.19 NPTL 2.19 
rlimit: STACK 8192k, CORE 0k, NPROC 14376, NOFILE 4096, AS infinity
load average:0.68 0.61 0.82

/proc/meminfo:
MemTotal:        3891224 kB
MemFree:          129372 kB
MemAvailable:     457216 kB
Buffers:           23040 kB
Cached:          1212800 kB
SwapCached:        59256 kB
Active:          2501020 kB
Inactive:         989280 kB
Active(anon):    2256720 kB
Inactive(anon):   793632 kB
Active(file):     244300 kB
Inactive(file):   195648 kB
Unevictable:          48 kB
Mlocked:              48 kB
SwapTotal:       4036604 kB
SwapFree:        2870980 kB
Dirty:               116 kB
Writeback:             0 kB
AnonPages:       2248928 kB
Mapped:           358472 kB
Shmem:            795892 kB
Slab:             152076 kB
SReclaimable:     113664 kB
SUnreclaim:        38412 kB
KernelStack:       10672 kB
PageTables:        44240 kB
NFS_Unstable:          0 kB
Bounce:                0 kB
WritebackTmp:          0 kB
CommitLimit:     5982216 kB
Committed_AS:    8709560 kB
VmallocTotal:   34359738367 kB
VmallocUsed:      400980 kB
VmallocChunk:   34359244552 kB
HardwareCorrupted:     0 kB
AnonHugePages:    806912 kB
HugePages_Total:       0
HugePages_Free:        0
HugePages_Rsvd:        0
HugePages_Surp:        0
Hugepagesize:       2048 kB
DirectMap4k:      100148 kB
DirectMap2M:     3938304 kB


CPU:total 4 (2 cores per cpu, 2 threads per core) family 6 model 58 stepping 9, cmov, cx8, fxsr, mmx, sse, sse2, sse3, ssse3, sse4.1, sse4.2, popcnt, avx, aes, clmul, erms, ht, tsc, tscinvbit, tscinv

/proc/cpuinfo:
processor	: 0
vendor_id	: GenuineIntel
cpu family	: 6
model		: 58
model name	: Intel(R) Core(TM) i5-3210M CPU @ 2.50GHz
stepping	: 9
microcode	: 0x12
cpu MHz		: 2928.320
cache size	: 3072 KB
physical id	: 0
siblings	: 4
core id		: 0
cpu cores	: 2
apicid		: 0
initial apicid	: 0
fpu		: yes
fpu_exception	: yes
cpuid level	: 13
wp		: yes
flags		: fpu vme de pse tsc msr pae mce cx8 apic sep mtrr pge mca cmov pat pse36 clflush dts acpi mmx fxsr sse sse2 ss ht tm pbe syscall nx rdtscp lm constant_tsc arch_perfmon pebs bts rep_good nopl xtopology nonstop_tsc aperfmperf eagerfpu pni pclmulqdq dtes64 monitor ds_cpl vmx est tm2 ssse3 cx16 xtpr pdcm pcid sse4_1 sse4_2 x2apic popcnt tsc_deadline_timer aes xsave avx f16c rdrand lahf_lm ida arat epb xsaveopt pln pts dtherm tpr_shadow vnmi flexpriority ept vpid fsgsbase smep erms
bogomips	: 4988.63
clflush size	: 64
cache_alignment	: 64
address sizes	: 36 bits physical, 48 bits virtual
power management:

processor	: 1
vendor_id	: GenuineIntel
cpu family	: 6
model		: 58
model name	: Intel(R) Core(TM) i5-3210M CPU @ 2.50GHz
stepping	: 9
microcode	: 0x12
cpu MHz		: 2985.351
cache size	: 3072 KB
physical id	: 0
siblings	: 4
core id		: 0
cpu cores	: 2
apicid		: 1
initial apicid	: 1
fpu		: yes
fpu_exception	: yes
cpuid level	: 13
wp		: yes
flags		: fpu vme de pse tsc msr pae mce cx8 apic sep mtrr pge mca cmov pat pse36 clflush dts acpi mmx fxsr sse sse2 ss ht tm pbe syscall nx rdtscp lm constant_tsc arch_perfmon pebs bts rep_good nopl xtopology nonstop_tsc aperfmperf eagerfpu pni pclmulqdq dtes64 monitor ds_cpl vmx est tm2 ssse3 cx16 xtpr pdcm pcid sse4_1 sse4_2 x2apic popcnt tsc_deadline_timer aes xsave avx f16c rdrand lahf_lm ida arat epb xsaveopt pln pts dtherm tpr_shadow vnmi flexpriority ept vpid fsgsbase smep erms
bogomips	: 4988.63
clflush size	: 64
cache_alignment	: 64
address sizes	: 36 bits physical, 48 bits virtual
power management:

processor	: 2
vendor_id	: GenuineIntel
cpu family	: 6
model		: 58
model name	: Intel(R) Core(TM) i5-3210M CPU @ 2.50GHz
stepping	: 9
microcode	: 0x12
cpu MHz		: 3041.699
cache size	: 3072 KB
physical id	: 0
siblings	: 4
core id		: 1
cpu cores	: 2
apicid		: 2
initial apicid	: 2
fpu		: yes
fpu_exception	: yes
cpuid level	: 13
wp		: yes
flags		: fpu vme de pse tsc msr pae mce cx8 apic sep mtrr pge mca cmov pat pse36 clflush dts acpi mmx fxsr sse sse2 ss ht tm pbe syscall nx rdtscp lm constant_tsc arch_perfmon pebs bts rep_good nopl xtopology nonstop_tsc aperfmperf eagerfpu pni pclmulqdq dtes64 monitor ds_cpl vmx est tm2 ssse3 cx16 xtpr pdcm pcid sse4_1 sse4_2 x2apic popcnt tsc_deadline_timer aes xsave avx f16c rdrand lahf_lm ida arat epb xsaveopt pln pts dtherm tpr_shadow vnmi flexpriority ept vpid fsgsbase smep erms
bogomips	: 4988.63
clflush size	: 64
cache_alignment	: 64
address sizes	: 36 bits physical, 48 bits virtual
power management:

processor	: 3
vendor_id	: GenuineIntel
cpu family	: 6
model		: 58
model name	: Intel(R) Core(TM) i5-3210M CPU @ 2.50GHz
stepping	: 9
microcode	: 0x12
cpu MHz		: 3027.050
cache size	: 3072 KB
physical id	: 0
siblings	: 4
core id		: 1
cpu cores	: 2
apicid		: 3
initial apicid	: 3
fpu		: yes
fpu_exception	: yes
cpuid level	: 13
wp		: yes
flags		: fpu vme de pse tsc msr pae mce cx8 apic sep mtrr pge mca cmov pat pse36 clflush dts acpi mmx fxsr sse sse2 ss ht tm pbe syscall nx rdtscp lm constant_tsc arch_perfmon pebs bts rep_good nopl xtopology nonstop_tsc aperfmperf eagerfpu pni pclmulqdq dtes64 monitor ds_cpl vmx est tm2 ssse3 cx16 xtpr pdcm pcid sse4_1 sse4_2 x2apic popcnt tsc_deadline_timer aes xsave avx f16c rdrand lahf_lm ida arat epb xsaveopt pln pts dtherm tpr_shadow vnmi flexpriority ept vpid fsgsbase smep erms
bogomips	: 4988.63
clflush size	: 64
cache_alignment	: 64
address sizes	: 36 bits physical, 48 bits virtual
power management:



Memory: 4k page, physical 3891224k(129372k free), swap 4036604k(2870980k free)

vm_info: Java HotSpot(TM) 64-Bit Server VM (25.45-b02) for linux-amd64 JRE (1.8.0_45-b14), built on Apr 10 2015 10:07:45 by "java_re" with gcc 4.3.0 20080428 (Red Hat 4.3.0-8)

time: Sun Nov 29 18:46:03 2015
elapsed time: 13 seconds (0d 0h 0m 13s)

