#
# A fatal error has been detected by the Java Runtime Environment:
#
#  SIGSEGV (0xb) at pc=0x00007f84030c7522, pid=14401, tid=140206189061888
#
# JRE version: Java(TM) SE Runtime Environment (8.0_45-b14) (build 1.8.0_45-b14)
# Java VM: Java HotSpot(TM) 64-Bit Server VM (25.45-b02 mixed mode linux-amd64 compressed oops)
# Problematic frame:
# C  [i965_dri.so+0x2fb522]
#
# Failed to write core dump. Core dumps have been disabled. To enable core dumping, try "ulimit -c unlimited" before starting Java again
#
# If you would like to submit a bug report, please visit:
#   http://bugreport.java.com/bugreport/crash.jsp
# The crash happened outside the Java Virtual Machine in native code.
# See problematic frame for where to report the bug.
#

---------------  T H R E A D  ---------------

Current thread (0x00007f8418003000):  JavaThread "AWT-EventQueue-1" [_thread_in_native, id=14428, stack(0x00007f844c082000,0x00007f844c183000)]

siginfo: si_signo: 11 (SIGSEGV), si_code: 1 (SEGV_MAPERR), si_addr: 0x000000000000c540

Registers:
RAX=0x00007f84030c7510, RBX=0x000000000000c000, RCX=0x0000000000000000, RDX=0x0000000000000001
RSP=0x00007f844c1803a0, RBP=0x0000000000000000, RSI=0x00007f840cfca440, RDI=0x0000000100000000
R8 =0x0000000000000000, R9 =0x00007f841671e710, R10=0x00007f8461015968, R11=0x00007f8478c86e30
R12=0x00007f840412c370, R13=0x00007f840412ae80, R14=0x00007f840412c520, R15=0x0000000000000000
RIP=0x00007f84030c7522, EFLAGS=0x0000000000010206, CSGSFS=0x0000000000000033, ERR=0x0000000000000004
  TRAPNO=0x000000000000000e

Top of Stack: (sp=0x00007f844c1803a0)
0x00007f844c1803a0:   0000000000000000 00007f840cfca350
0x00007f844c1803b0:   0000000000000000 00007f840412c370
0x00007f844c1803c0:   00007f840412ae80 00007f841671e7b2
0x00007f844c1803d0:   00007f844c180400 00007f8400000000
0x00007f844c1803e0:   0000000000000000 0000000000000000
0x00007f844c1803f0:   0000000002800053 00007f84166efb31
0x00007f844c180400:   00007f840cfca350 1f37680e53a55300
0x00007f844c180410:   0000000002800053 00007f84169e6718
0x00007f844c180420:   00007f844c180490 0000000000000000
0x00007f844c180430:   00007f84169e6718 00007f844c180560
0x00007f844c180440:   00007f8418003000 00007f8414e2c849
0x00007f844c180450:   0000000000000000 00007f84166efb60
0x00007f844c180460:   0000000002800053 00007f84041298f0
0x00007f844c180470:   00007f844c180528 00007f84180031f8
0x00007f844c180480:   00000000ecb748d8 00007f84166efb60
0x00007f844c180490:   00007f844c180518 00007f8461015994
0x00007f844c1804a0:   00007f8416adc220 0000000000000000
0x00007f844c1804b0:   00007f8416adbab8 0000000000000000
0x00007f844c1804c0:   00007f844c1804d8 00007f844c180528
0x00007f844c1804d0:   00007f844c1804d0 00007f844c1804d8
0x00007f844c1804e0:   0000000000000000 00007f844c180560
0x00007f844c1804f0:   00007f84169e7db8 0000000000000000
0x00007f844c180500:   00007f84169e6718 0000000000000000
0x00007f844c180510:   00007f844c180538 00007f844c1805a8
0x00007f844c180520:   00007f8461007c4d 00000000ee25b428
0x00007f844c180530:   00007f846100f578 00007f84166efb60
0x00007f844c180540:   00007f84169f46e0 0000000002800053
0x00007f844c180550:   00007f84169c1270 00007f84041298f0
0x00007f844c180560:   00000000ee25b760 00007f844c180568
0x00007f844c180570:   00007f84169e6669 00007f844c1805e0
0x00007f844c180580:   00007f84169e7db8 0000000000000000
0x00007f844c180590:   00007f84169e6678 00007f844c180538 

Instructions: (pc=0x00007f84030c7522)
0x00007f84030c7502:   41 5c c3 66 66 2e 0f 1f 84 00 00 00 00 00 41 55
0x00007f84030c7512:   41 54 55 53 48 83 ec 08 48 8b 1f 48 85 db 74 41
0x00007f84030c7522:   f6 83 40 05 00 00 01 89 cd 41 89 d5 49 89 f4 75
0x00007f84030c7532:   75 41 83 e5 01 75 5f 83 e5 fd 74 32 48 8d 35 bb 

Register to memory mapping:

RAX=0x00007f84030c7510: <offset 0x2fb510> in /usr/lib/x86_64-linux-gnu/dri/i965_dri.so at 0x00007f8402dcc000
RBX=0x000000000000c000 is an unknown value
RCX=0x0000000000000000 is an unknown value
RDX=0x0000000000000001 is an unknown value
RSP=0x00007f844c1803a0 is pointing into the stack for thread: 0x00007f8418003000
RBP=0x0000000000000000 is an unknown value
RSI=0x00007f840cfca440 is an unknown value
RDI=0x0000000100000000 is pointing into metadata
R8 =0x0000000000000000 is an unknown value
R9 =0x00007f841671e710: <offset 0x4b710> in /usr/lib/x86_64-linux-gnu/mesa/libGL.so.1 at 0x00007f84166d3000
R10=0x00007f8461015968 is at code_begin+808 in an Interpreter codelet
method entry point (kind = native)  [0x00007f8461015640, 0x00007f8461015f40]  2304 bytes
R11=0x00007f8478c86e30: <offset 0x9ace30> in /usr/lib/jvm/java-8-oracle/jre/lib/amd64/server/libjvm.so at 0x00007f84782da000
R12=0x00007f840412c370 is an unknown value
R13=0x00007f840412ae80 is an unknown value
R14=0x00007f840412c520 is an unknown value
R15=0x0000000000000000 is an unknown value


Stack: [0x00007f844c082000,0x00007f844c183000],  sp=0x00007f844c1803a0,  free space=1016k
Native frames: (J=compiled Java code, j=interpreted, Vv=VM code, C=native code)
C  [i965_dri.so+0x2fb522]

Java frames: (J=compiled Java code, j=interpreted, Vv=VM code)
j  jogamp.opengl.x11.glx.GLX.dispatch_glXSwapBuffers0(JJJ)V+0
j  jogamp.opengl.x11.glx.GLX.glXSwapBuffers(JJ)V+41
j  jogamp.opengl.x11.glx.X11GLXDrawable.swapBuffersImpl(Z)V+17
j  jogamp.opengl.GLDrawableImpl.swapBuffers()V+67
j  javax.media.opengl.awt.GLCanvas$12.run()V+45
j  java.awt.event.InvocationEvent.dispatch()V+11
j  java.awt.EventQueue.dispatchEventImpl(Ljava/awt/AWTEvent;Ljava/lang/Object;)V+21
j  java.awt.EventQueue.access$500(Ljava/awt/EventQueue;Ljava/awt/AWTEvent;Ljava/lang/Object;)V+3
j  java.awt.EventQueue$3.run()Ljava/lang/Void;+32
j  java.awt.EventQueue$3.run()Ljava/lang/Object;+1
v  ~StubRoutines::call_stub
J 497  java.security.AccessController.doPrivileged(Ljava/security/PrivilegedAction;Ljava/security/AccessControlContext;)Ljava/lang/Object; (0 bytes) @ 0x00007f8461228b63 [0x00007f8461228b00+0x63]
j  java.security.ProtectionDomain$1.doIntersectionPrivilege(Ljava/security/PrivilegedAction;Ljava/security/AccessControlContext;Ljava/security/AccessControlContext;)Ljava/lang/Object;+28
j  java.awt.EventQueue.dispatchEvent(Ljava/awt/AWTEvent;)V+46
j  java.awt.EventDispatchThread.pumpOneEventForFilters(I)V+245
j  java.awt.EventDispatchThread.pumpEventsForFilter(ILjava/awt/Conditional;Ljava/awt/EventFilter;)V+35
j  java.awt.EventDispatchThread.pumpEventsForHierarchy(ILjava/awt/Conditional;Ljava/awt/Component;)V+11
j  java.awt.EventDispatchThread.pumpEvents(ILjava/awt/Conditional;)V+4
j  java.awt.EventDispatchThread.pumpEvents(Ljava/awt/Conditional;)V+3
j  java.awt.EventDispatchThread.run()V+9
v  ~StubRoutines::call_stub

---------------  P R O C E S S  ---------------

Java Threads: ( => current thread )
  0x00007f840e03d000 JavaThread "Thread-13" [_thread_blocked, id=14467, stack(0x00007f83e6ff7000,0x00007f83e70f8000)]
  0x00007f840e046000 JavaThread "Thread-12" [_thread_blocked, id=14466, stack(0x00007f83e70f8000,0x00007f83e71f9000)]
  0x00007f840e045000 JavaThread "Thread-11" [_thread_blocked, id=14465, stack(0x00007f83e71f9000,0x00007f83e72fa000)]
  0x00007f840e056000 JavaThread "Thread-10" [_thread_blocked, id=14464, stack(0x00007f83e72fa000,0x00007f83e73fb000)]
  0x00007f840e00f000 JavaThread "Thread-9" [_thread_blocked, id=14463, stack(0x00007f83e7534000,0x00007f83e7635000)]
  0x00007f840e012000 JavaThread "Thread-8" [_thread_blocked, id=14462, stack(0x00007f83e7635000,0x00007f83e7736000)]
  0x00007f840db18000 JavaThread "Thread-7" [_thread_in_native, id=14460, stack(0x00007f8400040000,0x00007f8400141000)]
  0x00007f840db12800 JavaThread "Thread-6" [_thread_in_native, id=14459, stack(0x00007f8400141000,0x00007f8400242000)]
  0x00007f840db24000 JavaThread "Thread-5" [_thread_in_native, id=14458, stack(0x00007f8400242000,0x00007f8400343000)]
  0x00007f840db10800 JavaThread "Thread-4" [_thread_in_native, id=14457, stack(0x00007f8400343000,0x00007f8400444000)]
  0x00007f840d5b8000 JavaThread "Thread-3" [_thread_blocked, id=14456, stack(0x00007f84009c4000,0x00007f8400ac5000)]
  0x00007f840d5b5800 JavaThread "Keep-Alive-Timer" daemon [_thread_blocked, id=14455, stack(0x00007f8400d45000,0x00007f8400e46000)]
  0x00007f8404115000 JavaThread "Animation Thread-SharedResourceRunner" daemon [_thread_blocked, id=14438, stack(0x00007f841777f000,0x00007f8417880000)]
  0x00007f8404098800 JavaThread "process reaper" daemon [_thread_blocked, id=14433, stack(0x00007f8460009000,0x00007f8460042000)]
  0x00007f8418009800 JavaThread "Animation Thread" [_thread_blocked, id=14429, stack(0x00007f8417a80000,0x00007f8417b81000)]
=>0x00007f8418003000 JavaThread "AWT-EventQueue-1" [_thread_in_native, id=14428, stack(0x00007f844c082000,0x00007f844c183000)]
  0x00007f847000a000 JavaThread "DestroyJavaVM" [_thread_blocked, id=14405, stack(0x00007f8479da5000,0x00007f8479ea6000)]
  0x00007f84702d8000 JavaThread "AWT-EventQueue-0" [_thread_blocked, id=14426, stack(0x00007f844c5ab000,0x00007f844c6ac000)]
  0x00007f84702d5800 JavaThread "AWT-Shutdown" [_thread_blocked, id=14425, stack(0x00007f844c6ac000,0x00007f844c7ad000)]
  0x00007f84702bd800 JavaThread "thread applet-module4.EarthquakeCityMap.class" [_thread_blocked, id=14424, stack(0x00007f844c7ad000,0x00007f844c8ae000)]
  0x00007f84702b0800 JavaThread "AWT-XAWT" daemon [_thread_blocked, id=14422, stack(0x00007f844c8ae000,0x00007f844c9af000)]
  0x00007f8470292800 JavaThread "Java2D Disposer" daemon [_thread_blocked, id=14421, stack(0x00007f844cdbf000,0x00007f844cec0000)]
  0x00007f84700cb000 JavaThread "Service Thread" daemon [_thread_blocked, id=14419, stack(0x00007f844eb10000,0x00007f844ec11000)]
  0x00007f84700be000 JavaThread "C1 CompilerThread2" daemon [_thread_blocked, id=14418, stack(0x00007f844ec11000,0x00007f844ed12000)]
  0x00007f84700bc000 JavaThread "C2 CompilerThread1" daemon [_thread_blocked, id=14417, stack(0x00007f844ed12000,0x00007f844ee13000)]
  0x00007f84700b9000 JavaThread "C2 CompilerThread0" daemon [_thread_blocked, id=14416, stack(0x00007f844ee13000,0x00007f844ef14000)]
  0x00007f84700b7800 JavaThread "Signal Dispatcher" daemon [_thread_blocked, id=14415, stack(0x00007f844ef14000,0x00007f844f015000)]
  0x00007f847007f800 JavaThread "Finalizer" daemon [_thread_blocked, id=14414, stack(0x00007f844f6f7000,0x00007f844f7f8000)]
  0x00007f847007d800 JavaThread "Reference Handler" daemon [_thread_blocked, id=14413, stack(0x00007f844f7f8000,0x00007f844f8f9000)]

Other Threads:
  0x00007f8470078800 VMThread [stack: 0x00007f844f8f9000,0x00007f844f9fa000] [id=14412]
  0x00007f84700cd800 WatcherThread [stack: 0x00007f844ea0f000,0x00007f844eb10000] [id=14420]

VM state:not at safepoint (normal execution)

VM Mutex/Monitor currently owned by a thread: None

Heap:
 PSYoungGen      total 33280K, used 11715K [0x00000000ec300000, 0x00000000f0400000, 0x0000000100000000)
  eden space 30720K, 29% used [0x00000000ec300000,0x00000000ecbf4df8,0x00000000ee100000)
  from space 2560K, 99% used [0x00000000ee100000,0x00000000ee37c0c0,0x00000000ee380000)
  to   space 2560K, 0% used [0x00000000f0180000,0x00000000f0180000,0x00000000f0400000)
 ParOldGen       total 40960K, used 12052K [0x00000000c4800000, 0x00000000c7000000, 0x00000000ec300000)
  object space 40960K, 29% used [0x00000000c4800000,0x00000000c53c5320,0x00000000c7000000)
 Metaspace       used 20502K, capacity 20701K, committed 20992K, reserved 1069056K
  class space    used 1986K, capacity 2048K, committed 2048K, reserved 1048576K

Card table byte_map: [0x00007f847699d000,0x00007f8476b7a000] byte_map_base: 0x00007f8476379000

Marking Bits: (ParMarkBitMap*) 0x00007f8479277760
 Begin Bits: [0x00007f847469b000, 0x00007f847557b000)
 End Bits:   [0x00007f847557b000, 0x00007f847645b000)

Polling page: 0x00007f8479ebe000

CodeCache: size=245760Kb used=6335Kb max_used=6335Kb free=239424Kb
 bounds [0x00007f8461000000, 0x00007f8461640000, 0x00007f8470000000]
 total_blobs=2656 nmethods=1690 adapters=880
 compilation: enabled

Compilation events (10 events):
Event: 20.235 Thread 0x00007f84700be000 nmethod 1683 0x00007f846162c010 code [0x00007f846162c1a0, 0x00007f846162c768]
Event: 20.235 Thread 0x00007f84700be000 1687       3       processing.opengl.PGraphicsOpenGL::vertexBreak (16 bytes)
Event: 20.235 Thread 0x00007f84700be000 nmethod 1687 0x00007f846162bc50 code [0x00007f846162bdc0, 0x00007f846162bf70]
Event: 20.235 Thread 0x00007f84700be000 1686       1       java.awt.Font::hasLayoutAttributes (5 bytes)
Event: 20.235 Thread 0x00007f84700be000 nmethod 1686 0x00007f846162b990 code [0x00007f846162bae0, 0x00007f846162bbf0]
Event: 20.235 Thread 0x00007f84700be000 1684       3       processing.opengl.PGraphicsOpenGL$InGeometry::closeEdge (43 bytes)
Event: 20.236 Thread 0x00007f84700be000 nmethod 1684 0x00007f846162af10 code [0x00007f846162b0c0, 0x00007f846162b648]
Event: 20.247 Thread 0x00007f84700be000 1688       1       java.awt.EventDispatchThread$1::evaluate (2 bytes)
Event: 20.248 Thread 0x00007f84700be000 nmethod 1688 0x00007f846162fe90 code [0x00007f846162ffe0, 0x00007f84616300f0]
Event: 20.248 Thread 0x00007f84700be000 1690   !   3       sun.awt.X11.XToolkit::callTimeoutTasks (220 bytes)

GC Heap History (6 events):
Event: 0.545 GC heap before
{Heap before GC invocations=1 (full 0):
 PSYoungGen      total 17920K, used 15360K [0x00000000ec300000, 0x00000000ed700000, 0x0000000100000000)
  eden space 15360K, 100% used [0x00000000ec300000,0x00000000ed200000,0x00000000ed200000)
  from space 2560K, 0% used [0x00000000ed480000,0x00000000ed480000,0x00000000ed700000)
  to   space 2560K, 0% used [0x00000000ed200000,0x00000000ed200000,0x00000000ed480000)
 ParOldGen       total 40960K, used 0K [0x00000000c4800000, 0x00000000c7000000, 0x00000000ec300000)
  object space 40960K, 0% used [0x00000000c4800000,0x00000000c4800000,0x00000000c7000000)
 Metaspace       used 11202K, capacity 11378K, committed 11520K, reserved 1058816K
  class space    used 1196K, capacity 1274K, committed 1280K, reserved 1048576K
Event: 0.555 GC heap after
Heap after GC invocations=1 (full 0):
 PSYoungGen      total 17920K, used 2558K [0x00000000ec300000, 0x00000000ee600000, 0x0000000100000000)
  eden space 15360K, 0% used [0x00000000ec300000,0x00000000ec300000,0x00000000ed200000)
  from space 2560K, 99% used [0x00000000ed200000,0x00000000ed47f980,0x00000000ed480000)
  to   space 2560K, 0% used [0x00000000ee380000,0x00000000ee380000,0x00000000ee600000)
 ParOldGen       total 40960K, used 505K [0x00000000c4800000, 0x00000000c7000000, 0x00000000ec300000)
  object space 40960K, 1% used [0x00000000c4800000,0x00000000c487e460,0x00000000c7000000)
 Metaspace       used 11202K, capacity 11378K, committed 11520K, reserved 1058816K
  class space    used 1196K, capacity 1274K, committed 1280K, reserved 1048576K
}
Event: 0.937 GC heap before
{Heap before GC invocations=2 (full 0):
 PSYoungGen      total 17920K, used 17918K [0x00000000ec300000, 0x00000000ee600000, 0x0000000100000000)
  eden space 15360K, 100% used [0x00000000ec300000,0x00000000ed200000,0x00000000ed200000)
  from space 2560K, 99% used [0x00000000ed200000,0x00000000ed47f980,0x00000000ed480000)
  to   space 2560K, 0% used [0x00000000ee380000,0x00000000ee380000,0x00000000ee600000)
 ParOldGen       total 40960K, used 505K [0x00000000c4800000, 0x00000000c7000000, 0x00000000ec300000)
  object space 40960K, 1% used [0x00000000c4800000,0x00000000c487e460,0x00000000c7000000)
 Metaspace       used 16336K, capacity 16517K, committed 16768K, reserved 1064960K
  class space    used 1590K, capacity 1660K, committed 1664K, reserved 1048576K
Event: 0.943 GC heap after
Heap after GC invocations=2 (full 0):
 PSYoungGen      total 33280K, used 2530K [0x00000000ec300000, 0x00000000ee600000, 0x0000000100000000)
  eden space 30720K, 0% used [0x00000000ec300000,0x00000000ec300000,0x00000000ee100000)
  from space 2560K, 98% used [0x00000000ee380000,0x00000000ee5f8850,0x00000000ee600000)
  to   space 2560K, 0% used [0x00000000ee100000,0x00000000ee100000,0x00000000ee380000)
 ParOldGen       total 40960K, used 2075K [0x00000000c4800000, 0x00000000c7000000, 0x00000000ec300000)
  object space 40960K, 5% used [0x00000000c4800000,0x00000000c4a06f58,0x00000000c7000000)
 Metaspace       used 16336K, capacity 16517K, committed 16768K, reserved 1064960K
  class space    used 1590K, capacity 1660K, committed 1664K, reserved 1048576K
}
Event: 19.948 GC heap before
{Heap before GC invocations=3 (full 0):
 PSYoungGen      total 33280K, used 33250K [0x00000000ec300000, 0x00000000ee600000, 0x0000000100000000)
  eden space 30720K, 100% used [0x00000000ec300000,0x00000000ee100000,0x00000000ee100000)
  from space 2560K, 98% used [0x00000000ee380000,0x00000000ee5f8850,0x00000000ee600000)
  to   space 2560K, 0% used [0x00000000ee100000,0x00000000ee100000,0x00000000ee380000)
 ParOldGen       total 40960K, used 2075K [0x00000000c4800000, 0x00000000c7000000, 0x00000000ec300000)
  object space 40960K, 5% used [0x00000000c4800000,0x00000000c4a06f58,0x00000000c7000000)
 Metaspace       used 20122K, capacity 20311K, committed 20480K, reserved 1067008K
  class space    used 1968K, capacity 2047K, committed 2048K, reserved 1048576K
Event: 19.959 GC heap after
Heap after GC invocations=3 (full 0):
 PSYoungGen      total 33280K, used 2544K [0x00000000ec300000, 0x00000000f0400000, 0x0000000100000000)
  eden space 30720K, 0% used [0x00000000ec300000,0x00000000ec300000,0x00000000ee100000)
  from space 2560K, 99% used [0x00000000ee100000,0x00000000ee37c0c0,0x00000000ee380000)
  to   space 2560K, 0% used [0x00000000f0180000,0x00000000f0180000,0x00000000f0400000)
 ParOldGen       total 40960K, used 12052K [0x00000000c4800000, 0x00000000c7000000, 0x00000000ec300000)
  object space 40960K, 29% used [0x00000000c4800000,0x00000000c53c5320,0x00000000c7000000)
 Metaspace       used 20122K, capacity 20311K, committed 20480K, reserved 1067008K
  class space    used 1968K, capacity 2047K, committed 2048K, reserved 1048576K
}

Deoptimization events (10 events):
Event: 19.686 Thread 0x00007f8418003000 Uncommon trap: reason=unstable_if action=reinterpret pc=0x00007f846140f1c0 method=sun.misc.FloatingDecimal.readJavaFormatString(Ljava/lang/String;)Lsun/misc/FloatingDecimal$ASCIIToBinaryConverter; @ 445
Event: 19.838 Thread 0x00007f8418003000 Uncommon trap: reason=class_check action=maybe_recompile pc=0x00007f846141f710 method=java.util.Arrays.copyOf([Ljava/lang/Object;ILjava/lang/Class;)[Ljava/lang/Object; @ 24
Event: 19.911 Thread 0x00007f8418003000 Uncommon trap: reason=class_check action=maybe_recompile pc=0x00007f846141f710 method=java.util.Arrays.copyOf([Ljava/lang/Object;ILjava/lang/Class;)[Ljava/lang/Object; @ 24
Event: 19.991 Thread 0x00007f8418003000 Uncommon trap: reason=class_check action=maybe_recompile pc=0x00007f8461526758 method=com.jogamp.common.nio.Buffers.getDirectBufferByteOffset(Ljava/lang/Object;)I @ 42
Event: 19.996 Thread 0x00007f8418003000 Uncommon trap: reason=unstable_if action=reinterpret pc=0x00007f8461410474 method=java.lang.String.trim()Ljava/lang/String; @ 15
Event: 20.026 Thread 0x00007f8418003000 Uncommon trap: reason=class_check action=maybe_recompile pc=0x00007f8461526758 method=com.jogamp.common.nio.Buffers.getDirectBufferByteOffset(Ljava/lang/Object;)I @ 42
Event: 20.083 Thread 0x00007f8418003000 Uncommon trap: reason=class_check action=maybe_recompile pc=0x00007f846141f710 method=java.util.Arrays.copyOf([Ljava/lang/Object;ILjava/lang/Class;)[Ljava/lang/Object; @ 24
Event: 20.172 Thread 0x00007f8418003000 Uncommon trap: reason=class_check action=maybe_recompile pc=0x00007f8461526758 method=com.jogamp.common.nio.Buffers.getDirectBufferByteOffset(Ljava/lang/Object;)I @ 42
Event: 20.182 Thread 0x00007f8418003000 Uncommon trap: reason=class_check action=maybe_recompile pc=0x00007f8461526758 method=com.jogamp.common.nio.Buffers.getDirectBufferByteOffset(Ljava/lang/Object;)I @ 42
Event: 20.247 Thread 0x00007f84702d8000 Uncommon trap: reason=class_check action=maybe_recompile pc=0x00007f846141f710 method=java.util.Arrays.copyOf([Ljava/lang/Object;ILjava/lang/Class;)[Ljava/lang/Object; @ 24

Internal exceptions (10 events):
Event: 1.269 Thread 0x00007f8418003000 Implicit null exception at 0x00007f846139cf65 to 0x00007f846139cfcd
Event: 1.300 Thread 0x00007f8418003000 Exception <a 'java/io/FileNotFoundException'> (0x00000000ecabb1b8) thrown at [/RE-WORK/workspace/8-2-build-linux-amd64/jdk8u45/3457/hotspot/src/share/vm/prims/jni.cpp, line 709]
Event: 1.300 Thread 0x00007f8418003000 Exception <a 'java/io/FileNotFoundException'> (0x00000000ecac4a00) thrown at [/RE-WORK/workspace/8-2-build-linux-amd64/jdk8u45/3457/hotspot/src/share/vm/prims/jni.cpp, line 709]
Event: 1.301 Thread 0x00007f8418003000 Implicit null exception at 0x00007f8461157435 to 0x00007f8461157785
Event: 19.834 Thread 0x00007f8418003000 Exception <a 'java/lang/reflect/InvocationTargetException'> (0x00000000ed9eb020) thrown at [/RE-WORK/workspace/8-2-build-linux-amd64/jdk8u45/3457/hotspot/src/share/vm/runtime/reflection.cpp, line 1080]
Event: 19.841 Thread 0x00007f8418003000 Exception <a 'java/lang/reflect/InvocationTargetException'> (0x00000000ed9ec868) thrown at [/RE-WORK/workspace/8-2-build-linux-amd64/jdk8u45/3457/hotspot/src/share/vm/runtime/reflection.cpp, line 1080]
Event: 20.184 Thread 0x00007f8418003000 Exception <a 'java/lang/reflect/InvocationTargetException'> (0x00000000eca6fb58) thrown at [/RE-WORK/workspace/8-2-build-linux-amd64/jdk8u45/3457/hotspot/src/share/vm/runtime/reflection.cpp, line 1080]
Event: 20.188 Thread 0x00007f8418003000 Exception <a 'java/lang/reflect/InvocationTargetException'> (0x00000000eca73038) thrown at [/RE-WORK/workspace/8-2-build-linux-amd64/jdk8u45/3457/hotspot/src/share/vm/runtime/reflection.cpp, line 1080]
Event: 20.246 Thread 0x00007f8418003000 Exception <a 'java/lang/reflect/InvocationTargetException'> (0x00000000ecb73710) thrown at [/RE-WORK/workspace/8-2-build-linux-amd64/jdk8u45/3457/hotspot/src/share/vm/runtime/reflection.cpp, line 1080]
Event: 20.248 Thread 0x00007f8418003000 Exception <a 'java/lang/reflect/InvocationTargetException'> (0x00000000ecb74578) thrown at [/RE-WORK/workspace/8-2-build-linux-amd64/jdk8u45/3457/hotspot/src/share/vm/runtime/reflection.cpp, line 1080]

Events (10 events):
Event: 20.186 Thread 0x00007f840e00f000 Thread added: 0x00007f840e00f000
Event: 20.186 Thread 0x00007f840e056000 Thread added: 0x00007f840e056000
Event: 20.186 Thread 0x00007f840e045000 Thread added: 0x00007f840e045000
Event: 20.186 Thread 0x00007f840e046000 Thread added: 0x00007f840e046000
Event: 20.187 Thread 0x00007f840e03d000 Thread added: 0x00007f840e03d000
Event: 20.247 loading class sun/awt/X11/XContentWindow$SavedExposeEvent
Event: 20.247 loading class sun/awt/X11/XContentWindow$SavedExposeEvent done
Event: 20.247 Thread 0x00007f84702d8000 Uncommon trap: trap_request=0xffffffde fr.pc=0x00007f846141f710
Event: 20.248 Thread 0x00007f84702d8000 DEOPT PACKING pc=0x00007f846141f710 sp=0x00007f844c6a8680
Event: 20.248 Thread 0x00007f84702d8000 DEOPT UNPACKING pc=0x00007f8461005229 sp=0x00007f844c6a8640 mode 2


Dynamic libraries:
00400000-00401000 r-xp 00000000 08:02 4856071                            /usr/lib/jvm/java-8-oracle/bin/java
00600000-00601000 rw-p 00000000 08:02 4856071                            /usr/lib/jvm/java-8-oracle/bin/java
0180f000-01830000 rw-p 00000000 00:00 0                                  [heap]
c4800000-c7000000 rw-p 00000000 00:00 0 
c7000000-ec300000 ---p 00000000 00:00 0 
ec300000-f0400000 rw-p 00000000 00:00 0 
f0400000-100000000 ---p 00000000 00:00 0 
100000000-100200000 rw-p 00000000 00:00 0 
100200000-140000000 ---p 00000000 00:00 0 
7f83d8000000-7f83d8021000 rw-p 00000000 00:00 0 
7f83d8021000-7f83dc000000 ---p 00000000 00:00 0 
7f83dc000000-7f83dc021000 rw-p 00000000 00:00 0 
7f83dc021000-7f83e0000000 ---p 00000000 00:00 0 
7f83e0000000-7f83e0021000 rw-p 00000000 00:00 0 
7f83e0021000-7f83e4000000 ---p 00000000 00:00 0 
7f83e6ff7000-7f83e6ffa000 ---p 00000000 00:00 0 
7f83e6ffa000-7f83e70f8000 rw-p 00000000 00:00 0                          [stack:14467]
7f83e70f8000-7f83e70fb000 ---p 00000000 00:00 0 
7f83e70fb000-7f83e71f9000 rw-p 00000000 00:00 0                          [stack:14466]
7f83e71f9000-7f83e71fc000 ---p 00000000 00:00 0 
7f83e71fc000-7f83e72fa000 rw-p 00000000 00:00 0                          [stack:14465]
7f83e72fa000-7f83e72fd000 ---p 00000000 00:00 0 
7f83e72fd000-7f83e73fb000 rw-p 00000000 00:00 0                          [stack:14464]
7f83e73fb000-7f83e73fc000 r--s 00000000 08:02 786530                     /var/cache/fontconfig/c05880de57d1f5e948fdfacc138775d9-le64.cache-4
7f83e73fc000-7f83e7407000 r--s 00000000 08:02 786523                     /var/cache/fontconfig/945677eb7aeaf62f1d50efc3fb3ec7d8-le64.cache-4
7f83e7407000-7f83e740d000 r--s 00000000 08:02 786507                     /var/cache/fontconfig/2cd17615ca594fa2959ae173292e504c-le64.cache-4
7f83e740d000-7f83e740e000 r--s 00000000 08:02 786541                     /var/cache/fontconfig/e7071f4a29fa870f4323321c154eba04-le64.cache-4
7f83e740e000-7f83e740f000 r--s 00000000 08:02 786504                     /var/cache/fontconfig/0d8c3b2ac0904cb8a57a757ad11a4a08-le64.cache-4
7f83e740f000-7f83e7416000 r--s 00000000 08:02 786527                     /var/cache/fontconfig/a755afe4a08bf5b97852ceb7400b47bc-le64.cache-4
7f83e7416000-7f83e7417000 r--s 00000000 08:02 786526                     /var/cache/fontconfig/a6354e3ac43af67bd8d7b8e43c34e49f-le64.cache-4
7f83e7417000-7f83e7418000 r--s 00000000 08:02 786506                     /var/cache/fontconfig/1ac9eb803944fde146138c791f5cc56a-le64.cache-4
7f83e7418000-7f83e741c000 r--s 00000000 08:02 786510                     /var/cache/fontconfig/385c0604a188198f04d133e54aba7fe7-le64.cache-4
7f83e741c000-7f83e7421000 r--s 00000000 08:02 786522                     /var/cache/fontconfig/8801497958630a81b71ace7c5f9b32a8-le64.cache-4
7f83e7421000-7f83e7428000 r--s 00000000 08:02 786508                     /var/cache/fontconfig/3047814df9a2f067bd2d96a2b9c36e5a-le64.cache-4
7f83e7428000-7f83e742e000 r--s 00000000 08:02 786528                     /var/cache/fontconfig/b47c4e1ecd0709278f4910c18777a504-le64.cache-4
7f83e742e000-7f83e7441000 r--s 00000000 08:02 786534                     /var/cache/fontconfig/d52a8644073d54c13679302ca1180695-le64.cache-4
7f83e7441000-7f83e744a000 r--s 00000000 08:02 786511                     /var/cache/fontconfig/3f7329c5293ffd510edef78f73874cfd-le64.cache-4
7f83e744a000-7f83e745f000 r--s 00000000 08:02 786537                     /var/cache/fontconfig/da82082e1ef13c4097208324d67c180c-le64.cache-4
7f83e7473000-7f83e7474000 rw-p 00000000 00:00 0 
7f83e7474000-7f83e7534000 rw-s 10dbdd000 00:05 1552                      /dev/dri/card0
7f83e7534000-7f83e7537000 ---p 00000000 00:00 0 
7f83e7537000-7f83e7635000 rw-p 00000000 00:00 0                          [stack:14463]
7f83e7635000-7f83e7638000 ---p 00000000 00:00 0 
7f83e7638000-7f83e7736000 rw-p 00000000 00:00 0                          [stack:14462]
7f83e7736000-7f83e7836000 rw-s 00000000 00:04 202277                     /drm mm object (deleted)
7f83e7836000-7f83e783f000 r--s 00000000 08:02 5769967                    /usr/share/fonts/type1/gsfonts/s050000l.pfb
7f83e783f000-7f83e7855000 r--s 00000000 08:02 5769949                    /usr/share/fonts/type1/gsfonts/n022023l.pfb
7f83e7855000-7f83e7870000 r--s 00000000 08:02 5769958                    /usr/share/fonts/type1/gsfonts/p052004l.pfb
7f83e7870000-7f83e7883000 r--s 00000000 08:02 5769928                    /usr/share/fonts/type1/gsfonts/n019064l.pfb
7f83e7883000-7f83e789b000 r--s 00000000 08:02 5769898                    /usr/share/fonts/type1/gsfonts/c059033l.pfb
7f83e789b000-7f83e78a4000 r--s 00000000 08:02 5769167                    /usr/share/fonts/X11/Type1/c0633bt_.pfb
7f83e78a4000-7f83e78bd000 r--s 00000000 08:02 5769946                    /usr/share/fonts/type1/gsfonts/n022004l.pfb
7f83e78bd000-7f83e78cf000 r--s 00000000 08:02 5769889                    /usr/share/fonts/type1/gsfonts/b018035l.pfb
7f83e78cf000-7f83e78e1000 r--s 00000000 08:02 5769919                    /usr/share/fonts/type1/gsfonts/n019043l.pfb
7f83e78e1000-7f83e78f7000 r--s 00000000 08:02 5769940                    /usr/share/fonts/type1/gsfonts/n021024l.pfb
7f83e78f7000-7f83e7903000 r--s 00000000 08:02 5769904                    /usr/share/fonts/type1/gsfonts/d050000l.pfb
7f83e7903000-7f83e7915000 r--s 00000000 08:02 5769922                    /usr/share/fonts/type1/gsfonts/n019044l.pfb
7f83e7915000-7f83e792e000 r--s 00000000 08:02 5769934                    /usr/share/fonts/type1/gsfonts/n021004l.pfb
7f83e792e000-7f83e7943000 r--s 00000000 08:02 5769886                    /usr/share/fonts/type1/gsfonts/b018032l.pfb
7f83e7943000-7f83e7955000 r--s 00000000 08:02 5769910                    /usr/share/fonts/type1/gsfonts/n019004l.pfb
7f83e7955000-7f83e796c000 r--s 00000000 08:02 5769970                    /usr/share/fonts/type1/gsfonts/z003034l.pfb
7f83e796c000-7f83e7986000 r--s 00000000 08:02 5769892                    /usr/share/fonts/type1/gsfonts/c059013l.pfb
7f83e7986000-7f83e7997000 r--s 00000000 08:02 5769913                    /usr/share/fonts/type1/gsfonts/n019023l.pfb
7f83e7997000-7f83e79b0000 r--s 00000000 08:02 5769931                    /usr/share/fonts/type1/gsfonts/n021003l.pfb
7f83e79b0000-7f83e79b9000 r--s 00000000 08:02 5769171                    /usr/share/fonts/X11/Type1/c0649bt_.pfb
7f83e79b9000-7f83e79c3000 r--s 00000000 08:02 5769163                    /usr/share/fonts/X11/Type1/c0611bt_.pfb
7f83e79c3000-7f83e79d6000 r--s 00000000 08:02 5769883                    /usr/share/fonts/type1/gsfonts/b018015l.pfb
7f83e79d6000-7f83e79e0000 r--s 00000000 08:02 5769973                    /usr/share/fonts/type1/mathml/Symbol.pfb
7f83e79e0000-7f83e79f0000 r--s 00000000 08:02 5769874                    /usr/share/fonts/type1/gsfonts/a010033l.pfb
7f83e79f0000-7f83e7a06000 r--s 00000000 08:02 5769952                    /usr/share/fonts/type1/gsfonts/n022024l.pfb
7f83e7a06000-7f83e7a16000 r--s 00000000 08:02 5769868                    /usr/share/fonts/type1/gsfonts/a010013l.pfb
7f83e7a16000-7f83e7a27000 r--s 00000000 08:02 5769925                    /usr/share/fonts/type1/gsfonts/n019063l.pfb
7f83e7a27000-7f83e7a3f000 r--s 00000000 08:02 5769943                    /usr/share/fonts/type1/gsfonts/n022003l.pfb
7f83e7a3f000-7f83e7a48000 r--s 00000000 08:02 5769169                    /usr/share/fonts/X11/Type1/c0648bt_.pfb
7f83e7a48000-7f83e7a64000 r--s 00000000 08:02 5769964                    /usr/share/fonts/type1/gsfonts/p052024l.pfb
7f83e7a64000-7f83e7a78000 r--s 00000000 08:02 5769907                    /usr/share/fonts/type1/gsfonts/n019003l.pfb
7f83e7a78000-7f83e7a88000 r--s 00000000 08:02 5769871                    /usr/share/fonts/type1/gsfonts/a010015l.pfb
7f83e7a88000-7f83e7aa3000 r--s 00000000 08:02 5769955                    /usr/share/fonts/type1/gsfonts/p052003l.pfb
7f83e7aa3000-7f83e7aba000 r--s 00000000 08:02 5769937                    /usr/share/fonts/type1/gsfonts/n021023l.pfb
7f83e7aba000-7f83e7acb000 r--s 00000000 08:02 5769916                    /usr/share/fonts/type1/gsfonts/n019024l.pfb
7f83e7acb000-7f83e7ad4000 r--s 00000000 08:02 5769165                    /usr/share/fonts/X11/Type1/c0632bt_.pfb
7f83e7ad4000-7f83e7ade000 r--s 00000000 08:02 5769161                    /usr/share/fonts/X11/Type1/c0583bt_.pfb
7f83e7ade000-7f83e7af9000 r--s 00000000 08:02 5769895                    /usr/share/fonts/type1/gsfonts/c059016l.pfb
7f83e7af9000-7f83e7b14000 r--s 00000000 08:02 5769961                    /usr/share/fonts/type1/gsfonts/p052023l.pfb
7f83e7b14000-7f83e7b25000 r--s 00000000 08:02 5769877                    /usr/share/fonts/type1/gsfonts/a010035l.pfb
7f83e7b25000-7f83e7b3e000 r--s 00000000 08:02 5769880                    /usr/share/fonts/type1/gsfonts/b018012l.pfb
7f83e7b3e000-7f83e7b48000 r--s 00000000 08:02 5769157                    /usr/share/fonts/X11/Type1/c0419bt_.pfb
7f83e7b48000-7f83e7b60000 r--s 00000000 08:02 5769901                    /usr/share/fonts/type1/gsfonts/c059036l.pfb
7f83e7b60000-7f83e7b6a000 r--s 00000000 08:02 5769159                    /usr/share/fonts/X11/Type1/c0582bt_.pfb
7f83e7b6a000-7f83e7b6b000 r--s 00000000 08:02 786538                     /var/cache/fontconfig/dc05db6664285cc2f12bf69c139ae4c3-le64.cache-4
7f83e7b6b000-7f83e7b6d000 r--s 00000000 08:02 786520                     /var/cache/fontconfig/767a8244fc0220cfb567a839d0392e0b-le64.cache-4
7f83e7b6d000-7f83e7b6e000 r--s 00000000 08:02 788870                     /var/cache/fontconfig/4794a0821666d79190d59a36cb4f44b5-le64.cache-4
7f83e7b6e000-7f83e7b72000 r--s 00000000 08:02 786535                     /var/cache/fontconfig/d589a48862398ed80a3d6066f4f56f4c-le64.cache-4
7f83e7b72000-7f83e7b7f000 r--s 00000000 08:02 786637                     /var/cache/fontconfig/e13b20fdb08344e0e664864cc2ede53d-le64.cache-4
7f83e7b7f000-7f83e7b98000 r--s 00000000 08:02 5769931                    /usr/share/fonts/type1/gsfonts/n021003l.pfb
7f83e7b98000-7f83e7baa000 r--s 00000000 08:02 5769910                    /usr/share/fonts/type1/gsfonts/n019004l.pfb
7f83e7baa000-7f83e7bc0000 r--s 00000000 08:02 5769952                    /usr/share/fonts/type1/gsfonts/n022024l.pfb
7f83e7bc0000-7f83e7c40000 rw-p 00000000 00:00 0 
7f83e7c40000-7f83e7dc0000 ---p 00000000 00:00 0 
7f83e7dc0000-7f83e7e40000 rw-s 10db5c000 00:05 1552                      /dev/dri/card0
7f83e7e40000-7f83e8000000 rw-s 00000000 00:04 205103                     /drm mm object (deleted)
7f83e8000000-7f83e8021000 rw-p 00000000 00:00 0 
7f83e8021000-7f83ec000000 ---p 00000000 00:00 0 
7f83ec000000-7f83ec021000 rw-p 00000000 00:00 0 
7f83ec021000-7f83f0000000 ---p 00000000 00:00 0 
7f83f0000000-7f83f0021000 rw-p 00000000 00:00 0 
7f83f0021000-7f83f4000000 ---p 00000000 00:00 0 
7f83f4000000-7f83f4021000 rw-p 00000000 00:00 0 
7f83f4021000-7f83f8000000 ---p 00000000 00:00 0 
7f83f8000000-7f83f8021000 rw-p 00000000 00:00 0 
7f83f8021000-7f83fc000000 ---p 00000000 00:00 0 
7f83fc000000-7f83fd850000 rw-p 00000000 00:00 0 
7f83fd850000-7f8400000000 ---p 00000000 00:00 0 
7f8400000000-7f8400011000 r--s 00000000 08:02 5769913                    /usr/share/fonts/type1/gsfonts/n019023l.pfb
7f8400011000-7f8400027000 r--s 00000000 08:02 5769949                    /usr/share/fonts/type1/gsfonts/n022023l.pfb
7f8400027000-7f8400040000 r--s 00000000 08:02 5769934                    /usr/share/fonts/type1/gsfonts/n021004l.pfb
7f8400040000-7f8400043000 ---p 00000000 00:00 0 
7f8400043000-7f8400141000 rw-p 00000000 00:00 0                          [stack:14460]
7f8400141000-7f8400144000 ---p 00000000 00:00 0 
7f8400144000-7f8400242000 rw-p 00000000 00:00 0                          [stack:14459]
7f8400242000-7f8400245000 ---p 00000000 00:00 0 
7f8400245000-7f8400343000 rw-p 00000000 00:00 0                          [stack:14458]
7f8400343000-7f8400346000 ---p 00000000 00:00 0 
7f8400346000-7f8400444000 rw-p 00000000 00:00 0                          [stack:14457]
7f8400444000-7f84004c4000 rw-s 10dadc000 00:05 1552                      /dev/dri/card0
7f84004c4000-7f8400684000 rw-s 00000000 00:04 205089                     /drm mm object (deleted)
7f8400684000-7f8400744000 rw-s 10da1c000 00:05 1552                      /dev/dri/card0
7f8400744000-7f84009c4000 rw-s 00000000 00:04 205080                     /drm mm object (deleted)
7f84009c4000-7f84009c7000 ---p 00000000 00:00 0 
7f84009c7000-7f8400ac5000 rw-p 00000000 00:00 0                          [stack:14456]
7f8400ac5000-7f8400d45000 rw-s 00000000 00:04 205898                     /drm mm object (deleted)
7f8400d45000-7f8400d48000 ---p 00000000 00:00 0 
7f8400d48000-7f8400e46000 rw-p 00000000 00:00 0                          [stack:14455]
7f8400e46000-7f8400e5d000 r-xp 00000000 08:02 2621530                    /lib/x86_64-linux-gnu/libresolv-2.19.so
7f8400e5d000-7f840105d000 ---p 00017000 08:02 2621530                    /lib/x86_64-linux-gnu/libresolv-2.19.so
7f840105d000-7f840105e000 r--p 00017000 08:02 2621530                    /lib/x86_64-linux-gnu/libresolv-2.19.so
7f840105e000-7f840105f000 rw-p 00018000 08:02 2621530                    /lib/x86_64-linux-gnu/libresolv-2.19.so
7f840105f000-7f8401061000 rw-p 00000000 00:00 0 
7f8401061000-7f8401066000 r-xp 00000000 08:02 2621536                    /lib/x86_64-linux-gnu/libnss_dns-2.19.so
7f8401066000-7f8401265000 ---p 00005000 08:02 2621536                    /lib/x86_64-linux-gnu/libnss_dns-2.19.so
7f8401265000-7f8401266000 r--p 00004000 08:02 2621536                    /lib/x86_64-linux-gnu/libnss_dns-2.19.so
7f8401266000-7f8401267000 rw-p 00005000 08:02 2621536                    /lib/x86_64-linux-gnu/libnss_dns-2.19.so
7f8401267000-7f8401269000 r-xp 00000000 08:02 2625700                    /lib/x86_64-linux-gnu/libnss_mdns4_minimal.so.2
7f8401269000-7f8401468000 ---p 00002000 08:02 2625700                    /lib/x86_64-linux-gnu/libnss_mdns4_minimal.so.2
7f8401468000-7f8401469000 r--p 00001000 08:02 2625700                    /lib/x86_64-linux-gnu/libnss_mdns4_minimal.so.2
7f8401469000-7f840146a000 rw-p 00002000 08:02 2625700                    /lib/x86_64-linux-gnu/libnss_mdns4_minimal.so.2
7f840146a000-7f840146d000 r-xp 00000000 08:02 2625704                    /lib/x86_64-linux-gnu/libnss_myhostname.so.2
7f840146d000-7f840166c000 ---p 00003000 08:02 2625704                    /lib/x86_64-linux-gnu/libnss_myhostname.so.2
7f840166c000-7f840166d000 r--p 00002000 08:02 2625704                    /lib/x86_64-linux-gnu/libnss_myhostname.so.2
7f840166d000-7f840166e000 rw-p 00003000 08:02 2625704                    /lib/x86_64-linux-gnu/libnss_myhostname.so.2
7f840166e000-7f840186e000 rw-p 00000000 00:00 0 
7f840186e000-7f840192e000 rw-s 10d955000 00:05 1552                      /dev/dri/card0
7f840192e000-7f8401bae000 rw-s 00000000 00:04 202141                     /drm mm object (deleted)
7f8401bae000-7f8401e2e000 rw-s 00000000 00:04 202140                     /drm mm object (deleted)
7f8401e2e000-7f8401e65000 r-xp 00000000 08:02 4858923                    /usr/lib/x86_64-linux-gnu/libtxc_dxtn_s2tc.so.0.0.0
7f8401e65000-7f8402064000 ---p 00037000 08:02 4858923                    /usr/lib/x86_64-linux-gnu/libtxc_dxtn_s2tc.so.0.0.0
7f8402064000-7f8402065000 r--p 00036000 08:02 4858923                    /usr/lib/x86_64-linux-gnu/libtxc_dxtn_s2tc.so.0.0.0
7f8402065000-7f8402066000 rw-p 00037000 08:02 4858923                    /usr/lib/x86_64-linux-gnu/libtxc_dxtn_s2tc.so.0.0.0
7f8402066000-7f840207e000 r-xp 00000000 08:02 2625786                    /lib/x86_64-linux-gnu/libz.so.1.2.8
7f840207e000-7f840227d000 ---p 00018000 08:02 2625786                    /lib/x86_64-linux-gnu/libz.so.1.2.8
7f840227d000-7f840227e000 r--p 00017000 08:02 2625786                    /lib/x86_64-linux-gnu/libz.so.1.2.8
7f840227e000-7f840227f000 rw-p 00018000 08:02 2625786                    /lib/x86_64-linux-gnu/libz.so.1.2.8
7f840227f000-7f8402287000 r-xp 00000000 08:02 4858718                    /usr/lib/x86_64-linux-gnu/libpciaccess.so.0.11.1
7f8402287000-7f8402486000 ---p 00008000 08:02 4858718                    /usr/lib/x86_64-linux-gnu/libpciaccess.so.0.11.1
7f8402486000-7f8402487000 r--p 00007000 08:02 4858718                    /usr/lib/x86_64-linux-gnu/libpciaccess.so.0.11.1
7f8402487000-7f8402488000 rw-p 00008000 08:02 4858718                    /usr/lib/x86_64-linux-gnu/libpciaccess.so.0.11.1
7f8402488000-7f8402578000 r-xp 00000000 08:02 4858875                    /usr/lib/x86_64-linux-gnu/libstdc++.so.6.0.20
7f8402578000-7f8402778000 ---p 000f0000 08:02 4858875                    /usr/lib/x86_64-linux-gnu/libstdc++.so.6.0.20
7f8402778000-7f8402780000 r--p 000f0000 08:02 4858875                    /usr/lib/x86_64-linux-gnu/libstdc++.so.6.0.20
7f8402780000-7f8402782000 rw-p 000f8000 08:02 4858875                    /usr/lib/x86_64-linux-gnu/libstdc++.so.6.0.20
7f8402782000-7f8402797000 rw-p 00000000 00:00 0 
7f8402797000-7f84027a3000 r-xp 00000000 08:02 4858206                    /usr/lib/x86_64-linux-gnu/libdrm_radeon.so.1.0.1
7f84027a3000-7f84029a2000 ---p 0000c000 08:02 4858206                    /usr/lib/x86_64-linux-gnu/libdrm_radeon.so.1.0.1
7f84029a2000-7f84029a3000 r--p 0000b000 08:02 4858206                    /usr/lib/x86_64-linux-gnu/libdrm_radeon.so.1.0.1
7f84029a3000-7f84029a4000 rw-p 0000c000 08:02 4858206                    /usr/lib/x86_64-linux-gnu/libdrm_radeon.so.1.0.1
7f84029a4000-7f84029aa000 r-xp 00000000 08:02 4858204                    /usr/lib/x86_64-linux-gnu/libdrm_nouveau.so.2.0.0
7f84029aa000-7f8402ba9000 ---p 00006000 08:02 4858204                    /usr/lib/x86_64-linux-gnu/libdrm_nouveau.so.2.0.0
7f8402ba9000-7f8402baa000 r--p 00005000 08:02 4858204                    /usr/lib/x86_64-linux-gnu/libdrm_nouveau.so.2.0.0
7f8402baa000-7f8402bab000 rw-p 00006000 08:02 4858204                    /usr/lib/x86_64-linux-gnu/libdrm_nouveau.so.2.0.0
7f8402bab000-7f8402bcb000 r-xp 00000000 08:02 4858202                    /usr/lib/x86_64-linux-gnu/libdrm_intel.so.1.0.0
7f8402bcb000-7f8402dca000 ---p 00020000 08:02 4858202                    /usr/lib/x86_64-linux-gnu/libdrm_intel.so.1.0.0
7f8402dca000-7f8402dcb000 r--p 0001f000 08:02 4858202                    /usr/lib/x86_64-linux-gnu/libdrm_intel.so.1.0.0
7f8402dcb000-7f8402dcc000 rw-p 00020000 08:02 4858202                    /usr/lib/x86_64-linux-gnu/libdrm_intel.so.1.0.0
7f8402dcc000-7f84032e8000 r-xp 00000000 08:02 5114656                    /usr/lib/x86_64-linux-gnu/dri/i965_dri.so
7f84032e8000-7f84034e7000 ---p 0051c000 08:02 5114656                    /usr/lib/x86_64-linux-gnu/dri/i965_dri.so
7f84034e7000-7f8403503000 r--p 0051b000 08:02 5114656                    /usr/lib/x86_64-linux-gnu/dri/i965_dri.so
7f8403503000-7f8403509000 rw-p 00537000 08:02 5114656                    /usr/lib/x86_64-linux-gnu/dri/i965_dri.so
7f8403509000-7f8403514000 rw-p 00000000 00:00 0 
7f8403514000-7f8403580000 r-xp 00000000 08:02 2625725                    /lib/x86_64-linux-gnu/libpcre.so.3.13.1
7f8403580000-7f840377f000 ---p 0006c000 08:02 2625725                    /lib/x86_64-linux-gnu/libpcre.so.3.13.1
7f840377f000-7f8403780000 r--p 0006b000 08:02 2625725                    /lib/x86_64-linux-gnu/libpcre.so.3.13.1
7f8403780000-7f8403781000 rw-p 0006c000 08:02 2625725                    /lib/x86_64-linux-gnu/libpcre.so.3.13.1
7f8403781000-7f84037a2000 r-xp 00000000 08:02 2625752                    /lib/x86_64-linux-gnu/libselinux.so.1
7f84037a2000-7f84039a1000 ---p 00021000 08:02 2625752                    /lib/x86_64-linux-gnu/libselinux.so.1
7f84039a1000-7f84039a2000 r--p 00020000 08:02 2625752                    /lib/x86_64-linux-gnu/libselinux.so.1
7f84039a2000-7f84039a3000 rw-p 00021000 08:02 2625752                    /lib/x86_64-linux-gnu/libselinux.so.1
7f84039a3000-7f84039a5000 rw-p 00000000 00:00 0 
7f84039a5000-7f84039b5000 r-xp 00000000 08:02 2625516                    /lib/x86_64-linux-gnu/libudev.so.1.4.0
7f84039b5000-7f8403bb5000 ---p 00010000 08:02 2625516                    /lib/x86_64-linux-gnu/libudev.so.1.4.0
7f8403bb5000-7f8403bb6000 r--p 00010000 08:02 2625516                    /lib/x86_64-linux-gnu/libudev.so.1.4.0
7f8403bb6000-7f8403bb7000 rw-p 00011000 08:02 2625516                    /lib/x86_64-linux-gnu/libudev.so.1.4.0
7f8403bb7000-7f8403bb9000 r-xp 00000000 08:02 4857968                    /usr/lib/x86_64-linux-gnu/libXinerama.so.1.0.0
7f8403bb9000-7f8403db8000 ---p 00002000 08:02 4857968                    /usr/lib/x86_64-linux-gnu/libXinerama.so.1.0.0
7f8403db8000-7f8403db9000 r--p 00001000 08:02 4857968                    /usr/lib/x86_64-linux-gnu/libXinerama.so.1.0.0
7f8403db9000-7f8403dba000 rw-p 00002000 08:02 4857968                    /usr/lib/x86_64-linux-gnu/libXinerama.so.1.0.0
7f8403dba000-7f8403dff000 r-xp 00000000 08:02 4587554                    /tmp/jogamp_0000/file_cache/jln4158128918201401790/jln2378151541630620010/libjogl_mobile.so
7f8403dff000-7f8403fff000 ---p 00045000 08:02 4587554                    /tmp/jogamp_0000/file_cache/jln4158128918201401790/jln2378151541630620010/libjogl_mobile.so
7f8403fff000-7f8404000000 rw-p 00045000 08:02 4587554                    /tmp/jogamp_0000/file_cache/jln4158128918201401790/jln2378151541630620010/libjogl_mobile.so
7f8404000000-7f84046df000 rw-p 00000000 00:00 0 
7f84046df000-7f8408000000 ---p 00000000 00:00 0 
7f8408000000-7f8408021000 rw-p 00000000 00:00 0 
7f8408021000-7f840c000000 ---p 00000000 00:00 0 
7f840c000000-7f840e087000 rw-p 00000000 00:00 0 
7f840e087000-7f8410000000 ---p 00000000 00:00 0 
7f8410000000-7f8410048000 rw-p 00000000 00:00 0 
7f8410048000-7f8414000000 ---p 00000000 00:00 0 
7f8414000000-7f8414001000 r--s 00000000 08:02 786514                     /var/cache/fontconfig/56cf4f4769d0f4abc89a4895d7bd3ae1-le64.cache-4
7f8414001000-7f8414005000 r--s 00000000 08:02 786516                     /var/cache/fontconfig/7ef2298fde41cc6eeb7af42e48b7d293-le64.cache-4
7f8414005000-7f841400f000 r--s 00000000 08:02 5769973                    /usr/share/fonts/type1/mathml/Symbol.pfb
7f841400f000-7f8414023000 r--s 00000000 08:02 5769907                    /usr/share/fonts/type1/gsfonts/n019003l.pfb
7f8414023000-7f841403b000 r--s 00000000 08:02 5769943                    /usr/share/fonts/type1/gsfonts/n022003l.pfb
7f841403b000-7f8414051000 r--s 00000000 08:02 5769940                    /usr/share/fonts/type1/gsfonts/n021024l.pfb
7f8414051000-7f8414068000 r--s 00000000 08:02 5769937                    /usr/share/fonts/type1/gsfonts/n021023l.pfb
7f8414068000-7f8414079000 r--s 00000000 08:02 5769916                    /usr/share/fonts/type1/gsfonts/n019024l.pfb
7f8414079000-7f8414139000 rw-s 10d895000 00:05 1552                      /dev/dri/card0
7f8414139000-7f8414140000 r-xp 00000000 08:02 4858242                    /usr/lib/x86_64-linux-gnu/libffi.so.6.0.2
7f8414140000-7f841433f000 ---p 00007000 08:02 4858242                    /usr/lib/x86_64-linux-gnu/libffi.so.6.0.2
7f841433f000-7f8414340000 r--p 00006000 08:02 4858242                    /usr/lib/x86_64-linux-gnu/libffi.so.6.0.2
7f8414340000-7f8414341000 rw-p 00007000 08:02 4858242                    /usr/lib/x86_64-linux-gnu/libffi.so.6.0.2
7f8414341000-7f841434e000 r-xp 00000000 08:02 4849854                    /usr/lib/x86_64-linux-gnu/libgbm.so.1.0.0
7f841434e000-7f841454d000 ---p 0000d000 08:02 4849854                    /usr/lib/x86_64-linux-gnu/libgbm.so.1.0.0
7f841454d000-7f841454e000 r--p 0000c000 08:02 4849854                    /usr/lib/x86_64-linux-gnu/libgbm.so.1.0.0
7f841454e000-7f841454f000 rw-p 0000d000 08:02 4849854                    /usr/lib/x86_64-linux-gnu/libgbm.so.1.0.0
7f841454f000-7f841455d000 r-xp 00000000 08:02 4858976                    /usr/lib/x86_64-linux-gnu/libwayland-server.so.0.1.0
7f841455d000-7f841475d000 ---p 0000e000 08:02 4858976                    /usr/lib/x86_64-linux-gnu/libwayland-server.so.0.1.0
7f841475d000-7f841475f000 r--p 0000e000 08:02 4858976                    /usr/lib/x86_64-linux-gnu/libwayland-server.so.0.1.0
7f841475f000-7f8414760000 rw-p 00010000 08:02 4858976                    /usr/lib/x86_64-linux-gnu/libwayland-server.so.0.1.0
7f8414760000-7f841476b000 r-xp 00000000 08:02 4858970                    /usr/lib/x86_64-linux-gnu/libwayland-client.so.0.2.0
7f841476b000-7f841496b000 ---p 0000b000 08:02 4858970                    /usr/lib/x86_64-linux-gnu/libwayland-client.so.0.2.0
7f841496b000-7f841496d000 r--p 0000b000 08:02 4858970                    /usr/lib/x86_64-linux-gnu/libwayland-client.so.0.2.0
7f841496d000-7f841496e000 rw-p 0000d000 08:02 4858970                    /usr/lib/x86_64-linux-gnu/libwayland-client.so.0.2.0
7f841496e000-7f8414973000 r-xp 00000000 08:02 4859022                    /usr/lib/x86_64-linux-gnu/libxcb-xfixes.so.0.0.0
7f8414973000-7f8414b73000 ---p 00005000 08:02 4859022                    /usr/lib/x86_64-linux-gnu/libxcb-xfixes.so.0.0.0
7f8414b73000-7f8414b74000 r--p 00005000 08:02 4859022                    /usr/lib/x86_64-linux-gnu/libxcb-xfixes.so.0.0.0
7f8414b74000-7f8414b75000 rw-p 00006000 08:02 4859022                    /usr/lib/x86_64-linux-gnu/libxcb-xfixes.so.0.0.0
7f8414b75000-7f8414b9e000 r-xp 00000000 08:02 5114652                    /usr/lib/x86_64-linux-gnu/mesa-egl/libEGL.so.1.0.0
7f8414b9e000-7f8414d9d000 ---p 00029000 08:02 5114652                    /usr/lib/x86_64-linux-gnu/mesa-egl/libEGL.so.1.0.0
7f8414d9d000-7f8414d9e000 r--p 00028000 08:02 5114652                    /usr/lib/x86_64-linux-gnu/mesa-egl/libEGL.so.1.0.0
7f8414d9e000-7f8414d9f000 rw-p 00029000 08:02 5114652                    /usr/lib/x86_64-linux-gnu/mesa-egl/libEGL.so.1.0.0
7f8414d9f000-7f8414da0000 rw-p 00000000 00:00 0 
7f8414da0000-7f8414e45000 r-xp 00000000 08:02 4587553                    /tmp/jogamp_0000/file_cache/jln4158128918201401790/jln2378151541630620010/libjogl_desktop.so
7f8414e45000-7f8415045000 ---p 000a5000 08:02 4587553                    /tmp/jogamp_0000/file_cache/jln4158128918201401790/jln2378151541630620010/libjogl_desktop.so
7f8415045000-7f8415046000 rw-p 000a5000 08:02 4587553                    /tmp/jogamp_0000/file_cache/jln4158128918201401790/jln2378151541630620010/libjogl_desktop.so
7f8415046000-7f8415051000 r-xp 00000000 08:02 4858200                    /usr/lib/x86_64-linux-gnu/libdrm.so.2.4.0
7f8415051000-7f8415250000 ---p 0000b000 08:02 4858200                    /usr/lib/x86_64-linux-gnu/libdrm.so.2.4.0
7f8415250000-7f8415251000 r--p 0000a000 08:02 4858200                    /usr/lib/x86_64-linux-gnu/libdrm.so.2.4.0
7f8415251000-7f8415252000 rw-p 0000b000 08:02 4858200                    /usr/lib/x86_64-linux-gnu/libdrm.so.2.4.0
7f8415252000-7f8415253000 r-xp 00000000 08:02 4859034                    /usr/lib/x86_64-linux-gnu/libxshmfence.so.1.0.0
7f8415253000-7f8415452000 ---p 00001000 08:02 4859034                    /usr/lib/x86_64-linux-gnu/libxshmfence.so.1.0.0
7f8415452000-7f8415453000 r--p 00000000 08:02 4859034                    /usr/lib/x86_64-linux-gnu/libxshmfence.so.1.0.0
7f8415453000-7f8415454000 rw-p 00001000 08:02 4859034                    /usr/lib/x86_64-linux-gnu/libxshmfence.so.1.0.0
7f8415454000-7f8415459000 r-xp 00000000 08:02 4859016                    /usr/lib/x86_64-linux-gnu/libxcb-sync.so.1.0.0
7f8415459000-7f8415658000 ---p 00005000 08:02 4859016                    /usr/lib/x86_64-linux-gnu/libxcb-sync.so.1.0.0
7f8415658000-7f8415659000 r--p 00004000 08:02 4859016                    /usr/lib/x86_64-linux-gnu/libxcb-sync.so.1.0.0
7f8415659000-7f841565a000 rw-p 00005000 08:02 4859016                    /usr/lib/x86_64-linux-gnu/libxcb-sync.so.1.0.0
7f841565a000-7f841565c000 r-xp 00000000 08:02 4859008                    /usr/lib/x86_64-linux-gnu/libxcb-present.so.0.0.0
7f841565c000-7f841585b000 ---p 00002000 08:02 4859008                    /usr/lib/x86_64-linux-gnu/libxcb-present.so.0.0.0
7f841585b000-7f841585c000 r--p 00001000 08:02 4859008                    /usr/lib/x86_64-linux-gnu/libxcb-present.so.0.0.0
7f841585c000-7f841585d000 rw-p 00002000 08:02 4859008                    /usr/lib/x86_64-linux-gnu/libxcb-present.so.0.0.0
7f841585d000-7f841585f000 r-xp 00000000 08:02 4858998                    /usr/lib/x86_64-linux-gnu/libxcb-dri3.so.0.0.0
7f841585f000-7f8415a5e000 ---p 00002000 08:02 4858998                    /usr/lib/x86_64-linux-gnu/libxcb-dri3.so.0.0.0
7f8415a5e000-7f8415a5f000 r--p 00001000 08:02 4858998                    /usr/lib/x86_64-linux-gnu/libxcb-dri3.so.0.0.0
7f8415a5f000-7f8415a60000 rw-p 00002000 08:02 4858998                    /usr/lib/x86_64-linux-gnu/libxcb-dri3.so.0.0.0
7f8415a60000-7f8415a63000 r-xp 00000000 08:02 4858996                    /usr/lib/x86_64-linux-gnu/libxcb-dri2.so.0.0.0
7f8415a63000-7f8415c63000 ---p 00003000 08:02 4858996                    /usr/lib/x86_64-linux-gnu/libxcb-dri2.so.0.0.0
7f8415c63000-7f8415c64000 r--p 00003000 08:02 4858996                    /usr/lib/x86_64-linux-gnu/libxcb-dri2.so.0.0.0
7f8415c64000-7f8415c65000 rw-p 00004000 08:02 4858996                    /usr/lib/x86_64-linux-gnu/libxcb-dri2.so.0.0.0
7f8415c65000-7f8415c7a000 r-xp 00000000 08:02 4859000                    /usr/lib/x86_64-linux-gnu/libxcb-glx.so.0.0.0
7f8415c7a000-7f8415e79000 ---p 00015000 08:02 4859000                    /usr/lib/x86_64-linux-gnu/libxcb-glx.so.0.0.0
7f8415e79000-7f8415e7b000 r--p 00014000 08:02 4859000                    /usr/lib/x86_64-linux-gnu/libxcb-glx.so.0.0.0
7f8415e7b000-7f8415e7c000 rw-p 00016000 08:02 4859000                    /usr/lib/x86_64-linux-gnu/libxcb-glx.so.0.0.0
7f8415e7c000-7f8415e7d000 r-xp 00000000 08:02 4857939                    /usr/lib/x86_64-linux-gnu/libX11-xcb.so.1.0.0
7f8415e7d000-7f841607c000 ---p 00001000 08:02 4857939                    /usr/lib/x86_64-linux-gnu/libX11-xcb.so.1.0.0
7f841607c000-7f841607d000 r--p 00000000 08:02 4857939                    /usr/lib/x86_64-linux-gnu/libX11-xcb.so.1.0.0
7f841607d000-7f841607e000 rw-p 00001000 08:02 4857939                    /usr/lib/x86_64-linux-gnu/libX11-xcb.so.1.0.0
7f841607e000-7f8416080000 r-xp 00000000 08:02 4857954                    /usr/lib/x86_64-linux-gnu/libXdamage.so.1.1.0
7f8416080000-7f841627f000 ---p 00002000 08:02 4857954                    /usr/lib/x86_64-linux-gnu/libXdamage.so.1.1.0
7f841627f000-7f8416280000 r--p 00001000 08:02 4857954                    /usr/lib/x86_64-linux-gnu/libXdamage.so.1.1.0
7f8416280000-7f8416281000 rw-p 00002000 08:02 4857954                    /usr/lib/x86_64-linux-gnu/libXdamage.so.1.1.0
7f8416281000-7f84162a6000 r-xp 00000000 08:02 4853342                    /usr/lib/x86_64-linux-gnu/libglapi.so.0.0.0
7f84162a6000-7f84164a5000 ---p 00025000 08:02 4853342                    /usr/lib/x86_64-linux-gnu/libglapi.so.0.0.0
7f84164a5000-7f84164a8000 r--p 00024000 08:02 4853342                    /usr/lib/x86_64-linux-gnu/libglapi.so.0.0.0
7f84164a8000-7f84164a9000 rw-p 00027000 08:02 4853342                    /usr/lib/x86_64-linux-gnu/libglapi.so.0.0.0
7f84164a9000-7f84164aa000 rw-p 00000000 00:00 0 
7f84164aa000-7f84164d0000 r-xp 00000000 08:02 2625637                    /lib/x86_64-linux-gnu/libexpat.so.1.6.0
7f84164d0000-7f84166cf000 ---p 00026000 08:02 2625637                    /lib/x86_64-linux-gnu/libexpat.so.1.6.0
7f84166cf000-7f84166d2000 r--p 00025000 08:02 2625637                    /lib/x86_64-linux-gnu/libexpat.so.1.6.0
7f84166d2000-7f84166d3000 rw-p 00028000 08:02 2625637                    /lib/x86_64-linux-gnu/libexpat.so.1.6.0
7f84166d3000-7f8416769000 r-xp 00000000 08:02 5113685                    /usr/lib/x86_64-linux-gnu/mesa/libGL.so.1.2.0
7f8416769000-7f8416968000 ---p 00096000 08:02 5113685                    /usr/lib/x86_64-linux-gnu/mesa/libGL.so.1.2.0
7f8416968000-7f841696b000 r--p 00095000 08:02 5113685                    /usr/lib/x86_64-linux-gnu/mesa/libGL.so.1.2.0
7f841696b000-7f841696c000 rw-p 00098000 08:02 5113685                    /usr/lib/x86_64-linux-gnu/mesa/libGL.so.1.2.0
7f841696c000-7f8416b6d000 rw-p 00000000 00:00 0 
7f8416b6d000-7f8416d6d000 rw-p 00000000 00:00 0 
7f8416d6d000-7f8416d74000 r-xp 00000000 08:02 4587556                    /tmp/jogamp_0000/file_cache/jln4158128918201401790/jln2378151541630620010/libnativewindow_x11.so
7f8416d74000-7f8416f73000 ---p 00007000 08:02 4587556                    /tmp/jogamp_0000/file_cache/jln4158128918201401790/jln2378151541630620010/libnativewindow_x11.so
7f8416f73000-7f8416f74000 rw-p 00006000 08:02 4587556                    /tmp/jogamp_0000/file_cache/jln4158128918201401790/jln2378151541630620010/libnativewindow_x11.so
7f8416f74000-7f8416f78000 r-xp 00000000 08:02 4857996                    /usr/lib/x86_64-linux-gnu/libXxf86vm.so.1.0.0
7f8416f78000-7f8417178000 ---p 00004000 08:02 4857996                    /usr/lib/x86_64-linux-gnu/libXxf86vm.so.1.0.0
7f8417178000-7f8417179000 r--p 00004000 08:02 4857996                    /usr/lib/x86_64-linux-gnu/libXxf86vm.so.1.0.0
7f8417179000-7f841717a000 rw-p 00005000 08:02 4857996                    /usr/lib/x86_64-linux-gnu/libXxf86vm.so.1.0.0
7f841717a000-7f841717c000 r-xp 00000000 08:02 4587555                    /tmp/jogamp_0000/file_cache/jln4158128918201401790/jln2378151541630620010/libnativewindow_awt.so
7f841717c000-7f841737b000 ---p 00002000 08:02 4587555                    /tmp/jogamp_0000/file_cache/jln4158128918201401790/jln2378151541630620010/libnativewindow_awt.so
7f841737b000-7f841737c000 rw-p 00001000 08:02 4587555                    /tmp/jogamp_0000/file_cache/jln4158128918201401790/jln2378151541630620010/libnativewindow_awt.so
7f841737c000-7f841737d000 r-xp 00000000 08:02 4855861                    /usr/lib/jvm/java-8-oracle/jre/lib/amd64/libjawt.so
7f841737d000-7f841757c000 ---p 00001000 08:02 4855861                    /usr/lib/jvm/java-8-oracle/jre/lib/amd64/libjawt.so
7f841757c000-7f841757d000 rw-p 00000000 08:02 4855861                    /usr/lib/jvm/java-8-oracle/jre/lib/amd64/libjawt.so
7f841757d000-7f841757f000 r-xp 00000000 08:02 4587552                    /tmp/jogamp_0000/file_cache/jln4158128918201401790/jln2378151541630620010/libgluegen-rt.so
7f841757f000-7f841777e000 ---p 00002000 08:02 4587552                    /tmp/jogamp_0000/file_cache/jln4158128918201401790/jln2378151541630620010/libgluegen-rt.so
7f841777e000-7f841777f000 rw-p 00001000 08:02 4587552                    /tmp/jogamp_0000/file_cache/jln4158128918201401790/jln2378151541630620010/libgluegen-rt.so
7f841777f000-7f8417782000 ---p 00000000 00:00 0 
7f8417782000-7f8417a80000 rw-p 00000000 00:00 0                          [stack:14438]
7f8417a80000-7f8417a83000 ---p 00000000 00:00 0 
7f8417a83000-7f8417d81000 rw-p 00000000 00:00 0                          [stack:14429]
7f8417d81000-7f8417dea000 r-xp 00000000 08:02 4855882                    /usr/lib/jvm/java-8-oracle/jre/lib/amd64/libt2k.so
7f8417dea000-7f8417fe9000 ---p 00069000 08:02 4855882                    /usr/lib/jvm/java-8-oracle/jre/lib/amd64/libt2k.so
7f8417fe9000-7f8417ff0000 rw-p 00068000 08:02 4855882                    /usr/lib/jvm/java-8-oracle/jre/lib/amd64/libt2k.so
7f8417ff0000-7f8418000000 rw-p 00000000 00:00 0 
7f8418000000-7f8418021000 rw-p 00000000 00:00 0 
7f8418021000-7f841c000000 ---p 00000000 00:00 0 
7f841c000000-7f841c021000 rw-p 00000000 00:00 0 
7f841c021000-7f8420000000 ---p 00000000 00:00 0 
7f8420000000-7f8420021000 rw-p 00000000 00:00 0 
7f8420021000-7f8424000000 ---p 00000000 00:00 0 
7f8424000000-7f8424026000 rw-p 00000000 00:00 0 
7f8424026000-7f8428000000 ---p 00000000 00:00 0 
7f8428000000-7f8428021000 rw-p 00000000 00:00 0 
7f8428021000-7f842c000000 ---p 00000000 00:00 0 
7f842c000000-7f842c021000 rw-p 00000000 00:00 0 
7f842c021000-7f8430000000 ---p 00000000 00:00 0 
7f8430000000-7f84308e3000 rw-p 00000000 00:00 0 
7f84308e3000-7f8434000000 ---p 00000000 00:00 0 
7f8434000000-7f8434471000 rw-p 00000000 00:00 0 
7f8434471000-7f8438000000 ---p 00000000 00:00 0 
7f8438000000-7f8438021000 rw-p 00000000 00:00 0 
7f8438021000-7f843c000000 ---p 00000000 00:00 0 
7f843c000000-7f843d117000 rw-p 00000000 00:00 0 
7f843d117000-7f8440000000 ---p 00000000 00:00 0 
7f8440000000-7f8440021000 rw-p 00000000 00:00 0 
7f8440021000-7f8444000000 ---p 00000000 00:00 0 
7f8444000000-7f8444021000 rw-p 00000000 00:00 0 
7f8444021000-7f8448000000 ---p 00000000 00:00 0 
7f8448000000-7f8448021000 rw-p 00000000 00:00 0 
7f8448021000-7f844c000000 ---p 00000000 00:00 0 
7f844c000000-7f844c001000 r--s 00000000 08:02 786529                     /var/cache/fontconfig/b9d506c9ac06c20b433354fa67a72993-le64.cache-4
7f844c001000-7f844c002000 r--s 00000000 08:02 786503                     /var/cache/fontconfig/0c9eb80ebd1c36541ebe2852d3bb0c49-le64.cache-4
7f844c002000-7f844c003000 r--s 00000000 08:02 786517                     /var/cache/fontconfig/62f91419b9ebdb6975e7e41ab6412357-le64.cache-4
7f844c003000-7f844c01c000 r--s 00000000 08:02 5769946                    /usr/share/fonts/type1/gsfonts/n022004l.pfb
7f844c01c000-7f844c01d000 rw-s 00000000 00:04 202267                     /drm mm object (deleted)
7f844c01d000-7f844c01e000 rw-s 00000000 00:04 202147                     /drm mm object (deleted)
7f844c01e000-7f844c026000 rw-s 00000000 00:04 205899                     /drm mm object (deleted)
7f844c026000-7f844c02e000 rw-s 00000000 00:04 202132                     /drm mm object (deleted)
7f844c02e000-7f844c036000 rw-s 00000000 00:04 202131                     /drm mm object (deleted)
7f844c036000-7f844c03e000 rw-s 00000000 00:04 204961                     /drm mm object (deleted)
7f844c03e000-7f844c046000 rw-s 00000000 00:04 202116                     /drm mm object (deleted)
7f844c046000-7f844c04e000 rw-s 00000000 00:04 202112                     /drm mm object (deleted)
7f844c04e000-7f844c056000 rw-s 00000000 00:04 202127                     /drm mm object (deleted)
7f844c056000-7f844c05e000 rw-s 00000000 00:04 202104                     /drm mm object (deleted)
7f844c05e000-7f844c066000 rw-s 00000000 00:04 202100                     /drm mm object (deleted)
7f844c066000-7f844c082000 r--s 00393000 08:02 4855940                    /usr/lib/jvm/java-8-oracle/jre/lib/ext/cldrdata.jar
7f844c082000-7f844c085000 ---p 00000000 00:00 0 
7f844c085000-7f844c183000 rw-p 00000000 00:00 0                          [stack:14428]
7f844c183000-7f844c194000 r-xp 00000000 08:02 4855860                    /usr/lib/jvm/java-8-oracle/jre/lib/amd64/libnio.so
7f844c194000-7f844c393000 ---p 00011000 08:02 4855860                    /usr/lib/jvm/java-8-oracle/jre/lib/amd64/libnio.so
7f844c393000-7f844c394000 rw-p 00010000 08:02 4855860                    /usr/lib/jvm/java-8-oracle/jre/lib/amd64/libnio.so
7f844c394000-7f844c3aa000 r-xp 00000000 08:02 4855886                    /usr/lib/jvm/java-8-oracle/jre/lib/amd64/libnet.so
7f844c3aa000-7f844c5aa000 ---p 00016000 08:02 4855886                    /usr/lib/jvm/java-8-oracle/jre/lib/amd64/libnet.so
7f844c5aa000-7f844c5ab000 rw-p 00016000 08:02 4855886                    /usr/lib/jvm/java-8-oracle/jre/lib/amd64/libnet.so
7f844c5ab000-7f844c5ae000 ---p 00000000 00:00 0 
7f844c5ae000-7f844c6ac000 rw-p 00000000 00:00 0                          [stack:14426]
7f844c6ac000-7f844c6af000 ---p 00000000 00:00 0 
7f844c6af000-7f844c7ad000 rw-p 00000000 00:00 0                          [stack:14425]
7f844c7ad000-7f844c7b0000 ---p 00000000 00:00 0 
7f844c7b0000-7f844c8ae000 rw-p 00000000 00:00 0                          [stack:14424]
7f844c8ae000-7f844c8b1000 ---p 00000000 00:00 0 
7f844c8b1000-7f844c9af000 rw-p 00000000 00:00 0                          [stack:14422]
7f844c9af000-7f844c9b4000 r-xp 00000000 08:02 4857960                    /usr/lib/x86_64-linux-gnu/libXfixes.so.3.1.0
7f844c9b4000-7f844cbb3000 ---p 00005000 08:02 4857960                    /usr/lib/x86_64-linux-gnu/libXfixes.so.3.1.0
7f844cbb3000-7f844cbb4000 r--p 00004000 08:02 4857960                    /usr/lib/x86_64-linux-gnu/libXfixes.so.3.1.0
7f844cbb4000-7f844cbb5000 rw-p 00005000 08:02 4857960                    /usr/lib/x86_64-linux-gnu/libXfixes.so.3.1.0
7f844cbb5000-7f844cbbe000 r-xp 00000000 08:02 4857952                    /usr/lib/x86_64-linux-gnu/libXcursor.so.1.0.2
7f844cbbe000-7f844cdbd000 ---p 00009000 08:02 4857952                    /usr/lib/x86_64-linux-gnu/libXcursor.so.1.0.2
7f844cdbd000-7f844cdbe000 r--p 00008000 08:02 4857952                    /usr/lib/x86_64-linux-gnu/libXcursor.so.1.0.2
7f844cdbe000-7f844cdbf000 rw-p 00009000 08:02 4857952                    /usr/lib/x86_64-linux-gnu/libXcursor.so.1.0.2
7f844cdbf000-7f844cdc2000 ---p 00000000 00:00 0 
7f844cdc2000-7f844cec0000 rw-p 00000000 00:00 0                          [stack:14421]
7f844cec0000-7f844ced6000 r-xp 00000000 08:02 2625642                    /lib/x86_64-linux-gnu/libgcc_s.so.1
7f844ced6000-7f844d0d5000 ---p 00016000 08:02 2625642                    /lib/x86_64-linux-gnu/libgcc_s.so.1
7f844d0d5000-7f844d0d6000 r--p 00015000 08:02 2625642                    /lib/x86_64-linux-gnu/libgcc_s.so.1
7f844d0d6000-7f844d0d7000 rw-p 00016000 08:02 2625642                    /lib/x86_64-linux-gnu/libgcc_s.so.1
7f844d0d7000-7f844d13c000 r-xp 00000000 08:02 4855916                    /usr/lib/jvm/java-8-oracle/jre/lib/amd64/libfontmanager.so
7f844d13c000-7f844d33b000 ---p 00065000 08:02 4855916                    /usr/lib/jvm/java-8-oracle/jre/lib/amd64/libfontmanager.so
7f844d33b000-7f844d340000 rw-p 00064000 08:02 4855916                    /usr/lib/jvm/java-8-oracle/jre/lib/amd64/libfontmanager.so
7f844d340000-7f844d350000 rw-p 00000000 00:00 0 
7f844d350000-7f844d355000 r-xp 00000000 08:02 4857956                    /usr/lib/x86_64-linux-gnu/libXdmcp.so.6.0.0
7f844d355000-7f844d554000 ---p 00005000 08:02 4857956                    /usr/lib/x86_64-linux-gnu/libXdmcp.so.6.0.0
7f844d554000-7f844d555000 r--p 00004000 08:02 4857956                    /usr/lib/x86_64-linux-gnu/libXdmcp.so.6.0.0
7f844d555000-7f844d556000 rw-p 00005000 08:02 4857956                    /usr/lib/x86_64-linux-gnu/libXdmcp.so.6.0.0
7f844d556000-7f844d558000 r-xp 00000000 08:02 4857945                    /usr/lib/x86_64-linux-gnu/libXau.so.6.0.0
7f844d558000-7f844d758000 ---p 00002000 08:02 4857945                    /usr/lib/x86_64-linux-gnu/libXau.so.6.0.0
7f844d758000-7f844d759000 r--p 00002000 08:02 4857945                    /usr/lib/x86_64-linux-gnu/libXau.so.6.0.0
7f844d759000-7f844d75a000 rw-p 00003000 08:02 4857945                    /usr/lib/x86_64-linux-gnu/libXau.so.6.0.0
7f844d75a000-7f844d777000 r-xp 00000000 08:02 4859026                    /usr/lib/x86_64-linux-gnu/libxcb.so.1.1.0
7f844d777000-7f844d977000 ---p 0001d000 08:02 4859026                    /usr/lib/x86_64-linux-gnu/libxcb.so.1.1.0
7f844d977000-7f844d978000 r--p 0001d000 08:02 4859026                    /usr/lib/x86_64-linux-gnu/libxcb.so.1.1.0
7f844d978000-7f844d979000 rw-p 0001e000 08:02 4859026                    /usr/lib/x86_64-linux-gnu/libxcb.so.1.1.0
7f844d979000-7f844d988000 r-xp 00000000 08:02 4857966                    /usr/lib/x86_64-linux-gnu/libXi.so.6.1.0
7f844d988000-7f844db87000 ---p 0000f000 08:02 4857966                    /usr/lib/x86_64-linux-gnu/libXi.so.6.1.0
7f844db87000-7f844db88000 r--p 0000e000 08:02 4857966                    /usr/lib/x86_64-linux-gnu/libXi.so.6.1.0
7f844db88000-7f844db89000 rw-p 0000f000 08:02 4857966                    /usr/lib/x86_64-linux-gnu/libXi.so.6.1.0
7f844db89000-7f844db8e000 r-xp 00000000 08:02 4857986                    /usr/lib/x86_64-linux-gnu/libXtst.so.6.1.0
7f844db8e000-7f844dd8d000 ---p 00005000 08:02 4857986                    /usr/lib/x86_64-linux-gnu/libXtst.so.6.1.0
7f844dd8d000-7f844dd8e000 r--p 00004000 08:02 4857986                    /usr/lib/x86_64-linux-gnu/libXtst.so.6.1.0
7f844dd8e000-7f844dd8f000 rw-p 00005000 08:02 4857986                    /usr/lib/x86_64-linux-gnu/libXtst.so.6.1.0
7f844dd8f000-7f844dd98000 r-xp 00000000 08:02 4857980                    /usr/lib/x86_64-linux-gnu/libXrender.so.1.3.0
7f844dd98000-7f844df97000 ---p 00009000 08:02 4857980                    /usr/lib/x86_64-linux-gnu/libXrender.so.1.3.0
7f844df97000-7f844df98000 r--p 00008000 08:02 4857980                    /usr/lib/x86_64-linux-gnu/libXrender.so.1.3.0
7f844df98000-7f844df99000 rw-p 00009000 08:02 4857980                    /usr/lib/x86_64-linux-gnu/libXrender.so.1.3.0
7f844df99000-7f844e0cc000 r-xp 00000000 08:02 4857941                    /usr/lib/x86_64-linux-gnu/libX11.so.6.3.0
7f844e0cc000-7f844e2cc000 ---p 00133000 08:02 4857941                    /usr/lib/x86_64-linux-gnu/libX11.so.6.3.0
7f844e2cc000-7f844e2cd000 r--p 00133000 08:02 4857941                    /usr/lib/x86_64-linux-gnu/libX11.so.6.3.0
7f844e2cd000-7f844e2d1000 rw-p 00134000 08:02 4857941                    /usr/lib/x86_64-linux-gnu/libX11.so.6.3.0
7f844e2d1000-7f844e2d2000 rw-p 00000000 00:00 0 
7f844e2d2000-7f844e2e3000 r-xp 00000000 08:02 4857958                    /usr/lib/x86_64-linux-gnu/libXext.so.6.4.0
7f844e2e3000-7f844e4e2000 ---p 00011000 08:02 4857958                    /usr/lib/x86_64-linux-gnu/libXext.so.6.4.0
7f844e4e2000-7f844e4e3000 r--p 00010000 08:02 4857958                    /usr/lib/x86_64-linux-gnu/libXext.so.6.4.0
7f844e4e3000-7f844e4e4000 rw-p 00011000 08:02 4857958                    /usr/lib/x86_64-linux-gnu/libXext.so.6.4.0
7f844e4e4000-7f844e538000 r-xp 00000000 08:02 4855857                    /usr/lib/jvm/java-8-oracle/jre/lib/amd64/libawt_xawt.so
7f844e538000-7f844e738000 ---p 00054000 08:02 4855857                    /usr/lib/jvm/java-8-oracle/jre/lib/amd64/libawt_xawt.so
7f844e738000-7f844e73c000 rw-p 00054000 08:02 4855857                    /usr/lib/jvm/java-8-oracle/jre/lib/amd64/libawt_xawt.so
7f844e73c000-7f844e73d000 rw-p 00000000 00:00 0 
7f844e73d000-7f844e7df000 r-xp 00000000 08:02 4855893                    /usr/lib/jvm/java-8-oracle/jre/lib/amd64/libawt.so
7f844e7df000-7f844e9df000 ---p 000a2000 08:02 4855893                    /usr/lib/jvm/java-8-oracle/jre/lib/amd64/libawt.so
7f844e9df000-7f844e9eb000 rw-p 000a2000 08:02 4855893                    /usr/lib/jvm/java-8-oracle/jre/lib/amd64/libawt.so
7f844e9eb000-7f844ea0f000 rw-p 00000000 00:00 0 
7f844ea0f000-7f844ea10000 ---p 00000000 00:00 0 
7f844ea10000-7f844eb10000 rw-p 00000000 00:00 0                          [stack:14420]
7f844eb10000-7f844eb13000 ---p 00000000 00:00 0 
7f844eb13000-7f844ec11000 rw-p 00000000 00:00 0                          [stack:14419]
7f844ec11000-7f844ec14000 ---p 00000000 00:00 0 
7f844ec14000-7f844ed12000 rw-p 00000000 00:00 0                          [stack:14418]
7f844ed12000-7f844ed15000 ---p 00000000 00:00 0 
7f844ed15000-7f844ee13000 rw-p 00000000 00:00 0                          [stack:14417]
7f844ee13000-7f844ee16000 ---p 00000000 00:00 0 
7f844ee16000-7f844ef14000 rw-p 00000000 00:00 0                          [stack:14416]
7f844ef14000-7f844ef17000 ---p 00000000 00:00 0 
7f844ef17000-7f844f015000 rw-p 00000000 00:00 0                          [stack:14415]
7f844f015000-7f844f6f7000 r--p 00000000 08:02 4857189                    /usr/lib/locale/locale-archive
7f844f6f7000-7f844f6fa000 ---p 00000000 00:00 0 
7f844f6fa000-7f844f7f8000 rw-p 00000000 00:00 0                          [stack:14414]
7f844f7f8000-7f844f7fb000 ---p 00000000 00:00 0 
7f844f7fb000-7f844f8f9000 rw-p 00000000 00:00 0                          [stack:14413]
7f844f8f9000-7f844f8fa000 ---p 00000000 00:00 0 
7f844f8fa000-7f8450000000 rw-p 00000000 00:00 0                          [stack:14412]
7f8450000000-7f8450021000 rw-p 00000000 00:00 0 
7f8450021000-7f8454000000 ---p 00000000 00:00 0 
7f8454000000-7f8454021000 rw-p 00000000 00:00 0 
7f8454021000-7f8458000000 ---p 00000000 00:00 0 
7f8458000000-7f8458021000 rw-p 00000000 00:00 0 
7f8458021000-7f845c000000 ---p 00000000 00:00 0 
7f845c000000-7f845c021000 rw-p 00000000 00:00 0 
7f845c021000-7f8460000000 ---p 00000000 00:00 0 
7f8460000000-7f8460001000 rw-s 00000000 00:04 202139                     /drm mm object (deleted)
7f8460001000-7f8460002000 rw-s 00000000 00:04 202128                     /drm mm object (deleted)
7f8460002000-7f8460003000 rw-s 00000000 00:04 202119                     /drm mm object (deleted)
7f8460003000-7f8460004000 rw-s 00000000 00:04 204554                     /drm mm object (deleted)
7f8460004000-7f8460005000 rw-s 00000000 00:04 202113                     /drm mm object (deleted)
7f8460005000-7f8460006000 rwxp 00000000 00:00 0 
7f8460006000-7f8460007000 rw-s 00000000 00:04 202101                     /drm mm object (deleted)
7f8460007000-7f8460009000 r--s 00000000 08:02 5120511                    /home/bhupendra/Coursera Java Specialization/Assignments/World-Earthquakes-View/UCSDUnfoldingMaps/lib/gluegen-rt-natives-linux-amd64.jar
7f8460009000-7f846000c000 ---p 00000000 00:00 0 
7f846000c000-7f8460073000 rw-p 00000000 00:00 0                          [stack:14433]
7f8460073000-7f8460096000 r--s 002ec000 08:02 5120524                    /home/bhupendra/Coursera Java Specialization/Assignments/World-Earthquakes-View/UCSDUnfoldingMaps/lib/jogl-all.jar
7f8460096000-7f8461000000 rw-p 00000000 00:00 0 
7f8461000000-7f8461640000 rwxp 00000000 00:00 0 
7f8461640000-7f8470000000 ---p 00000000 00:00 0 
7f8470000000-7f84702f8000 rw-p 00000000 00:00 0 
7f84702f8000-7f8474000000 ---p 00000000 00:00 0 
7f8474000000-7f8474001000 r--s 0002f000 08:02 5120518                    /home/bhupendra/Coursera Java Specialization/Assignments/World-Earthquakes-View/UCSDUnfoldingMaps/lib/jogl-all-natives-linux-amd64.jar
7f8474001000-7f847400c000 r--s 00116000 08:02 4855938                    /usr/lib/jvm/java-8-oracle/jre/lib/ext/localedata.jar
7f847400c000-7f847400d000 r--p 00000000 00:00 0 
7f847400d000-7f8474012000 r--s 00094000 08:02 4855697                    /usr/lib/jvm/java-8-oracle/jre/lib/jsse.jar
7f8474012000-7f8474018000 r--s 00033000 08:02 5120529                    /home/bhupendra/Coursera Java Specialization/Assignments/World-Earthquakes-View/UCSDUnfoldingMaps/lib/unfolding.0.9.7-uscd.jar
7f8474018000-7f847401f000 r--s 00059000 08:02 5120527                    /home/bhupendra/Coursera Java Specialization/Assignments/World-Earthquakes-View/UCSDUnfoldingMaps/lib/log4j-1.2.15.jar
7f847401f000-7f8474270000 rw-p 00000000 00:00 0 
7f8474270000-7f8474449000 r--s 03d09000 08:02 4855699                    /usr/lib/jvm/java-8-oracle/jre/lib/rt.jar
7f8474449000-7f847645b000 rw-p 00000000 00:00 0 
7f847645b000-7f847645c000 ---p 00000000 00:00 0 
7f847645c000-7f847655c000 rw-p 00000000 00:00 0                          [stack:14411]
7f847655c000-7f847655d000 ---p 00000000 00:00 0 
7f847655d000-7f847665d000 rw-p 00000000 00:00 0                          [stack:14410]
7f847665d000-7f847665e000 ---p 00000000 00:00 0 
7f847665e000-7f847675e000 rw-p 00000000 00:00 0                          [stack:14409]
7f847675e000-7f847675f000 ---p 00000000 00:00 0 
7f847675f000-7f8476873000 rw-p 00000000 00:00 0                          [stack:14408]
7f8476873000-7f847699d000 ---p 00000000 00:00 0 
7f847699d000-7f84769b1000 rw-p 00000000 00:00 0 
7f84769b1000-7f8476ada000 ---p 00000000 00:00 0 
7f8476ada000-7f8476afb000 rw-p 00000000 00:00 0 
7f8476afb000-7f8476b79000 ---p 00000000 00:00 0 
7f8476b79000-7f8476b93000 rw-p 00000000 00:00 0 
7f8476b93000-7f8476f3a000 ---p 00000000 00:00 0 
7f8476f3a000-7f8476f54000 r-xp 00000000 08:02 4855865                    /usr/lib/jvm/java-8-oracle/jre/lib/amd64/libzip.so
7f8476f54000-7f8477154000 ---p 0001a000 08:02 4855865                    /usr/lib/jvm/java-8-oracle/jre/lib/amd64/libzip.so
7f8477154000-7f8477155000 rw-p 0001a000 08:02 4855865                    /usr/lib/jvm/java-8-oracle/jre/lib/amd64/libzip.so
7f8477155000-7f8477160000 r-xp 00000000 08:02 2621543                    /lib/x86_64-linux-gnu/libnss_files-2.19.so
7f8477160000-7f847735f000 ---p 0000b000 08:02 2621543                    /lib/x86_64-linux-gnu/libnss_files-2.19.so
7f847735f000-7f8477360000 r--p 0000a000 08:02 2621543                    /lib/x86_64-linux-gnu/libnss_files-2.19.so
7f8477360000-7f8477361000 rw-p 0000b000 08:02 2621543                    /lib/x86_64-linux-gnu/libnss_files-2.19.so
7f8477361000-7f847736c000 r-xp 00000000 08:02 2621455                    /lib/x86_64-linux-gnu/libnss_nis-2.19.so
7f847736c000-7f847756b000 ---p 0000b000 08:02 2621455                    /lib/x86_64-linux-gnu/libnss_nis-2.19.so
7f847756b000-7f847756c000 r--p 0000a000 08:02 2621455                    /lib/x86_64-linux-gnu/libnss_nis-2.19.so
7f847756c000-7f847756d000 rw-p 0000b000 08:02 2621455                    /lib/x86_64-linux-gnu/libnss_nis-2.19.so
7f847756d000-7f8477584000 r-xp 00000000 08:02 2621545                    /lib/x86_64-linux-gnu/libnsl-2.19.so
7f8477584000-7f8477783000 ---p 00017000 08:02 2621545                    /lib/x86_64-linux-gnu/libnsl-2.19.so
7f8477783000-7f8477784000 r--p 00016000 08:02 2621545                    /lib/x86_64-linux-gnu/libnsl-2.19.so
7f8477784000-7f8477785000 rw-p 00017000 08:02 2621545                    /lib/x86_64-linux-gnu/libnsl-2.19.so
7f8477785000-7f8477787000 rw-p 00000000 00:00 0 
7f8477787000-7f8477790000 r-xp 00000000 08:02 2621538                    /lib/x86_64-linux-gnu/libnss_compat-2.19.so
7f8477790000-7f847798f000 ---p 00009000 08:02 2621538                    /lib/x86_64-linux-gnu/libnss_compat-2.19.so
7f847798f000-7f8477990000 r--p 00008000 08:02 2621538                    /lib/x86_64-linux-gnu/libnss_compat-2.19.so
7f8477990000-7f8477991000 rw-p 00009000 08:02 2621538                    /lib/x86_64-linux-gnu/libnss_compat-2.19.so
7f8477991000-7f84779bb000 r-xp 00000000 08:02 4855858                    /usr/lib/jvm/java-8-oracle/jre/lib/amd64/libjava.so
7f84779bb000-7f8477bbb000 ---p 0002a000 08:02 4855858                    /usr/lib/jvm/java-8-oracle/jre/lib/amd64/libjava.so
7f8477bbb000-7f8477bbd000 rw-p 0002a000 08:02 4855858                    /usr/lib/jvm/java-8-oracle/jre/lib/amd64/libjava.so
7f8477bbd000-7f8477bca000 r-xp 00000000 08:02 4855900                    /usr/lib/jvm/java-8-oracle/jre/lib/amd64/libverify.so
7f8477bca000-7f8477dca000 ---p 0000d000 08:02 4855900                    /usr/lib/jvm/java-8-oracle/jre/lib/amd64/libverify.so
7f8477dca000-7f8477dcc000 rw-p 0000d000 08:02 4855900                    /usr/lib/jvm/java-8-oracle/jre/lib/amd64/libverify.so
7f8477dcc000-7f8477dd3000 r-xp 00000000 08:02 2621541                    /lib/x86_64-linux-gnu/librt-2.19.so
7f8477dd3000-7f8477fd2000 ---p 00007000 08:02 2621541                    /lib/x86_64-linux-gnu/librt-2.19.so
7f8477fd2000-7f8477fd3000 r--p 00006000 08:02 2621541                    /lib/x86_64-linux-gnu/librt-2.19.so
7f8477fd3000-7f8477fd4000 rw-p 00007000 08:02 2621541                    /lib/x86_64-linux-gnu/librt-2.19.so
7f8477fd4000-7f84780d9000 r-xp 00000000 08:02 2621542                    /lib/x86_64-linux-gnu/libm-2.19.so
7f84780d9000-7f84782d8000 ---p 00105000 08:02 2621542                    /lib/x86_64-linux-gnu/libm-2.19.so
7f84782d8000-7f84782d9000 r--p 00104000 08:02 2621542                    /lib/x86_64-linux-gnu/libm-2.19.so
7f84782d9000-7f84782da000 rw-p 00105000 08:02 2621542                    /lib/x86_64-linux-gnu/libm-2.19.so
7f84782da000-7f8478f88000 r-xp 00000000 08:02 4855906                    /usr/lib/jvm/java-8-oracle/jre/lib/amd64/server/libjvm.so
7f8478f88000-7f8479187000 ---p 00cae000 08:02 4855906                    /usr/lib/jvm/java-8-oracle/jre/lib/amd64/server/libjvm.so
7f8479187000-7f847925e000 rw-p 00cad000 08:02 4855906                    /usr/lib/jvm/java-8-oracle/jre/lib/amd64/server/libjvm.so
7f847925e000-7f84792a2000 rw-p 00000000 00:00 0 
7f84792a2000-7f847945c000 r-xp 00000000 08:02 2625514                    /lib/x86_64-linux-gnu/libc-2.19.so
7f847945c000-7f847965c000 ---p 001ba000 08:02 2625514                    /lib/x86_64-linux-gnu/libc-2.19.so
7f847965c000-7f8479660000 r--p 001ba000 08:02 2625514                    /lib/x86_64-linux-gnu/libc-2.19.so
7f8479660000-7f8479662000 rw-p 001be000 08:02 2625514                    /lib/x86_64-linux-gnu/libc-2.19.so
7f8479662000-7f8479667000 rw-p 00000000 00:00 0 
7f8479667000-7f847966a000 r-xp 00000000 08:02 2621535                    /lib/x86_64-linux-gnu/libdl-2.19.so
7f847966a000-7f8479869000 ---p 00003000 08:02 2621535                    /lib/x86_64-linux-gnu/libdl-2.19.so
7f8479869000-7f847986a000 r--p 00002000 08:02 2621535                    /lib/x86_64-linux-gnu/libdl-2.19.so
7f847986a000-7f847986b000 rw-p 00003000 08:02 2621535                    /lib/x86_64-linux-gnu/libdl-2.19.so
7f847986b000-7f8479880000 r-xp 00000000 08:02 4856243                    /usr/lib/jvm/java-8-oracle/lib/amd64/jli/libjli.so
7f8479880000-7f8479a80000 ---p 00015000 08:02 4856243                    /usr/lib/jvm/java-8-oracle/lib/amd64/jli/libjli.so
7f8479a80000-7f8479a81000 rw-p 00015000 08:02 4856243                    /usr/lib/jvm/java-8-oracle/lib/amd64/jli/libjli.so
7f8479a81000-7f8479a9a000 r-xp 00000000 08:02 2625630                    /lib/x86_64-linux-gnu/libpthread-2.19.so
7f8479a9a000-7f8479c99000 ---p 00019000 08:02 2625630                    /lib/x86_64-linux-gnu/libpthread-2.19.so
7f8479c99000-7f8479c9a000 r--p 00018000 08:02 2625630                    /lib/x86_64-linux-gnu/libpthread-2.19.so
7f8479c9a000-7f8479c9b000 rw-p 00019000 08:02 2625630                    /lib/x86_64-linux-gnu/libpthread-2.19.so
7f8479c9b000-7f8479c9f000 rw-p 00000000 00:00 0 
7f8479c9f000-7f8479cc2000 r-xp 00000000 08:02 2621534                    /lib/x86_64-linux-gnu/ld-2.19.so
7f8479cc2000-7f8479cc7000 r--s 00309000 08:02 5120528                    /home/bhupendra/Coursera Java Specialization/Assignments/World-Earthquakes-View/UCSDUnfoldingMaps/lib/sqlite-jdbc-3.7.2.jar
7f8479cc7000-7f8479ccd000 r--s 00041000 08:02 5120517                    /home/bhupendra/Coursera Java Specialization/Assignments/World-Earthquakes-View/UCSDUnfoldingMaps/lib/gluegen-rt.jar
7f8479ccd000-7f8479da5000 rw-p 00000000 00:00 0 
7f8479da5000-7f8479da8000 ---p 00000000 00:00 0 
7f8479da8000-7f8479eaa000 rw-p 00000000 00:00 0                          [stack:14405]
7f8479eaa000-7f8479eab000 r--s 00005000 08:02 5120526                    /home/bhupendra/Coursera Java Specialization/Assignments/World-Earthquakes-View/UCSDUnfoldingMaps/lib/libTUIO.jar
7f8479eab000-7f8479eac000 r--s 00007000 08:02 5120525                    /home/bhupendra/Coursera Java Specialization/Assignments/World-Earthquakes-View/UCSDUnfoldingMaps/lib/json4processing.jar
7f8479eac000-7f8479eb0000 r--s 0009a000 08:02 5120510                    /home/bhupendra/Coursera Java Specialization/Assignments/World-Earthquakes-View/UCSDUnfoldingMaps/lib/core.jar
7f8479eb0000-7f8479eb5000 r--s 002f8000 08:02 4855711                    /usr/lib/jvm/java-8-oracle/jre/lib/charsets.jar
7f8479eb5000-7f8479ebd000 rw-s 00000000 08:02 4587543                    /tmp/hsperfdata_bhupendra/14401
7f8479ebd000-7f8479ebe000 rw-p 00000000 00:00 0 
7f8479ebe000-7f8479ebf000 r--p 00000000 00:00 0 
7f8479ebf000-7f8479ec1000 rw-p 00000000 00:00 0 
7f8479ec1000-7f8479ec2000 r--p 00022000 08:02 2621534                    /lib/x86_64-linux-gnu/ld-2.19.so
7f8479ec2000-7f8479ec3000 rw-p 00023000 08:02 2621534                    /lib/x86_64-linux-gnu/ld-2.19.so
7f8479ec3000-7f8479ec4000 rw-p 00000000 00:00 0 
7fffe94dc000-7fffe94fd000 rw-p 00000000 00:00 0                          [stack]
7fffe95d2000-7fffe95d4000 r-xp 00000000 00:00 0                          [vdso]
7fffe95d4000-7fffe95d6000 r--p 00000000 00:00 0                          [vvar]
ffffffffff600000-ffffffffff601000 r-xp 00000000 00:00 0                  [vsyscall]

VM Arguments:
jvm_args: -Djava.security.policy=java.policy.applet -Dfile.encoding=UTF-8 
java_command: sun.applet.AppletViewer module4.EarthquakeCityMap1448805354833.html
java_class_path (initial): /home/bhupendra/Coursera Java Specialization/Assignments/World-Earthquakes-View/UCSDUnfoldingMaps/build:/home/bhupendra/Coursera Java Specialization/Assignments/World-Earthquakes-View/UCSDUnfoldingMaps/lib/core.jar:/home/bhupendra/Coursera Java Specialization/Assignments/World-Earthquakes-View/UCSDUnfoldingMaps/lib/gluegen-rt.jar:/home/bhupendra/Coursera Java Specialization/Assignments/World-Earthquakes-View/UCSDUnfoldingMaps/lib/jogl-all.jar:/home/bhupendra/Coursera Java Specialization/Assignments/World-Earthquakes-View/UCSDUnfoldingMaps/lib/log4j-1.2.15.jar:/home/bhupendra/Coursera Java Specialization/Assignments/World-Earthquakes-View/UCSDUnfoldingMaps/lib/sqlite-jdbc-3.7.2.jar:/home/bhupendra/Coursera Java Specialization/Assignments/World-Earthquakes-View/UCSDUnfoldingMaps/lib/json4processing.jar:/home/bhupendra/Coursera Java Specialization/Assignments/World-Earthquakes-View/UCSDUnfoldingMaps/lib/libTUIO.jar:/home/bhupendra/Coursera Java Specialization/Assignments/World-Earthquakes-View/UCSDUnfoldingMaps/lib/unfolding.0.9.7-uscd.jar
Launcher Type: SUN_STANDARD

Environment Variables:
PATH=/usr/local/sbin:/usr/local/bin:/usr/sbin:/usr/bin:/sbin:/bin:/usr/games:/usr/local/games
USERNAME=bhupendra
SHELL=/bin/bash
DISPLAY=:0.0

Signal Handlers:
SIGSEGV: [libjvm.so+0xaad1e0], sa_mask[0]=11111111011111111101111111111110, sa_flags=SA_RESTART|SA_SIGINFO
SIGBUS: [libjvm.so+0xaad1e0], sa_mask[0]=11111111011111111101111111111110, sa_flags=SA_RESTART|SA_SIGINFO
SIGFPE: [libjvm.so+0x90b450], sa_mask[0]=11111111011111111101111111111110, sa_flags=SA_RESTART|SA_SIGINFO
SIGPIPE: [libjvm.so+0x90b450], sa_mask[0]=11111111011111111101111111111110, sa_flags=SA_RESTART|SA_SIGINFO
SIGXFSZ: [libjvm.so+0x90b450], sa_mask[0]=11111111011111111101111111111110, sa_flags=SA_RESTART|SA_SIGINFO
SIGILL: [libjvm.so+0x90b450], sa_mask[0]=11111111011111111101111111111110, sa_flags=SA_RESTART|SA_SIGINFO
SIGUSR1: SIG_DFL, sa_mask[0]=00000000000000000000000000000000, sa_flags=none
SIGUSR2: [libjvm.so+0x90ca90], sa_mask[0]=00100000000000000000000000000000, sa_flags=SA_RESTART|SA_SIGINFO
SIGHUP: [libjvm.so+0x90dde0], sa_mask[0]=11111111011111111101111111111110, sa_flags=SA_RESTART|SA_SIGINFO
SIGINT: [libjvm.so+0x90dde0], sa_mask[0]=11111111011111111101111111111110, sa_flags=SA_RESTART|SA_SIGINFO
SIGTERM: [libjvm.so+0x90dde0], sa_mask[0]=11111111011111111101111111111110, sa_flags=SA_RESTART|SA_SIGINFO
SIGQUIT: [libjvm.so+0x90dde0], sa_mask[0]=11111111011111111101111111111110, sa_flags=SA_RESTART|SA_SIGINFO


---------------  S Y S T E M  ---------------

OS:DISTRIB_ID=Ubuntu
DISTRIB_RELEASE=14.10
DISTRIB_CODENAME=utopic
DISTRIB_DESCRIPTION="Ubuntu 14.10"

uname:Linux 3.16.0-30-generic #40-Ubuntu SMP Mon Jan 12 22:06:37 UTC 2015 x86_64
libc:glibc 2.19 NPTL 2.19 
rlimit: STACK 8192k, CORE 0k, NPROC 14376, NOFILE 4096, AS infinity
load average:2.80 1.25 1.20

/proc/meminfo:
MemTotal:        3891224 kB
MemFree:          862232 kB
MemAvailable:    1069600 kB
Buffers:           14692 kB
Cached:           804572 kB
SwapCached:       127972 kB
Active:          1890240 kB
Inactive:         875520 kB
Active(anon):    1662156 kB
Inactive(anon):   781820 kB
Active(file):     228084 kB
Inactive(file):    93700 kB
Unevictable:          48 kB
Mlocked:              48 kB
SwapTotal:       4036604 kB
SwapFree:        2725568 kB
Dirty:              3112 kB
Writeback:             0 kB
AnonPages:       1915760 kB
Mapped:           261844 kB
Shmem:            497324 kB
Slab:             147352 kB
SReclaimable:     109040 kB
SUnreclaim:        38312 kB
KernelStack:       10240 kB
PageTables:        40308 kB
NFS_Unstable:          0 kB
Bounce:                0 kB
WritebackTmp:          0 kB
CommitLimit:     5982216 kB
Committed_AS:    7607184 kB
VmallocTotal:   34359738367 kB
VmallocUsed:      400948 kB
VmallocChunk:   34359244552 kB
HardwareCorrupted:     0 kB
AnonHugePages:    733184 kB
HugePages_Total:       0
HugePages_Free:        0
HugePages_Rsvd:        0
HugePages_Surp:        0
Hugepagesize:       2048 kB
DirectMap4k:      100148 kB
DirectMap2M:     3938304 kB


CPU:total 4 (2 cores per cpu, 2 threads per core) family 6 model 58 stepping 9, cmov, cx8, fxsr, mmx, sse, sse2, sse3, ssse3, sse4.1, sse4.2, popcnt, avx, aes, clmul, erms, ht, tsc, tscinvbit, tscinv

/proc/cpuinfo:
processor	: 0
vendor_id	: GenuineIntel
cpu family	: 6
model		: 58
model name	: Intel(R) Core(TM) i5-3210M CPU @ 2.50GHz
stepping	: 9
microcode	: 0x12
cpu MHz		: 2897.363
cache size	: 3072 KB
physical id	: 0
siblings	: 4
core id		: 0
cpu cores	: 2
apicid		: 0
initial apicid	: 0
fpu		: yes
fpu_exception	: yes
cpuid level	: 13
wp		: yes
flags		: fpu vme de pse tsc msr pae mce cx8 apic sep mtrr pge mca cmov pat pse36 clflush dts acpi mmx fxsr sse sse2 ss ht tm pbe syscall nx rdtscp lm constant_tsc arch_perfmon pebs bts rep_good nopl xtopology nonstop_tsc aperfmperf eagerfpu pni pclmulqdq dtes64 monitor ds_cpl vmx est tm2 ssse3 cx16 xtpr pdcm pcid sse4_1 sse4_2 x2apic popcnt tsc_deadline_timer aes xsave avx f16c rdrand lahf_lm ida arat epb xsaveopt pln pts dtherm tpr_shadow vnmi flexpriority ept vpid fsgsbase smep erms
bogomips	: 4988.63
clflush size	: 64
cache_alignment	: 64
address sizes	: 36 bits physical, 48 bits virtual
power management:

processor	: 1
vendor_id	: GenuineIntel
cpu family	: 6
model		: 58
model name	: Intel(R) Core(TM) i5-3210M CPU @ 2.50GHz
stepping	: 9
microcode	: 0x12
cpu MHz		: 2894.531
cache size	: 3072 KB
physical id	: 0
siblings	: 4
core id		: 0
cpu cores	: 2
apicid		: 1
initial apicid	: 1
fpu		: yes
fpu_exception	: yes
cpuid level	: 13
wp		: yes
flags		: fpu vme de pse tsc msr pae mce cx8 apic sep mtrr pge mca cmov pat pse36 clflush dts acpi mmx fxsr sse sse2 ss ht tm pbe syscall nx rdtscp lm constant_tsc arch_perfmon pebs bts rep_good nopl xtopology nonstop_tsc aperfmperf eagerfpu pni pclmulqdq dtes64 monitor ds_cpl vmx est tm2 ssse3 cx16 xtpr pdcm pcid sse4_1 sse4_2 x2apic popcnt tsc_deadline_timer aes xsave avx f16c rdrand lahf_lm ida arat epb xsaveopt pln pts dtherm tpr_shadow vnmi flexpriority ept vpid fsgsbase smep erms
bogomips	: 4988.63
clflush size	: 64
cache_alignment	: 64
address sizes	: 36 bits physical, 48 bits virtual
power management:

processor	: 2
vendor_id	: GenuineIntel
cpu family	: 6
model		: 58
model name	: Intel(R) Core(TM) i5-3210M CPU @ 2.50GHz
stepping	: 9
microcode	: 0x12
cpu MHz		: 2900.000
cache size	: 3072 KB
physical id	: 0
siblings	: 4
core id		: 1
cpu cores	: 2
apicid		: 2
initial apicid	: 2
fpu		: yes
fpu_exception	: yes
cpuid level	: 13
wp		: yes
flags		: fpu vme de pse tsc msr pae mce cx8 apic sep mtrr pge mca cmov pat pse36 clflush dts acpi mmx fxsr sse sse2 ss ht tm pbe syscall nx rdtscp lm constant_tsc arch_perfmon pebs bts rep_good nopl xtopology nonstop_tsc aperfmperf eagerfpu pni pclmulqdq dtes64 monitor ds_cpl vmx est tm2 ssse3 cx16 xtpr pdcm pcid sse4_1 sse4_2 x2apic popcnt tsc_deadline_timer aes xsave avx f16c rdrand lahf_lm ida arat epb xsaveopt pln pts dtherm tpr_shadow vnmi flexpriority ept vpid fsgsbase smep erms
bogomips	: 4988.63
clflush size	: 64
cache_alignment	: 64
address sizes	: 36 bits physical, 48 bits virtual
power management:

processor	: 3
vendor_id	: GenuineIntel
cpu family	: 6
model		: 58
model name	: Intel(R) Core(TM) i5-3210M CPU @ 2.50GHz
stepping	: 9
microcode	: 0x12
cpu MHz		: 2891.601
cache size	: 3072 KB
physical id	: 0
siblings	: 4
core id		: 1
cpu cores	: 2
apicid		: 3
initial apicid	: 3
fpu		: yes
fpu_exception	: yes
cpuid level	: 13
wp		: yes
flags		: fpu vme de pse tsc msr pae mce cx8 apic sep mtrr pge mca cmov pat pse36 clflush dts acpi mmx fxsr sse sse2 ss ht tm pbe syscall nx rdtscp lm constant_tsc arch_perfmon pebs bts rep_good nopl xtopology nonstop_tsc aperfmperf eagerfpu pni pclmulqdq dtes64 monitor ds_cpl vmx est tm2 ssse3 cx16 xtpr pdcm pcid sse4_1 sse4_2 x2apic popcnt tsc_deadline_timer aes xsave avx f16c rdrand lahf_lm ida arat epb xsaveopt pln pts dtherm tpr_shadow vnmi flexpriority ept vpid fsgsbase smep erms
bogomips	: 4988.63
clflush size	: 64
cache_alignment	: 64
address sizes	: 36 bits physical, 48 bits virtual
power management:



Memory: 4k page, physical 3891224k(862232k free), swap 4036604k(2725568k free)

vm_info: Java HotSpot(TM) 64-Bit Server VM (25.45-b02) for linux-amd64 JRE (1.8.0_45-b14), built on Apr 10 2015 10:07:45 by "java_re" with gcc 4.3.0 20080428 (Red Hat 4.3.0-8)

time: Sun Nov 29 19:26:15 2015
elapsed time: 20 seconds (0d 0h 0m 20s)

