#
# A fatal error has been detected by the Java Runtime Environment:
#
#  SIGSEGV (0xb) at pc=0x00007f10cd7a0522, pid=11341, tid=139711497148160
#
# JRE version: Java(TM) SE Runtime Environment (8.0_45-b14) (build 1.8.0_45-b14)
# Java VM: Java HotSpot(TM) 64-Bit Server VM (25.45-b02 mixed mode linux-amd64 compressed oops)
# Problematic frame:
# C  [i965_dri.so+0x2fb522]
#
# Failed to write core dump. Core dumps have been disabled. To enable core dumping, try "ulimit -c unlimited" before starting Java again
#
# If you would like to submit a bug report, please visit:
#   http://bugreport.java.com/bugreport/crash.jsp
# The crash happened outside the Java Virtual Machine in native code.
# See problematic frame for where to report the bug.
#

---------------  T H R E A D  ---------------

Current thread (0x00007f10e0003000):  JavaThread "AWT-EventQueue-1" [_thread_in_native, id=11368, stack(0x00007f111e189000,0x00007f111e28a000)]

siginfo: si_signo: 11 (SIGSEGV), si_code: 1 (SEGV_MAPERR), si_addr: 0x000000000000c540

Registers:
RAX=0x00007f10cd7a0510, RBX=0x000000000000c000, RCX=0x0000000000000000, RDX=0x0000000000000001
RSP=0x00007f111e287580, RBP=0x0000000000000000, RSI=0x00007f10d0f72540, RDI=0x0000000100000000
R8 =0x0000000000000000, R9 =0x00007f111ce27710, R10=0x00007f112d83ab87, R11=0x00007f112d56d9a0
R12=0x00007f10dc1b0630, R13=0x00007f10dc1af140, R14=0x00007f10dc1be000, R15=0x0000000000000000
RIP=0x00007f10cd7a0522, EFLAGS=0x0000000000010206, CSGSFS=0x0000000000000033, ERR=0x0000000000000004
  TRAPNO=0x000000000000000e

Top of Stack: (sp=0x00007f111e287580)
0x00007f111e287580:   0000000000000000 00007f10d0f72450
0x00007f111e287590:   0000000000000000 00007f10dc1b0630
0x00007f111e2875a0:   00007f10dc1af140 00007f111ce277b2
0x00007f111e2875b0:   00007f111e2875e0 00007f1100000000
0x00007f111e2875c0:   0000000000000000 0000000000000000
0x00007f111e2875d0:   0000000002800053 00007f111cdf8b31
0x00007f111e2875e0:   00007f10d0f72450 6b6fd06ea059c000
0x00007f111e2875f0:   0000000002800053 00007f111cdf8b60
0x00007f111e287600:   00007f111e287670 0000000000000000
0x00007f111e287610:   0000000000000001 00007f111e2876b0
0x00007f111e287620:   00007f10e0003000 00007f10cf3cc849
0x00007f111e287630:   00007f111e287918 00007f111cdf8b60
0x00007f111e287640:   0000000002800053 00007f10dc1ad2f0
0x00007f111e287650:   00007f111e2876b0 00007f10e00031f8
0x00007f111e287660:   00007f000000001c 00007f111cdf8b60
0x00007f111e287670:   00007f111e2876c0 00007f112d83abfd
0x00007f111e287680:   00000000eebfd628 00000000eebfd678
0x00007f111e287690:   00000000eebfd668 0000000000000003
0x00007f111e2876a0:   00000000eebfd688 00000000eebfd6d8
0x00007f111e2876b0:   00000000c576c410 00000000eebfd6e8
0x00007f111e2876c0:   00007f111e287918 00007f112d845314
0x00007f111e2876d0:   00007f1140a60000 00000000c5599fd8
0x00007f111e2876e0:   00000000eebfd7d0 00000000c5599fb8
0x00007f111e2876f0:   00007f111e2878d0 00007f112d0210c3
0x00007f111e287700:   00007f111e287918 00007f112d5606f4
0x00007f111e287710:   00007f111e287918 00007f111e2878d0
0x00007f111e287720:   00007f111e2878d0 00007f112d0210c3
0x00007f111e287730:   00007f112d0055d0 00007f1000000000
0x00007f111e287740:   00007f111e287918 00007f111e2878d0
0x00007f111e287750:   00007f111e2878d0 00007f112d0210c3
0x00007f111e287760:   00007f112d0055d0 00000000c5586b40
0x00007f111e287770:   00007f1100000001 00007f111e2878d0 

Instructions: (pc=0x00007f10cd7a0522)
0x00007f10cd7a0502:   41 5c c3 66 66 2e 0f 1f 84 00 00 00 00 00 41 55
0x00007f10cd7a0512:   41 54 55 53 48 83 ec 08 48 8b 1f 48 85 db 74 41
0x00007f10cd7a0522:   f6 83 40 05 00 00 01 89 cd 41 89 d5 49 89 f4 75
0x00007f10cd7a0532:   75 41 83 e5 01 75 5f 83 e5 fd 74 32 48 8d 35 bb 

Register to memory mapping:

RAX=0x00007f10cd7a0510: <offset 0x2fb510> in /usr/lib/x86_64-linux-gnu/dri/i965_dri.so at 0x00007f10cd4a5000
RBX=0x000000000000c000 is an unknown value
RCX=0x0000000000000000 is an unknown value
RDX=0x0000000000000001 is an unknown value
RSP=0x00007f111e287580 is pointing into the stack for thread: 0x00007f10e0003000
RBP=0x0000000000000000 is an unknown value
RSI=0x00007f10d0f72540 is an unknown value
RDI=0x0000000100000000 is pointing into metadata
R8 =0x0000000000000000 is an unknown value
R9 =0x00007f111ce27710: <offset 0x4b710> in /usr/lib/x86_64-linux-gnu/mesa/libGL.so.1 at 0x00007f111cddc000
R10=0x00007f112d83ab87 is at entry_point+71 in (nmethod*)0x00007f112d83a9d0
R11=0x00007f112d56d9a0 is at entry_point+32 in (nmethod*)0x00007f112d56d810
R12=0x00007f10dc1b0630 is an unknown value
R13=0x00007f10dc1af140 is an unknown value
R14=0x00007f10dc1be000 is an unknown value
R15=0x0000000000000000 is an unknown value


Stack: [0x00007f111e189000,0x00007f111e28a000],  sp=0x00007f111e287580,  free space=1017k
Native frames: (J=compiled Java code, j=interpreted, Vv=VM code, C=native code)
C  [i965_dri.so+0x2fb522]

Java frames: (J=compiled Java code, j=interpreted, Vv=VM code)
J 2930  jogamp.opengl.x11.glx.GLX.dispatch_glXSwapBuffers0(JJJ)V (0 bytes) @ 0x00007f112d83ab87 [0x00007f112d83ab40+0x47]
J 2929 C1 jogamp.opengl.x11.glx.GLX.glXSwapBuffers(JJ)V (45 bytes) @ 0x00007f112d845314 [0x00007f112d844960+0x9b4]
J 2928 C1 jogamp.opengl.x11.glx.X11GLXDrawable.swapBuffersImpl(Z)V (21 bytes) @ 0x00007f112d844084 [0x00007f112d843de0+0x2a4]
J 2798 C1 jogamp.opengl.GLDrawableImpl.swapBuffers()V (138 bytes) @ 0x00007f112d6a6e54 [0x00007f112d6a67a0+0x6b4]
j  javax.media.opengl.awt.GLCanvas$12.run()V+45
J 2705 C1 java.awt.event.InvocationEvent.dispatch()V (69 bytes) @ 0x00007f112d1fed8c [0x00007f112d1fec40+0x14c]
J 2536 C1 java.awt.EventQueue.dispatchEventImpl(Ljava/awt/AWTEvent;Ljava/lang/Object;)V (149 bytes) @ 0x00007f112d7aae3c [0x00007f112d7a92c0+0x1b7c]
J 2534 C1 java.awt.EventQueue$3.run()Ljava/lang/Void; (60 bytes) @ 0x00007f112d7ac384 [0x00007f112d7ac180+0x204]
J 2533 C1 java.awt.EventQueue$3.run()Ljava/lang/Object; (5 bytes) @ 0x00007f112d7aca4c [0x00007f112d7ac9c0+0x8c]
v  ~StubRoutines::call_stub
J 662  java.security.AccessController.doPrivileged(Ljava/security/PrivilegedAction;Ljava/security/AccessControlContext;)Ljava/lang/Object; (0 bytes) @ 0x00007f112d2a62a3 [0x00007f112d2a6240+0x63]
J 2327 C1 java.awt.EventQueue.dispatchEvent(Ljava/awt/AWTEvent;)V (80 bytes) @ 0x00007f112d415c44 [0x00007f112d4153a0+0x8a4]
J 2329 C1 java.awt.EventDispatchThread.pumpOneEventForFilters(I)V (295 bytes) @ 0x00007f112d3e9e94 [0x00007f112d3e8340+0x1b54]
j  java.awt.EventDispatchThread.pumpEventsForFilter(ILjava/awt/Conditional;Ljava/awt/EventFilter;)V+35
j  java.awt.EventDispatchThread.pumpEventsForHierarchy(ILjava/awt/Conditional;Ljava/awt/Component;)V+11
j  java.awt.EventDispatchThread.pumpEvents(ILjava/awt/Conditional;)V+4
j  java.awt.EventDispatchThread.pumpEvents(Ljava/awt/Conditional;)V+3
j  java.awt.EventDispatchThread.run()V+9
v  ~StubRoutines::call_stub

---------------  P R O C E S S  ---------------

Java Threads: ( => current thread )
  0x00007f10d14d3000 JavaThread "Thread-75" [_thread_blocked, id=11461, stack(0x00007f10c55e1000,0x00007f10c56e2000)]
  0x00007f10ac03c800 JavaThread "Image Fetcher 1" daemon [_thread_blocked, id=11452, stack(0x00007f10c6893000,0x00007f10c6994000)]
  0x00007f10a8032800 JavaThread "Image Fetcher 0" daemon [_thread_blocked, id=11443, stack(0x00007f10c6a95000,0x00007f10c6b96000)]
  0x00007f10d14e9800 JavaThread "Keep-Alive-Timer" daemon [_thread_blocked, id=11379, stack(0x00007f10c7417000,0x00007f10c7518000)]
  0x00007f10dc190000 JavaThread "Animation Thread-SharedResourceRunner" daemon [_thread_blocked, id=11378, stack(0x00007f111de88000,0x00007f111df89000)]
=>0x00007f10e0003000 JavaThread "AWT-EventQueue-1" [_thread_in_native, id=11368, stack(0x00007f111e189000,0x00007f111e28a000)]
  0x00007f113c00a000 JavaThread "DestroyJavaVM" [_thread_blocked, id=11344, stack(0x00007f114448c000,0x00007f114458d000)]
  0x00007f113c2a3000 JavaThread "AWT-EventQueue-0" [_thread_blocked, id=11366, stack(0x00007f111ec32000,0x00007f111ed33000)]
  0x00007f113c2a0800 JavaThread "AWT-Shutdown" [_thread_blocked, id=11365, stack(0x00007f111ed33000,0x00007f111ee34000)]
  0x00007f113c28b000 JavaThread "thread applet-module4.EarthquakeCityMap.class" [_thread_blocked, id=11364, stack(0x00007f111ee34000,0x00007f111ef35000)]
  0x00007f113c27e000 JavaThread "AWT-XAWT" daemon [_thread_blocked, id=11362, stack(0x00007f111ef35000,0x00007f111f036000)]
  0x00007f113c260000 JavaThread "Java2D Disposer" daemon [_thread_blocked, id=11361, stack(0x00007f111f446000,0x00007f111f547000)]
  0x00007f113c0c9000 JavaThread "Service Thread" daemon [_thread_blocked, id=11359, stack(0x00007f1125255000,0x00007f1125356000)]
  0x00007f113c0bc000 JavaThread "C1 CompilerThread2" daemon [_thread_blocked, id=11358, stack(0x00007f1125356000,0x00007f1125457000)]
  0x00007f113c0ba000 JavaThread "C2 CompilerThread1" daemon [_thread_blocked, id=11357, stack(0x00007f1125457000,0x00007f1125558000)]
  0x00007f113c0b7000 JavaThread "C2 CompilerThread0" daemon [_thread_blocked, id=11356, stack(0x00007f1125558000,0x00007f1125659000)]
  0x00007f113c0b5800 JavaThread "Signal Dispatcher" daemon [_thread_blocked, id=11355, stack(0x00007f1125659000,0x00007f112575a000)]
  0x00007f113c07f800 JavaThread "Finalizer" daemon [_thread_blocked, id=11354, stack(0x00007f1125e3c000,0x00007f1125f3d000)]
  0x00007f113c07d800 JavaThread "Reference Handler" daemon [_thread_blocked, id=11353, stack(0x00007f1125f3d000,0x00007f112603e000)]

Other Threads:
  0x00007f113c078800 VMThread [stack: 0x00007f112603e000,0x00007f112613f000] [id=11352]
  0x00007f113c0cb800 WatcherThread [stack: 0x00007f1125154000,0x00007f1125255000] [id=11360]

VM state:not at safepoint (normal execution)

VM Mutex/Monitor currently owned by a thread: None

Heap:
 PSYoungGen      total 108032K, used 53958K [0x00000000ec300000, 0x00000000f3a80000, 0x0000000100000000)
  eden space 97792K, 44% used [0x00000000ec300000,0x00000000eedc98e0,0x00000000f2280000)
  from space 10240K, 99% used [0x00000000f3080000,0x00000000f3a68260,0x00000000f3a80000)
  to   space 11776K, 0% used [0x00000000f2380000,0x00000000f2380000,0x00000000f2f00000)
 ParOldGen       total 45568K, used 19767K [0x00000000c4800000, 0x00000000c7480000, 0x00000000ec300000)
  object space 45568K, 43% used [0x00000000c4800000,0x00000000c5b4df48,0x00000000c7480000)
 Metaspace       used 21509K, capacity 21787K, committed 22064K, reserved 1069056K
  class space    used 2000K, capacity 2085K, committed 2176K, reserved 1048576K

Card table byte_map: [0x00007f1141084000,0x00007f1141261000] byte_map_base: 0x00007f1140a60000

Marking Bits: (ParMarkBitMap*) 0x00007f114395e760
 Begin Bits: [0x00007f1126240000, 0x00007f1127120000)
 End Bits:   [0x00007f1127120000, 0x00007f1128000000)

Polling page: 0x00007f11445a5000

CodeCache: size=245760Kb used=8595Kb max_used=8605Kb free=237164Kb
 bounds [0x00007f112d000000, 0x00007f112d880000, 0x00007f113c000000]
 total_blobs=3515 nmethods=2545 adapters=883
 compilation: enabled

Compilation events (10 events):
Event: 77.492 Thread 0x00007f113c0ba000 2987       4       javax.media.opengl.GLContext::isGL2 (27 bytes)
Event: 77.494 Thread 0x00007f113c0ba000 nmethod 2987 0x00007f112d875790 code [0x00007f112d8758e0, 0x00007f112d875998]
Event: 77.709 Thread 0x00007f113c0b7000 2988       4       java.nio.ByteBuffer::order (48 bytes)
Event: 77.713 Thread 0x00007f113c0b7000 nmethod 2988 0x00007f112d6e3810 code [0x00007f112d6e3960, 0x00007f112d6e39f8]
Event: 78.535 Thread 0x00007f113c0ba000 2989       4       processing.opengl.PJOGL::clear (11 bytes)
Event: 78.539 Thread 0x00007f113c0ba000 nmethod 2989 0x00007f112d873dd0 code [0x00007f112d873f40, 0x00007f112d8740a8]
Event: 78.976 Thread 0x00007f113c0bc000 2990       3       sun.font.XRGlyphCacheEntry::getXAdvance (16 bytes)
Event: 78.978 Thread 0x00007f113c0bc000 nmethod 2990 0x00007f112d873a90 code [0x00007f112d873c00, 0x00007f112d873d70]
Event: 78.978 Thread 0x00007f113c0bc000 2991       3       sun.font.XRGlyphCacheEntry::getYAdvance (16 bytes)
Event: 78.978 Thread 0x00007f113c0bc000 nmethod 2991 0x00007f112d873750 code [0x00007f112d8738c0, 0x00007f112d873a30]

GC Heap History (10 events):
Event: 5.602 GC heap before
{Heap before GC invocations=5 (full 0):
 PSYoungGen      total 33280K, used 33274K [0x00000000ec300000, 0x00000000ee600000, 0x0000000100000000)
  eden space 30720K, 100% used [0x00000000ec300000,0x00000000ee100000,0x00000000ee100000)
  from space 2560K, 99% used [0x00000000ee380000,0x00000000ee5fe8c0,0x00000000ee600000)
  to   space 2560K, 0% used [0x00000000ee100000,0x00000000ee100000,0x00000000ee380000)
 ParOldGen       total 40960K, used 13519K [0x00000000c4800000, 0x00000000c7000000, 0x00000000ec300000)
  object space 40960K, 33% used [0x00000000c4800000,0x00000000c5533fd8,0x00000000c7000000)
 Metaspace       used 20858K, capacity 21045K, committed 21296K, reserved 1069056K
  class space    used 1992K, capacity 2052K, committed 2176K, reserved 1048576K
Event: 5.617 GC heap after
Heap after GC invocations=5 (full 0):
 PSYoungGen      total 33280K, used 2544K [0x00000000ec300000, 0x00000000f1500000, 0x0000000100000000)
  eden space 30720K, 0% used [0x00000000ec300000,0x00000000ec300000,0x00000000ee100000)
  from space 2560K, 99% used [0x00000000ee100000,0x00000000ee37c060,0x00000000ee380000)
  to   space 11264K, 0% used [0x00000000f0a00000,0x00000000f0a00000,0x00000000f1500000)
 ParOldGen       total 40960K, used 18379K [0x00000000c4800000, 0x00000000c7000000, 0x00000000ec300000)
  object space 40960K, 44% used [0x00000000c4800000,0x00000000c59f2d20,0x00000000c7000000)
 Metaspace       used 20858K, capacity 21045K, committed 21296K, reserved 1069056K
  class space    used 1992K, capacity 2052K, committed 2176K, reserved 1048576K
}
Event: 6.217 GC heap before
{Heap before GC invocations=6 (full 0):
 PSYoungGen      total 33280K, used 12328K [0x00000000ec300000, 0x00000000f1500000, 0x0000000100000000)
  eden space 30720K, 31% used [0x00000000ec300000,0x00000000ecc8e050,0x00000000ee100000)
  from space 2560K, 99% used [0x00000000ee100000,0x00000000ee37c060,0x00000000ee380000)
  to   space 11264K, 0% used [0x00000000f0a00000,0x00000000f0a00000,0x00000000f1500000)
 ParOldGen       total 40960K, used 18379K [0x00000000c4800000, 0x00000000c7000000, 0x00000000ec300000)
  object space 40960K, 44% used [0x00000000c4800000,0x00000000c59f2d20,0x00000000c7000000)
 Metaspace       used 20910K, capacity 21109K, committed 21296K, reserved 1069056K
  class space    used 1992K, capacity 2052K, committed 2176K, reserved 1048576K
Event: 6.250 GC heap after
Heap after GC invocations=6 (full 0):
 PSYoungGen      total 71680K, used 4208K [0x00000000ec300000, 0x00000000f1400000, 0x0000000100000000)
  eden space 61440K, 0% used [0x00000000ec300000,0x00000000ec300000,0x00000000eff00000)
  from space 10240K, 41% used [0x00000000f0a00000,0x00000000f0e1c0c0,0x00000000f1400000)
  to   space 10752K, 0% used [0x00000000eff00000,0x00000000eff00000,0x00000000f0980000)
 ParOldGen       total 40960K, used 18387K [0x00000000c4800000, 0x00000000c7000000, 0x00000000ec300000)
  object space 40960K, 44% used [0x00000000c4800000,0x00000000c59f4d20,0x00000000c7000000)
 Metaspace       used 20910K, capacity 21109K, committed 21296K, reserved 1069056K
  class space    used 1992K, capacity 2052K, committed 2176K, reserved 1048576K
}
Event: 6.250 GC heap before
{Heap before GC invocations=7 (full 1):
 PSYoungGen      total 71680K, used 4208K [0x00000000ec300000, 0x00000000f1400000, 0x0000000100000000)
  eden space 61440K, 0% used [0x00000000ec300000,0x00000000ec300000,0x00000000eff00000)
  from space 10240K, 41% used [0x00000000f0a00000,0x00000000f0e1c0c0,0x00000000f1400000)
  to   space 10752K, 0% used [0x00000000eff00000,0x00000000eff00000,0x00000000f0980000)
 ParOldGen       total 40960K, used 18387K [0x00000000c4800000, 0x00000000c7000000, 0x00000000ec300000)
  object space 40960K, 44% used [0x00000000c4800000,0x00000000c59f4d20,0x00000000c7000000)
 Metaspace       used 20910K, capacity 21109K, committed 21296K, reserved 1069056K
  class space    used 1992K, capacity 2052K, committed 2176K, reserved 1048576K
Event: 6.318 GC heap after
Heap after GC invocations=7 (full 1):
 PSYoungGen      total 71680K, used 0K [0x00000000ec300000, 0x00000000f1400000, 0x0000000100000000)
  eden space 61440K, 0% used [0x00000000ec300000,0x00000000ec300000,0x00000000eff00000)
  from space 10240K, 0% used [0x00000000f0a00000,0x00000000f0a00000,0x00000000f1400000)
  to   space 10752K, 0% used [0x00000000eff00000,0x00000000eff00000,0x00000000f0980000)
 ParOldGen       total 45568K, used 16935K [0x00000000c4800000, 0x00000000c7480000, 0x00000000ec300000)
  object space 45568K, 37% used [0x00000000c4800000,0x00000000c5889e98,0x00000000c7480000)
 Metaspace       used 20910K, capacity 21109K, committed 21296K, reserved 1069056K
  class space    used 1992K, capacity 2052K, committed 2176K, reserved 1048576K
}
Event: 10.937 GC heap before
{Heap before GC invocations=8 (full 1):
 PSYoungGen      total 71680K, used 61440K [0x00000000ec300000, 0x00000000f1400000, 0x0000000100000000)
  eden space 61440K, 100% used [0x00000000ec300000,0x00000000eff00000,0x00000000eff00000)
  from space 10240K, 0% used [0x00000000f0a00000,0x00000000f0a00000,0x00000000f1400000)
  to   space 10752K, 0% used [0x00000000eff00000,0x00000000eff00000,0x00000000f0980000)
 ParOldGen       total 45568K, used 16935K [0x00000000c4800000, 0x00000000c7480000, 0x00000000ec300000)
  object space 45568K, 37% used [0x00000000c4800000,0x00000000c5889e98,0x00000000c7480000)
 Metaspace       used 21234K, capacity 21435K, committed 21808K, reserved 1069056K
  class space    used 1995K, capacity 2053K, committed 2176K, reserved 1048576K
Event: 10.955 GC heap after
Heap after GC invocations=8 (full 1):
 PSYoungGen      total 72192K, used 5856K [0x00000000ec300000, 0x00000000f3a80000, 0x0000000100000000)
  eden space 61440K, 0% used [0x00000000ec300000,0x00000000ec300000,0x00000000eff00000)
  from space 10752K, 54% used [0x00000000eff00000,0x00000000f04b8160,0x00000000f0980000)
  to   space 10240K, 0% used [0x00000000f3080000,0x00000000f3080000,0x00000000f3a80000)
 ParOldGen       total 45568K, used 16943K [0x00000000c4800000, 0x00000000c7480000, 0x00000000ec300000)
  object space 45568K, 37% used [0x00000000c4800000,0x00000000c588be98,0x00000000c7480000)
 Metaspace       used 21234K, capacity 21435K, committed 21808K, reserved 1069056K
  class space    used 1995K, capacity 2053K, committed 2176K, reserved 1048576K
}
Event: 74.998 GC heap before
{Heap before GC invocations=9 (full 1):
 PSYoungGen      total 72192K, used 67296K [0x00000000ec300000, 0x00000000f3a80000, 0x0000000100000000)
  eden space 61440K, 100% used [0x00000000ec300000,0x00000000eff00000,0x00000000eff00000)
  from space 10752K, 54% used [0x00000000eff00000,0x00000000f04b8160,0x00000000f0980000)
  to   space 10240K, 0% used [0x00000000f3080000,0x00000000f3080000,0x00000000f3a80000)
 ParOldGen       total 45568K, used 16943K [0x00000000c4800000, 0x00000000c7480000, 0x00000000ec300000)
  object space 45568K, 37% used [0x00000000c4800000,0x00000000c588be98,0x00000000c7480000)
 Metaspace       used 21438K, capacity 21659K, committed 21808K, reserved 1069056K
  class space    used 1999K, capacity 2085K, committed 2176K, reserved 1048576K
Event: 75.021 GC heap after
Heap after GC invocations=9 (full 1):
 PSYoungGen      total 108032K, used 10144K [0x00000000ec300000, 0x00000000f3a80000, 0x0000000100000000)
  eden space 97792K, 0% used [0x00000000ec300000,0x00000000ec300000,0x00000000f2280000)
  from space 10240K, 99% used [0x00000000f3080000,0x00000000f3a68260,0x00000000f3a80000)
  to   space 11776K, 0% used [0x00000000f2380000,0x00000000f2380000,0x00000000f2f00000)
 ParOldGen       total 45568K, used 19767K [0x00000000c4800000, 0x00000000c7480000, 0x00000000ec300000)
  object space 45568K, 43% used [0x00000000c4800000,0x00000000c5b4df48,0x00000000c7480000)
 Metaspace       used 21438K, capacity 21659K, committed 21808K, reserved 1069056K
  class space    used 1999K, capacity 2085K, committed 2176K, reserved 1048576K
}

Deoptimization events (10 events):
Event: 4.246 Thread 0x00007f10e0003000 Uncommon trap: reason=class_check action=maybe_recompile pc=0x00007f112d53b658 method=com.jogamp.common.nio.Buffers.getDirectBufferByteOffset(Ljava/lang/Object;)I @ 42
Event: 4.256 Thread 0x00007f10e0003000 Uncommon trap: reason=class_check action=maybe_recompile pc=0x00007f112d53b658 method=com.jogamp.common.nio.Buffers.getDirectBufferByteOffset(Ljava/lang/Object;)I @ 42
Event: 4.341 Thread 0x00007f10d1ad1000 Uncommon trap: reason=class_check action=maybe_recompile pc=0x00007f112d424c90 method=java.util.Arrays.copyOf([Ljava/lang/Object;ILjava/lang/Class;)[Ljava/lang/Object; @ 24
Event: 4.454 Thread 0x00007f10e0003000 Uncommon trap: reason=class_check action=maybe_recompile pc=0x00007f112d424c90 method=java.util.Arrays.copyOf([Ljava/lang/Object;ILjava/lang/Class;)[Ljava/lang/Object; @ 24
Event: 5.483 Thread 0x00007f10e0003000 Uncommon trap: reason=unstable_if action=reinterpret pc=0x00007f112d700558 method=processing.opengl.PGraphicsOpenGL$TessGeometry.polyIndexCheck(I)V @ 13
Event: 5.846 Thread 0x00007f10e0003000 Uncommon trap: reason=unstable_if action=reinterpret pc=0x00007f112d6fe938 method=processing.opengl.PGraphicsOpenGL$TessGeometry.polyVertexCheck(I)V @ 15
Event: 8.112 Thread 0x00007f10e0003000 Uncommon trap: reason=unstable_if action=reinterpret pc=0x00007f112d462784 method=de.fhpotsdam.unfolding.core.Coordinate.equals(Ljava/lang/Object;)Z @ 38
Event: 11.598 Thread 0x00007f10e0003000 Uncommon trap: reason=unstable_if action=reinterpret pc=0x00007f112d701990 method=java.text.DigitList.getDataChars(I)[C @ 13
Event: 11.598 Thread 0x00007f10e0003000 Uncommon trap: reason=unstable_if action=reinterpret pc=0x00007f112d6f7a08 method=java.text.DecimalFormat.subformat(Ljava/lang/StringBuffer;Ljava/text/Format$FieldDelegate;ZZIIII)Ljava/lang/StringBuffer; @ 753
Event: 13.047 Thread 0x00007f113c28b000 Uncommon trap: reason=unstable_if action=reinterpret pc=0x00007f112d530930 method=java.awt.font.FontRenderContext.equals(Ljava/awt/font/FontRenderContext;)Z @ 2

Internal exceptions (10 events):
Event: 1.718 Thread 0x00007f10e0003000 Implicit null exception at 0x00007f112d155575 to 0x00007f112d1558c5
Event: 3.829 Thread 0x00007f10e0003000 Exception <a 'java/lang/reflect/InvocationTargetException'> (0x00000000ecada720) thrown at [/RE-WORK/workspace/8-2-build-linux-amd64/jdk8u45/3457/hotspot/src/share/vm/runtime/reflection.cpp, line 1080]
Event: 3.831 Thread 0x00007f10e0003000 Exception <a 'java/lang/reflect/InvocationTargetException'> (0x00000000ecadafe8) thrown at [/RE-WORK/workspace/8-2-build-linux-amd64/jdk8u45/3457/hotspot/src/share/vm/runtime/reflection.cpp, line 1080]
Event: 4.258 Thread 0x00007f10e0003000 Exception <a 'java/lang/reflect/InvocationTargetException'> (0x00000000ec9e7b18) thrown at [/RE-WORK/workspace/8-2-build-linux-amd64/jdk8u45/3457/hotspot/src/share/vm/runtime/reflection.cpp, line 1080]
Event: 4.262 Thread 0x00007f10e0003000 Exception <a 'java/lang/reflect/InvocationTargetException'> (0x00000000ec9e8d30) thrown at [/RE-WORK/workspace/8-2-build-linux-amd64/jdk8u45/3457/hotspot/src/share/vm/runtime/reflection.cpp, line 1080]
Event: 4.332 Thread 0x00007f10e0003000 Exception <a 'java/lang/reflect/InvocationTargetException'> (0x00000000eca38108) thrown at [/RE-WORK/workspace/8-2-build-linux-amd64/jdk8u45/3457/hotspot/src/share/vm/runtime/reflection.cpp, line 1080]
Event: 4.339 Thread 0x00007f10e0003000 Exception <a 'java/lang/reflect/InvocationTargetException'> (0x00000000eca39350) thrown at [/RE-WORK/workspace/8-2-build-linux-amd64/jdk8u45/3457/hotspot/src/share/vm/runtime/reflection.cpp, line 1080]
Event: 4.399 Thread 0x00007f10e0003000 Exception <a 'java/lang/reflect/InvocationTargetException'> (0x00000000ecb05438) thrown at [/RE-WORK/workspace/8-2-build-linux-amd64/jdk8u45/3457/hotspot/src/share/vm/runtime/reflection.cpp, line 1080]
Event: 4.399 Thread 0x00007f10e0003000 Exception <a 'java/lang/reflect/InvocationTargetException'> (0x00000000ecb05a60) thrown at [/RE-WORK/workspace/8-2-build-linux-amd64/jdk8u45/3457/hotspot/src/share/vm/runtime/reflection.cpp, line 1080]
Event: 4.454 Thread 0x00007f10e0003000 Exception <a 'java/lang/reflect/InvocationTargetException'> (0x00000000eccde6e0) thrown at [/RE-WORK/workspace/8-2-build-linux-amd64/jdk8u45/3457/hotspot/src/share/vm/runtime/reflection.cpp, line 1080]

Events (10 events):
Event: 76.149 Thread 0x00007f10d1d31000 Thread exited: 0x00007f10d1d31000
Event: 76.392 Thread 0x00007f10d14dd800 Thread exited: 0x00007f10d14dd800
Event: 78.952 loading class sun/applet/AppletViewer$3
Event: 78.952 loading class sun/applet/AppletViewer$3 done
Event: 78.952 Thread 0x00007f10d14d3000 Thread added: 0x00007f10d14d3000
Event: 78.953 loading class java/awt/KeyboardFocusManager$2
Event: 78.953 loading class java/awt/KeyboardFocusManager$2 done
Event: 78.953 loading class sun/awt/SunToolkit$1
Event: 78.965 loading class sun/awt/SunToolkit$1 done
Event: 78.977 Thread 0x00007f10e000a800 Thread exited: 0x00007f10e000a800


Dynamic libraries:
00400000-00401000 r-xp 00000000 08:02 4856071                            /usr/lib/jvm/java-8-oracle/bin/java
00600000-00601000 rw-p 00000000 08:02 4856071                            /usr/lib/jvm/java-8-oracle/bin/java
0252a000-0254b000 rw-p 00000000 00:00 0                                  [heap]
c4800000-c7480000 rw-p 00000000 00:00 0 
c7480000-ec300000 ---p 00000000 00:00 0 
ec300000-f3a80000 rw-p 00000000 00:00 0 
f3a80000-100000000 ---p 00000000 00:00 0 
100000000-100220000 rw-p 00000000 00:00 0 
100220000-140000000 ---p 00000000 00:00 0 
7f10a7740000-7f10a77b0000 rw-s 00000000 00:04 180853                     /drm mm object (deleted)
7f10a77b0000-7f10a7820000 rw-s 00000000 00:04 180852                     /drm mm object (deleted)
7f10a7820000-7f10a7890000 rw-s 00000000 00:04 179766                     /drm mm object (deleted)
7f10a7890000-7f10a7900000 rw-s 00000000 00:04 177763                     /drm mm object (deleted)
7f10a7900000-7f10a7970000 rw-s 00000000 00:04 178882                     /drm mm object (deleted)
7f10a7970000-7f10a79e0000 rw-s 00000000 00:04 179764                     /drm mm object (deleted)
7f10a79e0000-7f10a7a50000 rw-s 00000000 00:04 178881                     /drm mm object (deleted)
7f10a7a50000-7f10a7ac0000 rw-s 00000000 00:04 178880                     /drm mm object (deleted)
7f10a7ac0000-7f10a7b30000 rw-s 00000000 00:04 178879                     /drm mm object (deleted)
7f10a7b30000-7f10a7ba0000 rw-s 00000000 00:04 178878                     /drm mm object (deleted)
7f10a7ba0000-7f10a7c10000 rw-s 00000000 00:04 179750                     /drm mm object (deleted)
7f10a7c10000-7f10a7c80000 rw-s 00000000 00:04 177756                     /drm mm object (deleted)
7f10a7c80000-7f10a7cf0000 rw-s 00000000 00:04 179747                     /drm mm object (deleted)
7f10a7cf0000-7f10a7d60000 rw-s 00000000 00:04 180819                     /drm mm object (deleted)
7f10a7d60000-7f10a7dd0000 rw-s 00000000 00:04 180810                     /drm mm object (deleted)
7f10a7dd0000-7f10a7e40000 rw-s 00000000 00:04 180804                     /drm mm object (deleted)
7f10a7e40000-7f10a7eb0000 rw-s 00000000 00:04 180796                     /drm mm object (deleted)
7f10a7eb0000-7f10a7f20000 rw-s 00000000 00:04 180794                     /drm mm object (deleted)
7f10a7f20000-7f10a7f90000 rw-s 00000000 00:04 180793                     /drm mm object (deleted)
7f10a7f90000-7f10a8000000 rw-s 00000000 00:04 179734                     /drm mm object (deleted)
7f10a8000000-7f10a80b4000 rw-p 00000000 00:00 0 
7f10a80b4000-7f10ac000000 ---p 00000000 00:00 0 
7f10ac000000-7f10ac0c8000 rw-p 00000000 00:00 0 
7f10ac0c8000-7f10b0000000 ---p 00000000 00:00 0 
7f10b0000000-7f10b0021000 rw-p 00000000 00:00 0 
7f10b0021000-7f10b4000000 ---p 00000000 00:00 0 
7f10b4000000-7f10b40b5000 rw-p 00000000 00:00 0 
7f10b40b5000-7f10b8000000 ---p 00000000 00:00 0 
7f10b8000000-7f10b8021000 rw-p 00000000 00:00 0 
7f10b8021000-7f10bc000000 ---p 00000000 00:00 0 
7f10bc000000-7f10bc07d000 rw-p 00000000 00:00 0 
7f10bc07d000-7f10c0000000 ---p 00000000 00:00 0 
7f10c0000000-7f10c0021000 rw-p 00000000 00:00 0 
7f10c0021000-7f10c4000000 ---p 00000000 00:00 0 
7f10c4041000-7f10c40b1000 rw-s 00000000 00:04 180772                     /drm mm object (deleted)
7f10c40b1000-7f10c4121000 rw-s 00000000 00:04 177753                     /drm mm object (deleted)
7f10c4121000-7f10c4191000 rw-s 00000000 00:04 177746                     /drm mm object (deleted)
7f10c4191000-7f10c4201000 rw-s 00000000 00:04 177739                     /drm mm object (deleted)
7f10c4201000-7f10c4271000 rw-s 00000000 00:04 178737                     /drm mm object (deleted)
7f10c4271000-7f10c42e1000 rw-s 00000000 00:04 179613                     /drm mm object (deleted)
7f10c42e1000-7f10c4351000 rw-s 00000000 00:04 178736                     /drm mm object (deleted)
7f10c4351000-7f10c43c1000 rw-s 00000000 00:04 178735                     /drm mm object (deleted)
7f10c43c1000-7f10c4431000 rw-s 00000000 00:04 178734                     /drm mm object (deleted)
7f10c4431000-7f10c44a1000 rw-s 00000000 00:04 180633                     /drm mm object (deleted)
7f10c44a1000-7f10c4511000 rw-s 00000000 00:04 178733                     /drm mm object (deleted)
7f10c4511000-7f10c4581000 rw-s 00000000 00:04 178732                     /drm mm object (deleted)
7f10c4581000-7f10c45f1000 rw-s 00000000 00:04 179583                     /drm mm object (deleted)
7f10c45f1000-7f10c4661000 rw-s 00000000 00:04 177605                     /drm mm object (deleted)
7f10c4661000-7f10c46d1000 rw-s 00000000 00:04 179567                     /drm mm object (deleted)
7f10c46d1000-7f10c4741000 rw-s 00000000 00:04 178730                     /drm mm object (deleted)
7f10c4741000-7f10c47b1000 rw-s 00000000 00:04 179566                     /drm mm object (deleted)
7f10c47b1000-7f10c4821000 rw-s 00000000 00:04 177579                     /drm mm object (deleted)
7f10c4821000-7f10c4891000 rw-s 00000000 00:04 177578                     /drm mm object (deleted)
7f10c4891000-7f10c4901000 rw-s 00000000 00:04 179488                     /drm mm object (deleted)
7f10c4901000-7f10c4971000 rw-s 00000000 00:04 177576                     /drm mm object (deleted)
7f10c4971000-7f10c49e1000 rw-s 00000000 00:04 177575                     /drm mm object (deleted)
7f10c49e1000-7f10c4a51000 rw-s 00000000 00:04 180603                     /drm mm object (deleted)
7f10c4a51000-7f10c4ac1000 rw-s 00000000 00:04 179487                     /drm mm object (deleted)
7f10c4ac1000-7f10c4b31000 rw-s 00000000 00:04 178727                     /drm mm object (deleted)
7f10c4b31000-7f10c4ba1000 rw-s 00000000 00:04 179486                     /drm mm object (deleted)
7f10c4ba1000-7f10c4c11000 rw-s 00000000 00:04 178682                     /drm mm object (deleted)
7f10c4c11000-7f10c4c81000 rw-s 00000000 00:04 178678                     /drm mm object (deleted)
7f10c4c81000-7f10c4cf1000 rw-s 00000000 00:04 179468                     /drm mm object (deleted)
7f10c4cf1000-7f10c4d61000 rw-s 00000000 00:04 178669                     /drm mm object (deleted)
7f10c4d61000-7f10c4dd1000 rw-s 00000000 00:04 178652                     /drm mm object (deleted)
7f10c4dd1000-7f10c4e41000 rw-s 00000000 00:04 177564                     /drm mm object (deleted)
7f10c4e41000-7f10c4eb1000 rw-s 00000000 00:04 178650                     /drm mm object (deleted)
7f10c4eb1000-7f10c4f21000 rw-s 00000000 00:04 177560                     /drm mm object (deleted)
7f10c4f21000-7f10c4f91000 rw-s 00000000 00:04 178645                     /drm mm object (deleted)
7f10c4f91000-7f10c5001000 rw-s 00000000 00:04 180530                     /drm mm object (deleted)
7f10c5001000-7f10c5071000 rw-s 00000000 00:04 178644                     /drm mm object (deleted)
7f10c5071000-7f10c50e1000 rw-s 00000000 00:04 177555                     /drm mm object (deleted)
7f10c50e1000-7f10c5361000 rw-s 00000000 00:04 177553                     /drm mm object (deleted)
7f10c5361000-7f10c55e1000 rw-s 00000000 00:04 179449                     /drm mm object (deleted)
7f10c55e1000-7f10c55e4000 ---p 00000000 00:00 0 
7f10c55e4000-7f10c56e2000 rw-p 00000000 00:00 0                          [stack:11461]
7f10c56e2000-7f10c56e5000 ---p 00000000 00:00 0 
7f10c56e5000-7f10c57e3000 rw-p 00000000 00:00 0 
7f10c57e3000-7f10c58a3000 rw-s 10adbb000 00:05 1552                      /dev/dri/card0
7f10c58a3000-7f10c5963000 rw-s 106ff3000 00:05 1552                      /dev/dri/card0
7f10c5963000-7f10c5be3000 rw-s 00000000 00:04 179439                     /drm mm object (deleted)
7f10c5be3000-7f10c5be4000 r--s 00000000 08:02 786530                     /var/cache/fontconfig/c05880de57d1f5e948fdfacc138775d9-le64.cache-4
7f10c5be4000-7f10c5bef000 r--s 00000000 08:02 786523                     /var/cache/fontconfig/945677eb7aeaf62f1d50efc3fb3ec7d8-le64.cache-4
7f10c5bef000-7f10c5bf5000 r--s 00000000 08:02 786507                     /var/cache/fontconfig/2cd17615ca594fa2959ae173292e504c-le64.cache-4
7f10c5bf5000-7f10c5bf6000 r--s 00000000 08:02 786541                     /var/cache/fontconfig/e7071f4a29fa870f4323321c154eba04-le64.cache-4
7f10c5bf6000-7f10c5bf7000 r--s 00000000 08:02 786504                     /var/cache/fontconfig/0d8c3b2ac0904cb8a57a757ad11a4a08-le64.cache-4
7f10c5bf7000-7f10c5bfe000 r--s 00000000 08:02 786527                     /var/cache/fontconfig/a755afe4a08bf5b97852ceb7400b47bc-le64.cache-4
7f10c5bfe000-7f10c5bff000 r--s 00000000 08:02 786526                     /var/cache/fontconfig/a6354e3ac43af67bd8d7b8e43c34e49f-le64.cache-4
7f10c5bff000-7f10c5c00000 r--s 00000000 08:02 786506                     /var/cache/fontconfig/1ac9eb803944fde146138c791f5cc56a-le64.cache-4
7f10c5c00000-7f10c5c04000 r--s 00000000 08:02 786510                     /var/cache/fontconfig/385c0604a188198f04d133e54aba7fe7-le64.cache-4
7f10c5c04000-7f10c5c05000 r--s 00000000 08:02 786538                     /var/cache/fontconfig/dc05db6664285cc2f12bf69c139ae4c3-le64.cache-4
7f10c5c05000-7f10c5c07000 r--s 00000000 08:02 786520                     /var/cache/fontconfig/767a8244fc0220cfb567a839d0392e0b-le64.cache-4
7f10c5c07000-7f10c5c08000 r--s 00000000 08:02 788870                     /var/cache/fontconfig/4794a0821666d79190d59a36cb4f44b5-le64.cache-4
7f10c5c08000-7f10c5c0d000 r--s 00000000 08:02 786522                     /var/cache/fontconfig/8801497958630a81b71ace7c5f9b32a8-le64.cache-4
7f10c5c0d000-7f10c5c20000 r--s 00000000 08:02 786534                     /var/cache/fontconfig/d52a8644073d54c13679302ca1180695-le64.cache-4
7f10c5c20000-7f10c5c29000 r--s 00000000 08:02 786511                     /var/cache/fontconfig/3f7329c5293ffd510edef78f73874cfd-le64.cache-4
7f10c5c29000-7f10c5c3e000 r--s 00000000 08:02 786537                     /var/cache/fontconfig/da82082e1ef13c4097208324d67c180c-le64.cache-4
7f10c5c95000-7f10c5f15000 rw-s 00000000 00:04 179438                     /drm mm object (deleted)
7f10c5f35000-7f10c5fa5000 rw-s 00000000 00:04 178653                     /drm mm object (deleted)
7f10c5fa5000-7f10c6015000 rw-s 00000000 00:04 180563                     /drm mm object (deleted)
7f10c6039000-7f10c60a9000 rw-s 00000000 00:04 178705                     /drm mm object (deleted)
7f10c60a9000-7f10c6119000 rw-s 00000000 00:04 178704                     /drm mm object (deleted)
7f10c6119000-7f10c6189000 rw-s 00000000 00:04 179485                     /drm mm object (deleted)
7f10c6189000-7f10c61f9000 rw-s 00000000 00:04 179484                     /drm mm object (deleted)
7f10c61f9000-7f10c6269000 rw-s 00000000 00:04 178703                     /drm mm object (deleted)
7f10c6269000-7f10c62d9000 rw-s 00000000 00:04 177574                     /drm mm object (deleted)
7f10c62d9000-7f10c6349000 rw-s 00000000 00:04 180579                     /drm mm object (deleted)
7f10c6349000-7f10c6350000 r--s 00000000 08:02 786508                     /var/cache/fontconfig/3047814df9a2f067bd2d96a2b9c36e5a-le64.cache-4
7f10c6350000-7f10c6351000 r--s 00000000 08:02 786514                     /var/cache/fontconfig/56cf4f4769d0f4abc89a4895d7bd3ae1-le64.cache-4
7f10c6351000-7f10c635e000 r--s 00000000 08:02 786637                     /var/cache/fontconfig/e13b20fdb08344e0e664864cc2ede53d-le64.cache-4
7f10c63a5000-7f10c6415000 rw-s 00000000 00:04 180567                     /drm mm object (deleted)
7f10c6415000-7f10c6581000 rw-p 00000000 00:00 0 
7f10c6581000-7f10c6615000 ---p 00000000 00:00 0 
7f10c6653000-7f10c66d3000 rw-s 106f73000 00:05 1552                      /dev/dri/card0
7f10c66d3000-7f10c6893000 rw-s 00000000 00:04 180483                     /drm mm object (deleted)
7f10c6893000-7f10c6896000 ---p 00000000 00:00 0 
7f10c6896000-7f10c6994000 rw-p 00000000 00:00 0                          [stack:11452]
7f10c6994000-7f10c6997000 ---p 00000000 00:00 0 
7f10c6997000-7f10c6a95000 rw-p 00000000 00:00 0 
7f10c6a95000-7f10c6a98000 ---p 00000000 00:00 0 
7f10c6a98000-7f10c6b96000 rw-p 00000000 00:00 0                          [stack:11443]
7f10c6b96000-7f10c6b99000 ---p 00000000 00:00 0 
7f10c6b99000-7f10c6c97000 rw-p 00000000 00:00 0 
7f10c6c97000-7f10c6e57000 rw-s 00000000 00:04 180468                     /drm mm object (deleted)
7f10c6e57000-7f10c6f17000 rw-s 10dbd6000 00:05 1552                      /dev/dri/card0
7f10c6f17000-7f10c7197000 rw-s 00000000 00:04 180459                     /drm mm object (deleted)
7f10c7197000-7f10c7417000 rw-s 00000000 00:04 180457                     /drm mm object (deleted)
7f10c7417000-7f10c741a000 ---p 00000000 00:00 0 
7f10c741a000-7f10c7518000 rw-p 00000000 00:00 0                          [stack:11379]
7f10c7518000-7f10c752f000 r-xp 00000000 08:02 2621530                    /lib/x86_64-linux-gnu/libresolv-2.19.so
7f10c752f000-7f10c772f000 ---p 00017000 08:02 2621530                    /lib/x86_64-linux-gnu/libresolv-2.19.so
7f10c772f000-7f10c7730000 r--p 00017000 08:02 2621530                    /lib/x86_64-linux-gnu/libresolv-2.19.so
7f10c7730000-7f10c7731000 rw-p 00018000 08:02 2621530                    /lib/x86_64-linux-gnu/libresolv-2.19.so
7f10c7731000-7f10c7733000 rw-p 00000000 00:00 0 
7f10c7733000-7f10c7738000 r-xp 00000000 08:02 2621536                    /lib/x86_64-linux-gnu/libnss_dns-2.19.so
7f10c7738000-7f10c7937000 ---p 00005000 08:02 2621536                    /lib/x86_64-linux-gnu/libnss_dns-2.19.so
7f10c7937000-7f10c7938000 r--p 00004000 08:02 2621536                    /lib/x86_64-linux-gnu/libnss_dns-2.19.so
7f10c7938000-7f10c7939000 rw-p 00005000 08:02 2621536                    /lib/x86_64-linux-gnu/libnss_dns-2.19.so
7f10c7939000-7f10c793b000 r-xp 00000000 08:02 2625700                    /lib/x86_64-linux-gnu/libnss_mdns4_minimal.so.2
7f10c793b000-7f10c7b3a000 ---p 00002000 08:02 2625700                    /lib/x86_64-linux-gnu/libnss_mdns4_minimal.so.2
7f10c7b3a000-7f10c7b3b000 r--p 00001000 08:02 2625700                    /lib/x86_64-linux-gnu/libnss_mdns4_minimal.so.2
7f10c7b3b000-7f10c7b3c000 rw-p 00002000 08:02 2625700                    /lib/x86_64-linux-gnu/libnss_mdns4_minimal.so.2
7f10c7b3c000-7f10c7b3f000 r-xp 00000000 08:02 2625704                    /lib/x86_64-linux-gnu/libnss_myhostname.so.2
7f10c7b3f000-7f10c7d3e000 ---p 00003000 08:02 2625704                    /lib/x86_64-linux-gnu/libnss_myhostname.so.2
7f10c7d3e000-7f10c7d3f000 r--p 00002000 08:02 2625704                    /lib/x86_64-linux-gnu/libnss_myhostname.so.2
7f10c7d3f000-7f10c7d40000 rw-p 00003000 08:02 2625704                    /lib/x86_64-linux-gnu/libnss_myhostname.so.2
7f10c7d40000-7f10c7f40000 rw-p 00000000 00:00 0 
7f10c7f40000-7f10c8000000 rw-s 106eb3000 00:05 1552                      /dev/dri/card0
7f10c8000000-7f10c985e000 rw-p 00000000 00:00 0 
7f10c985e000-7f10cc000000 ---p 00000000 00:00 0 
7f10cc000000-7f10cc001000 r--s 00000000 08:02 786529                     /var/cache/fontconfig/b9d506c9ac06c20b433354fa67a72993-le64.cache-4
7f10cc001000-7f10cc007000 r--s 00000000 08:02 786528                     /var/cache/fontconfig/b47c4e1ecd0709278f4910c18777a504-le64.cache-4
7f10cc007000-7f10cc287000 rw-s 00000000 00:04 177535                     /drm mm object (deleted)
7f10cc287000-7f10cc507000 rw-s 00000000 00:04 177534                     /drm mm object (deleted)
7f10cc507000-7f10cc53e000 r-xp 00000000 08:02 4858923                    /usr/lib/x86_64-linux-gnu/libtxc_dxtn_s2tc.so.0.0.0
7f10cc53e000-7f10cc73d000 ---p 00037000 08:02 4858923                    /usr/lib/x86_64-linux-gnu/libtxc_dxtn_s2tc.so.0.0.0
7f10cc73d000-7f10cc73e000 r--p 00036000 08:02 4858923                    /usr/lib/x86_64-linux-gnu/libtxc_dxtn_s2tc.so.0.0.0
7f10cc73e000-7f10cc73f000 rw-p 00037000 08:02 4858923                    /usr/lib/x86_64-linux-gnu/libtxc_dxtn_s2tc.so.0.0.0
7f10cc73f000-7f10cc757000 r-xp 00000000 08:02 2625786                    /lib/x86_64-linux-gnu/libz.so.1.2.8
7f10cc757000-7f10cc956000 ---p 00018000 08:02 2625786                    /lib/x86_64-linux-gnu/libz.so.1.2.8
7f10cc956000-7f10cc957000 r--p 00017000 08:02 2625786                    /lib/x86_64-linux-gnu/libz.so.1.2.8
7f10cc957000-7f10cc958000 rw-p 00018000 08:02 2625786                    /lib/x86_64-linux-gnu/libz.so.1.2.8
7f10cc958000-7f10cc960000 r-xp 00000000 08:02 4858718                    /usr/lib/x86_64-linux-gnu/libpciaccess.so.0.11.1
7f10cc960000-7f10ccb5f000 ---p 00008000 08:02 4858718                    /usr/lib/x86_64-linux-gnu/libpciaccess.so.0.11.1
7f10ccb5f000-7f10ccb60000 r--p 00007000 08:02 4858718                    /usr/lib/x86_64-linux-gnu/libpciaccess.so.0.11.1
7f10ccb60000-7f10ccb61000 rw-p 00008000 08:02 4858718                    /usr/lib/x86_64-linux-gnu/libpciaccess.so.0.11.1
7f10ccb61000-7f10ccc51000 r-xp 00000000 08:02 4858875                    /usr/lib/x86_64-linux-gnu/libstdc++.so.6.0.20
7f10ccc51000-7f10cce51000 ---p 000f0000 08:02 4858875                    /usr/lib/x86_64-linux-gnu/libstdc++.so.6.0.20
7f10cce51000-7f10cce59000 r--p 000f0000 08:02 4858875                    /usr/lib/x86_64-linux-gnu/libstdc++.so.6.0.20
7f10cce59000-7f10cce5b000 rw-p 000f8000 08:02 4858875                    /usr/lib/x86_64-linux-gnu/libstdc++.so.6.0.20
7f10cce5b000-7f10cce70000 rw-p 00000000 00:00 0 
7f10cce70000-7f10cce7c000 r-xp 00000000 08:02 4858206                    /usr/lib/x86_64-linux-gnu/libdrm_radeon.so.1.0.1
7f10cce7c000-7f10cd07b000 ---p 0000c000 08:02 4858206                    /usr/lib/x86_64-linux-gnu/libdrm_radeon.so.1.0.1
7f10cd07b000-7f10cd07c000 r--p 0000b000 08:02 4858206                    /usr/lib/x86_64-linux-gnu/libdrm_radeon.so.1.0.1
7f10cd07c000-7f10cd07d000 rw-p 0000c000 08:02 4858206                    /usr/lib/x86_64-linux-gnu/libdrm_radeon.so.1.0.1
7f10cd07d000-7f10cd083000 r-xp 00000000 08:02 4858204                    /usr/lib/x86_64-linux-gnu/libdrm_nouveau.so.2.0.0
7f10cd083000-7f10cd282000 ---p 00006000 08:02 4858204                    /usr/lib/x86_64-linux-gnu/libdrm_nouveau.so.2.0.0
7f10cd282000-7f10cd283000 r--p 00005000 08:02 4858204                    /usr/lib/x86_64-linux-gnu/libdrm_nouveau.so.2.0.0
7f10cd283000-7f10cd284000 rw-p 00006000 08:02 4858204                    /usr/lib/x86_64-linux-gnu/libdrm_nouveau.so.2.0.0
7f10cd284000-7f10cd2a4000 r-xp 00000000 08:02 4858202                    /usr/lib/x86_64-linux-gnu/libdrm_intel.so.1.0.0
7f10cd2a4000-7f10cd4a3000 ---p 00020000 08:02 4858202                    /usr/lib/x86_64-linux-gnu/libdrm_intel.so.1.0.0
7f10cd4a3000-7f10cd4a4000 r--p 0001f000 08:02 4858202                    /usr/lib/x86_64-linux-gnu/libdrm_intel.so.1.0.0
7f10cd4a4000-7f10cd4a5000 rw-p 00020000 08:02 4858202                    /usr/lib/x86_64-linux-gnu/libdrm_intel.so.1.0.0
7f10cd4a5000-7f10cd9c1000 r-xp 00000000 08:02 5114656                    /usr/lib/x86_64-linux-gnu/dri/i965_dri.so
7f10cd9c1000-7f10cdbc0000 ---p 0051c000 08:02 5114656                    /usr/lib/x86_64-linux-gnu/dri/i965_dri.so
7f10cdbc0000-7f10cdbdc000 r--p 0051b000 08:02 5114656                    /usr/lib/x86_64-linux-gnu/dri/i965_dri.so
7f10cdbdc000-7f10cdbe2000 rw-p 00537000 08:02 5114656                    /usr/lib/x86_64-linux-gnu/dri/i965_dri.so
7f10cdbe2000-7f10cdbed000 rw-p 00000000 00:00 0 
7f10cdbed000-7f10cdc59000 r-xp 00000000 08:02 2625725                    /lib/x86_64-linux-gnu/libpcre.so.3.13.1
7f10cdc59000-7f10cde58000 ---p 0006c000 08:02 2625725                    /lib/x86_64-linux-gnu/libpcre.so.3.13.1
7f10cde58000-7f10cde59000 r--p 0006b000 08:02 2625725                    /lib/x86_64-linux-gnu/libpcre.so.3.13.1
7f10cde59000-7f10cde5a000 rw-p 0006c000 08:02 2625725                    /lib/x86_64-linux-gnu/libpcre.so.3.13.1
7f10cde5a000-7f10cde7b000 r-xp 00000000 08:02 2625752                    /lib/x86_64-linux-gnu/libselinux.so.1
7f10cde7b000-7f10ce07a000 ---p 00021000 08:02 2625752                    /lib/x86_64-linux-gnu/libselinux.so.1
7f10ce07a000-7f10ce07b000 r--p 00020000 08:02 2625752                    /lib/x86_64-linux-gnu/libselinux.so.1
7f10ce07b000-7f10ce07c000 rw-p 00021000 08:02 2625752                    /lib/x86_64-linux-gnu/libselinux.so.1
7f10ce07c000-7f10ce07e000 rw-p 00000000 00:00 0 
7f10ce07e000-7f10ce08e000 r-xp 00000000 08:02 2625516                    /lib/x86_64-linux-gnu/libudev.so.1.4.0
7f10ce08e000-7f10ce28e000 ---p 00010000 08:02 2625516                    /lib/x86_64-linux-gnu/libudev.so.1.4.0
7f10ce28e000-7f10ce28f000 r--p 00010000 08:02 2625516                    /lib/x86_64-linux-gnu/libudev.so.1.4.0
7f10ce28f000-7f10ce290000 rw-p 00011000 08:02 2625516                    /lib/x86_64-linux-gnu/libudev.so.1.4.0
7f10ce290000-7f10ce292000 r-xp 00000000 08:02 4857968                    /usr/lib/x86_64-linux-gnu/libXinerama.so.1.0.0
7f10ce292000-7f10ce491000 ---p 00002000 08:02 4857968                    /usr/lib/x86_64-linux-gnu/libXinerama.so.1.0.0
7f10ce491000-7f10ce492000 r--p 00001000 08:02 4857968                    /usr/lib/x86_64-linux-gnu/libXinerama.so.1.0.0
7f10ce492000-7f10ce493000 rw-p 00002000 08:02 4857968                    /usr/lib/x86_64-linux-gnu/libXinerama.so.1.0.0
7f10ce493000-7f10ce4d8000 r-xp 00000000 08:02 4587550                    /tmp/jogamp_0000/file_cache/jln5974916535737099335/jln7017633636803231304/libjogl_mobile.so
7f10ce4d8000-7f10ce6d8000 ---p 00045000 08:02 4587550                    /tmp/jogamp_0000/file_cache/jln5974916535737099335/jln7017633636803231304/libjogl_mobile.so
7f10ce6d8000-7f10ce6d9000 rw-p 00045000 08:02 4587550                    /tmp/jogamp_0000/file_cache/jln5974916535737099335/jln7017633636803231304/libjogl_mobile.so
7f10ce6d9000-7f10ce6e0000 r-xp 00000000 08:02 4858242                    /usr/lib/x86_64-linux-gnu/libffi.so.6.0.2
7f10ce6e0000-7f10ce8df000 ---p 00007000 08:02 4858242                    /usr/lib/x86_64-linux-gnu/libffi.so.6.0.2
7f10ce8df000-7f10ce8e0000 r--p 00006000 08:02 4858242                    /usr/lib/x86_64-linux-gnu/libffi.so.6.0.2
7f10ce8e0000-7f10ce8e1000 rw-p 00007000 08:02 4858242                    /usr/lib/x86_64-linux-gnu/libffi.so.6.0.2
7f10ce8e1000-7f10ce8ee000 r-xp 00000000 08:02 4849854                    /usr/lib/x86_64-linux-gnu/libgbm.so.1.0.0
7f10ce8ee000-7f10ceaed000 ---p 0000d000 08:02 4849854                    /usr/lib/x86_64-linux-gnu/libgbm.so.1.0.0
7f10ceaed000-7f10ceaee000 r--p 0000c000 08:02 4849854                    /usr/lib/x86_64-linux-gnu/libgbm.so.1.0.0
7f10ceaee000-7f10ceaef000 rw-p 0000d000 08:02 4849854                    /usr/lib/x86_64-linux-gnu/libgbm.so.1.0.0
7f10ceaef000-7f10ceafd000 r-xp 00000000 08:02 4858976                    /usr/lib/x86_64-linux-gnu/libwayland-server.so.0.1.0
7f10ceafd000-7f10cecfd000 ---p 0000e000 08:02 4858976                    /usr/lib/x86_64-linux-gnu/libwayland-server.so.0.1.0
7f10cecfd000-7f10cecff000 r--p 0000e000 08:02 4858976                    /usr/lib/x86_64-linux-gnu/libwayland-server.so.0.1.0
7f10cecff000-7f10ced00000 rw-p 00010000 08:02 4858976                    /usr/lib/x86_64-linux-gnu/libwayland-server.so.0.1.0
7f10ced00000-7f10ced0b000 r-xp 00000000 08:02 4858970                    /usr/lib/x86_64-linux-gnu/libwayland-client.so.0.2.0
7f10ced0b000-7f10cef0b000 ---p 0000b000 08:02 4858970                    /usr/lib/x86_64-linux-gnu/libwayland-client.so.0.2.0
7f10cef0b000-7f10cef0d000 r--p 0000b000 08:02 4858970                    /usr/lib/x86_64-linux-gnu/libwayland-client.so.0.2.0
7f10cef0d000-7f10cef0e000 rw-p 0000d000 08:02 4858970                    /usr/lib/x86_64-linux-gnu/libwayland-client.so.0.2.0
7f10cef0e000-7f10cef13000 r-xp 00000000 08:02 4859022                    /usr/lib/x86_64-linux-gnu/libxcb-xfixes.so.0.0.0
7f10cef13000-7f10cf113000 ---p 00005000 08:02 4859022                    /usr/lib/x86_64-linux-gnu/libxcb-xfixes.so.0.0.0
7f10cf113000-7f10cf114000 r--p 00005000 08:02 4859022                    /usr/lib/x86_64-linux-gnu/libxcb-xfixes.so.0.0.0
7f10cf114000-7f10cf115000 rw-p 00006000 08:02 4859022                    /usr/lib/x86_64-linux-gnu/libxcb-xfixes.so.0.0.0
7f10cf115000-7f10cf13e000 r-xp 00000000 08:02 5114652                    /usr/lib/x86_64-linux-gnu/mesa-egl/libEGL.so.1.0.0
7f10cf13e000-7f10cf33d000 ---p 00029000 08:02 5114652                    /usr/lib/x86_64-linux-gnu/mesa-egl/libEGL.so.1.0.0
7f10cf33d000-7f10cf33e000 r--p 00028000 08:02 5114652                    /usr/lib/x86_64-linux-gnu/mesa-egl/libEGL.so.1.0.0
7f10cf33e000-7f10cf33f000 rw-p 00029000 08:02 5114652                    /usr/lib/x86_64-linux-gnu/mesa-egl/libEGL.so.1.0.0
7f10cf33f000-7f10cf340000 rw-p 00000000 00:00 0 
7f10cf340000-7f10cf3e5000 r-xp 00000000 08:02 4587549                    /tmp/jogamp_0000/file_cache/jln5974916535737099335/jln7017633636803231304/libjogl_desktop.so
7f10cf3e5000-7f10cf5e5000 ---p 000a5000 08:02 4587549                    /tmp/jogamp_0000/file_cache/jln5974916535737099335/jln7017633636803231304/libjogl_desktop.so
7f10cf5e5000-7f10cf5e6000 rw-p 000a5000 08:02 4587549                    /tmp/jogamp_0000/file_cache/jln5974916535737099335/jln7017633636803231304/libjogl_desktop.so
7f10cf5e6000-7f10cf5f1000 r-xp 00000000 08:02 4858200                    /usr/lib/x86_64-linux-gnu/libdrm.so.2.4.0
7f10cf5f1000-7f10cf7f0000 ---p 0000b000 08:02 4858200                    /usr/lib/x86_64-linux-gnu/libdrm.so.2.4.0
7f10cf7f0000-7f10cf7f1000 r--p 0000a000 08:02 4858200                    /usr/lib/x86_64-linux-gnu/libdrm.so.2.4.0
7f10cf7f1000-7f10cf7f2000 rw-p 0000b000 08:02 4858200                    /usr/lib/x86_64-linux-gnu/libdrm.so.2.4.0
7f10cf7f2000-7f10cf7f3000 r-xp 00000000 08:02 4859034                    /usr/lib/x86_64-linux-gnu/libxshmfence.so.1.0.0
7f10cf7f3000-7f10cf9f2000 ---p 00001000 08:02 4859034                    /usr/lib/x86_64-linux-gnu/libxshmfence.so.1.0.0
7f10cf9f2000-7f10cf9f3000 r--p 00000000 08:02 4859034                    /usr/lib/x86_64-linux-gnu/libxshmfence.so.1.0.0
7f10cf9f3000-7f10cf9f4000 rw-p 00001000 08:02 4859034                    /usr/lib/x86_64-linux-gnu/libxshmfence.so.1.0.0
7f10cf9f4000-7f10cf9f9000 r-xp 00000000 08:02 4859016                    /usr/lib/x86_64-linux-gnu/libxcb-sync.so.1.0.0
7f10cf9f9000-7f10cfbf8000 ---p 00005000 08:02 4859016                    /usr/lib/x86_64-linux-gnu/libxcb-sync.so.1.0.0
7f10cfbf8000-7f10cfbf9000 r--p 00004000 08:02 4859016                    /usr/lib/x86_64-linux-gnu/libxcb-sync.so.1.0.0
7f10cfbf9000-7f10cfbfa000 rw-p 00005000 08:02 4859016                    /usr/lib/x86_64-linux-gnu/libxcb-sync.so.1.0.0
7f10cfbfa000-7f10cfbfc000 r-xp 00000000 08:02 4859008                    /usr/lib/x86_64-linux-gnu/libxcb-present.so.0.0.0
7f10cfbfc000-7f10cfdfb000 ---p 00002000 08:02 4859008                    /usr/lib/x86_64-linux-gnu/libxcb-present.so.0.0.0
7f10cfdfb000-7f10cfdfc000 r--p 00001000 08:02 4859008                    /usr/lib/x86_64-linux-gnu/libxcb-present.so.0.0.0
7f10cfdfc000-7f10cfdfd000 rw-p 00002000 08:02 4859008                    /usr/lib/x86_64-linux-gnu/libxcb-present.so.0.0.0
7f10cfdfd000-7f10cfdff000 r-xp 00000000 08:02 4858998                    /usr/lib/x86_64-linux-gnu/libxcb-dri3.so.0.0.0
7f10cfdff000-7f10cfffe000 ---p 00002000 08:02 4858998                    /usr/lib/x86_64-linux-gnu/libxcb-dri3.so.0.0.0
7f10cfffe000-7f10cffff000 r--p 00001000 08:02 4858998                    /usr/lib/x86_64-linux-gnu/libxcb-dri3.so.0.0.0
7f10cffff000-7f10d0000000 rw-p 00002000 08:02 4858998                    /usr/lib/x86_64-linux-gnu/libxcb-dri3.so.0.0.0
7f10d0000000-7f10d24eb000 rw-p 00000000 00:00 0 
7f10d24eb000-7f10d4000000 ---p 00000000 00:00 0 
7f10d4000000-7f10d4021000 rw-p 00000000 00:00 0 
7f10d4021000-7f10d8000000 ---p 00000000 00:00 0 
7f10d8000000-7f10d8035000 rw-p 00000000 00:00 0 
7f10d8035000-7f10dc000000 ---p 00000000 00:00 0 
7f10dc000000-7f10dc8d3000 rw-p 00000000 00:00 0 
7f10dc8d3000-7f10e0000000 ---p 00000000 00:00 0 
7f10e0000000-7f10e0021000 rw-p 00000000 00:00 0 
7f10e0021000-7f10e4000000 ---p 00000000 00:00 0 
7f10e4000000-7f10e4021000 rw-p 00000000 00:00 0 
7f10e4021000-7f10e8000000 ---p 00000000 00:00 0 
7f10e8000000-7f10e8021000 rw-p 00000000 00:00 0 
7f10e8021000-7f10ec000000 ---p 00000000 00:00 0 
7f10ec000000-7f10ec02c000 rw-p 00000000 00:00 0 
7f10ec02c000-7f10f0000000 ---p 00000000 00:00 0 
7f10f0000000-7f10f0021000 rw-p 00000000 00:00 0 
7f10f0021000-7f10f4000000 ---p 00000000 00:00 0 
7f10f4000000-7f10f4021000 rw-p 00000000 00:00 0 
7f10f4021000-7f10f8000000 ---p 00000000 00:00 0 
7f10f8000000-7f10f9139000 rw-p 00000000 00:00 0 
7f10f9139000-7f10fc000000 ---p 00000000 00:00 0 
7f10fc000000-7f10fc542000 rw-p 00000000 00:00 0 
7f10fc542000-7f1100000000 ---p 00000000 00:00 0 
7f1100000000-7f1100021000 rw-p 00000000 00:00 0 
7f1100021000-7f1104000000 ---p 00000000 00:00 0 
7f1104000000-7f110496a000 rw-p 00000000 00:00 0 
7f110496a000-7f1108000000 ---p 00000000 00:00 0 
7f1108000000-7f1108021000 rw-p 00000000 00:00 0 
7f1108021000-7f110c000000 ---p 00000000 00:00 0 
7f110c000000-7f110c021000 rw-p 00000000 00:00 0 
7f110c021000-7f1110000000 ---p 00000000 00:00 0 
7f1110000000-7f1110021000 rw-p 00000000 00:00 0 
7f1110021000-7f1114000000 ---p 00000000 00:00 0 
7f1114000000-7f1114021000 rw-p 00000000 00:00 0 
7f1114021000-7f1118000000 ---p 00000000 00:00 0 
7f1118000000-7f1118021000 rw-p 00000000 00:00 0 
7f1118021000-7f111c000000 ---p 00000000 00:00 0 
7f111c000000-7f111c004000 r--s 00000000 08:02 786535                     /var/cache/fontconfig/d589a48862398ed80a3d6066f4f56f4c-le64.cache-4
7f111c004000-7f111c008000 r--s 00000000 08:02 786516                     /var/cache/fontconfig/7ef2298fde41cc6eeb7af42e48b7d293-le64.cache-4
7f111c021000-7f111c0a1000 rw-s 10dc96000 00:05 1552                      /dev/dri/card0
7f111c0a1000-7f111c0a9000 rw-s 00000000 00:04 180851                     /drm mm object (deleted)
7f111c0a9000-7f111c169000 rw-s 106df3000 00:05 1552                      /dev/dri/card0
7f111c169000-7f111c16c000 r-xp 00000000 08:02 4858996                    /usr/lib/x86_64-linux-gnu/libxcb-dri2.so.0.0.0
7f111c16c000-7f111c36c000 ---p 00003000 08:02 4858996                    /usr/lib/x86_64-linux-gnu/libxcb-dri2.so.0.0.0
7f111c36c000-7f111c36d000 r--p 00003000 08:02 4858996                    /usr/lib/x86_64-linux-gnu/libxcb-dri2.so.0.0.0
7f111c36d000-7f111c36e000 rw-p 00004000 08:02 4858996                    /usr/lib/x86_64-linux-gnu/libxcb-dri2.so.0.0.0
7f111c36e000-7f111c383000 r-xp 00000000 08:02 4859000                    /usr/lib/x86_64-linux-gnu/libxcb-glx.so.0.0.0
7f111c383000-7f111c582000 ---p 00015000 08:02 4859000                    /usr/lib/x86_64-linux-gnu/libxcb-glx.so.0.0.0
7f111c582000-7f111c584000 r--p 00014000 08:02 4859000                    /usr/lib/x86_64-linux-gnu/libxcb-glx.so.0.0.0
7f111c584000-7f111c585000 rw-p 00016000 08:02 4859000                    /usr/lib/x86_64-linux-gnu/libxcb-glx.so.0.0.0
7f111c585000-7f111c586000 r-xp 00000000 08:02 4857939                    /usr/lib/x86_64-linux-gnu/libX11-xcb.so.1.0.0
7f111c586000-7f111c785000 ---p 00001000 08:02 4857939                    /usr/lib/x86_64-linux-gnu/libX11-xcb.so.1.0.0
7f111c785000-7f111c786000 r--p 00000000 08:02 4857939                    /usr/lib/x86_64-linux-gnu/libX11-xcb.so.1.0.0
7f111c786000-7f111c787000 rw-p 00001000 08:02 4857939                    /usr/lib/x86_64-linux-gnu/libX11-xcb.so.1.0.0
7f111c787000-7f111c789000 r-xp 00000000 08:02 4857954                    /usr/lib/x86_64-linux-gnu/libXdamage.so.1.1.0
7f111c789000-7f111c988000 ---p 00002000 08:02 4857954                    /usr/lib/x86_64-linux-gnu/libXdamage.so.1.1.0
7f111c988000-7f111c989000 r--p 00001000 08:02 4857954                    /usr/lib/x86_64-linux-gnu/libXdamage.so.1.1.0
7f111c989000-7f111c98a000 rw-p 00002000 08:02 4857954                    /usr/lib/x86_64-linux-gnu/libXdamage.so.1.1.0
7f111c98a000-7f111c9af000 r-xp 00000000 08:02 4853342                    /usr/lib/x86_64-linux-gnu/libglapi.so.0.0.0
7f111c9af000-7f111cbae000 ---p 00025000 08:02 4853342                    /usr/lib/x86_64-linux-gnu/libglapi.so.0.0.0
7f111cbae000-7f111cbb1000 r--p 00024000 08:02 4853342                    /usr/lib/x86_64-linux-gnu/libglapi.so.0.0.0
7f111cbb1000-7f111cbb2000 rw-p 00027000 08:02 4853342                    /usr/lib/x86_64-linux-gnu/libglapi.so.0.0.0
7f111cbb2000-7f111cbb3000 rw-p 00000000 00:00 0 
7f111cbb3000-7f111cbd9000 r-xp 00000000 08:02 2625637                    /lib/x86_64-linux-gnu/libexpat.so.1.6.0
7f111cbd9000-7f111cdd8000 ---p 00026000 08:02 2625637                    /lib/x86_64-linux-gnu/libexpat.so.1.6.0
7f111cdd8000-7f111cddb000 r--p 00025000 08:02 2625637                    /lib/x86_64-linux-gnu/libexpat.so.1.6.0
7f111cddb000-7f111cddc000 rw-p 00028000 08:02 2625637                    /lib/x86_64-linux-gnu/libexpat.so.1.6.0
7f111cddc000-7f111ce72000 r-xp 00000000 08:02 5113685                    /usr/lib/x86_64-linux-gnu/mesa/libGL.so.1.2.0
7f111ce72000-7f111d071000 ---p 00096000 08:02 5113685                    /usr/lib/x86_64-linux-gnu/mesa/libGL.so.1.2.0
7f111d071000-7f111d074000 r--p 00095000 08:02 5113685                    /usr/lib/x86_64-linux-gnu/mesa/libGL.so.1.2.0
7f111d074000-7f111d075000 rw-p 00098000 08:02 5113685                    /usr/lib/x86_64-linux-gnu/mesa/libGL.so.1.2.0
7f111d075000-7f111d276000 rw-p 00000000 00:00 0 
7f111d276000-7f111d476000 rw-p 00000000 00:00 0 
7f111d476000-7f111d47d000 r-xp 00000000 08:02 4587552                    /tmp/jogamp_0000/file_cache/jln5974916535737099335/jln7017633636803231304/libnativewindow_x11.so
7f111d47d000-7f111d67c000 ---p 00007000 08:02 4587552                    /tmp/jogamp_0000/file_cache/jln5974916535737099335/jln7017633636803231304/libnativewindow_x11.so
7f111d67c000-7f111d67d000 rw-p 00006000 08:02 4587552                    /tmp/jogamp_0000/file_cache/jln5974916535737099335/jln7017633636803231304/libnativewindow_x11.so
7f111d67d000-7f111d681000 r-xp 00000000 08:02 4857996                    /usr/lib/x86_64-linux-gnu/libXxf86vm.so.1.0.0
7f111d681000-7f111d881000 ---p 00004000 08:02 4857996                    /usr/lib/x86_64-linux-gnu/libXxf86vm.so.1.0.0
7f111d881000-7f111d882000 r--p 00004000 08:02 4857996                    /usr/lib/x86_64-linux-gnu/libXxf86vm.so.1.0.0
7f111d882000-7f111d883000 rw-p 00005000 08:02 4857996                    /usr/lib/x86_64-linux-gnu/libXxf86vm.so.1.0.0
7f111d883000-7f111d885000 r-xp 00000000 08:02 4587551                    /tmp/jogamp_0000/file_cache/jln5974916535737099335/jln7017633636803231304/libnativewindow_awt.so
7f111d885000-7f111da84000 ---p 00002000 08:02 4587551                    /tmp/jogamp_0000/file_cache/jln5974916535737099335/jln7017633636803231304/libnativewindow_awt.so
7f111da84000-7f111da85000 rw-p 00001000 08:02 4587551                    /tmp/jogamp_0000/file_cache/jln5974916535737099335/jln7017633636803231304/libnativewindow_awt.so
7f111da85000-7f111da86000 r-xp 00000000 08:02 4855861                    /usr/lib/jvm/java-8-oracle/jre/lib/amd64/libjawt.so
7f111da86000-7f111dc85000 ---p 00001000 08:02 4855861                    /usr/lib/jvm/java-8-oracle/jre/lib/amd64/libjawt.so
7f111dc85000-7f111dc86000 rw-p 00000000 08:02 4855861                    /usr/lib/jvm/java-8-oracle/jre/lib/amd64/libjawt.so
7f111dc86000-7f111dc88000 r-xp 00000000 08:02 4587548                    /tmp/jogamp_0000/file_cache/jln5974916535737099335/jln7017633636803231304/libgluegen-rt.so
7f111dc88000-7f111de87000 ---p 00002000 08:02 4587548                    /tmp/jogamp_0000/file_cache/jln5974916535737099335/jln7017633636803231304/libgluegen-rt.so
7f111de87000-7f111de88000 rw-p 00001000 08:02 4587548                    /tmp/jogamp_0000/file_cache/jln5974916535737099335/jln7017633636803231304/libgluegen-rt.so
7f111de88000-7f111de8b000 ---p 00000000 00:00 0 
7f111de8b000-7f111e189000 rw-p 00000000 00:00 0                          [stack:11378]
7f111e189000-7f111e18c000 ---p 00000000 00:00 0 
7f111e18c000-7f111e48a000 rw-p 00000000 00:00 0                          [stack:11368]
7f111e48a000-7f111e48d000 ---p 00000000 00:00 0 
7f111e48d000-7f111e58b000 rw-p 00000000 00:00 0 
7f111e58b000-7f111e5f4000 r-xp 00000000 08:02 4855882                    /usr/lib/jvm/java-8-oracle/jre/lib/amd64/libt2k.so
7f111e5f4000-7f111e7f3000 ---p 00069000 08:02 4855882                    /usr/lib/jvm/java-8-oracle/jre/lib/amd64/libt2k.so
7f111e7f3000-7f111e7fa000 rw-p 00068000 08:02 4855882                    /usr/lib/jvm/java-8-oracle/jre/lib/amd64/libt2k.so
7f111e7fa000-7f111e80a000 rw-p 00000000 00:00 0 
7f111e80a000-7f111e81b000 r-xp 00000000 08:02 4855860                    /usr/lib/jvm/java-8-oracle/jre/lib/amd64/libnio.so
7f111e81b000-7f111ea1a000 ---p 00011000 08:02 4855860                    /usr/lib/jvm/java-8-oracle/jre/lib/amd64/libnio.so
7f111ea1a000-7f111ea1b000 rw-p 00010000 08:02 4855860                    /usr/lib/jvm/java-8-oracle/jre/lib/amd64/libnio.so
7f111ea1b000-7f111ea31000 r-xp 00000000 08:02 4855886                    /usr/lib/jvm/java-8-oracle/jre/lib/amd64/libnet.so
7f111ea31000-7f111ec31000 ---p 00016000 08:02 4855886                    /usr/lib/jvm/java-8-oracle/jre/lib/amd64/libnet.so
7f111ec31000-7f111ec32000 rw-p 00016000 08:02 4855886                    /usr/lib/jvm/java-8-oracle/jre/lib/amd64/libnet.so
7f111ec32000-7f111ec35000 ---p 00000000 00:00 0 
7f111ec35000-7f111ed33000 rw-p 00000000 00:00 0                          [stack:11366]
7f111ed33000-7f111ed36000 ---p 00000000 00:00 0 
7f111ed36000-7f111ee34000 rw-p 00000000 00:00 0                          [stack:11365]
7f111ee34000-7f111ee37000 ---p 00000000 00:00 0 
7f111ee37000-7f111ef35000 rw-p 00000000 00:00 0                          [stack:11364]
7f111ef35000-7f111ef38000 ---p 00000000 00:00 0 
7f111ef38000-7f111f036000 rw-p 00000000 00:00 0                          [stack:11362]
7f111f036000-7f111f03b000 r-xp 00000000 08:02 4857960                    /usr/lib/x86_64-linux-gnu/libXfixes.so.3.1.0
7f111f03b000-7f111f23a000 ---p 00005000 08:02 4857960                    /usr/lib/x86_64-linux-gnu/libXfixes.so.3.1.0
7f111f23a000-7f111f23b000 r--p 00004000 08:02 4857960                    /usr/lib/x86_64-linux-gnu/libXfixes.so.3.1.0
7f111f23b000-7f111f23c000 rw-p 00005000 08:02 4857960                    /usr/lib/x86_64-linux-gnu/libXfixes.so.3.1.0
7f111f23c000-7f111f245000 r-xp 00000000 08:02 4857952                    /usr/lib/x86_64-linux-gnu/libXcursor.so.1.0.2
7f111f245000-7f111f444000 ---p 00009000 08:02 4857952                    /usr/lib/x86_64-linux-gnu/libXcursor.so.1.0.2
7f111f444000-7f111f445000 r--p 00008000 08:02 4857952                    /usr/lib/x86_64-linux-gnu/libXcursor.so.1.0.2
7f111f445000-7f111f446000 rw-p 00009000 08:02 4857952                    /usr/lib/x86_64-linux-gnu/libXcursor.so.1.0.2
7f111f446000-7f111f449000 ---p 00000000 00:00 0 
7f111f449000-7f111f547000 rw-p 00000000 00:00 0                          [stack:11361]
7f111f547000-7f111f55d000 r-xp 00000000 08:02 2625642                    /lib/x86_64-linux-gnu/libgcc_s.so.1
7f111f55d000-7f111f75c000 ---p 00016000 08:02 2625642                    /lib/x86_64-linux-gnu/libgcc_s.so.1
7f111f75c000-7f111f75d000 r--p 00015000 08:02 2625642                    /lib/x86_64-linux-gnu/libgcc_s.so.1
7f111f75d000-7f111f75e000 rw-p 00016000 08:02 2625642                    /lib/x86_64-linux-gnu/libgcc_s.so.1
7f111f75e000-7f111f7c3000 r-xp 00000000 08:02 4855916                    /usr/lib/jvm/java-8-oracle/jre/lib/amd64/libfontmanager.so
7f111f7c3000-7f111f9c2000 ---p 00065000 08:02 4855916                    /usr/lib/jvm/java-8-oracle/jre/lib/amd64/libfontmanager.so
7f111f9c2000-7f111f9c7000 rw-p 00064000 08:02 4855916                    /usr/lib/jvm/java-8-oracle/jre/lib/amd64/libfontmanager.so
7f111f9c7000-7f111f9d7000 rw-p 00000000 00:00 0 
7f111f9d7000-7f111f9dc000 r-xp 00000000 08:02 4857956                    /usr/lib/x86_64-linux-gnu/libXdmcp.so.6.0.0
7f111f9dc000-7f111fbdb000 ---p 00005000 08:02 4857956                    /usr/lib/x86_64-linux-gnu/libXdmcp.so.6.0.0
7f111fbdb000-7f111fbdc000 r--p 00004000 08:02 4857956                    /usr/lib/x86_64-linux-gnu/libXdmcp.so.6.0.0
7f111fbdc000-7f111fbdd000 rw-p 00005000 08:02 4857956                    /usr/lib/x86_64-linux-gnu/libXdmcp.so.6.0.0
7f111fbdd000-7f111fbdf000 r-xp 00000000 08:02 4857945                    /usr/lib/x86_64-linux-gnu/libXau.so.6.0.0
7f111fbdf000-7f111fddf000 ---p 00002000 08:02 4857945                    /usr/lib/x86_64-linux-gnu/libXau.so.6.0.0
7f111fddf000-7f111fde0000 r--p 00002000 08:02 4857945                    /usr/lib/x86_64-linux-gnu/libXau.so.6.0.0
7f111fde0000-7f111fde1000 rw-p 00003000 08:02 4857945                    /usr/lib/x86_64-linux-gnu/libXau.so.6.0.0
7f111fde1000-7f111fdfe000 r-xp 00000000 08:02 4859026                    /usr/lib/x86_64-linux-gnu/libxcb.so.1.1.0
7f111fdfe000-7f111fffe000 ---p 0001d000 08:02 4859026                    /usr/lib/x86_64-linux-gnu/libxcb.so.1.1.0
7f111fffe000-7f111ffff000 r--p 0001d000 08:02 4859026                    /usr/lib/x86_64-linux-gnu/libxcb.so.1.1.0
7f111ffff000-7f1120000000 rw-p 0001e000 08:02 4859026                    /usr/lib/x86_64-linux-gnu/libxcb.so.1.1.0
7f1120000000-7f1120021000 rw-p 00000000 00:00 0 
7f1120021000-7f1124000000 ---p 00000000 00:00 0 
7f1124000000-7f1124008000 rw-s 00000000 00:04 179749                     /drm mm object (deleted)
7f1124008000-7f1124010000 rw-s 00000000 00:04 178887                     /drm mm object (deleted)
7f1124010000-7f1124018000 rw-s 00000000 00:04 179405                     /drm mm object (deleted)
7f1124018000-7f1124020000 rw-s 00000000 00:04 177507                     /drm mm object (deleted)
7f1124020000-7f1124028000 rw-s 00000000 00:04 177503                     /drm mm object (deleted)
7f1124028000-7f1124030000 rw-s 00000000 00:04 180792                     /drm mm object (deleted)
7f1124030000-7f1124038000 rw-s 00000000 00:04 177495                     /drm mm object (deleted)
7f1124038000-7f1124054000 r--s 00393000 08:02 4855940                    /usr/lib/jvm/java-8-oracle/jre/lib/ext/cldrdata.jar
7f1124054000-7f1124057000 ---p 00000000 00:00 0 
7f1124057000-7f11240be000 rw-p 00000000 00:00 0 
7f11240be000-7f11240cd000 r-xp 00000000 08:02 4857966                    /usr/lib/x86_64-linux-gnu/libXi.so.6.1.0
7f11240cd000-7f11242cc000 ---p 0000f000 08:02 4857966                    /usr/lib/x86_64-linux-gnu/libXi.so.6.1.0
7f11242cc000-7f11242cd000 r--p 0000e000 08:02 4857966                    /usr/lib/x86_64-linux-gnu/libXi.so.6.1.0
7f11242cd000-7f11242ce000 rw-p 0000f000 08:02 4857966                    /usr/lib/x86_64-linux-gnu/libXi.so.6.1.0
7f11242ce000-7f11242d3000 r-xp 00000000 08:02 4857986                    /usr/lib/x86_64-linux-gnu/libXtst.so.6.1.0
7f11242d3000-7f11244d2000 ---p 00005000 08:02 4857986                    /usr/lib/x86_64-linux-gnu/libXtst.so.6.1.0
7f11244d2000-7f11244d3000 r--p 00004000 08:02 4857986                    /usr/lib/x86_64-linux-gnu/libXtst.so.6.1.0
7f11244d3000-7f11244d4000 rw-p 00005000 08:02 4857986                    /usr/lib/x86_64-linux-gnu/libXtst.so.6.1.0
7f11244d4000-7f11244dd000 r-xp 00000000 08:02 4857980                    /usr/lib/x86_64-linux-gnu/libXrender.so.1.3.0
7f11244dd000-7f11246dc000 ---p 00009000 08:02 4857980                    /usr/lib/x86_64-linux-gnu/libXrender.so.1.3.0
7f11246dc000-7f11246dd000 r--p 00008000 08:02 4857980                    /usr/lib/x86_64-linux-gnu/libXrender.so.1.3.0
7f11246dd000-7f11246de000 rw-p 00009000 08:02 4857980                    /usr/lib/x86_64-linux-gnu/libXrender.so.1.3.0
7f11246de000-7f1124811000 r-xp 00000000 08:02 4857941                    /usr/lib/x86_64-linux-gnu/libX11.so.6.3.0
7f1124811000-7f1124a11000 ---p 00133000 08:02 4857941                    /usr/lib/x86_64-linux-gnu/libX11.so.6.3.0
7f1124a11000-7f1124a12000 r--p 00133000 08:02 4857941                    /usr/lib/x86_64-linux-gnu/libX11.so.6.3.0
7f1124a12000-7f1124a16000 rw-p 00134000 08:02 4857941                    /usr/lib/x86_64-linux-gnu/libX11.so.6.3.0
7f1124a16000-7f1124a17000 rw-p 00000000 00:00 0 
7f1124a17000-7f1124a28000 r-xp 00000000 08:02 4857958                    /usr/lib/x86_64-linux-gnu/libXext.so.6.4.0
7f1124a28000-7f1124c27000 ---p 00011000 08:02 4857958                    /usr/lib/x86_64-linux-gnu/libXext.so.6.4.0
7f1124c27000-7f1124c28000 r--p 00010000 08:02 4857958                    /usr/lib/x86_64-linux-gnu/libXext.so.6.4.0
7f1124c28000-7f1124c29000 rw-p 00011000 08:02 4857958                    /usr/lib/x86_64-linux-gnu/libXext.so.6.4.0
7f1124c29000-7f1124c7d000 r-xp 00000000 08:02 4855857                    /usr/lib/jvm/java-8-oracle/jre/lib/amd64/libawt_xawt.so
7f1124c7d000-7f1124e7d000 ---p 00054000 08:02 4855857                    /usr/lib/jvm/java-8-oracle/jre/lib/amd64/libawt_xawt.so
7f1124e7d000-7f1124e81000 rw-p 00054000 08:02 4855857                    /usr/lib/jvm/java-8-oracle/jre/lib/amd64/libawt_xawt.so
7f1124e81000-7f1124e82000 rw-p 00000000 00:00 0 
7f1124e82000-7f1124f24000 r-xp 00000000 08:02 4855893                    /usr/lib/jvm/java-8-oracle/jre/lib/amd64/libawt.so
7f1124f24000-7f1125124000 ---p 000a2000 08:02 4855893                    /usr/lib/jvm/java-8-oracle/jre/lib/amd64/libawt.so
7f1125124000-7f1125130000 rw-p 000a2000 08:02 4855893                    /usr/lib/jvm/java-8-oracle/jre/lib/amd64/libawt.so
7f1125130000-7f1125154000 rw-p 00000000 00:00 0 
7f1125154000-7f1125155000 ---p 00000000 00:00 0 
7f1125155000-7f1125255000 rw-p 00000000 00:00 0                          [stack:11360]
7f1125255000-7f1125258000 ---p 00000000 00:00 0 
7f1125258000-7f1125356000 rw-p 00000000 00:00 0                          [stack:11359]
7f1125356000-7f1125359000 ---p 00000000 00:00 0 
7f1125359000-7f1125457000 rw-p 00000000 00:00 0                          [stack:11358]
7f1125457000-7f112545a000 ---p 00000000 00:00 0 
7f112545a000-7f1125558000 rw-p 00000000 00:00 0                          [stack:11357]
7f1125558000-7f112555b000 ---p 00000000 00:00 0 
7f112555b000-7f1125659000 rw-p 00000000 00:00 0                          [stack:11356]
7f1125659000-7f112565c000 ---p 00000000 00:00 0 
7f112565c000-7f112575a000 rw-p 00000000 00:00 0                          [stack:11355]
7f112575a000-7f1125e3c000 r--p 00000000 08:02 4857189                    /usr/lib/locale/locale-archive
7f1125e3c000-7f1125e3f000 ---p 00000000 00:00 0 
7f1125e3f000-7f1125f3d000 rw-p 00000000 00:00 0                          [stack:11354]
7f1125f3d000-7f1125f40000 ---p 00000000 00:00 0 
7f1125f40000-7f112603e000 rw-p 00000000 00:00 0                          [stack:11353]
7f112603e000-7f112603f000 ---p 00000000 00:00 0 
7f112603f000-7f1128000000 rw-p 00000000 00:00 0                          [stack:11352]
7f1128000000-7f1128021000 rw-p 00000000 00:00 0 
7f1128021000-7f112c000000 ---p 00000000 00:00 0 
7f112c000000-7f112c001000 r--s 00000000 08:02 786503                     /var/cache/fontconfig/0c9eb80ebd1c36541ebe2852d3bb0c49-le64.cache-4
7f112c001000-7f112c002000 r--s 00000000 08:02 786517                     /var/cache/fontconfig/62f91419b9ebdb6975e7e41ab6412357-le64.cache-4
7f112c002000-7f112c003000 rw-s 00000000 00:04 180513                     /drm mm object (deleted)
7f112c004000-7f112c005000 rw-p 00000000 00:00 0 
7f112c005000-7f112c006000 rw-s 00000000 00:04 180435                     /drm mm object (deleted)
7f112c006000-7f112c00e000 rw-s 00000000 00:04 177491                     /drm mm object (deleted)
7f112c00e000-7f112c019000 r--s 00116000 08:02 4855938                    /usr/lib/jvm/java-8-oracle/jre/lib/ext/localedata.jar
7f112c019000-7f112ce27000 rw-p 00000000 00:00 0 
7f112ce27000-7f112d000000 r--s 03d09000 08:02 4855699                    /usr/lib/jvm/java-8-oracle/jre/lib/rt.jar
7f112d000000-7f112d880000 rwxp 00000000 00:00 0 
7f112d880000-7f113c000000 ---p 00000000 00:00 0 
7f113c000000-7f113c2d5000 rw-p 00000000 00:00 0 
7f113c2d5000-7f1140000000 ---p 00000000 00:00 0 
7f1140000000-7f1140001000 rw-s 00000000 00:04 177516                     /drm mm object (deleted)
7f1140001000-7f1140002000 rw-s 00000000 00:04 177511                     /drm mm object (deleted)
7f1140002000-7f1140003000 rw-s 00000000 00:04 177504                     /drm mm object (deleted)
7f1140003000-7f1140004000 rwxp 00000000 00:00 0 
7f1140004000-7f1140005000 rw-s 00000000 00:04 177492                     /drm mm object (deleted)
7f1140005000-7f1140006000 r--s 0002f000 08:02 5120518                    /home/bhupendra/Coursera Java Specialization/Assignments/World-Earthquakes-View/UCSDUnfoldingMaps/lib/jogl-all-natives-linux-amd64.jar
7f1140006000-7f1140008000 r--s 00000000 08:02 5120511                    /home/bhupendra/Coursera Java Specialization/Assignments/World-Earthquakes-View/UCSDUnfoldingMaps/lib/gluegen-rt-natives-linux-amd64.jar
7f1140008000-7f1140009000 r--p 00000000 00:00 0 
7f1140009000-7f114000e000 r--s 00094000 08:02 4855697                    /usr/lib/jvm/java-8-oracle/jre/lib/jsse.jar
7f114000e000-7f1140014000 r--s 00033000 08:02 5120529                    /home/bhupendra/Coursera Java Specialization/Assignments/World-Earthquakes-View/UCSDUnfoldingMaps/lib/unfolding.0.9.7-uscd.jar
7f1140014000-7f114001b000 r--s 00059000 08:02 5120527                    /home/bhupendra/Coursera Java Specialization/Assignments/World-Earthquakes-View/UCSDUnfoldingMaps/lib/log4j-1.2.15.jar
7f114001b000-7f114003e000 r--s 002ec000 08:02 5120524                    /home/bhupendra/Coursera Java Specialization/Assignments/World-Earthquakes-View/UCSDUnfoldingMaps/lib/jogl-all.jar
7f114003e000-7f1140b42000 rw-p 00000000 00:00 0 
7f1140b42000-7f1140b43000 ---p 00000000 00:00 0 
7f1140b43000-7f1140c43000 rw-p 00000000 00:00 0                          [stack:11351]
7f1140c43000-7f1140c44000 ---p 00000000 00:00 0 
7f1140c44000-7f1140d44000 rw-p 00000000 00:00 0                          [stack:11350]
7f1140d44000-7f1140d45000 ---p 00000000 00:00 0 
7f1140d45000-7f1140e45000 rw-p 00000000 00:00 0                          [stack:11349]
7f1140e45000-7f1140e46000 ---p 00000000 00:00 0 
7f1140e46000-7f1140f5d000 rw-p 00000000 00:00 0                          [stack:11348]
7f1140f5d000-7f1141084000 ---p 00000000 00:00 0 
7f1141084000-7f114109b000 rw-p 00000000 00:00 0 
7f114109b000-7f11411c1000 ---p 00000000 00:00 0 
7f11411c1000-7f11411fe000 rw-p 00000000 00:00 0 
7f11411fe000-7f1141260000 ---p 00000000 00:00 0 
7f1141260000-7f1141283000 rw-p 00000000 00:00 0 
7f1141283000-7f1141621000 ---p 00000000 00:00 0 
7f1141621000-7f114163b000 r-xp 00000000 08:02 4855865                    /usr/lib/jvm/java-8-oracle/jre/lib/amd64/libzip.so
7f114163b000-7f114183b000 ---p 0001a000 08:02 4855865                    /usr/lib/jvm/java-8-oracle/jre/lib/amd64/libzip.so
7f114183b000-7f114183c000 rw-p 0001a000 08:02 4855865                    /usr/lib/jvm/java-8-oracle/jre/lib/amd64/libzip.so
7f114183c000-7f1141847000 r-xp 00000000 08:02 2621543                    /lib/x86_64-linux-gnu/libnss_files-2.19.so
7f1141847000-7f1141a46000 ---p 0000b000 08:02 2621543                    /lib/x86_64-linux-gnu/libnss_files-2.19.so
7f1141a46000-7f1141a47000 r--p 0000a000 08:02 2621543                    /lib/x86_64-linux-gnu/libnss_files-2.19.so
7f1141a47000-7f1141a48000 rw-p 0000b000 08:02 2621543                    /lib/x86_64-linux-gnu/libnss_files-2.19.so
7f1141a48000-7f1141a53000 r-xp 00000000 08:02 2621455                    /lib/x86_64-linux-gnu/libnss_nis-2.19.so
7f1141a53000-7f1141c52000 ---p 0000b000 08:02 2621455                    /lib/x86_64-linux-gnu/libnss_nis-2.19.so
7f1141c52000-7f1141c53000 r--p 0000a000 08:02 2621455                    /lib/x86_64-linux-gnu/libnss_nis-2.19.so
7f1141c53000-7f1141c54000 rw-p 0000b000 08:02 2621455                    /lib/x86_64-linux-gnu/libnss_nis-2.19.so
7f1141c54000-7f1141c6b000 r-xp 00000000 08:02 2621545                    /lib/x86_64-linux-gnu/libnsl-2.19.so
7f1141c6b000-7f1141e6a000 ---p 00017000 08:02 2621545                    /lib/x86_64-linux-gnu/libnsl-2.19.so
7f1141e6a000-7f1141e6b000 r--p 00016000 08:02 2621545                    /lib/x86_64-linux-gnu/libnsl-2.19.so
7f1141e6b000-7f1141e6c000 rw-p 00017000 08:02 2621545                    /lib/x86_64-linux-gnu/libnsl-2.19.so
7f1141e6c000-7f1141e6e000 rw-p 00000000 00:00 0 
7f1141e6e000-7f1141e77000 r-xp 00000000 08:02 2621538                    /lib/x86_64-linux-gnu/libnss_compat-2.19.so
7f1141e77000-7f1142076000 ---p 00009000 08:02 2621538                    /lib/x86_64-linux-gnu/libnss_compat-2.19.so
7f1142076000-7f1142077000 r--p 00008000 08:02 2621538                    /lib/x86_64-linux-gnu/libnss_compat-2.19.so
7f1142077000-7f1142078000 rw-p 00009000 08:02 2621538                    /lib/x86_64-linux-gnu/libnss_compat-2.19.so
7f1142078000-7f11420a2000 r-xp 00000000 08:02 4855858                    /usr/lib/jvm/java-8-oracle/jre/lib/amd64/libjava.so
7f11420a2000-7f11422a2000 ---p 0002a000 08:02 4855858                    /usr/lib/jvm/java-8-oracle/jre/lib/amd64/libjava.so
7f11422a2000-7f11422a4000 rw-p 0002a000 08:02 4855858                    /usr/lib/jvm/java-8-oracle/jre/lib/amd64/libjava.so
7f11422a4000-7f11422b1000 r-xp 00000000 08:02 4855900                    /usr/lib/jvm/java-8-oracle/jre/lib/amd64/libverify.so
7f11422b1000-7f11424b1000 ---p 0000d000 08:02 4855900                    /usr/lib/jvm/java-8-oracle/jre/lib/amd64/libverify.so
7f11424b1000-7f11424b3000 rw-p 0000d000 08:02 4855900                    /usr/lib/jvm/java-8-oracle/jre/lib/amd64/libverify.so
7f11424b3000-7f11424ba000 r-xp 00000000 08:02 2621541                    /lib/x86_64-linux-gnu/librt-2.19.so
7f11424ba000-7f11426b9000 ---p 00007000 08:02 2621541                    /lib/x86_64-linux-gnu/librt-2.19.so
7f11426b9000-7f11426ba000 r--p 00006000 08:02 2621541                    /lib/x86_64-linux-gnu/librt-2.19.so
7f11426ba000-7f11426bb000 rw-p 00007000 08:02 2621541                    /lib/x86_64-linux-gnu/librt-2.19.so
7f11426bb000-7f11427c0000 r-xp 00000000 08:02 2621542                    /lib/x86_64-linux-gnu/libm-2.19.so
7f11427c0000-7f11429bf000 ---p 00105000 08:02 2621542                    /lib/x86_64-linux-gnu/libm-2.19.so
7f11429bf000-7f11429c0000 r--p 00104000 08:02 2621542                    /lib/x86_64-linux-gnu/libm-2.19.so
7f11429c0000-7f11429c1000 rw-p 00105000 08:02 2621542                    /lib/x86_64-linux-gnu/libm-2.19.so
7f11429c1000-7f114366f000 r-xp 00000000 08:02 4855906                    /usr/lib/jvm/java-8-oracle/jre/lib/amd64/server/libjvm.so
7f114366f000-7f114386e000 ---p 00cae000 08:02 4855906                    /usr/lib/jvm/java-8-oracle/jre/lib/amd64/server/libjvm.so
7f114386e000-7f1143945000 rw-p 00cad000 08:02 4855906                    /usr/lib/jvm/java-8-oracle/jre/lib/amd64/server/libjvm.so
7f1143945000-7f1143989000 rw-p 00000000 00:00 0 
7f1143989000-7f1143b43000 r-xp 00000000 08:02 2625514                    /lib/x86_64-linux-gnu/libc-2.19.so
7f1143b43000-7f1143d43000 ---p 001ba000 08:02 2625514                    /lib/x86_64-linux-gnu/libc-2.19.so
7f1143d43000-7f1143d47000 r--p 001ba000 08:02 2625514                    /lib/x86_64-linux-gnu/libc-2.19.so
7f1143d47000-7f1143d49000 rw-p 001be000 08:02 2625514                    /lib/x86_64-linux-gnu/libc-2.19.so
7f1143d49000-7f1143d4e000 rw-p 00000000 00:00 0 
7f1143d4e000-7f1143d51000 r-xp 00000000 08:02 2621535                    /lib/x86_64-linux-gnu/libdl-2.19.so
7f1143d51000-7f1143f50000 ---p 00003000 08:02 2621535                    /lib/x86_64-linux-gnu/libdl-2.19.so
7f1143f50000-7f1143f51000 r--p 00002000 08:02 2621535                    /lib/x86_64-linux-gnu/libdl-2.19.so
7f1143f51000-7f1143f52000 rw-p 00003000 08:02 2621535                    /lib/x86_64-linux-gnu/libdl-2.19.so
7f1143f52000-7f1143f67000 r-xp 00000000 08:02 4856243                    /usr/lib/jvm/java-8-oracle/lib/amd64/jli/libjli.so
7f1143f67000-7f1144167000 ---p 00015000 08:02 4856243                    /usr/lib/jvm/java-8-oracle/lib/amd64/jli/libjli.so
7f1144167000-7f1144168000 rw-p 00015000 08:02 4856243                    /usr/lib/jvm/java-8-oracle/lib/amd64/jli/libjli.so
7f1144168000-7f1144181000 r-xp 00000000 08:02 2625630                    /lib/x86_64-linux-gnu/libpthread-2.19.so
7f1144181000-7f1144380000 ---p 00019000 08:02 2625630                    /lib/x86_64-linux-gnu/libpthread-2.19.so
7f1144380000-7f1144381000 r--p 00018000 08:02 2625630                    /lib/x86_64-linux-gnu/libpthread-2.19.so
7f1144381000-7f1144382000 rw-p 00019000 08:02 2625630                    /lib/x86_64-linux-gnu/libpthread-2.19.so
7f1144382000-7f1144386000 rw-p 00000000 00:00 0 
7f1144386000-7f11443a9000 r-xp 00000000 08:02 2621534                    /lib/x86_64-linux-gnu/ld-2.19.so
7f11443a9000-7f11443ae000 r--s 00309000 08:02 5120528                    /home/bhupendra/Coursera Java Specialization/Assignments/World-Earthquakes-View/UCSDUnfoldingMaps/lib/sqlite-jdbc-3.7.2.jar
7f11443ae000-7f11443b4000 r--s 00041000 08:02 5120517                    /home/bhupendra/Coursera Java Specialization/Assignments/World-Earthquakes-View/UCSDUnfoldingMaps/lib/gluegen-rt.jar
7f11443b4000-7f114448c000 rw-p 00000000 00:00 0 
7f114448c000-7f114448f000 ---p 00000000 00:00 0 
7f114448f000-7f1144591000 rw-p 00000000 00:00 0                          [stack:11344]
7f1144591000-7f1144592000 r--s 00005000 08:02 5120526                    /home/bhupendra/Coursera Java Specialization/Assignments/World-Earthquakes-View/UCSDUnfoldingMaps/lib/libTUIO.jar
7f1144592000-7f1144593000 r--s 00007000 08:02 5120525                    /home/bhupendra/Coursera Java Specialization/Assignments/World-Earthquakes-View/UCSDUnfoldingMaps/lib/json4processing.jar
7f1144593000-7f1144597000 r--s 0009a000 08:02 5120510                    /home/bhupendra/Coursera Java Specialization/Assignments/World-Earthquakes-View/UCSDUnfoldingMaps/lib/core.jar
7f1144597000-7f114459c000 r--s 002f8000 08:02 4855711                    /usr/lib/jvm/java-8-oracle/jre/lib/charsets.jar
7f114459c000-7f11445a4000 rw-s 00000000 08:02 4587542                    /tmp/hsperfdata_bhupendra/11341
7f11445a4000-7f11445a5000 rw-p 00000000 00:00 0 
7f11445a5000-7f11445a6000 r--p 00000000 00:00 0 
7f11445a6000-7f11445a8000 rw-p 00000000 00:00 0 
7f11445a8000-7f11445a9000 r--p 00022000 08:02 2621534                    /lib/x86_64-linux-gnu/ld-2.19.so
7f11445a9000-7f11445aa000 rw-p 00023000 08:02 2621534                    /lib/x86_64-linux-gnu/ld-2.19.so
7f11445aa000-7f11445ab000 rw-p 00000000 00:00 0 
7fff80ec7000-7fff80ee8000 rw-p 00000000 00:00 0                          [stack]
7fff80fda000-7fff80fdc000 r-xp 00000000 00:00 0                          [vdso]
7fff80fdc000-7fff80fde000 r--p 00000000 00:00 0                          [vvar]
ffffffffff600000-ffffffffff601000 r-xp 00000000 00:00 0                  [vsyscall]

VM Arguments:
jvm_args: -Djava.security.policy=java.policy.applet -Dfile.encoding=UTF-8 
java_command: sun.applet.AppletViewer module4.EarthquakeCityMap1448803051283.html
java_class_path (initial): /home/bhupendra/Coursera Java Specialization/Assignments/World-Earthquakes-View/UCSDUnfoldingMaps/build:/home/bhupendra/Coursera Java Specialization/Assignments/World-Earthquakes-View/UCSDUnfoldingMaps/lib/core.jar:/home/bhupendra/Coursera Java Specialization/Assignments/World-Earthquakes-View/UCSDUnfoldingMaps/lib/gluegen-rt.jar:/home/bhupendra/Coursera Java Specialization/Assignments/World-Earthquakes-View/UCSDUnfoldingMaps/lib/jogl-all.jar:/home/bhupendra/Coursera Java Specialization/Assignments/World-Earthquakes-View/UCSDUnfoldingMaps/lib/log4j-1.2.15.jar:/home/bhupendra/Coursera Java Specialization/Assignments/World-Earthquakes-View/UCSDUnfoldingMaps/lib/sqlite-jdbc-3.7.2.jar:/home/bhupendra/Coursera Java Specialization/Assignments/World-Earthquakes-View/UCSDUnfoldingMaps/lib/json4processing.jar:/home/bhupendra/Coursera Java Specialization/Assignments/World-Earthquakes-View/UCSDUnfoldingMaps/lib/libTUIO.jar:/home/bhupendra/Coursera Java Specialization/Assignments/World-Earthquakes-View/UCSDUnfoldingMaps/lib/unfolding.0.9.7-uscd.jar
Launcher Type: SUN_STANDARD

Environment Variables:
PATH=/usr/local/sbin:/usr/local/bin:/usr/sbin:/usr/bin:/sbin:/bin:/usr/games:/usr/local/games
USERNAME=bhupendra
SHELL=/bin/bash
DISPLAY=:0.0

Signal Handlers:
SIGSEGV: [libjvm.so+0xaad1e0], sa_mask[0]=11111111011111111101111111111110, sa_flags=SA_RESTART|SA_SIGINFO
SIGBUS: [libjvm.so+0xaad1e0], sa_mask[0]=11111111011111111101111111111110, sa_flags=SA_RESTART|SA_SIGINFO
SIGFPE: [libjvm.so+0x90b450], sa_mask[0]=11111111011111111101111111111110, sa_flags=SA_RESTART|SA_SIGINFO
SIGPIPE: [libjvm.so+0x90b450], sa_mask[0]=11111111011111111101111111111110, sa_flags=SA_RESTART|SA_SIGINFO
SIGXFSZ: [libjvm.so+0x90b450], sa_mask[0]=11111111011111111101111111111110, sa_flags=SA_RESTART|SA_SIGINFO
SIGILL: [libjvm.so+0x90b450], sa_mask[0]=11111111011111111101111111111110, sa_flags=SA_RESTART|SA_SIGINFO
SIGUSR1: SIG_DFL, sa_mask[0]=00000000000000000000000000000000, sa_flags=none
SIGUSR2: [libjvm.so+0x90ca90], sa_mask[0]=00100000000000000000000000000000, sa_flags=SA_RESTART|SA_SIGINFO
SIGHUP: [libjvm.so+0x90dde0], sa_mask[0]=11111111011111111101111111111110, sa_flags=SA_RESTART|SA_SIGINFO
SIGINT: [libjvm.so+0x90dde0], sa_mask[0]=11111111011111111101111111111110, sa_flags=SA_RESTART|SA_SIGINFO
SIGTERM: [libjvm.so+0x90dde0], sa_mask[0]=11111111011111111101111111111110, sa_flags=SA_RESTART|SA_SIGINFO
SIGQUIT: [libjvm.so+0x90dde0], sa_mask[0]=11111111011111111101111111111110, sa_flags=SA_RESTART|SA_SIGINFO


---------------  S Y S T E M  ---------------

OS:DISTRIB_ID=Ubuntu
DISTRIB_RELEASE=14.10
DISTRIB_CODENAME=utopic
DISTRIB_DESCRIPTION="Ubuntu 14.10"

uname:Linux 3.16.0-30-generic #40-Ubuntu SMP Mon Jan 12 22:06:37 UTC 2015 x86_64
libc:glibc 2.19 NPTL 2.19 
rlimit: STACK 8192k, CORE 0k, NPROC 14376, NOFILE 4096, AS infinity
load average:0.76 0.65 0.79

/proc/meminfo:
MemTotal:        3891224 kB
MemFree:          105112 kB
MemAvailable:     298504 kB
Buffers:           14228 kB
Cached:          1119596 kB
SwapCached:        58252 kB
Active:          2540808 kB
Inactive:         973464 kB
Active(anon):    2364732 kB
Inactive(anon):   843976 kB
Active(file):     176076 kB
Inactive(file):   129488 kB
Unevictable:          48 kB
Mlocked:              48 kB
SwapTotal:       4036604 kB
SwapFree:        2859364 kB
Dirty:                52 kB
Writeback:             0 kB
AnonPages:       2375420 kB
Mapped:           341624 kB
Shmem:            828260 kB
Slab:             151692 kB
SReclaimable:     113524 kB
SUnreclaim:        38168 kB
KernelStack:       10560 kB
PageTables:        44488 kB
NFS_Unstable:          0 kB
Bounce:                0 kB
WritebackTmp:          0 kB
CommitLimit:     5982216 kB
Committed_AS:    8803164 kB
VmallocTotal:   34359738367 kB
VmallocUsed:      400980 kB
VmallocChunk:   34359244552 kB
HardwareCorrupted:     0 kB
AnonHugePages:    894976 kB
HugePages_Total:       0
HugePages_Free:        0
HugePages_Rsvd:        0
HugePages_Surp:        0
Hugepagesize:       2048 kB
DirectMap4k:      100148 kB
DirectMap2M:     3938304 kB


CPU:total 4 (2 cores per cpu, 2 threads per core) family 6 model 58 stepping 9, cmov, cx8, fxsr, mmx, sse, sse2, sse3, ssse3, sse4.1, sse4.2, popcnt, avx, aes, clmul, erms, ht, tsc, tscinvbit, tscinv

/proc/cpuinfo:
processor	: 0
vendor_id	: GenuineIntel
cpu family	: 6
model		: 58
model name	: Intel(R) Core(TM) i5-3210M CPU @ 2.50GHz
stepping	: 9
microcode	: 0x12
cpu MHz		: 2900.000
cache size	: 3072 KB
physical id	: 0
siblings	: 4
core id		: 0
cpu cores	: 2
apicid		: 0
initial apicid	: 0
fpu		: yes
fpu_exception	: yes
cpuid level	: 13
wp		: yes
flags		: fpu vme de pse tsc msr pae mce cx8 apic sep mtrr pge mca cmov pat pse36 clflush dts acpi mmx fxsr sse sse2 ss ht tm pbe syscall nx rdtscp lm constant_tsc arch_perfmon pebs bts rep_good nopl xtopology nonstop_tsc aperfmperf eagerfpu pni pclmulqdq dtes64 monitor ds_cpl vmx est tm2 ssse3 cx16 xtpr pdcm pcid sse4_1 sse4_2 x2apic popcnt tsc_deadline_timer aes xsave avx f16c rdrand lahf_lm ida arat epb xsaveopt pln pts dtherm tpr_shadow vnmi flexpriority ept vpid fsgsbase smep erms
bogomips	: 4988.63
clflush size	: 64
cache_alignment	: 64
address sizes	: 36 bits physical, 48 bits virtual
power management:

processor	: 1
vendor_id	: GenuineIntel
cpu family	: 6
model		: 58
model name	: Intel(R) Core(TM) i5-3210M CPU @ 2.50GHz
stepping	: 9
microcode	: 0x12
cpu MHz		: 2900.000
cache size	: 3072 KB
physical id	: 0
siblings	: 4
core id		: 0
cpu cores	: 2
apicid		: 1
initial apicid	: 1
fpu		: yes
fpu_exception	: yes
cpuid level	: 13
wp		: yes
flags		: fpu vme de pse tsc msr pae mce cx8 apic sep mtrr pge mca cmov pat pse36 clflush dts acpi mmx fxsr sse sse2 ss ht tm pbe syscall nx rdtscp lm constant_tsc arch_perfmon pebs bts rep_good nopl xtopology nonstop_tsc aperfmperf eagerfpu pni pclmulqdq dtes64 monitor ds_cpl vmx est tm2 ssse3 cx16 xtpr pdcm pcid sse4_1 sse4_2 x2apic popcnt tsc_deadline_timer aes xsave avx f16c rdrand lahf_lm ida arat epb xsaveopt pln pts dtherm tpr_shadow vnmi flexpriority ept vpid fsgsbase smep erms
bogomips	: 4988.63
clflush size	: 64
cache_alignment	: 64
address sizes	: 36 bits physical, 48 bits virtual
power management:

processor	: 2
vendor_id	: GenuineIntel
cpu family	: 6
model		: 58
model name	: Intel(R) Core(TM) i5-3210M CPU @ 2.50GHz
stepping	: 9
microcode	: 0x12
cpu MHz		: 3006.738
cache size	: 3072 KB
physical id	: 0
siblings	: 4
core id		: 1
cpu cores	: 2
apicid		: 2
initial apicid	: 2
fpu		: yes
fpu_exception	: yes
cpuid level	: 13
wp		: yes
flags		: fpu vme de pse tsc msr pae mce cx8 apic sep mtrr pge mca cmov pat pse36 clflush dts acpi mmx fxsr sse sse2 ss ht tm pbe syscall nx rdtscp lm constant_tsc arch_perfmon pebs bts rep_good nopl xtopology nonstop_tsc aperfmperf eagerfpu pni pclmulqdq dtes64 monitor ds_cpl vmx est tm2 ssse3 cx16 xtpr pdcm pcid sse4_1 sse4_2 x2apic popcnt tsc_deadline_timer aes xsave avx f16c rdrand lahf_lm ida arat epb xsaveopt pln pts dtherm tpr_shadow vnmi flexpriority ept vpid fsgsbase smep erms
bogomips	: 4988.63
clflush size	: 64
cache_alignment	: 64
address sizes	: 36 bits physical, 48 bits virtual
power management:

processor	: 3
vendor_id	: GenuineIntel
cpu family	: 6
model		: 58
model name	: Intel(R) Core(TM) i5-3210M CPU @ 2.50GHz
stepping	: 9
microcode	: 0x12
cpu MHz		: 2955.273
cache size	: 3072 KB
physical id	: 0
siblings	: 4
core id		: 1
cpu cores	: 2
apicid		: 3
initial apicid	: 3
fpu		: yes
fpu_exception	: yes
cpuid level	: 13
wp		: yes
flags		: fpu vme de pse tsc msr pae mce cx8 apic sep mtrr pge mca cmov pat pse36 clflush dts acpi mmx fxsr sse sse2 ss ht tm pbe syscall nx rdtscp lm constant_tsc arch_perfmon pebs bts rep_good nopl xtopology nonstop_tsc aperfmperf eagerfpu pni pclmulqdq dtes64 monitor ds_cpl vmx est tm2 ssse3 cx16 xtpr pdcm pcid sse4_1 sse4_2 x2apic popcnt tsc_deadline_timer aes xsave avx f16c rdrand lahf_lm ida arat epb xsaveopt pln pts dtherm tpr_shadow vnmi flexpriority ept vpid fsgsbase smep erms
bogomips	: 4988.63
clflush size	: 64
cache_alignment	: 64
address sizes	: 36 bits physical, 48 bits virtual
power management:



Memory: 4k page, physical 3891224k(105112k free), swap 4036604k(2859364k free)

vm_info: Java HotSpot(TM) 64-Bit Server VM (25.45-b02) for linux-amd64 JRE (1.8.0_45-b14), built on Apr 10 2015 10:07:45 by "java_re" with gcc 4.3.0 20080428 (Red Hat 4.3.0-8)

time: Sun Nov 29 18:48:50 2015
elapsed time: 78 seconds (0d 0h 1m 18s)

