#
# A fatal error has been detected by the Java Runtime Environment:
#
#  SIGSEGV (0xb) at pc=0x00007f1d84abc522, pid=11770, tid=139765441390336
#
# JRE version: Java(TM) SE Runtime Environment (8.0_45-b14) (build 1.8.0_45-b14)
# Java VM: Java HotSpot(TM) 64-Bit Server VM (25.45-b02 mixed mode linux-amd64 compressed oops)
# Problematic frame:
# C  [i965_dri.so+0x2fb522]
#
# Failed to write core dump. Core dumps have been disabled. To enable core dumping, try "ulimit -c unlimited" before starting Java again
#
# If you would like to submit a bug report, please visit:
#   http://bugreport.java.com/bugreport/crash.jsp
# The crash happened outside the Java Virtual Machine in native code.
# See problematic frame for where to report the bug.
#

---------------  T H R E A D  ---------------

Current thread (0x00007f1da4003000):  JavaThread "AWT-EventQueue-1" [_thread_in_native, id=11798, stack(0x00007f1dad6c6000,0x00007f1dad7c7000)]

siginfo: si_signo: 11 (SIGSEGV), si_code: 1 (SEGV_MAPERR), si_addr: 0x000000000000c540

Registers:
RAX=0x00007f1d84abc510, RBX=0x000000000000c000, RCX=0x0000000000000000, RDX=0x0000000000000001
RSP=0x00007f1dad7c4510, RBP=0x0000000000000000, RSI=0x00007f1d90fc8000, RDI=0x0000000100000000
R8 =0x0000000000000000, R9 =0x00007f1d87db1710, R10=0x00007f1de968a147, R11=0x00000000c5385f28
R12=0x00007f1d94135a90, R13=0x00007f1d941345e0, R14=0x00007f1d94145f50, R15=0x0000000000000000
RIP=0x00007f1d84abc522, EFLAGS=0x0000000000010206, CSGSFS=0x0000000000000033, ERR=0x0000000000000004
  TRAPNO=0x000000000000000e

Top of Stack: (sp=0x00007f1dad7c4510)
0x00007f1dad7c4510:   0000000000000000 00007f1d90fc7f10
0x00007f1dad7c4520:   0000000000000000 00007f1d94135a90
0x00007f1dad7c4530:   00007f1d941345e0 00007f1d87db17b2
0x00007f1dad7c4540:   00007f1dad7c4570 00007f1d00000000
0x00007f1dad7c4550:   0000000000000000 0000000000000000
0x00007f1dad7c4560:   0000000002800053 00007f1d87d82b31
0x00007f1dad7c4570:   00007f1d90fc7f10 b7cea9479d9dbc00
0x00007f1dad7c4580:   0000000002800053 00007f1d87d82b60
0x00007f1dad7c4590:   00007f1dad7c4600 0000000000000000
0x00007f1dad7c45a0:   00000000c5385f28 00007f1dad7c4640
0x00007f1dad7c45b0:   00007f1da4003000 00007f1d866e8849
0x00007f1dad7c45c0:   0000003000000018 00007f1d87d82b60
0x00007f1dad7c45d0:   0000000002800053 00007f1d94132ee0
0x00007f1dad7c45e0:   00007f1dad7c4640 00007f1da40031f8
0x00007f1dad7c45f0:   0000001800000000 00007f1d87d82b60
0x00007f1dad7c4600:   00007f1dad7c4650 00007f1de968a1bd
0x00007f1dad7c4610:   0000000000000030 00000000c5385998
0x00007f1dad7c4620:   0000000000000000 00007f1d00000000
0x00007f1dad7c4630:   00007f1dad7c4670 00007f1dfe25f025
0x00007f1dad7c4640:   00000000c543cea8 00007f1da40031f8
0x00007f1dad7c4650:   00007f1dad7c48a8 00007f1de96902d4
0x00007f1dad7c4660:   00007f1dad7c4690 00007f1dfe262b62
0x00007f1dad7c4670:   00007f1dad7c4690 00000000c53acd40
0x00007f1dad7c4680:   0000000000000000 00000000c5385f28
0x00007f1dad7c4690:   00007f1dad7c46e0 00007f1daca98e40
0x00007f1dad7c46a0:   00007f1dad7c46e0 00007f1dad7c46f8
0x00007f1dad7c46b0:   00007f1dad7c46f0 00007f1da40031f8
0x00007f1dad7c46c0:   00007f1dad7c46f0 00007f1d91536540
0x00007f1dad7c46d0:   00007f1d91536540 00000000c53acd40
0x00007f1dad7c46e0:   00007f1dad7c4730 00007f1de9470cfc
0x00007f1dad7c46f0:   00000000f4c84e48 00000000f4c84e08
0x00007f1dad7c4700:   00000000c5385998 0000000000000000 

Instructions: (pc=0x00007f1d84abc522)
0x00007f1d84abc502:   41 5c c3 66 66 2e 0f 1f 84 00 00 00 00 00 41 55
0x00007f1d84abc512:   41 54 55 53 48 83 ec 08 48 8b 1f 48 85 db 74 41
0x00007f1d84abc522:   f6 83 40 05 00 00 01 89 cd 41 89 d5 49 89 f4 75
0x00007f1d84abc532:   75 41 83 e5 01 75 5f 83 e5 fd 74 32 48 8d 35 bb 

Register to memory mapping:

RAX=0x00007f1d84abc510: <offset 0x2fb510> in /usr/lib/x86_64-linux-gnu/dri/i965_dri.so at 0x00007f1d847c1000
RBX=0x000000000000c000 is an unknown value
RCX=0x0000000000000000 is an unknown value
RDX=0x0000000000000001 is an unknown value
RSP=0x00007f1dad7c4510 is pointing into the stack for thread: 0x00007f1da4003000
RBP=0x0000000000000000 is an unknown value
RSI=0x00007f1d90fc8000 is an unknown value
RDI=0x0000000100000000 is pointing into metadata
R8 =0x0000000000000000 is an unknown value
R9 =0x00007f1d87db1710: <offset 0x4b710> in /usr/lib/x86_64-linux-gnu/mesa/libGL.so.1 at 0x00007f1d87d66000
R10=0x00007f1de968a147 is at entry_point+71 in (nmethod*)0x00007f1de9689f90
R11=0x00000000c5385f28 is an oop
jogamp.nativewindow.jawt.x11.X11JAWTWindow 
 - klass: 'jogamp/nativewindow/jawt/x11/X11JAWTWindow'
R12=0x00007f1d94135a90 is an unknown value
R13=0x00007f1d941345e0 is an unknown value
R14=0x00007f1d94145f50 is an unknown value
R15=0x0000000000000000 is an unknown value


Stack: [0x00007f1dad6c6000,0x00007f1dad7c7000],  sp=0x00007f1dad7c4510,  free space=1017k
Native frames: (J=compiled Java code, j=interpreted, Vv=VM code, C=native code)
C  [i965_dri.so+0x2fb522]

Java frames: (J=compiled Java code, j=interpreted, Vv=VM code)
J 2694  jogamp.opengl.x11.glx.GLX.dispatch_glXSwapBuffers0(JJJ)V (0 bytes) @ 0x00007f1de968a147 [0x00007f1de968a100+0x47]
J 2693 C1 jogamp.opengl.x11.glx.GLX.glXSwapBuffers(JJ)V (45 bytes) @ 0x00007f1de96902d4 [0x00007f1de968f920+0x9b4]
J 2692 C1 jogamp.opengl.x11.glx.X11GLXDrawable.swapBuffersImpl(Z)V (21 bytes) @ 0x00007f1de962e004 [0x00007f1de962dd60+0x2a4]
J 2645 C1 jogamp.opengl.GLDrawableImpl.swapBuffers()V (138 bytes) @ 0x00007f1de947a914 [0x00007f1de947a260+0x6b4]
j  javax.media.opengl.awt.GLCanvas$12.run()V+45
J 3272 C2 java.awt.EventQueue$3.run()Ljava/lang/Object; (5 bytes) @ 0x00007f1de9a42be4 [0x00007f1de9a42480+0x764]
v  ~StubRoutines::call_stub
J 515  java.security.AccessController.doPrivileged(Ljava/security/PrivilegedAction;Ljava/security/AccessControlContext;)Ljava/lang/Object; (0 bytes) @ 0x00007f1de9230323 [0x00007f1de92302c0+0x63]
J 3271 C2 java.awt.EventDispatchThread.pumpOneEventForFilters(I)V (295 bytes) @ 0x00007f1de9a51da4 [0x00007f1de9a50460+0x1944]
j  java.awt.EventDispatchThread.pumpEventsForFilter(ILjava/awt/Conditional;Ljava/awt/EventFilter;)V+35
j  java.awt.EventDispatchThread.pumpEventsForHierarchy(ILjava/awt/Conditional;Ljava/awt/Component;)V+11
j  java.awt.EventDispatchThread.pumpEvents(ILjava/awt/Conditional;)V+4
j  java.awt.EventDispatchThread.pumpEvents(Ljava/awt/Conditional;)V+3
j  java.awt.EventDispatchThread.run()V+9
v  ~StubRoutines::call_stub

---------------  P R O C E S S  ---------------

Java Threads: ( => current thread )
  0x00007f1d91574800 JavaThread "Thread-115" [_thread_blocked, id=12548, stack(0x00007f1d8267a000,0x00007f1d8277b000)]
  0x00007f1d9411e800 JavaThread "Animation Thread-SharedResourceRunner" daemon [_thread_blocked, id=11808, stack(0x00007f1dad09d000,0x00007f1dad19e000)]
=>0x00007f1da4003000 JavaThread "AWT-EventQueue-1" [_thread_in_native, id=11798, stack(0x00007f1dad6c6000,0x00007f1dad7c7000)]
  0x00007f1df800a000 JavaThread "DestroyJavaVM" [_thread_blocked, id=11776, stack(0x00007f1dff657000,0x00007f1dff758000)]
  0x00007f1df82bf000 JavaThread "AWT-EventQueue-0" [_thread_blocked, id=11796, stack(0x00007f1dade6e000,0x00007f1dadf6f000)]
  0x00007f1df82bc800 JavaThread "AWT-Shutdown" [_thread_blocked, id=11795, stack(0x00007f1dadf6f000,0x00007f1dae070000)]
  0x00007f1df82a5000 JavaThread "thread applet-module4.EarthquakeCityMap.class" [_thread_blocked, id=11794, stack(0x00007f1dae070000,0x00007f1dae171000)]
  0x00007f1df8298000 JavaThread "AWT-XAWT" daemon [_thread_blocked, id=11792, stack(0x00007f1dae171000,0x00007f1dae272000)]
  0x00007f1df827a000 JavaThread "Java2D Disposer" daemon [_thread_blocked, id=11791, stack(0x00007f1dae682000,0x00007f1dae783000)]
  0x00007f1df80c3000 JavaThread "Service Thread" daemon [_thread_blocked, id=11789, stack(0x00007f1de4467000,0x00007f1de4568000)]
  0x00007f1df80be000 JavaThread "C1 CompilerThread2" daemon [_thread_blocked, id=11788, stack(0x00007f1de4568000,0x00007f1de4669000)]
  0x00007f1df80bc000 JavaThread "C2 CompilerThread1" daemon [_thread_blocked, id=11787, stack(0x00007f1de4669000,0x00007f1de476a000)]
  0x00007f1df80b9000 JavaThread "C2 CompilerThread0" daemon [_thread_blocked, id=11786, stack(0x00007f1de476a000,0x00007f1de486b000)]
  0x00007f1df80b7800 JavaThread "Signal Dispatcher" daemon [_thread_blocked, id=11785, stack(0x00007f1de486b000,0x00007f1de496c000)]
  0x00007f1df807f800 JavaThread "Finalizer" daemon [_thread_blocked, id=11784, stack(0x00007f1de504e000,0x00007f1de514f000)]
  0x00007f1df807d800 JavaThread "Reference Handler" daemon [_thread_blocked, id=11783, stack(0x00007f1de514f000,0x00007f1de5250000)]

Other Threads:
  0x00007f1df8078800 VMThread [stack: 0x00007f1de5250000,0x00007f1de5351000] [id=11782]
  0x00007f1df80c5800 WatcherThread [stack: 0x00007f1de4366000,0x00007f1de4467000] [id=11790]

VM state:not at safepoint (normal execution)

VM Mutex/Monitor currently owned by a thread: None

Heap:
 PSYoungGen      total 269824K, used 144134K [0x00000000ec300000, 0x00000000fe680000, 0x0000000100000000)
  eden space 257536K, 55% used [0x00000000ec300000,0x00000000f4fb1840,0x00000000fbe80000)
  from space 12288K, 0% used [0x00000000fce80000,0x00000000fce90000,0x00000000fda80000)
  to   space 11776K, 0% used [0x00000000fdb00000,0x00000000fdb00000,0x00000000fe680000)
 ParOldGen       total 66048K, used 41724K [0x00000000c4800000, 0x00000000c8880000, 0x00000000ec300000)
  object space 66048K, 63% used [0x00000000c4800000,0x00000000c70bf3b8,0x00000000c8880000)
 Metaspace       used 21651K, capacity 21883K, committed 22064K, reserved 1069056K
  class space    used 1994K, capacity 2053K, committed 2176K, reserved 1048576K

Card table byte_map: [0x00007f1dfc24f000,0x00007f1dfc42c000] byte_map_base: 0x00007f1dfbc2b000

Marking Bits: (ParMarkBitMap*) 0x00007f1dfeb29760
 Begin Bits: [0x00007f1de6f3d000, 0x00007f1de7e1d000)
 End Bits:   [0x00007f1de7e1d000, 0x00007f1de8cfd000)

Polling page: 0x00007f1dff770000

CodeCache: size=245760Kb used=10561Kb max_used=10573Kb free=235198Kb
 bounds [0x00007f1de9000000, 0x00007f1de9a70000, 0x00007f1df8000000]
 total_blobs=3743 nmethods=2774 adapters=882
 compilation: enabled

Compilation events (10 events):
Event: 497.252 Thread 0x00007f1df80bc000 3287       4       javax.media.opengl.awt.GLCanvas::display (68 bytes)
Event: 497.305 Thread 0x00007f1df80bc000 nmethod 3287 0x00007f1de9a2ded0 code [0x00007f1de9a2e0c0, 0x00007f1de9a2e830]
Event: 497.364 Thread 0x00007f1df80b9000 3288       4       processing.opengl.PGraphicsOpenGL::requestDraw (53 bytes)
Event: 497.435 Thread 0x00007f1df80bc000 3289   !   4       processing.opengl.PJOGL$PGLListener::display (520 bytes)
Event: 497.470 Thread 0x00007f1df80b9000 nmethod 3288 0x00007f1de9a4b450 code [0x00007f1de9a4b6c0, 0x00007f1de9a4c420]
Event: 497.470 Thread 0x00007f1df80b9000 3290       4       java.util.concurrent.locks.AbstractQueuedSynchronizer::tryAcquireSharedNanos (37 bytes)
Event: 497.474 Thread 0x00007f1df80b9000 nmethod 3290 0x00007f1de9793590 code [0x00007f1de9793700, 0x00007f1de9793838]
Event: 497.501 Thread 0x00007f1df80bc000 nmethod 3289 0x00007f1de9a4a310 code [0x00007f1de9a4a500, 0x00007f1de9a4ab70]
Event: 556.687 Thread 0x00007f1df80b9000 3291       4       java.lang.Math::floor (5 bytes)
Event: 556.688 Thread 0x00007f1df80b9000 nmethod 3291 0x00007f1de9722550 code [0x00007f1de97226c0, 0x00007f1de97227d8]

GC Heap History (10 events):
Event: 197.247 GC heap before
{Heap before GC invocations=17 (full 2):
 PSYoungGen      total 310784K, used 297088K [0x00000000ec300000, 0x0000000100000000, 0x0000000100000000)
  eden space 296960K, 100% used [0x00000000ec300000,0x00000000fe500000,0x00000000fe500000)
  from space 13824K, 0% used [0x00000000ff280000,0x00000000ff2a0000,0x0000000100000000)
  to   space 13824K, 0% used [0x00000000fe500000,0x00000000fe500000,0x00000000ff280000)
 ParOldGen       total 66048K, used 41700K [0x00000000c4800000, 0x00000000c8880000, 0x00000000ec300000)
  object space 66048K, 63% used [0x00000000c4800000,0x00000000c70b93b8,0x00000000c8880000)
 Metaspace       used 21642K, capacity 21883K, committed 22064K, reserved 1069056K
  class space    used 1993K, capacity 2053K, committed 2176K, reserved 1048576K
Event: 197.250 GC heap after
Heap after GC invocations=17 (full 2):
 PSYoungGen      total 297472K, used 96K [0x00000000ec300000, 0x00000000fff00000, 0x0000000100000000)
  eden space 296960K, 0% used [0x00000000ec300000,0x00000000ec300000,0x00000000fe500000)
  from space 512K, 18% used [0x00000000fe500000,0x00000000fe518000,0x00000000fe580000)
  to   space 13312K, 0% used [0x00000000ff200000,0x00000000ff200000,0x00000000fff00000)
 ParOldGen       total 66048K, used 41700K [0x00000000c4800000, 0x00000000c8880000, 0x00000000ec300000)
  object space 66048K, 63% used [0x00000000c4800000,0x00000000c70b93b8,0x00000000c8880000)
 Metaspace       used 21642K, capacity 21883K, committed 22064K, reserved 1069056K
  class space    used 1993K, capacity 2053K, committed 2176K, reserved 1048576K
}
Event: 235.931 GC heap before
{Heap before GC invocations=18 (full 2):
 PSYoungGen      total 297472K, used 297056K [0x00000000ec300000, 0x00000000fff00000, 0x0000000100000000)
  eden space 296960K, 100% used [0x00000000ec300000,0x00000000fe500000,0x00000000fe500000)
  from space 512K, 18% used [0x00000000fe500000,0x00000000fe518000,0x00000000fe580000)
  to   space 13312K, 0% used [0x00000000ff200000,0x00000000ff200000,0x00000000fff00000)
 ParOldGen       total 66048K, used 41700K [0x00000000c4800000, 0x00000000c8880000, 0x00000000ec300000)
  object space 66048K, 63% used [0x00000000c4800000,0x00000000c70b93b8,0x00000000c8880000)
 Metaspace       used 21642K, capacity 21883K, committed 22064K, reserved 1069056K
  class space    used 1993K, capacity 2053K, committed 2176K, reserved 1048576K
Event: 235.933 GC heap after
Heap after GC invocations=18 (full 2):
 PSYoungGen      total 310272K, used 96K [0x00000000ec300000, 0x0000000100000000, 0x0000000100000000)
  eden space 296960K, 0% used [0x00000000ec300000,0x00000000ec300000,0x00000000fe500000)
  from space 13312K, 0% used [0x00000000ff200000,0x00000000ff218000,0x00000000fff00000)
  to   space 13312K, 0% used [0x00000000fe500000,0x00000000fe500000,0x00000000ff200000)
 ParOldGen       total 66048K, used 41700K [0x00000000c4800000, 0x00000000c8880000, 0x00000000ec300000)
  object space 66048K, 63% used [0x00000000c4800000,0x00000000c70b93b8,0x00000000c8880000)
 Metaspace       used 21642K, capacity 21883K, committed 22064K, reserved 1069056K
  class space    used 1993K, capacity 2053K, committed 2176K, reserved 1048576K
}
Event: 316.301 GC heap before
{Heap before GC invocations=19 (full 2):
 PSYoungGen      total 310272K, used 297056K [0x00000000ec300000, 0x0000000100000000, 0x0000000100000000)
  eden space 296960K, 100% used [0x00000000ec300000,0x00000000fe500000,0x00000000fe500000)
  from space 13312K, 0% used [0x00000000ff200000,0x00000000ff218000,0x00000000fff00000)
  to   space 13312K, 0% used [0x00000000fe500000,0x00000000fe500000,0x00000000ff200000)
 ParOldGen       total 66048K, used 41700K [0x00000000c4800000, 0x00000000c8880000, 0x00000000ec300000)
  object space 66048K, 63% used [0x00000000c4800000,0x00000000c70b93b8,0x00000000c8880000)
 Metaspace       used 21647K, capacity 21883K, committed 22064K, reserved 1069056K
  class space    used 1993K, capacity 2053K, committed 2176K, reserved 1048576K
Event: 316.302 GC heap after
Heap after GC invocations=19 (full 2):
 PSYoungGen      total 283648K, used 128K [0x00000000ec300000, 0x00000000ff280000, 0x0000000100000000)
  eden space 283136K, 0% used [0x00000000ec300000,0x00000000ec300000,0x00000000fd780000)
  from space 512K, 25% used [0x00000000fe500000,0x00000000fe520000,0x00000000fe580000)
  to   space 12800K, 0% used [0x00000000fe600000,0x00000000fe600000,0x00000000ff280000)
 ParOldGen       total 66048K, used 41700K [0x00000000c4800000, 0x00000000c8880000, 0x00000000ec300000)
  object space 66048K, 63% used [0x00000000c4800000,0x00000000c70b93b8,0x00000000c8880000)
 Metaspace       used 21647K, capacity 21883K, committed 22064K, reserved 1069056K
  class space    used 1993K, capacity 2053K, committed 2176K, reserved 1048576K
}
Event: 462.245 GC heap before
{Heap before GC invocations=20 (full 2):
 PSYoungGen      total 283648K, used 283264K [0x00000000ec300000, 0x00000000ff280000, 0x0000000100000000)
  eden space 283136K, 100% used [0x00000000ec300000,0x00000000fd780000,0x00000000fd780000)
  from space 512K, 25% used [0x00000000fe500000,0x00000000fe520000,0x00000000fe580000)
  to   space 12800K, 0% used [0x00000000fe600000,0x00000000fe600000,0x00000000ff280000)
 ParOldGen       total 66048K, used 41700K [0x00000000c4800000, 0x00000000c8880000, 0x00000000ec300000)
  object space 66048K, 63% used [0x00000000c4800000,0x00000000c70b93b8,0x00000000c8880000)
 Metaspace       used 21649K, capacity 21883K, committed 22064K, reserved 1069056K
  class space    used 1993K, capacity 2053K, committed 2176K, reserved 1048576K
Event: 462.431 GC heap after
Heap after GC invocations=20 (full 2):
 PSYoungGen      total 270336K, used 96K [0x00000000ec300000, 0x00000000fe680000, 0x0000000100000000)
  eden space 269824K, 0% used [0x00000000ec300000,0x00000000ec300000,0x00000000fca80000)
  from space 512K, 18% used [0x00000000fe600000,0x00000000fe618000,0x00000000fe680000)
  to   space 12288K, 0% used [0x00000000fce80000,0x00000000fce80000,0x00000000fda80000)
 ParOldGen       total 66048K, used 41716K [0x00000000c4800000, 0x00000000c8880000, 0x00000000ec300000)
  object space 66048K, 63% used [0x00000000c4800000,0x00000000c70bd3b8,0x00000000c8880000)
 Metaspace       used 21649K, capacity 21883K, committed 22064K, reserved 1069056K
  class space    used 1993K, capacity 2053K, committed 2176K, reserved 1048576K
}
Event: 524.720 GC heap before
{Heap before GC invocations=21 (full 2):
 PSYoungGen      total 270336K, used 269920K [0x00000000ec300000, 0x00000000fe680000, 0x0000000100000000)
  eden space 269824K, 100% used [0x00000000ec300000,0x00000000fca80000,0x00000000fca80000)
  from space 512K, 18% used [0x00000000fe600000,0x00000000fe618000,0x00000000fe680000)
  to   space 12288K, 0% used [0x00000000fce80000,0x00000000fce80000,0x00000000fda80000)
 ParOldGen       total 66048K, used 41716K [0x00000000c4800000, 0x00000000c8880000, 0x00000000ec300000)
  object space 66048K, 63% used [0x00000000c4800000,0x00000000c70bd3b8,0x00000000c8880000)
 Metaspace       used 21649K, capacity 21883K, committed 22064K, reserved 1069056K
  class space    used 1993K, capacity 2053K, committed 2176K, reserved 1048576K
Event: 524.795 GC heap after
Heap after GC invocations=21 (full 2):
 PSYoungGen      total 269824K, used 64K [0x00000000ec300000, 0x00000000fe680000, 0x0000000100000000)
  eden space 257536K, 0% used [0x00000000ec300000,0x00000000ec300000,0x00000000fbe80000)
  from space 12288K, 0% used [0x00000000fce80000,0x00000000fce90000,0x00000000fda80000)
  to   space 11776K, 0% used [0x00000000fdb00000,0x00000000fdb00000,0x00000000fe680000)
 ParOldGen       total 66048K, used 41724K [0x00000000c4800000, 0x00000000c8880000, 0x00000000ec300000)
  object space 66048K, 63% used [0x00000000c4800000,0x00000000c70bf3b8,0x00000000c8880000)
 Metaspace       used 21649K, capacity 21883K, committed 22064K, reserved 1069056K
  class space    used 1993K, capacity 2053K, committed 2176K, reserved 1048576K
}

Deoptimization events (10 events):
Event: 245.126 Thread 0x00007f1df82bf000 Uncommon trap: reason=class_check action=maybe_recompile pc=0x00007f1de99db150 method=sun.java2d.xr.XRSurfaceData$XRWindowSurfaceData.getBounds()Ljava/awt/Rectangle; @ 4
Event: 245.136 Thread 0x00007f1da4003000 Uncommon trap: reason=class_check action=maybe_recompile pc=0x00007f1de99dc230 method=java.awt.Component.getGraphics()Ljava/awt/Graphics; @ 114
Event: 245.136 Thread 0x00007f1da4003000 Uncommon trap: reason=class_check action=maybe_recompile pc=0x00007f1de97d8f60 method=sun.java2d.xr.XRSurfaceData$XRWindowSurfaceData.getBounds()Ljava/awt/Rectangle; @ 4
Event: 245.161 Thread 0x00007f1da4003000 Uncommon trap: reason=unstable_if action=reinterpret pc=0x00007f1de99f52b0 method=java.util.concurrent.CountDownLatch$Sync.tryReleaseShared(I)Z @ 6
Event: 246.124 Thread 0x00007f1da4003000 Uncommon trap: reason=class_check action=maybe_recompile pc=0x00007f1de99b8c48 method=java.awt.event.InvocationEvent.dispatch()V @ 11
Event: 246.125 Thread 0x00007f1df82a5000 Uncommon trap: reason=class_check action=maybe_recompile pc=0x00007f1de98a3854 method=sun.java2d.xr.XRSurfaceData$XRWindowSurfaceData.getBounds()Ljava/awt/Rectangle; @ 4
Event: 246.126 Thread 0x00007f1df82bf000 Uncommon trap: reason=class_check action=maybe_recompile pc=0x00007f1de99b2dbc method=java.awt.EventQueue.uncacheEQItem(Lsun/awt/EventQueueItem;)V @ 20
Event: 246.126 Thread 0x00007f1df82bf000 Uncommon trap: reason=class_check action=maybe_recompile pc=0x00007f1de990376c method=java.awt.EventQueue.uncacheEQItem(Lsun/awt/EventQueueItem;)V @ 20
Event: 246.127 Thread 0x00007f1df82bf000 Uncommon trap: reason=class_check action=maybe_recompile pc=0x00007f1de99dc230 method=java.awt.Component.getGraphics()Ljava/awt/Graphics; @ 114
Event: 286.096 Thread 0x00007f1da4003000 Uncommon trap: reason=class_check action=maybe_recompile pc=0x00007f1de99b8c48 method=java.awt.event.InvocationEvent.dispatch()V @ 11

Internal exceptions (10 events):
Event: 1.570 Thread 0x00007f1da4003000 Implicit null exception at 0x00007f1de9158475 to 0x00007f1de91587c5
Event: 7.718 Thread 0x00007f1da4003000 Exception <a 'java/lang/reflect/InvocationTargetException'> (0x00000000ecce6090) thrown at [/RE-WORK/workspace/8-2-build-linux-amd64/jdk8u45/3457/hotspot/src/share/vm/runtime/reflection.cpp, line 1080]
Event: 7.733 Thread 0x00007f1da4003000 Exception <a 'java/lang/reflect/InvocationTargetException'> (0x00000000ecce7c58) thrown at [/RE-WORK/workspace/8-2-build-linux-amd64/jdk8u45/3457/hotspot/src/share/vm/runtime/reflection.cpp, line 1080]
Event: 8.183 Thread 0x00007f1da4003000 Exception <a 'java/lang/reflect/InvocationTargetException'> (0x00000000ec9cb810) thrown at [/RE-WORK/workspace/8-2-build-linux-amd64/jdk8u45/3457/hotspot/src/share/vm/runtime/reflection.cpp, line 1080]
Event: 8.187 Thread 0x00007f1da4003000 Exception <a 'java/lang/reflect/InvocationTargetException'> (0x00000000ec9ccaf0) thrown at [/RE-WORK/workspace/8-2-build-linux-amd64/jdk8u45/3457/hotspot/src/share/vm/runtime/reflection.cpp, line 1080]
Event: 8.253 Thread 0x00007f1da4003000 Exception <a 'java/lang/reflect/InvocationTargetException'> (0x00000000eca709b0) thrown at [/RE-WORK/workspace/8-2-build-linux-amd64/jdk8u45/3457/hotspot/src/share/vm/runtime/reflection.cpp, line 1080]
Event: 8.254 Thread 0x00007f1da4003000 Exception <a 'java/lang/reflect/InvocationTargetException'> (0x00000000eca71138) thrown at [/RE-WORK/workspace/8-2-build-linux-amd64/jdk8u45/3457/hotspot/src/share/vm/runtime/reflection.cpp, line 1080]
Event: 8.282 Thread 0x00007f1da4003000 Exception <a 'java/lang/reflect/InvocationTargetException'> (0x00000000ecabed60) thrown at [/RE-WORK/workspace/8-2-build-linux-amd64/jdk8u45/3457/hotspot/src/share/vm/runtime/reflection.cpp, line 1080]
Event: 8.283 Thread 0x00007f1da4003000 Exception <a 'java/lang/reflect/InvocationTargetException'> (0x00000000ecabfcb0) thrown at [/RE-WORK/workspace/8-2-build-linux-amd64/jdk8u45/3457/hotspot/src/share/vm/runtime/reflection.cpp, line 1080]
Event: 8.314 Thread 0x00007f1da4003000 Exception <a 'java/lang/reflect/InvocationTargetException'> (0x00000000ecb100a0) thrown at [/RE-WORK/workspace/8-2-build-linux-amd64/jdk8u45/3457/hotspot/src/share/vm/runtime/reflection.cpp, line 1080]

Events (10 events):
Event: 316.300 Executing VM operation: ParallelGCFailedAllocation
Event: 316.302 Executing VM operation: ParallelGCFailedAllocation done
Event: 462.244 Executing VM operation: ParallelGCFailedAllocation
Event: 462.431 Executing VM operation: ParallelGCFailedAllocation done
Event: 524.719 Executing VM operation: ParallelGCFailedAllocation
Event: 524.795 Executing VM operation: ParallelGCFailedAllocation done
Event: 556.540 loading class sun/applet/AppletViewer$3
Event: 556.558 loading class sun/applet/AppletViewer$3 done
Event: 556.659 Thread 0x00007f1d91574800 Thread added: 0x00007f1d91574800
Event: 556.694 Thread 0x00007f1da4009000 Thread exited: 0x00007f1da4009000


Dynamic libraries:
00400000-00401000 r-xp 00000000 08:02 4856071                            /usr/lib/jvm/java-8-oracle/bin/java
00600000-00601000 rw-p 00000000 08:02 4856071                            /usr/lib/jvm/java-8-oracle/bin/java
0098b000-009ac000 rw-p 00000000 00:00 0                                  [heap]
c4800000-c8880000 rw-p 00000000 00:00 0 
c8880000-ec300000 ---p 00000000 00:00 0 
ec300000-fe680000 rw-p 00000000 00:00 0 
fe680000-100000000 ---p 00000000 00:00 0 
100000000-100220000 rw-p 00000000 00:00 0 
100220000-140000000 ---p 00000000 00:00 0 
7f1d5c000000-7f1d5c127000 rw-p 00000000 00:00 0 
7f1d5c127000-7f1d60000000 ---p 00000000 00:00 0 
7f1d6177e000-7f1d617ee000 rw-s 00000000 00:04 182707                     /drm mm object (deleted)
7f1d617ee000-7f1d6185e000 rw-s 00000000 00:04 181920                     /drm mm object (deleted)
7f1d6185e000-7f1d618ce000 rw-s 00000000 00:04 181909                     /drm mm object (deleted)
7f1d618ce000-7f1d6193e000 rw-s 00000000 00:04 181895                     /drm mm object (deleted)
7f1d6193e000-7f1d619ae000 rw-s 00000000 00:04 181894                     /drm mm object (deleted)
7f1d619ae000-7f1d61a1e000 rw-s 00000000 00:04 181893                     /drm mm object (deleted)
7f1d61a1e000-7f1d61a8e000 rw-s 00000000 00:04 182704                     /drm mm object (deleted)
7f1d61a8e000-7f1d61afe000 rw-s 00000000 00:04 182703                     /drm mm object (deleted)
7f1d61afe000-7f1d61b6e000 rw-s 00000000 00:04 184615                     /drm mm object (deleted)
7f1d61b6e000-7f1d61bde000 rw-s 00000000 00:04 181892                     /drm mm object (deleted)
7f1d61bde000-7f1d61c4e000 rw-s 00000000 00:04 182702                     /drm mm object (deleted)
7f1d61c4e000-7f1d61cbe000 rw-s 00000000 00:04 182701                     /drm mm object (deleted)
7f1d61cbe000-7f1d61d2e000 rw-s 00000000 00:04 182700                     /drm mm object (deleted)
7f1d61d2e000-7f1d61d9e000 rw-s 00000000 00:04 184614                     /drm mm object (deleted)
7f1d61d9e000-7f1d61e0e000 rw-s 00000000 00:04 181890                     /drm mm object (deleted)
7f1d61e0e000-7f1d61e7e000 rw-s 00000000 00:04 181889                     /drm mm object (deleted)
7f1d61e7e000-7f1d61eee000 rw-s 00000000 00:04 181888                     /drm mm object (deleted)
7f1d61eee000-7f1d61f5e000 rw-s 00000000 00:04 182699                     /drm mm object (deleted)
7f1d61f5e000-7f1d61fce000 rw-s 00000000 00:04 184613                     /drm mm object (deleted)
7f1d61fce000-7f1d6203e000 rw-s 00000000 00:04 184612                     /drm mm object (deleted)
7f1d6203e000-7f1d620ae000 rw-s 00000000 00:04 181886                     /drm mm object (deleted)
7f1d620ae000-7f1d6211e000 rw-s 00000000 00:04 184611                     /drm mm object (deleted)
7f1d6211e000-7f1d6218e000 rw-s 00000000 00:04 184610                     /drm mm object (deleted)
7f1d6218e000-7f1d621fe000 rw-s 00000000 00:04 182698                     /drm mm object (deleted)
7f1d621fe000-7f1d6226e000 rw-s 00000000 00:04 184609                     /drm mm object (deleted)
7f1d6226e000-7f1d622de000 rw-s 00000000 00:04 182697                     /drm mm object (deleted)
7f1d622de000-7f1d622e1000 ---p 00000000 00:00 0 
7f1d622e1000-7f1d623df000 rw-p 00000000 00:00 0 
7f1d623df000-7f1d6244f000 rw-s 00000000 00:04 182696                     /drm mm object (deleted)
7f1d6244f000-7f1d624bf000 rw-s 00000000 00:04 183742                     /drm mm object (deleted)
7f1d624bf000-7f1d6252f000 rw-s 00000000 00:04 184606                     /drm mm object (deleted)
7f1d6252f000-7f1d6259f000 rw-s 00000000 00:04 181883                     /drm mm object (deleted)
7f1d6259f000-7f1d6260f000 rw-s 00000000 00:04 183741                     /drm mm object (deleted)
7f1d6260f000-7f1d6267f000 rw-s 00000000 00:04 183740                     /drm mm object (deleted)
7f1d6267f000-7f1d626ef000 rw-s 00000000 00:04 184605                     /drm mm object (deleted)
7f1d626ef000-7f1d6275f000 rw-s 00000000 00:04 183739                     /drm mm object (deleted)
7f1d6275f000-7f1d627cf000 rw-s 00000000 00:04 183738                     /drm mm object (deleted)
7f1d627cf000-7f1d6283f000 rw-s 00000000 00:04 183737                     /drm mm object (deleted)
7f1d6283f000-7f1d628af000 rw-s 00000000 00:04 181882                     /drm mm object (deleted)
7f1d628af000-7f1d6291f000 rw-s 00000000 00:04 182695                     /drm mm object (deleted)
7f1d6291f000-7f1d6298f000 rw-s 00000000 00:04 181881                     /drm mm object (deleted)
7f1d6298f000-7f1d629ff000 rw-s 00000000 00:04 181880                     /drm mm object (deleted)
7f1d629ff000-7f1d62a6f000 rw-s 00000000 00:04 184604                     /drm mm object (deleted)
7f1d62a6f000-7f1d62adf000 rw-s 00000000 00:04 181879                     /drm mm object (deleted)
7f1d62adf000-7f1d62b4f000 rw-s 00000000 00:04 182673                     /drm mm object (deleted)
7f1d62b4f000-7f1d62bbf000 rw-s 00000000 00:04 182672                     /drm mm object (deleted)
7f1d62bbf000-7f1d62c2f000 rw-s 00000000 00:04 181878                     /drm mm object (deleted)
7f1d62c2f000-7f1d62c9f000 rw-s 00000000 00:04 183736                     /drm mm object (deleted)
7f1d62c9f000-7f1d62d0f000 rw-s 00000000 00:04 184598                     /drm mm object (deleted)
7f1d62d0f000-7f1d62d7f000 rw-s 00000000 00:04 182662                     /drm mm object (deleted)
7f1d62d7f000-7f1d62def000 rw-s 00000000 00:04 184592                     /drm mm object (deleted)
7f1d62def000-7f1d62e5f000 rw-s 00000000 00:04 183718                     /drm mm object (deleted)
7f1d62e5f000-7f1d62ecf000 rw-s 00000000 00:04 182633                     /drm mm object (deleted)
7f1d62ecf000-7f1d62f3f000 rw-s 00000000 00:04 182616                     /drm mm object (deleted)
7f1d62f3f000-7f1d62faf000 rw-s 00000000 00:04 181832                     /drm mm object (deleted)
7f1d62faf000-7f1d6301f000 rw-s 00000000 00:04 184552                     /drm mm object (deleted)
7f1d6301f000-7f1d6308f000 rw-s 00000000 00:04 184551                     /drm mm object (deleted)
7f1d6308f000-7f1d630ff000 rw-s 00000000 00:04 183691                     /drm mm object (deleted)
7f1d630ff000-7f1d6316f000 rw-s 00000000 00:04 184550                     /drm mm object (deleted)
7f1d6316f000-7f1d631df000 rw-s 00000000 00:04 182613                     /drm mm object (deleted)
7f1d631df000-7f1d6324f000 rw-s 00000000 00:04 183690                     /drm mm object (deleted)
7f1d6324f000-7f1d632bf000 rw-s 00000000 00:04 184549                     /drm mm object (deleted)
7f1d632bf000-7f1d6332f000 rw-s 00000000 00:04 182612                     /drm mm object (deleted)
7f1d6332f000-7f1d6339f000 rw-s 00000000 00:04 182611                     /drm mm object (deleted)
7f1d6339f000-7f1d6340f000 rw-s 00000000 00:04 184548                     /drm mm object (deleted)
7f1d6340f000-7f1d6347f000 rw-s 00000000 00:04 184547                     /drm mm object (deleted)
7f1d6347f000-7f1d634ef000 rw-s 00000000 00:04 181831                     /drm mm object (deleted)
7f1d634ef000-7f1d6355f000 rw-s 00000000 00:04 183687                     /drm mm object (deleted)
7f1d6355f000-7f1d635cf000 rw-s 00000000 00:04 182610                     /drm mm object (deleted)
7f1d635cf000-7f1d6363f000 rw-s 00000000 00:04 181829                     /drm mm object (deleted)
7f1d6363f000-7f1d636af000 rw-s 00000000 00:04 182609                     /drm mm object (deleted)
7f1d636af000-7f1d6371f000 rw-s 00000000 00:04 183684                     /drm mm object (deleted)
7f1d6371f000-7f1d6378f000 rw-s 00000000 00:04 183683                     /drm mm object (deleted)
7f1d6378f000-7f1d637ff000 rw-s 00000000 00:04 181828                     /drm mm object (deleted)
7f1d637ff000-7f1d6386f000 rw-s 00000000 00:04 183682                     /drm mm object (deleted)
7f1d6386f000-7f1d638df000 rw-s 00000000 00:04 183681                     /drm mm object (deleted)
7f1d638df000-7f1d6394f000 rw-s 00000000 00:04 183680                     /drm mm object (deleted)
7f1d6394f000-7f1d639bf000 rw-s 00000000 00:04 182608                     /drm mm object (deleted)
7f1d639bf000-7f1d63a2f000 rw-s 00000000 00:04 184544                     /drm mm object (deleted)
7f1d63a2f000-7f1d63a9f000 rw-s 00000000 00:04 181827                     /drm mm object (deleted)
7f1d63a9f000-7f1d63b0f000 rw-s 00000000 00:04 181826                     /drm mm object (deleted)
7f1d63b0f000-7f1d63b12000 ---p 00000000 00:00 0 
7f1d63b12000-7f1d63c10000 rw-p 00000000 00:00 0 
7f1d63c10000-7f1d63c80000 rw-s 00000000 00:04 183679                     /drm mm object (deleted)
7f1d63c80000-7f1d63cf0000 rw-s 00000000 00:04 184543                     /drm mm object (deleted)
7f1d63cf0000-7f1d63d60000 rw-s 00000000 00:04 183678                     /drm mm object (deleted)
7f1d63d60000-7f1d63dd0000 rw-s 00000000 00:04 181825                     /drm mm object (deleted)
7f1d63dd0000-7f1d63e40000 rw-s 00000000 00:04 181824                     /drm mm object (deleted)
7f1d63e40000-7f1d63eb0000 rw-s 00000000 00:04 182607                     /drm mm object (deleted)
7f1d63eb0000-7f1d63f20000 rw-s 00000000 00:04 183676                     /drm mm object (deleted)
7f1d63f20000-7f1d63f90000 rw-s 00000000 00:04 184541                     /drm mm object (deleted)
7f1d63f90000-7f1d64000000 rw-s 00000000 00:04 182605                     /drm mm object (deleted)
7f1d64000000-7f1d64085000 rw-p 00000000 00:00 0 
7f1d64085000-7f1d68000000 ---p 00000000 00:00 0 
7f1d68000000-7f1d68089000 rw-p 00000000 00:00 0 
7f1d68089000-7f1d6c000000 ---p 00000000 00:00 0 
7f1d6c000000-7f1d6c144000 rw-p 00000000 00:00 0 
7f1d6c144000-7f1d70000000 ---p 00000000 00:00 0 
7f1d70000000-7f1d70021000 rw-p 00000000 00:00 0 
7f1d70021000-7f1d74000000 ---p 00000000 00:00 0 
7f1d74000000-7f1d74144000 rw-p 00000000 00:00 0 
7f1d74144000-7f1d78000000 ---p 00000000 00:00 0 
7f1d78000000-7f1d78021000 rw-p 00000000 00:00 0 
7f1d78021000-7f1d7c000000 ---p 00000000 00:00 0 
7f1d7c000000-7f1d7c021000 rw-p 00000000 00:00 0 
7f1d7c021000-7f1d80000000 ---p 00000000 00:00 0 
7f1d8000c000-7f1d8007c000 rw-s 00000000 00:04 184523                     /drm mm object (deleted)
7f1d8007c000-7f1d800ec000 rw-s 00000000 00:04 183665                     /drm mm object (deleted)
7f1d800ec000-7f1d8015c000 rw-s 00000000 00:04 184522                     /drm mm object (deleted)
7f1d8015c000-7f1d801cc000 rw-s 00000000 00:04 182529                     /drm mm object (deleted)
7f1d801cc000-7f1d8023c000 rw-s 00000000 00:04 182528                     /drm mm object (deleted)
7f1d8023c000-7f1d802ac000 rw-s 00000000 00:04 184512                     /drm mm object (deleted)
7f1d802ac000-7f1d802af000 ---p 00000000 00:00 0 
7f1d802af000-7f1d803ad000 rw-p 00000000 00:00 0 
7f1d803ad000-7f1d803b0000 ---p 00000000 00:00 0 
7f1d803b0000-7f1d804ae000 rw-p 00000000 00:00 0 
7f1d804ae000-7f1d8072e000 rw-s 00000000 00:04 183659                     /drm mm object (deleted)
7f1d8072e000-7f1d809ae000 rw-s 00000000 00:04 183656                     /drm mm object (deleted)
7f1d809ae000-7f1d80a6e000 rw-s 10adbb000 00:05 1552                      /dev/dri/card0
7f1d80a6e000-7f1d80b2e000 rw-s 106ff5000 00:05 1552                      /dev/dri/card0
7f1d80b2e000-7f1d80dae000 rw-s 00000000 00:04 183646                     /drm mm object (deleted)
7f1d80dae000-7f1d80daf000 r--s 00000000 08:02 786530                     /var/cache/fontconfig/c05880de57d1f5e948fdfacc138775d9-le64.cache-4
7f1d80daf000-7f1d80dba000 r--s 00000000 08:02 786523                     /var/cache/fontconfig/945677eb7aeaf62f1d50efc3fb3ec7d8-le64.cache-4
7f1d80dba000-7f1d80dc0000 r--s 00000000 08:02 786507                     /var/cache/fontconfig/2cd17615ca594fa2959ae173292e504c-le64.cache-4
7f1d80dc0000-7f1d80dc1000 r--s 00000000 08:02 786541                     /var/cache/fontconfig/e7071f4a29fa870f4323321c154eba04-le64.cache-4
7f1d80dc1000-7f1d80dc2000 r--s 00000000 08:02 786504                     /var/cache/fontconfig/0d8c3b2ac0904cb8a57a757ad11a4a08-le64.cache-4
7f1d80dc2000-7f1d80dc9000 r--s 00000000 08:02 786527                     /var/cache/fontconfig/a755afe4a08bf5b97852ceb7400b47bc-le64.cache-4
7f1d80dc9000-7f1d80dca000 r--s 00000000 08:02 786526                     /var/cache/fontconfig/a6354e3ac43af67bd8d7b8e43c34e49f-le64.cache-4
7f1d80dca000-7f1d80dcb000 r--s 00000000 08:02 786506                     /var/cache/fontconfig/1ac9eb803944fde146138c791f5cc56a-le64.cache-4
7f1d80dcb000-7f1d80dcf000 r--s 00000000 08:02 786510                     /var/cache/fontconfig/385c0604a188198f04d133e54aba7fe7-le64.cache-4
7f1d80dcf000-7f1d80dd0000 r--s 00000000 08:02 786538                     /var/cache/fontconfig/dc05db6664285cc2f12bf69c139ae4c3-le64.cache-4
7f1d80dd0000-7f1d80dd2000 r--s 00000000 08:02 786520                     /var/cache/fontconfig/767a8244fc0220cfb567a839d0392e0b-le64.cache-4
7f1d80dd2000-7f1d80dd7000 r--s 00000000 08:02 786522                     /var/cache/fontconfig/8801497958630a81b71ace7c5f9b32a8-le64.cache-4
7f1d80dd7000-7f1d80dde000 r--s 00000000 08:02 786508                     /var/cache/fontconfig/3047814df9a2f067bd2d96a2b9c36e5a-le64.cache-4
7f1d80dde000-7f1d80de4000 r--s 00000000 08:02 786528                     /var/cache/fontconfig/b47c4e1ecd0709278f4910c18777a504-le64.cache-4
7f1d80de4000-7f1d80df7000 r--s 00000000 08:02 786534                     /var/cache/fontconfig/d52a8644073d54c13679302ca1180695-le64.cache-4
7f1d80df7000-7f1d80e00000 r--s 00000000 08:02 786511                     /var/cache/fontconfig/3f7329c5293ffd510edef78f73874cfd-le64.cache-4
7f1d80e00000-7f1d80e04000 r--s 00000000 08:02 786535                     /var/cache/fontconfig/d589a48862398ed80a3d6066f4f56f4c-le64.cache-4
7f1d80e04000-7f1d80e19000 r--s 00000000 08:02 786537                     /var/cache/fontconfig/da82082e1ef13c4097208324d67c180c-le64.cache-4
7f1d80e70000-7f1d810f0000 rw-s 00000000 00:04 183645                     /drm mm object (deleted)
7f1d81134000-7f1d811a4000 rw-s 00000000 00:04 183664                     /drm mm object (deleted)
7f1d811a4000-7f1d81214000 rw-s 00000000 00:04 183663                     /drm mm object (deleted)
7f1d81214000-7f1d81284000 rw-s 00000000 00:04 183662                     /drm mm object (deleted)
7f1d81284000-7f1d812f4000 rw-s 00000000 00:04 182535                     /drm mm object (deleted)
7f1d812f4000-7f1d81364000 rw-s 00000000 00:04 182534                     /drm mm object (deleted)
7f1d81364000-7f1d813d4000 rw-s 00000000 00:04 183661                     /drm mm object (deleted)
7f1d813d4000-7f1d81444000 rw-s 00000000 00:04 182533                     /drm mm object (deleted)
7f1d81444000-7f1d814b4000 rw-s 00000000 00:04 184521                     /drm mm object (deleted)
7f1d814b4000-7f1d81524000 rw-s 00000000 00:04 181788                     /drm mm object (deleted)
7f1d81524000-7f1d81525000 r--s 00000000 08:02 788870                     /var/cache/fontconfig/4794a0821666d79190d59a36cb4f44b5-le64.cache-4
7f1d81525000-7f1d81526000 r--s 00000000 08:02 786514                     /var/cache/fontconfig/56cf4f4769d0f4abc89a4895d7bd3ae1-le64.cache-4
7f1d81526000-7f1d81527000 r--s 00000000 08:02 786529                     /var/cache/fontconfig/b9d506c9ac06c20b433354fa67a72993-le64.cache-4
7f1d81527000-7f1d81528000 r--s 00000000 08:02 786503                     /var/cache/fontconfig/0c9eb80ebd1c36541ebe2852d3bb0c49-le64.cache-4
7f1d81528000-7f1d81535000 r--s 00000000 08:02 786637                     /var/cache/fontconfig/e13b20fdb08344e0e664864cc2ede53d-le64.cache-4
7f1d81535000-7f1d81539000 r--s 00000000 08:02 786516                     /var/cache/fontconfig/7ef2298fde41cc6eeb7af42e48b7d293-le64.cache-4
7f1d8158b000-7f1d816f7000 rw-p 00000000 00:00 0 
7f1d816f7000-7f1d8178b000 ---p 00000000 00:00 0 
7f1d817c6000-7f1d81836000 rw-s 00000000 00:04 181787                     /drm mm object (deleted)
7f1d81836000-7f1d818b6000 rw-s 106f75000 00:05 1552                      /dev/dri/card0
7f1d818b6000-7f1d81a76000 rw-s 00000000 00:04 181781                     /drm mm object (deleted)
7f1d81a76000-7f1d81a79000 ---p 00000000 00:00 0 
7f1d81a79000-7f1d81b77000 rw-p 00000000 00:00 0 
7f1d81b77000-7f1d81b7a000 ---p 00000000 00:00 0 
7f1d81b7a000-7f1d81c78000 rw-p 00000000 00:00 0 
7f1d81c78000-7f1d81c7b000 ---p 00000000 00:00 0 
7f1d81c7b000-7f1d81d79000 rw-p 00000000 00:00 0 
7f1d81d79000-7f1d81d7c000 ---p 00000000 00:00 0 
7f1d81d7c000-7f1d81e7a000 rw-p 00000000 00:00 0 
7f1d81e7a000-7f1d81efa000 rw-s 10dc96000 00:05 1552                      /dev/dri/card0
7f1d81efa000-7f1d820ba000 rw-s 00000000 00:04 182502                     /drm mm object (deleted)
7f1d820ba000-7f1d8217a000 rw-s 10dbd6000 00:05 1552                      /dev/dri/card0
7f1d8217a000-7f1d823fa000 rw-s 00000000 00:04 182493                     /drm mm object (deleted)
7f1d823fa000-7f1d8267a000 rw-s 00000000 00:04 182491                     /drm mm object (deleted)
7f1d8267a000-7f1d8267d000 ---p 00000000 00:00 0 
7f1d8267d000-7f1d8277b000 rw-p 00000000 00:00 0                          [stack:12548]
7f1d8277b000-7f1d82792000 r-xp 00000000 08:02 2621530                    /lib/x86_64-linux-gnu/libresolv-2.19.so
7f1d82792000-7f1d82992000 ---p 00017000 08:02 2621530                    /lib/x86_64-linux-gnu/libresolv-2.19.so
7f1d82992000-7f1d82993000 r--p 00017000 08:02 2621530                    /lib/x86_64-linux-gnu/libresolv-2.19.so
7f1d82993000-7f1d82994000 rw-p 00018000 08:02 2621530                    /lib/x86_64-linux-gnu/libresolv-2.19.so
7f1d82994000-7f1d82996000 rw-p 00000000 00:00 0 
7f1d82996000-7f1d8299b000 r-xp 00000000 08:02 2621536                    /lib/x86_64-linux-gnu/libnss_dns-2.19.so
7f1d8299b000-7f1d82b9a000 ---p 00005000 08:02 2621536                    /lib/x86_64-linux-gnu/libnss_dns-2.19.so
7f1d82b9a000-7f1d82b9b000 r--p 00004000 08:02 2621536                    /lib/x86_64-linux-gnu/libnss_dns-2.19.so
7f1d82b9b000-7f1d82b9c000 rw-p 00005000 08:02 2621536                    /lib/x86_64-linux-gnu/libnss_dns-2.19.so
7f1d82b9c000-7f1d82b9e000 r-xp 00000000 08:02 2625700                    /lib/x86_64-linux-gnu/libnss_mdns4_minimal.so.2
7f1d82b9e000-7f1d82d9d000 ---p 00002000 08:02 2625700                    /lib/x86_64-linux-gnu/libnss_mdns4_minimal.so.2
7f1d82d9d000-7f1d82d9e000 r--p 00001000 08:02 2625700                    /lib/x86_64-linux-gnu/libnss_mdns4_minimal.so.2
7f1d82d9e000-7f1d82d9f000 rw-p 00002000 08:02 2625700                    /lib/x86_64-linux-gnu/libnss_mdns4_minimal.so.2
7f1d82d9f000-7f1d82da2000 r-xp 00000000 08:02 2625704                    /lib/x86_64-linux-gnu/libnss_myhostname.so.2
7f1d82da2000-7f1d82fa1000 ---p 00003000 08:02 2625704                    /lib/x86_64-linux-gnu/libnss_myhostname.so.2
7f1d82fa1000-7f1d82fa2000 r--p 00002000 08:02 2625704                    /lib/x86_64-linux-gnu/libnss_myhostname.so.2
7f1d82fa2000-7f1d82fa3000 rw-p 00003000 08:02 2625704                    /lib/x86_64-linux-gnu/libnss_myhostname.so.2
7f1d82fa3000-7f1d831a3000 rw-p 00000000 00:00 0 
7f1d831a3000-7f1d83263000 rw-s 106eb5000 00:05 1552                      /dev/dri/card0
7f1d83263000-7f1d834e3000 rw-s 00000000 00:04 183564                     /drm mm object (deleted)
7f1d834e3000-7f1d83763000 rw-s 00000000 00:04 181776                     /drm mm object (deleted)
7f1d83763000-7f1d83823000 rw-s 106df5000 00:05 1552                      /dev/dri/card0
7f1d83823000-7f1d8385a000 r-xp 00000000 08:02 4858923                    /usr/lib/x86_64-linux-gnu/libtxc_dxtn_s2tc.so.0.0.0
7f1d8385a000-7f1d83a59000 ---p 00037000 08:02 4858923                    /usr/lib/x86_64-linux-gnu/libtxc_dxtn_s2tc.so.0.0.0
7f1d83a59000-7f1d83a5a000 r--p 00036000 08:02 4858923                    /usr/lib/x86_64-linux-gnu/libtxc_dxtn_s2tc.so.0.0.0
7f1d83a5a000-7f1d83a5b000 rw-p 00037000 08:02 4858923                    /usr/lib/x86_64-linux-gnu/libtxc_dxtn_s2tc.so.0.0.0
7f1d83a5b000-7f1d83a73000 r-xp 00000000 08:02 2625786                    /lib/x86_64-linux-gnu/libz.so.1.2.8
7f1d83a73000-7f1d83c72000 ---p 00018000 08:02 2625786                    /lib/x86_64-linux-gnu/libz.so.1.2.8
7f1d83c72000-7f1d83c73000 r--p 00017000 08:02 2625786                    /lib/x86_64-linux-gnu/libz.so.1.2.8
7f1d83c73000-7f1d83c74000 rw-p 00018000 08:02 2625786                    /lib/x86_64-linux-gnu/libz.so.1.2.8
7f1d83c74000-7f1d83c7c000 r-xp 00000000 08:02 4858718                    /usr/lib/x86_64-linux-gnu/libpciaccess.so.0.11.1
7f1d83c7c000-7f1d83e7b000 ---p 00008000 08:02 4858718                    /usr/lib/x86_64-linux-gnu/libpciaccess.so.0.11.1
7f1d83e7b000-7f1d83e7c000 r--p 00007000 08:02 4858718                    /usr/lib/x86_64-linux-gnu/libpciaccess.so.0.11.1
7f1d83e7c000-7f1d83e7d000 rw-p 00008000 08:02 4858718                    /usr/lib/x86_64-linux-gnu/libpciaccess.so.0.11.1
7f1d83e7d000-7f1d83f6d000 r-xp 00000000 08:02 4858875                    /usr/lib/x86_64-linux-gnu/libstdc++.so.6.0.20
7f1d83f6d000-7f1d8416d000 ---p 000f0000 08:02 4858875                    /usr/lib/x86_64-linux-gnu/libstdc++.so.6.0.20
7f1d8416d000-7f1d84175000 r--p 000f0000 08:02 4858875                    /usr/lib/x86_64-linux-gnu/libstdc++.so.6.0.20
7f1d84175000-7f1d84177000 rw-p 000f8000 08:02 4858875                    /usr/lib/x86_64-linux-gnu/libstdc++.so.6.0.20
7f1d84177000-7f1d8418c000 rw-p 00000000 00:00 0 
7f1d8418c000-7f1d84198000 r-xp 00000000 08:02 4858206                    /usr/lib/x86_64-linux-gnu/libdrm_radeon.so.1.0.1
7f1d84198000-7f1d84397000 ---p 0000c000 08:02 4858206                    /usr/lib/x86_64-linux-gnu/libdrm_radeon.so.1.0.1
7f1d84397000-7f1d84398000 r--p 0000b000 08:02 4858206                    /usr/lib/x86_64-linux-gnu/libdrm_radeon.so.1.0.1
7f1d84398000-7f1d84399000 rw-p 0000c000 08:02 4858206                    /usr/lib/x86_64-linux-gnu/libdrm_radeon.so.1.0.1
7f1d84399000-7f1d8439f000 r-xp 00000000 08:02 4858204                    /usr/lib/x86_64-linux-gnu/libdrm_nouveau.so.2.0.0
7f1d8439f000-7f1d8459e000 ---p 00006000 08:02 4858204                    /usr/lib/x86_64-linux-gnu/libdrm_nouveau.so.2.0.0
7f1d8459e000-7f1d8459f000 r--p 00005000 08:02 4858204                    /usr/lib/x86_64-linux-gnu/libdrm_nouveau.so.2.0.0
7f1d8459f000-7f1d845a0000 rw-p 00006000 08:02 4858204                    /usr/lib/x86_64-linux-gnu/libdrm_nouveau.so.2.0.0
7f1d845a0000-7f1d845c0000 r-xp 00000000 08:02 4858202                    /usr/lib/x86_64-linux-gnu/libdrm_intel.so.1.0.0
7f1d845c0000-7f1d847bf000 ---p 00020000 08:02 4858202                    /usr/lib/x86_64-linux-gnu/libdrm_intel.so.1.0.0
7f1d847bf000-7f1d847c0000 r--p 0001f000 08:02 4858202                    /usr/lib/x86_64-linux-gnu/libdrm_intel.so.1.0.0
7f1d847c0000-7f1d847c1000 rw-p 00020000 08:02 4858202                    /usr/lib/x86_64-linux-gnu/libdrm_intel.so.1.0.0
7f1d847c1000-7f1d84cdd000 r-xp 00000000 08:02 5114656                    /usr/lib/x86_64-linux-gnu/dri/i965_dri.so
7f1d84cdd000-7f1d84edc000 ---p 0051c000 08:02 5114656                    /usr/lib/x86_64-linux-gnu/dri/i965_dri.so
7f1d84edc000-7f1d84ef8000 r--p 0051b000 08:02 5114656                    /usr/lib/x86_64-linux-gnu/dri/i965_dri.so
7f1d84ef8000-7f1d84efe000 rw-p 00537000 08:02 5114656                    /usr/lib/x86_64-linux-gnu/dri/i965_dri.so
7f1d84efe000-7f1d84f09000 rw-p 00000000 00:00 0 
7f1d84f09000-7f1d84f75000 r-xp 00000000 08:02 2625725                    /lib/x86_64-linux-gnu/libpcre.so.3.13.1
7f1d84f75000-7f1d85174000 ---p 0006c000 08:02 2625725                    /lib/x86_64-linux-gnu/libpcre.so.3.13.1
7f1d85174000-7f1d85175000 r--p 0006b000 08:02 2625725                    /lib/x86_64-linux-gnu/libpcre.so.3.13.1
7f1d85175000-7f1d85176000 rw-p 0006c000 08:02 2625725                    /lib/x86_64-linux-gnu/libpcre.so.3.13.1
7f1d85176000-7f1d85197000 r-xp 00000000 08:02 2625752                    /lib/x86_64-linux-gnu/libselinux.so.1
7f1d85197000-7f1d85396000 ---p 00021000 08:02 2625752                    /lib/x86_64-linux-gnu/libselinux.so.1
7f1d85396000-7f1d85397000 r--p 00020000 08:02 2625752                    /lib/x86_64-linux-gnu/libselinux.so.1
7f1d85397000-7f1d85398000 rw-p 00021000 08:02 2625752                    /lib/x86_64-linux-gnu/libselinux.so.1
7f1d85398000-7f1d8539a000 rw-p 00000000 00:00 0 
7f1d8539a000-7f1d853aa000 r-xp 00000000 08:02 2625516                    /lib/x86_64-linux-gnu/libudev.so.1.4.0
7f1d853aa000-7f1d855aa000 ---p 00010000 08:02 2625516                    /lib/x86_64-linux-gnu/libudev.so.1.4.0
7f1d855aa000-7f1d855ab000 r--p 00010000 08:02 2625516                    /lib/x86_64-linux-gnu/libudev.so.1.4.0
7f1d855ab000-7f1d855ac000 rw-p 00011000 08:02 2625516                    /lib/x86_64-linux-gnu/libudev.so.1.4.0
7f1d855ac000-7f1d855ae000 r-xp 00000000 08:02 4857968                    /usr/lib/x86_64-linux-gnu/libXinerama.so.1.0.0
7f1d855ae000-7f1d857ad000 ---p 00002000 08:02 4857968                    /usr/lib/x86_64-linux-gnu/libXinerama.so.1.0.0
7f1d857ad000-7f1d857ae000 r--p 00001000 08:02 4857968                    /usr/lib/x86_64-linux-gnu/libXinerama.so.1.0.0
7f1d857ae000-7f1d857af000 rw-p 00002000 08:02 4857968                    /usr/lib/x86_64-linux-gnu/libXinerama.so.1.0.0
7f1d857af000-7f1d857f4000 r-xp 00000000 08:02 4587545                    /tmp/jogamp_0000/file_cache/jln8327453311714788556/jln2301374297053633235/libjogl_mobile.so
7f1d857f4000-7f1d859f4000 ---p 00045000 08:02 4587545                    /tmp/jogamp_0000/file_cache/jln8327453311714788556/jln2301374297053633235/libjogl_mobile.so
7f1d859f4000-7f1d859f5000 rw-p 00045000 08:02 4587545                    /tmp/jogamp_0000/file_cache/jln8327453311714788556/jln2301374297053633235/libjogl_mobile.so
7f1d859f5000-7f1d859fc000 r-xp 00000000 08:02 4858242                    /usr/lib/x86_64-linux-gnu/libffi.so.6.0.2
7f1d859fc000-7f1d85bfb000 ---p 00007000 08:02 4858242                    /usr/lib/x86_64-linux-gnu/libffi.so.6.0.2
7f1d85bfb000-7f1d85bfc000 r--p 00006000 08:02 4858242                    /usr/lib/x86_64-linux-gnu/libffi.so.6.0.2
7f1d85bfc000-7f1d85bfd000 rw-p 00007000 08:02 4858242                    /usr/lib/x86_64-linux-gnu/libffi.so.6.0.2
7f1d85bfd000-7f1d85c0a000 r-xp 00000000 08:02 4849854                    /usr/lib/x86_64-linux-gnu/libgbm.so.1.0.0
7f1d85c0a000-7f1d85e09000 ---p 0000d000 08:02 4849854                    /usr/lib/x86_64-linux-gnu/libgbm.so.1.0.0
7f1d85e09000-7f1d85e0a000 r--p 0000c000 08:02 4849854                    /usr/lib/x86_64-linux-gnu/libgbm.so.1.0.0
7f1d85e0a000-7f1d85e0b000 rw-p 0000d000 08:02 4849854                    /usr/lib/x86_64-linux-gnu/libgbm.so.1.0.0
7f1d85e0b000-7f1d85e19000 r-xp 00000000 08:02 4858976                    /usr/lib/x86_64-linux-gnu/libwayland-server.so.0.1.0
7f1d85e19000-7f1d86019000 ---p 0000e000 08:02 4858976                    /usr/lib/x86_64-linux-gnu/libwayland-server.so.0.1.0
7f1d86019000-7f1d8601b000 r--p 0000e000 08:02 4858976                    /usr/lib/x86_64-linux-gnu/libwayland-server.so.0.1.0
7f1d8601b000-7f1d8601c000 rw-p 00010000 08:02 4858976                    /usr/lib/x86_64-linux-gnu/libwayland-server.so.0.1.0
7f1d8601c000-7f1d86027000 r-xp 00000000 08:02 4858970                    /usr/lib/x86_64-linux-gnu/libwayland-client.so.0.2.0
7f1d86027000-7f1d86227000 ---p 0000b000 08:02 4858970                    /usr/lib/x86_64-linux-gnu/libwayland-client.so.0.2.0
7f1d86227000-7f1d86229000 r--p 0000b000 08:02 4858970                    /usr/lib/x86_64-linux-gnu/libwayland-client.so.0.2.0
7f1d86229000-7f1d8622a000 rw-p 0000d000 08:02 4858970                    /usr/lib/x86_64-linux-gnu/libwayland-client.so.0.2.0
7f1d8622a000-7f1d8622f000 r-xp 00000000 08:02 4859022                    /usr/lib/x86_64-linux-gnu/libxcb-xfixes.so.0.0.0
7f1d8622f000-7f1d8642f000 ---p 00005000 08:02 4859022                    /usr/lib/x86_64-linux-gnu/libxcb-xfixes.so.0.0.0
7f1d8642f000-7f1d86430000 r--p 00005000 08:02 4859022                    /usr/lib/x86_64-linux-gnu/libxcb-xfixes.so.0.0.0
7f1d86430000-7f1d86431000 rw-p 00006000 08:02 4859022                    /usr/lib/x86_64-linux-gnu/libxcb-xfixes.so.0.0.0
7f1d86431000-7f1d8645a000 r-xp 00000000 08:02 5114652                    /usr/lib/x86_64-linux-gnu/mesa-egl/libEGL.so.1.0.0
7f1d8645a000-7f1d86659000 ---p 00029000 08:02 5114652                    /usr/lib/x86_64-linux-gnu/mesa-egl/libEGL.so.1.0.0
7f1d86659000-7f1d8665a000 r--p 00028000 08:02 5114652                    /usr/lib/x86_64-linux-gnu/mesa-egl/libEGL.so.1.0.0
7f1d8665a000-7f1d8665b000 rw-p 00029000 08:02 5114652                    /usr/lib/x86_64-linux-gnu/mesa-egl/libEGL.so.1.0.0
7f1d8665b000-7f1d8665c000 rw-p 00000000 00:00 0 
7f1d8665c000-7f1d86701000 r-xp 00000000 08:02 4587544                    /tmp/jogamp_0000/file_cache/jln8327453311714788556/jln2301374297053633235/libjogl_desktop.so
7f1d86701000-7f1d86901000 ---p 000a5000 08:02 4587544                    /tmp/jogamp_0000/file_cache/jln8327453311714788556/jln2301374297053633235/libjogl_desktop.so
7f1d86901000-7f1d86902000 rw-p 000a5000 08:02 4587544                    /tmp/jogamp_0000/file_cache/jln8327453311714788556/jln2301374297053633235/libjogl_desktop.so
7f1d86902000-7f1d8690d000 r-xp 00000000 08:02 4858200                    /usr/lib/x86_64-linux-gnu/libdrm.so.2.4.0
7f1d8690d000-7f1d86b0c000 ---p 0000b000 08:02 4858200                    /usr/lib/x86_64-linux-gnu/libdrm.so.2.4.0
7f1d86b0c000-7f1d86b0d000 r--p 0000a000 08:02 4858200                    /usr/lib/x86_64-linux-gnu/libdrm.so.2.4.0
7f1d86b0d000-7f1d86b0e000 rw-p 0000b000 08:02 4858200                    /usr/lib/x86_64-linux-gnu/libdrm.so.2.4.0
7f1d86b0e000-7f1d86b0f000 r-xp 00000000 08:02 4859034                    /usr/lib/x86_64-linux-gnu/libxshmfence.so.1.0.0
7f1d86b0f000-7f1d86d0e000 ---p 00001000 08:02 4859034                    /usr/lib/x86_64-linux-gnu/libxshmfence.so.1.0.0
7f1d86d0e000-7f1d86d0f000 r--p 00000000 08:02 4859034                    /usr/lib/x86_64-linux-gnu/libxshmfence.so.1.0.0
7f1d86d0f000-7f1d86d10000 rw-p 00001000 08:02 4859034                    /usr/lib/x86_64-linux-gnu/libxshmfence.so.1.0.0
7f1d86d10000-7f1d86d15000 r-xp 00000000 08:02 4859016                    /usr/lib/x86_64-linux-gnu/libxcb-sync.so.1.0.0
7f1d86d15000-7f1d86f14000 ---p 00005000 08:02 4859016                    /usr/lib/x86_64-linux-gnu/libxcb-sync.so.1.0.0
7f1d86f14000-7f1d86f15000 r--p 00004000 08:02 4859016                    /usr/lib/x86_64-linux-gnu/libxcb-sync.so.1.0.0
7f1d86f15000-7f1d86f16000 rw-p 00005000 08:02 4859016                    /usr/lib/x86_64-linux-gnu/libxcb-sync.so.1.0.0
7f1d86f16000-7f1d86f18000 r-xp 00000000 08:02 4859008                    /usr/lib/x86_64-linux-gnu/libxcb-present.so.0.0.0
7f1d86f18000-7f1d87117000 ---p 00002000 08:02 4859008                    /usr/lib/x86_64-linux-gnu/libxcb-present.so.0.0.0
7f1d87117000-7f1d87118000 r--p 00001000 08:02 4859008                    /usr/lib/x86_64-linux-gnu/libxcb-present.so.0.0.0
7f1d87118000-7f1d87119000 rw-p 00002000 08:02 4859008                    /usr/lib/x86_64-linux-gnu/libxcb-present.so.0.0.0
7f1d87119000-7f1d8711b000 r-xp 00000000 08:02 4858998                    /usr/lib/x86_64-linux-gnu/libxcb-dri3.so.0.0.0
7f1d8711b000-7f1d8731a000 ---p 00002000 08:02 4858998                    /usr/lib/x86_64-linux-gnu/libxcb-dri3.so.0.0.0
7f1d8731a000-7f1d8731b000 r--p 00001000 08:02 4858998                    /usr/lib/x86_64-linux-gnu/libxcb-dri3.so.0.0.0
7f1d8731b000-7f1d8731c000 rw-p 00002000 08:02 4858998                    /usr/lib/x86_64-linux-gnu/libxcb-dri3.so.0.0.0
7f1d8731c000-7f1d8731f000 r-xp 00000000 08:02 4858996                    /usr/lib/x86_64-linux-gnu/libxcb-dri2.so.0.0.0
7f1d8731f000-7f1d8751f000 ---p 00003000 08:02 4858996                    /usr/lib/x86_64-linux-gnu/libxcb-dri2.so.0.0.0
7f1d8751f000-7f1d87520000 r--p 00003000 08:02 4858996                    /usr/lib/x86_64-linux-gnu/libxcb-dri2.so.0.0.0
7f1d87520000-7f1d87521000 rw-p 00004000 08:02 4858996                    /usr/lib/x86_64-linux-gnu/libxcb-dri2.so.0.0.0
7f1d87521000-7f1d87536000 r-xp 00000000 08:02 4859000                    /usr/lib/x86_64-linux-gnu/libxcb-glx.so.0.0.0
7f1d87536000-7f1d87735000 ---p 00015000 08:02 4859000                    /usr/lib/x86_64-linux-gnu/libxcb-glx.so.0.0.0
7f1d87735000-7f1d87737000 r--p 00014000 08:02 4859000                    /usr/lib/x86_64-linux-gnu/libxcb-glx.so.0.0.0
7f1d87737000-7f1d87738000 rw-p 00016000 08:02 4859000                    /usr/lib/x86_64-linux-gnu/libxcb-glx.so.0.0.0
7f1d87738000-7f1d87739000 r-xp 00000000 08:02 4857939                    /usr/lib/x86_64-linux-gnu/libX11-xcb.so.1.0.0
7f1d87739000-7f1d87938000 ---p 00001000 08:02 4857939                    /usr/lib/x86_64-linux-gnu/libX11-xcb.so.1.0.0
7f1d87938000-7f1d87939000 r--p 00000000 08:02 4857939                    /usr/lib/x86_64-linux-gnu/libX11-xcb.so.1.0.0
7f1d87939000-7f1d8793a000 rw-p 00001000 08:02 4857939                    /usr/lib/x86_64-linux-gnu/libX11-xcb.so.1.0.0
7f1d8793a000-7f1d8793c000 r-xp 00000000 08:02 4857954                    /usr/lib/x86_64-linux-gnu/libXdamage.so.1.1.0
7f1d8793c000-7f1d87b3b000 ---p 00002000 08:02 4857954                    /usr/lib/x86_64-linux-gnu/libXdamage.so.1.1.0
7f1d87b3b000-7f1d87b3c000 r--p 00001000 08:02 4857954                    /usr/lib/x86_64-linux-gnu/libXdamage.so.1.1.0
7f1d87b3c000-7f1d87b3d000 rw-p 00002000 08:02 4857954                    /usr/lib/x86_64-linux-gnu/libXdamage.so.1.1.0
7f1d87b3d000-7f1d87b62000 r-xp 00000000 08:02 4853342                    /usr/lib/x86_64-linux-gnu/libglapi.so.0.0.0
7f1d87b62000-7f1d87d61000 ---p 00025000 08:02 4853342                    /usr/lib/x86_64-linux-gnu/libglapi.so.0.0.0
7f1d87d61000-7f1d87d64000 r--p 00024000 08:02 4853342                    /usr/lib/x86_64-linux-gnu/libglapi.so.0.0.0
7f1d87d64000-7f1d87d65000 rw-p 00027000 08:02 4853342                    /usr/lib/x86_64-linux-gnu/libglapi.so.0.0.0
7f1d87d65000-7f1d87d66000 rw-p 00000000 00:00 0 
7f1d87d66000-7f1d87dfc000 r-xp 00000000 08:02 5113685                    /usr/lib/x86_64-linux-gnu/mesa/libGL.so.1.2.0
7f1d87dfc000-7f1d87ffb000 ---p 00096000 08:02 5113685                    /usr/lib/x86_64-linux-gnu/mesa/libGL.so.1.2.0
7f1d87ffb000-7f1d87ffe000 r--p 00095000 08:02 5113685                    /usr/lib/x86_64-linux-gnu/mesa/libGL.so.1.2.0
7f1d87ffe000-7f1d87fff000 rw-p 00098000 08:02 5113685                    /usr/lib/x86_64-linux-gnu/mesa/libGL.so.1.2.0
7f1d87fff000-7f1d88000000 rw-p 00000000 00:00 0 
7f1d88000000-7f1d88021000 rw-p 00000000 00:00 0 
7f1d88021000-7f1d8c000000 ---p 00000000 00:00 0 
7f1d8c000000-7f1d8d855000 rw-p 00000000 00:00 0 
7f1d8d855000-7f1d90000000 ---p 00000000 00:00 0 
7f1d90000000-7f1d92b5f000 rw-p 00000000 00:00 0 
7f1d92b5f000-7f1d94000000 ---p 00000000 00:00 0 
7f1d94000000-7f1d9485c000 rw-p 00000000 00:00 0 
7f1d9485c000-7f1d98000000 ---p 00000000 00:00 0 
7f1d98000000-7f1d98021000 rw-p 00000000 00:00 0 
7f1d98021000-7f1d9c000000 ---p 00000000 00:00 0 
7f1d9c000000-7f1d9c022000 rw-p 00000000 00:00 0 
7f1d9c022000-7f1da0000000 ---p 00000000 00:00 0 
7f1da0000000-7f1da0293000 rw-p 00000000 00:00 0 
7f1da0293000-7f1da4000000 ---p 00000000 00:00 0 
7f1da4000000-7f1da4021000 rw-p 00000000 00:00 0 
7f1da4021000-7f1da8000000 ---p 00000000 00:00 0 
7f1da8000000-7f1da8021000 rw-p 00000000 00:00 0 
7f1da8021000-7f1dac000000 ---p 00000000 00:00 0 
7f1dac000000-7f1dac001000 r--s 00000000 08:02 786517                     /var/cache/fontconfig/62f91419b9ebdb6975e7e41ab6412357-le64.cache-4
7f1dac012000-7f1dac013000 rw-s 00000000 00:04 183617                     /drm mm object (deleted)
7f1dac014000-7f1dac015000 rw-p 00000000 00:00 0 
7f1dac015000-7f1dac01d000 rw-s 00000000 00:04 190026                     /drm mm object (deleted)
7f1dac01d000-7f1dac025000 rw-s 00000000 00:04 191564                     /drm mm object (deleted)
7f1dac025000-7f1dac02d000 rw-s 00000000 00:04 191536                     /drm mm object (deleted)
7f1dac02d000-7f1dac035000 rw-s 00000000 00:04 183561                     /drm mm object (deleted)
7f1dac035000-7f1dac03d000 rw-s 00000000 00:04 182473                     /drm mm object (deleted)
7f1dac03d000-7f1dac045000 rw-s 00000000 00:04 182469                     /drm mm object (deleted)
7f1dac045000-7f1dac04d000 rw-s 00000000 00:04 190031                     /drm mm object (deleted)
7f1dac04d000-7f1dac073000 r-xp 00000000 08:02 2625637                    /lib/x86_64-linux-gnu/libexpat.so.1.6.0
7f1dac073000-7f1dac272000 ---p 00026000 08:02 2625637                    /lib/x86_64-linux-gnu/libexpat.so.1.6.0
7f1dac272000-7f1dac275000 r--p 00025000 08:02 2625637                    /lib/x86_64-linux-gnu/libexpat.so.1.6.0
7f1dac275000-7f1dac276000 rw-p 00028000 08:02 2625637                    /lib/x86_64-linux-gnu/libexpat.so.1.6.0
7f1dac276000-7f1dac476000 rw-p 00000000 00:00 0 
7f1dac476000-7f1dac676000 rw-p 00000000 00:00 0 
7f1dac676000-7f1dac67d000 r-xp 00000000 08:02 4587547                    /tmp/jogamp_0000/file_cache/jln8327453311714788556/jln2301374297053633235/libnativewindow_x11.so
7f1dac67d000-7f1dac87c000 ---p 00007000 08:02 4587547                    /tmp/jogamp_0000/file_cache/jln8327453311714788556/jln2301374297053633235/libnativewindow_x11.so
7f1dac87c000-7f1dac87d000 rw-p 00006000 08:02 4587547                    /tmp/jogamp_0000/file_cache/jln8327453311714788556/jln2301374297053633235/libnativewindow_x11.so
7f1dac87d000-7f1dac881000 r-xp 00000000 08:02 4857996                    /usr/lib/x86_64-linux-gnu/libXxf86vm.so.1.0.0
7f1dac881000-7f1daca81000 ---p 00004000 08:02 4857996                    /usr/lib/x86_64-linux-gnu/libXxf86vm.so.1.0.0
7f1daca81000-7f1daca82000 r--p 00004000 08:02 4857996                    /usr/lib/x86_64-linux-gnu/libXxf86vm.so.1.0.0
7f1daca82000-7f1daca83000 rw-p 00005000 08:02 4857996                    /usr/lib/x86_64-linux-gnu/libXxf86vm.so.1.0.0
7f1daca83000-7f1daca84000 rw-s 00000000 00:04 184484                     /drm mm object (deleted)
7f1daca84000-7f1daca85000 rw-s 00000000 00:04 182482                     /drm mm object (deleted)
7f1daca85000-7f1daca86000 rw-s 00000000 00:04 182477                     /drm mm object (deleted)
7f1daca86000-7f1daca87000 rw-s 00000000 00:04 182470                     /drm mm object (deleted)
7f1daca87000-7f1daca88000 rwxp 00000000 00:00 0 
7f1daca88000-7f1daca90000 rw-s 00000000 00:04 181774                     /drm mm object (deleted)
7f1daca90000-7f1daca98000 rw-s 00000000 00:04 181770                     /drm mm object (deleted)
7f1daca98000-7f1daca9a000 r-xp 00000000 08:02 4587546                    /tmp/jogamp_0000/file_cache/jln8327453311714788556/jln2301374297053633235/libnativewindow_awt.so
7f1daca9a000-7f1dacc99000 ---p 00002000 08:02 4587546                    /tmp/jogamp_0000/file_cache/jln8327453311714788556/jln2301374297053633235/libnativewindow_awt.so
7f1dacc99000-7f1dacc9a000 rw-p 00001000 08:02 4587546                    /tmp/jogamp_0000/file_cache/jln8327453311714788556/jln2301374297053633235/libnativewindow_awt.so
7f1dacc9a000-7f1dacc9b000 r-xp 00000000 08:02 4855861                    /usr/lib/jvm/java-8-oracle/jre/lib/amd64/libjawt.so
7f1dacc9b000-7f1dace9a000 ---p 00001000 08:02 4855861                    /usr/lib/jvm/java-8-oracle/jre/lib/amd64/libjawt.so
7f1dace9a000-7f1dace9b000 rw-p 00000000 08:02 4855861                    /usr/lib/jvm/java-8-oracle/jre/lib/amd64/libjawt.so
7f1dace9b000-7f1dace9d000 r-xp 00000000 08:02 4587543                    /tmp/jogamp_0000/file_cache/jln8327453311714788556/jln2301374297053633235/libgluegen-rt.so
7f1dace9d000-7f1dad09c000 ---p 00002000 08:02 4587543                    /tmp/jogamp_0000/file_cache/jln8327453311714788556/jln2301374297053633235/libgluegen-rt.so
7f1dad09c000-7f1dad09d000 rw-p 00001000 08:02 4587543                    /tmp/jogamp_0000/file_cache/jln8327453311714788556/jln2301374297053633235/libgluegen-rt.so
7f1dad09d000-7f1dad0a0000 ---p 00000000 00:00 0 
7f1dad0a0000-7f1dad19e000 rw-p 00000000 00:00 0                          [stack:11808]
7f1dad19e000-7f1dad1a9000 r--s 00116000 08:02 4855938                    /usr/lib/jvm/java-8-oracle/jre/lib/ext/localedata.jar
7f1dad1a9000-7f1dad1c5000 r--s 00393000 08:02 4855940                    /usr/lib/jvm/java-8-oracle/jre/lib/ext/cldrdata.jar
7f1dad1c5000-7f1dad3c5000 rw-p 00000000 00:00 0 
7f1dad3c5000-7f1dad3c8000 ---p 00000000 00:00 0 
7f1dad3c8000-7f1dad6c6000 rw-p 00000000 00:00 0 
7f1dad6c6000-7f1dad6c9000 ---p 00000000 00:00 0 
7f1dad6c9000-7f1dad7c7000 rw-p 00000000 00:00 0                          [stack:11798]
7f1dad7c7000-7f1dad830000 r-xp 00000000 08:02 4855882                    /usr/lib/jvm/java-8-oracle/jre/lib/amd64/libt2k.so
7f1dad830000-7f1dada2f000 ---p 00069000 08:02 4855882                    /usr/lib/jvm/java-8-oracle/jre/lib/amd64/libt2k.so
7f1dada2f000-7f1dada36000 rw-p 00068000 08:02 4855882                    /usr/lib/jvm/java-8-oracle/jre/lib/amd64/libt2k.so
7f1dada36000-7f1dada46000 rw-p 00000000 00:00 0 
7f1dada46000-7f1dada57000 r-xp 00000000 08:02 4855860                    /usr/lib/jvm/java-8-oracle/jre/lib/amd64/libnio.so
7f1dada57000-7f1dadc56000 ---p 00011000 08:02 4855860                    /usr/lib/jvm/java-8-oracle/jre/lib/amd64/libnio.so
7f1dadc56000-7f1dadc57000 rw-p 00010000 08:02 4855860                    /usr/lib/jvm/java-8-oracle/jre/lib/amd64/libnio.so
7f1dadc57000-7f1dadc6d000 r-xp 00000000 08:02 4855886                    /usr/lib/jvm/java-8-oracle/jre/lib/amd64/libnet.so
7f1dadc6d000-7f1dade6d000 ---p 00016000 08:02 4855886                    /usr/lib/jvm/java-8-oracle/jre/lib/amd64/libnet.so
7f1dade6d000-7f1dade6e000 rw-p 00016000 08:02 4855886                    /usr/lib/jvm/java-8-oracle/jre/lib/amd64/libnet.so
7f1dade6e000-7f1dade71000 ---p 00000000 00:00 0 
7f1dade71000-7f1dadf6f000 rw-p 00000000 00:00 0                          [stack:11796]
7f1dadf6f000-7f1dadf72000 ---p 00000000 00:00 0 
7f1dadf72000-7f1dae070000 rw-p 00000000 00:00 0                          [stack:11795]
7f1dae070000-7f1dae073000 ---p 00000000 00:00 0 
7f1dae073000-7f1dae171000 rw-p 00000000 00:00 0                          [stack:11794]
7f1dae171000-7f1dae174000 ---p 00000000 00:00 0 
7f1dae174000-7f1dae272000 rw-p 00000000 00:00 0                          [stack:11792]
7f1dae272000-7f1dae277000 r-xp 00000000 08:02 4857960                    /usr/lib/x86_64-linux-gnu/libXfixes.so.3.1.0
7f1dae277000-7f1dae476000 ---p 00005000 08:02 4857960                    /usr/lib/x86_64-linux-gnu/libXfixes.so.3.1.0
7f1dae476000-7f1dae477000 r--p 00004000 08:02 4857960                    /usr/lib/x86_64-linux-gnu/libXfixes.so.3.1.0
7f1dae477000-7f1dae478000 rw-p 00005000 08:02 4857960                    /usr/lib/x86_64-linux-gnu/libXfixes.so.3.1.0
7f1dae478000-7f1dae481000 r-xp 00000000 08:02 4857952                    /usr/lib/x86_64-linux-gnu/libXcursor.so.1.0.2
7f1dae481000-7f1dae680000 ---p 00009000 08:02 4857952                    /usr/lib/x86_64-linux-gnu/libXcursor.so.1.0.2
7f1dae680000-7f1dae681000 r--p 00008000 08:02 4857952                    /usr/lib/x86_64-linux-gnu/libXcursor.so.1.0.2
7f1dae681000-7f1dae682000 rw-p 00009000 08:02 4857952                    /usr/lib/x86_64-linux-gnu/libXcursor.so.1.0.2
7f1dae682000-7f1dae685000 ---p 00000000 00:00 0 
7f1dae685000-7f1dae783000 rw-p 00000000 00:00 0                          [stack:11791]
7f1dae783000-7f1dae799000 r-xp 00000000 08:02 2625642                    /lib/x86_64-linux-gnu/libgcc_s.so.1
7f1dae799000-7f1dae998000 ---p 00016000 08:02 2625642                    /lib/x86_64-linux-gnu/libgcc_s.so.1
7f1dae998000-7f1dae999000 r--p 00015000 08:02 2625642                    /lib/x86_64-linux-gnu/libgcc_s.so.1
7f1dae999000-7f1dae99a000 rw-p 00016000 08:02 2625642                    /lib/x86_64-linux-gnu/libgcc_s.so.1
7f1dae99a000-7f1dae9ff000 r-xp 00000000 08:02 4855916                    /usr/lib/jvm/java-8-oracle/jre/lib/amd64/libfontmanager.so
7f1dae9ff000-7f1daebfe000 ---p 00065000 08:02 4855916                    /usr/lib/jvm/java-8-oracle/jre/lib/amd64/libfontmanager.so
7f1daebfe000-7f1daec03000 rw-p 00064000 08:02 4855916                    /usr/lib/jvm/java-8-oracle/jre/lib/amd64/libfontmanager.so
7f1daec03000-7f1daec13000 rw-p 00000000 00:00 0 
7f1daec13000-7f1daec18000 r-xp 00000000 08:02 4857956                    /usr/lib/x86_64-linux-gnu/libXdmcp.so.6.0.0
7f1daec18000-7f1daee17000 ---p 00005000 08:02 4857956                    /usr/lib/x86_64-linux-gnu/libXdmcp.so.6.0.0
7f1daee17000-7f1daee18000 r--p 00004000 08:02 4857956                    /usr/lib/x86_64-linux-gnu/libXdmcp.so.6.0.0
7f1daee18000-7f1daee19000 rw-p 00005000 08:02 4857956                    /usr/lib/x86_64-linux-gnu/libXdmcp.so.6.0.0
7f1daee19000-7f1daee1b000 r-xp 00000000 08:02 4857945                    /usr/lib/x86_64-linux-gnu/libXau.so.6.0.0
7f1daee1b000-7f1daf01b000 ---p 00002000 08:02 4857945                    /usr/lib/x86_64-linux-gnu/libXau.so.6.0.0
7f1daf01b000-7f1daf01c000 r--p 00002000 08:02 4857945                    /usr/lib/x86_64-linux-gnu/libXau.so.6.0.0
7f1daf01c000-7f1daf01d000 rw-p 00003000 08:02 4857945                    /usr/lib/x86_64-linux-gnu/libXau.so.6.0.0
7f1daf01d000-7f1daf03a000 r-xp 00000000 08:02 4859026                    /usr/lib/x86_64-linux-gnu/libxcb.so.1.1.0
7f1daf03a000-7f1daf23a000 ---p 0001d000 08:02 4859026                    /usr/lib/x86_64-linux-gnu/libxcb.so.1.1.0
7f1daf23a000-7f1daf23b000 r--p 0001d000 08:02 4859026                    /usr/lib/x86_64-linux-gnu/libxcb.so.1.1.0
7f1daf23b000-7f1daf23c000 rw-p 0001e000 08:02 4859026                    /usr/lib/x86_64-linux-gnu/libxcb.so.1.1.0
7f1daf23c000-7f1daf24b000 r-xp 00000000 08:02 4857966                    /usr/lib/x86_64-linux-gnu/libXi.so.6.1.0
7f1daf24b000-7f1daf44a000 ---p 0000f000 08:02 4857966                    /usr/lib/x86_64-linux-gnu/libXi.so.6.1.0
7f1daf44a000-7f1daf44b000 r--p 0000e000 08:02 4857966                    /usr/lib/x86_64-linux-gnu/libXi.so.6.1.0
7f1daf44b000-7f1daf44c000 rw-p 0000f000 08:02 4857966                    /usr/lib/x86_64-linux-gnu/libXi.so.6.1.0
7f1daf44c000-7f1daf451000 r-xp 00000000 08:02 4857986                    /usr/lib/x86_64-linux-gnu/libXtst.so.6.1.0
7f1daf451000-7f1daf650000 ---p 00005000 08:02 4857986                    /usr/lib/x86_64-linux-gnu/libXtst.so.6.1.0
7f1daf650000-7f1daf651000 r--p 00004000 08:02 4857986                    /usr/lib/x86_64-linux-gnu/libXtst.so.6.1.0
7f1daf651000-7f1daf652000 rw-p 00005000 08:02 4857986                    /usr/lib/x86_64-linux-gnu/libXtst.so.6.1.0
7f1daf652000-7f1daf65b000 r-xp 00000000 08:02 4857980                    /usr/lib/x86_64-linux-gnu/libXrender.so.1.3.0
7f1daf65b000-7f1daf85a000 ---p 00009000 08:02 4857980                    /usr/lib/x86_64-linux-gnu/libXrender.so.1.3.0
7f1daf85a000-7f1daf85b000 r--p 00008000 08:02 4857980                    /usr/lib/x86_64-linux-gnu/libXrender.so.1.3.0
7f1daf85b000-7f1daf85c000 rw-p 00009000 08:02 4857980                    /usr/lib/x86_64-linux-gnu/libXrender.so.1.3.0
7f1daf85c000-7f1daf98f000 r-xp 00000000 08:02 4857941                    /usr/lib/x86_64-linux-gnu/libX11.so.6.3.0
7f1daf98f000-7f1dafb8f000 ---p 00133000 08:02 4857941                    /usr/lib/x86_64-linux-gnu/libX11.so.6.3.0
7f1dafb8f000-7f1dafb90000 r--p 00133000 08:02 4857941                    /usr/lib/x86_64-linux-gnu/libX11.so.6.3.0
7f1dafb90000-7f1dafb94000 rw-p 00134000 08:02 4857941                    /usr/lib/x86_64-linux-gnu/libX11.so.6.3.0
7f1dafb94000-7f1dafb95000 rw-p 00000000 00:00 0 
7f1dafb95000-7f1dafba6000 r-xp 00000000 08:02 4857958                    /usr/lib/x86_64-linux-gnu/libXext.so.6.4.0
7f1dafba6000-7f1dafda5000 ---p 00011000 08:02 4857958                    /usr/lib/x86_64-linux-gnu/libXext.so.6.4.0
7f1dafda5000-7f1dafda6000 r--p 00010000 08:02 4857958                    /usr/lib/x86_64-linux-gnu/libXext.so.6.4.0
7f1dafda6000-7f1dafda7000 rw-p 00011000 08:02 4857958                    /usr/lib/x86_64-linux-gnu/libXext.so.6.4.0
7f1dafda7000-7f1dafdfb000 r-xp 00000000 08:02 4855857                    /usr/lib/jvm/java-8-oracle/jre/lib/amd64/libawt_xawt.so
7f1dafdfb000-7f1dafffb000 ---p 00054000 08:02 4855857                    /usr/lib/jvm/java-8-oracle/jre/lib/amd64/libawt_xawt.so
7f1dafffb000-7f1daffff000 rw-p 00054000 08:02 4855857                    /usr/lib/jvm/java-8-oracle/jre/lib/amd64/libawt_xawt.so
7f1daffff000-7f1db0000000 rw-p 00000000 00:00 0 
7f1db0000000-7f1db0021000 rw-p 00000000 00:00 0 
7f1db0021000-7f1db4000000 ---p 00000000 00:00 0 
7f1db4000000-7f1db4021000 rw-p 00000000 00:00 0 
7f1db4021000-7f1db8000000 ---p 00000000 00:00 0 
7f1db8000000-7f1db9485000 rw-p 00000000 00:00 0 
7f1db9485000-7f1dbc000000 ---p 00000000 00:00 0 
7f1dbc000000-7f1dbc7ff000 rw-p 00000000 00:00 0 
7f1dbc7ff000-7f1dc0000000 ---p 00000000 00:00 0 
7f1dc0000000-7f1dc0021000 rw-p 00000000 00:00 0 
7f1dc0021000-7f1dc4000000 ---p 00000000 00:00 0 
7f1dc4000000-7f1dc5bb6000 rw-p 00000000 00:00 0 
7f1dc5bb6000-7f1dc8000000 ---p 00000000 00:00 0 
7f1dc8000000-7f1dc8021000 rw-p 00000000 00:00 0 
7f1dc8021000-7f1dcc000000 ---p 00000000 00:00 0 
7f1dcc000000-7f1dcc021000 rw-p 00000000 00:00 0 
7f1dcc021000-7f1dd0000000 ---p 00000000 00:00 0 
7f1dd0000000-7f1dd0021000 rw-p 00000000 00:00 0 
7f1dd0021000-7f1dd4000000 ---p 00000000 00:00 0 
7f1dd4000000-7f1dd4042000 rw-p 00000000 00:00 0 
7f1dd4042000-7f1dd8000000 ---p 00000000 00:00 0 
7f1dd8000000-7f1dd8021000 rw-p 00000000 00:00 0 
7f1dd8021000-7f1ddc000000 ---p 00000000 00:00 0 
7f1ddc000000-7f1ddc021000 rw-p 00000000 00:00 0 
7f1ddc021000-7f1de0000000 ---p 00000000 00:00 0 
7f1de0000000-7f1de0021000 rw-p 00000000 00:00 0 
7f1de0021000-7f1de4000000 ---p 00000000 00:00 0 
7f1de4000000-7f1de4001000 rw-s 00000000 00:04 181771                     /drm mm object (deleted)
7f1de4001000-7f1de4002000 r--s 0002f000 08:02 5120518                    /home/bhupendra/Coursera Java Specialization/Assignments/World-Earthquakes-View/UCSDUnfoldingMaps/lib/jogl-all-natives-linux-amd64.jar
7f1de4002000-7f1de4005000 ---p 00000000 00:00 0 
7f1de4005000-7f1de403b000 rw-p 00000000 00:00 0 
7f1de403b000-7f1de4040000 r--s 00094000 08:02 4855697                    /usr/lib/jvm/java-8-oracle/jre/lib/jsse.jar
7f1de4040000-7f1de4071000 rw-p 00000000 00:00 0 
7f1de4071000-7f1de4113000 r-xp 00000000 08:02 4855893                    /usr/lib/jvm/java-8-oracle/jre/lib/amd64/libawt.so
7f1de4113000-7f1de4313000 ---p 000a2000 08:02 4855893                    /usr/lib/jvm/java-8-oracle/jre/lib/amd64/libawt.so
7f1de4313000-7f1de431f000 rw-p 000a2000 08:02 4855893                    /usr/lib/jvm/java-8-oracle/jre/lib/amd64/libawt.so
7f1de431f000-7f1de4343000 rw-p 00000000 00:00 0 
7f1de4343000-7f1de4366000 r--s 002ec000 08:02 5120524                    /home/bhupendra/Coursera Java Specialization/Assignments/World-Earthquakes-View/UCSDUnfoldingMaps/lib/jogl-all.jar
7f1de4366000-7f1de4367000 ---p 00000000 00:00 0 
7f1de4367000-7f1de4467000 rw-p 00000000 00:00 0                          [stack:11790]
7f1de4467000-7f1de446a000 ---p 00000000 00:00 0 
7f1de446a000-7f1de4568000 rw-p 00000000 00:00 0                          [stack:11789]
7f1de4568000-7f1de456b000 ---p 00000000 00:00 0 
7f1de456b000-7f1de4669000 rw-p 00000000 00:00 0                          [stack:11788]
7f1de4669000-7f1de466c000 ---p 00000000 00:00 0 
7f1de466c000-7f1de476a000 rw-p 00000000 00:00 0                          [stack:11787]
7f1de476a000-7f1de476d000 ---p 00000000 00:00 0 
7f1de476d000-7f1de486b000 rw-p 00000000 00:00 0                          [stack:11786]
7f1de486b000-7f1de486e000 ---p 00000000 00:00 0 
7f1de486e000-7f1de496c000 rw-p 00000000 00:00 0                          [stack:11785]
7f1de496c000-7f1de504e000 r--p 00000000 08:02 4857189                    /usr/lib/locale/locale-archive
7f1de504e000-7f1de5051000 ---p 00000000 00:00 0 
7f1de5051000-7f1de514f000 rw-p 00000000 00:00 0                          [stack:11784]
7f1de514f000-7f1de5152000 ---p 00000000 00:00 0 
7f1de5152000-7f1de5250000 rw-p 00000000 00:00 0                          [stack:11783]
7f1de5250000-7f1de5251000 ---p 00000000 00:00 0 
7f1de5251000-7f1de6312000 rw-p 00000000 00:00 0                          [stack:11782]
7f1de6312000-7f1de64eb000 r--s 03d09000 08:02 4855699                    /usr/lib/jvm/java-8-oracle/jre/lib/rt.jar
7f1de64eb000-7f1de8cfd000 rw-p 00000000 00:00 0 
7f1de8cfd000-7f1de8cfe000 ---p 00000000 00:00 0 
7f1de8cfe000-7f1de8dfe000 rw-p 00000000 00:00 0                          [stack:11780]
7f1de8dfe000-7f1de8dff000 ---p 00000000 00:00 0 
7f1de8dff000-7f1de8eff000 rw-p 00000000 00:00 0                          [stack:11779]
7f1de8eff000-7f1de8f00000 ---p 00000000 00:00 0 
7f1de8f00000-7f1de9000000 rw-p 00000000 00:00 0                          [stack:11778]
7f1de9000000-7f1de9a70000 rwxp 00000000 00:00 0 
7f1de9a70000-7f1df8000000 ---p 00000000 00:00 0 
7f1df8000000-7f1df8304000 rw-p 00000000 00:00 0 
7f1df8304000-7f1dfc000000 ---p 00000000 00:00 0 
7f1dfc000000-7f1dfc002000 r--s 00000000 08:02 5120511                    /home/bhupendra/Coursera Java Specialization/Assignments/World-Earthquakes-View/UCSDUnfoldingMaps/lib/gluegen-rt-natives-linux-amd64.jar
7f1dfc002000-7f1dfc003000 r--p 00000000 00:00 0 
7f1dfc003000-7f1dfc009000 r--s 00033000 08:02 5120529                    /home/bhupendra/Coursera Java Specialization/Assignments/World-Earthquakes-View/UCSDUnfoldingMaps/lib/unfolding.0.9.7-uscd.jar
7f1dfc009000-7f1dfc010000 r--s 00059000 08:02 5120527                    /home/bhupendra/Coursera Java Specialization/Assignments/World-Earthquakes-View/UCSDUnfoldingMaps/lib/log4j-1.2.15.jar
7f1dfc010000-7f1dfc011000 ---p 00000000 00:00 0 
7f1dfc011000-7f1dfc132000 rw-p 00000000 00:00 0                          [stack:11777]
7f1dfc132000-7f1dfc24f000 ---p 00000000 00:00 0 
7f1dfc24f000-7f1dfc270000 rw-p 00000000 00:00 0 
7f1dfc270000-7f1dfc38c000 ---p 00000000 00:00 0 
7f1dfc38c000-7f1dfc41f000 rw-p 00000000 00:00 0 
7f1dfc41f000-7f1dfc42b000 ---p 00000000 00:00 0 
7f1dfc42b000-7f1dfc456000 rw-p 00000000 00:00 0 
7f1dfc456000-7f1dfc7ec000 ---p 00000000 00:00 0 
7f1dfc7ec000-7f1dfc806000 r-xp 00000000 08:02 4855865                    /usr/lib/jvm/java-8-oracle/jre/lib/amd64/libzip.so
7f1dfc806000-7f1dfca06000 ---p 0001a000 08:02 4855865                    /usr/lib/jvm/java-8-oracle/jre/lib/amd64/libzip.so
7f1dfca06000-7f1dfca07000 rw-p 0001a000 08:02 4855865                    /usr/lib/jvm/java-8-oracle/jre/lib/amd64/libzip.so
7f1dfca07000-7f1dfca12000 r-xp 00000000 08:02 2621543                    /lib/x86_64-linux-gnu/libnss_files-2.19.so
7f1dfca12000-7f1dfcc11000 ---p 0000b000 08:02 2621543                    /lib/x86_64-linux-gnu/libnss_files-2.19.so
7f1dfcc11000-7f1dfcc12000 r--p 0000a000 08:02 2621543                    /lib/x86_64-linux-gnu/libnss_files-2.19.so
7f1dfcc12000-7f1dfcc13000 rw-p 0000b000 08:02 2621543                    /lib/x86_64-linux-gnu/libnss_files-2.19.so
7f1dfcc13000-7f1dfcc1e000 r-xp 00000000 08:02 2621455                    /lib/x86_64-linux-gnu/libnss_nis-2.19.so
7f1dfcc1e000-7f1dfce1d000 ---p 0000b000 08:02 2621455                    /lib/x86_64-linux-gnu/libnss_nis-2.19.so
7f1dfce1d000-7f1dfce1e000 r--p 0000a000 08:02 2621455                    /lib/x86_64-linux-gnu/libnss_nis-2.19.so
7f1dfce1e000-7f1dfce1f000 rw-p 0000b000 08:02 2621455                    /lib/x86_64-linux-gnu/libnss_nis-2.19.so
7f1dfce1f000-7f1dfce36000 r-xp 00000000 08:02 2621545                    /lib/x86_64-linux-gnu/libnsl-2.19.so
7f1dfce36000-7f1dfd035000 ---p 00017000 08:02 2621545                    /lib/x86_64-linux-gnu/libnsl-2.19.so
7f1dfd035000-7f1dfd036000 r--p 00016000 08:02 2621545                    /lib/x86_64-linux-gnu/libnsl-2.19.so
7f1dfd036000-7f1dfd037000 rw-p 00017000 08:02 2621545                    /lib/x86_64-linux-gnu/libnsl-2.19.so
7f1dfd037000-7f1dfd039000 rw-p 00000000 00:00 0 
7f1dfd039000-7f1dfd042000 r-xp 00000000 08:02 2621538                    /lib/x86_64-linux-gnu/libnss_compat-2.19.so
7f1dfd042000-7f1dfd241000 ---p 00009000 08:02 2621538                    /lib/x86_64-linux-gnu/libnss_compat-2.19.so
7f1dfd241000-7f1dfd242000 r--p 00008000 08:02 2621538                    /lib/x86_64-linux-gnu/libnss_compat-2.19.so
7f1dfd242000-7f1dfd243000 rw-p 00009000 08:02 2621538                    /lib/x86_64-linux-gnu/libnss_compat-2.19.so
7f1dfd243000-7f1dfd26d000 r-xp 00000000 08:02 4855858                    /usr/lib/jvm/java-8-oracle/jre/lib/amd64/libjava.so
7f1dfd26d000-7f1dfd46d000 ---p 0002a000 08:02 4855858                    /usr/lib/jvm/java-8-oracle/jre/lib/amd64/libjava.so
7f1dfd46d000-7f1dfd46f000 rw-p 0002a000 08:02 4855858                    /usr/lib/jvm/java-8-oracle/jre/lib/amd64/libjava.so
7f1dfd46f000-7f1dfd47c000 r-xp 00000000 08:02 4855900                    /usr/lib/jvm/java-8-oracle/jre/lib/amd64/libverify.so
7f1dfd47c000-7f1dfd67c000 ---p 0000d000 08:02 4855900                    /usr/lib/jvm/java-8-oracle/jre/lib/amd64/libverify.so
7f1dfd67c000-7f1dfd67e000 rw-p 0000d000 08:02 4855900                    /usr/lib/jvm/java-8-oracle/jre/lib/amd64/libverify.so
7f1dfd67e000-7f1dfd685000 r-xp 00000000 08:02 2621541                    /lib/x86_64-linux-gnu/librt-2.19.so
7f1dfd685000-7f1dfd884000 ---p 00007000 08:02 2621541                    /lib/x86_64-linux-gnu/librt-2.19.so
7f1dfd884000-7f1dfd885000 r--p 00006000 08:02 2621541                    /lib/x86_64-linux-gnu/librt-2.19.so
7f1dfd885000-7f1dfd886000 rw-p 00007000 08:02 2621541                    /lib/x86_64-linux-gnu/librt-2.19.so
7f1dfd886000-7f1dfd98b000 r-xp 00000000 08:02 2621542                    /lib/x86_64-linux-gnu/libm-2.19.so
7f1dfd98b000-7f1dfdb8a000 ---p 00105000 08:02 2621542                    /lib/x86_64-linux-gnu/libm-2.19.so
7f1dfdb8a000-7f1dfdb8b000 r--p 00104000 08:02 2621542                    /lib/x86_64-linux-gnu/libm-2.19.so
7f1dfdb8b000-7f1dfdb8c000 rw-p 00105000 08:02 2621542                    /lib/x86_64-linux-gnu/libm-2.19.so
7f1dfdb8c000-7f1dfe83a000 r-xp 00000000 08:02 4855906                    /usr/lib/jvm/java-8-oracle/jre/lib/amd64/server/libjvm.so
7f1dfe83a000-7f1dfea39000 ---p 00cae000 08:02 4855906                    /usr/lib/jvm/java-8-oracle/jre/lib/amd64/server/libjvm.so
7f1dfea39000-7f1dfeb10000 rw-p 00cad000 08:02 4855906                    /usr/lib/jvm/java-8-oracle/jre/lib/amd64/server/libjvm.so
7f1dfeb10000-7f1dfeb54000 rw-p 00000000 00:00 0 
7f1dfeb54000-7f1dfed0e000 r-xp 00000000 08:02 2625514                    /lib/x86_64-linux-gnu/libc-2.19.so
7f1dfed0e000-7f1dfef0e000 ---p 001ba000 08:02 2625514                    /lib/x86_64-linux-gnu/libc-2.19.so
7f1dfef0e000-7f1dfef12000 r--p 001ba000 08:02 2625514                    /lib/x86_64-linux-gnu/libc-2.19.so
7f1dfef12000-7f1dfef14000 rw-p 001be000 08:02 2625514                    /lib/x86_64-linux-gnu/libc-2.19.so
7f1dfef14000-7f1dfef19000 rw-p 00000000 00:00 0 
7f1dfef19000-7f1dfef1c000 r-xp 00000000 08:02 2621535                    /lib/x86_64-linux-gnu/libdl-2.19.so
7f1dfef1c000-7f1dff11b000 ---p 00003000 08:02 2621535                    /lib/x86_64-linux-gnu/libdl-2.19.so
7f1dff11b000-7f1dff11c000 r--p 00002000 08:02 2621535                    /lib/x86_64-linux-gnu/libdl-2.19.so
7f1dff11c000-7f1dff11d000 rw-p 00003000 08:02 2621535                    /lib/x86_64-linux-gnu/libdl-2.19.so
7f1dff11d000-7f1dff132000 r-xp 00000000 08:02 4856243                    /usr/lib/jvm/java-8-oracle/lib/amd64/jli/libjli.so
7f1dff132000-7f1dff332000 ---p 00015000 08:02 4856243                    /usr/lib/jvm/java-8-oracle/lib/amd64/jli/libjli.so
7f1dff332000-7f1dff333000 rw-p 00015000 08:02 4856243                    /usr/lib/jvm/java-8-oracle/lib/amd64/jli/libjli.so
7f1dff333000-7f1dff34c000 r-xp 00000000 08:02 2625630                    /lib/x86_64-linux-gnu/libpthread-2.19.so
7f1dff34c000-7f1dff54b000 ---p 00019000 08:02 2625630                    /lib/x86_64-linux-gnu/libpthread-2.19.so
7f1dff54b000-7f1dff54c000 r--p 00018000 08:02 2625630                    /lib/x86_64-linux-gnu/libpthread-2.19.so
7f1dff54c000-7f1dff54d000 rw-p 00019000 08:02 2625630                    /lib/x86_64-linux-gnu/libpthread-2.19.so
7f1dff54d000-7f1dff551000 rw-p 00000000 00:00 0 
7f1dff551000-7f1dff574000 r-xp 00000000 08:02 2621534                    /lib/x86_64-linux-gnu/ld-2.19.so
7f1dff574000-7f1dff579000 r--s 00309000 08:02 5120528                    /home/bhupendra/Coursera Java Specialization/Assignments/World-Earthquakes-View/UCSDUnfoldingMaps/lib/sqlite-jdbc-3.7.2.jar
7f1dff579000-7f1dff57f000 r--s 00041000 08:02 5120517                    /home/bhupendra/Coursera Java Specialization/Assignments/World-Earthquakes-View/UCSDUnfoldingMaps/lib/gluegen-rt.jar
7f1dff57f000-7f1dff657000 rw-p 00000000 00:00 0 
7f1dff657000-7f1dff65a000 ---p 00000000 00:00 0 
7f1dff65a000-7f1dff75c000 rw-p 00000000 00:00 0                          [stack:11776]
7f1dff75c000-7f1dff75d000 r--s 00005000 08:02 5120526                    /home/bhupendra/Coursera Java Specialization/Assignments/World-Earthquakes-View/UCSDUnfoldingMaps/lib/libTUIO.jar
7f1dff75d000-7f1dff75e000 r--s 00007000 08:02 5120525                    /home/bhupendra/Coursera Java Specialization/Assignments/World-Earthquakes-View/UCSDUnfoldingMaps/lib/json4processing.jar
7f1dff75e000-7f1dff762000 r--s 0009a000 08:02 5120510                    /home/bhupendra/Coursera Java Specialization/Assignments/World-Earthquakes-View/UCSDUnfoldingMaps/lib/core.jar
7f1dff762000-7f1dff767000 r--s 002f8000 08:02 4855711                    /usr/lib/jvm/java-8-oracle/jre/lib/charsets.jar
7f1dff767000-7f1dff76f000 rw-s 00000000 08:02 4587542                    /tmp/hsperfdata_bhupendra/11770
7f1dff76f000-7f1dff770000 rw-p 00000000 00:00 0 
7f1dff770000-7f1dff771000 r--p 00000000 00:00 0 
7f1dff771000-7f1dff773000 rw-p 00000000 00:00 0 
7f1dff773000-7f1dff774000 r--p 00022000 08:02 2621534                    /lib/x86_64-linux-gnu/ld-2.19.so
7f1dff774000-7f1dff775000 rw-p 00023000 08:02 2621534                    /lib/x86_64-linux-gnu/ld-2.19.so
7f1dff775000-7f1dff776000 rw-p 00000000 00:00 0 
7ffff84ef000-7ffff8510000 rw-p 00000000 00:00 0                          [stack]
7ffff85fc000-7ffff85fe000 r-xp 00000000 00:00 0                          [vdso]
7ffff85fe000-7ffff8600000 r--p 00000000 00:00 0                          [vvar]
ffffffffff600000-ffffffffff601000 r-xp 00000000 00:00 0                  [vsyscall]

VM Arguments:
jvm_args: -Djava.security.policy=java.policy.applet -Dfile.encoding=UTF-8 
java_command: sun.applet.AppletViewer module4.EarthquakeCityMap1448803581776.html
java_class_path (initial): /home/bhupendra/Coursera Java Specialization/Assignments/World-Earthquakes-View/UCSDUnfoldingMaps/build:/home/bhupendra/Coursera Java Specialization/Assignments/World-Earthquakes-View/UCSDUnfoldingMaps/lib/core.jar:/home/bhupendra/Coursera Java Specialization/Assignments/World-Earthquakes-View/UCSDUnfoldingMaps/lib/gluegen-rt.jar:/home/bhupendra/Coursera Java Specialization/Assignments/World-Earthquakes-View/UCSDUnfoldingMaps/lib/jogl-all.jar:/home/bhupendra/Coursera Java Specialization/Assignments/World-Earthquakes-View/UCSDUnfoldingMaps/lib/log4j-1.2.15.jar:/home/bhupendra/Coursera Java Specialization/Assignments/World-Earthquakes-View/UCSDUnfoldingMaps/lib/sqlite-jdbc-3.7.2.jar:/home/bhupendra/Coursera Java Specialization/Assignments/World-Earthquakes-View/UCSDUnfoldingMaps/lib/json4processing.jar:/home/bhupendra/Coursera Java Specialization/Assignments/World-Earthquakes-View/UCSDUnfoldingMaps/lib/libTUIO.jar:/home/bhupendra/Coursera Java Specialization/Assignments/World-Earthquakes-View/UCSDUnfoldingMaps/lib/unfolding.0.9.7-uscd.jar
Launcher Type: SUN_STANDARD

Environment Variables:
PATH=/usr/local/sbin:/usr/local/bin:/usr/sbin:/usr/bin:/sbin:/bin:/usr/games:/usr/local/games
USERNAME=bhupendra
SHELL=/bin/bash
DISPLAY=:0.0

Signal Handlers:
SIGSEGV: [libjvm.so+0xaad1e0], sa_mask[0]=11111111011111111101111111111110, sa_flags=SA_RESTART|SA_SIGINFO
SIGBUS: [libjvm.so+0xaad1e0], sa_mask[0]=11111111011111111101111111111110, sa_flags=SA_RESTART|SA_SIGINFO
SIGFPE: [libjvm.so+0x90b450], sa_mask[0]=11111111011111111101111111111110, sa_flags=SA_RESTART|SA_SIGINFO
SIGPIPE: [libjvm.so+0x90b450], sa_mask[0]=11111111011111111101111111111110, sa_flags=SA_RESTART|SA_SIGINFO
SIGXFSZ: [libjvm.so+0x90b450], sa_mask[0]=11111111011111111101111111111110, sa_flags=SA_RESTART|SA_SIGINFO
SIGILL: [libjvm.so+0x90b450], sa_mask[0]=11111111011111111101111111111110, sa_flags=SA_RESTART|SA_SIGINFO
SIGUSR1: SIG_DFL, sa_mask[0]=00000000000000000000000000000000, sa_flags=none
SIGUSR2: [libjvm.so+0x90ca90], sa_mask[0]=00100000000000000000000000000000, sa_flags=SA_RESTART|SA_SIGINFO
SIGHUP: [libjvm.so+0x90dde0], sa_mask[0]=11111111011111111101111111111110, sa_flags=SA_RESTART|SA_SIGINFO
SIGINT: [libjvm.so+0x90dde0], sa_mask[0]=11111111011111111101111111111110, sa_flags=SA_RESTART|SA_SIGINFO
SIGTERM: [libjvm.so+0x90dde0], sa_mask[0]=11111111011111111101111111111110, sa_flags=SA_RESTART|SA_SIGINFO
SIGQUIT: [libjvm.so+0x90dde0], sa_mask[0]=11111111011111111101111111111110, sa_flags=SA_RESTART|SA_SIGINFO


---------------  S Y S T E M  ---------------

OS:DISTRIB_ID=Ubuntu
DISTRIB_RELEASE=14.10
DISTRIB_CODENAME=utopic
DISTRIB_DESCRIPTION="Ubuntu 14.10"

uname:Linux 3.16.0-30-generic #40-Ubuntu SMP Mon Jan 12 22:06:37 UTC 2015 x86_64
libc:glibc 2.19 NPTL 2.19 
rlimit: STACK 8192k, CORE 0k, NPROC 14376, NOFILE 4096, AS infinity
load average:9.76 3.73 1.94

/proc/meminfo:
MemTotal:        3891224 kB
MemFree:         1194220 kB
MemAvailable:    1245208 kB
Buffers:            2656 kB
Cached:           590056 kB
SwapCached:       106268 kB
Active:          1853364 kB
Inactive:         580824 kB
Active(anon):    1736396 kB
Inactive(anon):   535784 kB
Active(file):     116968 kB
Inactive(file):    45040 kB
Unevictable:          48 kB
Mlocked:              48 kB
SwapTotal:       4036604 kB
SwapFree:        2209356 kB
Dirty:                44 kB
Writeback:             0 kB
AnonPages:       1791620 kB
Mapped:           223916 kB
Shmem:            430604 kB
Slab:             148000 kB
SReclaimable:     108900 kB
SUnreclaim:        39100 kB
KernelStack:        9840 kB
PageTables:        41748 kB
NFS_Unstable:          0 kB
Bounce:                0 kB
WritebackTmp:          0 kB
CommitLimit:     5982216 kB
Committed_AS:    8054764 kB
VmallocTotal:   34359738367 kB
VmallocUsed:      400980 kB
VmallocChunk:   34359244552 kB
HardwareCorrupted:     0 kB
AnonHugePages:    866304 kB
HugePages_Total:       0
HugePages_Free:        0
HugePages_Rsvd:        0
HugePages_Surp:        0
Hugepagesize:       2048 kB
DirectMap4k:      100148 kB
DirectMap2M:     3938304 kB


CPU:total 4 (2 cores per cpu, 2 threads per core) family 6 model 58 stepping 9, cmov, cx8, fxsr, mmx, sse, sse2, sse3, ssse3, sse4.1, sse4.2, popcnt, avx, aes, clmul, erms, ht, tsc, tscinvbit, tscinv

/proc/cpuinfo:
processor	: 0
vendor_id	: GenuineIntel
cpu family	: 6
model		: 58
model name	: Intel(R) Core(TM) i5-3210M CPU @ 2.50GHz
stepping	: 9
microcode	: 0x12
cpu MHz		: 2522.460
cache size	: 3072 KB
physical id	: 0
siblings	: 4
core id		: 0
cpu cores	: 2
apicid		: 0
initial apicid	: 0
fpu		: yes
fpu_exception	: yes
cpuid level	: 13
wp		: yes
flags		: fpu vme de pse tsc msr pae mce cx8 apic sep mtrr pge mca cmov pat pse36 clflush dts acpi mmx fxsr sse sse2 ss ht tm pbe syscall nx rdtscp lm constant_tsc arch_perfmon pebs bts rep_good nopl xtopology nonstop_tsc aperfmperf eagerfpu pni pclmulqdq dtes64 monitor ds_cpl vmx est tm2 ssse3 cx16 xtpr pdcm pcid sse4_1 sse4_2 x2apic popcnt tsc_deadline_timer aes xsave avx f16c rdrand lahf_lm ida arat epb xsaveopt pln pts dtherm tpr_shadow vnmi flexpriority ept vpid fsgsbase smep erms
bogomips	: 4988.63
clflush size	: 64
cache_alignment	: 64
address sizes	: 36 bits physical, 48 bits virtual
power management:

processor	: 1
vendor_id	: GenuineIntel
cpu family	: 6
model		: 58
model name	: Intel(R) Core(TM) i5-3210M CPU @ 2.50GHz
stepping	: 9
microcode	: 0x12
cpu MHz		: 2987.792
cache size	: 3072 KB
physical id	: 0
siblings	: 4
core id		: 0
cpu cores	: 2
apicid		: 1
initial apicid	: 1
fpu		: yes
fpu_exception	: yes
cpuid level	: 13
wp		: yes
flags		: fpu vme de pse tsc msr pae mce cx8 apic sep mtrr pge mca cmov pat pse36 clflush dts acpi mmx fxsr sse sse2 ss ht tm pbe syscall nx rdtscp lm constant_tsc arch_perfmon pebs bts rep_good nopl xtopology nonstop_tsc aperfmperf eagerfpu pni pclmulqdq dtes64 monitor ds_cpl vmx est tm2 ssse3 cx16 xtpr pdcm pcid sse4_1 sse4_2 x2apic popcnt tsc_deadline_timer aes xsave avx f16c rdrand lahf_lm ida arat epb xsaveopt pln pts dtherm tpr_shadow vnmi flexpriority ept vpid fsgsbase smep erms
bogomips	: 4988.63
clflush size	: 64
cache_alignment	: 64
address sizes	: 36 bits physical, 48 bits virtual
power management:

processor	: 2
vendor_id	: GenuineIntel
cpu family	: 6
model		: 58
model name	: Intel(R) Core(TM) i5-3210M CPU @ 2.50GHz
stepping	: 9
microcode	: 0x12
cpu MHz		: 2998.144
cache size	: 3072 KB
physical id	: 0
siblings	: 4
core id		: 1
cpu cores	: 2
apicid		: 2
initial apicid	: 2
fpu		: yes
fpu_exception	: yes
cpuid level	: 13
wp		: yes
flags		: fpu vme de pse tsc msr pae mce cx8 apic sep mtrr pge mca cmov pat pse36 clflush dts acpi mmx fxsr sse sse2 ss ht tm pbe syscall nx rdtscp lm constant_tsc arch_perfmon pebs bts rep_good nopl xtopology nonstop_tsc aperfmperf eagerfpu pni pclmulqdq dtes64 monitor ds_cpl vmx est tm2 ssse3 cx16 xtpr pdcm pcid sse4_1 sse4_2 x2apic popcnt tsc_deadline_timer aes xsave avx f16c rdrand lahf_lm ida arat epb xsaveopt pln pts dtherm tpr_shadow vnmi flexpriority ept vpid fsgsbase smep erms
bogomips	: 4988.63
clflush size	: 64
cache_alignment	: 64
address sizes	: 36 bits physical, 48 bits virtual
power management:

processor	: 3
vendor_id	: GenuineIntel
cpu family	: 6
model		: 58
model name	: Intel(R) Core(TM) i5-3210M CPU @ 2.50GHz
stepping	: 9
microcode	: 0x12
cpu MHz		: 1746.582
cache size	: 3072 KB
physical id	: 0
siblings	: 4
core id		: 1
cpu cores	: 2
apicid		: 3
initial apicid	: 3
fpu		: yes
fpu_exception	: yes
cpuid level	: 13
wp		: yes
flags		: fpu vme de pse tsc msr pae mce cx8 apic sep mtrr pge mca cmov pat pse36 clflush dts acpi mmx fxsr sse sse2 ss ht tm pbe syscall nx rdtscp lm constant_tsc arch_perfmon pebs bts rep_good nopl xtopology nonstop_tsc aperfmperf eagerfpu pni pclmulqdq dtes64 monitor ds_cpl vmx est tm2 ssse3 cx16 xtpr pdcm pcid sse4_1 sse4_2 x2apic popcnt tsc_deadline_timer aes xsave avx f16c rdrand lahf_lm ida arat epb xsaveopt pln pts dtherm tpr_shadow vnmi flexpriority ept vpid fsgsbase smep erms
bogomips	: 4988.63
clflush size	: 64
cache_alignment	: 64
address sizes	: 36 bits physical, 48 bits virtual
power management:



Memory: 4k page, physical 3891224k(1194220k free), swap 4036604k(2209356k free)

vm_info: Java HotSpot(TM) 64-Bit Server VM (25.45-b02) for linux-amd64 JRE (1.8.0_45-b14), built on Apr 10 2015 10:07:45 by "java_re" with gcc 4.3.0 20080428 (Red Hat 4.3.0-8)

time: Sun Nov 29 19:05:38 2015
elapsed time: 556 seconds (0d 0h 9m 16s)

