#
# A fatal error has been detected by the Java Runtime Environment:
#
#  SIGSEGV (0xb) at pc=0x00007f6865dac522, pid=13963, tid=140087046891264
#
# JRE version: Java(TM) SE Runtime Environment (8.0_45-b14) (build 1.8.0_45-b14)
# Java VM: Java HotSpot(TM) 64-Bit Server VM (25.45-b02 mixed mode linux-amd64 compressed oops)
# Problematic frame:
# C  [i965_dri.so+0x2fb522]
#
# Failed to write core dump. Core dumps have been disabled. To enable core dumping, try "ulimit -c unlimited" before starting Java again
#
# If you would like to submit a bug report, please visit:
#   http://bugreport.java.com/bugreport/crash.jsp
# The crash happened outside the Java Virtual Machine in native code.
# See problematic frame for where to report the bug.
#

---------------  T H R E A D  ---------------

Current thread (0x00007f6884003000):  JavaThread "AWT-EventQueue-1" [_thread_in_native, id=13990, stack(0x00007f688e9ae000,0x00007f688eaaf000)]

siginfo: si_signo: 11 (SIGSEGV), si_code: 1 (SEGV_MAPERR), si_addr: 0x000000000000c540

Registers:
RAX=0x00007f6865dac510, RBX=0x000000000000c000, RCX=0x0000000000000000, RDX=0x0000000000000001
RSP=0x00007f688eaac280, RBP=0x0000000000000000, RSI=0x00007f6870fc7a00, RDI=0x0000000100000000
R8 =0x0000000000000000, R9 =0x00007f688d34b710, R10=0x00007f68c9822507, R11=0x00000000c56df318
R12=0x00007f6874148230, R13=0x00007f6874146d40, R14=0x00007f6874158710, R15=0x0000000000000000
RIP=0x00007f6865dac522, EFLAGS=0x0000000000010206, CSGSFS=0x0000000000000033, ERR=0x0000000000000004
  TRAPNO=0x000000000000000e

Top of Stack: (sp=0x00007f688eaac280)
0x00007f688eaac280:   0000000000000000 00007f6870fc7910
0x00007f688eaac290:   0000000000000000 00007f6874148230
0x00007f688eaac2a0:   00007f6874146d40 00007f688d34b7b2
0x00007f688eaac2b0:   00007f688eaac2e0 00007f6800000000
0x00007f688eaac2c0:   0000000000000000 0000000000000000
0x00007f688eaac2d0:   0000000001c00053 00007f688d31cb31
0x00007f688eaac2e0:   00007f6870fc7910 a50d932f50f49b00
0x00007f688eaac2f0:   0000000001c00053 00007f688d31cb60
0x00007f688eaac300:   00007f688eaac370 0000000000000000
0x00007f688eaac310:   0000000000000001 00007f688eaac3b0
0x00007f688eaac320:   00007f6884003000 00007f68679d8849
0x00007f688eaac330:   00007f688eaac618 00007f688d31cb60
0x00007f688eaac340:   0000000001c00053 00007f68741456d0
0x00007f688eaac350:   00007f688eaac3b0 00007f68840031f8
0x00007f688eaac360:   00007f000000001c 00007f688d31cb60
0x00007f688eaac370:   00007f688eaac3c0 00007f68c982257d
0x00007f688eaac380:   00000000f066dad0 00000000f066db20
0x00007f688eaac390:   00000000f066db10 0000000000000003
0x00007f688eaac3a0:   00000000f066db30 00000000f066db80
0x00007f688eaac3b0:   00000000c53e09e0 00000000f066db90
0x00007f688eaac3c0:   00007f688eaac618 00007f68c9837b54
0x00007f688eaac3d0:   00007f68dcf5a000 00000000c56df748
0x00007f688eaac3e0:   00000000f066dc78 00007f688eaac5d0
0x00007f688eaac3f0:   0000000000000021 00007f68c90210c3
0x00007f688eaac400:   00007f688eaac618 00007f68c961bff4
0x00007f688eaac410:   00007f688eaac618 00007f688eaac5d0
0x00007f688eaac420:   00007f688eaac5d0 00007f68c90210c3
0x00007f688eaac430:   00007f68c90055d0 0000000000000000
0x00007f688eaac440:   00007f688eaac618 00007f688eaac5d0
0x00007f688eaac450:   00007f688eaac5d0 00007f68c90210c3
0x00007f688eaac460:   00007f68c90055d0 00000000c56df318
0x00007f688eaac470:   00007f6800000001 00007f688eaac5d0 

Instructions: (pc=0x00007f6865dac522)
0x00007f6865dac502:   41 5c c3 66 66 2e 0f 1f 84 00 00 00 00 00 41 55
0x00007f6865dac512:   41 54 55 53 48 83 ec 08 48 8b 1f 48 85 db 74 41
0x00007f6865dac522:   f6 83 40 05 00 00 01 89 cd 41 89 d5 49 89 f4 75
0x00007f6865dac532:   75 41 83 e5 01 75 5f 83 e5 fd 74 32 48 8d 35 bb 

Register to memory mapping:

RAX=0x00007f6865dac510: <offset 0x2fb510> in /usr/lib/x86_64-linux-gnu/dri/i965_dri.so at 0x00007f6865ab1000
RBX=0x000000000000c000 is an unknown value
RCX=0x0000000000000000 is an unknown value
RDX=0x0000000000000001 is an unknown value
RSP=0x00007f688eaac280 is pointing into the stack for thread: 0x00007f6884003000
RBP=0x0000000000000000 is an unknown value
RSI=0x00007f6870fc7a00 is an unknown value
RDI=0x0000000100000000 is pointing into metadata
R8 =0x0000000000000000 is an unknown value
R9 =0x00007f688d34b710: <offset 0x4b710> in /usr/lib/x86_64-linux-gnu/mesa/libGL.so.1 at 0x00007f688d300000
R10=0x00007f68c9822507 is at entry_point+71 in (nmethod*)0x00007f68c9822350
R11=0x00000000c56df318 is an oop
jogamp.nativewindow.jawt.x11.X11JAWTWindow 
 - klass: 'jogamp/nativewindow/jawt/x11/X11JAWTWindow'
R12=0x00007f6874148230 is an unknown value
R13=0x00007f6874146d40 is an unknown value
R14=0x00007f6874158710 is an unknown value
R15=0x0000000000000000 is an unknown value


Stack: [0x00007f688e9ae000,0x00007f688eaaf000],  sp=0x00007f688eaac280,  free space=1016k
Native frames: (J=compiled Java code, j=interpreted, Vv=VM code, C=native code)
C  [i965_dri.so+0x2fb522]

Java frames: (J=compiled Java code, j=interpreted, Vv=VM code)
J 2703  jogamp.opengl.x11.glx.GLX.dispatch_glXSwapBuffers0(JJJ)V (0 bytes) @ 0x00007f68c9822507 [0x00007f68c98224c0+0x47]
J 2702 C1 jogamp.opengl.x11.glx.GLX.glXSwapBuffers(JJ)V (45 bytes) @ 0x00007f68c9837b54 [0x00007f68c98371a0+0x9b4]
J 2701 C1 jogamp.opengl.x11.glx.X11GLXDrawable.swapBuffersImpl(Z)V (21 bytes) @ 0x00007f68c9836d04 [0x00007f68c9836a60+0x2a4]
J 2659 C1 jogamp.opengl.GLDrawableImpl.swapBuffers()V (138 bytes) @ 0x00007f68c9456d94 [0x00007f68c94566e0+0x6b4]
j  javax.media.opengl.awt.GLCanvas$12.run()V+45
J 2460 C1 java.awt.event.InvocationEvent.dispatch()V (69 bytes) @ 0x00007f68c938328c [0x00007f68c9383140+0x14c]
J 2677 C1 java.awt.EventQueue.dispatchEventImpl(Ljava/awt/AWTEvent;Ljava/lang/Object;)V (149 bytes) @ 0x00007f68c981e13c [0x00007f68c981c5c0+0x1b7c]
J 2572 C1 java.awt.EventQueue$3.run()Ljava/lang/Void; (60 bytes) @ 0x00007f68c948a744 [0x00007f68c948a540+0x204]
J 2571 C1 java.awt.EventQueue$3.run()Ljava/lang/Object; (5 bytes) @ 0x00007f68c948a04c [0x00007f68c9489fc0+0x8c]
v  ~StubRoutines::call_stub
J 648  java.security.AccessController.doPrivileged(Ljava/security/PrivilegedAction;Ljava/security/AccessControlContext;)Ljava/lang/Object; (0 bytes) @ 0x00007f68c929ed63 [0x00007f68c929ed00+0x63]
J 2374 C1 java.awt.EventQueue.dispatchEvent(Ljava/awt/AWTEvent;)V (80 bytes) @ 0x00007f68c940fd04 [0x00007f68c940f460+0x8a4]
J 2576 C1 java.awt.EventDispatchThread.pumpOneEventForFilters(I)V (295 bytes) @ 0x00007f68c96e3a54 [0x00007f68c96e1f00+0x1b54]
j  java.awt.EventDispatchThread.pumpEventsForFilter(ILjava/awt/Conditional;Ljava/awt/EventFilter;)V+35
j  java.awt.EventDispatchThread.pumpEventsForHierarchy(ILjava/awt/Conditional;Ljava/awt/Component;)V+11
j  java.awt.EventDispatchThread.pumpEvents(ILjava/awt/Conditional;)V+4
j  java.awt.EventDispatchThread.pumpEvents(Ljava/awt/Conditional;)V+3
j  java.awt.EventDispatchThread.run()V+9
v  ~StubRoutines::call_stub

---------------  P R O C E S S  ---------------

Java Threads: ( => current thread )
  0x00007f6871b48000 JavaThread "Thread-19" [_thread_blocked, id=14021, stack(0x00007f68624d9000,0x00007f68625da000)]
  0x00007f6871573000 JavaThread "Keep-Alive-Timer" daemon [_thread_blocked, id=14002, stack(0x00007f686396a000,0x00007f6863a6b000)]
  0x00007f687412a800 JavaThread "Animation Thread-SharedResourceRunner" daemon [_thread_blocked, id=14000, stack(0x00007f688e3ac000,0x00007f688e4ad000)]
  0x00007f68740b0800 JavaThread "process reaper" daemon [_thread_blocked, id=13995, stack(0x00007f68c4025000,0x00007f68c405e000)]
  0x00007f6884009800 JavaThread "Animation Thread" [_thread_blocked, id=13991, stack(0x00007f688e6ad000,0x00007f688e7ae000)]
=>0x00007f6884003000 JavaThread "AWT-EventQueue-1" [_thread_in_native, id=13990, stack(0x00007f688e9ae000,0x00007f688eaaf000)]
  0x00007f68d800a000 JavaThread "DestroyJavaVM" [_thread_blocked, id=13965, stack(0x00007f68e0982000,0x00007f68e0a83000)]
  0x00007f68d82d7000 JavaThread "AWT-EventQueue-0" [_thread_blocked, id=13987, stack(0x00007f688f156000,0x00007f688f257000)]
  0x00007f68d82d4800 JavaThread "AWT-Shutdown" [_thread_blocked, id=13986, stack(0x00007f688f257000,0x00007f688f358000)]
  0x00007f68d82bd000 JavaThread "thread applet-module4.EarthquakeCityMap.class" [_thread_blocked, id=13985, stack(0x00007f688f358000,0x00007f688f459000)]
  0x00007f68d82b0000 JavaThread "AWT-XAWT" daemon [_thread_blocked, id=13983, stack(0x00007f688f459000,0x00007f688f55a000)]
  0x00007f68d8291800 JavaThread "Java2D Disposer" daemon [_thread_blocked, id=13982, stack(0x00007f68c408f000,0x00007f68c4190000)]
  0x00007f68d80c3000 JavaThread "Service Thread" daemon [_thread_blocked, id=13980, stack(0x00007f68c574a000,0x00007f68c584b000)]
  0x00007f68d80be000 JavaThread "C1 CompilerThread2" daemon [_thread_blocked, id=13979, stack(0x00007f68c584b000,0x00007f68c594c000)]
  0x00007f68d80bc000 JavaThread "C2 CompilerThread1" daemon [_thread_blocked, id=13978, stack(0x00007f68c594c000,0x00007f68c5a4d000)]
  0x00007f68d80b9000 JavaThread "C2 CompilerThread0" daemon [_thread_blocked, id=13977, stack(0x00007f68c5a4d000,0x00007f68c5b4e000)]
  0x00007f68d80b7800 JavaThread "Signal Dispatcher" daemon [_thread_blocked, id=13976, stack(0x00007f68c5b4e000,0x00007f68c5c4f000)]
  0x00007f68d807f800 JavaThread "Finalizer" daemon [_thread_blocked, id=13975, stack(0x00007f68c6331000,0x00007f68c6432000)]
  0x00007f68d807d800 JavaThread "Reference Handler" daemon [_thread_blocked, id=13974, stack(0x00007f68c6432000,0x00007f68c6533000)]

Other Threads:
  0x00007f68d8078800 VMThread [stack: 0x00007f68c6533000,0x00007f68c6634000] [id=13973]
  0x00007f68d80c5800 WatcherThread [stack: 0x00007f68c5649000,0x00007f68c574a000] [id=13981]

VM state:not at safepoint (normal execution)

VM Mutex/Monitor currently owned by a thread: None

Heap:
 PSYoungGen      total 102400K, used 73054K [0x00000000ec300000, 0x00000000f3680000, 0x0000000100000000)
  eden space 94720K, 74% used [0x00000000ec300000,0x00000000f07f7938,0x00000000f1f80000)
  from space 7680K, 31% used [0x00000000f2f00000,0x00000000f3160090,0x00000000f3680000)
  to   space 11776K, 0% used [0x00000000f1f80000,0x00000000f1f80000,0x00000000f2b00000)
 ParOldGen       total 46592K, used 17564K [0x00000000c4800000, 0x00000000c7580000, 0x00000000ec300000)
  object space 46592K, 37% used [0x00000000c4800000,0x00000000c5927270,0x00000000c7580000)
 Metaspace       used 21312K, capacity 21531K, committed 21808K, reserved 1069056K
  class space    used 1995K, capacity 2085K, committed 2176K, reserved 1048576K

Card table byte_map: [0x00007f68dd57e000,0x00007f68dd75b000] byte_map_base: 0x00007f68dcf5a000

Marking Bits: (ParMarkBitMap*) 0x00007f68dfe58760
 Begin Bits: [0x00007f68c7240000, 0x00007f68c8120000)
 End Bits:   [0x00007f68c8120000, 0x00007f68c9000000)

Polling page: 0x00007f68e0a9b000

CodeCache: size=245760Kb used=8677Kb max_used=8705Kb free=237082Kb
 bounds [0x00007f68c9000000, 0x00007f68c9890000, 0x00007f68d8000000]
 total_blobs=3440 nmethods=2471 adapters=882
 compilation: enabled

Compilation events (10 events):
Event: 32.298 Thread 0x00007f68d80b9000 2786       4       sun.util.logging.PlatformLogger$DefaultLoggerProxy::doLog (22 bytes)
Event: 32.299 Thread 0x00007f68d80b9000 nmethod 2786 0x00007f68c986d150 code [0x00007f68c986d2a0, 0x00007f68c986d3d8]
Event: 33.513 Thread 0x00007f68d80be000 2787       1       sun.java2d.SurfaceData::isValid (5 bytes)
Event: 33.513 Thread 0x00007f68d80be000 nmethod 2787 0x00007f68c986ce90 code [0x00007f68c986cfe0, 0x00007f68c986d0f0]
Event: 33.513 Thread 0x00007f68d80be000 2788       3       sun.font.CompositeGlyphMapper::getCachedGlyphCode (32 bytes)
Event: 33.514 Thread 0x00007f68d80be000 nmethod 2788 0x00007f68c986fd90 code [0x00007f68c986ff00, 0x00007f68c9870150]
Event: 33.514 Thread 0x00007f68d80be000 2789       3       sun.font.XRGlyphCacheEntry::getXAdvance (16 bytes)
Event: 33.514 Thread 0x00007f68d80be000 nmethod 2789 0x00007f68c986fa50 code [0x00007f68c986fbc0, 0x00007f68c986fd30]
Event: 33.514 Thread 0x00007f68d80be000 2790       3       sun.font.XRGlyphCacheEntry::getYAdvance (16 bytes)
Event: 33.514 Thread 0x00007f68d80be000 nmethod 2790 0x00007f68c986f710 code [0x00007f68c986f880, 0x00007f68c986f9f0]

GC Heap History (10 events):
Event: 4.799 GC heap before
{Heap before GC invocations=5 (full 0):
 PSYoungGen      total 33280K, used 33051K [0x00000000ec300000, 0x00000000ee600000, 0x0000000100000000)
  eden space 30720K, 99% used [0x00000000ec300000,0x00000000ee0c9748,0x00000000ee100000)
  from space 2560K, 99% used [0x00000000ee380000,0x00000000ee5fd660,0x00000000ee600000)
  to   space 2560K, 0% used [0x00000000ee100000,0x00000000ee100000,0x00000000ee380000)
 ParOldGen       total 40960K, used 13438K [0x00000000c4800000, 0x00000000c7000000, 0x00000000ec300000)
  object space 40960K, 32% used [0x00000000c4800000,0x00000000c551fa20,0x00000000c7000000)
 Metaspace       used 20872K, capacity 21045K, committed 21296K, reserved 1069056K
  class space    used 1992K, capacity 2052K, committed 2176K, reserved 1048576K
Event: 4.809 GC heap after
Heap after GC invocations=5 (full 0):
 PSYoungGen      total 33280K, used 2531K [0x00000000ec300000, 0x00000000f1600000, 0x0000000100000000)
  eden space 30720K, 0% used [0x00000000ec300000,0x00000000ec300000,0x00000000ee100000)
  from space 2560K, 98% used [0x00000000ee100000,0x00000000ee378e30,0x00000000ee380000)
  to   space 11776K, 0% used [0x00000000f0a80000,0x00000000f0a80000,0x00000000f1600000)
 ParOldGen       total 40960K, used 19526K [0x00000000c4800000, 0x00000000c7000000, 0x00000000ec300000)
  object space 40960K, 47% used [0x00000000c4800000,0x00000000c5b11b50,0x00000000c7000000)
 Metaspace       used 20872K, capacity 21045K, committed 21296K, reserved 1069056K
  class space    used 1992K, capacity 2052K, committed 2176K, reserved 1048576K
}
Event: 5.134 GC heap before
{Heap before GC invocations=6 (full 0):
 PSYoungGen      total 33280K, used 10067K [0x00000000ec300000, 0x00000000f1600000, 0x0000000100000000)
  eden space 30720K, 24% used [0x00000000ec300000,0x00000000eca5c0e0,0x00000000ee100000)
  from space 2560K, 98% used [0x00000000ee100000,0x00000000ee378e30,0x00000000ee380000)
  to   space 11776K, 0% used [0x00000000f0a80000,0x00000000f0a80000,0x00000000f1600000)
 ParOldGen       total 40960K, used 19526K [0x00000000c4800000, 0x00000000c7000000, 0x00000000ec300000)
  object space 40960K, 47% used [0x00000000c4800000,0x00000000c5b11b50,0x00000000c7000000)
 Metaspace       used 20912K, capacity 21109K, committed 21296K, reserved 1069056K
  class space    used 1992K, capacity 2052K, committed 2176K, reserved 1048576K
Event: 5.141 GC heap after
Heap after GC invocations=6 (full 0):
 PSYoungGen      total 73216K, used 3925K [0x00000000ec300000, 0x00000000f1600000, 0x0000000100000000)
  eden space 61440K, 0% used [0x00000000ec300000,0x00000000ec300000,0x00000000eff00000)
  from space 11776K, 33% used [0x00000000f0a80000,0x00000000f0e556b0,0x00000000f1600000)
  to   space 11776K, 0% used [0x00000000eff00000,0x00000000eff00000,0x00000000f0a80000)
 ParOldGen       total 40960K, used 19526K [0x00000000c4800000, 0x00000000c7000000, 0x00000000ec300000)
  object space 40960K, 47% used [0x00000000c4800000,0x00000000c5b11b50,0x00000000c7000000)
 Metaspace       used 20912K, capacity 21109K, committed 21296K, reserved 1069056K
  class space    used 1992K, capacity 2052K, committed 2176K, reserved 1048576K
}
Event: 5.141 GC heap before
{Heap before GC invocations=7 (full 1):
 PSYoungGen      total 73216K, used 3925K [0x00000000ec300000, 0x00000000f1600000, 0x0000000100000000)
  eden space 61440K, 0% used [0x00000000ec300000,0x00000000ec300000,0x00000000eff00000)
  from space 11776K, 33% used [0x00000000f0a80000,0x00000000f0e556b0,0x00000000f1600000)
  to   space 11776K, 0% used [0x00000000eff00000,0x00000000eff00000,0x00000000f0a80000)
 ParOldGen       total 40960K, used 19526K [0x00000000c4800000, 0x00000000c7000000, 0x00000000ec300000)
  object space 40960K, 47% used [0x00000000c4800000,0x00000000c5b11b50,0x00000000c7000000)
 Metaspace       used 20912K, capacity 21109K, committed 21296K, reserved 1069056K
  class space    used 1992K, capacity 2052K, committed 2176K, reserved 1048576K
Event: 5.176 GC heap after
Heap after GC invocations=7 (full 1):
 PSYoungGen      total 73216K, used 0K [0x00000000ec300000, 0x00000000f1600000, 0x0000000100000000)
  eden space 61440K, 0% used [0x00000000ec300000,0x00000000ec300000,0x00000000eff00000)
  from space 11776K, 0% used [0x00000000f0a80000,0x00000000f0a80000,0x00000000f1600000)
  to   space 11776K, 0% used [0x00000000eff00000,0x00000000eff00000,0x00000000f0a80000)
 ParOldGen       total 46592K, used 17556K [0x00000000c4800000, 0x00000000c7580000, 0x00000000ec300000)
  object space 46592K, 37% used [0x00000000c4800000,0x00000000c5925270,0x00000000c7580000)
 Metaspace       used 20912K, capacity 21109K, committed 21296K, reserved 1069056K
  class space    used 1992K, capacity 2052K, committed 2176K, reserved 1048576K
}
Event: 12.863 GC heap before
{Heap before GC invocations=8 (full 1):
 PSYoungGen      total 73216K, used 61440K [0x00000000ec300000, 0x00000000f1600000, 0x0000000100000000)
  eden space 61440K, 100% used [0x00000000ec300000,0x00000000eff00000,0x00000000eff00000)
  from space 11776K, 0% used [0x00000000f0a80000,0x00000000f0a80000,0x00000000f1600000)
  to   space 11776K, 0% used [0x00000000eff00000,0x00000000eff00000,0x00000000f0a80000)
 ParOldGen       total 46592K, used 17556K [0x00000000c4800000, 0x00000000c7580000, 0x00000000ec300000)
  object space 46592K, 37% used [0x00000000c4800000,0x00000000c5925270,0x00000000c7580000)
 Metaspace       used 21290K, capacity 21493K, committed 21808K, reserved 1069056K
  class space    used 1992K, capacity 2052K, committed 2176K, reserved 1048576K
Event: 12.866 GC heap after
Heap after GC invocations=8 (full 1):
 PSYoungGen      total 73216K, used 2496K [0x00000000ec300000, 0x00000000f3a80000, 0x0000000100000000)
  eden space 61440K, 0% used [0x00000000ec300000,0x00000000ec300000,0x00000000eff00000)
  from space 11776K, 21% used [0x00000000eff00000,0x00000000f0170090,0x00000000f0a80000)
  to   space 11776K, 0% used [0x00000000f2f00000,0x00000000f2f00000,0x00000000f3a80000)
 ParOldGen       total 46592K, used 17564K [0x00000000c4800000, 0x00000000c7580000, 0x00000000ec300000)
  object space 46592K, 37% used [0x00000000c4800000,0x00000000c5927270,0x00000000c7580000)
 Metaspace       used 21290K, capacity 21493K, committed 21808K, reserved 1069056K
  class space    used 1992K, capacity 2052K, committed 2176K, reserved 1048576K
}
Event: 22.516 GC heap before
{Heap before GC invocations=9 (full 1):
 PSYoungGen      total 73216K, used 63936K [0x00000000ec300000, 0x00000000f3a80000, 0x0000000100000000)
  eden space 61440K, 100% used [0x00000000ec300000,0x00000000eff00000,0x00000000eff00000)
  from space 11776K, 21% used [0x00000000eff00000,0x00000000f0170090,0x00000000f0a80000)
  to   space 11776K, 0% used [0x00000000f2f00000,0x00000000f2f00000,0x00000000f3a80000)
 ParOldGen       total 46592K, used 17564K [0x00000000c4800000, 0x00000000c7580000, 0x00000000ec300000)
  object space 46592K, 37% used [0x00000000c4800000,0x00000000c5927270,0x00000000c7580000)
 Metaspace       used 21292K, capacity 21493K, committed 21808K, reserved 1069056K
  class space    used 1992K, capacity 2052K, committed 2176K, reserved 1048576K
Event: 22.521 GC heap after
Heap after GC invocations=9 (full 1):
 PSYoungGen      total 102400K, used 2432K [0x00000000ec300000, 0x00000000f3680000, 0x0000000100000000)
  eden space 94720K, 0% used [0x00000000ec300000,0x00000000ec300000,0x00000000f1f80000)
  from space 7680K, 31% used [0x00000000f2f00000,0x00000000f3160090,0x00000000f3680000)
  to   space 11776K, 0% used [0x00000000f1f80000,0x00000000f1f80000,0x00000000f2b00000)
 ParOldGen       total 46592K, used 17564K [0x00000000c4800000, 0x00000000c7580000, 0x00000000ec300000)
  object space 46592K, 37% used [0x00000000c4800000,0x00000000c5927270,0x00000000c7580000)
 Metaspace       used 21292K, capacity 21493K, committed 21808K, reserved 1069056K
  class space    used 1992K, capacity 2052K, committed 2176K, reserved 1048576K
}

Deoptimization events (10 events):
Event: 3.721 Thread 0x00007f6884003000 Uncommon trap: reason=unstable_if action=reinterpret pc=0x00007f68c940ea70 method=java.lang.String.trim()Ljava/lang/String; @ 15
Event: 3.754 Thread 0x00007f6884003000 Uncommon trap: reason=class_check action=maybe_recompile pc=0x00007f68c953e1d8 method=com.jogamp.common.nio.Buffers.getDirectBufferByteOffset(Ljava/lang/Object;)I @ 42
Event: 3.767 Thread 0x00007f6884003000 Uncommon trap: reason=class_check action=maybe_recompile pc=0x00007f68c953e1d8 method=com.jogamp.common.nio.Buffers.getDirectBufferByteOffset(Ljava/lang/Object;)I @ 42
Event: 3.767 Thread 0x00007f6884003000 Uncommon trap: reason=class_check action=maybe_recompile pc=0x00007f68c953e1d8 method=com.jogamp.common.nio.Buffers.getDirectBufferByteOffset(Ljava/lang/Object;)I @ 42
Event: 3.767 Thread 0x00007f6884003000 Uncommon trap: reason=unstable_if action=reinterpret pc=0x00007f68c95891fc method=processing.opengl.PGraphicsOpenGL$InGeometry.addVertex(FFFIFFFFFIFIIIFIZ)I @ 218
Event: 4.198 Thread 0x00007f6871b44800 Uncommon trap: reason=unstable_if action=reinterpret pc=0x00007f68c942cc3c method=java.lang.String.regionMatches(ZILjava/lang/String;II)Z @ 123
Event: 33.509 Thread 0x00007f6884003000 Uncommon trap: reason=class_check action=maybe_recompile pc=0x00007f68c98858a4 method=java.awt.EventQueue.coalesceEvent(Ljava/awt/AWTEvent;I)Z @ 32
Event: 33.513 Thread 0x00007f68d82d7000 Uncommon trap: reason=unstable_if action=reinterpret pc=0x00007f68c9883f8c method=java.awt.EventQueue.getPriority(Ljava/awt/AWTEvent;)I @ 71
Event: 33.513 Thread 0x00007f6884003000 Uncommon trap: reason=unstable_if action=reinterpret pc=0x00007f68c9883f6c method=java.awt.EventQueue.getPriority(Ljava/awt/AWTEvent;)I @ 4
Event: 33.513 Thread 0x00007f68d82bd000 Uncommon trap: reason=unstable_if action=reinterpret pc=0x00007f68c98110f0 method=java.awt.font.FontRenderContext.equals(Ljava/awt/font/FontRenderContext;)Z @ 2

Internal exceptions (10 events):
Event: 1.136 Thread 0x00007f6884003000 Implicit null exception at 0x00007f68c915caf5 to 0x00007f68c915ce45
Event: 3.585 Thread 0x00007f6884003000 Exception <a 'java/lang/reflect/InvocationTargetException'> (0x00000000ecb037b0) thrown at [/RE-WORK/workspace/8-2-build-linux-amd64/jdk8u45/3457/hotspot/src/share/vm/runtime/reflection.cpp, line 1080]
Event: 3.586 Thread 0x00007f6884003000 Exception <a 'java/lang/reflect/InvocationTargetException'> (0x00000000ecb03d30) thrown at [/RE-WORK/workspace/8-2-build-linux-amd64/jdk8u45/3457/hotspot/src/share/vm/runtime/reflection.cpp, line 1080]
Event: 3.890 Thread 0x00007f6884003000 Exception <a 'java/lang/reflect/InvocationTargetException'> (0x00000000ecf25500) thrown at [/RE-WORK/workspace/8-2-build-linux-amd64/jdk8u45/3457/hotspot/src/share/vm/runtime/reflection.cpp, line 1080]
Event: 3.895 Thread 0x00007f6884003000 Exception <a 'java/lang/reflect/InvocationTargetException'> (0x00000000ecf26d48) thrown at [/RE-WORK/workspace/8-2-build-linux-amd64/jdk8u45/3457/hotspot/src/share/vm/runtime/reflection.cpp, line 1080]
Event: 3.937 Thread 0x00007f6884003000 Exception <a 'java/lang/reflect/InvocationTargetException'> (0x00000000ecfe79e0) thrown at [/RE-WORK/workspace/8-2-build-linux-amd64/jdk8u45/3457/hotspot/src/share/vm/runtime/reflection.cpp, line 1080]
Event: 3.938 Thread 0x00007f6884003000 Exception <a 'java/lang/reflect/InvocationTargetException'> (0x00000000ecfe8180) thrown at [/RE-WORK/workspace/8-2-build-linux-amd64/jdk8u45/3457/hotspot/src/share/vm/runtime/reflection.cpp, line 1080]
Event: 3.953 Thread 0x00007f6884003000 Exception <a 'java/lang/reflect/InvocationTargetException'> (0x00000000ed0375e8) thrown at [/RE-WORK/workspace/8-2-build-linux-amd64/jdk8u45/3457/hotspot/src/share/vm/runtime/reflection.cpp, line 1080]
Event: 3.958 Thread 0x00007f6884003000 Exception <a 'java/lang/reflect/InvocationTargetException'> (0x00000000ed038720) thrown at [/RE-WORK/workspace/8-2-build-linux-amd64/jdk8u45/3457/hotspot/src/share/vm/runtime/reflection.cpp, line 1080]
Event: 4.009 Thread 0x00007f6884003000 Exception <a 'java/lang/reflect/InvocationTargetException'> (0x00000000ed089ed0) thrown at [/RE-WORK/workspace/8-2-build-linux-amd64/jdk8u45/3457/hotspot/src/share/vm/runtime/reflection.cpp, line 1080]

Events (10 events):
Event: 33.512 loading class sun/awt/SunToolkit$1 done
Event: 33.513 Thread 0x00007f68d82d7000 Uncommon trap: trap_request=0xffffff65 fr.pc=0x00007f68c9883f8c
Event: 33.513 Thread 0x00007f6884003000 Uncommon trap: trap_request=0xffffff65 fr.pc=0x00007f68c9883f6c
Event: 33.513 Thread 0x00007f6884003000 DEOPT PACKING pc=0x00007f68c9883f6c sp=0x00007f688eaab6b0
Event: 33.513 Thread 0x00007f68d82d7000 DEOPT PACKING pc=0x00007f68c9883f8c sp=0x00007f688f255560
Event: 33.513 Thread 0x00007f6884003000 DEOPT UNPACKING pc=0x00007f68c9005229 sp=0x00007f688eaab5a8 mode 2
Event: 33.513 Thread 0x00007f68d82d7000 DEOPT UNPACKING pc=0x00007f68c9005229 sp=0x00007f688f255450 mode 2
Event: 33.513 Thread 0x00007f68d82bd000 Uncommon trap: trap_request=0xffffff65 fr.pc=0x00007f68c98110f0
Event: 33.513 Thread 0x00007f68d82bd000 DEOPT PACKING pc=0x00007f68c98110f0 sp=0x00007f688f4573e0
Event: 33.513 Thread 0x00007f68d82bd000 DEOPT UNPACKING pc=0x00007f68c9005229 sp=0x00007f688f457338 mode 2


Dynamic libraries:
00400000-00401000 r-xp 00000000 08:02 4856071                            /usr/lib/jvm/java-8-oracle/bin/java
00600000-00601000 rw-p 00000000 08:02 4856071                            /usr/lib/jvm/java-8-oracle/bin/java
00888000-008a9000 rw-p 00000000 00:00 0                                  [heap]
c4800000-c7580000 rw-p 00000000 00:00 0 
c7580000-ec300000 ---p 00000000 00:00 0 
ec300000-f3680000 rw-p 00000000 00:00 0 
f3680000-100000000 ---p 00000000 00:00 0 
100000000-100220000 rw-p 00000000 00:00 0 
100220000-140000000 ---p 00000000 00:00 0 
7f6844000000-7f6844069000 rw-p 00000000 00:00 0 
7f6844069000-7f6848000000 ---p 00000000 00:00 0 
7f6848000000-7f6848053000 rw-p 00000000 00:00 0 
7f6848053000-7f684c000000 ---p 00000000 00:00 0 
7f684c000000-7f684c021000 rw-p 00000000 00:00 0 
7f684c021000-7f6850000000 ---p 00000000 00:00 0 
7f6850000000-7f6850021000 rw-p 00000000 00:00 0 
7f6850021000-7f6854000000 ---p 00000000 00:00 0 
7f6854000000-7f6854021000 rw-p 00000000 00:00 0 
7f6854021000-7f6858000000 ---p 00000000 00:00 0 
7f6858000000-7f6858021000 rw-p 00000000 00:00 0 
7f6858021000-7f685c000000 ---p 00000000 00:00 0 
7f685c000000-7f685c021000 rw-p 00000000 00:00 0 
7f685c021000-7f6860000000 ---p 00000000 00:00 0 
7f6861c58000-7f6861cc8000 rw-s 00000000 00:04 198304                     /drm mm object (deleted)
7f6861cc8000-7f6861d38000 rw-s 00000000 00:04 195516                     /drm mm object (deleted)
7f6861d38000-7f6861da8000 rw-s 00000000 00:04 198777                     /drm mm object (deleted)
7f6861da8000-7f6861dab000 ---p 00000000 00:00 0 
7f6861dab000-7f6861ea9000 rw-p 00000000 00:00 0 
7f6861ea9000-7f6861f19000 rw-s 00000000 00:04 195515                     /drm mm object (deleted)
7f6861f19000-7f6862199000 rw-s 00000000 00:04 195508                     /drm mm object (deleted)
7f6862199000-7f6862419000 rw-s 00000000 00:04 198204                     /drm mm object (deleted)
7f6862419000-7f686241a000 r--s 00000000 08:02 786530                     /var/cache/fontconfig/c05880de57d1f5e948fdfacc138775d9-le64.cache-4
7f686241a000-7f6862425000 r--s 00000000 08:02 786523                     /var/cache/fontconfig/945677eb7aeaf62f1d50efc3fb3ec7d8-le64.cache-4
7f6862425000-7f686242b000 r--s 00000000 08:02 786507                     /var/cache/fontconfig/2cd17615ca594fa2959ae173292e504c-le64.cache-4
7f686242b000-7f686242c000 r--s 00000000 08:02 786541                     /var/cache/fontconfig/e7071f4a29fa870f4323321c154eba04-le64.cache-4
7f686242c000-7f686242d000 r--s 00000000 08:02 786504                     /var/cache/fontconfig/0d8c3b2ac0904cb8a57a757ad11a4a08-le64.cache-4
7f686242d000-7f6862434000 r--s 00000000 08:02 786527                     /var/cache/fontconfig/a755afe4a08bf5b97852ceb7400b47bc-le64.cache-4
7f6862434000-7f6862435000 r--s 00000000 08:02 786526                     /var/cache/fontconfig/a6354e3ac43af67bd8d7b8e43c34e49f-le64.cache-4
7f6862435000-7f6862436000 r--s 00000000 08:02 786506                     /var/cache/fontconfig/1ac9eb803944fde146138c791f5cc56a-le64.cache-4
7f6862436000-7f686243a000 r--s 00000000 08:02 786510                     /var/cache/fontconfig/385c0604a188198f04d133e54aba7fe7-le64.cache-4
7f686243a000-7f686243b000 r--s 00000000 08:02 786538                     /var/cache/fontconfig/dc05db6664285cc2f12bf69c139ae4c3-le64.cache-4
7f686243b000-7f686243d000 r--s 00000000 08:02 786520                     /var/cache/fontconfig/767a8244fc0220cfb567a839d0392e0b-le64.cache-4
7f686243d000-7f686243e000 r--s 00000000 08:02 788870                     /var/cache/fontconfig/4794a0821666d79190d59a36cb4f44b5-le64.cache-4
7f686243e000-7f6862443000 r--s 00000000 08:02 786522                     /var/cache/fontconfig/8801497958630a81b71ace7c5f9b32a8-le64.cache-4
7f6862443000-7f686244a000 r--s 00000000 08:02 786508                     /var/cache/fontconfig/3047814df9a2f067bd2d96a2b9c36e5a-le64.cache-4
7f686244a000-7f686244b000 r--s 00000000 08:02 786514                     /var/cache/fontconfig/56cf4f4769d0f4abc89a4895d7bd3ae1-le64.cache-4
7f686244b000-7f686244c000 r--s 00000000 08:02 786529                     /var/cache/fontconfig/b9d506c9ac06c20b433354fa67a72993-le64.cache-4
7f686244c000-7f6862452000 r--s 00000000 08:02 786528                     /var/cache/fontconfig/b47c4e1ecd0709278f4910c18777a504-le64.cache-4
7f6862452000-7f6862465000 r--s 00000000 08:02 786534                     /var/cache/fontconfig/d52a8644073d54c13679302ca1180695-le64.cache-4
7f6862465000-7f686246e000 r--s 00000000 08:02 786511                     /var/cache/fontconfig/3f7329c5293ffd510edef78f73874cfd-le64.cache-4
7f686246e000-7f6862483000 r--s 00000000 08:02 786537                     /var/cache/fontconfig/da82082e1ef13c4097208324d67c180c-le64.cache-4
7f68624d9000-7f68624dc000 ---p 00000000 00:00 0 
7f68624dc000-7f68625da000 rw-p 00000000 00:00 0                          [stack:14021]
7f68625da000-7f686269a000 rw-s 109326000 00:05 1552                      /dev/dri/card0
7f68628ee000-7f686295e000 rw-s 00000000 00:04 198785                     /drm mm object (deleted)
7f686295e000-7f68629ce000 rw-s 00000000 00:04 195528                     /drm mm object (deleted)
7f68629ce000-7f6862a3e000 rw-s 00000000 00:04 197431                     /drm mm object (deleted)
7f6862a3e000-7f6862aae000 rw-s 00000000 00:04 198306                     /drm mm object (deleted)
7f6862aae000-7f6862b1e000 rw-s 00000000 00:04 197427                     /drm mm object (deleted)
7f6862b1e000-7f6862b8e000 rw-s 00000000 00:04 198782                     /drm mm object (deleted)
7f6862b8e000-7f6862b92000 r--s 00000000 08:02 786535                     /var/cache/fontconfig/d589a48862398ed80a3d6066f4f56f4c-le64.cache-4
7f6862b92000-7f6862b9f000 r--s 00000000 08:02 786637                     /var/cache/fontconfig/e13b20fdb08344e0e664864cc2ede53d-le64.cache-4
7f6862b9f000-7f6862ba3000 r--s 00000000 08:02 786516                     /var/cache/fontconfig/7ef2298fde41cc6eeb7af42e48b7d293-le64.cache-4
7f6862bf6000-7f6862c66000 rw-s 00000000 00:04 198778                     /drm mm object (deleted)
7f6862c66000-7f6862d92000 rw-p 00000000 00:00 0 
7f6862d92000-7f6862e66000 ---p 00000000 00:00 0 
7f6862e66000-7f6862ee6000 rw-s 10aba9000 00:05 1552                      /dev/dri/card0
7f6862ee6000-7f68630a6000 rw-s 00000000 00:04 198244                     /drm mm object (deleted)
7f68630a6000-7f68630a9000 ---p 00000000 00:00 0 
7f68630a9000-7f68631a7000 rw-p 00000000 00:00 0 
7f68631a7000-7f68631aa000 ---p 00000000 00:00 0 
7f68631aa000-7f68632a8000 rw-p 00000000 00:00 0 
7f68632a8000-7f68632ab000 ---p 00000000 00:00 0 
7f68632ab000-7f68633a9000 rw-p 00000000 00:00 0 
7f68633a9000-7f68633ac000 ---p 00000000 00:00 0 
7f68633ac000-7f68634aa000 rw-p 00000000 00:00 0 
7f68634aa000-7f686352a000 rw-s 10ab29000 00:05 1552                      /dev/dri/card0
7f686352a000-7f68636ea000 rw-s 00000000 00:04 198229                     /drm mm object (deleted)
7f686373a000-7f68637aa000 rw-s 00000000 00:04 197430                     /drm mm object (deleted)
7f68637aa000-7f686381a000 rw-s 00000000 00:04 197429                     /drm mm object (deleted)
7f686381a000-7f686388a000 rw-s 00000000 00:04 197428                     /drm mm object (deleted)
7f686388a000-7f68638fa000 rw-s 00000000 00:04 198305                     /drm mm object (deleted)
7f68638fa000-7f686396a000 rw-s 00000000 00:04 198783                     /drm mm object (deleted)
7f686396a000-7f686396d000 ---p 00000000 00:00 0 
7f686396d000-7f6863a6b000 rw-p 00000000 00:00 0                          [stack:14002]
7f6863a6b000-7f6863a82000 r-xp 00000000 08:02 2621530                    /lib/x86_64-linux-gnu/libresolv-2.19.so
7f6863a82000-7f6863c82000 ---p 00017000 08:02 2621530                    /lib/x86_64-linux-gnu/libresolv-2.19.so
7f6863c82000-7f6863c83000 r--p 00017000 08:02 2621530                    /lib/x86_64-linux-gnu/libresolv-2.19.so
7f6863c83000-7f6863c84000 rw-p 00018000 08:02 2621530                    /lib/x86_64-linux-gnu/libresolv-2.19.so
7f6863c84000-7f6863c86000 rw-p 00000000 00:00 0 
7f6863c86000-7f6863c8b000 r-xp 00000000 08:02 2621536                    /lib/x86_64-linux-gnu/libnss_dns-2.19.so
7f6863c8b000-7f6863e8a000 ---p 00005000 08:02 2621536                    /lib/x86_64-linux-gnu/libnss_dns-2.19.so
7f6863e8a000-7f6863e8b000 r--p 00004000 08:02 2621536                    /lib/x86_64-linux-gnu/libnss_dns-2.19.so
7f6863e8b000-7f6863e8c000 rw-p 00005000 08:02 2621536                    /lib/x86_64-linux-gnu/libnss_dns-2.19.so
7f6863e8c000-7f6863e8e000 r-xp 00000000 08:02 2625700                    /lib/x86_64-linux-gnu/libnss_mdns4_minimal.so.2
7f6863e8e000-7f686408d000 ---p 00002000 08:02 2625700                    /lib/x86_64-linux-gnu/libnss_mdns4_minimal.so.2
7f686408d000-7f686408e000 r--p 00001000 08:02 2625700                    /lib/x86_64-linux-gnu/libnss_mdns4_minimal.so.2
7f686408e000-7f686408f000 rw-p 00002000 08:02 2625700                    /lib/x86_64-linux-gnu/libnss_mdns4_minimal.so.2
7f686408f000-7f6864092000 r-xp 00000000 08:02 2625704                    /lib/x86_64-linux-gnu/libnss_myhostname.so.2
7f6864092000-7f6864291000 ---p 00003000 08:02 2625704                    /lib/x86_64-linux-gnu/libnss_myhostname.so.2
7f6864291000-7f6864292000 r--p 00002000 08:02 2625704                    /lib/x86_64-linux-gnu/libnss_myhostname.so.2
7f6864292000-7f6864293000 rw-p 00003000 08:02 2625704                    /lib/x86_64-linux-gnu/libnss_myhostname.so.2
7f6864293000-7f6864493000 rw-p 00000000 00:00 0 
7f6864493000-7f6864553000 rw-s 10aa69000 00:05 1552                      /dev/dri/card0
7f6864553000-7f68647d3000 rw-s 00000000 00:04 198207                     /drm mm object (deleted)
7f68647d3000-7f6864a53000 rw-s 00000000 00:04 198206                     /drm mm object (deleted)
7f6864a53000-7f6864b13000 rw-s 10a9a9000 00:05 1552                      /dev/dri/card0
7f6864b13000-7f6864b4a000 r-xp 00000000 08:02 4858923                    /usr/lib/x86_64-linux-gnu/libtxc_dxtn_s2tc.so.0.0.0
7f6864b4a000-7f6864d49000 ---p 00037000 08:02 4858923                    /usr/lib/x86_64-linux-gnu/libtxc_dxtn_s2tc.so.0.0.0
7f6864d49000-7f6864d4a000 r--p 00036000 08:02 4858923                    /usr/lib/x86_64-linux-gnu/libtxc_dxtn_s2tc.so.0.0.0
7f6864d4a000-7f6864d4b000 rw-p 00037000 08:02 4858923                    /usr/lib/x86_64-linux-gnu/libtxc_dxtn_s2tc.so.0.0.0
7f6864d4b000-7f6864d63000 r-xp 00000000 08:02 2625786                    /lib/x86_64-linux-gnu/libz.so.1.2.8
7f6864d63000-7f6864f62000 ---p 00018000 08:02 2625786                    /lib/x86_64-linux-gnu/libz.so.1.2.8
7f6864f62000-7f6864f63000 r--p 00017000 08:02 2625786                    /lib/x86_64-linux-gnu/libz.so.1.2.8
7f6864f63000-7f6864f64000 rw-p 00018000 08:02 2625786                    /lib/x86_64-linux-gnu/libz.so.1.2.8
7f6864f64000-7f6864f6c000 r-xp 00000000 08:02 4858718                    /usr/lib/x86_64-linux-gnu/libpciaccess.so.0.11.1
7f6864f6c000-7f686516b000 ---p 00008000 08:02 4858718                    /usr/lib/x86_64-linux-gnu/libpciaccess.so.0.11.1
7f686516b000-7f686516c000 r--p 00007000 08:02 4858718                    /usr/lib/x86_64-linux-gnu/libpciaccess.so.0.11.1
7f686516c000-7f686516d000 rw-p 00008000 08:02 4858718                    /usr/lib/x86_64-linux-gnu/libpciaccess.so.0.11.1
7f686516d000-7f686525d000 r-xp 00000000 08:02 4858875                    /usr/lib/x86_64-linux-gnu/libstdc++.so.6.0.20
7f686525d000-7f686545d000 ---p 000f0000 08:02 4858875                    /usr/lib/x86_64-linux-gnu/libstdc++.so.6.0.20
7f686545d000-7f6865465000 r--p 000f0000 08:02 4858875                    /usr/lib/x86_64-linux-gnu/libstdc++.so.6.0.20
7f6865465000-7f6865467000 rw-p 000f8000 08:02 4858875                    /usr/lib/x86_64-linux-gnu/libstdc++.so.6.0.20
7f6865467000-7f686547c000 rw-p 00000000 00:00 0 
7f686547c000-7f6865488000 r-xp 00000000 08:02 4858206                    /usr/lib/x86_64-linux-gnu/libdrm_radeon.so.1.0.1
7f6865488000-7f6865687000 ---p 0000c000 08:02 4858206                    /usr/lib/x86_64-linux-gnu/libdrm_radeon.so.1.0.1
7f6865687000-7f6865688000 r--p 0000b000 08:02 4858206                    /usr/lib/x86_64-linux-gnu/libdrm_radeon.so.1.0.1
7f6865688000-7f6865689000 rw-p 0000c000 08:02 4858206                    /usr/lib/x86_64-linux-gnu/libdrm_radeon.so.1.0.1
7f6865689000-7f686568f000 r-xp 00000000 08:02 4858204                    /usr/lib/x86_64-linux-gnu/libdrm_nouveau.so.2.0.0
7f686568f000-7f686588e000 ---p 00006000 08:02 4858204                    /usr/lib/x86_64-linux-gnu/libdrm_nouveau.so.2.0.0
7f686588e000-7f686588f000 r--p 00005000 08:02 4858204                    /usr/lib/x86_64-linux-gnu/libdrm_nouveau.so.2.0.0
7f686588f000-7f6865890000 rw-p 00006000 08:02 4858204                    /usr/lib/x86_64-linux-gnu/libdrm_nouveau.so.2.0.0
7f6865890000-7f68658b0000 r-xp 00000000 08:02 4858202                    /usr/lib/x86_64-linux-gnu/libdrm_intel.so.1.0.0
7f68658b0000-7f6865aaf000 ---p 00020000 08:02 4858202                    /usr/lib/x86_64-linux-gnu/libdrm_intel.so.1.0.0
7f6865aaf000-7f6865ab0000 r--p 0001f000 08:02 4858202                    /usr/lib/x86_64-linux-gnu/libdrm_intel.so.1.0.0
7f6865ab0000-7f6865ab1000 rw-p 00020000 08:02 4858202                    /usr/lib/x86_64-linux-gnu/libdrm_intel.so.1.0.0
7f6865ab1000-7f6865fcd000 r-xp 00000000 08:02 5114656                    /usr/lib/x86_64-linux-gnu/dri/i965_dri.so
7f6865fcd000-7f68661cc000 ---p 0051c000 08:02 5114656                    /usr/lib/x86_64-linux-gnu/dri/i965_dri.so
7f68661cc000-7f68661e8000 r--p 0051b000 08:02 5114656                    /usr/lib/x86_64-linux-gnu/dri/i965_dri.so
7f68661e8000-7f68661ee000 rw-p 00537000 08:02 5114656                    /usr/lib/x86_64-linux-gnu/dri/i965_dri.so
7f68661ee000-7f68661f9000 rw-p 00000000 00:00 0 
7f68661f9000-7f6866265000 r-xp 00000000 08:02 2625725                    /lib/x86_64-linux-gnu/libpcre.so.3.13.1
7f6866265000-7f6866464000 ---p 0006c000 08:02 2625725                    /lib/x86_64-linux-gnu/libpcre.so.3.13.1
7f6866464000-7f6866465000 r--p 0006b000 08:02 2625725                    /lib/x86_64-linux-gnu/libpcre.so.3.13.1
7f6866465000-7f6866466000 rw-p 0006c000 08:02 2625725                    /lib/x86_64-linux-gnu/libpcre.so.3.13.1
7f6866466000-7f6866487000 r-xp 00000000 08:02 2625752                    /lib/x86_64-linux-gnu/libselinux.so.1
7f6866487000-7f6866686000 ---p 00021000 08:02 2625752                    /lib/x86_64-linux-gnu/libselinux.so.1
7f6866686000-7f6866687000 r--p 00020000 08:02 2625752                    /lib/x86_64-linux-gnu/libselinux.so.1
7f6866687000-7f6866688000 rw-p 00021000 08:02 2625752                    /lib/x86_64-linux-gnu/libselinux.so.1
7f6866688000-7f686668a000 rw-p 00000000 00:00 0 
7f686668a000-7f686669a000 r-xp 00000000 08:02 2625516                    /lib/x86_64-linux-gnu/libudev.so.1.4.0
7f686669a000-7f686689a000 ---p 00010000 08:02 2625516                    /lib/x86_64-linux-gnu/libudev.so.1.4.0
7f686689a000-7f686689b000 r--p 00010000 08:02 2625516                    /lib/x86_64-linux-gnu/libudev.so.1.4.0
7f686689b000-7f686689c000 rw-p 00011000 08:02 2625516                    /lib/x86_64-linux-gnu/libudev.so.1.4.0
7f686689c000-7f686689e000 r-xp 00000000 08:02 4857968                    /usr/lib/x86_64-linux-gnu/libXinerama.so.1.0.0
7f686689e000-7f6866a9d000 ---p 00002000 08:02 4857968                    /usr/lib/x86_64-linux-gnu/libXinerama.so.1.0.0
7f6866a9d000-7f6866a9e000 r--p 00001000 08:02 4857968                    /usr/lib/x86_64-linux-gnu/libXinerama.so.1.0.0
7f6866a9e000-7f6866a9f000 rw-p 00002000 08:02 4857968                    /usr/lib/x86_64-linux-gnu/libXinerama.so.1.0.0
7f6866a9f000-7f6866ae4000 r-xp 00000000 08:02 4587537                    /tmp/jogamp_0000/file_cache/jln7068422947537207820/jln8451852487149315469/libjogl_mobile.so
7f6866ae4000-7f6866ce4000 ---p 00045000 08:02 4587537                    /tmp/jogamp_0000/file_cache/jln7068422947537207820/jln8451852487149315469/libjogl_mobile.so
7f6866ce4000-7f6866ce5000 rw-p 00045000 08:02 4587537                    /tmp/jogamp_0000/file_cache/jln7068422947537207820/jln8451852487149315469/libjogl_mobile.so
7f6866ce5000-7f6866cec000 r-xp 00000000 08:02 4858242                    /usr/lib/x86_64-linux-gnu/libffi.so.6.0.2
7f6866cec000-7f6866eeb000 ---p 00007000 08:02 4858242                    /usr/lib/x86_64-linux-gnu/libffi.so.6.0.2
7f6866eeb000-7f6866eec000 r--p 00006000 08:02 4858242                    /usr/lib/x86_64-linux-gnu/libffi.so.6.0.2
7f6866eec000-7f6866eed000 rw-p 00007000 08:02 4858242                    /usr/lib/x86_64-linux-gnu/libffi.so.6.0.2
7f6866eed000-7f6866efa000 r-xp 00000000 08:02 4849854                    /usr/lib/x86_64-linux-gnu/libgbm.so.1.0.0
7f6866efa000-7f68670f9000 ---p 0000d000 08:02 4849854                    /usr/lib/x86_64-linux-gnu/libgbm.so.1.0.0
7f68670f9000-7f68670fa000 r--p 0000c000 08:02 4849854                    /usr/lib/x86_64-linux-gnu/libgbm.so.1.0.0
7f68670fa000-7f68670fb000 rw-p 0000d000 08:02 4849854                    /usr/lib/x86_64-linux-gnu/libgbm.so.1.0.0
7f68670fb000-7f6867109000 r-xp 00000000 08:02 4858976                    /usr/lib/x86_64-linux-gnu/libwayland-server.so.0.1.0
7f6867109000-7f6867309000 ---p 0000e000 08:02 4858976                    /usr/lib/x86_64-linux-gnu/libwayland-server.so.0.1.0
7f6867309000-7f686730b000 r--p 0000e000 08:02 4858976                    /usr/lib/x86_64-linux-gnu/libwayland-server.so.0.1.0
7f686730b000-7f686730c000 rw-p 00010000 08:02 4858976                    /usr/lib/x86_64-linux-gnu/libwayland-server.so.0.1.0
7f686730c000-7f6867317000 r-xp 00000000 08:02 4858970                    /usr/lib/x86_64-linux-gnu/libwayland-client.so.0.2.0
7f6867317000-7f6867517000 ---p 0000b000 08:02 4858970                    /usr/lib/x86_64-linux-gnu/libwayland-client.so.0.2.0
7f6867517000-7f6867519000 r--p 0000b000 08:02 4858970                    /usr/lib/x86_64-linux-gnu/libwayland-client.so.0.2.0
7f6867519000-7f686751a000 rw-p 0000d000 08:02 4858970                    /usr/lib/x86_64-linux-gnu/libwayland-client.so.0.2.0
7f686751a000-7f686751f000 r-xp 00000000 08:02 4859022                    /usr/lib/x86_64-linux-gnu/libxcb-xfixes.so.0.0.0
7f686751f000-7f686771f000 ---p 00005000 08:02 4859022                    /usr/lib/x86_64-linux-gnu/libxcb-xfixes.so.0.0.0
7f686771f000-7f6867720000 r--p 00005000 08:02 4859022                    /usr/lib/x86_64-linux-gnu/libxcb-xfixes.so.0.0.0
7f6867720000-7f6867721000 rw-p 00006000 08:02 4859022                    /usr/lib/x86_64-linux-gnu/libxcb-xfixes.so.0.0.0
7f6867721000-7f686774a000 r-xp 00000000 08:02 5114652                    /usr/lib/x86_64-linux-gnu/mesa-egl/libEGL.so.1.0.0
7f686774a000-7f6867949000 ---p 00029000 08:02 5114652                    /usr/lib/x86_64-linux-gnu/mesa-egl/libEGL.so.1.0.0
7f6867949000-7f686794a000 r--p 00028000 08:02 5114652                    /usr/lib/x86_64-linux-gnu/mesa-egl/libEGL.so.1.0.0
7f686794a000-7f686794b000 rw-p 00029000 08:02 5114652                    /usr/lib/x86_64-linux-gnu/mesa-egl/libEGL.so.1.0.0
7f686794b000-7f686794c000 rw-p 00000000 00:00 0 
7f686794c000-7f68679f1000 r-xp 00000000 08:02 4587536                    /tmp/jogamp_0000/file_cache/jln7068422947537207820/jln8451852487149315469/libjogl_desktop.so
7f68679f1000-7f6867bf1000 ---p 000a5000 08:02 4587536                    /tmp/jogamp_0000/file_cache/jln7068422947537207820/jln8451852487149315469/libjogl_desktop.so
7f6867bf1000-7f6867bf2000 rw-p 000a5000 08:02 4587536                    /tmp/jogamp_0000/file_cache/jln7068422947537207820/jln8451852487149315469/libjogl_desktop.so
7f6867bf2000-7f6867bfd000 r-xp 00000000 08:02 4858200                    /usr/lib/x86_64-linux-gnu/libdrm.so.2.4.0
7f6867bfd000-7f6867dfc000 ---p 0000b000 08:02 4858200                    /usr/lib/x86_64-linux-gnu/libdrm.so.2.4.0
7f6867dfc000-7f6867dfd000 r--p 0000a000 08:02 4858200                    /usr/lib/x86_64-linux-gnu/libdrm.so.2.4.0
7f6867dfd000-7f6867dfe000 rw-p 0000b000 08:02 4858200                    /usr/lib/x86_64-linux-gnu/libdrm.so.2.4.0
7f6867dfe000-7f6867dff000 r-xp 00000000 08:02 4859034                    /usr/lib/x86_64-linux-gnu/libxshmfence.so.1.0.0
7f6867dff000-7f6867ffe000 ---p 00001000 08:02 4859034                    /usr/lib/x86_64-linux-gnu/libxshmfence.so.1.0.0
7f6867ffe000-7f6867fff000 r--p 00000000 08:02 4859034                    /usr/lib/x86_64-linux-gnu/libxshmfence.so.1.0.0
7f6867fff000-7f6868000000 rw-p 00001000 08:02 4859034                    /usr/lib/x86_64-linux-gnu/libxshmfence.so.1.0.0
7f6868000000-7f6868021000 rw-p 00000000 00:00 0 
7f6868021000-7f686c000000 ---p 00000000 00:00 0 
7f686c000000-7f686d85a000 rw-p 00000000 00:00 0 
7f686d85a000-7f6870000000 ---p 00000000 00:00 0 
7f6870000000-7f6872626000 rw-p 00000000 00:00 0 
7f6872626000-7f6874000000 ---p 00000000 00:00 0 
7f6874000000-7f687497b000 rw-p 00000000 00:00 0 
7f687497b000-7f6878000000 ---p 00000000 00:00 0 
7f6878000000-7f6878021000 rw-p 00000000 00:00 0 
7f6878021000-7f687c000000 ---p 00000000 00:00 0 
7f687c000000-7f687c064000 rw-p 00000000 00:00 0 
7f687c064000-7f6880000000 ---p 00000000 00:00 0 
7f6880000000-7f6880023000 rw-p 00000000 00:00 0 
7f6880023000-7f6884000000 ---p 00000000 00:00 0 
7f6884000000-7f6884021000 rw-p 00000000 00:00 0 
7f6884021000-7f6888000000 ---p 00000000 00:00 0 
7f6888000000-7f6888021000 rw-p 00000000 00:00 0 
7f6888021000-7f688c000000 ---p 00000000 00:00 0 
7f688c000000-7f688c001000 r--s 00000000 08:02 786503                     /var/cache/fontconfig/0c9eb80ebd1c36541ebe2852d3bb0c49-le64.cache-4
7f688c001000-7f688c002000 r--s 00000000 08:02 786517                     /var/cache/fontconfig/62f91419b9ebdb6975e7e41ab6412357-le64.cache-4
7f688c04c000-7f688c04d000 rw-p 00000000 00:00 0 
7f688c04d000-7f688c04e000 rw-s 00000000 00:04 198267                     /drm mm object (deleted)
7f688c04e000-7f688c04f000 rw-s 00000000 00:04 198213                     /drm mm object (deleted)
7f688c04f000-7f688c057000 rw-s 00000000 00:04 195481                     /drm mm object (deleted)
7f688c057000-7f688c058000 rw-s 00000000 00:04 198205                     /drm mm object (deleted)
7f688c058000-7f688c060000 rw-s 00000000 00:04 198198                     /drm mm object (deleted)
7f688c060000-7f688c068000 rw-s 00000000 00:04 198197                     /drm mm object (deleted)
7f688c068000-7f688c069000 rw-s 00000000 00:04 198194                     /drm mm object (deleted)
7f688c069000-7f688c071000 rw-s 00000000 00:04 198189                     /drm mm object (deleted)
7f688c071000-7f688c079000 rw-s 00000000 00:04 195462                     /drm mm object (deleted)
7f688c079000-7f688c081000 rw-s 00000000 00:04 195458                     /drm mm object (deleted)
7f688c081000-7f688c086000 r-xp 00000000 08:02 4859016                    /usr/lib/x86_64-linux-gnu/libxcb-sync.so.1.0.0
7f688c086000-7f688c285000 ---p 00005000 08:02 4859016                    /usr/lib/x86_64-linux-gnu/libxcb-sync.so.1.0.0
7f688c285000-7f688c286000 r--p 00004000 08:02 4859016                    /usr/lib/x86_64-linux-gnu/libxcb-sync.so.1.0.0
7f688c286000-7f688c287000 rw-p 00005000 08:02 4859016                    /usr/lib/x86_64-linux-gnu/libxcb-sync.so.1.0.0
7f688c287000-7f688c289000 r-xp 00000000 08:02 4859008                    /usr/lib/x86_64-linux-gnu/libxcb-present.so.0.0.0
7f688c289000-7f688c488000 ---p 00002000 08:02 4859008                    /usr/lib/x86_64-linux-gnu/libxcb-present.so.0.0.0
7f688c488000-7f688c489000 r--p 00001000 08:02 4859008                    /usr/lib/x86_64-linux-gnu/libxcb-present.so.0.0.0
7f688c489000-7f688c48a000 rw-p 00002000 08:02 4859008                    /usr/lib/x86_64-linux-gnu/libxcb-present.so.0.0.0
7f688c48a000-7f688c48c000 r-xp 00000000 08:02 4858998                    /usr/lib/x86_64-linux-gnu/libxcb-dri3.so.0.0.0
7f688c48c000-7f688c68b000 ---p 00002000 08:02 4858998                    /usr/lib/x86_64-linux-gnu/libxcb-dri3.so.0.0.0
7f688c68b000-7f688c68c000 r--p 00001000 08:02 4858998                    /usr/lib/x86_64-linux-gnu/libxcb-dri3.so.0.0.0
7f688c68c000-7f688c68d000 rw-p 00002000 08:02 4858998                    /usr/lib/x86_64-linux-gnu/libxcb-dri3.so.0.0.0
7f688c68d000-7f688c690000 r-xp 00000000 08:02 4858996                    /usr/lib/x86_64-linux-gnu/libxcb-dri2.so.0.0.0
7f688c690000-7f688c890000 ---p 00003000 08:02 4858996                    /usr/lib/x86_64-linux-gnu/libxcb-dri2.so.0.0.0
7f688c890000-7f688c891000 r--p 00003000 08:02 4858996                    /usr/lib/x86_64-linux-gnu/libxcb-dri2.so.0.0.0
7f688c891000-7f688c892000 rw-p 00004000 08:02 4858996                    /usr/lib/x86_64-linux-gnu/libxcb-dri2.so.0.0.0
7f688c892000-7f688c8a7000 r-xp 00000000 08:02 4859000                    /usr/lib/x86_64-linux-gnu/libxcb-glx.so.0.0.0
7f688c8a7000-7f688caa6000 ---p 00015000 08:02 4859000                    /usr/lib/x86_64-linux-gnu/libxcb-glx.so.0.0.0
7f688caa6000-7f688caa8000 r--p 00014000 08:02 4859000                    /usr/lib/x86_64-linux-gnu/libxcb-glx.so.0.0.0
7f688caa8000-7f688caa9000 rw-p 00016000 08:02 4859000                    /usr/lib/x86_64-linux-gnu/libxcb-glx.so.0.0.0
7f688caa9000-7f688caaa000 r-xp 00000000 08:02 4857939                    /usr/lib/x86_64-linux-gnu/libX11-xcb.so.1.0.0
7f688caaa000-7f688cca9000 ---p 00001000 08:02 4857939                    /usr/lib/x86_64-linux-gnu/libX11-xcb.so.1.0.0
7f688cca9000-7f688ccaa000 r--p 00000000 08:02 4857939                    /usr/lib/x86_64-linux-gnu/libX11-xcb.so.1.0.0
7f688ccaa000-7f688ccab000 rw-p 00001000 08:02 4857939                    /usr/lib/x86_64-linux-gnu/libX11-xcb.so.1.0.0
7f688ccab000-7f688ccad000 r-xp 00000000 08:02 4857954                    /usr/lib/x86_64-linux-gnu/libXdamage.so.1.1.0
7f688ccad000-7f688ceac000 ---p 00002000 08:02 4857954                    /usr/lib/x86_64-linux-gnu/libXdamage.so.1.1.0
7f688ceac000-7f688cead000 r--p 00001000 08:02 4857954                    /usr/lib/x86_64-linux-gnu/libXdamage.so.1.1.0
7f688cead000-7f688ceae000 rw-p 00002000 08:02 4857954                    /usr/lib/x86_64-linux-gnu/libXdamage.so.1.1.0
7f688ceae000-7f688ced3000 r-xp 00000000 08:02 4853342                    /usr/lib/x86_64-linux-gnu/libglapi.so.0.0.0
7f688ced3000-7f688d0d2000 ---p 00025000 08:02 4853342                    /usr/lib/x86_64-linux-gnu/libglapi.so.0.0.0
7f688d0d2000-7f688d0d5000 r--p 00024000 08:02 4853342                    /usr/lib/x86_64-linux-gnu/libglapi.so.0.0.0
7f688d0d5000-7f688d0d6000 rw-p 00027000 08:02 4853342                    /usr/lib/x86_64-linux-gnu/libglapi.so.0.0.0
7f688d0d6000-7f688d0d7000 rw-p 00000000 00:00 0 
7f688d0d7000-7f688d0fd000 r-xp 00000000 08:02 2625637                    /lib/x86_64-linux-gnu/libexpat.so.1.6.0
7f688d0fd000-7f688d2fc000 ---p 00026000 08:02 2625637                    /lib/x86_64-linux-gnu/libexpat.so.1.6.0
7f688d2fc000-7f688d2ff000 r--p 00025000 08:02 2625637                    /lib/x86_64-linux-gnu/libexpat.so.1.6.0
7f688d2ff000-7f688d300000 rw-p 00028000 08:02 2625637                    /lib/x86_64-linux-gnu/libexpat.so.1.6.0
7f688d300000-7f688d396000 r-xp 00000000 08:02 5113685                    /usr/lib/x86_64-linux-gnu/mesa/libGL.so.1.2.0
7f688d396000-7f688d595000 ---p 00096000 08:02 5113685                    /usr/lib/x86_64-linux-gnu/mesa/libGL.so.1.2.0
7f688d595000-7f688d598000 r--p 00095000 08:02 5113685                    /usr/lib/x86_64-linux-gnu/mesa/libGL.so.1.2.0
7f688d598000-7f688d599000 rw-p 00098000 08:02 5113685                    /usr/lib/x86_64-linux-gnu/mesa/libGL.so.1.2.0
7f688d599000-7f688d79a000 rw-p 00000000 00:00 0 
7f688d79a000-7f688d99a000 rw-p 00000000 00:00 0 
7f688d99a000-7f688d9a1000 r-xp 00000000 08:02 4587539                    /tmp/jogamp_0000/file_cache/jln7068422947537207820/jln8451852487149315469/libnativewindow_x11.so
7f688d9a1000-7f688dba0000 ---p 00007000 08:02 4587539                    /tmp/jogamp_0000/file_cache/jln7068422947537207820/jln8451852487149315469/libnativewindow_x11.so
7f688dba0000-7f688dba1000 rw-p 00006000 08:02 4587539                    /tmp/jogamp_0000/file_cache/jln7068422947537207820/jln8451852487149315469/libnativewindow_x11.so
7f688dba1000-7f688dba5000 r-xp 00000000 08:02 4857996                    /usr/lib/x86_64-linux-gnu/libXxf86vm.so.1.0.0
7f688dba5000-7f688dda5000 ---p 00004000 08:02 4857996                    /usr/lib/x86_64-linux-gnu/libXxf86vm.so.1.0.0
7f688dda5000-7f688dda6000 r--p 00004000 08:02 4857996                    /usr/lib/x86_64-linux-gnu/libXxf86vm.so.1.0.0
7f688dda6000-7f688dda7000 rw-p 00005000 08:02 4857996                    /usr/lib/x86_64-linux-gnu/libXxf86vm.so.1.0.0
7f688dda7000-7f688dda9000 r-xp 00000000 08:02 4587538                    /tmp/jogamp_0000/file_cache/jln7068422947537207820/jln8451852487149315469/libnativewindow_awt.so
7f688dda9000-7f688dfa8000 ---p 00002000 08:02 4587538                    /tmp/jogamp_0000/file_cache/jln7068422947537207820/jln8451852487149315469/libnativewindow_awt.so
7f688dfa8000-7f688dfa9000 rw-p 00001000 08:02 4587538                    /tmp/jogamp_0000/file_cache/jln7068422947537207820/jln8451852487149315469/libnativewindow_awt.so
7f688dfa9000-7f688dfaa000 r-xp 00000000 08:02 4855861                    /usr/lib/jvm/java-8-oracle/jre/lib/amd64/libjawt.so
7f688dfaa000-7f688e1a9000 ---p 00001000 08:02 4855861                    /usr/lib/jvm/java-8-oracle/jre/lib/amd64/libjawt.so
7f688e1a9000-7f688e1aa000 rw-p 00000000 08:02 4855861                    /usr/lib/jvm/java-8-oracle/jre/lib/amd64/libjawt.so
7f688e1aa000-7f688e1ac000 r-xp 00000000 08:02 4587535                    /tmp/jogamp_0000/file_cache/jln7068422947537207820/jln8451852487149315469/libgluegen-rt.so
7f688e1ac000-7f688e3ab000 ---p 00002000 08:02 4587535                    /tmp/jogamp_0000/file_cache/jln7068422947537207820/jln8451852487149315469/libgluegen-rt.so
7f688e3ab000-7f688e3ac000 rw-p 00001000 08:02 4587535                    /tmp/jogamp_0000/file_cache/jln7068422947537207820/jln8451852487149315469/libgluegen-rt.so
7f688e3ac000-7f688e3af000 ---p 00000000 00:00 0 
7f688e3af000-7f688e6ad000 rw-p 00000000 00:00 0                          [stack:14000]
7f688e6ad000-7f688e6b0000 ---p 00000000 00:00 0 
7f688e6b0000-7f688e9ae000 rw-p 00000000 00:00 0 
7f688e9ae000-7f688e9b1000 ---p 00000000 00:00 0 
7f688e9b1000-7f688eaaf000 rw-p 00000000 00:00 0                          [stack:13990]
7f688eaaf000-7f688eb18000 r-xp 00000000 08:02 4855882                    /usr/lib/jvm/java-8-oracle/jre/lib/amd64/libt2k.so
7f688eb18000-7f688ed17000 ---p 00069000 08:02 4855882                    /usr/lib/jvm/java-8-oracle/jre/lib/amd64/libt2k.so
7f688ed17000-7f688ed1e000 rw-p 00068000 08:02 4855882                    /usr/lib/jvm/java-8-oracle/jre/lib/amd64/libt2k.so
7f688ed1e000-7f688ed2e000 rw-p 00000000 00:00 0 
7f688ed2e000-7f688ed3f000 r-xp 00000000 08:02 4855860                    /usr/lib/jvm/java-8-oracle/jre/lib/amd64/libnio.so
7f688ed3f000-7f688ef3e000 ---p 00011000 08:02 4855860                    /usr/lib/jvm/java-8-oracle/jre/lib/amd64/libnio.so
7f688ef3e000-7f688ef3f000 rw-p 00010000 08:02 4855860                    /usr/lib/jvm/java-8-oracle/jre/lib/amd64/libnio.so
7f688ef3f000-7f688ef55000 r-xp 00000000 08:02 4855886                    /usr/lib/jvm/java-8-oracle/jre/lib/amd64/libnet.so
7f688ef55000-7f688f155000 ---p 00016000 08:02 4855886                    /usr/lib/jvm/java-8-oracle/jre/lib/amd64/libnet.so
7f688f155000-7f688f156000 rw-p 00016000 08:02 4855886                    /usr/lib/jvm/java-8-oracle/jre/lib/amd64/libnet.so
7f688f156000-7f688f159000 ---p 00000000 00:00 0 
7f688f159000-7f688f257000 rw-p 00000000 00:00 0                          [stack:13987]
7f688f257000-7f688f25a000 ---p 00000000 00:00 0 
7f688f25a000-7f688f358000 rw-p 00000000 00:00 0                          [stack:13986]
7f688f358000-7f688f35b000 ---p 00000000 00:00 0 
7f688f35b000-7f688f459000 rw-p 00000000 00:00 0                          [stack:13985]
7f688f459000-7f688f45c000 ---p 00000000 00:00 0 
7f688f45c000-7f688f55a000 rw-p 00000000 00:00 0                          [stack:13983]
7f688f55a000-7f688f55f000 r-xp 00000000 08:02 4857960                    /usr/lib/x86_64-linux-gnu/libXfixes.so.3.1.0
7f688f55f000-7f688f75e000 ---p 00005000 08:02 4857960                    /usr/lib/x86_64-linux-gnu/libXfixes.so.3.1.0
7f688f75e000-7f688f75f000 r--p 00004000 08:02 4857960                    /usr/lib/x86_64-linux-gnu/libXfixes.so.3.1.0
7f688f75f000-7f688f760000 rw-p 00005000 08:02 4857960                    /usr/lib/x86_64-linux-gnu/libXfixes.so.3.1.0
7f688f760000-7f688f769000 r-xp 00000000 08:02 4857952                    /usr/lib/x86_64-linux-gnu/libXcursor.so.1.0.2
7f688f769000-7f688f968000 ---p 00009000 08:02 4857952                    /usr/lib/x86_64-linux-gnu/libXcursor.so.1.0.2
7f688f968000-7f688f969000 r--p 00008000 08:02 4857952                    /usr/lib/x86_64-linux-gnu/libXcursor.so.1.0.2
7f688f969000-7f688f96a000 rw-p 00009000 08:02 4857952                    /usr/lib/x86_64-linux-gnu/libXcursor.so.1.0.2
7f688f96a000-7f688f980000 r-xp 00000000 08:02 2625642                    /lib/x86_64-linux-gnu/libgcc_s.so.1
7f688f980000-7f688fb7f000 ---p 00016000 08:02 2625642                    /lib/x86_64-linux-gnu/libgcc_s.so.1
7f688fb7f000-7f688fb80000 r--p 00015000 08:02 2625642                    /lib/x86_64-linux-gnu/libgcc_s.so.1
7f688fb80000-7f688fb81000 rw-p 00016000 08:02 2625642                    /lib/x86_64-linux-gnu/libgcc_s.so.1
7f688fb81000-7f688fbe6000 r-xp 00000000 08:02 4855916                    /usr/lib/jvm/java-8-oracle/jre/lib/amd64/libfontmanager.so
7f688fbe6000-7f688fde5000 ---p 00065000 08:02 4855916                    /usr/lib/jvm/java-8-oracle/jre/lib/amd64/libfontmanager.so
7f688fde5000-7f688fdea000 rw-p 00064000 08:02 4855916                    /usr/lib/jvm/java-8-oracle/jre/lib/amd64/libfontmanager.so
7f688fdea000-7f688fdfa000 rw-p 00000000 00:00 0 
7f688fdfa000-7f688fdff000 r-xp 00000000 08:02 4857956                    /usr/lib/x86_64-linux-gnu/libXdmcp.so.6.0.0
7f688fdff000-7f688fffe000 ---p 00005000 08:02 4857956                    /usr/lib/x86_64-linux-gnu/libXdmcp.so.6.0.0
7f688fffe000-7f688ffff000 r--p 00004000 08:02 4857956                    /usr/lib/x86_64-linux-gnu/libXdmcp.so.6.0.0
7f688ffff000-7f6890000000 rw-p 00005000 08:02 4857956                    /usr/lib/x86_64-linux-gnu/libXdmcp.so.6.0.0
7f6890000000-7f6890021000 rw-p 00000000 00:00 0 
7f6890021000-7f6894000000 ---p 00000000 00:00 0 
7f6894000000-7f6894021000 rw-p 00000000 00:00 0 
7f6894021000-7f6898000000 ---p 00000000 00:00 0 
7f6898000000-7f6899253000 rw-p 00000000 00:00 0 
7f6899253000-7f689c000000 ---p 00000000 00:00 0 
7f689c000000-7f689c3d5000 rw-p 00000000 00:00 0 
7f689c3d5000-7f68a0000000 ---p 00000000 00:00 0 
7f68a0000000-7f68a0021000 rw-p 00000000 00:00 0 
7f68a0021000-7f68a4000000 ---p 00000000 00:00 0 
7f68a4000000-7f68a4adc000 rw-p 00000000 00:00 0 
7f68a4adc000-7f68a8000000 ---p 00000000 00:00 0 
7f68a8000000-7f68a8021000 rw-p 00000000 00:00 0 
7f68a8021000-7f68ac000000 ---p 00000000 00:00 0 
7f68ac000000-7f68ac021000 rw-p 00000000 00:00 0 
7f68ac021000-7f68b0000000 ---p 00000000 00:00 0 
7f68b0000000-7f68b0021000 rw-p 00000000 00:00 0 
7f68b0021000-7f68b4000000 ---p 00000000 00:00 0 
7f68b4000000-7f68b4021000 rw-p 00000000 00:00 0 
7f68b4021000-7f68b8000000 ---p 00000000 00:00 0 
7f68b8000000-7f68b8021000 rw-p 00000000 00:00 0 
7f68b8021000-7f68bc000000 ---p 00000000 00:00 0 
7f68bc000000-7f68bc021000 rw-p 00000000 00:00 0 
7f68bc021000-7f68c0000000 ---p 00000000 00:00 0 
7f68c0000000-7f68c0021000 rw-p 00000000 00:00 0 
7f68c0021000-7f68c4000000 ---p 00000000 00:00 0 
7f68c4000000-7f68c4001000 rw-s 00000000 00:04 195471                     /drm mm object (deleted)
7f68c4001000-7f68c4002000 rw-s 00000000 00:04 195466                     /drm mm object (deleted)
7f68c4002000-7f68c400a000 rw-s 00000000 00:04 198193                     /drm mm object (deleted)
7f68c400a000-7f68c4012000 rw-s 00000000 00:04 195450                     /drm mm object (deleted)
7f68c4012000-7f68c401a000 rw-s 00000000 00:04 195446                     /drm mm object (deleted)
7f68c401a000-7f68c4025000 r--s 00116000 08:02 4855938                    /usr/lib/jvm/java-8-oracle/jre/lib/ext/localedata.jar
7f68c4025000-7f68c4028000 ---p 00000000 00:00 0 
7f68c4028000-7f68c408f000 rw-p 00000000 00:00 0                          [stack:13995]
7f68c408f000-7f68c4092000 ---p 00000000 00:00 0 
7f68c4092000-7f68c4190000 rw-p 00000000 00:00 0                          [stack:13982]
7f68c4190000-7f68c4192000 r-xp 00000000 08:02 4857945                    /usr/lib/x86_64-linux-gnu/libXau.so.6.0.0
7f68c4192000-7f68c4392000 ---p 00002000 08:02 4857945                    /usr/lib/x86_64-linux-gnu/libXau.so.6.0.0
7f68c4392000-7f68c4393000 r--p 00002000 08:02 4857945                    /usr/lib/x86_64-linux-gnu/libXau.so.6.0.0
7f68c4393000-7f68c4394000 rw-p 00003000 08:02 4857945                    /usr/lib/x86_64-linux-gnu/libXau.so.6.0.0
7f68c4394000-7f68c43b1000 r-xp 00000000 08:02 4859026                    /usr/lib/x86_64-linux-gnu/libxcb.so.1.1.0
7f68c43b1000-7f68c45b1000 ---p 0001d000 08:02 4859026                    /usr/lib/x86_64-linux-gnu/libxcb.so.1.1.0
7f68c45b1000-7f68c45b2000 r--p 0001d000 08:02 4859026                    /usr/lib/x86_64-linux-gnu/libxcb.so.1.1.0
7f68c45b2000-7f68c45b3000 rw-p 0001e000 08:02 4859026                    /usr/lib/x86_64-linux-gnu/libxcb.so.1.1.0
7f68c45b3000-7f68c45c2000 r-xp 00000000 08:02 4857966                    /usr/lib/x86_64-linux-gnu/libXi.so.6.1.0
7f68c45c2000-7f68c47c1000 ---p 0000f000 08:02 4857966                    /usr/lib/x86_64-linux-gnu/libXi.so.6.1.0
7f68c47c1000-7f68c47c2000 r--p 0000e000 08:02 4857966                    /usr/lib/x86_64-linux-gnu/libXi.so.6.1.0
7f68c47c2000-7f68c47c3000 rw-p 0000f000 08:02 4857966                    /usr/lib/x86_64-linux-gnu/libXi.so.6.1.0
7f68c47c3000-7f68c47c8000 r-xp 00000000 08:02 4857986                    /usr/lib/x86_64-linux-gnu/libXtst.so.6.1.0
7f68c47c8000-7f68c49c7000 ---p 00005000 08:02 4857986                    /usr/lib/x86_64-linux-gnu/libXtst.so.6.1.0
7f68c49c7000-7f68c49c8000 r--p 00004000 08:02 4857986                    /usr/lib/x86_64-linux-gnu/libXtst.so.6.1.0
7f68c49c8000-7f68c49c9000 rw-p 00005000 08:02 4857986                    /usr/lib/x86_64-linux-gnu/libXtst.so.6.1.0
7f68c49c9000-7f68c49d2000 r-xp 00000000 08:02 4857980                    /usr/lib/x86_64-linux-gnu/libXrender.so.1.3.0
7f68c49d2000-7f68c4bd1000 ---p 00009000 08:02 4857980                    /usr/lib/x86_64-linux-gnu/libXrender.so.1.3.0
7f68c4bd1000-7f68c4bd2000 r--p 00008000 08:02 4857980                    /usr/lib/x86_64-linux-gnu/libXrender.so.1.3.0
7f68c4bd2000-7f68c4bd3000 rw-p 00009000 08:02 4857980                    /usr/lib/x86_64-linux-gnu/libXrender.so.1.3.0
7f68c4bd3000-7f68c4d06000 r-xp 00000000 08:02 4857941                    /usr/lib/x86_64-linux-gnu/libX11.so.6.3.0
7f68c4d06000-7f68c4f06000 ---p 00133000 08:02 4857941                    /usr/lib/x86_64-linux-gnu/libX11.so.6.3.0
7f68c4f06000-7f68c4f07000 r--p 00133000 08:02 4857941                    /usr/lib/x86_64-linux-gnu/libX11.so.6.3.0
7f68c4f07000-7f68c4f0b000 rw-p 00134000 08:02 4857941                    /usr/lib/x86_64-linux-gnu/libX11.so.6.3.0
7f68c4f0b000-7f68c4f0c000 rw-p 00000000 00:00 0 
7f68c4f0c000-7f68c4f1d000 r-xp 00000000 08:02 4857958                    /usr/lib/x86_64-linux-gnu/libXext.so.6.4.0
7f68c4f1d000-7f68c511c000 ---p 00011000 08:02 4857958                    /usr/lib/x86_64-linux-gnu/libXext.so.6.4.0
7f68c511c000-7f68c511d000 r--p 00010000 08:02 4857958                    /usr/lib/x86_64-linux-gnu/libXext.so.6.4.0
7f68c511d000-7f68c511e000 rw-p 00011000 08:02 4857958                    /usr/lib/x86_64-linux-gnu/libXext.so.6.4.0
7f68c511e000-7f68c5172000 r-xp 00000000 08:02 4855857                    /usr/lib/jvm/java-8-oracle/jre/lib/amd64/libawt_xawt.so
7f68c5172000-7f68c5372000 ---p 00054000 08:02 4855857                    /usr/lib/jvm/java-8-oracle/jre/lib/amd64/libawt_xawt.so
7f68c5372000-7f68c5376000 rw-p 00054000 08:02 4855857                    /usr/lib/jvm/java-8-oracle/jre/lib/amd64/libawt_xawt.so
7f68c5376000-7f68c5377000 rw-p 00000000 00:00 0 
7f68c5377000-7f68c5419000 r-xp 00000000 08:02 4855893                    /usr/lib/jvm/java-8-oracle/jre/lib/amd64/libawt.so
7f68c5419000-7f68c5619000 ---p 000a2000 08:02 4855893                    /usr/lib/jvm/java-8-oracle/jre/lib/amd64/libawt.so
7f68c5619000-7f68c5625000 rw-p 000a2000 08:02 4855893                    /usr/lib/jvm/java-8-oracle/jre/lib/amd64/libawt.so
7f68c5625000-7f68c5649000 rw-p 00000000 00:00 0 
7f68c5649000-7f68c564a000 ---p 00000000 00:00 0 
7f68c564a000-7f68c574a000 rw-p 00000000 00:00 0                          [stack:13981]
7f68c574a000-7f68c574d000 ---p 00000000 00:00 0 
7f68c574d000-7f68c584b000 rw-p 00000000 00:00 0                          [stack:13980]
7f68c584b000-7f68c584e000 ---p 00000000 00:00 0 
7f68c584e000-7f68c594c000 rw-p 00000000 00:00 0                          [stack:13979]
7f68c594c000-7f68c594f000 ---p 00000000 00:00 0 
7f68c594f000-7f68c5a4d000 rw-p 00000000 00:00 0                          [stack:13978]
7f68c5a4d000-7f68c5a50000 ---p 00000000 00:00 0 
7f68c5a50000-7f68c5b4e000 rw-p 00000000 00:00 0                          [stack:13977]
7f68c5b4e000-7f68c5b51000 ---p 00000000 00:00 0 
7f68c5b51000-7f68c5c4f000 rw-p 00000000 00:00 0                          [stack:13976]
7f68c5c4f000-7f68c6331000 r--p 00000000 08:02 4857189                    /usr/lib/locale/locale-archive
7f68c6331000-7f68c6334000 ---p 00000000 00:00 0 
7f68c6334000-7f68c6432000 rw-p 00000000 00:00 0                          [stack:13975]
7f68c6432000-7f68c6435000 ---p 00000000 00:00 0 
7f68c6435000-7f68c6533000 rw-p 00000000 00:00 0                          [stack:13974]
7f68c6533000-7f68c6534000 ---p 00000000 00:00 0 
7f68c6534000-7f68c9000000 rw-p 00000000 00:00 0                          [stack:13973]
7f68c9000000-7f68c9890000 rwxp 00000000 00:00 0 
7f68c9890000-7f68d8000000 ---p 00000000 00:00 0 
7f68d8000000-7f68d82e1000 rw-p 00000000 00:00 0 
7f68d82e1000-7f68dc000000 ---p 00000000 00:00 0 
7f68dc000000-7f68dc001000 rw-s 00000000 00:04 195459                     /drm mm object (deleted)
7f68dc001000-7f68dc002000 rwxp 00000000 00:00 0 
7f68dc002000-7f68dc003000 rw-s 00000000 00:04 195447                     /drm mm object (deleted)
7f68dc003000-7f68dc004000 r--s 0002f000 08:02 5120518                    /home/bhupendra/Coursera Java Specialization/Assignments/World-Earthquakes-View/UCSDUnfoldingMaps/lib/jogl-all-natives-linux-amd64.jar
7f68dc004000-7f68dc006000 r--s 00000000 08:02 5120511                    /home/bhupendra/Coursera Java Specialization/Assignments/World-Earthquakes-View/UCSDUnfoldingMaps/lib/gluegen-rt-natives-linux-amd64.jar
7f68dc006000-7f68dc022000 r--s 00393000 08:02 4855940                    /usr/lib/jvm/java-8-oracle/jre/lib/ext/cldrdata.jar
7f68dc022000-7f68dc027000 r--s 00094000 08:02 4855697                    /usr/lib/jvm/java-8-oracle/jre/lib/jsse.jar
7f68dc027000-7f68dc02d000 r--s 00033000 08:02 5120529                    /home/bhupendra/Coursera Java Specialization/Assignments/World-Earthquakes-View/UCSDUnfoldingMaps/lib/unfolding.0.9.7-uscd.jar
7f68dc02d000-7f68dc032000 r--s 00309000 08:02 5120528                    /home/bhupendra/Coursera Java Specialization/Assignments/World-Earthquakes-View/UCSDUnfoldingMaps/lib/sqlite-jdbc-3.7.2.jar
7f68dc032000-7f68dc039000 r--s 00059000 08:02 5120527                    /home/bhupendra/Coursera Java Specialization/Assignments/World-Earthquakes-View/UCSDUnfoldingMaps/lib/log4j-1.2.15.jar
7f68dc039000-7f68dc05c000 r--s 002ec000 08:02 5120524                    /home/bhupendra/Coursera Java Specialization/Assignments/World-Earthquakes-View/UCSDUnfoldingMaps/lib/jogl-all.jar
7f68dc05c000-7f68dc411000 rw-p 00000000 00:00 0 
7f68dc411000-7f68dc5ea000 r--s 03d09000 08:02 4855699                    /usr/lib/jvm/java-8-oracle/jre/lib/rt.jar
7f68dc5ea000-7f68dd03c000 rw-p 00000000 00:00 0 
7f68dd03c000-7f68dd03d000 ---p 00000000 00:00 0 
7f68dd03d000-7f68dd13d000 rw-p 00000000 00:00 0                          [stack:13972]
7f68dd13d000-7f68dd13e000 ---p 00000000 00:00 0 
7f68dd13e000-7f68dd23e000 rw-p 00000000 00:00 0                          [stack:13971]
7f68dd23e000-7f68dd23f000 ---p 00000000 00:00 0 
7f68dd23f000-7f68dd33f000 rw-p 00000000 00:00 0                          [stack:13970]
7f68dd33f000-7f68dd340000 ---p 00000000 00:00 0 
7f68dd340000-7f68dd457000 rw-p 00000000 00:00 0                          [stack:13969]
7f68dd457000-7f68dd57e000 ---p 00000000 00:00 0 
7f68dd57e000-7f68dd595000 rw-p 00000000 00:00 0 
7f68dd595000-7f68dd6bb000 ---p 00000000 00:00 0 
7f68dd6bb000-7f68dd6f6000 rw-p 00000000 00:00 0 
7f68dd6f6000-7f68dd75a000 ---p 00000000 00:00 0 
7f68dd75a000-7f68dd77e000 rw-p 00000000 00:00 0 
7f68dd77e000-7f68ddb1b000 ---p 00000000 00:00 0 
7f68ddb1b000-7f68ddb35000 r-xp 00000000 08:02 4855865                    /usr/lib/jvm/java-8-oracle/jre/lib/amd64/libzip.so
7f68ddb35000-7f68ddd35000 ---p 0001a000 08:02 4855865                    /usr/lib/jvm/java-8-oracle/jre/lib/amd64/libzip.so
7f68ddd35000-7f68ddd36000 rw-p 0001a000 08:02 4855865                    /usr/lib/jvm/java-8-oracle/jre/lib/amd64/libzip.so
7f68ddd36000-7f68ddd41000 r-xp 00000000 08:02 2621543                    /lib/x86_64-linux-gnu/libnss_files-2.19.so
7f68ddd41000-7f68ddf40000 ---p 0000b000 08:02 2621543                    /lib/x86_64-linux-gnu/libnss_files-2.19.so
7f68ddf40000-7f68ddf41000 r--p 0000a000 08:02 2621543                    /lib/x86_64-linux-gnu/libnss_files-2.19.so
7f68ddf41000-7f68ddf42000 rw-p 0000b000 08:02 2621543                    /lib/x86_64-linux-gnu/libnss_files-2.19.so
7f68ddf42000-7f68ddf4d000 r-xp 00000000 08:02 2621455                    /lib/x86_64-linux-gnu/libnss_nis-2.19.so
7f68ddf4d000-7f68de14c000 ---p 0000b000 08:02 2621455                    /lib/x86_64-linux-gnu/libnss_nis-2.19.so
7f68de14c000-7f68de14d000 r--p 0000a000 08:02 2621455                    /lib/x86_64-linux-gnu/libnss_nis-2.19.so
7f68de14d000-7f68de14e000 rw-p 0000b000 08:02 2621455                    /lib/x86_64-linux-gnu/libnss_nis-2.19.so
7f68de14e000-7f68de165000 r-xp 00000000 08:02 2621545                    /lib/x86_64-linux-gnu/libnsl-2.19.so
7f68de165000-7f68de364000 ---p 00017000 08:02 2621545                    /lib/x86_64-linux-gnu/libnsl-2.19.so
7f68de364000-7f68de365000 r--p 00016000 08:02 2621545                    /lib/x86_64-linux-gnu/libnsl-2.19.so
7f68de365000-7f68de366000 rw-p 00017000 08:02 2621545                    /lib/x86_64-linux-gnu/libnsl-2.19.so
7f68de366000-7f68de368000 rw-p 00000000 00:00 0 
7f68de368000-7f68de371000 r-xp 00000000 08:02 2621538                    /lib/x86_64-linux-gnu/libnss_compat-2.19.so
7f68de371000-7f68de570000 ---p 00009000 08:02 2621538                    /lib/x86_64-linux-gnu/libnss_compat-2.19.so
7f68de570000-7f68de571000 r--p 00008000 08:02 2621538                    /lib/x86_64-linux-gnu/libnss_compat-2.19.so
7f68de571000-7f68de572000 rw-p 00009000 08:02 2621538                    /lib/x86_64-linux-gnu/libnss_compat-2.19.so
7f68de572000-7f68de59c000 r-xp 00000000 08:02 4855858                    /usr/lib/jvm/java-8-oracle/jre/lib/amd64/libjava.so
7f68de59c000-7f68de79c000 ---p 0002a000 08:02 4855858                    /usr/lib/jvm/java-8-oracle/jre/lib/amd64/libjava.so
7f68de79c000-7f68de79e000 rw-p 0002a000 08:02 4855858                    /usr/lib/jvm/java-8-oracle/jre/lib/amd64/libjava.so
7f68de79e000-7f68de7ab000 r-xp 00000000 08:02 4855900                    /usr/lib/jvm/java-8-oracle/jre/lib/amd64/libverify.so
7f68de7ab000-7f68de9ab000 ---p 0000d000 08:02 4855900                    /usr/lib/jvm/java-8-oracle/jre/lib/amd64/libverify.so
7f68de9ab000-7f68de9ad000 rw-p 0000d000 08:02 4855900                    /usr/lib/jvm/java-8-oracle/jre/lib/amd64/libverify.so
7f68de9ad000-7f68de9b4000 r-xp 00000000 08:02 2621541                    /lib/x86_64-linux-gnu/librt-2.19.so
7f68de9b4000-7f68debb3000 ---p 00007000 08:02 2621541                    /lib/x86_64-linux-gnu/librt-2.19.so
7f68debb3000-7f68debb4000 r--p 00006000 08:02 2621541                    /lib/x86_64-linux-gnu/librt-2.19.so
7f68debb4000-7f68debb5000 rw-p 00007000 08:02 2621541                    /lib/x86_64-linux-gnu/librt-2.19.so
7f68debb5000-7f68decba000 r-xp 00000000 08:02 2621542                    /lib/x86_64-linux-gnu/libm-2.19.so
7f68decba000-7f68deeb9000 ---p 00105000 08:02 2621542                    /lib/x86_64-linux-gnu/libm-2.19.so
7f68deeb9000-7f68deeba000 r--p 00104000 08:02 2621542                    /lib/x86_64-linux-gnu/libm-2.19.so
7f68deeba000-7f68deebb000 rw-p 00105000 08:02 2621542                    /lib/x86_64-linux-gnu/libm-2.19.so
7f68deebb000-7f68dfb69000 r-xp 00000000 08:02 4855906                    /usr/lib/jvm/java-8-oracle/jre/lib/amd64/server/libjvm.so
7f68dfb69000-7f68dfd68000 ---p 00cae000 08:02 4855906                    /usr/lib/jvm/java-8-oracle/jre/lib/amd64/server/libjvm.so
7f68dfd68000-7f68dfe3f000 rw-p 00cad000 08:02 4855906                    /usr/lib/jvm/java-8-oracle/jre/lib/amd64/server/libjvm.so
7f68dfe3f000-7f68dfe83000 rw-p 00000000 00:00 0 
7f68dfe83000-7f68e003d000 r-xp 00000000 08:02 2625514                    /lib/x86_64-linux-gnu/libc-2.19.so
7f68e003d000-7f68e023d000 ---p 001ba000 08:02 2625514                    /lib/x86_64-linux-gnu/libc-2.19.so
7f68e023d000-7f68e0241000 r--p 001ba000 08:02 2625514                    /lib/x86_64-linux-gnu/libc-2.19.so
7f68e0241000-7f68e0243000 rw-p 001be000 08:02 2625514                    /lib/x86_64-linux-gnu/libc-2.19.so
7f68e0243000-7f68e0248000 rw-p 00000000 00:00 0 
7f68e0248000-7f68e024b000 r-xp 00000000 08:02 2621535                    /lib/x86_64-linux-gnu/libdl-2.19.so
7f68e024b000-7f68e044a000 ---p 00003000 08:02 2621535                    /lib/x86_64-linux-gnu/libdl-2.19.so
7f68e044a000-7f68e044b000 r--p 00002000 08:02 2621535                    /lib/x86_64-linux-gnu/libdl-2.19.so
7f68e044b000-7f68e044c000 rw-p 00003000 08:02 2621535                    /lib/x86_64-linux-gnu/libdl-2.19.so
7f68e044c000-7f68e0461000 r-xp 00000000 08:02 4856243                    /usr/lib/jvm/java-8-oracle/lib/amd64/jli/libjli.so
7f68e0461000-7f68e0661000 ---p 00015000 08:02 4856243                    /usr/lib/jvm/java-8-oracle/lib/amd64/jli/libjli.so
7f68e0661000-7f68e0662000 rw-p 00015000 08:02 4856243                    /usr/lib/jvm/java-8-oracle/lib/amd64/jli/libjli.so
7f68e0662000-7f68e067b000 r-xp 00000000 08:02 2625630                    /lib/x86_64-linux-gnu/libpthread-2.19.so
7f68e067b000-7f68e087a000 ---p 00019000 08:02 2625630                    /lib/x86_64-linux-gnu/libpthread-2.19.so
7f68e087a000-7f68e087b000 r--p 00018000 08:02 2625630                    /lib/x86_64-linux-gnu/libpthread-2.19.so
7f68e087b000-7f68e087c000 rw-p 00019000 08:02 2625630                    /lib/x86_64-linux-gnu/libpthread-2.19.so
7f68e087c000-7f68e0880000 rw-p 00000000 00:00 0 
7f68e0880000-7f68e08a3000 r-xp 00000000 08:02 2621534                    /lib/x86_64-linux-gnu/ld-2.19.so
7f68e08a3000-7f68e08a4000 r--p 00000000 00:00 0 
7f68e08a4000-7f68e08aa000 r--s 00041000 08:02 5120517                    /home/bhupendra/Coursera Java Specialization/Assignments/World-Earthquakes-View/UCSDUnfoldingMaps/lib/gluegen-rt.jar
7f68e08aa000-7f68e0982000 rw-p 00000000 00:00 0 
7f68e0982000-7f68e0985000 ---p 00000000 00:00 0 
7f68e0985000-7f68e0a87000 rw-p 00000000 00:00 0                          [stack:13965]
7f68e0a87000-7f68e0a88000 r--s 00005000 08:02 5120526                    /home/bhupendra/Coursera Java Specialization/Assignments/World-Earthquakes-View/UCSDUnfoldingMaps/lib/libTUIO.jar
7f68e0a88000-7f68e0a89000 r--s 00007000 08:02 5120525                    /home/bhupendra/Coursera Java Specialization/Assignments/World-Earthquakes-View/UCSDUnfoldingMaps/lib/json4processing.jar
7f68e0a89000-7f68e0a8d000 r--s 0009a000 08:02 5120510                    /home/bhupendra/Coursera Java Specialization/Assignments/World-Earthquakes-View/UCSDUnfoldingMaps/lib/core.jar
7f68e0a8d000-7f68e0a92000 r--s 002f8000 08:02 4855711                    /usr/lib/jvm/java-8-oracle/jre/lib/charsets.jar
7f68e0a92000-7f68e0a9a000 rw-s 00000000 08:02 4587532                    /tmp/hsperfdata_bhupendra/13963
7f68e0a9a000-7f68e0a9b000 rw-p 00000000 00:00 0 
7f68e0a9b000-7f68e0a9c000 r--p 00000000 00:00 0 
7f68e0a9c000-7f68e0a9e000 rw-p 00000000 00:00 0 
7f68e0a9e000-7f68e0aa0000 r-xp 00000000 00:00 0                          [vdso]
7f68e0aa0000-7f68e0aa2000 r--p 00000000 00:00 0                          [vvar]
7f68e0aa2000-7f68e0aa3000 r--p 00022000 08:02 2621534                    /lib/x86_64-linux-gnu/ld-2.19.so
7f68e0aa3000-7f68e0aa4000 rw-p 00023000 08:02 2621534                    /lib/x86_64-linux-gnu/ld-2.19.so
7f68e0aa4000-7f68e0aa5000 rw-p 00000000 00:00 0 
7fff049dd000-7fff049fe000 rw-p 00000000 00:00 0                          [stack]
ffffffffff600000-ffffffffff601000 r-xp 00000000 00:00 0                  [vsyscall]

VM Arguments:
jvm_args: -Djava.security.policy=java.policy.applet -Dfile.encoding=UTF-8 
java_command: sun.applet.AppletViewer module4.EarthquakeCityMap1448805132422.html
java_class_path (initial): /home/bhupendra/Coursera Java Specialization/Assignments/World-Earthquakes-View/UCSDUnfoldingMaps/build:/home/bhupendra/Coursera Java Specialization/Assignments/World-Earthquakes-View/UCSDUnfoldingMaps/lib/core.jar:/home/bhupendra/Coursera Java Specialization/Assignments/World-Earthquakes-View/UCSDUnfoldingMaps/lib/gluegen-rt.jar:/home/bhupendra/Coursera Java Specialization/Assignments/World-Earthquakes-View/UCSDUnfoldingMaps/lib/jogl-all.jar:/home/bhupendra/Coursera Java Specialization/Assignments/World-Earthquakes-View/UCSDUnfoldingMaps/lib/log4j-1.2.15.jar:/home/bhupendra/Coursera Java Specialization/Assignments/World-Earthquakes-View/UCSDUnfoldingMaps/lib/sqlite-jdbc-3.7.2.jar:/home/bhupendra/Coursera Java Specialization/Assignments/World-Earthquakes-View/UCSDUnfoldingMaps/lib/json4processing.jar:/home/bhupendra/Coursera Java Specialization/Assignments/World-Earthquakes-View/UCSDUnfoldingMaps/lib/libTUIO.jar:/home/bhupendra/Coursera Java Specialization/Assignments/World-Earthquakes-View/UCSDUnfoldingMaps/lib/unfolding.0.9.7-uscd.jar
Launcher Type: SUN_STANDARD

Environment Variables:
PATH=/usr/local/sbin:/usr/local/bin:/usr/sbin:/usr/bin:/sbin:/bin:/usr/games:/usr/local/games
USERNAME=bhupendra
SHELL=/bin/bash
DISPLAY=:0.0

Signal Handlers:
SIGSEGV: [libjvm.so+0xaad1e0], sa_mask[0]=11111111011111111101111111111110, sa_flags=SA_RESTART|SA_SIGINFO
SIGBUS: [libjvm.so+0xaad1e0], sa_mask[0]=11111111011111111101111111111110, sa_flags=SA_RESTART|SA_SIGINFO
SIGFPE: [libjvm.so+0x90b450], sa_mask[0]=11111111011111111101111111111110, sa_flags=SA_RESTART|SA_SIGINFO
SIGPIPE: [libjvm.so+0x90b450], sa_mask[0]=11111111011111111101111111111110, sa_flags=SA_RESTART|SA_SIGINFO
SIGXFSZ: [libjvm.so+0x90b450], sa_mask[0]=11111111011111111101111111111110, sa_flags=SA_RESTART|SA_SIGINFO
SIGILL: [libjvm.so+0x90b450], sa_mask[0]=11111111011111111101111111111110, sa_flags=SA_RESTART|SA_SIGINFO
SIGUSR1: SIG_DFL, sa_mask[0]=00000000000000000000000000000000, sa_flags=none
SIGUSR2: [libjvm.so+0x90ca90], sa_mask[0]=00100000000000000000000000000000, sa_flags=SA_RESTART|SA_SIGINFO
SIGHUP: [libjvm.so+0x90dde0], sa_mask[0]=11111111011111111101111111111110, sa_flags=SA_RESTART|SA_SIGINFO
SIGINT: [libjvm.so+0x90dde0], sa_mask[0]=11111111011111111101111111111110, sa_flags=SA_RESTART|SA_SIGINFO
SIGTERM: [libjvm.so+0x90dde0], sa_mask[0]=11111111011111111101111111111110, sa_flags=SA_RESTART|SA_SIGINFO
SIGQUIT: [libjvm.so+0x90dde0], sa_mask[0]=11111111011111111101111111111110, sa_flags=SA_RESTART|SA_SIGINFO


---------------  S Y S T E M  ---------------

OS:DISTRIB_ID=Ubuntu
DISTRIB_RELEASE=14.10
DISTRIB_CODENAME=utopic
DISTRIB_DESCRIPTION="Ubuntu 14.10"

uname:Linux 3.16.0-30-generic #40-Ubuntu SMP Mon Jan 12 22:06:37 UTC 2015 x86_64
libc:glibc 2.19 NPTL 2.19 
rlimit: STACK 8192k, CORE 0k, NPROC 14376, NOFILE 4096, AS infinity
load average:0.79 0.73 1.11

/proc/meminfo:
MemTotal:        3891224 kB
MemFree:         1366532 kB
MemAvailable:    1528592 kB
Buffers:           12216 kB
Cached:           692536 kB
SwapCached:       128968 kB
Active:          1490912 kB
Inactive:         772704 kB
Active(anon):    1290184 kB
Inactive(anon):   696728 kB
Active(file):     200728 kB
Inactive(file):    75976 kB
Unevictable:          48 kB
Mlocked:              48 kB
SwapTotal:       4036604 kB
SwapFree:        2641532 kB
Dirty:               108 kB
Writeback:             0 kB
AnonPages:       1530240 kB
Mapped:           212240 kB
Shmem:            428048 kB
Slab:             146620 kB
SReclaimable:     108584 kB
SUnreclaim:        38036 kB
KernelStack:        9376 kB
PageTables:        37552 kB
NFS_Unstable:          0 kB
Bounce:                0 kB
WritebackTmp:          0 kB
CommitLimit:     5982216 kB
Committed_AS:    6878660 kB
VmallocTotal:   34359738367 kB
VmallocUsed:      400948 kB
VmallocChunk:   34359244552 kB
HardwareCorrupted:     0 kB
AnonHugePages:    718848 kB
HugePages_Total:       0
HugePages_Free:        0
HugePages_Rsvd:        0
HugePages_Surp:        0
Hugepagesize:       2048 kB
DirectMap4k:      100148 kB
DirectMap2M:     3938304 kB


CPU:total 4 (2 cores per cpu, 2 threads per core) family 6 model 58 stepping 9, cmov, cx8, fxsr, mmx, sse, sse2, sse3, ssse3, sse4.1, sse4.2, popcnt, avx, aes, clmul, erms, ht, tsc, tscinvbit, tscinv

/proc/cpuinfo:
processor	: 0
vendor_id	: GenuineIntel
cpu family	: 6
model		: 58
model name	: Intel(R) Core(TM) i5-3210M CPU @ 2.50GHz
stepping	: 9
microcode	: 0x12
cpu MHz		: 2961.132
cache size	: 3072 KB
physical id	: 0
siblings	: 4
core id		: 0
cpu cores	: 2
apicid		: 0
initial apicid	: 0
fpu		: yes
fpu_exception	: yes
cpuid level	: 13
wp		: yes
flags		: fpu vme de pse tsc msr pae mce cx8 apic sep mtrr pge mca cmov pat pse36 clflush dts acpi mmx fxsr sse sse2 ss ht tm pbe syscall nx rdtscp lm constant_tsc arch_perfmon pebs bts rep_good nopl xtopology nonstop_tsc aperfmperf eagerfpu pni pclmulqdq dtes64 monitor ds_cpl vmx est tm2 ssse3 cx16 xtpr pdcm pcid sse4_1 sse4_2 x2apic popcnt tsc_deadline_timer aes xsave avx f16c rdrand lahf_lm ida arat epb xsaveopt pln pts dtherm tpr_shadow vnmi flexpriority ept vpid fsgsbase smep erms
bogomips	: 4988.63
clflush size	: 64
cache_alignment	: 64
address sizes	: 36 bits physical, 48 bits virtual
power management:

processor	: 1
vendor_id	: GenuineIntel
cpu family	: 6
model		: 58
model name	: Intel(R) Core(TM) i5-3210M CPU @ 2.50GHz
stepping	: 9
microcode	: 0x12
cpu MHz		: 2971.386
cache size	: 3072 KB
physical id	: 0
siblings	: 4
core id		: 0
cpu cores	: 2
apicid		: 1
initial apicid	: 1
fpu		: yes
fpu_exception	: yes
cpuid level	: 13
wp		: yes
flags		: fpu vme de pse tsc msr pae mce cx8 apic sep mtrr pge mca cmov pat pse36 clflush dts acpi mmx fxsr sse sse2 ss ht tm pbe syscall nx rdtscp lm constant_tsc arch_perfmon pebs bts rep_good nopl xtopology nonstop_tsc aperfmperf eagerfpu pni pclmulqdq dtes64 monitor ds_cpl vmx est tm2 ssse3 cx16 xtpr pdcm pcid sse4_1 sse4_2 x2apic popcnt tsc_deadline_timer aes xsave avx f16c rdrand lahf_lm ida arat epb xsaveopt pln pts dtherm tpr_shadow vnmi flexpriority ept vpid fsgsbase smep erms
bogomips	: 4988.63
clflush size	: 64
cache_alignment	: 64
address sizes	: 36 bits physical, 48 bits virtual
power management:

processor	: 2
vendor_id	: GenuineIntel
cpu family	: 6
model		: 58
model name	: Intel(R) Core(TM) i5-3210M CPU @ 2.50GHz
stepping	: 9
microcode	: 0x12
cpu MHz		: 2732.421
cache size	: 3072 KB
physical id	: 0
siblings	: 4
core id		: 1
cpu cores	: 2
apicid		: 2
initial apicid	: 2
fpu		: yes
fpu_exception	: yes
cpuid level	: 13
wp		: yes
flags		: fpu vme de pse tsc msr pae mce cx8 apic sep mtrr pge mca cmov pat pse36 clflush dts acpi mmx fxsr sse sse2 ss ht tm pbe syscall nx rdtscp lm constant_tsc arch_perfmon pebs bts rep_good nopl xtopology nonstop_tsc aperfmperf eagerfpu pni pclmulqdq dtes64 monitor ds_cpl vmx est tm2 ssse3 cx16 xtpr pdcm pcid sse4_1 sse4_2 x2apic popcnt tsc_deadline_timer aes xsave avx f16c rdrand lahf_lm ida arat epb xsaveopt pln pts dtherm tpr_shadow vnmi flexpriority ept vpid fsgsbase smep erms
bogomips	: 4988.63
clflush size	: 64
cache_alignment	: 64
address sizes	: 36 bits physical, 48 bits virtual
power management:

processor	: 3
vendor_id	: GenuineIntel
cpu family	: 6
model		: 58
model name	: Intel(R) Core(TM) i5-3210M CPU @ 2.50GHz
stepping	: 9
microcode	: 0x12
cpu MHz		: 3016.308
cache size	: 3072 KB
physical id	: 0
siblings	: 4
core id		: 1
cpu cores	: 2
apicid		: 3
initial apicid	: 3
fpu		: yes
fpu_exception	: yes
cpuid level	: 13
wp		: yes
flags		: fpu vme de pse tsc msr pae mce cx8 apic sep mtrr pge mca cmov pat pse36 clflush dts acpi mmx fxsr sse sse2 ss ht tm pbe syscall nx rdtscp lm constant_tsc arch_perfmon pebs bts rep_good nopl xtopology nonstop_tsc aperfmperf eagerfpu pni pclmulqdq dtes64 monitor ds_cpl vmx est tm2 ssse3 cx16 xtpr pdcm pcid sse4_1 sse4_2 x2apic popcnt tsc_deadline_timer aes xsave avx f16c rdrand lahf_lm ida arat epb xsaveopt pln pts dtherm tpr_shadow vnmi flexpriority ept vpid fsgsbase smep erms
bogomips	: 4988.63
clflush size	: 64
cache_alignment	: 64
address sizes	: 36 bits physical, 48 bits virtual
power management:



Memory: 4k page, physical 3891224k(1366532k free), swap 4036604k(2641532k free)

vm_info: Java HotSpot(TM) 64-Bit Server VM (25.45-b02) for linux-amd64 JRE (1.8.0_45-b14), built on Apr 10 2015 10:07:45 by "java_re" with gcc 4.3.0 20080428 (Red Hat 4.3.0-8)

time: Sun Nov 29 19:22:45 2015
elapsed time: 33 seconds (0d 0h 0m 33s)

