#
# A fatal error has been detected by the Java Runtime Environment:
#
#  SIGSEGV (0xb) at pc=0x00007f9195384522, pid=13868, tid=140263935981312
#
# JRE version: Java(TM) SE Runtime Environment (8.0_45-b14) (build 1.8.0_45-b14)
# Java VM: Java HotSpot(TM) 64-Bit Server VM (25.45-b02 mixed mode linux-amd64 compressed oops)
# Problematic frame:
# C  [i965_dri.so+0x2fb522]
#
# Failed to write core dump. Core dumps have been disabled. To enable core dumping, try "ulimit -c unlimited" before starting Java again
#
# If you would like to submit a bug report, please visit:
#   http://bugreport.java.com/bugreport/crash.jsp
# The crash happened outside the Java Virtual Machine in native code.
# See problematic frame for where to report the bug.
#

---------------  T H R E A D  ---------------

Current thread (0x00007f91b4003000):  JavaThread "AWT-EventQueue-1" [_thread_in_native, id=13894, stack(0x00007f91be043000,0x00007f91be144000)]

siginfo: si_signo: 11 (SIGSEGV), si_code: 1 (SEGV_MAPERR), si_addr: 0x000000000000c540

Registers:
RAX=0x00007f9195384510, RBX=0x000000000000c000, RCX=0x0000000000000000, RDX=0x0000000000000001
RSP=0x00007f91be141600, RBP=0x0000000000000000, RSI=0x00007f91a0fc7780, RDI=0x0000000100000000
R8 =0x0000000000000000, R9 =0x00007f91bc992710, R10=0x00007f91f94fc487, R11=0x00000000c568fef8
R12=0x00007f91a4140620, R13=0x00007f91a413f130, R14=0x00007f91a41407d0, R15=0x0000000000000000
RIP=0x00007f9195384522, EFLAGS=0x0000000000010206, CSGSFS=0x0000000000000033, ERR=0x0000000000000004
  TRAPNO=0x000000000000000e

Top of Stack: (sp=0x00007f91be141600)
0x00007f91be141600:   0000000000000000 00007f91a0fc7690
0x00007f91be141610:   0000000000000000 00007f91a4140620
0x00007f91be141620:   00007f91a413f130 00007f91bc9927b2
0x00007f91be141630:   00007f91be141660 00007f9100000000
0x00007f91be141640:   0000000000000000 0000000000000000
0x00007f91be141650:   0000000001c00053 00007f91bc963b31
0x00007f91be141660:   00007f91a0fc7690 cf076cf4b5bd4300
0x00007f91be141670:   0000000001c00053 00007f91bc963b60
0x00007f91be141680:   00007f91be1416f0 0000000000000000
0x00007f91be141690:   0000000000000001 00007f91be141730
0x00007f91be1416a0:   00007f91b4003000 00007f9196fb0849
0x00007f91be1416b0:   00007f91be141998 00007f91bc963b60
0x00007f91be1416c0:   0000000001c00053 00007f91a413db60
0x00007f91be1416d0:   00007f91be141730 00007f91b40031f8
0x00007f91be1416e0:   00007f919241fc18 00007f91bc963b60
0x00007f91be1416f0:   00007f91be141740 00007f91f94fc4fd
0x00007f91be141700:   00000000ee3954b8 00000000ee395508
0x00007f91be141710:   00000000ee3954f8 0000000000000003
0x00007f91be141720:   00000000ee395518 00000000ee395568
0x00007f91be141730:   00000000c4d4c260 00000000ee395578
0x00007f91be141740:   00007f91be141998 00007f91f945cf54
0x00007f91be141750:   00007f920c5b5000 00000000c5692830
0x00007f91be141760:   00000000ee395660 00007f91be141950
0x00007f91be141770:   0000000000000019 00007f91f90210c3
0x00007f91be141780:   00007f91be141998 00007f91f9833974
0x00007f91be141790:   00007f91be141998 00007f91be141950
0x00007f91be1417a0:   00007f91be141950 00007f91f90210c3
0x00007f91be1417b0:   00007f91f90055d0 0000000000000000
0x00007f91be1417c0:   00007f91be141998 00007f91be141950
0x00007f91be1417d0:   00007f91be141950 00007f91f90210c3
0x00007f91be1417e0:   00007f91f90055d0 00000000c568fef8
0x00007f91be1417f0:   00007f9100000001 00007f91be141950 

Instructions: (pc=0x00007f9195384522)
0x00007f9195384502:   41 5c c3 66 66 2e 0f 1f 84 00 00 00 00 00 41 55
0x00007f9195384512:   41 54 55 53 48 83 ec 08 48 8b 1f 48 85 db 74 41
0x00007f9195384522:   f6 83 40 05 00 00 01 89 cd 41 89 d5 49 89 f4 75
0x00007f9195384532:   75 41 83 e5 01 75 5f 83 e5 fd 74 32 48 8d 35 bb 

Register to memory mapping:

RAX=0x00007f9195384510: <offset 0x2fb510> in /usr/lib/x86_64-linux-gnu/dri/i965_dri.so at 0x00007f9195089000
RBX=0x000000000000c000 is an unknown value
RCX=0x0000000000000000 is an unknown value
RDX=0x0000000000000001 is an unknown value
RSP=0x00007f91be141600 is pointing into the stack for thread: 0x00007f91b4003000
RBP=0x0000000000000000 is an unknown value
RSI=0x00007f91a0fc7780 is an unknown value
RDI=0x0000000100000000 is pointing into metadata
R8 =0x0000000000000000 is an unknown value
R9 =0x00007f91bc992710: <offset 0x4b710> in /usr/lib/x86_64-linux-gnu/mesa/libGL.so.1 at 0x00007f91bc947000
R10=0x00007f91f94fc487 is at entry_point+71 in (nmethod*)0x00007f91f94fc2d0
R11=0x00000000c568fef8 is an oop
jogamp.nativewindow.jawt.x11.X11JAWTWindow 
 - klass: 'jogamp/nativewindow/jawt/x11/X11JAWTWindow'
R12=0x00007f91a4140620 is an unknown value
R13=0x00007f91a413f130 is an unknown value
R14=0x00007f91a41407d0 is an unknown value
R15=0x0000000000000000 is an unknown value


Stack: [0x00007f91be043000,0x00007f91be144000],  sp=0x00007f91be141600,  free space=1017k
Native frames: (J=compiled Java code, j=interpreted, Vv=VM code, C=native code)
C  [i965_dri.so+0x2fb522]

Java frames: (J=compiled Java code, j=interpreted, Vv=VM code)
J 2895  jogamp.opengl.x11.glx.GLX.dispatch_glXSwapBuffers0(JJJ)V (0 bytes) @ 0x00007f91f94fc487 [0x00007f91f94fc440+0x47]
J 2894 C1 jogamp.opengl.x11.glx.GLX.glXSwapBuffers(JJ)V (45 bytes) @ 0x00007f91f945cf54 [0x00007f91f945c5a0+0x9b4]
J 2893 C1 jogamp.opengl.x11.glx.X11GLXDrawable.swapBuffersImpl(Z)V (21 bytes) @ 0x00007f91f9112744 [0x00007f91f91124a0+0x2a4]
J 2718 C1 jogamp.opengl.GLDrawableImpl.swapBuffers()V (138 bytes) @ 0x00007f91f9998454 [0x00007f91f9997da0+0x6b4]
j  javax.media.opengl.awt.GLCanvas$12.run()V+45
J 2454 C1 java.awt.event.InvocationEvent.dispatch()V (69 bytes) @ 0x00007f91f98986cc [0x00007f91f9898580+0x14c]
J 2470 C1 java.awt.EventQueue.dispatchEventImpl(Ljava/awt/AWTEvent;Ljava/lang/Object;)V (149 bytes) @ 0x00007f91f98a317c [0x00007f91f98a1600+0x1b7c]
J 2468 C1 java.awt.EventQueue$3.run()Ljava/lang/Void; (60 bytes) @ 0x00007f91f989dfc4 [0x00007f91f989ddc0+0x204]
J 2467 C1 java.awt.EventQueue$3.run()Ljava/lang/Object; (5 bytes) @ 0x00007f91f989e68c [0x00007f91f989e600+0x8c]
v  ~StubRoutines::call_stub
J 659  java.security.AccessController.doPrivileged(Ljava/security/PrivilegedAction;Ljava/security/AccessControlContext;)Ljava/lang/Object; (0 bytes) @ 0x00007f91f92be423 [0x00007f91f92be3c0+0x63]
J 2247 C1 java.awt.EventQueue.dispatchEvent(Ljava/awt/AWTEvent;)V (80 bytes) @ 0x00007f91f97f4cc4 [0x00007f91f97f4420+0x8a4]
J 2250 C1 java.awt.EventDispatchThread.pumpOneEventForFilters(I)V (295 bytes) @ 0x00007f91f97f96d4 [0x00007f91f97f7b80+0x1b54]
j  java.awt.EventDispatchThread.pumpEventsForFilter(ILjava/awt/Conditional;Ljava/awt/EventFilter;)V+35
j  java.awt.EventDispatchThread.pumpEventsForHierarchy(ILjava/awt/Conditional;Ljava/awt/Component;)V+11
j  java.awt.EventDispatchThread.pumpEvents(ILjava/awt/Conditional;)V+4
j  java.awt.EventDispatchThread.pumpEvents(Ljava/awt/Conditional;)V+3
j  java.awt.EventDispatchThread.run()V+9
v  ~StubRoutines::call_stub

---------------  P R O C E S S  ---------------

Java Threads: ( => current thread )
  0x00007f91a153c800 JavaThread "Thread-37" [_thread_blocked, id=13954, stack(0x00007f91921fd000,0x00007f91922fe000)]
  0x00007f91a15cc000 JavaThread "Keep-Alive-Timer" daemon [_thread_blocked, id=13914, stack(0x00007f9193002000,0x00007f9193103000)]
  0x00007f91a4122800 JavaThread "Animation Thread-SharedResourceRunner" daemon [_thread_blocked, id=13905, stack(0x00007f91bda08000,0x00007f91bdb09000)]
  0x00007f91a40a8800 JavaThread "process reaper" daemon [_thread_blocked, id=13900, stack(0x00007f91bdb09000,0x00007f91bdb42000)]
  0x00007f91b4009800 JavaThread "Animation Thread" [_thread_blocked, id=13895, stack(0x00007f91bdd42000,0x00007f91bde43000)]
=>0x00007f91b4003000 JavaThread "AWT-EventQueue-1" [_thread_in_native, id=13894, stack(0x00007f91be043000,0x00007f91be144000)]
  0x00007f920800a000 JavaThread "DestroyJavaVM" [_thread_blocked, id=13870, stack(0x00007f920ffe1000,0x00007f92100e2000)]
  0x00007f92082b7800 JavaThread "AWT-EventQueue-0" [_thread_blocked, id=13892, stack(0x00007f91be81c000,0x00007f91be91d000)]
  0x00007f92082b5000 JavaThread "AWT-Shutdown" [_thread_blocked, id=13891, stack(0x00007f91be91d000,0x00007f91bea1e000)]
  0x00007f920829d800 JavaThread "thread applet-module4.EarthquakeCityMap.class" [_thread_blocked, id=13890, stack(0x00007f91bea1e000,0x00007f91beb1f000)]
  0x00007f9208290800 JavaThread "AWT-XAWT" daemon [_thread_blocked, id=13888, stack(0x00007f91beb1f000,0x00007f91bec20000)]
  0x00007f9208272800 JavaThread "Java2D Disposer" daemon [_thread_blocked, id=13887, stack(0x00007f91bf030000,0x00007f91bf131000)]
  0x00007f92080c3000 JavaThread "Service Thread" daemon [_thread_blocked, id=13885, stack(0x00007f91f4de6000,0x00007f91f4ee7000)]
  0x00007f92080be000 JavaThread "C1 CompilerThread2" daemon [_thread_in_vm, id=13884, stack(0x00007f91f4ee7000,0x00007f91f4fe8000)]
  0x00007f92080bc000 JavaThread "C2 CompilerThread1" daemon [_thread_blocked, id=13883, stack(0x00007f91f4fe8000,0x00007f91f50e9000)]
  0x00007f92080b9000 JavaThread "C2 CompilerThread0" daemon [_thread_blocked, id=13882, stack(0x00007f91f50e9000,0x00007f91f51ea000)]
  0x00007f92080b7800 JavaThread "Signal Dispatcher" daemon [_thread_blocked, id=13881, stack(0x00007f91f51ea000,0x00007f91f52eb000)]
  0x00007f920807f800 JavaThread "Finalizer" daemon [_thread_blocked, id=13880, stack(0x00007f91f59cd000,0x00007f91f5ace000)]
  0x00007f920807d800 JavaThread "Reference Handler" daemon [_thread_blocked, id=13879, stack(0x00007f91f5ace000,0x00007f91f5bcf000)]

Other Threads:
  0x00007f9208078800 VMThread [stack: 0x00007f91f5bcf000,0x00007f91f5cd0000] [id=13878]
  0x00007f92080c6000 WatcherThread [stack: 0x00007f91f4ce5000,0x00007f91f4de6000] [id=13886]

VM state:not at safepoint (normal execution)

VM Mutex/Monitor currently owned by a thread:  ([mutex/lock_event])
[0x00007f9208007260] MethodData_lock - owner thread: 0x00007f92080be000

Heap:
 PSYoungGen      total 46080K, used 43328K [0x00000000ec300000, 0x00000000efd80000, 0x0000000100000000)
  eden space 34304K, 100% used [0x00000000ec300000,0x00000000ee480000,0x00000000ee480000)
  from space 11776K, 76% used [0x00000000ef100000,0x00000000ef9d0240,0x00000000efc80000)
  to   space 12800K, 0% used [0x00000000ee480000,0x00000000ee480000,0x00000000ef100000)
 ParOldGen       total 46080K, used 16381K [0x00000000c4800000, 0x00000000c7500000, 0x00000000ec300000)
  object space 46080K, 35% used [0x00000000c4800000,0x00000000c57ff528,0x00000000c7500000)
 Metaspace       used 21575K, capacity 21819K, committed 22064K, reserved 1069056K
  class space    used 1993K, capacity 2053K, committed 2176K, reserved 1048576K

Card table byte_map: [0x00007f920cbd9000,0x00007f920cdb6000] byte_map_base: 0x00007f920c5b5000

Marking Bits: (ParMarkBitMap*) 0x00007f920f4b3760
 Begin Bits: [0x00007f91f7240000, 0x00007f91f8120000)
 End Bits:   [0x00007f91f8120000, 0x00007f91f9000000)

Polling page: 0x00007f92100fa000

CodeCache: size=245760Kb used=9240Kb max_used=10088Kb free=236519Kb
 bounds [0x00007f91f9000000, 0x00007f91f9a20000, 0x00007f9208000000]
 total_blobs=3510 nmethods=2541 adapters=882
 compilation: enabled

Compilation events (10 events):
Event: 32.170 Thread 0x00007f92080b9000 nmethod 3025 0x00007f91f9744a10 code [0x00007f91f9744b60, 0x00007f91f9744c18]
Event: 32.180 Thread 0x00007f92080be000 3026   !   3       processing.core.PApplet$RegisteredMethods::handle (83 bytes)
Event: 32.181 Thread 0x00007f92080be000 nmethod 3026 0x00007f91f915e110 code [0x00007f91f915e300, 0x00007f91f915ed88]
Event: 33.075 Thread 0x00007f92080bc000 3027       4       java.lang.ThreadLocal$ThreadLocalMap::set (136 bytes)
Event: 33.080 Thread 0x00007f92080bc000 nmethod 3027 0x00007f91f93761d0 code [0x00007f91f9376360, 0x00007f91f93766a8]
Event: 33.133 Thread 0x00007f92080be000 3028       3       java.awt.Component::isEnabled (5 bytes)
Event: 33.134 Thread 0x00007f92080be000 nmethod 3028 0x00007f91f986aa90 code [0x00007f91f986ac00, 0x00007f91f986adf0]
Event: 33.136 Thread 0x00007f92080be000 3029       3       java.awt.Component::dispatchEvent (6 bytes)
Event: 33.137 Thread 0x00007f92080be000 nmethod 3029 0x00007f91f96c5b10 code [0x00007f91f96c5c80, 0x00007f91f96c5e88]
Event: 33.137 Thread 0x00007f92080be000 3030       3       java.awt.Component::dispatchEventImpl (883 bytes)

GC Heap History (10 events):
Event: 16.008 GC heap before
{Heap before GC invocations=9 (full 1):
 PSYoungGen      total 40960K, used 40800K [0x00000000ec300000, 0x00000000f0080000, 0x0000000100000000)
  eden space 39424K, 100% used [0x00000000ec300000,0x00000000ee980000,0x00000000ee980000)
  from space 1536K, 89% used [0x00000000eea80000,0x00000000eebd8070,0x00000000eec00000)
  to   space 11776K, 0% used [0x00000000ef500000,0x00000000ef500000,0x00000000f0080000)
 ParOldGen       total 46080K, used 16357K [0x00000000c4800000, 0x00000000c7500000, 0x00000000ec300000)
  object space 46080K, 35% used [0x00000000c4800000,0x00000000c57f9528,0x00000000c7500000)
 Metaspace       used 21378K, capacity 21627K, committed 21808K, reserved 1069056K
  class space    used 1991K, capacity 2053K, committed 2176K, reserved 1048576K
Event: 16.010 GC heap after
Heap after GC invocations=9 (full 1):
 PSYoungGen      total 48128K, used 2944K [0x00000000ec300000, 0x00000000efe80000, 0x0000000100000000)
  eden space 38400K, 0% used [0x00000000ec300000,0x00000000ec300000,0x00000000ee880000)
  from space 9728K, 30% used [0x00000000ef500000,0x00000000ef7e00c0,0x00000000efe80000)
  to   space 11264K, 0% used [0x00000000ee880000,0x00000000ee880000,0x00000000ef380000)
 ParOldGen       total 46080K, used 16365K [0x00000000c4800000, 0x00000000c7500000, 0x00000000ec300000)
  object space 46080K, 35% used [0x00000000c4800000,0x00000000c57fb528,0x00000000c7500000)
 Metaspace       used 21378K, capacity 21627K, committed 21808K, reserved 1069056K
  class space    used 1991K, capacity 2053K, committed 2176K, reserved 1048576K
}
Event: 18.475 GC heap before
{Heap before GC invocations=10 (full 1):
 PSYoungGen      total 48128K, used 41344K [0x00000000ec300000, 0x00000000efe80000, 0x0000000100000000)
  eden space 38400K, 100% used [0x00000000ec300000,0x00000000ee880000,0x00000000ee880000)
  from space 9728K, 30% used [0x00000000ef500000,0x00000000ef7e00c0,0x00000000efe80000)
  to   space 11264K, 0% used [0x00000000ee880000,0x00000000ee880000,0x00000000ef380000)
 ParOldGen       total 46080K, used 16365K [0x00000000c4800000, 0x00000000c7500000, 0x00000000ec300000)
  object space 46080K, 35% used [0x00000000c4800000,0x00000000c57fb528,0x00000000c7500000)
 Metaspace       used 21484K, capacity 21691K, committed 22064K, reserved 1069056K
  class space    used 1991K, capacity 2053K, committed 2176K, reserved 1048576K
Event: 18.478 GC heap after
Heap after GC invocations=10 (full 1):
 PSYoungGen      total 43008K, used 5216K [0x00000000ec300000, 0x00000000efc80000, 0x0000000100000000)
  eden space 37376K, 0% used [0x00000000ec300000,0x00000000ec300000,0x00000000ee780000)
  from space 5632K, 92% used [0x00000000ee880000,0x00000000eed98150,0x00000000eee00000)
  to   space 10752K, 0% used [0x00000000ef200000,0x00000000ef200000,0x00000000efc80000)
 ParOldGen       total 46080K, used 16373K [0x00000000c4800000, 0x00000000c7500000, 0x00000000ec300000)
  object space 46080K, 35% used [0x00000000c4800000,0x00000000c57fd528,0x00000000c7500000)
 Metaspace       used 21484K, capacity 21691K, committed 22064K, reserved 1069056K
  class space    used 1991K, capacity 2053K, committed 2176K, reserved 1048576K
}
Event: 21.310 GC heap before
{Heap before GC invocations=11 (full 1):
 PSYoungGen      total 43008K, used 42592K [0x00000000ec300000, 0x00000000efc80000, 0x0000000100000000)
  eden space 37376K, 100% used [0x00000000ec300000,0x00000000ee780000,0x00000000ee780000)
  from space 5632K, 92% used [0x00000000ee880000,0x00000000eed98150,0x00000000eee00000)
  to   space 10752K, 0% used [0x00000000ef200000,0x00000000ef200000,0x00000000efc80000)
 ParOldGen       total 46080K, used 16373K [0x00000000c4800000, 0x00000000c7500000, 0x00000000ec300000)
  object space 46080K, 35% used [0x00000000c4800000,0x00000000c57fd528,0x00000000c7500000)
 Metaspace       used 21531K, capacity 21755K, committed 22064K, reserved 1069056K
  class space    used 1991K, capacity 2053K, committed 2176K, reserved 1048576K
Event: 21.314 GC heap after
Heap after GC invocations=11 (full 1):
 PSYoungGen      total 47104K, used 6192K [0x00000000ec300000, 0x00000000efc80000, 0x0000000100000000)
  eden space 36352K, 0% used [0x00000000ec300000,0x00000000ec300000,0x00000000ee680000)
  from space 10752K, 57% used [0x00000000ef200000,0x00000000ef80c180,0x00000000efc80000)
  to   space 11264K, 0% used [0x00000000ee680000,0x00000000ee680000,0x00000000ef180000)
 ParOldGen       total 46080K, used 16373K [0x00000000c4800000, 0x00000000c7500000, 0x00000000ec300000)
  object space 46080K, 35% used [0x00000000c4800000,0x00000000c57fd528,0x00000000c7500000)
 Metaspace       used 21531K, capacity 21755K, committed 22064K, reserved 1069056K
  class space    used 1991K, capacity 2053K, committed 2176K, reserved 1048576K
}
Event: 24.025 GC heap before
{Heap before GC invocations=12 (full 1):
 PSYoungGen      total 47104K, used 42544K [0x00000000ec300000, 0x00000000efc80000, 0x0000000100000000)
  eden space 36352K, 100% used [0x00000000ec300000,0x00000000ee680000,0x00000000ee680000)
  from space 10752K, 57% used [0x00000000ef200000,0x00000000ef80c180,0x00000000efc80000)
  to   space 11264K, 0% used [0x00000000ee680000,0x00000000ee680000,0x00000000ef180000)
 ParOldGen       total 46080K, used 16373K [0x00000000c4800000, 0x00000000c7500000, 0x00000000ec300000)
  object space 46080K, 35% used [0x00000000c4800000,0x00000000c57fd528,0x00000000c7500000)
 Metaspace       used 21539K, capacity 21755K, committed 22064K, reserved 1069056K
  class space    used 1991K, capacity 2053K, committed 2176K, reserved 1048576K
Event: 24.029 GC heap after
Heap after GC invocations=12 (full 1):
 PSYoungGen      total 44032K, used 8576K [0x00000000ec300000, 0x00000000efc80000, 0x0000000100000000)
  eden space 35328K, 0% used [0x00000000ec300000,0x00000000ec300000,0x00000000ee580000)
  from space 8704K, 98% used [0x00000000ee680000,0x00000000eeee0240,0x00000000eef00000)
  to   space 11776K, 0% used [0x00000000ef100000,0x00000000ef100000,0x00000000efc80000)
 ParOldGen       total 46080K, used 16381K [0x00000000c4800000, 0x00000000c7500000, 0x00000000ec300000)
  object space 46080K, 35% used [0x00000000c4800000,0x00000000c57ff528,0x00000000c7500000)
 Metaspace       used 21539K, capacity 21755K, committed 22064K, reserved 1069056K
  class space    used 1991K, capacity 2053K, committed 2176K, reserved 1048576K
}
Event: 28.275 GC heap before
{Heap before GC invocations=13 (full 1):
 PSYoungGen      total 44032K, used 43904K [0x00000000ec300000, 0x00000000efc80000, 0x0000000100000000)
  eden space 35328K, 100% used [0x00000000ec300000,0x00000000ee580000,0x00000000ee580000)
  from space 8704K, 98% used [0x00000000ee680000,0x00000000eeee0240,0x00000000eef00000)
  to   space 11776K, 0% used [0x00000000ef100000,0x00000000ef100000,0x00000000efc80000)
 ParOldGen       total 46080K, used 16381K [0x00000000c4800000, 0x00000000c7500000, 0x00000000ec300000)
  object space 46080K, 35% used [0x00000000c4800000,0x00000000c57ff528,0x00000000c7500000)
 Metaspace       used 21546K, capacity 21755K, committed 22064K, reserved 1069056K
  class space    used 1991K, capacity 2053K, committed 2176K, reserved 1048576K
Event: 28.280 GC heap after
Heap after GC invocations=13 (full 1):
 PSYoungGen      total 46080K, used 9024K [0x00000000ec300000, 0x00000000efd80000, 0x0000000100000000)
  eden space 34304K, 0% used [0x00000000ec300000,0x00000000ec300000,0x00000000ee480000)
  from space 11776K, 76% used [0x00000000ef100000,0x00000000ef9d0240,0x00000000efc80000)
  to   space 12800K, 0% used [0x00000000ee480000,0x00000000ee480000,0x00000000ef100000)
 ParOldGen       total 46080K, used 16381K [0x00000000c4800000, 0x00000000c7500000, 0x00000000ec300000)
  object space 46080K, 35% used [0x00000000c4800000,0x00000000c57ff528,0x00000000c7500000)
 Metaspace       used 21546K, capacity 21755K, committed 22064K, reserved 1069056K
  class space    used 1991K, capacity 2053K, committed 2176K, reserved 1048576K
}

Deoptimization events (10 events):
Event: 9.660 Thread 0x00007f91b4003000 Uncommon trap: reason=unstable_if action=reinterpret pc=0x00007f91f985833c method=de.fhpotsdam.unfolding.core.Coordinate.equals(Ljava/lang/Object;)Z @ 38
Event: 12.767 Thread 0x00007f9184002000 Uncommon trap: reason=predicate action=maybe_recompile pc=0x00007f91f989f6dc method=java.util.Vector.indexOf(Ljava/lang/Object;I)I @ 44
Event: 12.806 Thread 0x00007f91b4003000 Uncommon trap: reason=unstable_if action=reinterpret pc=0x00007f91f9934058 method=de.fhpotsdam.unfolding.mapdisplay.Java2DMapDisplay.getVisibleKeys(Lprocessing/core/PGraphics;)Ljava/util/Vector; @ 524
Event: 12.807 Thread 0x00007f91b4003000 Uncommon trap: reason=unstable_if action=reinterpret pc=0x00007f91f98ac628 method=de.fhpotsdam.unfolding.mapdisplay.AbstractMapDisplay$ZoomComparator.compare(Lde/fhpotsdam/unfolding/core/Coordinate;Lde/fhpotsdam/unfolding/core/Coordinate;)I @ 9
Event: 12.808 Thread 0x00007f91b4003000 Uncommon trap: reason=unstable_if action=reinterpret pc=0x00007f91f98bc5a8 method=com.jogamp.common.util.IntObjectHashMap.get(I)Ljava/lang/Object; @ 19
Event: 12.825 Thread 0x00007f91b4003000 Uncommon trap: reason=unstable_if action=reinterpret pc=0x00007f91f9926f50 method=de.fhpotsdam.unfolding.mapdisplay.Java2DMapDisplay.getVisibleKeys(Lprocessing/core/PGraphics;)Ljava/util/Vector; @ 524
Event: 20.892 Thread 0x00007f91b4003000 Uncommon trap: reason=predicate action=maybe_recompile pc=0x00007f91f991e108 method=java.util.Vector.indexOf(Ljava/lang/Object;I)I @ 44
Event: 33.135 Thread 0x00007f92082b7800 Uncommon trap: reason=unstable_if action=reinterpret pc=0x00007f91f9765204 method=java.awt.EventQueue.getPriority(Ljava/awt/AWTEvent;)I @ 71
Event: 33.136 Thread 0x00007f920829d800 Uncommon trap: reason=unstable_if action=reinterpret pc=0x00007f91f97fc598 method=java.awt.font.FontRenderContext.equals(Ljava/awt/font/FontRenderContext;)Z @ 2
Event: 33.136 Thread 0x00007f920829d800 Uncommon trap: reason=unstable_if action=reinterpret pc=0x00007f91f97d3a78 method=java.awt.font.FontRenderContext.equals(Ljava/awt/font/FontRenderContext;)Z @ 2

Internal exceptions (10 events):
Event: 6.317 Thread 0x00007f91b4003000 Exception <a 'java/lang/reflect/InvocationTargetException'> (0x00000000edcd4800) thrown at [/RE-WORK/workspace/8-2-build-linux-amd64/jdk8u45/3457/hotspot/src/share/vm/runtime/reflection.cpp, line 1080]
Event: 6.317 Thread 0x00007f91b4003000 Exception <a 'java/lang/reflect/InvocationTargetException'> (0x00000000edcd4d80) thrown at [/RE-WORK/workspace/8-2-build-linux-amd64/jdk8u45/3457/hotspot/src/share/vm/runtime/reflection.cpp, line 1080]
Event: 6.638 Thread 0x00007f91b4003000 Exception <a 'java/lang/reflect/InvocationTargetException'> (0x00000000ecf68d30) thrown at [/RE-WORK/workspace/8-2-build-linux-amd64/jdk8u45/3457/hotspot/src/share/vm/runtime/reflection.cpp, line 1080]
Event: 6.640 Thread 0x00007f91b4003000 Exception <a 'java/lang/reflect/InvocationTargetException'> (0x00000000ecf695d8) thrown at [/RE-WORK/workspace/8-2-build-linux-amd64/jdk8u45/3457/hotspot/src/share/vm/runtime/reflection.cpp, line 1080]
Event: 6.667 Thread 0x00007f91b4003000 Exception <a 'java/lang/reflect/InvocationTargetException'> (0x00000000ed0259a0) thrown at [/RE-WORK/workspace/8-2-build-linux-amd64/jdk8u45/3457/hotspot/src/share/vm/runtime/reflection.cpp, line 1080]
Event: 6.673 Thread 0x00007f91b4003000 Exception <a 'java/lang/reflect/InvocationTargetException'> (0x00000000ed026ee0) thrown at [/RE-WORK/workspace/8-2-build-linux-amd64/jdk8u45/3457/hotspot/src/share/vm/runtime/reflection.cpp, line 1080]
Event: 6.710 Thread 0x00007f91b4003000 Exception <a 'java/lang/reflect/InvocationTargetException'> (0x00000000ed0763a0) thrown at [/RE-WORK/workspace/8-2-build-linux-amd64/jdk8u45/3457/hotspot/src/share/vm/runtime/reflection.cpp, line 1080]
Event: 6.711 Thread 0x00007f91b4003000 Exception <a 'java/lang/reflect/InvocationTargetException'> (0x00000000ed077730) thrown at [/RE-WORK/workspace/8-2-build-linux-amd64/jdk8u45/3457/hotspot/src/share/vm/runtime/reflection.cpp, line 1080]
Event: 6.731 Thread 0x00007f91b4003000 Exception <a 'java/lang/reflect/InvocationTargetException'> (0x00000000ed0fb998) thrown at [/RE-WORK/workspace/8-2-build-linux-amd64/jdk8u45/3457/hotspot/src/share/vm/runtime/reflection.cpp, line 1080]
Event: 12.808 Thread 0x00007f91b4003000 Implicit null exception at 0x00007f91f98bbcf0 to 0x00007f91f98bc56d

Events (10 events):
Event: 33.134 loading class sun/awt/SunToolkit$1 done
Event: 33.135 Thread 0x00007f92082b7800 Uncommon trap: trap_request=0xffffff65 fr.pc=0x00007f91f9765204
Event: 33.135 Thread 0x00007f92082b7800 DEOPT PACKING pc=0x00007f91f9765204 sp=0x00007f91be91b2e0
Event: 33.135 Thread 0x00007f92082b7800 DEOPT UNPACKING pc=0x00007f91f9005229 sp=0x00007f91be91b1d0 mode 2
Event: 33.136 Thread 0x00007f920829d800 Uncommon trap: trap_request=0xffffff65 fr.pc=0x00007f91f97fc598
Event: 33.136 Thread 0x00007f920829d800 DEOPT PACKING pc=0x00007f91f97fc598 sp=0x00007f91beb1d360
Event: 33.136 Thread 0x00007f920829d800 DEOPT UNPACKING pc=0x00007f91f9005229 sp=0x00007f91beb1d2b8 mode 2
Event: 33.136 Thread 0x00007f920829d800 Uncommon trap: trap_request=0xffffff65 fr.pc=0x00007f91f97d3a78
Event: 33.136 Thread 0x00007f920829d800 DEOPT PACKING pc=0x00007f91f97d3a78 sp=0x00007f91beb1d210
Event: 33.136 Thread 0x00007f920829d800 DEOPT UNPACKING pc=0x00007f91f9005229 sp=0x00007f91beb1d1e0 mode 2


Dynamic libraries:
00400000-00401000 r-xp 00000000 08:02 4856071                            /usr/lib/jvm/java-8-oracle/bin/java
00600000-00601000 rw-p 00000000 08:02 4856071                            /usr/lib/jvm/java-8-oracle/bin/java
0208b000-020ac000 rw-p 00000000 00:00 0                                  [heap]
c4800000-c7500000 rw-p 00000000 00:00 0 
c7500000-ec300000 ---p 00000000 00:00 0 
ec300000-efd80000 rw-p 00000000 00:00 0 
efd80000-100000000 ---p 00000000 00:00 0 
100000000-100220000 rw-p 00000000 00:00 0 
100220000-140000000 ---p 00000000 00:00 0 
7f9174000000-7f917405b000 rw-p 00000000 00:00 0 
7f917405b000-7f9178000000 ---p 00000000 00:00 0 
7f9178000000-7f917805c000 rw-p 00000000 00:00 0 
7f917805c000-7f917c000000 ---p 00000000 00:00 0 
7f917c000000-7f917c021000 rw-p 00000000 00:00 0 
7f917c021000-7f9180000000 ---p 00000000 00:00 0 
7f9180000000-7f9180021000 rw-p 00000000 00:00 0 
7f9180021000-7f9184000000 ---p 00000000 00:00 0 
7f9184000000-7f9184021000 rw-p 00000000 00:00 0 
7f9184021000-7f9188000000 ---p 00000000 00:00 0 
7f9188000000-7f9188021000 rw-p 00000000 00:00 0 
7f9188021000-7f918c000000 ---p 00000000 00:00 0 
7f918c000000-7f918c021000 rw-p 00000000 00:00 0 
7f918c021000-7f9190000000 ---p 00000000 00:00 0 
7f9190ec8000-7f9190f38000 rw-s 00000000 00:04 197188                     /drm mm object (deleted)
7f9190f38000-7f9190fa8000 rw-s 00000000 00:04 197187                     /drm mm object (deleted)
7f9190fa8000-7f9191018000 rw-s 00000000 00:04 195379                     /drm mm object (deleted)
7f9191018000-7f9191088000 rw-s 00000000 00:04 195373                     /drm mm object (deleted)
7f9191088000-7f91910f8000 rw-s 00000000 00:04 195372                     /drm mm object (deleted)
7f91910f8000-7f9191168000 rw-s 00000000 00:04 198709                     /drm mm object (deleted)
7f9191168000-7f91911d8000 rw-s 00000000 00:04 195371                     /drm mm object (deleted)
7f91911d8000-7f9191248000 rw-s 00000000 00:04 195370                     /drm mm object (deleted)
7f9191248000-7f91912b8000 rw-s 00000000 00:04 198151                     /drm mm object (deleted)
7f91912b8000-7f9191328000 rw-s 00000000 00:04 198150                     /drm mm object (deleted)
7f9191328000-7f9191398000 rw-s 00000000 00:04 197186                     /drm mm object (deleted)
7f9191398000-7f9191408000 rw-s 00000000 00:04 197185                     /drm mm object (deleted)
7f9191408000-7f9191478000 rw-s 00000000 00:04 197184                     /drm mm object (deleted)
7f9191478000-7f91914e8000 rw-s 00000000 00:04 198708                     /drm mm object (deleted)
7f91914e8000-7f9191558000 rw-s 00000000 00:04 197183                     /drm mm object (deleted)
7f9191558000-7f91915c8000 rw-s 00000000 00:04 195369                     /drm mm object (deleted)
7f91915c8000-7f9191638000 rw-s 00000000 00:04 198149                     /drm mm object (deleted)
7f9191638000-7f91916a8000 rw-s 00000000 00:04 195368                     /drm mm object (deleted)
7f91916a8000-7f9191718000 rw-s 00000000 00:04 195367                     /drm mm object (deleted)
7f9191718000-7f9191788000 rw-s 00000000 00:04 197182                     /drm mm object (deleted)
7f9191788000-7f91917f8000 rw-s 00000000 00:04 198147                     /drm mm object (deleted)
7f91917f8000-7f9191a78000 rw-s 00000000 00:04 195358                     /drm mm object (deleted)
7f9191a78000-7f9191a79000 r--s 00000000 08:02 786530                     /var/cache/fontconfig/c05880de57d1f5e948fdfacc138775d9-le64.cache-4
7f9191a79000-7f9191a84000 r--s 00000000 08:02 786523                     /var/cache/fontconfig/945677eb7aeaf62f1d50efc3fb3ec7d8-le64.cache-4
7f9191a84000-7f9191a8a000 r--s 00000000 08:02 786507                     /var/cache/fontconfig/2cd17615ca594fa2959ae173292e504c-le64.cache-4
7f9191a8a000-7f9191a8b000 r--s 00000000 08:02 786541                     /var/cache/fontconfig/e7071f4a29fa870f4323321c154eba04-le64.cache-4
7f9191a8b000-7f9191a8c000 r--s 00000000 08:02 786504                     /var/cache/fontconfig/0d8c3b2ac0904cb8a57a757ad11a4a08-le64.cache-4
7f9191a8c000-7f9191a93000 r--s 00000000 08:02 786527                     /var/cache/fontconfig/a755afe4a08bf5b97852ceb7400b47bc-le64.cache-4
7f9191a93000-7f9191a94000 r--s 00000000 08:02 786526                     /var/cache/fontconfig/a6354e3ac43af67bd8d7b8e43c34e49f-le64.cache-4
7f9191a94000-7f9191a95000 r--s 00000000 08:02 786506                     /var/cache/fontconfig/1ac9eb803944fde146138c791f5cc56a-le64.cache-4
7f9191a95000-7f9191a99000 r--s 00000000 08:02 786510                     /var/cache/fontconfig/385c0604a188198f04d133e54aba7fe7-le64.cache-4
7f9191a99000-7f9191a9a000 r--s 00000000 08:02 786538                     /var/cache/fontconfig/dc05db6664285cc2f12bf69c139ae4c3-le64.cache-4
7f9191a9a000-7f9191a9c000 r--s 00000000 08:02 786520                     /var/cache/fontconfig/767a8244fc0220cfb567a839d0392e0b-le64.cache-4
7f9191a9c000-7f9191a9d000 r--s 00000000 08:02 788870                     /var/cache/fontconfig/4794a0821666d79190d59a36cb4f44b5-le64.cache-4
7f9191a9d000-7f9191aa2000 r--s 00000000 08:02 786522                     /var/cache/fontconfig/8801497958630a81b71ace7c5f9b32a8-le64.cache-4
7f9191aa2000-7f9191aa9000 r--s 00000000 08:02 786508                     /var/cache/fontconfig/3047814df9a2f067bd2d96a2b9c36e5a-le64.cache-4
7f9191aa9000-7f9191abc000 r--s 00000000 08:02 786534                     /var/cache/fontconfig/d52a8644073d54c13679302ca1180695-le64.cache-4
7f9191abc000-7f9191ac5000 r--s 00000000 08:02 786511                     /var/cache/fontconfig/3f7329c5293ffd510edef78f73874cfd-le64.cache-4
7f9191ac5000-7f9191ada000 r--s 00000000 08:02 786537                     /var/cache/fontconfig/da82082e1ef13c4097208324d67c180c-le64.cache-4
7f9191b31000-7f9191ba1000 rw-s 00000000 00:04 197181                     /drm mm object (deleted)
7f9191ba1000-7f9191c11000 rw-s 00000000 00:04 195366                     /drm mm object (deleted)
7f9191c11000-7f9191c81000 rw-s 00000000 00:04 198146                     /drm mm object (deleted)
7f9191c81000-7f9191cf1000 rw-s 00000000 00:04 197180                     /drm mm object (deleted)
7f9191cf1000-7f9191db1000 rw-s 10ac26000 00:05 1552                      /dev/dri/card0
7f9191dd4000-7f9191e44000 rw-s 00000000 00:04 197179                     /drm mm object (deleted)
7f9191e44000-7f9191eb4000 rw-s 00000000 00:04 197178                     /drm mm object (deleted)
7f9191eb4000-7f9191f24000 rw-s 00000000 00:04 198706                     /drm mm object (deleted)
7f9191f24000-7f9191f94000 rw-s 00000000 00:04 198705                     /drm mm object (deleted)
7f9191f94000-7f9192004000 rw-s 00000000 00:04 198697                     /drm mm object (deleted)
7f9192004000-7f9192074000 rw-s 00000000 00:04 195361                     /drm mm object (deleted)
7f9192074000-7f91920e4000 rw-s 00000000 00:04 198696                     /drm mm object (deleted)
7f91920e4000-7f91920e7000 ---p 00000000 00:00 0 
7f91920e7000-7f91921e5000 rw-p 00000000 00:00 0 
7f91921e5000-7f91921e6000 r--s 00000000 08:02 786514                     /var/cache/fontconfig/56cf4f4769d0f4abc89a4895d7bd3ae1-le64.cache-4
7f91921e6000-7f91921e7000 r--s 00000000 08:02 786529                     /var/cache/fontconfig/b9d506c9ac06c20b433354fa67a72993-le64.cache-4
7f91921e7000-7f91921ed000 r--s 00000000 08:02 786528                     /var/cache/fontconfig/b47c4e1ecd0709278f4910c18777a504-le64.cache-4
7f91921ed000-7f91921fa000 r--s 00000000 08:02 786637                     /var/cache/fontconfig/e13b20fdb08344e0e664864cc2ede53d-le64.cache-4
7f91921fd000-7f9192200000 ---p 00000000 00:00 0 
7f9192200000-7f919246a000 rw-p 00000000 00:00 0                          [stack:13954]
7f919246a000-7f91924fe000 ---p 00000000 00:00 0 
7f91924fe000-7f919257e000 rw-s 10aba6000 00:05 1552                      /dev/dri/card0
7f919257e000-7f919273e000 rw-s 00000000 00:04 198685                     /drm mm object (deleted)
7f919273e000-7f9192741000 ---p 00000000 00:00 0 
7f9192741000-7f919283f000 rw-p 00000000 00:00 0 
7f919283f000-7f9192842000 ---p 00000000 00:00 0 
7f9192842000-7f9192940000 rw-p 00000000 00:00 0 
7f9192940000-7f9192943000 ---p 00000000 00:00 0 
7f9192943000-7f9192a41000 rw-p 00000000 00:00 0 
7f9192a41000-7f9192a44000 ---p 00000000 00:00 0 
7f9192a44000-7f9192b42000 rw-p 00000000 00:00 0 
7f9192b42000-7f9192bc2000 rw-s 10ab26000 00:05 1552                      /dev/dri/card0
7f9192bc2000-7f9192d82000 rw-s 00000000 00:04 198090                     /drm mm object (deleted)
7f9192d82000-7f9193002000 rw-s 00000000 00:04 198682                     /drm mm object (deleted)
7f9193002000-7f9193005000 ---p 00000000 00:00 0 
7f9193005000-7f9193103000 rw-p 00000000 00:00 0                          [stack:13914]
7f9193103000-7f919311a000 r-xp 00000000 08:02 2621530                    /lib/x86_64-linux-gnu/libresolv-2.19.so
7f919311a000-7f919331a000 ---p 00017000 08:02 2621530                    /lib/x86_64-linux-gnu/libresolv-2.19.so
7f919331a000-7f919331b000 r--p 00017000 08:02 2621530                    /lib/x86_64-linux-gnu/libresolv-2.19.so
7f919331b000-7f919331c000 rw-p 00018000 08:02 2621530                    /lib/x86_64-linux-gnu/libresolv-2.19.so
7f919331c000-7f919331e000 rw-p 00000000 00:00 0 
7f919331e000-7f9193323000 r-xp 00000000 08:02 2621536                    /lib/x86_64-linux-gnu/libnss_dns-2.19.so
7f9193323000-7f9193522000 ---p 00005000 08:02 2621536                    /lib/x86_64-linux-gnu/libnss_dns-2.19.so
7f9193522000-7f9193523000 r--p 00004000 08:02 2621536                    /lib/x86_64-linux-gnu/libnss_dns-2.19.so
7f9193523000-7f9193524000 rw-p 00005000 08:02 2621536                    /lib/x86_64-linux-gnu/libnss_dns-2.19.so
7f9193524000-7f9193526000 r-xp 00000000 08:02 2625700                    /lib/x86_64-linux-gnu/libnss_mdns4_minimal.so.2
7f9193526000-7f9193725000 ---p 00002000 08:02 2625700                    /lib/x86_64-linux-gnu/libnss_mdns4_minimal.so.2
7f9193725000-7f9193726000 r--p 00001000 08:02 2625700                    /lib/x86_64-linux-gnu/libnss_mdns4_minimal.so.2
7f9193726000-7f9193727000 rw-p 00002000 08:02 2625700                    /lib/x86_64-linux-gnu/libnss_mdns4_minimal.so.2
7f9193727000-7f919372a000 r-xp 00000000 08:02 2625704                    /lib/x86_64-linux-gnu/libnss_myhostname.so.2
7f919372a000-7f9193929000 ---p 00003000 08:02 2625704                    /lib/x86_64-linux-gnu/libnss_myhostname.so.2
7f9193929000-7f919392a000 r--p 00002000 08:02 2625704                    /lib/x86_64-linux-gnu/libnss_myhostname.so.2
7f919392a000-7f919392b000 rw-p 00003000 08:02 2625704                    /lib/x86_64-linux-gnu/libnss_myhostname.so.2
7f919392b000-7f9193b2b000 rw-p 00000000 00:00 0 
7f9193b2b000-7f9193beb000 rw-s 10aa66000 00:05 1552                      /dev/dri/card0
7f9193beb000-7f9193e6b000 rw-s 00000000 00:04 197089                     /drm mm object (deleted)
7f9193e6b000-7f91940eb000 rw-s 00000000 00:04 197088                     /drm mm object (deleted)
7f91940eb000-7f9194122000 r-xp 00000000 08:02 4858923                    /usr/lib/x86_64-linux-gnu/libtxc_dxtn_s2tc.so.0.0.0
7f9194122000-7f9194321000 ---p 00037000 08:02 4858923                    /usr/lib/x86_64-linux-gnu/libtxc_dxtn_s2tc.so.0.0.0
7f9194321000-7f9194322000 r--p 00036000 08:02 4858923                    /usr/lib/x86_64-linux-gnu/libtxc_dxtn_s2tc.so.0.0.0
7f9194322000-7f9194323000 rw-p 00037000 08:02 4858923                    /usr/lib/x86_64-linux-gnu/libtxc_dxtn_s2tc.so.0.0.0
7f9194323000-7f919433b000 r-xp 00000000 08:02 2625786                    /lib/x86_64-linux-gnu/libz.so.1.2.8
7f919433b000-7f919453a000 ---p 00018000 08:02 2625786                    /lib/x86_64-linux-gnu/libz.so.1.2.8
7f919453a000-7f919453b000 r--p 00017000 08:02 2625786                    /lib/x86_64-linux-gnu/libz.so.1.2.8
7f919453b000-7f919453c000 rw-p 00018000 08:02 2625786                    /lib/x86_64-linux-gnu/libz.so.1.2.8
7f919453c000-7f9194544000 r-xp 00000000 08:02 4858718                    /usr/lib/x86_64-linux-gnu/libpciaccess.so.0.11.1
7f9194544000-7f9194743000 ---p 00008000 08:02 4858718                    /usr/lib/x86_64-linux-gnu/libpciaccess.so.0.11.1
7f9194743000-7f9194744000 r--p 00007000 08:02 4858718                    /usr/lib/x86_64-linux-gnu/libpciaccess.so.0.11.1
7f9194744000-7f9194745000 rw-p 00008000 08:02 4858718                    /usr/lib/x86_64-linux-gnu/libpciaccess.so.0.11.1
7f9194745000-7f9194835000 r-xp 00000000 08:02 4858875                    /usr/lib/x86_64-linux-gnu/libstdc++.so.6.0.20
7f9194835000-7f9194a35000 ---p 000f0000 08:02 4858875                    /usr/lib/x86_64-linux-gnu/libstdc++.so.6.0.20
7f9194a35000-7f9194a3d000 r--p 000f0000 08:02 4858875                    /usr/lib/x86_64-linux-gnu/libstdc++.so.6.0.20
7f9194a3d000-7f9194a3f000 rw-p 000f8000 08:02 4858875                    /usr/lib/x86_64-linux-gnu/libstdc++.so.6.0.20
7f9194a3f000-7f9194a54000 rw-p 00000000 00:00 0 
7f9194a54000-7f9194a60000 r-xp 00000000 08:02 4858206                    /usr/lib/x86_64-linux-gnu/libdrm_radeon.so.1.0.1
7f9194a60000-7f9194c5f000 ---p 0000c000 08:02 4858206                    /usr/lib/x86_64-linux-gnu/libdrm_radeon.so.1.0.1
7f9194c5f000-7f9194c60000 r--p 0000b000 08:02 4858206                    /usr/lib/x86_64-linux-gnu/libdrm_radeon.so.1.0.1
7f9194c60000-7f9194c61000 rw-p 0000c000 08:02 4858206                    /usr/lib/x86_64-linux-gnu/libdrm_radeon.so.1.0.1
7f9194c61000-7f9194c67000 r-xp 00000000 08:02 4858204                    /usr/lib/x86_64-linux-gnu/libdrm_nouveau.so.2.0.0
7f9194c67000-7f9194e66000 ---p 00006000 08:02 4858204                    /usr/lib/x86_64-linux-gnu/libdrm_nouveau.so.2.0.0
7f9194e66000-7f9194e67000 r--p 00005000 08:02 4858204                    /usr/lib/x86_64-linux-gnu/libdrm_nouveau.so.2.0.0
7f9194e67000-7f9194e68000 rw-p 00006000 08:02 4858204                    /usr/lib/x86_64-linux-gnu/libdrm_nouveau.so.2.0.0
7f9194e68000-7f9194e88000 r-xp 00000000 08:02 4858202                    /usr/lib/x86_64-linux-gnu/libdrm_intel.so.1.0.0
7f9194e88000-7f9195087000 ---p 00020000 08:02 4858202                    /usr/lib/x86_64-linux-gnu/libdrm_intel.so.1.0.0
7f9195087000-7f9195088000 r--p 0001f000 08:02 4858202                    /usr/lib/x86_64-linux-gnu/libdrm_intel.so.1.0.0
7f9195088000-7f9195089000 rw-p 00020000 08:02 4858202                    /usr/lib/x86_64-linux-gnu/libdrm_intel.so.1.0.0
7f9195089000-7f91955a5000 r-xp 00000000 08:02 5114656                    /usr/lib/x86_64-linux-gnu/dri/i965_dri.so
7f91955a5000-7f91957a4000 ---p 0051c000 08:02 5114656                    /usr/lib/x86_64-linux-gnu/dri/i965_dri.so
7f91957a4000-7f91957c0000 r--p 0051b000 08:02 5114656                    /usr/lib/x86_64-linux-gnu/dri/i965_dri.so
7f91957c0000-7f91957c6000 rw-p 00537000 08:02 5114656                    /usr/lib/x86_64-linux-gnu/dri/i965_dri.so
7f91957c6000-7f91957d1000 rw-p 00000000 00:00 0 
7f91957d1000-7f919583d000 r-xp 00000000 08:02 2625725                    /lib/x86_64-linux-gnu/libpcre.so.3.13.1
7f919583d000-7f9195a3c000 ---p 0006c000 08:02 2625725                    /lib/x86_64-linux-gnu/libpcre.so.3.13.1
7f9195a3c000-7f9195a3d000 r--p 0006b000 08:02 2625725                    /lib/x86_64-linux-gnu/libpcre.so.3.13.1
7f9195a3d000-7f9195a3e000 rw-p 0006c000 08:02 2625725                    /lib/x86_64-linux-gnu/libpcre.so.3.13.1
7f9195a3e000-7f9195a5f000 r-xp 00000000 08:02 2625752                    /lib/x86_64-linux-gnu/libselinux.so.1
7f9195a5f000-7f9195c5e000 ---p 00021000 08:02 2625752                    /lib/x86_64-linux-gnu/libselinux.so.1
7f9195c5e000-7f9195c5f000 r--p 00020000 08:02 2625752                    /lib/x86_64-linux-gnu/libselinux.so.1
7f9195c5f000-7f9195c60000 rw-p 00021000 08:02 2625752                    /lib/x86_64-linux-gnu/libselinux.so.1
7f9195c60000-7f9195c62000 rw-p 00000000 00:00 0 
7f9195c62000-7f9195c72000 r-xp 00000000 08:02 2625516                    /lib/x86_64-linux-gnu/libudev.so.1.4.0
7f9195c72000-7f9195e72000 ---p 00010000 08:02 2625516                    /lib/x86_64-linux-gnu/libudev.so.1.4.0
7f9195e72000-7f9195e73000 r--p 00010000 08:02 2625516                    /lib/x86_64-linux-gnu/libudev.so.1.4.0
7f9195e73000-7f9195e74000 rw-p 00011000 08:02 2625516                    /lib/x86_64-linux-gnu/libudev.so.1.4.0
7f9195e74000-7f9195e76000 r-xp 00000000 08:02 4857968                    /usr/lib/x86_64-linux-gnu/libXinerama.so.1.0.0
7f9195e76000-7f9196075000 ---p 00002000 08:02 4857968                    /usr/lib/x86_64-linux-gnu/libXinerama.so.1.0.0
7f9196075000-7f9196076000 r--p 00001000 08:02 4857968                    /usr/lib/x86_64-linux-gnu/libXinerama.so.1.0.0
7f9196076000-7f9196077000 rw-p 00002000 08:02 4857968                    /usr/lib/x86_64-linux-gnu/libXinerama.so.1.0.0
7f9196077000-7f91960bc000 r-xp 00000000 08:02 4587537                    /tmp/jogamp_0000/file_cache/jln4325241844520159242/jln4446955913224005457/libjogl_mobile.so
7f91960bc000-7f91962bc000 ---p 00045000 08:02 4587537                    /tmp/jogamp_0000/file_cache/jln4325241844520159242/jln4446955913224005457/libjogl_mobile.so
7f91962bc000-7f91962bd000 rw-p 00045000 08:02 4587537                    /tmp/jogamp_0000/file_cache/jln4325241844520159242/jln4446955913224005457/libjogl_mobile.so
7f91962bd000-7f91962c4000 r-xp 00000000 08:02 4858242                    /usr/lib/x86_64-linux-gnu/libffi.so.6.0.2
7f91962c4000-7f91964c3000 ---p 00007000 08:02 4858242                    /usr/lib/x86_64-linux-gnu/libffi.so.6.0.2
7f91964c3000-7f91964c4000 r--p 00006000 08:02 4858242                    /usr/lib/x86_64-linux-gnu/libffi.so.6.0.2
7f91964c4000-7f91964c5000 rw-p 00007000 08:02 4858242                    /usr/lib/x86_64-linux-gnu/libffi.so.6.0.2
7f91964c5000-7f91964d2000 r-xp 00000000 08:02 4849854                    /usr/lib/x86_64-linux-gnu/libgbm.so.1.0.0
7f91964d2000-7f91966d1000 ---p 0000d000 08:02 4849854                    /usr/lib/x86_64-linux-gnu/libgbm.so.1.0.0
7f91966d1000-7f91966d2000 r--p 0000c000 08:02 4849854                    /usr/lib/x86_64-linux-gnu/libgbm.so.1.0.0
7f91966d2000-7f91966d3000 rw-p 0000d000 08:02 4849854                    /usr/lib/x86_64-linux-gnu/libgbm.so.1.0.0
7f91966d3000-7f91966e1000 r-xp 00000000 08:02 4858976                    /usr/lib/x86_64-linux-gnu/libwayland-server.so.0.1.0
7f91966e1000-7f91968e1000 ---p 0000e000 08:02 4858976                    /usr/lib/x86_64-linux-gnu/libwayland-server.so.0.1.0
7f91968e1000-7f91968e3000 r--p 0000e000 08:02 4858976                    /usr/lib/x86_64-linux-gnu/libwayland-server.so.0.1.0
7f91968e3000-7f91968e4000 rw-p 00010000 08:02 4858976                    /usr/lib/x86_64-linux-gnu/libwayland-server.so.0.1.0
7f91968e4000-7f91968ef000 r-xp 00000000 08:02 4858970                    /usr/lib/x86_64-linux-gnu/libwayland-client.so.0.2.0
7f91968ef000-7f9196aef000 ---p 0000b000 08:02 4858970                    /usr/lib/x86_64-linux-gnu/libwayland-client.so.0.2.0
7f9196aef000-7f9196af1000 r--p 0000b000 08:02 4858970                    /usr/lib/x86_64-linux-gnu/libwayland-client.so.0.2.0
7f9196af1000-7f9196af2000 rw-p 0000d000 08:02 4858970                    /usr/lib/x86_64-linux-gnu/libwayland-client.so.0.2.0
7f9196af2000-7f9196af7000 r-xp 00000000 08:02 4859022                    /usr/lib/x86_64-linux-gnu/libxcb-xfixes.so.0.0.0
7f9196af7000-7f9196cf7000 ---p 00005000 08:02 4859022                    /usr/lib/x86_64-linux-gnu/libxcb-xfixes.so.0.0.0
7f9196cf7000-7f9196cf8000 r--p 00005000 08:02 4859022                    /usr/lib/x86_64-linux-gnu/libxcb-xfixes.so.0.0.0
7f9196cf8000-7f9196cf9000 rw-p 00006000 08:02 4859022                    /usr/lib/x86_64-linux-gnu/libxcb-xfixes.so.0.0.0
7f9196cf9000-7f9196d22000 r-xp 00000000 08:02 5114652                    /usr/lib/x86_64-linux-gnu/mesa-egl/libEGL.so.1.0.0
7f9196d22000-7f9196f21000 ---p 00029000 08:02 5114652                    /usr/lib/x86_64-linux-gnu/mesa-egl/libEGL.so.1.0.0
7f9196f21000-7f9196f22000 r--p 00028000 08:02 5114652                    /usr/lib/x86_64-linux-gnu/mesa-egl/libEGL.so.1.0.0
7f9196f22000-7f9196f23000 rw-p 00029000 08:02 5114652                    /usr/lib/x86_64-linux-gnu/mesa-egl/libEGL.so.1.0.0
7f9196f23000-7f9196f24000 rw-p 00000000 00:00 0 
7f9196f24000-7f9196fc9000 r-xp 00000000 08:02 4587536                    /tmp/jogamp_0000/file_cache/jln4325241844520159242/jln4446955913224005457/libjogl_desktop.so
7f9196fc9000-7f91971c9000 ---p 000a5000 08:02 4587536                    /tmp/jogamp_0000/file_cache/jln4325241844520159242/jln4446955913224005457/libjogl_desktop.so
7f91971c9000-7f91971ca000 rw-p 000a5000 08:02 4587536                    /tmp/jogamp_0000/file_cache/jln4325241844520159242/jln4446955913224005457/libjogl_desktop.so
7f91971ca000-7f91971d5000 r-xp 00000000 08:02 4858200                    /usr/lib/x86_64-linux-gnu/libdrm.so.2.4.0
7f91971d5000-7f91973d4000 ---p 0000b000 08:02 4858200                    /usr/lib/x86_64-linux-gnu/libdrm.so.2.4.0
7f91973d4000-7f91973d5000 r--p 0000a000 08:02 4858200                    /usr/lib/x86_64-linux-gnu/libdrm.so.2.4.0
7f91973d5000-7f91973d6000 rw-p 0000b000 08:02 4858200                    /usr/lib/x86_64-linux-gnu/libdrm.so.2.4.0
7f91973d6000-7f91973d7000 r-xp 00000000 08:02 4859034                    /usr/lib/x86_64-linux-gnu/libxshmfence.so.1.0.0
7f91973d7000-7f91975d6000 ---p 00001000 08:02 4859034                    /usr/lib/x86_64-linux-gnu/libxshmfence.so.1.0.0
7f91975d6000-7f91975d7000 r--p 00000000 08:02 4859034                    /usr/lib/x86_64-linux-gnu/libxshmfence.so.1.0.0
7f91975d7000-7f91975d8000 rw-p 00001000 08:02 4859034                    /usr/lib/x86_64-linux-gnu/libxshmfence.so.1.0.0
7f91975d8000-7f91975dd000 r-xp 00000000 08:02 4859016                    /usr/lib/x86_64-linux-gnu/libxcb-sync.so.1.0.0
7f91975dd000-7f91977dc000 ---p 00005000 08:02 4859016                    /usr/lib/x86_64-linux-gnu/libxcb-sync.so.1.0.0
7f91977dc000-7f91977dd000 r--p 00004000 08:02 4859016                    /usr/lib/x86_64-linux-gnu/libxcb-sync.so.1.0.0
7f91977dd000-7f91977de000 rw-p 00005000 08:02 4859016                    /usr/lib/x86_64-linux-gnu/libxcb-sync.so.1.0.0
7f91977de000-7f91977e0000 r-xp 00000000 08:02 4859008                    /usr/lib/x86_64-linux-gnu/libxcb-present.so.0.0.0
7f91977e0000-7f91979df000 ---p 00002000 08:02 4859008                    /usr/lib/x86_64-linux-gnu/libxcb-present.so.0.0.0
7f91979df000-7f91979e0000 r--p 00001000 08:02 4859008                    /usr/lib/x86_64-linux-gnu/libxcb-present.so.0.0.0
7f91979e0000-7f91979e1000 rw-p 00002000 08:02 4859008                    /usr/lib/x86_64-linux-gnu/libxcb-present.so.0.0.0
7f91979e1000-7f91979e3000 r-xp 00000000 08:02 4858998                    /usr/lib/x86_64-linux-gnu/libxcb-dri3.so.0.0.0
7f91979e3000-7f9197be2000 ---p 00002000 08:02 4858998                    /usr/lib/x86_64-linux-gnu/libxcb-dri3.so.0.0.0
7f9197be2000-7f9197be3000 r--p 00001000 08:02 4858998                    /usr/lib/x86_64-linux-gnu/libxcb-dri3.so.0.0.0
7f9197be3000-7f9197be4000 rw-p 00002000 08:02 4858998                    /usr/lib/x86_64-linux-gnu/libxcb-dri3.so.0.0.0
7f9197be4000-7f9197be7000 r-xp 00000000 08:02 4858996                    /usr/lib/x86_64-linux-gnu/libxcb-dri2.so.0.0.0
7f9197be7000-7f9197de7000 ---p 00003000 08:02 4858996                    /usr/lib/x86_64-linux-gnu/libxcb-dri2.so.0.0.0
7f9197de7000-7f9197de8000 r--p 00003000 08:02 4858996                    /usr/lib/x86_64-linux-gnu/libxcb-dri2.so.0.0.0
7f9197de8000-7f9197de9000 rw-p 00004000 08:02 4858996                    /usr/lib/x86_64-linux-gnu/libxcb-dri2.so.0.0.0
7f9197de9000-7f9197dfe000 r-xp 00000000 08:02 4859000                    /usr/lib/x86_64-linux-gnu/libxcb-glx.so.0.0.0
7f9197dfe000-7f9197ffd000 ---p 00015000 08:02 4859000                    /usr/lib/x86_64-linux-gnu/libxcb-glx.so.0.0.0
7f9197ffd000-7f9197fff000 r--p 00014000 08:02 4859000                    /usr/lib/x86_64-linux-gnu/libxcb-glx.so.0.0.0
7f9197fff000-7f9198000000 rw-p 00016000 08:02 4859000                    /usr/lib/x86_64-linux-gnu/libxcb-glx.so.0.0.0
7f9198000000-7f9198021000 rw-p 00000000 00:00 0 
7f9198021000-7f919c000000 ---p 00000000 00:00 0 
7f919c000000-7f919d85f000 rw-p 00000000 00:00 0 
7f919d85f000-7f91a0000000 ---p 00000000 00:00 0 
7f91a0000000-7f91a2589000 rw-p 00000000 00:00 0 
7f91a2589000-7f91a4000000 ---p 00000000 00:00 0 
7f91a4000000-7f91a4883000 rw-p 00000000 00:00 0 
7f91a4883000-7f91a8000000 ---p 00000000 00:00 0 
7f91a8000000-7f91a8021000 rw-p 00000000 00:00 0 
7f91a8021000-7f91ac000000 ---p 00000000 00:00 0 
7f91ac000000-7f91ac05c000 rw-p 00000000 00:00 0 
7f91ac05c000-7f91b0000000 ---p 00000000 00:00 0 
7f91b0000000-7f91b0025000 rw-p 00000000 00:00 0 
7f91b0025000-7f91b4000000 ---p 00000000 00:00 0 
7f91b4000000-7f91b4021000 rw-p 00000000 00:00 0 
7f91b4021000-7f91b8000000 ---p 00000000 00:00 0 
7f91b8000000-7f91b8021000 rw-p 00000000 00:00 0 
7f91b8021000-7f91bc000000 ---p 00000000 00:00 0 
7f91bc000000-7f91bc004000 r--s 00000000 08:02 786535                     /var/cache/fontconfig/d589a48862398ed80a3d6066f4f56f4c-le64.cache-4
7f91bc004000-7f91bc005000 r--s 00000000 08:02 786503                     /var/cache/fontconfig/0c9eb80ebd1c36541ebe2852d3bb0c49-le64.cache-4
7f91bc005000-7f91bc006000 r--s 00000000 08:02 786517                     /var/cache/fontconfig/62f91419b9ebdb6975e7e41ab6412357-le64.cache-4
7f91bc00f000-7f91bc010000 rw-p 00000000 00:00 0 
7f91bc010000-7f91bc018000 rw-s 00000000 00:04 198683                     /drm mm object (deleted)
7f91bc018000-7f91bc0d8000 rw-s 10a9a6000 00:05 1552                      /dev/dri/card0
7f91bc0d8000-7f91bc0e0000 rw-s 00000000 00:04 197080                     /drm mm object (deleted)
7f91bc0e0000-7f91bc0e8000 rw-s 00000000 00:04 197079                     /drm mm object (deleted)
7f91bc0e8000-7f91bc0f0000 rw-s 00000000 00:04 198059                     /drm mm object (deleted)
7f91bc0f0000-7f91bc0f1000 r-xp 00000000 08:02 4857939                    /usr/lib/x86_64-linux-gnu/libX11-xcb.so.1.0.0
7f91bc0f1000-7f91bc2f0000 ---p 00001000 08:02 4857939                    /usr/lib/x86_64-linux-gnu/libX11-xcb.so.1.0.0
7f91bc2f0000-7f91bc2f1000 r--p 00000000 08:02 4857939                    /usr/lib/x86_64-linux-gnu/libX11-xcb.so.1.0.0
7f91bc2f1000-7f91bc2f2000 rw-p 00001000 08:02 4857939                    /usr/lib/x86_64-linux-gnu/libX11-xcb.so.1.0.0
7f91bc2f2000-7f91bc2f4000 r-xp 00000000 08:02 4857954                    /usr/lib/x86_64-linux-gnu/libXdamage.so.1.1.0
7f91bc2f4000-7f91bc4f3000 ---p 00002000 08:02 4857954                    /usr/lib/x86_64-linux-gnu/libXdamage.so.1.1.0
7f91bc4f3000-7f91bc4f4000 r--p 00001000 08:02 4857954                    /usr/lib/x86_64-linux-gnu/libXdamage.so.1.1.0
7f91bc4f4000-7f91bc4f5000 rw-p 00002000 08:02 4857954                    /usr/lib/x86_64-linux-gnu/libXdamage.so.1.1.0
7f91bc4f5000-7f91bc51a000 r-xp 00000000 08:02 4853342                    /usr/lib/x86_64-linux-gnu/libglapi.so.0.0.0
7f91bc51a000-7f91bc719000 ---p 00025000 08:02 4853342                    /usr/lib/x86_64-linux-gnu/libglapi.so.0.0.0
7f91bc719000-7f91bc71c000 r--p 00024000 08:02 4853342                    /usr/lib/x86_64-linux-gnu/libglapi.so.0.0.0
7f91bc71c000-7f91bc71d000 rw-p 00027000 08:02 4853342                    /usr/lib/x86_64-linux-gnu/libglapi.so.0.0.0
7f91bc71d000-7f91bc71e000 rw-p 00000000 00:00 0 
7f91bc71e000-7f91bc744000 r-xp 00000000 08:02 2625637                    /lib/x86_64-linux-gnu/libexpat.so.1.6.0
7f91bc744000-7f91bc943000 ---p 00026000 08:02 2625637                    /lib/x86_64-linux-gnu/libexpat.so.1.6.0
7f91bc943000-7f91bc946000 r--p 00025000 08:02 2625637                    /lib/x86_64-linux-gnu/libexpat.so.1.6.0
7f91bc946000-7f91bc947000 rw-p 00028000 08:02 2625637                    /lib/x86_64-linux-gnu/libexpat.so.1.6.0
7f91bc947000-7f91bc9dd000 r-xp 00000000 08:02 5113685                    /usr/lib/x86_64-linux-gnu/mesa/libGL.so.1.2.0
7f91bc9dd000-7f91bcbdc000 ---p 00096000 08:02 5113685                    /usr/lib/x86_64-linux-gnu/mesa/libGL.so.1.2.0
7f91bcbdc000-7f91bcbdf000 r--p 00095000 08:02 5113685                    /usr/lib/x86_64-linux-gnu/mesa/libGL.so.1.2.0
7f91bcbdf000-7f91bcbe0000 rw-p 00098000 08:02 5113685                    /usr/lib/x86_64-linux-gnu/mesa/libGL.so.1.2.0
7f91bcbe0000-7f91bcde1000 rw-p 00000000 00:00 0 
7f91bcde1000-7f91bcfe1000 rw-p 00000000 00:00 0 
7f91bcfe1000-7f91bcfe8000 r-xp 00000000 08:02 4587539                    /tmp/jogamp_0000/file_cache/jln4325241844520159242/jln4446955913224005457/libnativewindow_x11.so
7f91bcfe8000-7f91bd1e7000 ---p 00007000 08:02 4587539                    /tmp/jogamp_0000/file_cache/jln4325241844520159242/jln4446955913224005457/libnativewindow_x11.so
7f91bd1e7000-7f91bd1e8000 rw-p 00006000 08:02 4587539                    /tmp/jogamp_0000/file_cache/jln4325241844520159242/jln4446955913224005457/libnativewindow_x11.so
7f91bd1e8000-7f91bd1ec000 r-xp 00000000 08:02 4857996                    /usr/lib/x86_64-linux-gnu/libXxf86vm.so.1.0.0
7f91bd1ec000-7f91bd3ec000 ---p 00004000 08:02 4857996                    /usr/lib/x86_64-linux-gnu/libXxf86vm.so.1.0.0
7f91bd3ec000-7f91bd3ed000 r--p 00004000 08:02 4857996                    /usr/lib/x86_64-linux-gnu/libXxf86vm.so.1.0.0
7f91bd3ed000-7f91bd3ee000 rw-p 00005000 08:02 4857996                    /usr/lib/x86_64-linux-gnu/libXxf86vm.so.1.0.0
7f91bd3ee000-7f91bd3f2000 r--s 00000000 08:02 786516                     /var/cache/fontconfig/7ef2298fde41cc6eeb7af42e48b7d293-le64.cache-4
7f91bd3f2000-7f91bd3f3000 rw-s 00000000 00:04 198105                     /drm mm object (deleted)
7f91bd3f3000-7f91bd3fb000 rw-s 00000000 00:04 198043                     /drm mm object (deleted)
7f91bd3fb000-7f91bd403000 rw-s 00000000 00:04 198039                     /drm mm object (deleted)
7f91bd403000-7f91bd405000 r-xp 00000000 08:02 4587538                    /tmp/jogamp_0000/file_cache/jln4325241844520159242/jln4446955913224005457/libnativewindow_awt.so
7f91bd405000-7f91bd604000 ---p 00002000 08:02 4587538                    /tmp/jogamp_0000/file_cache/jln4325241844520159242/jln4446955913224005457/libnativewindow_awt.so
7f91bd604000-7f91bd605000 rw-p 00001000 08:02 4587538                    /tmp/jogamp_0000/file_cache/jln4325241844520159242/jln4446955913224005457/libnativewindow_awt.so
7f91bd605000-7f91bd606000 r-xp 00000000 08:02 4855861                    /usr/lib/jvm/java-8-oracle/jre/lib/amd64/libjawt.so
7f91bd606000-7f91bd805000 ---p 00001000 08:02 4855861                    /usr/lib/jvm/java-8-oracle/jre/lib/amd64/libjawt.so
7f91bd805000-7f91bd806000 rw-p 00000000 08:02 4855861                    /usr/lib/jvm/java-8-oracle/jre/lib/amd64/libjawt.so
7f91bd806000-7f91bd808000 r-xp 00000000 08:02 4587535                    /tmp/jogamp_0000/file_cache/jln4325241844520159242/jln4446955913224005457/libgluegen-rt.so
7f91bd808000-7f91bda07000 ---p 00002000 08:02 4587535                    /tmp/jogamp_0000/file_cache/jln4325241844520159242/jln4446955913224005457/libgluegen-rt.so
7f91bda07000-7f91bda08000 rw-p 00001000 08:02 4587535                    /tmp/jogamp_0000/file_cache/jln4325241844520159242/jln4446955913224005457/libgluegen-rt.so
7f91bda08000-7f91bda0b000 ---p 00000000 00:00 0 
7f91bda0b000-7f91bdb09000 rw-p 00000000 00:00 0                          [stack:13905]
7f91bdb09000-7f91bdb0c000 ---p 00000000 00:00 0 
7f91bdb0c000-7f91bdd42000 rw-p 00000000 00:00 0                          [stack:13900]
7f91bdd42000-7f91bdd45000 ---p 00000000 00:00 0 
7f91bdd45000-7f91be043000 rw-p 00000000 00:00 0                          [stack:13895]
7f91be043000-7f91be046000 ---p 00000000 00:00 0 
7f91be046000-7f91be144000 rw-p 00000000 00:00 0                          [stack:13894]
7f91be144000-7f91be1ad000 r-xp 00000000 08:02 4855882                    /usr/lib/jvm/java-8-oracle/jre/lib/amd64/libt2k.so
7f91be1ad000-7f91be3ac000 ---p 00069000 08:02 4855882                    /usr/lib/jvm/java-8-oracle/jre/lib/amd64/libt2k.so
7f91be3ac000-7f91be3b3000 rw-p 00068000 08:02 4855882                    /usr/lib/jvm/java-8-oracle/jre/lib/amd64/libt2k.so
7f91be3b3000-7f91be3c3000 rw-p 00000000 00:00 0 
7f91be3c3000-7f91be3d4000 r-xp 00000000 08:02 4855860                    /usr/lib/jvm/java-8-oracle/jre/lib/amd64/libnio.so
7f91be3d4000-7f91be5d3000 ---p 00011000 08:02 4855860                    /usr/lib/jvm/java-8-oracle/jre/lib/amd64/libnio.so
7f91be5d3000-7f91be5d4000 rw-p 00010000 08:02 4855860                    /usr/lib/jvm/java-8-oracle/jre/lib/amd64/libnio.so
7f91be5d4000-7f91be605000 rw-p 00000000 00:00 0 
7f91be605000-7f91be61b000 r-xp 00000000 08:02 4855886                    /usr/lib/jvm/java-8-oracle/jre/lib/amd64/libnet.so
7f91be61b000-7f91be81b000 ---p 00016000 08:02 4855886                    /usr/lib/jvm/java-8-oracle/jre/lib/amd64/libnet.so
7f91be81b000-7f91be81c000 rw-p 00016000 08:02 4855886                    /usr/lib/jvm/java-8-oracle/jre/lib/amd64/libnet.so
7f91be81c000-7f91be81f000 ---p 00000000 00:00 0 
7f91be81f000-7f91be91d000 rw-p 00000000 00:00 0                          [stack:13892]
7f91be91d000-7f91be920000 ---p 00000000 00:00 0 
7f91be920000-7f91bea1e000 rw-p 00000000 00:00 0                          [stack:13891]
7f91bea1e000-7f91bea21000 ---p 00000000 00:00 0 
7f91bea21000-7f91beb1f000 rw-p 00000000 00:00 0                          [stack:13890]
7f91beb1f000-7f91beb22000 ---p 00000000 00:00 0 
7f91beb22000-7f91bec20000 rw-p 00000000 00:00 0                          [stack:13888]
7f91bec20000-7f91bec25000 r-xp 00000000 08:02 4857960                    /usr/lib/x86_64-linux-gnu/libXfixes.so.3.1.0
7f91bec25000-7f91bee24000 ---p 00005000 08:02 4857960                    /usr/lib/x86_64-linux-gnu/libXfixes.so.3.1.0
7f91bee24000-7f91bee25000 r--p 00004000 08:02 4857960                    /usr/lib/x86_64-linux-gnu/libXfixes.so.3.1.0
7f91bee25000-7f91bee26000 rw-p 00005000 08:02 4857960                    /usr/lib/x86_64-linux-gnu/libXfixes.so.3.1.0
7f91bee26000-7f91bee2f000 r-xp 00000000 08:02 4857952                    /usr/lib/x86_64-linux-gnu/libXcursor.so.1.0.2
7f91bee2f000-7f91bf02e000 ---p 00009000 08:02 4857952                    /usr/lib/x86_64-linux-gnu/libXcursor.so.1.0.2
7f91bf02e000-7f91bf02f000 r--p 00008000 08:02 4857952                    /usr/lib/x86_64-linux-gnu/libXcursor.so.1.0.2
7f91bf02f000-7f91bf030000 rw-p 00009000 08:02 4857952                    /usr/lib/x86_64-linux-gnu/libXcursor.so.1.0.2
7f91bf030000-7f91bf033000 ---p 00000000 00:00 0 
7f91bf033000-7f91bf131000 rw-p 00000000 00:00 0                          [stack:13887]
7f91bf131000-7f91bf147000 r-xp 00000000 08:02 2625642                    /lib/x86_64-linux-gnu/libgcc_s.so.1
7f91bf147000-7f91bf346000 ---p 00016000 08:02 2625642                    /lib/x86_64-linux-gnu/libgcc_s.so.1
7f91bf346000-7f91bf347000 r--p 00015000 08:02 2625642                    /lib/x86_64-linux-gnu/libgcc_s.so.1
7f91bf347000-7f91bf348000 rw-p 00016000 08:02 2625642                    /lib/x86_64-linux-gnu/libgcc_s.so.1
7f91bf348000-7f91bf3ad000 r-xp 00000000 08:02 4855916                    /usr/lib/jvm/java-8-oracle/jre/lib/amd64/libfontmanager.so
7f91bf3ad000-7f91bf5ac000 ---p 00065000 08:02 4855916                    /usr/lib/jvm/java-8-oracle/jre/lib/amd64/libfontmanager.so
7f91bf5ac000-7f91bf5b1000 rw-p 00064000 08:02 4855916                    /usr/lib/jvm/java-8-oracle/jre/lib/amd64/libfontmanager.so
7f91bf5b1000-7f91bf5c1000 rw-p 00000000 00:00 0 
7f91bf5c1000-7f91bf5c6000 r-xp 00000000 08:02 4857956                    /usr/lib/x86_64-linux-gnu/libXdmcp.so.6.0.0
7f91bf5c6000-7f91bf7c5000 ---p 00005000 08:02 4857956                    /usr/lib/x86_64-linux-gnu/libXdmcp.so.6.0.0
7f91bf7c5000-7f91bf7c6000 r--p 00004000 08:02 4857956                    /usr/lib/x86_64-linux-gnu/libXdmcp.so.6.0.0
7f91bf7c6000-7f91bf7c7000 rw-p 00005000 08:02 4857956                    /usr/lib/x86_64-linux-gnu/libXdmcp.so.6.0.0
7f91bf7c7000-7f91bf7c9000 r-xp 00000000 08:02 4857945                    /usr/lib/x86_64-linux-gnu/libXau.so.6.0.0
7f91bf7c9000-7f91bf9c9000 ---p 00002000 08:02 4857945                    /usr/lib/x86_64-linux-gnu/libXau.so.6.0.0
7f91bf9c9000-7f91bf9ca000 r--p 00002000 08:02 4857945                    /usr/lib/x86_64-linux-gnu/libXau.so.6.0.0
7f91bf9ca000-7f91bf9cb000 rw-p 00003000 08:02 4857945                    /usr/lib/x86_64-linux-gnu/libXau.so.6.0.0
7f91bf9cb000-7f91bf9e8000 r-xp 00000000 08:02 4859026                    /usr/lib/x86_64-linux-gnu/libxcb.so.1.1.0
7f91bf9e8000-7f91bfbe8000 ---p 0001d000 08:02 4859026                    /usr/lib/x86_64-linux-gnu/libxcb.so.1.1.0
7f91bfbe8000-7f91bfbe9000 r--p 0001d000 08:02 4859026                    /usr/lib/x86_64-linux-gnu/libxcb.so.1.1.0
7f91bfbe9000-7f91bfbea000 rw-p 0001e000 08:02 4859026                    /usr/lib/x86_64-linux-gnu/libxcb.so.1.1.0
7f91bfbea000-7f91bfbf9000 r-xp 00000000 08:02 4857966                    /usr/lib/x86_64-linux-gnu/libXi.so.6.1.0
7f91bfbf9000-7f91bfdf8000 ---p 0000f000 08:02 4857966                    /usr/lib/x86_64-linux-gnu/libXi.so.6.1.0
7f91bfdf8000-7f91bfdf9000 r--p 0000e000 08:02 4857966                    /usr/lib/x86_64-linux-gnu/libXi.so.6.1.0
7f91bfdf9000-7f91bfdfa000 rw-p 0000f000 08:02 4857966                    /usr/lib/x86_64-linux-gnu/libXi.so.6.1.0
7f91bfdfa000-7f91bfdff000 r-xp 00000000 08:02 4857986                    /usr/lib/x86_64-linux-gnu/libXtst.so.6.1.0
7f91bfdff000-7f91bfffe000 ---p 00005000 08:02 4857986                    /usr/lib/x86_64-linux-gnu/libXtst.so.6.1.0
7f91bfffe000-7f91bffff000 r--p 00004000 08:02 4857986                    /usr/lib/x86_64-linux-gnu/libXtst.so.6.1.0
7f91bffff000-7f91c0000000 rw-p 00005000 08:02 4857986                    /usr/lib/x86_64-linux-gnu/libXtst.so.6.1.0
7f91c0000000-7f91c0637000 rw-p 00000000 00:00 0 
7f91c0637000-7f91c4000000 ---p 00000000 00:00 0 
7f91c4000000-7f91c4021000 rw-p 00000000 00:00 0 
7f91c4021000-7f91c8000000 ---p 00000000 00:00 0 
7f91c8000000-7f91c981b000 rw-p 00000000 00:00 0 
7f91c981b000-7f91cc000000 ---p 00000000 00:00 0 
7f91cc000000-7f91cc021000 rw-p 00000000 00:00 0 
7f91cc021000-7f91d0000000 ---p 00000000 00:00 0 
7f91d0000000-7f91d0021000 rw-p 00000000 00:00 0 
7f91d0021000-7f91d4000000 ---p 00000000 00:00 0 
7f91d4000000-7f91d5809000 rw-p 00000000 00:00 0 
7f91d5809000-7f91d8000000 ---p 00000000 00:00 0 
7f91d8000000-7f91d8021000 rw-p 00000000 00:00 0 
7f91d8021000-7f91dc000000 ---p 00000000 00:00 0 
7f91dc000000-7f91dc021000 rw-p 00000000 00:00 0 
7f91dc021000-7f91e0000000 ---p 00000000 00:00 0 
7f91e0000000-7f91e0021000 rw-p 00000000 00:00 0 
7f91e0021000-7f91e4000000 ---p 00000000 00:00 0 
7f91e4000000-7f91e4021000 rw-p 00000000 00:00 0 
7f91e4021000-7f91e8000000 ---p 00000000 00:00 0 
7f91e8000000-7f91e8021000 rw-p 00000000 00:00 0 
7f91e8021000-7f91ec000000 ---p 00000000 00:00 0 
7f91ec000000-7f91ec021000 rw-p 00000000 00:00 0 
7f91ec021000-7f91f0000000 ---p 00000000 00:00 0 
7f91f0000000-7f91f0021000 rw-p 00000000 00:00 0 
7f91f0021000-7f91f4000000 ---p 00000000 00:00 0 
7f91f4000000-7f91f4001000 rw-s 00000000 00:04 197095                     /drm mm object (deleted)
7f91f4001000-7f91f4009000 rw-s 00000000 00:04 197075                     /drm mm object (deleted)
7f91f4009000-7f91f4011000 rw-s 00000000 00:04 198031                     /drm mm object (deleted)
7f91f4011000-7f91f402d000 r--s 00393000 08:02 4855940                    /usr/lib/jvm/java-8-oracle/jre/lib/ext/cldrdata.jar
7f91f402d000-7f91f4036000 r-xp 00000000 08:02 4857980                    /usr/lib/x86_64-linux-gnu/libXrender.so.1.3.0
7f91f4036000-7f91f4235000 ---p 00009000 08:02 4857980                    /usr/lib/x86_64-linux-gnu/libXrender.so.1.3.0
7f91f4235000-7f91f4236000 r--p 00008000 08:02 4857980                    /usr/lib/x86_64-linux-gnu/libXrender.so.1.3.0
7f91f4236000-7f91f4237000 rw-p 00009000 08:02 4857980                    /usr/lib/x86_64-linux-gnu/libXrender.so.1.3.0
7f91f4237000-7f91f436a000 r-xp 00000000 08:02 4857941                    /usr/lib/x86_64-linux-gnu/libX11.so.6.3.0
7f91f436a000-7f91f456a000 ---p 00133000 08:02 4857941                    /usr/lib/x86_64-linux-gnu/libX11.so.6.3.0
7f91f456a000-7f91f456b000 r--p 00133000 08:02 4857941                    /usr/lib/x86_64-linux-gnu/libX11.so.6.3.0
7f91f456b000-7f91f456f000 rw-p 00134000 08:02 4857941                    /usr/lib/x86_64-linux-gnu/libX11.so.6.3.0
7f91f456f000-7f91f4570000 rw-p 00000000 00:00 0 
7f91f4570000-7f91f4581000 r-xp 00000000 08:02 4857958                    /usr/lib/x86_64-linux-gnu/libXext.so.6.4.0
7f91f4581000-7f91f4780000 ---p 00011000 08:02 4857958                    /usr/lib/x86_64-linux-gnu/libXext.so.6.4.0
7f91f4780000-7f91f4781000 r--p 00010000 08:02 4857958                    /usr/lib/x86_64-linux-gnu/libXext.so.6.4.0
7f91f4781000-7f91f4782000 rw-p 00011000 08:02 4857958                    /usr/lib/x86_64-linux-gnu/libXext.so.6.4.0
7f91f4782000-7f91f4783000 rw-s 00000000 00:04 197087                     /drm mm object (deleted)
7f91f4783000-7f91f4784000 rw-s 00000000 00:04 197076                     /drm mm object (deleted)
7f91f4784000-7f91f478c000 rw-s 00000000 00:04 198027                     /drm mm object (deleted)
7f91f478c000-7f91f4797000 r--s 00116000 08:02 4855938                    /usr/lib/jvm/java-8-oracle/jre/lib/ext/localedata.jar
7f91f4797000-7f91f47eb000 r-xp 00000000 08:02 4855857                    /usr/lib/jvm/java-8-oracle/jre/lib/amd64/libawt_xawt.so
7f91f47eb000-7f91f49eb000 ---p 00054000 08:02 4855857                    /usr/lib/jvm/java-8-oracle/jre/lib/amd64/libawt_xawt.so
7f91f49eb000-7f91f49ef000 rw-p 00054000 08:02 4855857                    /usr/lib/jvm/java-8-oracle/jre/lib/amd64/libawt_xawt.so
7f91f49ef000-7f91f49f0000 rw-p 00000000 00:00 0 
7f91f49f0000-7f91f4a92000 r-xp 00000000 08:02 4855893                    /usr/lib/jvm/java-8-oracle/jre/lib/amd64/libawt.so
7f91f4a92000-7f91f4c92000 ---p 000a2000 08:02 4855893                    /usr/lib/jvm/java-8-oracle/jre/lib/amd64/libawt.so
7f91f4c92000-7f91f4c9e000 rw-p 000a2000 08:02 4855893                    /usr/lib/jvm/java-8-oracle/jre/lib/amd64/libawt.so
7f91f4c9e000-7f91f4cc2000 rw-p 00000000 00:00 0 
7f91f4cc2000-7f91f4ce5000 r--s 002ec000 08:02 5120524                    /home/bhupendra/Coursera Java Specialization/Assignments/World-Earthquakes-View/UCSDUnfoldingMaps/lib/jogl-all.jar
7f91f4ce5000-7f91f4ce6000 ---p 00000000 00:00 0 
7f91f4ce6000-7f91f4de6000 rw-p 00000000 00:00 0                          [stack:13886]
7f91f4de6000-7f91f4de9000 ---p 00000000 00:00 0 
7f91f4de9000-7f91f4ee7000 rw-p 00000000 00:00 0                          [stack:13885]
7f91f4ee7000-7f91f4eea000 ---p 00000000 00:00 0 
7f91f4eea000-7f91f4fe8000 rw-p 00000000 00:00 0                          [stack:13884]
7f91f4fe8000-7f91f4feb000 ---p 00000000 00:00 0 
7f91f4feb000-7f91f50e9000 rw-p 00000000 00:00 0                          [stack:13883]
7f91f50e9000-7f91f50ec000 ---p 00000000 00:00 0 
7f91f50ec000-7f91f51ea000 rw-p 00000000 00:00 0                          [stack:13882]
7f91f51ea000-7f91f51ed000 ---p 00000000 00:00 0 
7f91f51ed000-7f91f52eb000 rw-p 00000000 00:00 0                          [stack:13881]
7f91f52eb000-7f91f59cd000 r--p 00000000 08:02 4857189                    /usr/lib/locale/locale-archive
7f91f59cd000-7f91f59d0000 ---p 00000000 00:00 0 
7f91f59d0000-7f91f5ace000 rw-p 00000000 00:00 0                          [stack:13880]
7f91f5ace000-7f91f5ad1000 ---p 00000000 00:00 0 
7f91f5ad1000-7f91f5bcf000 rw-p 00000000 00:00 0                          [stack:13879]
7f91f5bcf000-7f91f5bd0000 ---p 00000000 00:00 0 
7f91f5bd0000-7f91f9000000 rw-p 00000000 00:00 0                          [stack:13878]
7f91f9000000-7f91f9a20000 rwxp 00000000 00:00 0 
7f91f9a20000-7f9208000000 ---p 00000000 00:00 0 
7f9208000000-7f92082c3000 rw-p 00000000 00:00 0 
7f92082c3000-7f920c000000 ---p 00000000 00:00 0 
7f920c000000-7f920c001000 rw-s 00000000 00:04 198052                     /drm mm object (deleted)
7f920c001000-7f920c002000 rw-s 00000000 00:04 198047                     /drm mm object (deleted)
7f920c002000-7f920c003000 rw-s 00000000 00:04 198040                     /drm mm object (deleted)
7f920c003000-7f920c004000 rwxp 00000000 00:00 0 
7f920c004000-7f920c005000 rw-s 00000000 00:04 198028                     /drm mm object (deleted)
7f920c005000-7f920c006000 r--s 0002f000 08:02 5120518                    /home/bhupendra/Coursera Java Specialization/Assignments/World-Earthquakes-View/UCSDUnfoldingMaps/lib/jogl-all-natives-linux-amd64.jar
7f920c006000-7f920c008000 r--s 00000000 08:02 5120511                    /home/bhupendra/Coursera Java Specialization/Assignments/World-Earthquakes-View/UCSDUnfoldingMaps/lib/gluegen-rt-natives-linux-amd64.jar
7f920c008000-7f920c009000 r--p 00000000 00:00 0 
7f920c009000-7f920c00e000 r--s 00094000 08:02 4855697                    /usr/lib/jvm/java-8-oracle/jre/lib/jsse.jar
7f920c00e000-7f920c014000 r--s 00033000 08:02 5120529                    /home/bhupendra/Coursera Java Specialization/Assignments/World-Earthquakes-View/UCSDUnfoldingMaps/lib/unfolding.0.9.7-uscd.jar
7f920c014000-7f920c01b000 r--s 00059000 08:02 5120527                    /home/bhupendra/Coursera Java Specialization/Assignments/World-Earthquakes-View/UCSDUnfoldingMaps/lib/log4j-1.2.15.jar
7f920c01b000-7f920c26c000 rw-p 00000000 00:00 0 
7f920c26c000-7f920c445000 r--s 03d09000 08:02 4855699                    /usr/lib/jvm/java-8-oracle/jre/lib/rt.jar
7f920c445000-7f920c697000 rw-p 00000000 00:00 0 
7f920c697000-7f920c698000 ---p 00000000 00:00 0 
7f920c698000-7f920c798000 rw-p 00000000 00:00 0                          [stack:13877]
7f920c798000-7f920c799000 ---p 00000000 00:00 0 
7f920c799000-7f920c899000 rw-p 00000000 00:00 0                          [stack:13876]
7f920c899000-7f920c89a000 ---p 00000000 00:00 0 
7f920c89a000-7f920c99a000 rw-p 00000000 00:00 0                          [stack:13875]
7f920c99a000-7f920c99b000 ---p 00000000 00:00 0 
7f920c99b000-7f920cab2000 rw-p 00000000 00:00 0                          [stack:13874]
7f920cab2000-7f920cbd9000 ---p 00000000 00:00 0 
7f920cbd9000-7f920cbf0000 rw-p 00000000 00:00 0 
7f920cbf0000-7f920cd16000 ---p 00000000 00:00 0 
7f920cd16000-7f920cd34000 rw-p 00000000 00:00 0 
7f920cd34000-7f920cdb5000 ---p 00000000 00:00 0 
7f920cdb5000-7f920cddf000 rw-p 00000000 00:00 0 
7f920cddf000-7f920d176000 ---p 00000000 00:00 0 
7f920d176000-7f920d190000 r-xp 00000000 08:02 4855865                    /usr/lib/jvm/java-8-oracle/jre/lib/amd64/libzip.so
7f920d190000-7f920d390000 ---p 0001a000 08:02 4855865                    /usr/lib/jvm/java-8-oracle/jre/lib/amd64/libzip.so
7f920d390000-7f920d391000 rw-p 0001a000 08:02 4855865                    /usr/lib/jvm/java-8-oracle/jre/lib/amd64/libzip.so
7f920d391000-7f920d39c000 r-xp 00000000 08:02 2621543                    /lib/x86_64-linux-gnu/libnss_files-2.19.so
7f920d39c000-7f920d59b000 ---p 0000b000 08:02 2621543                    /lib/x86_64-linux-gnu/libnss_files-2.19.so
7f920d59b000-7f920d59c000 r--p 0000a000 08:02 2621543                    /lib/x86_64-linux-gnu/libnss_files-2.19.so
7f920d59c000-7f920d59d000 rw-p 0000b000 08:02 2621543                    /lib/x86_64-linux-gnu/libnss_files-2.19.so
7f920d59d000-7f920d5a8000 r-xp 00000000 08:02 2621455                    /lib/x86_64-linux-gnu/libnss_nis-2.19.so
7f920d5a8000-7f920d7a7000 ---p 0000b000 08:02 2621455                    /lib/x86_64-linux-gnu/libnss_nis-2.19.so
7f920d7a7000-7f920d7a8000 r--p 0000a000 08:02 2621455                    /lib/x86_64-linux-gnu/libnss_nis-2.19.so
7f920d7a8000-7f920d7a9000 rw-p 0000b000 08:02 2621455                    /lib/x86_64-linux-gnu/libnss_nis-2.19.so
7f920d7a9000-7f920d7c0000 r-xp 00000000 08:02 2621545                    /lib/x86_64-linux-gnu/libnsl-2.19.so
7f920d7c0000-7f920d9bf000 ---p 00017000 08:02 2621545                    /lib/x86_64-linux-gnu/libnsl-2.19.so
7f920d9bf000-7f920d9c0000 r--p 00016000 08:02 2621545                    /lib/x86_64-linux-gnu/libnsl-2.19.so
7f920d9c0000-7f920d9c1000 rw-p 00017000 08:02 2621545                    /lib/x86_64-linux-gnu/libnsl-2.19.so
7f920d9c1000-7f920d9c3000 rw-p 00000000 00:00 0 
7f920d9c3000-7f920d9cc000 r-xp 00000000 08:02 2621538                    /lib/x86_64-linux-gnu/libnss_compat-2.19.so
7f920d9cc000-7f920dbcb000 ---p 00009000 08:02 2621538                    /lib/x86_64-linux-gnu/libnss_compat-2.19.so
7f920dbcb000-7f920dbcc000 r--p 00008000 08:02 2621538                    /lib/x86_64-linux-gnu/libnss_compat-2.19.so
7f920dbcc000-7f920dbcd000 rw-p 00009000 08:02 2621538                    /lib/x86_64-linux-gnu/libnss_compat-2.19.so
7f920dbcd000-7f920dbf7000 r-xp 00000000 08:02 4855858                    /usr/lib/jvm/java-8-oracle/jre/lib/amd64/libjava.so
7f920dbf7000-7f920ddf7000 ---p 0002a000 08:02 4855858                    /usr/lib/jvm/java-8-oracle/jre/lib/amd64/libjava.so
7f920ddf7000-7f920ddf9000 rw-p 0002a000 08:02 4855858                    /usr/lib/jvm/java-8-oracle/jre/lib/amd64/libjava.so
7f920ddf9000-7f920de06000 r-xp 00000000 08:02 4855900                    /usr/lib/jvm/java-8-oracle/jre/lib/amd64/libverify.so
7f920de06000-7f920e006000 ---p 0000d000 08:02 4855900                    /usr/lib/jvm/java-8-oracle/jre/lib/amd64/libverify.so
7f920e006000-7f920e008000 rw-p 0000d000 08:02 4855900                    /usr/lib/jvm/java-8-oracle/jre/lib/amd64/libverify.so
7f920e008000-7f920e00f000 r-xp 00000000 08:02 2621541                    /lib/x86_64-linux-gnu/librt-2.19.so
7f920e00f000-7f920e20e000 ---p 00007000 08:02 2621541                    /lib/x86_64-linux-gnu/librt-2.19.so
7f920e20e000-7f920e20f000 r--p 00006000 08:02 2621541                    /lib/x86_64-linux-gnu/librt-2.19.so
7f920e20f000-7f920e210000 rw-p 00007000 08:02 2621541                    /lib/x86_64-linux-gnu/librt-2.19.so
7f920e210000-7f920e315000 r-xp 00000000 08:02 2621542                    /lib/x86_64-linux-gnu/libm-2.19.so
7f920e315000-7f920e514000 ---p 00105000 08:02 2621542                    /lib/x86_64-linux-gnu/libm-2.19.so
7f920e514000-7f920e515000 r--p 00104000 08:02 2621542                    /lib/x86_64-linux-gnu/libm-2.19.so
7f920e515000-7f920e516000 rw-p 00105000 08:02 2621542                    /lib/x86_64-linux-gnu/libm-2.19.so
7f920e516000-7f920f1c4000 r-xp 00000000 08:02 4855906                    /usr/lib/jvm/java-8-oracle/jre/lib/amd64/server/libjvm.so
7f920f1c4000-7f920f3c3000 ---p 00cae000 08:02 4855906                    /usr/lib/jvm/java-8-oracle/jre/lib/amd64/server/libjvm.so
7f920f3c3000-7f920f49a000 rw-p 00cad000 08:02 4855906                    /usr/lib/jvm/java-8-oracle/jre/lib/amd64/server/libjvm.so
7f920f49a000-7f920f4de000 rw-p 00000000 00:00 0 
7f920f4de000-7f920f698000 r-xp 00000000 08:02 2625514                    /lib/x86_64-linux-gnu/libc-2.19.so
7f920f698000-7f920f898000 ---p 001ba000 08:02 2625514                    /lib/x86_64-linux-gnu/libc-2.19.so
7f920f898000-7f920f89c000 r--p 001ba000 08:02 2625514                    /lib/x86_64-linux-gnu/libc-2.19.so
7f920f89c000-7f920f89e000 rw-p 001be000 08:02 2625514                    /lib/x86_64-linux-gnu/libc-2.19.so
7f920f89e000-7f920f8a3000 rw-p 00000000 00:00 0 
7f920f8a3000-7f920f8a6000 r-xp 00000000 08:02 2621535                    /lib/x86_64-linux-gnu/libdl-2.19.so
7f920f8a6000-7f920faa5000 ---p 00003000 08:02 2621535                    /lib/x86_64-linux-gnu/libdl-2.19.so
7f920faa5000-7f920faa6000 r--p 00002000 08:02 2621535                    /lib/x86_64-linux-gnu/libdl-2.19.so
7f920faa6000-7f920faa7000 rw-p 00003000 08:02 2621535                    /lib/x86_64-linux-gnu/libdl-2.19.so
7f920faa7000-7f920fabc000 r-xp 00000000 08:02 4856243                    /usr/lib/jvm/java-8-oracle/lib/amd64/jli/libjli.so
7f920fabc000-7f920fcbc000 ---p 00015000 08:02 4856243                    /usr/lib/jvm/java-8-oracle/lib/amd64/jli/libjli.so
7f920fcbc000-7f920fcbd000 rw-p 00015000 08:02 4856243                    /usr/lib/jvm/java-8-oracle/lib/amd64/jli/libjli.so
7f920fcbd000-7f920fcd6000 r-xp 00000000 08:02 2625630                    /lib/x86_64-linux-gnu/libpthread-2.19.so
7f920fcd6000-7f920fed5000 ---p 00019000 08:02 2625630                    /lib/x86_64-linux-gnu/libpthread-2.19.so
7f920fed5000-7f920fed6000 r--p 00018000 08:02 2625630                    /lib/x86_64-linux-gnu/libpthread-2.19.so
7f920fed6000-7f920fed7000 rw-p 00019000 08:02 2625630                    /lib/x86_64-linux-gnu/libpthread-2.19.so
7f920fed7000-7f920fedb000 rw-p 00000000 00:00 0 
7f920fedb000-7f920fefe000 r-xp 00000000 08:02 2621534                    /lib/x86_64-linux-gnu/ld-2.19.so
7f920fefe000-7f920ff03000 r--s 00309000 08:02 5120528                    /home/bhupendra/Coursera Java Specialization/Assignments/World-Earthquakes-View/UCSDUnfoldingMaps/lib/sqlite-jdbc-3.7.2.jar
7f920ff03000-7f920ff09000 r--s 00041000 08:02 5120517                    /home/bhupendra/Coursera Java Specialization/Assignments/World-Earthquakes-View/UCSDUnfoldingMaps/lib/gluegen-rt.jar
7f920ff09000-7f920ffe1000 rw-p 00000000 00:00 0 
7f920ffe1000-7f920ffe4000 ---p 00000000 00:00 0 
7f920ffe4000-7f92100e6000 rw-p 00000000 00:00 0                          [stack:13870]
7f92100e6000-7f92100e7000 r--s 00005000 08:02 5120526                    /home/bhupendra/Coursera Java Specialization/Assignments/World-Earthquakes-View/UCSDUnfoldingMaps/lib/libTUIO.jar
7f92100e7000-7f92100e8000 r--s 00007000 08:02 5120525                    /home/bhupendra/Coursera Java Specialization/Assignments/World-Earthquakes-View/UCSDUnfoldingMaps/lib/json4processing.jar
7f92100e8000-7f92100ec000 r--s 0009a000 08:02 5120510                    /home/bhupendra/Coursera Java Specialization/Assignments/World-Earthquakes-View/UCSDUnfoldingMaps/lib/core.jar
7f92100ec000-7f92100f1000 r--s 002f8000 08:02 4855711                    /usr/lib/jvm/java-8-oracle/jre/lib/charsets.jar
7f92100f1000-7f92100f9000 rw-s 00000000 08:02 4587532                    /tmp/hsperfdata_bhupendra/13868
7f92100f9000-7f92100fa000 rw-p 00000000 00:00 0 
7f92100fa000-7f92100fb000 r--p 00000000 00:00 0 
7f92100fb000-7f92100fd000 rw-p 00000000 00:00 0 
7f92100fd000-7f92100fe000 r--p 00022000 08:02 2621534                    /lib/x86_64-linux-gnu/ld-2.19.so
7f92100fe000-7f92100ff000 rw-p 00023000 08:02 2621534                    /lib/x86_64-linux-gnu/ld-2.19.so
7f92100ff000-7f9210100000 rw-p 00000000 00:00 0 
7fff0951f000-7fff09540000 rw-p 00000000 00:00 0                          [stack]
7fff095fc000-7fff095fe000 r-xp 00000000 00:00 0                          [vdso]
7fff095fe000-7fff09600000 r--p 00000000 00:00 0                          [vvar]
ffffffffff600000-ffffffffff601000 r-xp 00000000 00:00 0                  [vsyscall]

VM Arguments:
jvm_args: -Djava.security.policy=java.policy.applet -Dfile.encoding=UTF-8 
java_command: sun.applet.AppletViewer module4.EarthquakeCityMap1448805089201.html
java_class_path (initial): /home/bhupendra/Coursera Java Specialization/Assignments/World-Earthquakes-View/UCSDUnfoldingMaps/build:/home/bhupendra/Coursera Java Specialization/Assignments/World-Earthquakes-View/UCSDUnfoldingMaps/lib/core.jar:/home/bhupendra/Coursera Java Specialization/Assignments/World-Earthquakes-View/UCSDUnfoldingMaps/lib/gluegen-rt.jar:/home/bhupendra/Coursera Java Specialization/Assignments/World-Earthquakes-View/UCSDUnfoldingMaps/lib/jogl-all.jar:/home/bhupendra/Coursera Java Specialization/Assignments/World-Earthquakes-View/UCSDUnfoldingMaps/lib/log4j-1.2.15.jar:/home/bhupendra/Coursera Java Specialization/Assignments/World-Earthquakes-View/UCSDUnfoldingMaps/lib/sqlite-jdbc-3.7.2.jar:/home/bhupendra/Coursera Java Specialization/Assignments/World-Earthquakes-View/UCSDUnfoldingMaps/lib/json4processing.jar:/home/bhupendra/Coursera Java Specialization/Assignments/World-Earthquakes-View/UCSDUnfoldingMaps/lib/libTUIO.jar:/home/bhupendra/Coursera Java Specialization/Assignments/World-Earthquakes-View/UCSDUnfoldingMaps/lib/unfolding.0.9.7-uscd.jar
Launcher Type: SUN_STANDARD

Environment Variables:
PATH=/usr/local/sbin:/usr/local/bin:/usr/sbin:/usr/bin:/sbin:/bin:/usr/games:/usr/local/games
USERNAME=bhupendra
SHELL=/bin/bash
DISPLAY=:0.0

Signal Handlers:
SIGSEGV: [libjvm.so+0xaad1e0], sa_mask[0]=11111111011111111101111111111110, sa_flags=SA_RESTART|SA_SIGINFO
SIGBUS: [libjvm.so+0xaad1e0], sa_mask[0]=11111111011111111101111111111110, sa_flags=SA_RESTART|SA_SIGINFO
SIGFPE: [libjvm.so+0x90b450], sa_mask[0]=11111111011111111101111111111110, sa_flags=SA_RESTART|SA_SIGINFO
SIGPIPE: [libjvm.so+0x90b450], sa_mask[0]=11111111011111111101111111111110, sa_flags=SA_RESTART|SA_SIGINFO
SIGXFSZ: [libjvm.so+0x90b450], sa_mask[0]=11111111011111111101111111111110, sa_flags=SA_RESTART|SA_SIGINFO
SIGILL: [libjvm.so+0x90b450], sa_mask[0]=11111111011111111101111111111110, sa_flags=SA_RESTART|SA_SIGINFO
SIGUSR1: SIG_DFL, sa_mask[0]=00000000000000000000000000000000, sa_flags=none
SIGUSR2: [libjvm.so+0x90ca90], sa_mask[0]=00100000000000000000000000000000, sa_flags=SA_RESTART|SA_SIGINFO
SIGHUP: [libjvm.so+0x90dde0], sa_mask[0]=11111111011111111101111111111110, sa_flags=SA_RESTART|SA_SIGINFO
SIGINT: [libjvm.so+0x90dde0], sa_mask[0]=11111111011111111101111111111110, sa_flags=SA_RESTART|SA_SIGINFO
SIGTERM: [libjvm.so+0x90dde0], sa_mask[0]=11111111011111111101111111111110, sa_flags=SA_RESTART|SA_SIGINFO
SIGQUIT: [libjvm.so+0x90dde0], sa_mask[0]=11111111011111111101111111111110, sa_flags=SA_RESTART|SA_SIGINFO


---------------  S Y S T E M  ---------------

OS:DISTRIB_ID=Ubuntu
DISTRIB_RELEASE=14.10
DISTRIB_CODENAME=utopic
DISTRIB_DESCRIPTION="Ubuntu 14.10"

uname:Linux 3.16.0-30-generic #40-Ubuntu SMP Mon Jan 12 22:06:37 UTC 2015 x86_64
libc:glibc 2.19 NPTL 2.19 
rlimit: STACK 8192k, CORE 0k, NPROC 14376, NOFILE 4096, AS infinity
load average:1.09 0.78 1.14

/proc/meminfo:
MemTotal:        3891224 kB
MemFree:         1368632 kB
MemAvailable:    1530476 kB
Buffers:           12136 kB
Cached:           700224 kB
SwapCached:       129036 kB
Active:          1484292 kB
Inactive:         780424 kB
Active(anon):    1283808 kB
Inactive(anon):   704404 kB
Active(file):     200484 kB
Inactive(file):    76020 kB
Unevictable:          48 kB
Mlocked:              48 kB
SwapTotal:       4036604 kB
SwapFree:        2641332 kB
Dirty:                76 kB
Writeback:             0 kB
AnonPages:       1519704 kB
Mapped:           220044 kB
Shmem:            435876 kB
Slab:             146572 kB
SReclaimable:     108552 kB
SUnreclaim:        38020 kB
KernelStack:        9392 kB
PageTables:        37652 kB
NFS_Unstable:          0 kB
Bounce:                0 kB
WritebackTmp:          0 kB
CommitLimit:     5982216 kB
Committed_AS:    6831952 kB
VmallocTotal:   34359738367 kB
VmallocUsed:      400948 kB
VmallocChunk:   34359244552 kB
HardwareCorrupted:     0 kB
AnonHugePages:    700416 kB
HugePages_Total:       0
HugePages_Free:        0
HugePages_Rsvd:        0
HugePages_Surp:        0
Hugepagesize:       2048 kB
DirectMap4k:      100148 kB
DirectMap2M:     3938304 kB


CPU:total 4 (2 cores per cpu, 2 threads per core) family 6 model 58 stepping 9, cmov, cx8, fxsr, mmx, sse, sse2, sse3, ssse3, sse4.1, sse4.2, popcnt, avx, aes, clmul, erms, ht, tsc, tscinvbit, tscinv

/proc/cpuinfo:
processor	: 0
vendor_id	: GenuineIntel
cpu family	: 6
model		: 58
model name	: Intel(R) Core(TM) i5-3210M CPU @ 2.50GHz
stepping	: 9
microcode	: 0x12
cpu MHz		: 2968.945
cache size	: 3072 KB
physical id	: 0
siblings	: 4
core id		: 0
cpu cores	: 2
apicid		: 0
initial apicid	: 0
fpu		: yes
fpu_exception	: yes
cpuid level	: 13
wp		: yes
flags		: fpu vme de pse tsc msr pae mce cx8 apic sep mtrr pge mca cmov pat pse36 clflush dts acpi mmx fxsr sse sse2 ss ht tm pbe syscall nx rdtscp lm constant_tsc arch_perfmon pebs bts rep_good nopl xtopology nonstop_tsc aperfmperf eagerfpu pni pclmulqdq dtes64 monitor ds_cpl vmx est tm2 ssse3 cx16 xtpr pdcm pcid sse4_1 sse4_2 x2apic popcnt tsc_deadline_timer aes xsave avx f16c rdrand lahf_lm ida arat epb xsaveopt pln pts dtherm tpr_shadow vnmi flexpriority ept vpid fsgsbase smep erms
bogomips	: 4988.63
clflush size	: 64
cache_alignment	: 64
address sizes	: 36 bits physical, 48 bits virtual
power management:

processor	: 1
vendor_id	: GenuineIntel
cpu family	: 6
model		: 58
model name	: Intel(R) Core(TM) i5-3210M CPU @ 2.50GHz
stepping	: 9
microcode	: 0x12
cpu MHz		: 2954.394
cache size	: 3072 KB
physical id	: 0
siblings	: 4
core id		: 0
cpu cores	: 2
apicid		: 1
initial apicid	: 1
fpu		: yes
fpu_exception	: yes
cpuid level	: 13
wp		: yes
flags		: fpu vme de pse tsc msr pae mce cx8 apic sep mtrr pge mca cmov pat pse36 clflush dts acpi mmx fxsr sse sse2 ss ht tm pbe syscall nx rdtscp lm constant_tsc arch_perfmon pebs bts rep_good nopl xtopology nonstop_tsc aperfmperf eagerfpu pni pclmulqdq dtes64 monitor ds_cpl vmx est tm2 ssse3 cx16 xtpr pdcm pcid sse4_1 sse4_2 x2apic popcnt tsc_deadline_timer aes xsave avx f16c rdrand lahf_lm ida arat epb xsaveopt pln pts dtherm tpr_shadow vnmi flexpriority ept vpid fsgsbase smep erms
bogomips	: 4988.63
clflush size	: 64
cache_alignment	: 64
address sizes	: 36 bits physical, 48 bits virtual
power management:

processor	: 2
vendor_id	: GenuineIntel
cpu family	: 6
model		: 58
model name	: Intel(R) Core(TM) i5-3210M CPU @ 2.50GHz
stepping	: 9
microcode	: 0x12
cpu MHz		: 2872.070
cache size	: 3072 KB
physical id	: 0
siblings	: 4
core id		: 1
cpu cores	: 2
apicid		: 2
initial apicid	: 2
fpu		: yes
fpu_exception	: yes
cpuid level	: 13
wp		: yes
flags		: fpu vme de pse tsc msr pae mce cx8 apic sep mtrr pge mca cmov pat pse36 clflush dts acpi mmx fxsr sse sse2 ss ht tm pbe syscall nx rdtscp lm constant_tsc arch_perfmon pebs bts rep_good nopl xtopology nonstop_tsc aperfmperf eagerfpu pni pclmulqdq dtes64 monitor ds_cpl vmx est tm2 ssse3 cx16 xtpr pdcm pcid sse4_1 sse4_2 x2apic popcnt tsc_deadline_timer aes xsave avx f16c rdrand lahf_lm ida arat epb xsaveopt pln pts dtherm tpr_shadow vnmi flexpriority ept vpid fsgsbase smep erms
bogomips	: 4988.63
clflush size	: 64
cache_alignment	: 64
address sizes	: 36 bits physical, 48 bits virtual
power management:

processor	: 3
vendor_id	: GenuineIntel
cpu family	: 6
model		: 58
model name	: Intel(R) Core(TM) i5-3210M CPU @ 2.50GHz
stepping	: 9
microcode	: 0x12
cpu MHz		: 2914.648
cache size	: 3072 KB
physical id	: 0
siblings	: 4
core id		: 1
cpu cores	: 2
apicid		: 3
initial apicid	: 3
fpu		: yes
fpu_exception	: yes
cpuid level	: 13
wp		: yes
flags		: fpu vme de pse tsc msr pae mce cx8 apic sep mtrr pge mca cmov pat pse36 clflush dts acpi mmx fxsr sse sse2 ss ht tm pbe syscall nx rdtscp lm constant_tsc arch_perfmon pebs bts rep_good nopl xtopology nonstop_tsc aperfmperf eagerfpu pni pclmulqdq dtes64 monitor ds_cpl vmx est tm2 ssse3 cx16 xtpr pdcm pcid sse4_1 sse4_2 x2apic popcnt tsc_deadline_timer aes xsave avx f16c rdrand lahf_lm ida arat epb xsaveopt pln pts dtherm tpr_shadow vnmi flexpriority ept vpid fsgsbase smep erms
bogomips	: 4988.63
clflush size	: 64
cache_alignment	: 64
address sizes	: 36 bits physical, 48 bits virtual
power management:



Memory: 4k page, physical 3891224k(1368632k free), swap 4036604k(2641332k free)

vm_info: Java HotSpot(TM) 64-Bit Server VM (25.45-b02) for linux-amd64 JRE (1.8.0_45-b14), built on Apr 10 2015 10:07:45 by "java_re" with gcc 4.3.0 20080428 (Red Hat 4.3.0-8)

time: Sun Nov 29 19:22:02 2015
elapsed time: 33 seconds (0d 0h 0m 33s)

