#
# A fatal error has been detected by the Java Runtime Environment:
#
#  SIGSEGV (0xb) at pc=0x00007f5f5b510522, pid=14150, tid=140048819316480
#
# JRE version: Java(TM) SE Runtime Environment (8.0_45-b14) (build 1.8.0_45-b14)
# Java VM: Java HotSpot(TM) 64-Bit Server VM (25.45-b02 mixed mode linux-amd64 compressed oops)
# Problematic frame:
# C  [i965_dri.so+0x2fb522]
#
# Failed to write core dump. Core dumps have been disabled. To enable core dumping, try "ulimit -c unlimited" before starting Java again
#
# If you would like to submit a bug report, please visit:
#   http://bugreport.java.com/bugreport/crash.jsp
# The crash happened outside the Java Virtual Machine in native code.
# See problematic frame for where to report the bug.
#

---------------  T H R E A D  ---------------

Current thread (0x00007f5f74001000):  JavaThread "AWT-EventQueue-1" [_thread_in_native, id=14177, stack(0x00007f5fa8106000,0x00007f5fa8207000)]

siginfo: si_signo: 11 (SIGSEGV), si_code: 1 (SEGV_MAPERR), si_addr: 0x000000000000c540

Registers:
RAX=0x00007f5f5b510510, RBX=0x000000000000c000, RCX=0x0000000000000000, RDX=0x0000000000000001
RSP=0x00007f5fa8204500, RBP=0x0000000000000000, RSI=0x00007f5f70fc8240, RDI=0x0000000100000000
R8 =0x0000000000000000, R9 =0x00007f5f6aa7e710, R10=0x00007f5fc07a2247, R11=0x00007f5fbf5ad000
R12=0x00007f5f6413b130, R13=0x00007f5f64138c40, R14=0x00007f5f6413c320, R15=0x0000000000000000
RIP=0x00007f5f5b510522, EFLAGS=0x0000000000010206, CSGSFS=0x0000000000000033, ERR=0x0000000000000004
  TRAPNO=0x000000000000000e

Top of Stack: (sp=0x00007f5fa8204500)
0x00007f5fa8204500:   0000000000000000 00007f5f70fc8150
0x00007f5fa8204510:   0000000000000000 00007f5f6413b130
0x00007f5fa8204520:   00007f5f64138c40 00007f5f6aa7e7b2
0x00007f5fa8204530:   00007f5fa8204560 00007f5f00000000
0x00007f5fa8204540:   0000000000000000 0000000000000000
0x00007f5fa8204550:   0000000001c00053 00007f5f6aa4fb31
0x00007f5fa8204560:   00007f5f70fc8150 99339a84329fe600
0x00007f5fa8204570:   0000000001c00053 00007f5f6aa4fb60
0x00007f5fa8204580:   00007f5fa82045f0 0000000000000000
0x00007f5fa8204590:   0000000000000001 00007f5fa8204630
0x00007f5fa82045a0:   00007f5f74001000 00007f5f6918c849
0x00007f5fa82045b0:   00007f5fa8204898 00007f5f6aa4fb60
0x00007f5fa82045c0:   0000000001c00053 00007f5f6412b880
0x00007f5fa82045d0:   00007f5fa8204630 00007f5f740011f8
0x00007f5fa82045e0:   00007f5fa8204848 00007f5f6aa4fb60
0x00007f5fa82045f0:   00007f5fa8204640 00007f5fc07a22bd
0x00007f5fa8204600:   00000000ed0a1d90 00000000ed0a1de0
0x00007f5fa8204610:   00000000ed0a1dd0 0000000000000003
0x00007f5fa8204620:   00000000ed0a1df0 00000000ed0a1e40
0x00007f5fa8204630:   00000000c555eaf0 00000000ed0a1e50
0x00007f5fa8204640:   00007f5fa8204898 00007f5fc05e8894
0x00007f5fa8204650:   00007f5fbf5ad000 00000000c569a420
0x00007f5fa8204660:   00000000ed0a1f38 00000000c569a400
0x00007f5fa8204670:   00007f5fa8204850 00007f5fc018f0c3
0x00007f5fa8204680:   00007f5fa8204898 00007f5fc051d6b4
0x00007f5fa8204690:   00007f5fa8204898 00007f5fa8204850
0x00007f5fa82046a0:   00007f5fa8204850 00007f5fc018f0c3
0x00007f5fa82046b0:   00007f5fc01735d0 00007f5f00000000
0x00007f5fa82046c0:   00007f5fa8204898 00007f5fa8204850
0x00007f5fa82046d0:   00007f5fa8204850 00007f5fc018f0c3
0x00007f5fa82046e0:   00007f5fc01735d0 00000000c56938e8
0x00007f5fa82046f0:   00007f5f00000001 00007f5fa8204850 

Instructions: (pc=0x00007f5f5b510522)
0x00007f5f5b510502:   41 5c c3 66 66 2e 0f 1f 84 00 00 00 00 00 41 55
0x00007f5f5b510512:   41 54 55 53 48 83 ec 08 48 8b 1f 48 85 db 74 41
0x00007f5f5b510522:   f6 83 40 05 00 00 01 89 cd 41 89 d5 49 89 f4 75
0x00007f5f5b510532:   75 41 83 e5 01 75 5f 83 e5 fd 74 32 48 8d 35 bb 

Register to memory mapping:

RAX=0x00007f5f5b510510: <offset 0x2fb510> in /usr/lib/x86_64-linux-gnu/dri/i965_dri.so at 0x00007f5f5b215000
RBX=0x000000000000c000 is an unknown value
RCX=0x0000000000000000 is an unknown value
RDX=0x0000000000000001 is an unknown value
RSP=0x00007f5fa8204500 is pointing into the stack for thread: 0x00007f5f74001000
RBP=0x0000000000000000 is an unknown value
RSI=0x00007f5f70fc8240 is an unknown value
RDI=0x0000000100000000 is pointing into metadata
R8 =0x0000000000000000 is an unknown value
R9 =0x00007f5f6aa7e710: <offset 0x4b710> in /usr/lib/x86_64-linux-gnu/mesa/libGL.so.1 at 0x00007f5f6aa33000
R10=0x00007f5fc07a2247 is at entry_point+71 in (nmethod*)0x00007f5fc07a2090
R11=0x00007f5fbf5ad000 is an unknown value
R12=0x00007f5f6413b130 is an unknown value
R13=0x00007f5f64138c40 is an unknown value
R14=0x00007f5f6413c320 is an unknown value
R15=0x0000000000000000 is an unknown value


Stack: [0x00007f5fa8106000,0x00007f5fa8207000],  sp=0x00007f5fa8204500,  free space=1017k
Native frames: (J=compiled Java code, j=interpreted, Vv=VM code, C=native code)
C  [i965_dri.so+0x2fb522]

Java frames: (J=compiled Java code, j=interpreted, Vv=VM code)
J 2983  jogamp.opengl.x11.glx.GLX.dispatch_glXSwapBuffers0(JJJ)V (0 bytes) @ 0x00007f5fc07a2247 [0x00007f5fc07a2200+0x47]
J 2947 C1 jogamp.opengl.x11.glx.GLX.glXSwapBuffers(JJ)V (45 bytes) @ 0x00007f5fc05e8894 [0x00007f5fc05e7ee0+0x9b4]
J 2946 C1 jogamp.opengl.x11.glx.X11GLXDrawable.swapBuffersImpl(Z)V (21 bytes) @ 0x00007f5fc0955844 [0x00007f5fc09555a0+0x2a4]
J 2945 C1 jogamp.opengl.GLDrawableImpl.swapBuffers()V (138 bytes) @ 0x00007f5fc08b7454 [0x00007f5fc08b6da0+0x6b4]
j  javax.media.opengl.awt.GLCanvas$12.run()V+45
J 2531 C1 java.awt.event.InvocationEvent.dispatch()V (69 bytes) @ 0x00007f5fc07e928c [0x00007f5fc07e9140+0x14c]
J 2526 C1 java.awt.EventQueue.dispatchEventImpl(Ljava/awt/AWTEvent;Ljava/lang/Object;)V (149 bytes) @ 0x00007f5fc09de1bc [0x00007f5fc09dc640+0x1b7c]
J 2524 C1 java.awt.EventQueue$3.run()Ljava/lang/Void; (60 bytes) @ 0x00007f5fc06c6b44 [0x00007f5fc06c6940+0x204]
J 2523 C1 java.awt.EventQueue$3.run()Ljava/lang/Object; (5 bytes) @ 0x00007f5fc07d5b8c [0x00007f5fc07d5b00+0x8c]
v  ~StubRoutines::call_stub
J 734  java.security.AccessController.doPrivileged(Ljava/security/PrivilegedAction;Ljava/security/AccessControlContext;)Ljava/lang/Object; (0 bytes) @ 0x00007f5fc04725a3 [0x00007f5fc0472540+0x63]
J 2324 C1 java.awt.EventQueue.dispatchEvent(Ljava/awt/AWTEvent;)V (80 bytes) @ 0x00007f5fc09b1004 [0x00007f5fc09b0760+0x8a4]
J 2327 C1 java.awt.EventDispatchThread.pumpOneEventForFilters(I)V (295 bytes) @ 0x00007f5fc09c1614 [0x00007f5fc09bfac0+0x1b54]
j  java.awt.EventDispatchThread.pumpEventsForFilter(ILjava/awt/Conditional;Ljava/awt/EventFilter;)V+35
j  java.awt.EventDispatchThread.pumpEventsForHierarchy(ILjava/awt/Conditional;Ljava/awt/Component;)V+11
j  java.awt.EventDispatchThread.pumpEvents(ILjava/awt/Conditional;)V+4
j  java.awt.EventDispatchThread.pumpEvents(Ljava/awt/Conditional;)V+3
j  java.awt.EventDispatchThread.run()V+9
v  ~StubRoutines::call_stub

---------------  P R O C E S S  ---------------

Java Threads: ( => current thread )
  0x00007f5f72111000 JavaThread "Thread-56" [_thread_blocked, id=14249, stack(0x00007f5f585cb000,0x00007f5f586cc000)]
  0x00007f5f44007000 JavaThread "Image Fetcher 3" daemon [_thread_blocked, id=14216, stack(0x00007f5f42e45000,0x00007f5f42f46000)]
  0x00007f5f4c001800 JavaThread "Image Fetcher 2" daemon [_thread_blocked, id=14199, stack(0x00007f5f43106000,0x00007f5f43207000)]
  0x00007f5f50001800 JavaThread "Image Fetcher 1" daemon [_thread_blocked, id=14198, stack(0x00007f5f43207000,0x00007f5f43308000)]
  0x00007f5f48002000 JavaThread "Image Fetcher 0" daemon [_thread_blocked, id=14196, stack(0x00007f5f43975000,0x00007f5f43a76000)]
  0x00007f5f71564000 JavaThread "Keep-Alive-Timer" daemon [_thread_blocked, id=14191, stack(0x00007f5f590ce000,0x00007f5f591cf000)]
  0x00007f5f6410c000 JavaThread "Animation Thread-SharedResourceRunner" daemon [_thread_blocked, id=14187, stack(0x00007f5f6baf4000,0x00007f5f6bbf5000)]
  0x00007f5f64088800 JavaThread "process reaper" daemon [_thread_blocked, id=14182, stack(0x00007f5fbc01e000,0x00007f5fbc057000)]
  0x00007f5f74009800 JavaThread "Animation Thread" [_thread_blocked, id=14178, stack(0x00007f5fa8005000,0x00007f5fa8106000)]
=>0x00007f5f74001000 JavaThread "AWT-EventQueue-1" [_thread_in_native, id=14177, stack(0x00007f5fa8106000,0x00007f5fa8207000)]
  0x00007f5fd000a000 JavaThread "DestroyJavaVM" [_thread_blocked, id=14151, stack(0x00007f5fd60b1000,0x00007f5fd61b2000)]
  0x00007f5fd02c4800 JavaThread "AWT-EventQueue-0" [_thread_blocked, id=14174, stack(0x00007f5fa88ae000,0x00007f5fa89af000)]
  0x00007f5fd02c2800 JavaThread "AWT-Shutdown" [_thread_blocked, id=14173, stack(0x00007f5fa89af000,0x00007f5fa8ab0000)]
  0x00007f5fd02ab000 JavaThread "thread applet-module4.EarthquakeCityMap.class" [_thread_blocked, id=14172, stack(0x00007f5fa8ab0000,0x00007f5fa8bb1000)]
  0x00007f5fd029e000 JavaThread "AWT-XAWT" daemon [_thread_blocked, id=14170, stack(0x00007f5fa8bb1000,0x00007f5fa8cb2000)]
  0x00007f5fd027f800 JavaThread "Java2D Disposer" daemon [_thread_blocked, id=14169, stack(0x00007f5fa90c2000,0x00007f5fa91c3000)]
  0x00007f5fd00c8800 JavaThread "Service Thread" daemon [_thread_blocked, id=14167, stack(0x00007f5faae13000,0x00007f5faaf14000)]
  0x00007f5fd00bb800 JavaThread "C1 CompilerThread2" daemon [_thread_blocked, id=14166, stack(0x00007f5faaf14000,0x00007f5fab015000)]
  0x00007f5fd00b9800 JavaThread "C2 CompilerThread1" daemon [_thread_blocked, id=14165, stack(0x00007f5fab015000,0x00007f5fab116000)]
  0x00007f5fd00b6800 JavaThread "C2 CompilerThread0" daemon [_thread_blocked, id=14164, stack(0x00007f5fab116000,0x00007f5fab217000)]
  0x00007f5fd00b5000 JavaThread "Signal Dispatcher" daemon [_thread_blocked, id=14163, stack(0x00007f5fab217000,0x00007f5fab318000)]
  0x00007f5fd007f800 JavaThread "Finalizer" daemon [_thread_blocked, id=14162, stack(0x00007f5fab9fa000,0x00007f5fabafb000)]
  0x00007f5fd007d800 JavaThread "Reference Handler" daemon [_thread_blocked, id=14161, stack(0x00007f5fabafb000,0x00007f5fabbfc000)]

Other Threads:
  0x00007f5fd0078800 VMThread [stack: 0x00007f5fabbfc000,0x00007f5fabcfd000] [id=14160]
  0x00007f5fd00cb800 WatcherThread [stack: 0x00007f5faad12000,0x00007f5faae13000] [id=14168]

VM state:not at safepoint (normal execution)

VM Mutex/Monitor currently owned by a thread: None

Heap:
 PSYoungGen      total 58368K, used 26915K [0x00000000ec300000, 0x00000000f0b80000, 0x0000000100000000)
  eden space 45568K, 32% used [0x00000000ec300000,0x00000000ed190cb8,0x00000000eef80000)
  from space 12800K, 93% used [0x00000000efd80000,0x00000000f09382f0,0x00000000f0a00000)
  to   space 14336K, 0% used [0x00000000eef80000,0x00000000eef80000,0x00000000efd80000)
 ParOldGen       total 47104K, used 17689K [0x00000000c4800000, 0x00000000c7600000, 0x00000000ec300000)
  object space 47104K, 37% used [0x00000000c4800000,0x00000000c5946658,0x00000000c7600000)
 Metaspace       used 21652K, capacity 21915K, committed 22064K, reserved 1069056K
  class space    used 1998K, capacity 2085K, committed 2176K, reserved 1048576K

Card table byte_map: [0x00007f5fbfbd1000,0x00007f5fbfdae000] byte_map_base: 0x00007f5fbf5ad000

Marking Bits: (ParMarkBitMap*) 0x00007f5fd5583760
 Begin Bits: [0x00007f5fbd8cf000, 0x00007f5fbe7af000)
 End Bits:   [0x00007f5fbe7af000, 0x00007f5fbf68f000)

Polling page: 0x00007f5fd61ca000

CodeCache: size=245760Kb used=8862Kb max_used=8873Kb free=236897Kb
 bounds [0x00007f5fc016e000, 0x00007f5fc0a2e000, 0x00007f5fcf16e000]
 total_blobs=3511 nmethods=2541 adapters=883
 compilation: enabled

Compilation events (10 events):
Event: 20.895 Thread 0x00007f5fd00b6800 2996       4       jogamp.opengl.gl4.GL4bcImpl::glViewport (57 bytes)
Event: 20.897 Thread 0x00007f5fd00b6800 nmethod 2996 0x00007f5fc079d090 code [0x00007f5fc079d200, 0x00007f5fc079d348]
Event: 20.906 Thread 0x00007f5fd00b9800 2997       4       processing.opengl.PJOGL::viewport (35 bytes)
Event: 20.909 Thread 0x00007f5fd00b9800 nmethod 2997 0x00007f5fc079cb10 code [0x00007f5fc079cc80, 0x00007f5fc079ce48]
Event: 20.942 Thread 0x00007f5fd00b6800 2998       4       processing.opengl.PGraphicsOpenGL$IndexCache::init (82 bytes)
Event: 20.945 Thread 0x00007f5fd00b6800 nmethod 2998 0x00007f5fc0a1d290 code [0x00007f5fc0a1d420, 0x00007f5fc0a1d718]
Event: 20.966 Thread 0x00007f5fd00bb800 2999       3       java.awt.Component::isEnabled (5 bytes)
Event: 20.967 Thread 0x00007f5fd00bb800 nmethod 2999 0x00007f5fc079c750 code [0x00007f5fc079c8c0, 0x00007f5fc079cab0]
Event: 20.969 Thread 0x00007f5fd00bb800 3001       1       sun.java2d.SurfaceData::isValid (5 bytes)
Event: 20.969 Thread 0x00007f5fd00bb800 nmethod 3001 0x00007f5fc079ec90 code [0x00007f5fc079ede0, 0x00007f5fc079eef0]

GC Heap History (10 events):
Event: 8.530 GC heap before
{Heap before GC invocations=5 (full 1):
 PSYoungGen      total 33280K, used 2544K [0x00000000ec300000, 0x00000000ee600000, 0x0000000100000000)
  eden space 30720K, 0% used [0x00000000ec300000,0x00000000ec300000,0x00000000ee100000)
  from space 2560K, 99% used [0x00000000ee380000,0x00000000ee5fc0b0,0x00000000ee600000)
  to   space 2560K, 0% used [0x00000000ee100000,0x00000000ee100000,0x00000000ee380000)
 ParOldGen       total 40960K, used 17421K [0x00000000c4800000, 0x00000000c7000000, 0x00000000ec300000)
  object space 40960K, 42% used [0x00000000c4800000,0x00000000c5903568,0x00000000c7000000)
 Metaspace       used 20907K, capacity 21109K, committed 21296K, reserved 1069056K
  class space    used 1993K, capacity 2052K, committed 2176K, reserved 1048576K
Event: 8.570 GC heap after
Heap after GC invocations=5 (full 1):
 PSYoungGen      total 33280K, used 0K [0x00000000ec300000, 0x00000000ee600000, 0x0000000100000000)
  eden space 30720K, 0% used [0x00000000ec300000,0x00000000ec300000,0x00000000ee100000)
  from space 2560K, 0% used [0x00000000ee380000,0x00000000ee380000,0x00000000ee600000)
  to   space 2560K, 0% used [0x00000000ee100000,0x00000000ee100000,0x00000000ee380000)
 ParOldGen       total 47104K, used 16633K [0x00000000c4800000, 0x00000000c7600000, 0x00000000ec300000)
  object space 47104K, 35% used [0x00000000c4800000,0x00000000c583e618,0x00000000c7600000)
 Metaspace       used 20907K, capacity 21109K, committed 21296K, reserved 1069056K
  class space    used 1993K, capacity 2052K, committed 2176K, reserved 1048576K
}
Event: 10.423 GC heap before
{Heap before GC invocations=6 (full 1):
 PSYoungGen      total 33280K, used 30720K [0x00000000ec300000, 0x00000000ee600000, 0x0000000100000000)
  eden space 30720K, 100% used [0x00000000ec300000,0x00000000ee100000,0x00000000ee100000)
  from space 2560K, 0% used [0x00000000ee380000,0x00000000ee380000,0x00000000ee600000)
  to   space 2560K, 0% used [0x00000000ee100000,0x00000000ee100000,0x00000000ee380000)
 ParOldGen       total 47104K, used 16633K [0x00000000c4800000, 0x00000000c7600000, 0x00000000ec300000)
  object space 47104K, 35% used [0x00000000c4800000,0x00000000c583e618,0x00000000c7600000)
 Metaspace       used 21138K, capacity 21371K, committed 21552K, reserved 1069056K
  class space    used 1994K, capacity 2053K, committed 2176K, reserved 1048576K
Event: 10.425 GC heap after
Heap after GC invocations=6 (full 1):
 PSYoungGen      total 33280K, used 2528K [0x00000000ec300000, 0x00000000f0d00000, 0x0000000100000000)
  eden space 30720K, 0% used [0x00000000ec300000,0x00000000ec300000,0x00000000ee100000)
  from space 2560K, 98% used [0x00000000ee100000,0x00000000ee3780a0,0x00000000ee380000)
  to   space 12800K, 0% used [0x00000000f0080000,0x00000000f0080000,0x00000000f0d00000)
 ParOldGen       total 47104K, used 17665K [0x00000000c4800000, 0x00000000c7600000, 0x00000000ec300000)
  object space 47104K, 37% used [0x00000000c4800000,0x00000000c5940658,0x00000000c7600000)
 Metaspace       used 21138K, capacity 21371K, committed 21552K, reserved 1069056K
  class space    used 1994K, capacity 2053K, committed 2176K, reserved 1048576K
}
Event: 12.740 GC heap before
{Heap before GC invocations=7 (full 1):
 PSYoungGen      total 33280K, used 33248K [0x00000000ec300000, 0x00000000f0d00000, 0x0000000100000000)
  eden space 30720K, 100% used [0x00000000ec300000,0x00000000ee100000,0x00000000ee100000)
  from space 2560K, 98% used [0x00000000ee100000,0x00000000ee3780a0,0x00000000ee380000)
  to   space 12800K, 0% used [0x00000000f0080000,0x00000000f0080000,0x00000000f0d00000)
 ParOldGen       total 47104K, used 17665K [0x00000000c4800000, 0x00000000c7600000, 0x00000000ec300000)
  object space 47104K, 37% used [0x00000000c4800000,0x00000000c5940658,0x00000000c7600000)
 Metaspace       used 21337K, capacity 21499K, committed 21808K, reserved 1069056K
  class space    used 1995K, capacity 2053K, committed 2176K, reserved 1048576K
Event: 12.745 GC heap after
Heap after GC invocations=7 (full 1):
 PSYoungGen      total 58880K, used 3920K [0x00000000ec300000, 0x00000000f0a80000, 0x0000000100000000)
  eden space 48640K, 0% used [0x00000000ec300000,0x00000000ec300000,0x00000000ef280000)
  from space 10240K, 38% used [0x00000000f0080000,0x00000000f0454110,0x00000000f0a80000)
  to   space 12288K, 0% used [0x00000000ef280000,0x00000000ef280000,0x00000000efe80000)
 ParOldGen       total 47104K, used 17673K [0x00000000c4800000, 0x00000000c7600000, 0x00000000ec300000)
  object space 47104K, 37% used [0x00000000c4800000,0x00000000c5942658,0x00000000c7600000)
 Metaspace       used 21337K, capacity 21499K, committed 21808K, reserved 1069056K
  class space    used 1995K, capacity 2053K, committed 2176K, reserved 1048576K
}
Event: 15.656 GC heap before
{Heap before GC invocations=8 (full 1):
 PSYoungGen      total 58880K, used 52560K [0x00000000ec300000, 0x00000000f0a80000, 0x0000000100000000)
  eden space 48640K, 100% used [0x00000000ec300000,0x00000000ef280000,0x00000000ef280000)
  from space 10240K, 38% used [0x00000000f0080000,0x00000000f0454110,0x00000000f0a80000)
  to   space 12288K, 0% used [0x00000000ef280000,0x00000000ef280000,0x00000000efe80000)
 ParOldGen       total 47104K, used 17673K [0x00000000c4800000, 0x00000000c7600000, 0x00000000ec300000)
  object space 47104K, 37% used [0x00000000c4800000,0x00000000c5942658,0x00000000c7600000)
 Metaspace       used 21572K, capacity 21755K, committed 22064K, reserved 1069056K
  class space    used 1995K, capacity 2053K, committed 2176K, reserved 1048576K
Event: 15.662 GC heap after
Heap after GC invocations=8 (full 1):
 PSYoungGen      total 55296K, used 7936K [0x00000000ec300000, 0x00000000f0a00000, 0x0000000100000000)
  eden space 47104K, 0% used [0x00000000ec300000,0x00000000ec300000,0x00000000ef100000)
  from space 8192K, 96% used [0x00000000ef280000,0x00000000efa401f0,0x00000000efa80000)
  to   space 12800K, 0% used [0x00000000efd80000,0x00000000efd80000,0x00000000f0a00000)
 ParOldGen       total 47104K, used 17681K [0x00000000c4800000, 0x00000000c7600000, 0x00000000ec300000)
  object space 47104K, 37% used [0x00000000c4800000,0x00000000c5944658,0x00000000c7600000)
 Metaspace       used 21572K, capacity 21755K, committed 22064K, reserved 1069056K
  class space    used 1995K, capacity 2053K, committed 2176K, reserved 1048576K
}
Event: 18.959 GC heap before
{Heap before GC invocations=9 (full 1):
 PSYoungGen      total 55296K, used 55040K [0x00000000ec300000, 0x00000000f0a00000, 0x0000000100000000)
  eden space 47104K, 100% used [0x00000000ec300000,0x00000000ef100000,0x00000000ef100000)
  from space 8192K, 96% used [0x00000000ef280000,0x00000000efa401f0,0x00000000efa80000)
  to   space 12800K, 0% used [0x00000000efd80000,0x00000000efd80000,0x00000000f0a00000)
 ParOldGen       total 47104K, used 17681K [0x00000000c4800000, 0x00000000c7600000, 0x00000000ec300000)
  object space 47104K, 37% used [0x00000000c4800000,0x00000000c5944658,0x00000000c7600000)
 Metaspace       used 21640K, capacity 21883K, committed 22064K, reserved 1069056K
  class space    used 1995K, capacity 2053K, committed 2176K, reserved 1048576K
Event: 18.966 GC heap after
Heap after GC invocations=9 (full 1):
 PSYoungGen      total 58368K, used 12000K [0x00000000ec300000, 0x00000000f0b80000, 0x0000000100000000)
  eden space 45568K, 0% used [0x00000000ec300000,0x00000000ec300000,0x00000000eef80000)
  from space 12800K, 93% used [0x00000000efd80000,0x00000000f09382f0,0x00000000f0a00000)
  to   space 14336K, 0% used [0x00000000eef80000,0x00000000eef80000,0x00000000efd80000)
 ParOldGen       total 47104K, used 17689K [0x00000000c4800000, 0x00000000c7600000, 0x00000000ec300000)
  object space 47104K, 37% used [0x00000000c4800000,0x00000000c5946658,0x00000000c7600000)
 Metaspace       used 21640K, capacity 21883K, committed 22064K, reserved 1069056K
  class space    used 1995K, capacity 2053K, committed 2176K, reserved 1048576K
}

Deoptimization events (10 events):
Event: 7.696 Thread 0x00007f5f74001000 Uncommon trap: reason=unstable_if action=reinterpret pc=0x00007f5fc0564830 method=java.lang.String.trim()Ljava/lang/String; @ 15
Event: 7.729 Thread 0x00007f5f74001000 Uncommon trap: reason=class_check action=maybe_recompile pc=0x00007f5fc06b6958 method=com.jogamp.common.nio.Buffers.getDirectBufferByteOffset(Ljava/lang/Object;)I @ 42
Event: 7.741 Thread 0x00007f5f74001000 Uncommon trap: reason=class_check action=maybe_recompile pc=0x00007f5fc06b6958 method=com.jogamp.common.nio.Buffers.getDirectBufferByteOffset(Ljava/lang/Object;)I @ 42
Event: 7.741 Thread 0x00007f5f74001000 Uncommon trap: reason=class_check action=maybe_recompile pc=0x00007f5fc06b6958 method=com.jogamp.common.nio.Buffers.getDirectBufferByteOffset(Ljava/lang/Object;)I @ 42
Event: 7.741 Thread 0x00007f5f74001000 Uncommon trap: reason=unstable_if action=reinterpret pc=0x00007f5fc06fcebc method=processing.opengl.PGraphicsOpenGL$InGeometry.addVertex(FFFIFFFFFIFIIIFIZ)I @ 218
Event: 7.884 Thread 0x00007f5f74001000 Uncommon trap: reason=unstable_if action=reinterpret pc=0x00007f5fc0714194 method=processing.opengl.PGraphicsOpenGL$Tessellator.addLineSegment3D(III[SZ)I @ 67
Event: 11.056 Thread 0x00007f5f74001000 Uncommon trap: reason=unstable_if action=reinterpret pc=0x00007f5fc08e4e44 method=de.fhpotsdam.unfolding.core.Coordinate.equals(Ljava/lang/Object;)Z @ 38
Event: 12.758 Thread 0x00007f5f74001000 Uncommon trap: reason=unstable_if action=reinterpret pc=0x00007f5fc082a990 method=java.text.DigitList.getDataChars(I)[C @ 13
Event: 12.758 Thread 0x00007f5f74001000 Uncommon trap: reason=unstable_if action=reinterpret pc=0x00007f5fc08632b4 method=java.text.DecimalFormat.subformat(Ljava/lang/StringBuffer;Ljava/text/Format$FieldDelegate;ZZIIII)Ljava/lang/StringBuffer; @ 753
Event: 20.968 Thread 0x00007f5fd02ab000 Uncommon trap: reason=unstable_if action=reinterpret pc=0x00007f5fc098f144 method=java.awt.font.FontRenderContext.equals(Ljava/awt/font/FontRenderContext;)Z @ 2

Internal exceptions (10 events):
Event: 1.077 Thread 0x00007f5f74001000 Implicit null exception at 0x00007f5fc02d0ff5 to 0x00007f5fc02d1345
Event: 7.553 Thread 0x00007f5f74001000 Exception <a 'java/lang/reflect/InvocationTargetException'> (0x00000000edae4c98) thrown at [/RE-WORK/workspace/8-2-build-linux-amd64/jdk8u45/3457/hotspot/src/share/vm/runtime/reflection.cpp, line 1080]
Event: 7.557 Thread 0x00007f5f74001000 Exception <a 'java/lang/reflect/InvocationTargetException'> (0x00000000edae5788) thrown at [/RE-WORK/workspace/8-2-build-linux-amd64/jdk8u45/3457/hotspot/src/share/vm/runtime/reflection.cpp, line 1080]
Event: 7.857 Thread 0x00007f5f74001000 Exception <a 'java/lang/reflect/InvocationTargetException'> (0x00000000ed01d3c8) thrown at [/RE-WORK/workspace/8-2-build-linux-amd64/jdk8u45/3457/hotspot/src/share/vm/runtime/reflection.cpp, line 1080]
Event: 7.860 Thread 0x00007f5f74001000 Exception <a 'java/lang/reflect/InvocationTargetException'> (0x00000000ed01e6e8) thrown at [/RE-WORK/workspace/8-2-build-linux-amd64/jdk8u45/3457/hotspot/src/share/vm/runtime/reflection.cpp, line 1080]
Event: 7.904 Thread 0x00007f5f74001000 Exception <a 'java/lang/reflect/InvocationTargetException'> (0x00000000ed0eb1a8) thrown at [/RE-WORK/workspace/8-2-build-linux-amd64/jdk8u45/3457/hotspot/src/share/vm/runtime/reflection.cpp, line 1080]
Event: 7.907 Thread 0x00007f5f74001000 Exception <a 'java/lang/reflect/InvocationTargetException'> (0x00000000ed0ec538) thrown at [/RE-WORK/workspace/8-2-build-linux-amd64/jdk8u45/3457/hotspot/src/share/vm/runtime/reflection.cpp, line 1080]
Event: 7.939 Thread 0x00007f5f74001000 Exception <a 'java/lang/reflect/InvocationTargetException'> (0x00000000ed170e40) thrown at [/RE-WORK/workspace/8-2-build-linux-amd64/jdk8u45/3457/hotspot/src/share/vm/runtime/reflection.cpp, line 1080]
Event: 7.940 Thread 0x00007f5f74001000 Exception <a 'java/lang/reflect/InvocationTargetException'> (0x00000000ed171448) thrown at [/RE-WORK/workspace/8-2-build-linux-amd64/jdk8u45/3457/hotspot/src/share/vm/runtime/reflection.cpp, line 1080]
Event: 7.976 Thread 0x00007f5f74001000 Exception <a 'java/lang/reflect/InvocationTargetException'> (0x00000000ed1c0b20) thrown at [/RE-WORK/workspace/8-2-build-linux-amd64/jdk8u45/3457/hotspot/src/share/vm/runtime/reflection.cpp, line 1080]

Events (10 events):
Event: 20.966 Thread 0x00007f5f72111000 Thread added: 0x00007f5f72111000
Event: 20.966 loading class sun/applet/AppletPanel$4
Event: 20.966 loading class sun/applet/AppletPanel$4 done
Event: 20.967 loading class java/awt/KeyboardFocusManager$2
Event: 20.967 loading class java/awt/KeyboardFocusManager$2 done
Event: 20.967 loading class sun/awt/SunToolkit$1
Event: 20.967 loading class sun/awt/SunToolkit$1 done
Event: 20.968 Thread 0x00007f5fd02ab000 Uncommon trap: trap_request=0xffffff65 fr.pc=0x00007f5fc098f144
Event: 20.968 Thread 0x00007f5fd02ab000 DEOPT PACKING pc=0x00007f5fc098f144 sp=0x00007f5fa8baf260
Event: 20.968 Thread 0x00007f5fd02ab000 DEOPT UNPACKING pc=0x00007f5fc0173229 sp=0x00007f5fa8baf1b8 mode 2


Dynamic libraries:
00400000-00401000 r-xp 00000000 08:02 4856071                            /usr/lib/jvm/java-8-oracle/bin/java
00600000-00601000 rw-p 00000000 08:02 4856071                            /usr/lib/jvm/java-8-oracle/bin/java
01bc4000-01c2b000 rw-p 00000000 00:00 0                                  [heap]
c4800000-c7600000 rw-p 00000000 00:00 0 
c7600000-ec300000 ---p 00000000 00:00 0 
ec300000-f0b80000 rw-p 00000000 00:00 0 
f0b80000-100000000 ---p 00000000 00:00 0 
100000000-100220000 rw-p 00000000 00:00 0 
100220000-140000000 ---p 00000000 00:00 0 
7f5f34000000-7f5f34065000 rw-p 00000000 00:00 0 
7f5f34065000-7f5f38000000 ---p 00000000 00:00 0 
7f5f38000000-7f5f38065000 rw-p 00000000 00:00 0 
7f5f38065000-7f5f3c000000 ---p 00000000 00:00 0 
7f5f3c000000-7f5f3c067000 rw-p 00000000 00:00 0 
7f5f3c067000-7f5f40000000 ---p 00000000 00:00 0 
7f5f41e85000-7f5f41ef5000 rw-s 00000000 00:04 198969                     /drm mm object (deleted)
7f5f41ef5000-7f5f41f65000 rw-s 00000000 00:04 198968                     /drm mm object (deleted)
7f5f41f65000-7f5f41fd5000 rw-s 00000000 00:04 200172                     /drm mm object (deleted)
7f5f41fd5000-7f5f42045000 rw-s 00000000 00:04 200171                     /drm mm object (deleted)
7f5f42045000-7f5f420b5000 rw-s 00000000 00:04 200823                     /drm mm object (deleted)
7f5f420b5000-7f5f42125000 rw-s 00000000 00:04 198967                     /drm mm object (deleted)
7f5f42125000-7f5f42195000 rw-s 00000000 00:04 198966                     /drm mm object (deleted)
7f5f42195000-7f5f42205000 rw-s 00000000 00:04 198488                     /drm mm object (deleted)
7f5f42205000-7f5f42275000 rw-s 00000000 00:04 198487                     /drm mm object (deleted)
7f5f42275000-7f5f422e5000 rw-s 00000000 00:04 200822                     /drm mm object (deleted)
7f5f422e5000-7f5f42355000 rw-s 00000000 00:04 200821                     /drm mm object (deleted)
7f5f42355000-7f5f423c5000 rw-s 00000000 00:04 200820                     /drm mm object (deleted)
7f5f423c5000-7f5f42435000 rw-s 00000000 00:04 200819                     /drm mm object (deleted)
7f5f42435000-7f5f424a5000 rw-s 00000000 00:04 200169                     /drm mm object (deleted)
7f5f424a5000-7f5f42515000 rw-s 00000000 00:04 200168                     /drm mm object (deleted)
7f5f42515000-7f5f42585000 rw-s 00000000 00:04 200818                     /drm mm object (deleted)
7f5f42585000-7f5f425f5000 rw-s 00000000 00:04 200817                     /drm mm object (deleted)
7f5f425f5000-7f5f42665000 rw-s 00000000 00:04 200816                     /drm mm object (deleted)
7f5f42665000-7f5f426d5000 rw-s 00000000 00:04 200815                     /drm mm object (deleted)
7f5f426d5000-7f5f42745000 rw-s 00000000 00:04 200167                     /drm mm object (deleted)
7f5f42745000-7f5f427b5000 rw-s 00000000 00:04 200814                     /drm mm object (deleted)
7f5f427b5000-7f5f42825000 rw-s 00000000 00:04 198484                     /drm mm object (deleted)
7f5f42825000-7f5f42895000 rw-s 00000000 00:04 198483                     /drm mm object (deleted)
7f5f42895000-7f5f42905000 rw-s 00000000 00:04 198482                     /drm mm object (deleted)
7f5f42905000-7f5f42975000 rw-s 00000000 00:04 198481                     /drm mm object (deleted)
7f5f42975000-7f5f429e5000 rw-s 00000000 00:04 200813                     /drm mm object (deleted)
7f5f429e5000-7f5f42a55000 rw-s 00000000 00:04 198480                     /drm mm object (deleted)
7f5f42a55000-7f5f42ac5000 rw-s 00000000 00:04 200166                     /drm mm object (deleted)
7f5f42ac5000-7f5f42b35000 rw-s 00000000 00:04 200165                     /drm mm object (deleted)
7f5f42b35000-7f5f42ba5000 rw-s 00000000 00:04 198965                     /drm mm object (deleted)
7f5f42ba5000-7f5f42c15000 rw-s 00000000 00:04 198479                     /drm mm object (deleted)
7f5f42c15000-7f5f42c85000 rw-s 00000000 00:04 200164                     /drm mm object (deleted)
7f5f42c85000-7f5f42cf5000 rw-s 00000000 00:04 198478                     /drm mm object (deleted)
7f5f42cf5000-7f5f42d65000 rw-s 00000000 00:04 200803                     /drm mm object (deleted)
7f5f42d65000-7f5f42dd5000 rw-s 00000000 00:04 200802                     /drm mm object (deleted)
7f5f42dd5000-7f5f42e45000 rw-s 00000000 00:04 200801                     /drm mm object (deleted)
7f5f42e45000-7f5f42e48000 ---p 00000000 00:00 0 
7f5f42e48000-7f5f42f46000 rw-p 00000000 00:00 0                          [stack:14216]
7f5f42f46000-7f5f42fb6000 rw-s 00000000 00:04 198477                     /drm mm object (deleted)
7f5f42fb6000-7f5f43026000 rw-s 00000000 00:04 200159                     /drm mm object (deleted)
7f5f43026000-7f5f43096000 rw-s 00000000 00:04 198964                     /drm mm object (deleted)
7f5f43096000-7f5f43106000 rw-s 00000000 00:04 200778                     /drm mm object (deleted)
7f5f43106000-7f5f43109000 ---p 00000000 00:00 0 
7f5f43109000-7f5f43207000 rw-p 00000000 00:00 0                          [stack:14199]
7f5f43207000-7f5f4320a000 ---p 00000000 00:00 0 
7f5f4320a000-7f5f43308000 rw-p 00000000 00:00 0                          [stack:14198]
7f5f43308000-7f5f43588000 rw-s 00000000 00:04 200775                     /drm mm object (deleted)
7f5f43588000-7f5f43808000 rw-s 00000000 00:04 198959                     /drm mm object (deleted)
7f5f43808000-7f5f43809000 r--s 00000000 08:02 786530                     /var/cache/fontconfig/c05880de57d1f5e948fdfacc138775d9-le64.cache-4
7f5f43809000-7f5f43814000 r--s 00000000 08:02 786523                     /var/cache/fontconfig/945677eb7aeaf62f1d50efc3fb3ec7d8-le64.cache-4
7f5f43814000-7f5f4381a000 r--s 00000000 08:02 786507                     /var/cache/fontconfig/2cd17615ca594fa2959ae173292e504c-le64.cache-4
7f5f4381a000-7f5f4381b000 r--s 00000000 08:02 786541                     /var/cache/fontconfig/e7071f4a29fa870f4323321c154eba04-le64.cache-4
7f5f4381b000-7f5f4381c000 r--s 00000000 08:02 786504                     /var/cache/fontconfig/0d8c3b2ac0904cb8a57a757ad11a4a08-le64.cache-4
7f5f4381c000-7f5f43823000 r--s 00000000 08:02 786527                     /var/cache/fontconfig/a755afe4a08bf5b97852ceb7400b47bc-le64.cache-4
7f5f43823000-7f5f43824000 r--s 00000000 08:02 786526                     /var/cache/fontconfig/a6354e3ac43af67bd8d7b8e43c34e49f-le64.cache-4
7f5f43824000-7f5f43825000 r--s 00000000 08:02 786506                     /var/cache/fontconfig/1ac9eb803944fde146138c791f5cc56a-le64.cache-4
7f5f43825000-7f5f43829000 r--s 00000000 08:02 786510                     /var/cache/fontconfig/385c0604a188198f04d133e54aba7fe7-le64.cache-4
7f5f43829000-7f5f4382a000 r--s 00000000 08:02 786538                     /var/cache/fontconfig/dc05db6664285cc2f12bf69c139ae4c3-le64.cache-4
7f5f4382a000-7f5f4382c000 r--s 00000000 08:02 786520                     /var/cache/fontconfig/767a8244fc0220cfb567a839d0392e0b-le64.cache-4
7f5f4382c000-7f5f4382d000 r--s 00000000 08:02 788870                     /var/cache/fontconfig/4794a0821666d79190d59a36cb4f44b5-le64.cache-4
7f5f4382d000-7f5f43832000 r--s 00000000 08:02 786522                     /var/cache/fontconfig/8801497958630a81b71ace7c5f9b32a8-le64.cache-4
7f5f43832000-7f5f43839000 r--s 00000000 08:02 786508                     /var/cache/fontconfig/3047814df9a2f067bd2d96a2b9c36e5a-le64.cache-4
7f5f43839000-7f5f4383f000 r--s 00000000 08:02 786528                     /var/cache/fontconfig/b47c4e1ecd0709278f4910c18777a504-le64.cache-4
7f5f4383f000-7f5f43852000 r--s 00000000 08:02 786534                     /var/cache/fontconfig/d52a8644073d54c13679302ca1180695-le64.cache-4
7f5f43852000-7f5f4385b000 r--s 00000000 08:02 786511                     /var/cache/fontconfig/3f7329c5293ffd510edef78f73874cfd-le64.cache-4
7f5f4385b000-7f5f4385f000 r--s 00000000 08:02 786535                     /var/cache/fontconfig/d589a48862398ed80a3d6066f4f56f4c-le64.cache-4
7f5f43895000-7f5f43905000 rw-s 00000000 00:04 200777                     /drm mm object (deleted)
7f5f43905000-7f5f43975000 rw-s 00000000 00:04 200155                     /drm mm object (deleted)
7f5f43975000-7f5f43978000 ---p 00000000 00:00 0 
7f5f43978000-7f5f43a76000 rw-p 00000000 00:00 0                          [stack:14196]
7f5f43a76000-7f5f43b36000 rw-s 10a869000 00:05 1552                      /dev/dri/card0
7f5f43b7a000-7f5f43bea000 rw-s 00000000 00:04 198963                     /drm mm object (deleted)
7f5f43bea000-7f5f43c5a000 rw-s 00000000 00:04 200158                     /drm mm object (deleted)
7f5f43c5a000-7f5f43cca000 rw-s 00000000 00:04 198962                     /drm mm object (deleted)
7f5f43cca000-7f5f43d3a000 rw-s 00000000 00:04 200800                     /drm mm object (deleted)
7f5f43d3a000-7f5f43daa000 rw-s 00000000 00:04 200799                     /drm mm object (deleted)
7f5f43daa000-7f5f43e1a000 rw-s 00000000 00:04 200157                     /drm mm object (deleted)
7f5f43e1a000-7f5f43e8a000 rw-s 00000000 00:04 200156                     /drm mm object (deleted)
7f5f43e8a000-7f5f43efa000 rw-s 00000000 00:04 198961                     /drm mm object (deleted)
7f5f43efa000-7f5f43f6a000 rw-s 00000000 00:04 200798                     /drm mm object (deleted)
7f5f43f6a000-7f5f43f7f000 r--s 00000000 08:02 786537                     /var/cache/fontconfig/da82082e1ef13c4097208324d67c180c-le64.cache-4
7f5f43f90000-7f5f44000000 rw-s 00000000 00:04 200797                     /drm mm object (deleted)
7f5f44000000-7f5f44021000 rw-p 00000000 00:00 0 
7f5f44021000-7f5f48000000 ---p 00000000 00:00 0 
7f5f48000000-7f5f48021000 rw-p 00000000 00:00 0 
7f5f48021000-7f5f4c000000 ---p 00000000 00:00 0 
7f5f4c000000-7f5f4c021000 rw-p 00000000 00:00 0 
7f5f4c021000-7f5f50000000 ---p 00000000 00:00 0 
7f5f50000000-7f5f50021000 rw-p 00000000 00:00 0 
7f5f50021000-7f5f54000000 ---p 00000000 00:00 0 
7f5f54000000-7f5f54021000 rw-p 00000000 00:00 0 
7f5f54021000-7f5f58000000 ---p 00000000 00:00 0 
7f5f58000000-7f5f58001000 r--s 00000000 08:02 786514                     /var/cache/fontconfig/56cf4f4769d0f4abc89a4895d7bd3ae1-le64.cache-4
7f5f58001000-7f5f5800e000 r--s 00000000 08:02 786637                     /var/cache/fontconfig/e13b20fdb08344e0e664864cc2ede53d-le64.cache-4
7f5f5801a000-7f5f5808a000 rw-s 00000000 00:04 200796                     /drm mm object (deleted)
7f5f5808a000-7f5f581f6000 rw-p 00000000 00:00 0 
7f5f581f6000-7f5f5828a000 ---p 00000000 00:00 0 
7f5f5828a000-7f5f5830a000 rw-s 10a7e9000 00:05 1552                      /dev/dri/card0
7f5f5830a000-7f5f584ca000 rw-s 00000000 00:04 198467                     /drm mm object (deleted)
7f5f584ca000-7f5f584cd000 ---p 00000000 00:00 0 
7f5f584cd000-7f5f585cb000 rw-p 00000000 00:00 0 
7f5f585cb000-7f5f585ce000 ---p 00000000 00:00 0 
7f5f585ce000-7f5f586cc000 rw-p 00000000 00:00 0                          [stack:14249]
7f5f586cc000-7f5f586cf000 ---p 00000000 00:00 0 
7f5f586cf000-7f5f587cd000 rw-p 00000000 00:00 0 
7f5f587cd000-7f5f587d0000 ---p 00000000 00:00 0 
7f5f587d0000-7f5f588ce000 rw-p 00000000 00:00 0 
7f5f588ce000-7f5f5894e000 rw-s 10a769000 00:05 1552                      /dev/dri/card0
7f5f5894e000-7f5f58b0e000 rw-s 00000000 00:04 200077                     /drm mm object (deleted)
7f5f58b0e000-7f5f58bce000 rw-s 10a6a9000 00:05 1552                      /dev/dri/card0
7f5f58bce000-7f5f58e4e000 rw-s 00000000 00:04 200068                     /drm mm object (deleted)
7f5f58e4e000-7f5f590ce000 rw-s 00000000 00:04 200066                     /drm mm object (deleted)
7f5f590ce000-7f5f590d1000 ---p 00000000 00:00 0 
7f5f590d1000-7f5f591cf000 rw-p 00000000 00:00 0                          [stack:14191]
7f5f591cf000-7f5f591e6000 r-xp 00000000 08:02 2621530                    /lib/x86_64-linux-gnu/libresolv-2.19.so
7f5f591e6000-7f5f593e6000 ---p 00017000 08:02 2621530                    /lib/x86_64-linux-gnu/libresolv-2.19.so
7f5f593e6000-7f5f593e7000 r--p 00017000 08:02 2621530                    /lib/x86_64-linux-gnu/libresolv-2.19.so
7f5f593e7000-7f5f593e8000 rw-p 00018000 08:02 2621530                    /lib/x86_64-linux-gnu/libresolv-2.19.so
7f5f593e8000-7f5f593ea000 rw-p 00000000 00:00 0 
7f5f593ea000-7f5f593ef000 r-xp 00000000 08:02 2621536                    /lib/x86_64-linux-gnu/libnss_dns-2.19.so
7f5f593ef000-7f5f595ee000 ---p 00005000 08:02 2621536                    /lib/x86_64-linux-gnu/libnss_dns-2.19.so
7f5f595ee000-7f5f595ef000 r--p 00004000 08:02 2621536                    /lib/x86_64-linux-gnu/libnss_dns-2.19.so
7f5f595ef000-7f5f595f0000 rw-p 00005000 08:02 2621536                    /lib/x86_64-linux-gnu/libnss_dns-2.19.so
7f5f595f0000-7f5f595f2000 r-xp 00000000 08:02 2625700                    /lib/x86_64-linux-gnu/libnss_mdns4_minimal.so.2
7f5f595f2000-7f5f597f1000 ---p 00002000 08:02 2625700                    /lib/x86_64-linux-gnu/libnss_mdns4_minimal.so.2
7f5f597f1000-7f5f597f2000 r--p 00001000 08:02 2625700                    /lib/x86_64-linux-gnu/libnss_mdns4_minimal.so.2
7f5f597f2000-7f5f597f3000 rw-p 00002000 08:02 2625700                    /lib/x86_64-linux-gnu/libnss_mdns4_minimal.so.2
7f5f597f3000-7f5f597f6000 r-xp 00000000 08:02 2625704                    /lib/x86_64-linux-gnu/libnss_myhostname.so.2
7f5f597f6000-7f5f599f5000 ---p 00003000 08:02 2625704                    /lib/x86_64-linux-gnu/libnss_myhostname.so.2
7f5f599f5000-7f5f599f6000 r--p 00002000 08:02 2625704                    /lib/x86_64-linux-gnu/libnss_myhostname.so.2
7f5f599f6000-7f5f599f7000 rw-p 00003000 08:02 2625704                    /lib/x86_64-linux-gnu/libnss_myhostname.so.2
7f5f599f7000-7f5f59bf7000 rw-p 00000000 00:00 0 
7f5f59bf7000-7f5f59cb7000 rw-s 1093e6000 00:05 1552                      /dev/dri/card0
7f5f59cb7000-7f5f59f37000 rw-s 00000000 00:04 200006                     /drm mm object (deleted)
7f5f59f37000-7f5f5a1b7000 rw-s 00000000 00:04 198444                     /drm mm object (deleted)
7f5f5a1b7000-7f5f5a277000 rw-s 109326000 00:05 1552                      /dev/dri/card0
7f5f5a277000-7f5f5a2ae000 r-xp 00000000 08:02 4858923                    /usr/lib/x86_64-linux-gnu/libtxc_dxtn_s2tc.so.0.0.0
7f5f5a2ae000-7f5f5a4ad000 ---p 00037000 08:02 4858923                    /usr/lib/x86_64-linux-gnu/libtxc_dxtn_s2tc.so.0.0.0
7f5f5a4ad000-7f5f5a4ae000 r--p 00036000 08:02 4858923                    /usr/lib/x86_64-linux-gnu/libtxc_dxtn_s2tc.so.0.0.0
7f5f5a4ae000-7f5f5a4af000 rw-p 00037000 08:02 4858923                    /usr/lib/x86_64-linux-gnu/libtxc_dxtn_s2tc.so.0.0.0
7f5f5a4af000-7f5f5a4c7000 r-xp 00000000 08:02 2625786                    /lib/x86_64-linux-gnu/libz.so.1.2.8
7f5f5a4c7000-7f5f5a6c6000 ---p 00018000 08:02 2625786                    /lib/x86_64-linux-gnu/libz.so.1.2.8
7f5f5a6c6000-7f5f5a6c7000 r--p 00017000 08:02 2625786                    /lib/x86_64-linux-gnu/libz.so.1.2.8
7f5f5a6c7000-7f5f5a6c8000 rw-p 00018000 08:02 2625786                    /lib/x86_64-linux-gnu/libz.so.1.2.8
7f5f5a6c8000-7f5f5a6d0000 r-xp 00000000 08:02 4858718                    /usr/lib/x86_64-linux-gnu/libpciaccess.so.0.11.1
7f5f5a6d0000-7f5f5a8cf000 ---p 00008000 08:02 4858718                    /usr/lib/x86_64-linux-gnu/libpciaccess.so.0.11.1
7f5f5a8cf000-7f5f5a8d0000 r--p 00007000 08:02 4858718                    /usr/lib/x86_64-linux-gnu/libpciaccess.so.0.11.1
7f5f5a8d0000-7f5f5a8d1000 rw-p 00008000 08:02 4858718                    /usr/lib/x86_64-linux-gnu/libpciaccess.so.0.11.1
7f5f5a8d1000-7f5f5a9c1000 r-xp 00000000 08:02 4858875                    /usr/lib/x86_64-linux-gnu/libstdc++.so.6.0.20
7f5f5a9c1000-7f5f5abc1000 ---p 000f0000 08:02 4858875                    /usr/lib/x86_64-linux-gnu/libstdc++.so.6.0.20
7f5f5abc1000-7f5f5abc9000 r--p 000f0000 08:02 4858875                    /usr/lib/x86_64-linux-gnu/libstdc++.so.6.0.20
7f5f5abc9000-7f5f5abcb000 rw-p 000f8000 08:02 4858875                    /usr/lib/x86_64-linux-gnu/libstdc++.so.6.0.20
7f5f5abcb000-7f5f5abe0000 rw-p 00000000 00:00 0 
7f5f5abe0000-7f5f5abec000 r-xp 00000000 08:02 4858206                    /usr/lib/x86_64-linux-gnu/libdrm_radeon.so.1.0.1
7f5f5abec000-7f5f5adeb000 ---p 0000c000 08:02 4858206                    /usr/lib/x86_64-linux-gnu/libdrm_radeon.so.1.0.1
7f5f5adeb000-7f5f5adec000 r--p 0000b000 08:02 4858206                    /usr/lib/x86_64-linux-gnu/libdrm_radeon.so.1.0.1
7f5f5adec000-7f5f5aded000 rw-p 0000c000 08:02 4858206                    /usr/lib/x86_64-linux-gnu/libdrm_radeon.so.1.0.1
7f5f5aded000-7f5f5adf3000 r-xp 00000000 08:02 4858204                    /usr/lib/x86_64-linux-gnu/libdrm_nouveau.so.2.0.0
7f5f5adf3000-7f5f5aff2000 ---p 00006000 08:02 4858204                    /usr/lib/x86_64-linux-gnu/libdrm_nouveau.so.2.0.0
7f5f5aff2000-7f5f5aff3000 r--p 00005000 08:02 4858204                    /usr/lib/x86_64-linux-gnu/libdrm_nouveau.so.2.0.0
7f5f5aff3000-7f5f5aff4000 rw-p 00006000 08:02 4858204                    /usr/lib/x86_64-linux-gnu/libdrm_nouveau.so.2.0.0
7f5f5aff4000-7f5f5b014000 r-xp 00000000 08:02 4858202                    /usr/lib/x86_64-linux-gnu/libdrm_intel.so.1.0.0
7f5f5b014000-7f5f5b213000 ---p 00020000 08:02 4858202                    /usr/lib/x86_64-linux-gnu/libdrm_intel.so.1.0.0
7f5f5b213000-7f5f5b214000 r--p 0001f000 08:02 4858202                    /usr/lib/x86_64-linux-gnu/libdrm_intel.so.1.0.0
7f5f5b214000-7f5f5b215000 rw-p 00020000 08:02 4858202                    /usr/lib/x86_64-linux-gnu/libdrm_intel.so.1.0.0
7f5f5b215000-7f5f5b731000 r-xp 00000000 08:02 5114656                    /usr/lib/x86_64-linux-gnu/dri/i965_dri.so
7f5f5b731000-7f5f5b930000 ---p 0051c000 08:02 5114656                    /usr/lib/x86_64-linux-gnu/dri/i965_dri.so
7f5f5b930000-7f5f5b94c000 r--p 0051b000 08:02 5114656                    /usr/lib/x86_64-linux-gnu/dri/i965_dri.so
7f5f5b94c000-7f5f5b952000 rw-p 00537000 08:02 5114656                    /usr/lib/x86_64-linux-gnu/dri/i965_dri.so
7f5f5b952000-7f5f5b95d000 rw-p 00000000 00:00 0 
7f5f5b95d000-7f5f5b9c9000 r-xp 00000000 08:02 2625725                    /lib/x86_64-linux-gnu/libpcre.so.3.13.1
7f5f5b9c9000-7f5f5bbc8000 ---p 0006c000 08:02 2625725                    /lib/x86_64-linux-gnu/libpcre.so.3.13.1
7f5f5bbc8000-7f5f5bbc9000 r--p 0006b000 08:02 2625725                    /lib/x86_64-linux-gnu/libpcre.so.3.13.1
7f5f5bbc9000-7f5f5bbca000 rw-p 0006c000 08:02 2625725                    /lib/x86_64-linux-gnu/libpcre.so.3.13.1
7f5f5bbca000-7f5f5bbeb000 r-xp 00000000 08:02 2625752                    /lib/x86_64-linux-gnu/libselinux.so.1
7f5f5bbeb000-7f5f5bdea000 ---p 00021000 08:02 2625752                    /lib/x86_64-linux-gnu/libselinux.so.1
7f5f5bdea000-7f5f5bdeb000 r--p 00020000 08:02 2625752                    /lib/x86_64-linux-gnu/libselinux.so.1
7f5f5bdeb000-7f5f5bdec000 rw-p 00021000 08:02 2625752                    /lib/x86_64-linux-gnu/libselinux.so.1
7f5f5bdec000-7f5f5bdee000 rw-p 00000000 00:00 0 
7f5f5bdee000-7f5f5bdfe000 r-xp 00000000 08:02 2625516                    /lib/x86_64-linux-gnu/libudev.so.1.4.0
7f5f5bdfe000-7f5f5bffe000 ---p 00010000 08:02 2625516                    /lib/x86_64-linux-gnu/libudev.so.1.4.0
7f5f5bffe000-7f5f5bfff000 r--p 00010000 08:02 2625516                    /lib/x86_64-linux-gnu/libudev.so.1.4.0
7f5f5bfff000-7f5f5c000000 rw-p 00011000 08:02 2625516                    /lib/x86_64-linux-gnu/libudev.so.1.4.0
7f5f5c000000-7f5f5c021000 rw-p 00000000 00:00 0 
7f5f5c021000-7f5f60000000 ---p 00000000 00:00 0 
7f5f60000000-7f5f61850000 rw-p 00000000 00:00 0 
7f5f61850000-7f5f64000000 ---p 00000000 00:00 0 
7f5f64000000-7f5f6486f000 rw-p 00000000 00:00 0 
7f5f6486f000-7f5f68000000 ---p 00000000 00:00 0 
7f5f68000000-7f5f68001000 r--s 00000000 08:02 786529                     /var/cache/fontconfig/b9d506c9ac06c20b433354fa67a72993-le64.cache-4
7f5f68001000-7f5f68002000 r--s 00000000 08:02 786503                     /var/cache/fontconfig/0c9eb80ebd1c36541ebe2852d3bb0c49-le64.cache-4
7f5f68002000-7f5f68003000 r--s 00000000 08:02 786517                     /var/cache/fontconfig/62f91419b9ebdb6975e7e41ab6412357-le64.cache-4
7f5f68003000-7f5f68007000 r--s 00000000 08:02 786516                     /var/cache/fontconfig/7ef2298fde41cc6eeb7af42e48b7d293-le64.cache-4
7f5f68017000-7f5f68018000 rw-p 00000000 00:00 0 
7f5f68018000-7f5f68020000 rw-s 00000000 00:04 200067                     /drm mm object (deleted)
7f5f68020000-7f5f68028000 rw-s 00000000 00:04 198436                     /drm mm object (deleted)
7f5f68028000-7f5f68030000 rw-s 00000000 00:04 198435                     /drm mm object (deleted)
7f5f68030000-7f5f68038000 rw-s 00000000 00:04 200757                     /drm mm object (deleted)
7f5f68038000-7f5f68040000 rw-s 00000000 00:04 198935                     /drm mm object (deleted)
7f5f68040000-7f5f68048000 rw-s 00000000 00:04 198931                     /drm mm object (deleted)
7f5f68048000-7f5f68050000 rw-s 00000000 00:04 198431                     /drm mm object (deleted)
7f5f68050000-7f5f68052000 r-xp 00000000 08:02 4857968                    /usr/lib/x86_64-linux-gnu/libXinerama.so.1.0.0
7f5f68052000-7f5f68251000 ---p 00002000 08:02 4857968                    /usr/lib/x86_64-linux-gnu/libXinerama.so.1.0.0
7f5f68251000-7f5f68252000 r--p 00001000 08:02 4857968                    /usr/lib/x86_64-linux-gnu/libXinerama.so.1.0.0
7f5f68252000-7f5f68253000 rw-p 00002000 08:02 4857968                    /usr/lib/x86_64-linux-gnu/libXinerama.so.1.0.0
7f5f68253000-7f5f68298000 r-xp 00000000 08:02 4587537                    /tmp/jogamp_0000/file_cache/jln3822340653390386123/jln2349395073229435549/libjogl_mobile.so
7f5f68298000-7f5f68498000 ---p 00045000 08:02 4587537                    /tmp/jogamp_0000/file_cache/jln3822340653390386123/jln2349395073229435549/libjogl_mobile.so
7f5f68498000-7f5f68499000 rw-p 00045000 08:02 4587537                    /tmp/jogamp_0000/file_cache/jln3822340653390386123/jln2349395073229435549/libjogl_mobile.so
7f5f68499000-7f5f684a0000 r-xp 00000000 08:02 4858242                    /usr/lib/x86_64-linux-gnu/libffi.so.6.0.2
7f5f684a0000-7f5f6869f000 ---p 00007000 08:02 4858242                    /usr/lib/x86_64-linux-gnu/libffi.so.6.0.2
7f5f6869f000-7f5f686a0000 r--p 00006000 08:02 4858242                    /usr/lib/x86_64-linux-gnu/libffi.so.6.0.2
7f5f686a0000-7f5f686a1000 rw-p 00007000 08:02 4858242                    /usr/lib/x86_64-linux-gnu/libffi.so.6.0.2
7f5f686a1000-7f5f686ae000 r-xp 00000000 08:02 4849854                    /usr/lib/x86_64-linux-gnu/libgbm.so.1.0.0
7f5f686ae000-7f5f688ad000 ---p 0000d000 08:02 4849854                    /usr/lib/x86_64-linux-gnu/libgbm.so.1.0.0
7f5f688ad000-7f5f688ae000 r--p 0000c000 08:02 4849854                    /usr/lib/x86_64-linux-gnu/libgbm.so.1.0.0
7f5f688ae000-7f5f688af000 rw-p 0000d000 08:02 4849854                    /usr/lib/x86_64-linux-gnu/libgbm.so.1.0.0
7f5f688af000-7f5f688bd000 r-xp 00000000 08:02 4858976                    /usr/lib/x86_64-linux-gnu/libwayland-server.so.0.1.0
7f5f688bd000-7f5f68abd000 ---p 0000e000 08:02 4858976                    /usr/lib/x86_64-linux-gnu/libwayland-server.so.0.1.0
7f5f68abd000-7f5f68abf000 r--p 0000e000 08:02 4858976                    /usr/lib/x86_64-linux-gnu/libwayland-server.so.0.1.0
7f5f68abf000-7f5f68ac0000 rw-p 00010000 08:02 4858976                    /usr/lib/x86_64-linux-gnu/libwayland-server.so.0.1.0
7f5f68ac0000-7f5f68acb000 r-xp 00000000 08:02 4858970                    /usr/lib/x86_64-linux-gnu/libwayland-client.so.0.2.0
7f5f68acb000-7f5f68ccb000 ---p 0000b000 08:02 4858970                    /usr/lib/x86_64-linux-gnu/libwayland-client.so.0.2.0
7f5f68ccb000-7f5f68ccd000 r--p 0000b000 08:02 4858970                    /usr/lib/x86_64-linux-gnu/libwayland-client.so.0.2.0
7f5f68ccd000-7f5f68cce000 rw-p 0000d000 08:02 4858970                    /usr/lib/x86_64-linux-gnu/libwayland-client.so.0.2.0
7f5f68cce000-7f5f68cd3000 r-xp 00000000 08:02 4859022                    /usr/lib/x86_64-linux-gnu/libxcb-xfixes.so.0.0.0
7f5f68cd3000-7f5f68ed3000 ---p 00005000 08:02 4859022                    /usr/lib/x86_64-linux-gnu/libxcb-xfixes.so.0.0.0
7f5f68ed3000-7f5f68ed4000 r--p 00005000 08:02 4859022                    /usr/lib/x86_64-linux-gnu/libxcb-xfixes.so.0.0.0
7f5f68ed4000-7f5f68ed5000 rw-p 00006000 08:02 4859022                    /usr/lib/x86_64-linux-gnu/libxcb-xfixes.so.0.0.0
7f5f68ed5000-7f5f68efe000 r-xp 00000000 08:02 5114652                    /usr/lib/x86_64-linux-gnu/mesa-egl/libEGL.so.1.0.0
7f5f68efe000-7f5f690fd000 ---p 00029000 08:02 5114652                    /usr/lib/x86_64-linux-gnu/mesa-egl/libEGL.so.1.0.0
7f5f690fd000-7f5f690fe000 r--p 00028000 08:02 5114652                    /usr/lib/x86_64-linux-gnu/mesa-egl/libEGL.so.1.0.0
7f5f690fe000-7f5f690ff000 rw-p 00029000 08:02 5114652                    /usr/lib/x86_64-linux-gnu/mesa-egl/libEGL.so.1.0.0
7f5f690ff000-7f5f69100000 rw-p 00000000 00:00 0 
7f5f69100000-7f5f691a5000 r-xp 00000000 08:02 4587536                    /tmp/jogamp_0000/file_cache/jln3822340653390386123/jln2349395073229435549/libjogl_desktop.so
7f5f691a5000-7f5f693a5000 ---p 000a5000 08:02 4587536                    /tmp/jogamp_0000/file_cache/jln3822340653390386123/jln2349395073229435549/libjogl_desktop.so
7f5f693a5000-7f5f693a6000 rw-p 000a5000 08:02 4587536                    /tmp/jogamp_0000/file_cache/jln3822340653390386123/jln2349395073229435549/libjogl_desktop.so
7f5f693a6000-7f5f693b1000 r-xp 00000000 08:02 4858200                    /usr/lib/x86_64-linux-gnu/libdrm.so.2.4.0
7f5f693b1000-7f5f695b0000 ---p 0000b000 08:02 4858200                    /usr/lib/x86_64-linux-gnu/libdrm.so.2.4.0
7f5f695b0000-7f5f695b1000 r--p 0000a000 08:02 4858200                    /usr/lib/x86_64-linux-gnu/libdrm.so.2.4.0
7f5f695b1000-7f5f695b2000 rw-p 0000b000 08:02 4858200                    /usr/lib/x86_64-linux-gnu/libdrm.so.2.4.0
7f5f695b2000-7f5f695b3000 r-xp 00000000 08:02 4859034                    /usr/lib/x86_64-linux-gnu/libxshmfence.so.1.0.0
7f5f695b3000-7f5f697b2000 ---p 00001000 08:02 4859034                    /usr/lib/x86_64-linux-gnu/libxshmfence.so.1.0.0
7f5f697b2000-7f5f697b3000 r--p 00000000 08:02 4859034                    /usr/lib/x86_64-linux-gnu/libxshmfence.so.1.0.0
7f5f697b3000-7f5f697b4000 rw-p 00001000 08:02 4859034                    /usr/lib/x86_64-linux-gnu/libxshmfence.so.1.0.0
7f5f697b4000-7f5f697b9000 r-xp 00000000 08:02 4859016                    /usr/lib/x86_64-linux-gnu/libxcb-sync.so.1.0.0
7f5f697b9000-7f5f699b8000 ---p 00005000 08:02 4859016                    /usr/lib/x86_64-linux-gnu/libxcb-sync.so.1.0.0
7f5f699b8000-7f5f699b9000 r--p 00004000 08:02 4859016                    /usr/lib/x86_64-linux-gnu/libxcb-sync.so.1.0.0
7f5f699b9000-7f5f699ba000 rw-p 00005000 08:02 4859016                    /usr/lib/x86_64-linux-gnu/libxcb-sync.so.1.0.0
7f5f699ba000-7f5f699bc000 r-xp 00000000 08:02 4859008                    /usr/lib/x86_64-linux-gnu/libxcb-present.so.0.0.0
7f5f699bc000-7f5f69bbb000 ---p 00002000 08:02 4859008                    /usr/lib/x86_64-linux-gnu/libxcb-present.so.0.0.0
7f5f69bbb000-7f5f69bbc000 r--p 00001000 08:02 4859008                    /usr/lib/x86_64-linux-gnu/libxcb-present.so.0.0.0
7f5f69bbc000-7f5f69bbd000 rw-p 00002000 08:02 4859008                    /usr/lib/x86_64-linux-gnu/libxcb-present.so.0.0.0
7f5f69bbd000-7f5f69bbf000 r-xp 00000000 08:02 4858998                    /usr/lib/x86_64-linux-gnu/libxcb-dri3.so.0.0.0
7f5f69bbf000-7f5f69dbe000 ---p 00002000 08:02 4858998                    /usr/lib/x86_64-linux-gnu/libxcb-dri3.so.0.0.0
7f5f69dbe000-7f5f69dbf000 r--p 00001000 08:02 4858998                    /usr/lib/x86_64-linux-gnu/libxcb-dri3.so.0.0.0
7f5f69dbf000-7f5f69dc0000 rw-p 00002000 08:02 4858998                    /usr/lib/x86_64-linux-gnu/libxcb-dri3.so.0.0.0
7f5f69dc0000-7f5f69dc3000 r-xp 00000000 08:02 4858996                    /usr/lib/x86_64-linux-gnu/libxcb-dri2.so.0.0.0
7f5f69dc3000-7f5f69fc3000 ---p 00003000 08:02 4858996                    /usr/lib/x86_64-linux-gnu/libxcb-dri2.so.0.0.0
7f5f69fc3000-7f5f69fc4000 r--p 00003000 08:02 4858996                    /usr/lib/x86_64-linux-gnu/libxcb-dri2.so.0.0.0
7f5f69fc4000-7f5f69fc5000 rw-p 00004000 08:02 4858996                    /usr/lib/x86_64-linux-gnu/libxcb-dri2.so.0.0.0
7f5f69fc5000-7f5f69fda000 r-xp 00000000 08:02 4859000                    /usr/lib/x86_64-linux-gnu/libxcb-glx.so.0.0.0
7f5f69fda000-7f5f6a1d9000 ---p 00015000 08:02 4859000                    /usr/lib/x86_64-linux-gnu/libxcb-glx.so.0.0.0
7f5f6a1d9000-7f5f6a1db000 r--p 00014000 08:02 4859000                    /usr/lib/x86_64-linux-gnu/libxcb-glx.so.0.0.0
7f5f6a1db000-7f5f6a1dc000 rw-p 00016000 08:02 4859000                    /usr/lib/x86_64-linux-gnu/libxcb-glx.so.0.0.0
7f5f6a1dc000-7f5f6a1dd000 r-xp 00000000 08:02 4857939                    /usr/lib/x86_64-linux-gnu/libX11-xcb.so.1.0.0
7f5f6a1dd000-7f5f6a3dc000 ---p 00001000 08:02 4857939                    /usr/lib/x86_64-linux-gnu/libX11-xcb.so.1.0.0
7f5f6a3dc000-7f5f6a3dd000 r--p 00000000 08:02 4857939                    /usr/lib/x86_64-linux-gnu/libX11-xcb.so.1.0.0
7f5f6a3dd000-7f5f6a3de000 rw-p 00001000 08:02 4857939                    /usr/lib/x86_64-linux-gnu/libX11-xcb.so.1.0.0
7f5f6a3de000-7f5f6a3e0000 r-xp 00000000 08:02 4857954                    /usr/lib/x86_64-linux-gnu/libXdamage.so.1.1.0
7f5f6a3e0000-7f5f6a5df000 ---p 00002000 08:02 4857954                    /usr/lib/x86_64-linux-gnu/libXdamage.so.1.1.0
7f5f6a5df000-7f5f6a5e0000 r--p 00001000 08:02 4857954                    /usr/lib/x86_64-linux-gnu/libXdamage.so.1.1.0
7f5f6a5e0000-7f5f6a5e1000 rw-p 00002000 08:02 4857954                    /usr/lib/x86_64-linux-gnu/libXdamage.so.1.1.0
7f5f6a5e1000-7f5f6a606000 r-xp 00000000 08:02 4853342                    /usr/lib/x86_64-linux-gnu/libglapi.so.0.0.0
7f5f6a606000-7f5f6a805000 ---p 00025000 08:02 4853342                    /usr/lib/x86_64-linux-gnu/libglapi.so.0.0.0
7f5f6a805000-7f5f6a808000 r--p 00024000 08:02 4853342                    /usr/lib/x86_64-linux-gnu/libglapi.so.0.0.0
7f5f6a808000-7f5f6a809000 rw-p 00027000 08:02 4853342                    /usr/lib/x86_64-linux-gnu/libglapi.so.0.0.0
7f5f6a809000-7f5f6a80a000 rw-p 00000000 00:00 0 
7f5f6a80a000-7f5f6a830000 r-xp 00000000 08:02 2625637                    /lib/x86_64-linux-gnu/libexpat.so.1.6.0
7f5f6a830000-7f5f6aa2f000 ---p 00026000 08:02 2625637                    /lib/x86_64-linux-gnu/libexpat.so.1.6.0
7f5f6aa2f000-7f5f6aa32000 r--p 00025000 08:02 2625637                    /lib/x86_64-linux-gnu/libexpat.so.1.6.0
7f5f6aa32000-7f5f6aa33000 rw-p 00028000 08:02 2625637                    /lib/x86_64-linux-gnu/libexpat.so.1.6.0
7f5f6aa33000-7f5f6aac9000 r-xp 00000000 08:02 5113685                    /usr/lib/x86_64-linux-gnu/mesa/libGL.so.1.2.0
7f5f6aac9000-7f5f6acc8000 ---p 00096000 08:02 5113685                    /usr/lib/x86_64-linux-gnu/mesa/libGL.so.1.2.0
7f5f6acc8000-7f5f6accb000 r--p 00095000 08:02 5113685                    /usr/lib/x86_64-linux-gnu/mesa/libGL.so.1.2.0
7f5f6accb000-7f5f6accc000 rw-p 00098000 08:02 5113685                    /usr/lib/x86_64-linux-gnu/mesa/libGL.so.1.2.0
7f5f6accc000-7f5f6aecd000 rw-p 00000000 00:00 0 
7f5f6aecd000-7f5f6b0cd000 rw-p 00000000 00:00 0 
7f5f6b0cd000-7f5f6b0d4000 r-xp 00000000 08:02 4587539                    /tmp/jogamp_0000/file_cache/jln3822340653390386123/jln2349395073229435549/libnativewindow_x11.so
7f5f6b0d4000-7f5f6b2d3000 ---p 00007000 08:02 4587539                    /tmp/jogamp_0000/file_cache/jln3822340653390386123/jln2349395073229435549/libnativewindow_x11.so
7f5f6b2d3000-7f5f6b2d4000 rw-p 00006000 08:02 4587539                    /tmp/jogamp_0000/file_cache/jln3822340653390386123/jln2349395073229435549/libnativewindow_x11.so
7f5f6b2d4000-7f5f6b2d8000 r-xp 00000000 08:02 4857996                    /usr/lib/x86_64-linux-gnu/libXxf86vm.so.1.0.0
7f5f6b2d8000-7f5f6b4d8000 ---p 00004000 08:02 4857996                    /usr/lib/x86_64-linux-gnu/libXxf86vm.so.1.0.0
7f5f6b4d8000-7f5f6b4d9000 r--p 00004000 08:02 4857996                    /usr/lib/x86_64-linux-gnu/libXxf86vm.so.1.0.0
7f5f6b4d9000-7f5f6b4da000 rw-p 00005000 08:02 4857996                    /usr/lib/x86_64-linux-gnu/libXxf86vm.so.1.0.0
7f5f6b4da000-7f5f6b4db000 rw-s 00000000 00:04 200107                     /drm mm object (deleted)
7f5f6b4db000-7f5f6b4dc000 rw-s 00000000 00:04 200012                     /drm mm object (deleted)
7f5f6b4dc000-7f5f6b4dd000 rw-s 00000000 00:04 198443                     /drm mm object (deleted)
7f5f6b4dd000-7f5f6b4de000 rw-s 00000000 00:04 198432                     /drm mm object (deleted)
7f5f6b4de000-7f5f6b4df000 rw-s 00000000 00:04 198944                     /drm mm object (deleted)
7f5f6b4df000-7f5f6b4e7000 rw-s 00000000 00:04 198923                     /drm mm object (deleted)
7f5f6b4e7000-7f5f6b4ef000 rw-s 00000000 00:04 198919                     /drm mm object (deleted)
7f5f6b4ef000-7f5f6b4f1000 r-xp 00000000 08:02 4587538                    /tmp/jogamp_0000/file_cache/jln3822340653390386123/jln2349395073229435549/libnativewindow_awt.so
7f5f6b4f1000-7f5f6b6f0000 ---p 00002000 08:02 4587538                    /tmp/jogamp_0000/file_cache/jln3822340653390386123/jln2349395073229435549/libnativewindow_awt.so
7f5f6b6f0000-7f5f6b6f1000 rw-p 00001000 08:02 4587538                    /tmp/jogamp_0000/file_cache/jln3822340653390386123/jln2349395073229435549/libnativewindow_awt.so
7f5f6b6f1000-7f5f6b6f2000 r-xp 00000000 08:02 4855861                    /usr/lib/jvm/java-8-oracle/jre/lib/amd64/libjawt.so
7f5f6b6f2000-7f5f6b8f1000 ---p 00001000 08:02 4855861                    /usr/lib/jvm/java-8-oracle/jre/lib/amd64/libjawt.so
7f5f6b8f1000-7f5f6b8f2000 rw-p 00000000 08:02 4855861                    /usr/lib/jvm/java-8-oracle/jre/lib/amd64/libjawt.so
7f5f6b8f2000-7f5f6b8f4000 r-xp 00000000 08:02 4587535                    /tmp/jogamp_0000/file_cache/jln3822340653390386123/jln2349395073229435549/libgluegen-rt.so
7f5f6b8f4000-7f5f6baf3000 ---p 00002000 08:02 4587535                    /tmp/jogamp_0000/file_cache/jln3822340653390386123/jln2349395073229435549/libgluegen-rt.so
7f5f6baf3000-7f5f6baf4000 rw-p 00001000 08:02 4587535                    /tmp/jogamp_0000/file_cache/jln3822340653390386123/jln2349395073229435549/libgluegen-rt.so
7f5f6baf4000-7f5f6baf7000 ---p 00000000 00:00 0 
7f5f6baf7000-7f5f6bbf5000 rw-p 00000000 00:00 0                          [stack:14187]
7f5f6bbf5000-7f5f6bc00000 r--s 00116000 08:02 4855938                    /usr/lib/jvm/java-8-oracle/jre/lib/ext/localedata.jar
7f5f6bc00000-7f5f6be00000 rw-p 00000000 00:00 0 
7f5f6be00000-7f5f6c000000 rw-p 00000000 00:00 0 
7f5f6c000000-7f5f6c041000 rw-p 00000000 00:00 0 
7f5f6c041000-7f5f70000000 ---p 00000000 00:00 0 
7f5f70000000-7f5f727a8000 rw-p 00000000 00:00 0 
7f5f727a8000-7f5f74000000 ---p 00000000 00:00 0 
7f5f74000000-7f5f74021000 rw-p 00000000 00:00 0 
7f5f74021000-7f5f78000000 ---p 00000000 00:00 0 
7f5f78000000-7f5f78021000 rw-p 00000000 00:00 0 
7f5f78021000-7f5f7c000000 ---p 00000000 00:00 0 
7f5f7c000000-7f5f7c021000 rw-p 00000000 00:00 0 
7f5f7c021000-7f5f80000000 ---p 00000000 00:00 0 
7f5f80000000-7f5f80025000 rw-p 00000000 00:00 0 
7f5f80025000-7f5f84000000 ---p 00000000 00:00 0 
7f5f84000000-7f5f84021000 rw-p 00000000 00:00 0 
7f5f84021000-7f5f88000000 ---p 00000000 00:00 0 
7f5f88000000-7f5f88021000 rw-p 00000000 00:00 0 
7f5f88021000-7f5f8c000000 ---p 00000000 00:00 0 
7f5f8c000000-7f5f8d70f000 rw-p 00000000 00:00 0 
7f5f8d70f000-7f5f90000000 ---p 00000000 00:00 0 
7f5f90000000-7f5f906b3000 rw-p 00000000 00:00 0 
7f5f906b3000-7f5f94000000 ---p 00000000 00:00 0 
7f5f94000000-7f5f94021000 rw-p 00000000 00:00 0 
7f5f94021000-7f5f98000000 ---p 00000000 00:00 0 
7f5f98000000-7f5f99a44000 rw-p 00000000 00:00 0 
7f5f99a44000-7f5f9c000000 ---p 00000000 00:00 0 
7f5f9c000000-7f5f9c021000 rw-p 00000000 00:00 0 
7f5f9c021000-7f5fa0000000 ---p 00000000 00:00 0 
7f5fa0000000-7f5fa0021000 rw-p 00000000 00:00 0 
7f5fa0021000-7f5fa4000000 ---p 00000000 00:00 0 
7f5fa4000000-7f5fa4021000 rw-p 00000000 00:00 0 
7f5fa4021000-7f5fa8000000 ---p 00000000 00:00 0 
7f5fa8000000-7f5fa8001000 rw-s 00000000 00:04 198939                     /drm mm object (deleted)
7f5fa8001000-7f5fa8002000 rw-s 00000000 00:04 198932                     /drm mm object (deleted)
7f5fa8002000-7f5fa8003000 rwxp 00000000 00:00 0 
7f5fa8003000-7f5fa8004000 rw-s 00000000 00:04 198920                     /drm mm object (deleted)
7f5fa8004000-7f5fa8005000 r--s 0002f000 08:02 5120518                    /home/bhupendra/Coursera Java Specialization/Assignments/World-Earthquakes-View/UCSDUnfoldingMaps/lib/jogl-all-natives-linux-amd64.jar
7f5fa8005000-7f5fa8008000 ---p 00000000 00:00 0 
7f5fa8008000-7f5fa8106000 rw-p 00000000 00:00 0 
7f5fa8106000-7f5fa8109000 ---p 00000000 00:00 0 
7f5fa8109000-7f5fa8207000 rw-p 00000000 00:00 0                          [stack:14177]
7f5fa8207000-7f5fa8270000 r-xp 00000000 08:02 4855882                    /usr/lib/jvm/java-8-oracle/jre/lib/amd64/libt2k.so
7f5fa8270000-7f5fa846f000 ---p 00069000 08:02 4855882                    /usr/lib/jvm/java-8-oracle/jre/lib/amd64/libt2k.so
7f5fa846f000-7f5fa8476000 rw-p 00068000 08:02 4855882                    /usr/lib/jvm/java-8-oracle/jre/lib/amd64/libt2k.so
7f5fa8476000-7f5fa8486000 rw-p 00000000 00:00 0 
7f5fa8486000-7f5fa8497000 r-xp 00000000 08:02 4855860                    /usr/lib/jvm/java-8-oracle/jre/lib/amd64/libnio.so
7f5fa8497000-7f5fa8696000 ---p 00011000 08:02 4855860                    /usr/lib/jvm/java-8-oracle/jre/lib/amd64/libnio.so
7f5fa8696000-7f5fa8697000 rw-p 00010000 08:02 4855860                    /usr/lib/jvm/java-8-oracle/jre/lib/amd64/libnio.so
7f5fa8697000-7f5fa86ad000 r-xp 00000000 08:02 4855886                    /usr/lib/jvm/java-8-oracle/jre/lib/amd64/libnet.so
7f5fa86ad000-7f5fa88ad000 ---p 00016000 08:02 4855886                    /usr/lib/jvm/java-8-oracle/jre/lib/amd64/libnet.so
7f5fa88ad000-7f5fa88ae000 rw-p 00016000 08:02 4855886                    /usr/lib/jvm/java-8-oracle/jre/lib/amd64/libnet.so
7f5fa88ae000-7f5fa88b1000 ---p 00000000 00:00 0 
7f5fa88b1000-7f5fa89af000 rw-p 00000000 00:00 0                          [stack:14174]
7f5fa89af000-7f5fa89b2000 ---p 00000000 00:00 0 
7f5fa89b2000-7f5fa8ab0000 rw-p 00000000 00:00 0                          [stack:14173]
7f5fa8ab0000-7f5fa8ab3000 ---p 00000000 00:00 0 
7f5fa8ab3000-7f5fa8bb1000 rw-p 00000000 00:00 0                          [stack:14172]
7f5fa8bb1000-7f5fa8bb4000 ---p 00000000 00:00 0 
7f5fa8bb4000-7f5fa8cb2000 rw-p 00000000 00:00 0                          [stack:14170]
7f5fa8cb2000-7f5fa8cb7000 r-xp 00000000 08:02 4857960                    /usr/lib/x86_64-linux-gnu/libXfixes.so.3.1.0
7f5fa8cb7000-7f5fa8eb6000 ---p 00005000 08:02 4857960                    /usr/lib/x86_64-linux-gnu/libXfixes.so.3.1.0
7f5fa8eb6000-7f5fa8eb7000 r--p 00004000 08:02 4857960                    /usr/lib/x86_64-linux-gnu/libXfixes.so.3.1.0
7f5fa8eb7000-7f5fa8eb8000 rw-p 00005000 08:02 4857960                    /usr/lib/x86_64-linux-gnu/libXfixes.so.3.1.0
7f5fa8eb8000-7f5fa8ec1000 r-xp 00000000 08:02 4857952                    /usr/lib/x86_64-linux-gnu/libXcursor.so.1.0.2
7f5fa8ec1000-7f5fa90c0000 ---p 00009000 08:02 4857952                    /usr/lib/x86_64-linux-gnu/libXcursor.so.1.0.2
7f5fa90c0000-7f5fa90c1000 r--p 00008000 08:02 4857952                    /usr/lib/x86_64-linux-gnu/libXcursor.so.1.0.2
7f5fa90c1000-7f5fa90c2000 rw-p 00009000 08:02 4857952                    /usr/lib/x86_64-linux-gnu/libXcursor.so.1.0.2
7f5fa90c2000-7f5fa90c5000 ---p 00000000 00:00 0 
7f5fa90c5000-7f5fa91c3000 rw-p 00000000 00:00 0                          [stack:14169]
7f5fa91c3000-7f5fa91d9000 r-xp 00000000 08:02 2625642                    /lib/x86_64-linux-gnu/libgcc_s.so.1
7f5fa91d9000-7f5fa93d8000 ---p 00016000 08:02 2625642                    /lib/x86_64-linux-gnu/libgcc_s.so.1
7f5fa93d8000-7f5fa93d9000 r--p 00015000 08:02 2625642                    /lib/x86_64-linux-gnu/libgcc_s.so.1
7f5fa93d9000-7f5fa93da000 rw-p 00016000 08:02 2625642                    /lib/x86_64-linux-gnu/libgcc_s.so.1
7f5fa93da000-7f5fa943f000 r-xp 00000000 08:02 4855916                    /usr/lib/jvm/java-8-oracle/jre/lib/amd64/libfontmanager.so
7f5fa943f000-7f5fa963e000 ---p 00065000 08:02 4855916                    /usr/lib/jvm/java-8-oracle/jre/lib/amd64/libfontmanager.so
7f5fa963e000-7f5fa9643000 rw-p 00064000 08:02 4855916                    /usr/lib/jvm/java-8-oracle/jre/lib/amd64/libfontmanager.so
7f5fa9643000-7f5fa9653000 rw-p 00000000 00:00 0 
7f5fa9653000-7f5fa9658000 r-xp 00000000 08:02 4857956                    /usr/lib/x86_64-linux-gnu/libXdmcp.so.6.0.0
7f5fa9658000-7f5fa9857000 ---p 00005000 08:02 4857956                    /usr/lib/x86_64-linux-gnu/libXdmcp.so.6.0.0
7f5fa9857000-7f5fa9858000 r--p 00004000 08:02 4857956                    /usr/lib/x86_64-linux-gnu/libXdmcp.so.6.0.0
7f5fa9858000-7f5fa9859000 rw-p 00005000 08:02 4857956                    /usr/lib/x86_64-linux-gnu/libXdmcp.so.6.0.0
7f5fa9859000-7f5fa985b000 r-xp 00000000 08:02 4857945                    /usr/lib/x86_64-linux-gnu/libXau.so.6.0.0
7f5fa985b000-7f5fa9a5b000 ---p 00002000 08:02 4857945                    /usr/lib/x86_64-linux-gnu/libXau.so.6.0.0
7f5fa9a5b000-7f5fa9a5c000 r--p 00002000 08:02 4857945                    /usr/lib/x86_64-linux-gnu/libXau.so.6.0.0
7f5fa9a5c000-7f5fa9a5d000 rw-p 00003000 08:02 4857945                    /usr/lib/x86_64-linux-gnu/libXau.so.6.0.0
7f5fa9a5d000-7f5fa9a7a000 r-xp 00000000 08:02 4859026                    /usr/lib/x86_64-linux-gnu/libxcb.so.1.1.0
7f5fa9a7a000-7f5fa9c7a000 ---p 0001d000 08:02 4859026                    /usr/lib/x86_64-linux-gnu/libxcb.so.1.1.0
7f5fa9c7a000-7f5fa9c7b000 r--p 0001d000 08:02 4859026                    /usr/lib/x86_64-linux-gnu/libxcb.so.1.1.0
7f5fa9c7b000-7f5fa9c7c000 rw-p 0001e000 08:02 4859026                    /usr/lib/x86_64-linux-gnu/libxcb.so.1.1.0
7f5fa9c7c000-7f5fa9c8b000 r-xp 00000000 08:02 4857966                    /usr/lib/x86_64-linux-gnu/libXi.so.6.1.0
7f5fa9c8b000-7f5fa9e8a000 ---p 0000f000 08:02 4857966                    /usr/lib/x86_64-linux-gnu/libXi.so.6.1.0
7f5fa9e8a000-7f5fa9e8b000 r--p 0000e000 08:02 4857966                    /usr/lib/x86_64-linux-gnu/libXi.so.6.1.0
7f5fa9e8b000-7f5fa9e8c000 rw-p 0000f000 08:02 4857966                    /usr/lib/x86_64-linux-gnu/libXi.so.6.1.0
7f5fa9e8c000-7f5fa9e91000 r-xp 00000000 08:02 4857986                    /usr/lib/x86_64-linux-gnu/libXtst.so.6.1.0
7f5fa9e91000-7f5faa090000 ---p 00005000 08:02 4857986                    /usr/lib/x86_64-linux-gnu/libXtst.so.6.1.0
7f5faa090000-7f5faa091000 r--p 00004000 08:02 4857986                    /usr/lib/x86_64-linux-gnu/libXtst.so.6.1.0
7f5faa091000-7f5faa092000 rw-p 00005000 08:02 4857986                    /usr/lib/x86_64-linux-gnu/libXtst.so.6.1.0
7f5faa092000-7f5faa09b000 r-xp 00000000 08:02 4857980                    /usr/lib/x86_64-linux-gnu/libXrender.so.1.3.0
7f5faa09b000-7f5faa29a000 ---p 00009000 08:02 4857980                    /usr/lib/x86_64-linux-gnu/libXrender.so.1.3.0
7f5faa29a000-7f5faa29b000 r--p 00008000 08:02 4857980                    /usr/lib/x86_64-linux-gnu/libXrender.so.1.3.0
7f5faa29b000-7f5faa29c000 rw-p 00009000 08:02 4857980                    /usr/lib/x86_64-linux-gnu/libXrender.so.1.3.0
7f5faa29c000-7f5faa3cf000 r-xp 00000000 08:02 4857941                    /usr/lib/x86_64-linux-gnu/libX11.so.6.3.0
7f5faa3cf000-7f5faa5cf000 ---p 00133000 08:02 4857941                    /usr/lib/x86_64-linux-gnu/libX11.so.6.3.0
7f5faa5cf000-7f5faa5d0000 r--p 00133000 08:02 4857941                    /usr/lib/x86_64-linux-gnu/libX11.so.6.3.0
7f5faa5d0000-7f5faa5d4000 rw-p 00134000 08:02 4857941                    /usr/lib/x86_64-linux-gnu/libX11.so.6.3.0
7f5faa5d4000-7f5faa5d5000 rw-p 00000000 00:00 0 
7f5faa5d5000-7f5faa5e6000 r-xp 00000000 08:02 4857958                    /usr/lib/x86_64-linux-gnu/libXext.so.6.4.0
7f5faa5e6000-7f5faa7e5000 ---p 00011000 08:02 4857958                    /usr/lib/x86_64-linux-gnu/libXext.so.6.4.0
7f5faa7e5000-7f5faa7e6000 r--p 00010000 08:02 4857958                    /usr/lib/x86_64-linux-gnu/libXext.so.6.4.0
7f5faa7e6000-7f5faa7e7000 rw-p 00011000 08:02 4857958                    /usr/lib/x86_64-linux-gnu/libXext.so.6.4.0
7f5faa7e7000-7f5faa83b000 r-xp 00000000 08:02 4855857                    /usr/lib/jvm/java-8-oracle/jre/lib/amd64/libawt_xawt.so
7f5faa83b000-7f5faaa3b000 ---p 00054000 08:02 4855857                    /usr/lib/jvm/java-8-oracle/jre/lib/amd64/libawt_xawt.so
7f5faaa3b000-7f5faaa3f000 rw-p 00054000 08:02 4855857                    /usr/lib/jvm/java-8-oracle/jre/lib/amd64/libawt_xawt.so
7f5faaa3f000-7f5faaa40000 rw-p 00000000 00:00 0 
7f5faaa40000-7f5faaae2000 r-xp 00000000 08:02 4855893                    /usr/lib/jvm/java-8-oracle/jre/lib/amd64/libawt.so
7f5faaae2000-7f5faace2000 ---p 000a2000 08:02 4855893                    /usr/lib/jvm/java-8-oracle/jre/lib/amd64/libawt.so
7f5faace2000-7f5faacee000 rw-p 000a2000 08:02 4855893                    /usr/lib/jvm/java-8-oracle/jre/lib/amd64/libawt.so
7f5faacee000-7f5faad12000 rw-p 00000000 00:00 0 
7f5faad12000-7f5faad13000 ---p 00000000 00:00 0 
7f5faad13000-7f5faae13000 rw-p 00000000 00:00 0                          [stack:14168]
7f5faae13000-7f5faae16000 ---p 00000000 00:00 0 
7f5faae16000-7f5faaf14000 rw-p 00000000 00:00 0                          [stack:14167]
7f5faaf14000-7f5faaf17000 ---p 00000000 00:00 0 
7f5faaf17000-7f5fab015000 rw-p 00000000 00:00 0                          [stack:14166]
7f5fab015000-7f5fab018000 ---p 00000000 00:00 0 
7f5fab018000-7f5fab116000 rw-p 00000000 00:00 0                          [stack:14165]
7f5fab116000-7f5fab119000 ---p 00000000 00:00 0 
7f5fab119000-7f5fab217000 rw-p 00000000 00:00 0                          [stack:14164]
7f5fab217000-7f5fab21a000 ---p 00000000 00:00 0 
7f5fab21a000-7f5fab318000 rw-p 00000000 00:00 0                          [stack:14163]
7f5fab318000-7f5fab9fa000 r--p 00000000 08:02 4857189                    /usr/lib/locale/locale-archive
7f5fab9fa000-7f5fab9fd000 ---p 00000000 00:00 0 
7f5fab9fd000-7f5fabafb000 rw-p 00000000 00:00 0                          [stack:14162]
7f5fabafb000-7f5fabafe000 ---p 00000000 00:00 0 
7f5fabafe000-7f5fabbfc000 rw-p 00000000 00:00 0                          [stack:14161]
7f5fabbfc000-7f5fabbfd000 ---p 00000000 00:00 0 
7f5fabbfd000-7f5fac000000 rw-p 00000000 00:00 0                          [stack:14160]
7f5fac000000-7f5fac021000 rw-p 00000000 00:00 0 
7f5fac021000-7f5fb0000000 ---p 00000000 00:00 0 
7f5fb0000000-7f5fb0021000 rw-p 00000000 00:00 0 
7f5fb0021000-7f5fb4000000 ---p 00000000 00:00 0 
7f5fb4000000-7f5fb4021000 rw-p 00000000 00:00 0 
7f5fb4021000-7f5fb8000000 ---p 00000000 00:00 0 
7f5fb8000000-7f5fb8021000 rw-p 00000000 00:00 0 
7f5fb8021000-7f5fbc000000 ---p 00000000 00:00 0 
7f5fbc000000-7f5fbc002000 r--s 00000000 08:02 5120511                    /home/bhupendra/Coursera Java Specialization/Assignments/World-Earthquakes-View/UCSDUnfoldingMaps/lib/gluegen-rt-natives-linux-amd64.jar
7f5fbc002000-7f5fbc01e000 r--s 00393000 08:02 4855940                    /usr/lib/jvm/java-8-oracle/jre/lib/ext/cldrdata.jar
7f5fbc01e000-7f5fbc021000 ---p 00000000 00:00 0 
7f5fbc021000-7f5fbc088000 rw-p 00000000 00:00 0                          [stack:14182]
7f5fbc088000-7f5fbc0ab000 r--s 002ec000 08:02 5120524                    /home/bhupendra/Coursera Java Specialization/Assignments/World-Earthquakes-View/UCSDUnfoldingMaps/lib/jogl-all.jar
7f5fbc0ab000-7f5fbcd1a000 rw-p 00000000 00:00 0 
7f5fbcd1a000-7f5fbcef3000 r--s 03d09000 08:02 4855699                    /usr/lib/jvm/java-8-oracle/jre/lib/rt.jar
7f5fbcef3000-7f5fbf68f000 rw-p 00000000 00:00 0 
7f5fbf68f000-7f5fbf690000 ---p 00000000 00:00 0 
7f5fbf690000-7f5fbf790000 rw-p 00000000 00:00 0                          [stack:14159]
7f5fbf790000-7f5fbf791000 ---p 00000000 00:00 0 
7f5fbf791000-7f5fbf891000 rw-p 00000000 00:00 0                          [stack:14158]
7f5fbf891000-7f5fbf892000 ---p 00000000 00:00 0 
7f5fbf892000-7f5fbf992000 rw-p 00000000 00:00 0                          [stack:14157]
7f5fbf992000-7f5fbf993000 ---p 00000000 00:00 0 
7f5fbf993000-7f5fbfaaa000 rw-p 00000000 00:00 0                          [stack:14156]
7f5fbfaaa000-7f5fbfbd1000 ---p 00000000 00:00 0 
7f5fbfbd1000-7f5fbfbe8000 rw-p 00000000 00:00 0 
7f5fbfbe8000-7f5fbfd0e000 ---p 00000000 00:00 0 
7f5fbfd0e000-7f5fbfd33000 rw-p 00000000 00:00 0 
7f5fbfd33000-7f5fbfdad000 ---p 00000000 00:00 0 
7f5fbfdad000-7f5fbfdd1000 rw-p 00000000 00:00 0 
7f5fbfdd1000-7f5fc016e000 ---p 00000000 00:00 0 
7f5fc016e000-7f5fc0a2e000 rwxp 00000000 00:00 0 
7f5fc0a2e000-7f5fcf16e000 ---p 00000000 00:00 0 
7f5fcf16e000-7f5fcf188000 r-xp 00000000 08:02 4855865                    /usr/lib/jvm/java-8-oracle/jre/lib/amd64/libzip.so
7f5fcf188000-7f5fcf388000 ---p 0001a000 08:02 4855865                    /usr/lib/jvm/java-8-oracle/jre/lib/amd64/libzip.so
7f5fcf388000-7f5fcf389000 rw-p 0001a000 08:02 4855865                    /usr/lib/jvm/java-8-oracle/jre/lib/amd64/libzip.so
7f5fcf389000-7f5fcf394000 r-xp 00000000 08:02 2621543                    /lib/x86_64-linux-gnu/libnss_files-2.19.so
7f5fcf394000-7f5fcf593000 ---p 0000b000 08:02 2621543                    /lib/x86_64-linux-gnu/libnss_files-2.19.so
7f5fcf593000-7f5fcf594000 r--p 0000a000 08:02 2621543                    /lib/x86_64-linux-gnu/libnss_files-2.19.so
7f5fcf594000-7f5fcf595000 rw-p 0000b000 08:02 2621543                    /lib/x86_64-linux-gnu/libnss_files-2.19.so
7f5fcf595000-7f5fcf5a0000 r-xp 00000000 08:02 2621455                    /lib/x86_64-linux-gnu/libnss_nis-2.19.so
7f5fcf5a0000-7f5fcf79f000 ---p 0000b000 08:02 2621455                    /lib/x86_64-linux-gnu/libnss_nis-2.19.so
7f5fcf79f000-7f5fcf7a0000 r--p 0000a000 08:02 2621455                    /lib/x86_64-linux-gnu/libnss_nis-2.19.so
7f5fcf7a0000-7f5fcf7a1000 rw-p 0000b000 08:02 2621455                    /lib/x86_64-linux-gnu/libnss_nis-2.19.so
7f5fcf7a1000-7f5fcf7b8000 r-xp 00000000 08:02 2621545                    /lib/x86_64-linux-gnu/libnsl-2.19.so
7f5fcf7b8000-7f5fcf9b7000 ---p 00017000 08:02 2621545                    /lib/x86_64-linux-gnu/libnsl-2.19.so
7f5fcf9b7000-7f5fcf9b8000 r--p 00016000 08:02 2621545                    /lib/x86_64-linux-gnu/libnsl-2.19.so
7f5fcf9b8000-7f5fcf9b9000 rw-p 00017000 08:02 2621545                    /lib/x86_64-linux-gnu/libnsl-2.19.so
7f5fcf9b9000-7f5fcf9bb000 rw-p 00000000 00:00 0 
7f5fcf9bb000-7f5fcf9c4000 r-xp 00000000 08:02 2621538                    /lib/x86_64-linux-gnu/libnss_compat-2.19.so
7f5fcf9c4000-7f5fcfbc3000 ---p 00009000 08:02 2621538                    /lib/x86_64-linux-gnu/libnss_compat-2.19.so
7f5fcfbc3000-7f5fcfbc4000 r--p 00008000 08:02 2621538                    /lib/x86_64-linux-gnu/libnss_compat-2.19.so
7f5fcfbc4000-7f5fcfbc5000 rw-p 00009000 08:02 2621538                    /lib/x86_64-linux-gnu/libnss_compat-2.19.so
7f5fcfbc5000-7f5fcfbef000 r-xp 00000000 08:02 4855858                    /usr/lib/jvm/java-8-oracle/jre/lib/amd64/libjava.so
7f5fcfbef000-7f5fcfdef000 ---p 0002a000 08:02 4855858                    /usr/lib/jvm/java-8-oracle/jre/lib/amd64/libjava.so
7f5fcfdef000-7f5fcfdf1000 rw-p 0002a000 08:02 4855858                    /usr/lib/jvm/java-8-oracle/jre/lib/amd64/libjava.so
7f5fcfdf1000-7f5fcfdfe000 r-xp 00000000 08:02 4855900                    /usr/lib/jvm/java-8-oracle/jre/lib/amd64/libverify.so
7f5fcfdfe000-7f5fcfffe000 ---p 0000d000 08:02 4855900                    /usr/lib/jvm/java-8-oracle/jre/lib/amd64/libverify.so
7f5fcfffe000-7f5fd0000000 rw-p 0000d000 08:02 4855900                    /usr/lib/jvm/java-8-oracle/jre/lib/amd64/libverify.so
7f5fd0000000-7f5fd02f3000 rw-p 00000000 00:00 0 
7f5fd02f3000-7f5fd4000000 ---p 00000000 00:00 0 
7f5fd4000000-7f5fd4001000 r--p 00000000 00:00 0 
7f5fd4001000-7f5fd4006000 r--s 00094000 08:02 4855697                    /usr/lib/jvm/java-8-oracle/jre/lib/jsse.jar
7f5fd4006000-7f5fd400c000 r--s 00033000 08:02 5120529                    /home/bhupendra/Coursera Java Specialization/Assignments/World-Earthquakes-View/UCSDUnfoldingMaps/lib/unfolding.0.9.7-uscd.jar
7f5fd400c000-7f5fd4013000 r--s 00059000 08:02 5120527                    /home/bhupendra/Coursera Java Specialization/Assignments/World-Earthquakes-View/UCSDUnfoldingMaps/lib/log4j-1.2.15.jar
7f5fd4013000-7f5fd40d8000 rw-p 00000000 00:00 0 
7f5fd40d8000-7f5fd40df000 r-xp 00000000 08:02 2621541                    /lib/x86_64-linux-gnu/librt-2.19.so
7f5fd40df000-7f5fd42de000 ---p 00007000 08:02 2621541                    /lib/x86_64-linux-gnu/librt-2.19.so
7f5fd42de000-7f5fd42df000 r--p 00006000 08:02 2621541                    /lib/x86_64-linux-gnu/librt-2.19.so
7f5fd42df000-7f5fd42e0000 rw-p 00007000 08:02 2621541                    /lib/x86_64-linux-gnu/librt-2.19.so
7f5fd42e0000-7f5fd43e5000 r-xp 00000000 08:02 2621542                    /lib/x86_64-linux-gnu/libm-2.19.so
7f5fd43e5000-7f5fd45e4000 ---p 00105000 08:02 2621542                    /lib/x86_64-linux-gnu/libm-2.19.so
7f5fd45e4000-7f5fd45e5000 r--p 00104000 08:02 2621542                    /lib/x86_64-linux-gnu/libm-2.19.so
7f5fd45e5000-7f5fd45e6000 rw-p 00105000 08:02 2621542                    /lib/x86_64-linux-gnu/libm-2.19.so
7f5fd45e6000-7f5fd5294000 r-xp 00000000 08:02 4855906                    /usr/lib/jvm/java-8-oracle/jre/lib/amd64/server/libjvm.so
7f5fd5294000-7f5fd5493000 ---p 00cae000 08:02 4855906                    /usr/lib/jvm/java-8-oracle/jre/lib/amd64/server/libjvm.so
7f5fd5493000-7f5fd556a000 rw-p 00cad000 08:02 4855906                    /usr/lib/jvm/java-8-oracle/jre/lib/amd64/server/libjvm.so
7f5fd556a000-7f5fd55ae000 rw-p 00000000 00:00 0 
7f5fd55ae000-7f5fd5768000 r-xp 00000000 08:02 2625514                    /lib/x86_64-linux-gnu/libc-2.19.so
7f5fd5768000-7f5fd5968000 ---p 001ba000 08:02 2625514                    /lib/x86_64-linux-gnu/libc-2.19.so
7f5fd5968000-7f5fd596c000 r--p 001ba000 08:02 2625514                    /lib/x86_64-linux-gnu/libc-2.19.so
7f5fd596c000-7f5fd596e000 rw-p 001be000 08:02 2625514                    /lib/x86_64-linux-gnu/libc-2.19.so
7f5fd596e000-7f5fd5973000 rw-p 00000000 00:00 0 
7f5fd5973000-7f5fd5976000 r-xp 00000000 08:02 2621535                    /lib/x86_64-linux-gnu/libdl-2.19.so
7f5fd5976000-7f5fd5b75000 ---p 00003000 08:02 2621535                    /lib/x86_64-linux-gnu/libdl-2.19.so
7f5fd5b75000-7f5fd5b76000 r--p 00002000 08:02 2621535                    /lib/x86_64-linux-gnu/libdl-2.19.so
7f5fd5b76000-7f5fd5b77000 rw-p 00003000 08:02 2621535                    /lib/x86_64-linux-gnu/libdl-2.19.so
7f5fd5b77000-7f5fd5b8c000 r-xp 00000000 08:02 4856243                    /usr/lib/jvm/java-8-oracle/lib/amd64/jli/libjli.so
7f5fd5b8c000-7f5fd5d8c000 ---p 00015000 08:02 4856243                    /usr/lib/jvm/java-8-oracle/lib/amd64/jli/libjli.so
7f5fd5d8c000-7f5fd5d8d000 rw-p 00015000 08:02 4856243                    /usr/lib/jvm/java-8-oracle/lib/amd64/jli/libjli.so
7f5fd5d8d000-7f5fd5da6000 r-xp 00000000 08:02 2625630                    /lib/x86_64-linux-gnu/libpthread-2.19.so
7f5fd5da6000-7f5fd5fa5000 ---p 00019000 08:02 2625630                    /lib/x86_64-linux-gnu/libpthread-2.19.so
7f5fd5fa5000-7f5fd5fa6000 r--p 00018000 08:02 2625630                    /lib/x86_64-linux-gnu/libpthread-2.19.so
7f5fd5fa6000-7f5fd5fa7000 rw-p 00019000 08:02 2625630                    /lib/x86_64-linux-gnu/libpthread-2.19.so
7f5fd5fa7000-7f5fd5fab000 rw-p 00000000 00:00 0 
7f5fd5fab000-7f5fd5fce000 r-xp 00000000 08:02 2621534                    /lib/x86_64-linux-gnu/ld-2.19.so
7f5fd5fce000-7f5fd5fd3000 r--s 00309000 08:02 5120528                    /home/bhupendra/Coursera Java Specialization/Assignments/World-Earthquakes-View/UCSDUnfoldingMaps/lib/sqlite-jdbc-3.7.2.jar
7f5fd5fd3000-7f5fd5fd9000 r--s 00041000 08:02 5120517                    /home/bhupendra/Coursera Java Specialization/Assignments/World-Earthquakes-View/UCSDUnfoldingMaps/lib/gluegen-rt.jar
7f5fd5fd9000-7f5fd60b1000 rw-p 00000000 00:00 0 
7f5fd60b1000-7f5fd60b4000 ---p 00000000 00:00 0 
7f5fd60b4000-7f5fd61b6000 rw-p 00000000 00:00 0                          [stack:14151]
7f5fd61b6000-7f5fd61b7000 r--s 00005000 08:02 5120526                    /home/bhupendra/Coursera Java Specialization/Assignments/World-Earthquakes-View/UCSDUnfoldingMaps/lib/libTUIO.jar
7f5fd61b7000-7f5fd61b8000 r--s 00007000 08:02 5120525                    /home/bhupendra/Coursera Java Specialization/Assignments/World-Earthquakes-View/UCSDUnfoldingMaps/lib/json4processing.jar
7f5fd61b8000-7f5fd61bc000 r--s 0009a000 08:02 5120510                    /home/bhupendra/Coursera Java Specialization/Assignments/World-Earthquakes-View/UCSDUnfoldingMaps/lib/core.jar
7f5fd61bc000-7f5fd61c1000 r--s 002f8000 08:02 4855711                    /usr/lib/jvm/java-8-oracle/jre/lib/charsets.jar
7f5fd61c1000-7f5fd61c9000 rw-s 00000000 08:02 4587532                    /tmp/hsperfdata_bhupendra/14150
7f5fd61c9000-7f5fd61ca000 rw-p 00000000 00:00 0 
7f5fd61ca000-7f5fd61cb000 r--p 00000000 00:00 0 
7f5fd61cb000-7f5fd61cd000 rw-p 00000000 00:00 0 
7f5fd61cd000-7f5fd61ce000 r--p 00022000 08:02 2621534                    /lib/x86_64-linux-gnu/ld-2.19.so
7f5fd61ce000-7f5fd61cf000 rw-p 00023000 08:02 2621534                    /lib/x86_64-linux-gnu/ld-2.19.so
7f5fd61cf000-7f5fd61d0000 rw-p 00000000 00:00 0 
7fffdb332000-7fffdb353000 rw-p 00000000 00:00 0                          [stack]
7fffdb3fc000-7fffdb3fe000 r-xp 00000000 00:00 0                          [vdso]
7fffdb3fe000-7fffdb400000 r--p 00000000 00:00 0                          [vvar]
ffffffffff600000-ffffffffff601000 r-xp 00000000 00:00 0                  [vsyscall]

VM Arguments:
jvm_args: -Djava.security.policy=java.policy.applet -Dfile.encoding=UTF-8 
java_command: sun.applet.AppletViewer module4.EarthquakeCityMap1448805236606.html
java_class_path (initial): /home/bhupendra/Coursera Java Specialization/Assignments/World-Earthquakes-View/UCSDUnfoldingMaps/build:/home/bhupendra/Coursera Java Specialization/Assignments/World-Earthquakes-View/UCSDUnfoldingMaps/lib/core.jar:/home/bhupendra/Coursera Java Specialization/Assignments/World-Earthquakes-View/UCSDUnfoldingMaps/lib/gluegen-rt.jar:/home/bhupendra/Coursera Java Specialization/Assignments/World-Earthquakes-View/UCSDUnfoldingMaps/lib/jogl-all.jar:/home/bhupendra/Coursera Java Specialization/Assignments/World-Earthquakes-View/UCSDUnfoldingMaps/lib/log4j-1.2.15.jar:/home/bhupendra/Coursera Java Specialization/Assignments/World-Earthquakes-View/UCSDUnfoldingMaps/lib/sqlite-jdbc-3.7.2.jar:/home/bhupendra/Coursera Java Specialization/Assignments/World-Earthquakes-View/UCSDUnfoldingMaps/lib/json4processing.jar:/home/bhupendra/Coursera Java Specialization/Assignments/World-Earthquakes-View/UCSDUnfoldingMaps/lib/libTUIO.jar:/home/bhupendra/Coursera Java Specialization/Assignments/World-Earthquakes-View/UCSDUnfoldingMaps/lib/unfolding.0.9.7-uscd.jar
Launcher Type: SUN_STANDARD

Environment Variables:
PATH=/usr/local/sbin:/usr/local/bin:/usr/sbin:/usr/bin:/sbin:/bin:/usr/games:/usr/local/games
USERNAME=bhupendra
SHELL=/bin/bash
DISPLAY=:0.0

Signal Handlers:
SIGSEGV: [libjvm.so+0xaad1e0], sa_mask[0]=11111111011111111101111111111110, sa_flags=SA_RESTART|SA_SIGINFO
SIGBUS: [libjvm.so+0xaad1e0], sa_mask[0]=11111111011111111101111111111110, sa_flags=SA_RESTART|SA_SIGINFO
SIGFPE: [libjvm.so+0x90b450], sa_mask[0]=11111111011111111101111111111110, sa_flags=SA_RESTART|SA_SIGINFO
SIGPIPE: [libjvm.so+0x90b450], sa_mask[0]=11111111011111111101111111111110, sa_flags=SA_RESTART|SA_SIGINFO
SIGXFSZ: [libjvm.so+0x90b450], sa_mask[0]=11111111011111111101111111111110, sa_flags=SA_RESTART|SA_SIGINFO
SIGILL: [libjvm.so+0x90b450], sa_mask[0]=11111111011111111101111111111110, sa_flags=SA_RESTART|SA_SIGINFO
SIGUSR1: SIG_DFL, sa_mask[0]=00000000000000000000000000000000, sa_flags=none
SIGUSR2: [libjvm.so+0x90ca90], sa_mask[0]=00100000000000000000000000000000, sa_flags=SA_RESTART|SA_SIGINFO
SIGHUP: [libjvm.so+0x90dde0], sa_mask[0]=11111111011111111101111111111110, sa_flags=SA_RESTART|SA_SIGINFO
SIGINT: [libjvm.so+0x90dde0], sa_mask[0]=11111111011111111101111111111110, sa_flags=SA_RESTART|SA_SIGINFO
SIGTERM: [libjvm.so+0x90dde0], sa_mask[0]=11111111011111111101111111111110, sa_flags=SA_RESTART|SA_SIGINFO
SIGQUIT: [libjvm.so+0x90dde0], sa_mask[0]=11111111011111111101111111111110, sa_flags=SA_RESTART|SA_SIGINFO


---------------  S Y S T E M  ---------------

OS:DISTRIB_ID=Ubuntu
DISTRIB_RELEASE=14.10
DISTRIB_CODENAME=utopic
DISTRIB_DESCRIPTION="Ubuntu 14.10"

uname:Linux 3.16.0-30-generic #40-Ubuntu SMP Mon Jan 12 22:06:37 UTC 2015 x86_64
libc:glibc 2.19 NPTL 2.19 
rlimit: STACK 8192k, CORE 0k, NPROC 14376, NOFILE 4096, AS infinity
load average:0.56 0.65 1.04

/proc/meminfo:
MemTotal:        3891224 kB
MemFree:         1286672 kB
MemAvailable:    1467848 kB
Buffers:           12360 kB
Cached:           771144 kB
SwapCached:       128864 kB
Active:          1496360 kB
Inactive:         851212 kB
Active(anon):    1294748 kB
Inactive(anon):   757232 kB
Active(file):     201612 kB
Inactive(file):    93980 kB
Unevictable:          48 kB
Mlocked:              48 kB
SwapTotal:       4036604 kB
SwapFree:        2642576 kB
Dirty:              1148 kB
Writeback:             0 kB
AnonPages:       1531360 kB
Mapped:           228440 kB
Shmem:            487908 kB
Slab:             147100 kB
SReclaimable:     109036 kB
SUnreclaim:        38064 kB
KernelStack:        9408 kB
PageTables:        37640 kB
NFS_Unstable:          0 kB
Bounce:                0 kB
WritebackTmp:          0 kB
CommitLimit:     5982216 kB
Committed_AS:    6894444 kB
VmallocTotal:   34359738367 kB
VmallocUsed:      400948 kB
VmallocChunk:   34359244552 kB
HardwareCorrupted:     0 kB
AnonHugePages:    714752 kB
HugePages_Total:       0
HugePages_Free:        0
HugePages_Rsvd:        0
HugePages_Surp:        0
Hugepagesize:       2048 kB
DirectMap4k:      100148 kB
DirectMap2M:     3938304 kB


CPU:total 4 (2 cores per cpu, 2 threads per core) family 6 model 58 stepping 9, cmov, cx8, fxsr, mmx, sse, sse2, sse3, ssse3, sse4.1, sse4.2, popcnt, avx, aes, clmul, erms, ht, tsc, tscinvbit, tscinv

/proc/cpuinfo:
processor	: 0
vendor_id	: GenuineIntel
cpu family	: 6
model		: 58
model name	: Intel(R) Core(TM) i5-3210M CPU @ 2.50GHz
stepping	: 9
microcode	: 0x12
cpu MHz		: 2921.582
cache size	: 3072 KB
physical id	: 0
siblings	: 4
core id		: 0
cpu cores	: 2
apicid		: 0
initial apicid	: 0
fpu		: yes
fpu_exception	: yes
cpuid level	: 13
wp		: yes
flags		: fpu vme de pse tsc msr pae mce cx8 apic sep mtrr pge mca cmov pat pse36 clflush dts acpi mmx fxsr sse sse2 ss ht tm pbe syscall nx rdtscp lm constant_tsc arch_perfmon pebs bts rep_good nopl xtopology nonstop_tsc aperfmperf eagerfpu pni pclmulqdq dtes64 monitor ds_cpl vmx est tm2 ssse3 cx16 xtpr pdcm pcid sse4_1 sse4_2 x2apic popcnt tsc_deadline_timer aes xsave avx f16c rdrand lahf_lm ida arat epb xsaveopt pln pts dtherm tpr_shadow vnmi flexpriority ept vpid fsgsbase smep erms
bogomips	: 4988.63
clflush size	: 64
cache_alignment	: 64
address sizes	: 36 bits physical, 48 bits virtual
power management:

processor	: 1
vendor_id	: GenuineIntel
cpu family	: 6
model		: 58
model name	: Intel(R) Core(TM) i5-3210M CPU @ 2.50GHz
stepping	: 9
microcode	: 0x12
cpu MHz		: 2858.203
cache size	: 3072 KB
physical id	: 0
siblings	: 4
core id		: 0
cpu cores	: 2
apicid		: 1
initial apicid	: 1
fpu		: yes
fpu_exception	: yes
cpuid level	: 13
wp		: yes
flags		: fpu vme de pse tsc msr pae mce cx8 apic sep mtrr pge mca cmov pat pse36 clflush dts acpi mmx fxsr sse sse2 ss ht tm pbe syscall nx rdtscp lm constant_tsc arch_perfmon pebs bts rep_good nopl xtopology nonstop_tsc aperfmperf eagerfpu pni pclmulqdq dtes64 monitor ds_cpl vmx est tm2 ssse3 cx16 xtpr pdcm pcid sse4_1 sse4_2 x2apic popcnt tsc_deadline_timer aes xsave avx f16c rdrand lahf_lm ida arat epb xsaveopt pln pts dtherm tpr_shadow vnmi flexpriority ept vpid fsgsbase smep erms
bogomips	: 4988.63
clflush size	: 64
cache_alignment	: 64
address sizes	: 36 bits physical, 48 bits virtual
power management:

processor	: 2
vendor_id	: GenuineIntel
cpu family	: 6
model		: 58
model name	: Intel(R) Core(TM) i5-3210M CPU @ 2.50GHz
stepping	: 9
microcode	: 0x12
cpu MHz		: 2867.968
cache size	: 3072 KB
physical id	: 0
siblings	: 4
core id		: 1
cpu cores	: 2
apicid		: 2
initial apicid	: 2
fpu		: yes
fpu_exception	: yes
cpuid level	: 13
wp		: yes
flags		: fpu vme de pse tsc msr pae mce cx8 apic sep mtrr pge mca cmov pat pse36 clflush dts acpi mmx fxsr sse sse2 ss ht tm pbe syscall nx rdtscp lm constant_tsc arch_perfmon pebs bts rep_good nopl xtopology nonstop_tsc aperfmperf eagerfpu pni pclmulqdq dtes64 monitor ds_cpl vmx est tm2 ssse3 cx16 xtpr pdcm pcid sse4_1 sse4_2 x2apic popcnt tsc_deadline_timer aes xsave avx f16c rdrand lahf_lm ida arat epb xsaveopt pln pts dtherm tpr_shadow vnmi flexpriority ept vpid fsgsbase smep erms
bogomips	: 4988.63
clflush size	: 64
cache_alignment	: 64
address sizes	: 36 bits physical, 48 bits virtual
power management:

processor	: 3
vendor_id	: GenuineIntel
cpu family	: 6
model		: 58
model name	: Intel(R) Core(TM) i5-3210M CPU @ 2.50GHz
stepping	: 9
microcode	: 0x12
cpu MHz		: 2958.203
cache size	: 3072 KB
physical id	: 0
siblings	: 4
core id		: 1
cpu cores	: 2
apicid		: 3
initial apicid	: 3
fpu		: yes
fpu_exception	: yes
cpuid level	: 13
wp		: yes
flags		: fpu vme de pse tsc msr pae mce cx8 apic sep mtrr pge mca cmov pat pse36 clflush dts acpi mmx fxsr sse sse2 ss ht tm pbe syscall nx rdtscp lm constant_tsc arch_perfmon pebs bts rep_good nopl xtopology nonstop_tsc aperfmperf eagerfpu pni pclmulqdq dtes64 monitor ds_cpl vmx est tm2 ssse3 cx16 xtpr pdcm pcid sse4_1 sse4_2 x2apic popcnt tsc_deadline_timer aes xsave avx f16c rdrand lahf_lm ida arat epb xsaveopt pln pts dtherm tpr_shadow vnmi flexpriority ept vpid fsgsbase smep erms
bogomips	: 4988.63
clflush size	: 64
cache_alignment	: 64
address sizes	: 36 bits physical, 48 bits virtual
power management:



Memory: 4k page, physical 3891224k(1286672k free), swap 4036604k(2642576k free)

vm_info: Java HotSpot(TM) 64-Bit Server VM (25.45-b02) for linux-amd64 JRE (1.8.0_45-b14), built on Apr 10 2015 10:07:45 by "java_re" with gcc 4.3.0 20080428 (Red Hat 4.3.0-8)

time: Sun Nov 29 19:24:17 2015
elapsed time: 20 seconds (0d 0h 0m 20s)

