#
# A fatal error has been detected by the Java Runtime Environment:
#
#  SIGSEGV (0xb) at pc=0x00007f7e25384522, pid=11970, tid=140180453607168
#
# JRE version: Java(TM) SE Runtime Environment (8.0_45-b14) (build 1.8.0_45-b14)
# Java VM: Java HotSpot(TM) 64-Bit Server VM (25.45-b02 mixed mode linux-amd64 compressed oops)
# Problematic frame:
# C  [i965_dri.so+0x2fb522]
#
# Failed to write core dump. Core dumps have been disabled. To enable core dumping, try "ulimit -c unlimited" before starting Java again
#
# If you would like to submit a bug report, please visit:
#   http://bugreport.java.com/bugreport/crash.jsp
# The crash happened outside the Java Virtual Machine in native code.
# See problematic frame for where to report the bug.
#

---------------  T H R E A D  ---------------

Current thread (0x00007f7e38001000):  JavaThread "AWT-EventQueue-1" [_thread_in_native, id=11996, stack(0x00007f7e4e144000,0x00007f7e4e245000)]

siginfo: si_signo: 11 (SIGSEGV), si_code: 1 (SEGV_MAPERR), si_addr: 0x000000000000c540

Registers:
RAX=0x00007f7e25384510, RBX=0x000000000000c000, RCX=0x0000000000000000, RDX=0x0000000000000001
RSP=0x00007f7e4e2426c0, RBP=0x0000000000000000, RSI=0x00007f7e30fc61b0, RDI=0x0000000100000000
R8 =0x0000000000000000, R9 =0x00007f7e4ca93710, R10=0x00007f7e89859007, R11=0x00007f7e34165800
R12=0x00007f7e341683b0, R13=0x00007f7e34166f00, R14=0x00007f7e34178840, R15=0x0000000000000000
RIP=0x00007f7e25384522, EFLAGS=0x0000000000010206, CSGSFS=0x0000000000000033, ERR=0x0000000000000004
  TRAPNO=0x000000000000000e

Top of Stack: (sp=0x00007f7e4e2426c0)
0x00007f7e4e2426c0:   0000000000000000 00007f7e30fc60c0
0x00007f7e4e2426d0:   0000000000000000 00007f7e341683b0
0x00007f7e4e2426e0:   00007f7e34166f00 00007f7e4ca937b2
0x00007f7e4e2426f0:   00007f7e4e242720 00007f7e00000000
0x00007f7e4e242700:   0000000000000000 0000000000000000
0x00007f7e4e242710:   0000000001c00053 00007f7e4ca64b31
0x00007f7e4e242720:   00007f7e30fc60c0 766431525fde4a00
0x00007f7e4e242730:   0000000001c00053 000000000000000c
0x00007f7e4e242740:   00007f7e4e2427b0 0000000000000000
0x00007f7e4e242750:   00000000c548d5e0 00007f7e4e2427f0
0x00007f7e4e242760:   00007f7e38001000 00007f7e26fb0849
0x00007f7e4e242770:   00000000c548d5e0 00007f7e4ca64b60
0x00007f7e4e242780:   0000000001c00053 00007f7e34165800
0x00007f7e4e242790:   00007f7e4e2427f0 00007f7e380011f8
0x00007f7e4e2427a0:   00007f7ec5530af8 00007f7e4ca64b60
0x00007f7e4e2427b0:   00007f7e4e242800 00007f7e8985907d
0x00007f7e4e2427c0:   00007f7ec51ee410 00007f7e380008c0
0x00007f7e4e2427d0:   00007f7e4ce0fcb8 00007f7e4ce0fcb8
0x00007f7e4e2427e0:   00007f7e380018c8 00007f7e38001000
0x00007f7e4e2427f0:   00000000c55ce998 00007f7e897c8fe0
0x00007f7e4e242800:   00000000c55309d0 00007f7e89962a8c
0x00007f7e4e242810:   00000000c548b130 00000000000000b6
0x00007f7e4e242820:   0000000000000000 00007f7e4ce0fff5
0x00007f7e4e242830:   00007f7e4e2428c8 00007f7e38001000
0x00007f7e4e242840:   00007f7e4e2428a8 00007f7e89007c4d
0x00007f7e4e242850:   00007f7e890079d0 00007f7e89007c4d
0x00007f7e4e242860:   00000000c548b130 00007f7e4e242868
0x00007f7e4e242870:   00007f7e4ce0fff5 00007f7e4e2428c8
0x00007f7e4e242880:   00007f7e4ce100b0 0000000000000000
0x00007f7e4e242890:   00007f7e4ce10028 00007f7e4e242860
0x00007f7e4e2428a0:   00007f7e4e2428d0 00000000ec5c44d0
0x00007f7e4e2428b0:   00007f7e899adf94 0000000000000000 

Instructions: (pc=0x00007f7e25384522)
0x00007f7e25384502:   41 5c c3 66 66 2e 0f 1f 84 00 00 00 00 00 41 55
0x00007f7e25384512:   41 54 55 53 48 83 ec 08 48 8b 1f 48 85 db 74 41
0x00007f7e25384522:   f6 83 40 05 00 00 01 89 cd 41 89 d5 49 89 f4 75
0x00007f7e25384532:   75 41 83 e5 01 75 5f 83 e5 fd 74 32 48 8d 35 bb 

Register to memory mapping:

RAX=0x00007f7e25384510: <offset 0x2fb510> in /usr/lib/x86_64-linux-gnu/dri/i965_dri.so at 0x00007f7e25089000
RBX=0x000000000000c000 is an unknown value
RCX=0x0000000000000000 is an unknown value
RDX=0x0000000000000001 is an unknown value
RSP=0x00007f7e4e2426c0 is pointing into the stack for thread: 0x00007f7e38001000
RBP=0x0000000000000000 is an unknown value
RSI=0x00007f7e30fc61b0 is an unknown value
RDI=0x0000000100000000 is pointing into metadata
R8 =0x0000000000000000 is an unknown value
R9 =0x00007f7e4ca93710: <offset 0x4b710> in /usr/lib/x86_64-linux-gnu/mesa/libGL.so.1 at 0x00007f7e4ca48000
R10=0x00007f7e89859007 is at entry_point+71 in (nmethod*)0x00007f7e89858e50
R11=0x00007f7e34165800 is an unknown value
R12=0x00007f7e341683b0 is an unknown value
R13=0x00007f7e34166f00 is an unknown value
R14=0x00007f7e34178840 is an unknown value
R15=0x0000000000000000 is an unknown value


Stack: [0x00007f7e4e144000,0x00007f7e4e245000],  sp=0x00007f7e4e2426c0,  free space=1017k
Native frames: (J=compiled Java code, j=interpreted, Vv=VM code, C=native code)
C  [i965_dri.so+0x2fb522]

Java frames: (J=compiled Java code, j=interpreted, Vv=VM code)
J 2868  jogamp.opengl.x11.glx.GLX.dispatch_glXSwapBuffers0(JJJ)V (0 bytes) @ 0x00007f7e89859007 [0x00007f7e89858fc0+0x47]
J 3169 C2 jogamp.opengl.GLDrawableImpl.swapBuffers()V (138 bytes) @ 0x00007f7e89962a8c [0x00007f7e89962900+0x18c]
j  javax.media.opengl.awt.GLCanvas$12.run()V+45
J 3212 C2 java.awt.EventQueue$3.run()Ljava/lang/Object; (5 bytes) @ 0x00007f7e899adf94 [0x00007f7e899ad920+0x674]
v  ~StubRoutines::call_stub
J 716  java.security.AccessController.doPrivileged(Ljava/security/PrivilegedAction;Ljava/security/AccessControlContext;)Ljava/lang/Object; (0 bytes) @ 0x00007f7e893031a3 [0x00007f7e89303140+0x63]
J 3211 C2 java.awt.EventDispatchThread.pumpOneEventForFilters(I)V (295 bytes) @ 0x00007f7e899bc88c [0x00007f7e899bb080+0x180c]
j  java.awt.EventDispatchThread.pumpEventsForFilter(ILjava/awt/Conditional;Ljava/awt/EventFilter;)V+35
j  java.awt.EventDispatchThread.pumpEventsForHierarchy(ILjava/awt/Conditional;Ljava/awt/Component;)V+11
j  java.awt.EventDispatchThread.pumpEvents(ILjava/awt/Conditional;)V+4
j  java.awt.EventDispatchThread.pumpEvents(Ljava/awt/Conditional;)V+3
j  java.awt.EventDispatchThread.run()V+9
v  ~StubRoutines::call_stub

---------------  P R O C E S S  ---------------

Java Threads: ( => current thread )
  0x00007f7e315be000 JavaThread "Thread-81" [_thread_blocked, id=12543, stack(0x00007f7e230c2000,0x00007f7e231c3000)]
  0x00007f7e34148800 JavaThread "Animation Thread-SharedResourceRunner" daemon [_thread_blocked, id=12006, stack(0x00007f7e4db09000,0x00007f7e4dc0a000)]
  0x00007f7e38009000 JavaThread "Animation Thread" [_thread_blocked, id=11997, stack(0x00007f7e4de43000,0x00007f7e4df44000)]
=>0x00007f7e38001000 JavaThread "AWT-EventQueue-1" [_thread_in_native, id=11996, stack(0x00007f7e4e144000,0x00007f7e4e245000)]
  0x00007f7e9800a000 JavaThread "DestroyJavaVM" [_thread_blocked, id=11975, stack(0x00007f7ea00d5000,0x00007f7ea01d6000)]
  0x00007f7e9824d000 JavaThread "AWT-EventQueue-0" [_thread_blocked, id=11994, stack(0x00007f7e4e91d000,0x00007f7e4ea1e000)]
  0x00007f7e9824b800 JavaThread "AWT-Shutdown" [_thread_blocked, id=11993, stack(0x00007f7e4eb1f000,0x00007f7e4ec20000)]
  0x00007f7e98235000 JavaThread "thread applet-module4.EarthquakeCityMap.class" [_thread_blocked, id=11992, stack(0x00007f7e4ea1e000,0x00007f7e4eb1f000)]
  0x00007f7e98226000 JavaThread "AWT-XAWT" daemon [_thread_blocked, id=11990, stack(0x00007f7e4ec20000,0x00007f7e4ed21000)]
  0x00007f7e98208000 JavaThread "Java2D Disposer" daemon [_thread_blocked, id=11989, stack(0x00007f7e8402d000,0x00007f7e8412e000)]
  0x00007f7e980c1000 JavaThread "Service Thread" daemon [_thread_blocked, id=11987, stack(0x00007f7e84ee7000,0x00007f7e84fe8000)]
  0x00007f7e980bc000 JavaThread "C1 CompilerThread2" daemon [_thread_blocked, id=11986, stack(0x00007f7e84fe8000,0x00007f7e850e9000)]
  0x00007f7e980ba000 JavaThread "C2 CompilerThread1" daemon [_thread_blocked, id=11985, stack(0x00007f7e850e9000,0x00007f7e851ea000)]
  0x00007f7e980b7000 JavaThread "C2 CompilerThread0" daemon [_thread_blocked, id=11984, stack(0x00007f7e851ea000,0x00007f7e852eb000)]
  0x00007f7e980b5800 JavaThread "Signal Dispatcher" daemon [_thread_blocked, id=11983, stack(0x00007f7e852eb000,0x00007f7e853ec000)]
  0x00007f7e9807f800 JavaThread "Finalizer" daemon [_thread_blocked, id=11982, stack(0x00007f7e85ace000,0x00007f7e85bcf000)]
  0x00007f7e9807d800 JavaThread "Reference Handler" daemon [_thread_blocked, id=11981, stack(0x00007f7e85bcf000,0x00007f7e85cd0000)]

Other Threads:
  0x00007f7e98078800 VMThread [stack: 0x00007f7e85cd0000,0x00007f7e85dd1000] [id=11980]
  0x00007f7e980c3800 WatcherThread [stack: 0x00007f7e84de6000,0x00007f7e84ee7000] [id=11988]

VM state:not at safepoint (normal execution)

VM Mutex/Monitor currently owned by a thread: None

Heap:
 PSYoungGen      total 161792K, used 16002K [0x00000000ec300000, 0x00000000f7500000, 0x0000000100000000)
  eden space 142848K, 2% used [0x00000000ec300000,0x00000000ec6a8620,0x00000000f4e80000)
  from space 18944K, 64% used [0x00000000f4e80000,0x00000000f5a782f0,0x00000000f6100000)
  to   space 18944K, 0% used [0x00000000f6280000,0x00000000f6280000,0x00000000f7500000)
 ParOldGen       total 47616K, used 22047K [0x00000000c4800000, 0x00000000c7680000, 0x00000000ec300000)
  object space 47616K, 46% used [0x00000000c4800000,0x00000000c5d87eb0,0x00000000c7680000)
 Metaspace       used 21532K, capacity 21787K, committed 22064K, reserved 1069056K
  class space    used 2007K, capacity 2085K, committed 2176K, reserved 1048576K

Card table byte_map: [0x00007f7e9cccd000,0x00007f7e9ceaa000] byte_map_base: 0x00007f7e9c6a9000

Marking Bits: (ParMarkBitMap*) 0x00007f7e9f5a7760
 Begin Bits: [0x00007f7e87240000, 0x00007f7e88120000)
 End Bits:   [0x00007f7e88120000, 0x00007f7e89000000)

Polling page: 0x00007f7ea01ee000

CodeCache: size=245760Kb used=10001Kb max_used=10013Kb free=235758Kb
 bounds [0x00007f7e89000000, 0x00007f7e899e0000, 0x00007f7e98000000]
 total_blobs=3711 nmethods=2744 adapters=880
 compilation: enabled

Compilation events (10 events):
Event: 370.678 Thread 0x00007f7e980b7000 nmethod 3234 0x00007f7e89751190 code [0x00007f7e89751360, 0x00007f7e89751870]
Event: 379.671 Thread 0x00007f7e980b7000 3235       4       java.lang.ThreadLocal$ThreadLocalMap::access$000 (6 bytes)
Event: 379.671 Thread 0x00007f7e980ba000 3236       4       java.lang.ThreadLocal$ThreadLocalMap::getEntry (42 bytes)
Event: 379.675 Thread 0x00007f7e980b7000 nmethod 3235 0x00007f7e899b8d10 code [0x00007f7e899b8e80, 0x00007f7e899b8f88]
Event: 379.676 Thread 0x00007f7e980ba000 nmethod 3236 0x00007f7e899b8950 code [0x00007f7e899b8aa0, 0x00007f7e899b8bc8]
Event: 393.833 Thread 0x00007f7e980b7000 3237   !   4       processing.opengl.PJOGL$PGLListener::display (520 bytes)
Event: 394.123 Thread 0x00007f7e980b7000 nmethod 3237 0x00007f7e899d8d90 code [0x00007f7e899d8f80, 0x00007f7e899d9610]
Event: 433.310 Thread 0x00007f7e980bc000 3239       3       java.awt.Component::eventEnabled (9 bytes)
Event: 433.363 Thread 0x00007f7e980bc000 nmethod 3239 0x00007f7e899b6f50 code [0x00007f7e899b70c0, 0x00007f7e899b72e8]
Event: 433.363 Thread 0x00007f7e980bc000 3240       3       java.awt.Component::eventTypeEnabled (487 bytes)

GC Heap History (10 events):
Event: 207.463 GC heap before
{Heap before GC invocations=16 (full 1):
 PSYoungGen      total 155136K, used 149504K [0x00000000ec300000, 0x00000000f6f00000, 0x0000000100000000)
  eden space 137216K, 100% used [0x00000000ec300000,0x00000000f4900000,0x00000000f4900000)
  from space 17920K, 68% used [0x00000000f5d80000,0x00000000f69802f0,0x00000000f6f00000)
  to   space 19456K, 0% used [0x00000000f4900000,0x00000000f4900000,0x00000000f5c00000)
 ParOldGen       total 47616K, used 22047K [0x00000000c4800000, 0x00000000c7680000, 0x00000000ec300000)
  object space 47616K, 46% used [0x00000000c4800000,0x00000000c5d87eb0,0x00000000c7680000)
 Metaspace       used 21525K, capacity 21787K, committed 22064K, reserved 1069056K
  class space    used 2007K, capacity 2085K, committed 2176K, reserved 1048576K
Event: 207.470 GC heap after
Heap after GC invocations=16 (full 1):
 PSYoungGen      total 156672K, used 12288K [0x00000000ec300000, 0x00000000f7380000, 0x0000000100000000)
  eden space 137216K, 0% used [0x00000000ec300000,0x00000000ec300000,0x00000000f4900000)
  from space 19456K, 63% used [0x00000000f4900000,0x00000000f55002f0,0x00000000f5c00000)
  to   space 19456K, 0% used [0x00000000f6080000,0x00000000f6080000,0x00000000f7380000)
 ParOldGen       total 47616K, used 22047K [0x00000000c4800000, 0x00000000c7680000, 0x00000000ec300000)
  object space 47616K, 46% used [0x00000000c4800000,0x00000000c5d87eb0,0x00000000c7680000)
 Metaspace       used 21525K, capacity 21787K, committed 22064K, reserved 1069056K
  class space    used 2007K, capacity 2085K, committed 2176K, reserved 1048576K
}
Event: 231.479 GC heap before
{Heap before GC invocations=17 (full 1):
 PSYoungGen      total 156672K, used 149504K [0x00000000ec300000, 0x00000000f7380000, 0x0000000100000000)
  eden space 137216K, 100% used [0x00000000ec300000,0x00000000f4900000,0x00000000f4900000)
  from space 19456K, 63% used [0x00000000f4900000,0x00000000f55002f0,0x00000000f5c00000)
  to   space 19456K, 0% used [0x00000000f6080000,0x00000000f6080000,0x00000000f7380000)
 ParOldGen       total 47616K, used 22047K [0x00000000c4800000, 0x00000000c7680000, 0x00000000ec300000)
  object space 47616K, 46% used [0x00000000c4800000,0x00000000c5d87eb0,0x00000000c7680000)
 Metaspace       used 21525K, capacity 21787K, committed 22064K, reserved 1069056K
  class space    used 2007K, capacity 2085K, committed 2176K, reserved 1048576K
Event: 231.490 GC heap after
Heap after GC invocations=17 (full 1):
 PSYoungGen      total 159232K, used 12256K [0x00000000ec300000, 0x00000000f7280000, 0x0000000100000000)
  eden space 140800K, 0% used [0x00000000ec300000,0x00000000ec300000,0x00000000f4c80000)
  from space 18432K, 66% used [0x00000000f6080000,0x00000000f6c782f0,0x00000000f7280000)
  to   space 19456K, 0% used [0x00000000f4c80000,0x00000000f4c80000,0x00000000f5f80000)
 ParOldGen       total 47616K, used 22047K [0x00000000c4800000, 0x00000000c7680000, 0x00000000ec300000)
  object space 47616K, 46% used [0x00000000c4800000,0x00000000c5d87eb0,0x00000000c7680000)
 Metaspace       used 21525K, capacity 21787K, committed 22064K, reserved 1069056K
  class space    used 2007K, capacity 2085K, committed 2176K, reserved 1048576K
}
Event: 364.381 GC heap before
{Heap before GC invocations=18 (full 1):
 PSYoungGen      total 159232K, used 153056K [0x00000000ec300000, 0x00000000f7280000, 0x0000000100000000)
  eden space 140800K, 100% used [0x00000000ec300000,0x00000000f4c80000,0x00000000f4c80000)
  from space 18432K, 66% used [0x00000000f6080000,0x00000000f6c782f0,0x00000000f7280000)
  to   space 19456K, 0% used [0x00000000f4c80000,0x00000000f4c80000,0x00000000f5f80000)
 ParOldGen       total 47616K, used 22047K [0x00000000c4800000, 0x00000000c7680000, 0x00000000ec300000)
  object space 47616K, 46% used [0x00000000c4800000,0x00000000c5d87eb0,0x00000000c7680000)
 Metaspace       used 21527K, capacity 21787K, committed 22064K, reserved 1069056K
  class space    used 2007K, capacity 2085K, committed 2176K, reserved 1048576K
Event: 364.659 GC heap after
Heap after GC invocations=18 (full 1):
 PSYoungGen      total 160256K, used 12288K [0x00000000ec300000, 0x00000000f7400000, 0x0000000100000000)
  eden space 140800K, 0% used [0x00000000ec300000,0x00000000ec300000,0x00000000f4c80000)
  from space 19456K, 63% used [0x00000000f4c80000,0x00000000f58802f0,0x00000000f5f80000)
  to   space 18944K, 0% used [0x00000000f6180000,0x00000000f6180000,0x00000000f7400000)
 ParOldGen       total 47616K, used 22047K [0x00000000c4800000, 0x00000000c7680000, 0x00000000ec300000)
  object space 47616K, 46% used [0x00000000c4800000,0x00000000c5d87eb0,0x00000000c7680000)
 Metaspace       used 21527K, capacity 21787K, committed 22064K, reserved 1069056K
  class space    used 2007K, capacity 2085K, committed 2176K, reserved 1048576K
}
Event: 394.558 GC heap before
{Heap before GC invocations=19 (full 1):
 PSYoungGen      total 160256K, used 153088K [0x00000000ec300000, 0x00000000f7400000, 0x0000000100000000)
  eden space 140800K, 100% used [0x00000000ec300000,0x00000000f4c80000,0x00000000f4c80000)
  from space 19456K, 63% used [0x00000000f4c80000,0x00000000f58802f0,0x00000000f5f80000)
  to   space 18944K, 0% used [0x00000000f6180000,0x00000000f6180000,0x00000000f7400000)
 ParOldGen       total 47616K, used 22047K [0x00000000c4800000, 0x00000000c7680000, 0x00000000ec300000)
  object space 47616K, 46% used [0x00000000c4800000,0x00000000c5d87eb0,0x00000000c7680000)
 Metaspace       used 21527K, capacity 21787K, committed 22064K, reserved 1069056K
  class space    used 2007K, capacity 2085K, committed 2176K, reserved 1048576K
Event: 394.572 GC heap after
Heap after GC invocations=19 (full 1):
 PSYoungGen      total 161280K, used 12256K [0x00000000ec300000, 0x00000000f7380000, 0x0000000100000000)
  eden space 142848K, 0% used [0x00000000ec300000,0x00000000ec300000,0x00000000f4e80000)
  from space 18432K, 66% used [0x00000000f6180000,0x00000000f6d782f0,0x00000000f7380000)
  to   space 18944K, 0% used [0x00000000f4e80000,0x00000000f4e80000,0x00000000f6100000)
 ParOldGen       total 47616K, used 22047K [0x00000000c4800000, 0x00000000c7680000, 0x00000000ec300000)
  object space 47616K, 46% used [0x00000000c4800000,0x00000000c5d87eb0,0x00000000c7680000)
 Metaspace       used 21527K, capacity 21787K, committed 22064K, reserved 1069056K
  class space    used 2007K, capacity 2085K, committed 2176K, reserved 1048576K
}
Event: 432.394 GC heap before
{Heap before GC invocations=20 (full 1):
 PSYoungGen      total 161280K, used 155104K [0x00000000ec300000, 0x00000000f7380000, 0x0000000100000000)
  eden space 142848K, 100% used [0x00000000ec300000,0x00000000f4e80000,0x00000000f4e80000)
  from space 18432K, 66% used [0x00000000f6180000,0x00000000f6d782f0,0x00000000f7380000)
  to   space 18944K, 0% used [0x00000000f4e80000,0x00000000f4e80000,0x00000000f6100000)
 ParOldGen       total 47616K, used 22047K [0x00000000c4800000, 0x00000000c7680000, 0x00000000ec300000)
  object space 47616K, 46% used [0x00000000c4800000,0x00000000c5d87eb0,0x00000000c7680000)
 Metaspace       used 21527K, capacity 21787K, committed 22064K, reserved 1069056K
  class space    used 2007K, capacity 2085K, committed 2176K, reserved 1048576K
Event: 432.400 GC heap after
Heap after GC invocations=20 (full 1):
 PSYoungGen      total 161792K, used 12256K [0x00000000ec300000, 0x00000000f7500000, 0x0000000100000000)
  eden space 142848K, 0% used [0x00000000ec300000,0x00000000ec300000,0x00000000f4e80000)
  from space 18944K, 64% used [0x00000000f4e80000,0x00000000f5a782f0,0x00000000f6100000)
  to   space 18944K, 0% used [0x00000000f6280000,0x00000000f6280000,0x00000000f7500000)
 ParOldGen       total 47616K, used 22047K [0x00000000c4800000, 0x00000000c7680000, 0x00000000ec300000)
  object space 47616K, 46% used [0x00000000c4800000,0x00000000c5d87eb0,0x00000000c7680000)
 Metaspace       used 21527K, capacity 21787K, committed 22064K, reserved 1069056K
  class space    used 2007K, capacity 2085K, committed 2176K, reserved 1048576K
}

Deoptimization events (10 events):
Event: 129.606 Thread 0x00007f7e38001000 Uncommon trap: reason=unstable_if action=reinterpret pc=0x00007f7e89954260 method=java.util.concurrent.locks.AbstractQueuedSynchronizer.doReleaseShared()V @ 6
Event: 129.607 Thread 0x00007f7e38009000 Uncommon trap: reason=unstable_if action=reinterpret pc=0x00007f7e89600d10 method=java.util.concurrent.locks.AbstractQueuedSynchronizer.doReleaseShared()V @ 6
Event: 130.604 Thread 0x00007f7e38001000 Uncommon trap: reason=class_check action=maybe_recompile pc=0x00007f7e89924cbc method=java.awt.event.InvocationEvent.dispatch()V @ 11
Event: 130.605 Thread 0x00007f7e98235000 Uncommon trap: reason=class_check action=maybe_recompile pc=0x00007f7e89916ed4 method=sun.java2d.xr.XRSurfaceData$XRWindowSurfaceData.getBounds()Ljava/awt/Rectangle; @ 4
Event: 130.607 Thread 0x00007f7e9824d000 Uncommon trap: reason=class_check action=maybe_recompile pc=0x00007f7e8991d03c method=java.awt.EventQueue.uncacheEQItem(Lsun/awt/EventQueueItem;)V @ 20
Event: 130.607 Thread 0x00007f7e9824d000 Uncommon trap: reason=class_check action=maybe_recompile pc=0x00007f7e899286f0 method=java.awt.Component.getGraphics()Ljava/awt/Graphics; @ 114
Event: 130.608 Thread 0x00007f7e9824d000 Uncommon trap: reason=class_check action=maybe_recompile pc=0x00007f7e898c3c6c method=java.awt.EventQueue.uncacheEQItem(Lsun/awt/EventQueueItem;)V @ 20
Event: 170.567 Thread 0x00007f7e38009000 Uncommon trap: reason=unstable_if action=reinterpret pc=0x00007f7e899550f8 method=java.util.concurrent.CountDownLatch$Sync.tryAcquireShared(I)I @ 4
Event: 170.568 Thread 0x00007f7e38001000 Uncommon trap: reason=class_check action=maybe_recompile pc=0x00007f7e89924cbc method=java.awt.event.InvocationEvent.dispatch()V @ 11
Event: 343.551 Thread 0x00007f7e38009000 Uncommon trap: reason=unstable_if action=reinterpret pc=0x00007f7e899278e8 method=java.util.concurrent.CountDownLatch$Sync.tryAcquireShared(I)I @ 4

Internal exceptions (10 events):
Event: 5.385 Thread 0x00007f7e38001000 Exception <a 'java/lang/reflect/InvocationTargetException'> (0x00000000edab2060) thrown at [/RE-WORK/workspace/8-2-build-linux-amd64/jdk8u45/3457/hotspot/src/share/vm/runtime/reflection.cpp, line 1080]
Event: 5.398 Thread 0x00007f7e38001000 Exception <a 'java/lang/UnsupportedOperationException': > (0x00000000edab29d8) thrown at [/RE-WORK/workspace/8-2-build-linux-amd64/jdk8u45/3457/hotspot/src/share/vm/prims/jni.cpp, line 735]
Event: 5.399 Thread 0x00007f7e38001000 Exception <a 'java/lang/reflect/InvocationTargetException'> (0x00000000edab33c8) thrown at [/RE-WORK/workspace/8-2-build-linux-amd64/jdk8u45/3457/hotspot/src/share/vm/runtime/reflection.cpp, line 1080]
Event: 5.762 Thread 0x00007f7e38001000 Exception <a 'java/lang/reflect/InvocationTargetException'> (0x00000000ecb2f428) thrown at [/RE-WORK/workspace/8-2-build-linux-amd64/jdk8u45/3457/hotspot/src/share/vm/runtime/reflection.cpp, line 1080]
Event: 5.765 Thread 0x00007f7e38001000 Exception <a 'java/lang/reflect/InvocationTargetException'> (0x00000000ecb2fc68) thrown at [/RE-WORK/workspace/8-2-build-linux-amd64/jdk8u45/3457/hotspot/src/share/vm/runtime/reflection.cpp, line 1080]
Event: 5.816 Thread 0x00007f7e38001000 Exception <a 'java/lang/reflect/InvocationTargetException'> (0x00000000ecbfc590) thrown at [/RE-WORK/workspace/8-2-build-linux-amd64/jdk8u45/3457/hotspot/src/share/vm/runtime/reflection.cpp, line 1080]
Event: 5.822 Thread 0x00007f7e38001000 Exception <a 'java/lang/reflect/InvocationTargetException'> (0x00000000ecbfd840) thrown at [/RE-WORK/workspace/8-2-build-linux-amd64/jdk8u45/3457/hotspot/src/share/vm/runtime/reflection.cpp, line 1080]
Event: 5.907 Thread 0x00007f7e38001000 Exception <a 'java/lang/reflect/InvocationTargetException'> (0x00000000ecc4be10) thrown at [/RE-WORK/workspace/8-2-build-linux-amd64/jdk8u45/3457/hotspot/src/share/vm/runtime/reflection.cpp, line 1080]
Event: 5.910 Thread 0x00007f7e38001000 Exception <a 'java/lang/reflect/InvocationTargetException'> (0x00000000ecc4d0f8) thrown at [/RE-WORK/workspace/8-2-build-linux-amd64/jdk8u45/3457/hotspot/src/share/vm/runtime/reflection.cpp, line 1080]
Event: 5.973 Thread 0x00007f7e38001000 Exception <a 'java/lang/reflect/InvocationTargetException'> (0x00000000eccd2cd0) thrown at [/RE-WORK/workspace/8-2-build-linux-amd64/jdk8u45/3457/hotspot/src/share/vm/runtime/reflection.cpp, line 1080]

Events (10 events):
Event: 364.381 Executing VM operation: ParallelGCFailedAllocation
Event: 364.660 Executing VM operation: ParallelGCFailedAllocation done
Event: 370.053 Thread 0x00007f7e980b7000 flushing nmethod 0x00007f7e89751190
Event: 394.558 Executing VM operation: ParallelGCFailedAllocation
Event: 394.572 Executing VM operation: ParallelGCFailedAllocation done
Event: 432.394 Executing VM operation: ParallelGCFailedAllocation
Event: 432.400 Executing VM operation: ParallelGCFailedAllocation done
Event: 433.093 loading class sun/applet/AppletViewer$3
Event: 433.179 loading class sun/applet/AppletViewer$3 done
Event: 433.248 Thread 0x00007f7e315be000 Thread added: 0x00007f7e315be000


Dynamic libraries:
00400000-00401000 r-xp 00000000 08:02 4856071                            /usr/lib/jvm/java-8-oracle/bin/java
00600000-00601000 rw-p 00000000 08:02 4856071                            /usr/lib/jvm/java-8-oracle/bin/java
00c68000-00d20000 rw-p 00000000 00:00 0                                  [heap]
c4800000-c7680000 rw-p 00000000 00:00 0 
c7680000-ec300000 ---p 00000000 00:00 0 
ec300000-f7500000 rw-p 00000000 00:00 0 
f7500000-100000000 ---p 00000000 00:00 0 
100000000-100220000 rw-p 00000000 00:00 0 
100220000-140000000 ---p 00000000 00:00 0 
7f7dfc000000-7f7dfc0a2000 rw-p 00000000 00:00 0 
7f7dfc0a2000-7f7e00000000 ---p 00000000 00:00 0 
7f7e02e10000-7f7e02e80000 rw-s 00000000 00:04 184946                     /drm mm object (deleted)
7f7e02e80000-7f7e02ef0000 rw-s 00000000 00:04 184136                     /drm mm object (deleted)
7f7e02ef0000-7f7e02f60000 rw-s 00000000 00:04 185468                     /drm mm object (deleted)
7f7e02f60000-7f7e02fd0000 rw-s 00000000 00:04 184941                     /drm mm object (deleted)
7f7e02fd0000-7f7e03040000 rw-s 00000000 00:04 185467                     /drm mm object (deleted)
7f7e03040000-7f7e030b0000 rw-s 00000000 00:04 185466                     /drm mm object (deleted)
7f7e030b0000-7f7e03120000 rw-s 00000000 00:04 184939                     /drm mm object (deleted)
7f7e03120000-7f7e03190000 rw-s 00000000 00:04 185465                     /drm mm object (deleted)
7f7e03190000-7f7e03200000 rw-s 00000000 00:04 184129                     /drm mm object (deleted)
7f7e03200000-7f7e03270000 rw-s 00000000 00:04 184929                     /drm mm object (deleted)
7f7e03270000-7f7e032e0000 rw-s 00000000 00:04 183261                     /drm mm object (deleted)
7f7e032e0000-7f7e03350000 rw-s 00000000 00:04 185441                     /drm mm object (deleted)
7f7e03350000-7f7e033c0000 rw-s 00000000 00:04 184925                     /drm mm object (deleted)
7f7e033c0000-7f7e03430000 rw-s 00000000 00:04 185440                     /drm mm object (deleted)
7f7e03430000-7f7e034a0000 rw-s 00000000 00:04 184123                     /drm mm object (deleted)
7f7e034a0000-7f7e03510000 rw-s 00000000 00:04 185437                     /drm mm object (deleted)
7f7e03510000-7f7e03580000 rw-s 00000000 00:04 185436                     /drm mm object (deleted)
7f7e03580000-7f7e035f0000 rw-s 00000000 00:04 183260                     /drm mm object (deleted)
7f7e035f0000-7f7e03660000 rw-s 00000000 00:04 184120                     /drm mm object (deleted)
7f7e03660000-7f7e036d0000 rw-s 00000000 00:04 183259                     /drm mm object (deleted)
7f7e036d0000-7f7e03740000 rw-s 00000000 00:04 184119                     /drm mm object (deleted)
7f7e03740000-7f7e037b0000 rw-s 00000000 00:04 184118                     /drm mm object (deleted)
7f7e037b0000-7f7e03820000 rw-s 00000000 00:04 184117                     /drm mm object (deleted)
7f7e03820000-7f7e03890000 rw-s 00000000 00:04 184116                     /drm mm object (deleted)
7f7e03890000-7f7e03900000 rw-s 00000000 00:04 185435                     /drm mm object (deleted)
7f7e03900000-7f7e03970000 rw-s 00000000 00:04 184114                     /drm mm object (deleted)
7f7e03970000-7f7e039e0000 rw-s 00000000 00:04 185434                     /drm mm object (deleted)
7f7e039e0000-7f7e03a50000 rw-s 00000000 00:04 185433                     /drm mm object (deleted)
7f7e03a50000-7f7e03ac0000 rw-s 00000000 00:04 184109                     /drm mm object (deleted)
7f7e03ac0000-7f7e03b30000 rw-s 00000000 00:04 183230                     /drm mm object (deleted)
7f7e03b30000-7f7e03ba0000 rw-s 00000000 00:04 183222                     /drm mm object (deleted)
7f7e03ba0000-7f7e03c10000 rw-s 00000000 00:04 183219                     /drm mm object (deleted)
7f7e03c10000-7f7e03c80000 rw-s 00000000 00:04 185403                     /drm mm object (deleted)
7f7e03c80000-7f7e03cf0000 rw-s 00000000 00:04 184081                     /drm mm object (deleted)
7f7e03cf0000-7f7e03d60000 rw-s 00000000 00:04 185397                     /drm mm object (deleted)
7f7e03d60000-7f7e03dd0000 rw-s 00000000 00:04 184070                     /drm mm object (deleted)
7f7e03dd0000-7f7e03e40000 rw-s 00000000 00:04 184054                     /drm mm object (deleted)
7f7e03e40000-7f7e03eb0000 rw-s 00000000 00:04 183184                     /drm mm object (deleted)
7f7e03eb0000-7f7e03f20000 rw-s 00000000 00:04 184049                     /drm mm object (deleted)
7f7e03f20000-7f7e03f90000 rw-s 00000000 00:04 185365                     /drm mm object (deleted)
7f7e03f90000-7f7e04000000 rw-s 00000000 00:04 184887                     /drm mm object (deleted)
7f7e04000000-7f7e040a3000 rw-p 00000000 00:00 0 
7f7e040a3000-7f7e08000000 ---p 00000000 00:00 0 
7f7e08000000-7f7e080a9000 rw-p 00000000 00:00 0 
7f7e080a9000-7f7e0c000000 ---p 00000000 00:00 0 
7f7e0c000000-7f7e0c021000 rw-p 00000000 00:00 0 
7f7e0c021000-7f7e10000000 ---p 00000000 00:00 0 
7f7e10000000-7f7e10021000 rw-p 00000000 00:00 0 
7f7e10021000-7f7e14000000 ---p 00000000 00:00 0 
7f7e14000000-7f7e14021000 rw-p 00000000 00:00 0 
7f7e14021000-7f7e18000000 ---p 00000000 00:00 0 
7f7e18000000-7f7e18021000 rw-p 00000000 00:00 0 
7f7e18021000-7f7e1c000000 ---p 00000000 00:00 0 
7f7e1c000000-7f7e1c021000 rw-p 00000000 00:00 0 
7f7e1c021000-7f7e20000000 ---p 00000000 00:00 0 
7f7e2004a000-7f7e200ba000 rw-s 00000000 00:04 185364                     /drm mm object (deleted)
7f7e200ba000-7f7e2012a000 rw-s 00000000 00:04 184886                     /drm mm object (deleted)
7f7e2012a000-7f7e2019a000 rw-s 00000000 00:04 183176                     /drm mm object (deleted)
7f7e2019a000-7f7e2020a000 rw-s 00000000 00:04 184048                     /drm mm object (deleted)
7f7e2020a000-7f7e2027a000 rw-s 00000000 00:04 184047                     /drm mm object (deleted)
7f7e2027a000-7f7e202ea000 rw-s 00000000 00:04 184046                     /drm mm object (deleted)
7f7e202ea000-7f7e2035a000 rw-s 00000000 00:04 184043                     /drm mm object (deleted)
7f7e2035a000-7f7e203ca000 rw-s 00000000 00:04 184871                     /drm mm object (deleted)
7f7e203ca000-7f7e2043a000 rw-s 00000000 00:04 184039                     /drm mm object (deleted)
7f7e2043a000-7f7e204aa000 rw-s 00000000 00:04 183168                     /drm mm object (deleted)
7f7e204aa000-7f7e2051a000 rw-s 00000000 00:04 184038                     /drm mm object (deleted)
7f7e2051a000-7f7e2058a000 rw-s 00000000 00:04 183167                     /drm mm object (deleted)
7f7e2058a000-7f7e205fa000 rw-s 00000000 00:04 183158                     /drm mm object (deleted)
7f7e205fa000-7f7e2066a000 rw-s 00000000 00:04 183157                     /drm mm object (deleted)
7f7e2066a000-7f7e206da000 rw-s 00000000 00:04 183156                     /drm mm object (deleted)
7f7e206da000-7f7e2074a000 rw-s 00000000 00:04 184864                     /drm mm object (deleted)
7f7e2074a000-7f7e207ba000 rw-s 00000000 00:04 183149                     /drm mm object (deleted)
7f7e207ba000-7f7e2082a000 rw-s 00000000 00:04 184013                     /drm mm object (deleted)
7f7e2082a000-7f7e2089a000 rw-s 00000000 00:04 182266                     /drm mm object (deleted)
7f7e2089a000-7f7e2090a000 rw-s 00000000 00:04 184831                     /drm mm object (deleted)
7f7e2090a000-7f7e2097a000 rw-s 00000000 00:04 184011                     /drm mm object (deleted)
7f7e2097a000-7f7e209ea000 rw-s 00000000 00:04 182259                     /drm mm object (deleted)
7f7e209ea000-7f7e20a5a000 rw-s 00000000 00:04 182258                     /drm mm object (deleted)
7f7e20a5a000-7f7e20aca000 rw-s 00000000 00:04 183105                     /drm mm object (deleted)
7f7e20aca000-7f7e20b3a000 rw-s 00000000 00:04 182257                     /drm mm object (deleted)
7f7e20b3a000-7f7e20baa000 rw-s 00000000 00:04 182256                     /drm mm object (deleted)
7f7e20baa000-7f7e20c1a000 rw-s 00000000 00:04 183104                     /drm mm object (deleted)
7f7e20c1a000-7f7e20c8a000 rw-s 00000000 00:04 183103                     /drm mm object (deleted)
7f7e20c8a000-7f7e20cfa000 rw-s 00000000 00:04 182255                     /drm mm object (deleted)
7f7e20cfa000-7f7e20d6a000 rw-s 00000000 00:04 183059                     /drm mm object (deleted)
7f7e20d6a000-7f7e20d6d000 ---p 00000000 00:00 0 
7f7e20d6d000-7f7e20e6b000 rw-p 00000000 00:00 0 
7f7e20e6b000-7f7e20e6e000 ---p 00000000 00:00 0 
7f7e20e6e000-7f7e20f6c000 rw-p 00000000 00:00 0 
7f7e20f6c000-7f7e211ec000 rw-s 00000000 00:04 183925                     /drm mm object (deleted)
7f7e211ec000-7f7e2146c000 rw-s 00000000 00:04 183901                     /drm mm object (deleted)
7f7e2146c000-7f7e2152c000 rw-s 10aa27000 00:05 1552                      /dev/dri/card0
7f7e2152c000-7f7e215ec000 rw-s 10a967000 00:05 1552                      /dev/dri/card0
7f7e215ec000-7f7e2186c000 rw-s 00000000 00:04 183891                     /drm mm object (deleted)
7f7e2186c000-7f7e21aec000 rw-s 00000000 00:04 183890                     /drm mm object (deleted)
7f7e21aec000-7f7e21d6c000 rw-s 00000000 00:04 182235                     /drm mm object (deleted)
7f7e21d6c000-7f7e21d6d000 r--s 00000000 08:02 786530                     /var/cache/fontconfig/c05880de57d1f5e948fdfacc138775d9-le64.cache-4
7f7e21d6d000-7f7e21d78000 r--s 00000000 08:02 786523                     /var/cache/fontconfig/945677eb7aeaf62f1d50efc3fb3ec7d8-le64.cache-4
7f7e21d78000-7f7e21d7e000 r--s 00000000 08:02 786507                     /var/cache/fontconfig/2cd17615ca594fa2959ae173292e504c-le64.cache-4
7f7e21d7e000-7f7e21d7f000 r--s 00000000 08:02 786541                     /var/cache/fontconfig/e7071f4a29fa870f4323321c154eba04-le64.cache-4
7f7e21d7f000-7f7e21d80000 r--s 00000000 08:02 786504                     /var/cache/fontconfig/0d8c3b2ac0904cb8a57a757ad11a4a08-le64.cache-4
7f7e21d80000-7f7e21d87000 r--s 00000000 08:02 786527                     /var/cache/fontconfig/a755afe4a08bf5b97852ceb7400b47bc-le64.cache-4
7f7e21d87000-7f7e21d88000 r--s 00000000 08:02 786526                     /var/cache/fontconfig/a6354e3ac43af67bd8d7b8e43c34e49f-le64.cache-4
7f7e21d88000-7f7e21d89000 r--s 00000000 08:02 786506                     /var/cache/fontconfig/1ac9eb803944fde146138c791f5cc56a-le64.cache-4
7f7e21d89000-7f7e21d8d000 r--s 00000000 08:02 786510                     /var/cache/fontconfig/385c0604a188198f04d133e54aba7fe7-le64.cache-4
7f7e21d8d000-7f7e21d8e000 r--s 00000000 08:02 786538                     /var/cache/fontconfig/dc05db6664285cc2f12bf69c139ae4c3-le64.cache-4
7f7e21d8e000-7f7e21d93000 r--s 00000000 08:02 786522                     /var/cache/fontconfig/8801497958630a81b71ace7c5f9b32a8-le64.cache-4
7f7e21d93000-7f7e21d9a000 r--s 00000000 08:02 786508                     /var/cache/fontconfig/3047814df9a2f067bd2d96a2b9c36e5a-le64.cache-4
7f7e21d9a000-7f7e21da0000 r--s 00000000 08:02 786528                     /var/cache/fontconfig/b47c4e1ecd0709278f4910c18777a504-le64.cache-4
7f7e21da0000-7f7e21db3000 r--s 00000000 08:02 786534                     /var/cache/fontconfig/d52a8644073d54c13679302ca1180695-le64.cache-4
7f7e21db3000-7f7e21dbc000 r--s 00000000 08:02 786511                     /var/cache/fontconfig/3f7329c5293ffd510edef78f73874cfd-le64.cache-4
7f7e21dbc000-7f7e21dd1000 r--s 00000000 08:02 786537                     /var/cache/fontconfig/da82082e1ef13c4097208324d67c180c-le64.cache-4
7f7e21de8000-7f7e21ea8000 rw-s 10b13f000 00:05 1552                      /dev/dri/card0
7f7e21ec8000-7f7e21f38000 rw-s 00000000 00:04 183080                     /drm mm object (deleted)
7f7e21f38000-7f7e21fa8000 rw-s 00000000 00:04 183074                     /drm mm object (deleted)
7f7e21ffa000-7f7e2206a000 rw-s 00000000 00:04 183079                     /drm mm object (deleted)
7f7e2206a000-7f7e220da000 rw-s 00000000 00:04 182245                     /drm mm object (deleted)
7f7e220da000-7f7e220dd000 ---p 00000000 00:00 0 
7f7e220dd000-7f7e221db000 rw-p 00000000 00:00 0 
7f7e221db000-7f7e221de000 ---p 00000000 00:00 0 
7f7e221de000-7f7e22448000 rw-p 00000000 00:00 0 
7f7e22448000-7f7e224dc000 ---p 00000000 00:00 0 
7f7e224dc000-7f7e224de000 r--s 00000000 08:02 786520                     /var/cache/fontconfig/767a8244fc0220cfb567a839d0392e0b-le64.cache-4
7f7e224de000-7f7e224df000 r--s 00000000 08:02 788870                     /var/cache/fontconfig/4794a0821666d79190d59a36cb4f44b5-le64.cache-4
7f7e224df000-7f7e224e0000 r--s 00000000 08:02 786514                     /var/cache/fontconfig/56cf4f4769d0f4abc89a4895d7bd3ae1-le64.cache-4
7f7e224e0000-7f7e224e4000 r--s 00000000 08:02 786535                     /var/cache/fontconfig/d589a48862398ed80a3d6066f4f56f4c-le64.cache-4
7f7e224e4000-7f7e224f1000 r--s 00000000 08:02 786637                     /var/cache/fontconfig/e13b20fdb08344e0e664864cc2ede53d-le64.cache-4
7f7e2254e000-7f7e225be000 rw-s 00000000 00:04 183073                     /drm mm object (deleted)
7f7e225be000-7f7e2263e000 rw-s 10d76d000 00:05 1552                      /dev/dri/card0
7f7e2263e000-7f7e227fe000 rw-s 00000000 00:04 183886                     /drm mm object (deleted)
7f7e227fe000-7f7e22801000 ---p 00000000 00:00 0 
7f7e22801000-7f7e228ff000 rw-p 00000000 00:00 0 
7f7e228ff000-7f7e22902000 ---p 00000000 00:00 0 
7f7e22902000-7f7e22a00000 rw-p 00000000 00:00 0 
7f7e22a00000-7f7e22a03000 ---p 00000000 00:00 0 
7f7e22a03000-7f7e22b01000 rw-p 00000000 00:00 0 
7f7e22b01000-7f7e22b04000 ---p 00000000 00:00 0 
7f7e22b04000-7f7e22c02000 rw-p 00000000 00:00 0 
7f7e22c02000-7f7e22c82000 rw-s 10ae7e000 00:05 1552                      /dev/dri/card0
7f7e22c82000-7f7e22e42000 rw-s 00000000 00:04 184754                     /drm mm object (deleted)
7f7e22e42000-7f7e230c2000 rw-s 00000000 00:04 182200                     /drm mm object (deleted)
7f7e230c2000-7f7e230c5000 ---p 00000000 00:00 0 
7f7e230c5000-7f7e231c3000 rw-p 00000000 00:00 0                          [stack:12543]
7f7e231c3000-7f7e231da000 r-xp 00000000 08:02 2621530                    /lib/x86_64-linux-gnu/libresolv-2.19.so
7f7e231da000-7f7e233da000 ---p 00017000 08:02 2621530                    /lib/x86_64-linux-gnu/libresolv-2.19.so
7f7e233da000-7f7e233db000 r--p 00017000 08:02 2621530                    /lib/x86_64-linux-gnu/libresolv-2.19.so
7f7e233db000-7f7e233dc000 rw-p 00018000 08:02 2621530                    /lib/x86_64-linux-gnu/libresolv-2.19.so
7f7e233dc000-7f7e233de000 rw-p 00000000 00:00 0 
7f7e233de000-7f7e233e3000 r-xp 00000000 08:02 2621536                    /lib/x86_64-linux-gnu/libnss_dns-2.19.so
7f7e233e3000-7f7e235e2000 ---p 00005000 08:02 2621536                    /lib/x86_64-linux-gnu/libnss_dns-2.19.so
7f7e235e2000-7f7e235e3000 r--p 00004000 08:02 2621536                    /lib/x86_64-linux-gnu/libnss_dns-2.19.so
7f7e235e3000-7f7e235e4000 rw-p 00005000 08:02 2621536                    /lib/x86_64-linux-gnu/libnss_dns-2.19.so
7f7e235e4000-7f7e235e6000 r-xp 00000000 08:02 2625700                    /lib/x86_64-linux-gnu/libnss_mdns4_minimal.so.2
7f7e235e6000-7f7e237e5000 ---p 00002000 08:02 2625700                    /lib/x86_64-linux-gnu/libnss_mdns4_minimal.so.2
7f7e237e5000-7f7e237e6000 r--p 00001000 08:02 2625700                    /lib/x86_64-linux-gnu/libnss_mdns4_minimal.so.2
7f7e237e6000-7f7e237e7000 rw-p 00002000 08:02 2625700                    /lib/x86_64-linux-gnu/libnss_mdns4_minimal.so.2
7f7e237e7000-7f7e237ea000 r-xp 00000000 08:02 2625704                    /lib/x86_64-linux-gnu/libnss_myhostname.so.2
7f7e237ea000-7f7e239e9000 ---p 00003000 08:02 2625704                    /lib/x86_64-linux-gnu/libnss_myhostname.so.2
7f7e239e9000-7f7e239ea000 r--p 00002000 08:02 2625704                    /lib/x86_64-linux-gnu/libnss_myhostname.so.2
7f7e239ea000-7f7e239eb000 rw-p 00003000 08:02 2625704                    /lib/x86_64-linux-gnu/libnss_myhostname.so.2
7f7e239eb000-7f7e23beb000 rw-p 00000000 00:00 0 
7f7e23beb000-7f7e23e6b000 rw-s 00000000 00:04 182931                     /drm mm object (deleted)
7f7e23e6b000-7f7e240eb000 rw-s 00000000 00:04 182930                     /drm mm object (deleted)
7f7e240eb000-7f7e24122000 r-xp 00000000 08:02 4858923                    /usr/lib/x86_64-linux-gnu/libtxc_dxtn_s2tc.so.0.0.0
7f7e24122000-7f7e24321000 ---p 00037000 08:02 4858923                    /usr/lib/x86_64-linux-gnu/libtxc_dxtn_s2tc.so.0.0.0
7f7e24321000-7f7e24322000 r--p 00036000 08:02 4858923                    /usr/lib/x86_64-linux-gnu/libtxc_dxtn_s2tc.so.0.0.0
7f7e24322000-7f7e24323000 rw-p 00037000 08:02 4858923                    /usr/lib/x86_64-linux-gnu/libtxc_dxtn_s2tc.so.0.0.0
7f7e24323000-7f7e2433b000 r-xp 00000000 08:02 2625786                    /lib/x86_64-linux-gnu/libz.so.1.2.8
7f7e2433b000-7f7e2453a000 ---p 00018000 08:02 2625786                    /lib/x86_64-linux-gnu/libz.so.1.2.8
7f7e2453a000-7f7e2453b000 r--p 00017000 08:02 2625786                    /lib/x86_64-linux-gnu/libz.so.1.2.8
7f7e2453b000-7f7e2453c000 rw-p 00018000 08:02 2625786                    /lib/x86_64-linux-gnu/libz.so.1.2.8
7f7e2453c000-7f7e24544000 r-xp 00000000 08:02 4858718                    /usr/lib/x86_64-linux-gnu/libpciaccess.so.0.11.1
7f7e24544000-7f7e24743000 ---p 00008000 08:02 4858718                    /usr/lib/x86_64-linux-gnu/libpciaccess.so.0.11.1
7f7e24743000-7f7e24744000 r--p 00007000 08:02 4858718                    /usr/lib/x86_64-linux-gnu/libpciaccess.so.0.11.1
7f7e24744000-7f7e24745000 rw-p 00008000 08:02 4858718                    /usr/lib/x86_64-linux-gnu/libpciaccess.so.0.11.1
7f7e24745000-7f7e24835000 r-xp 00000000 08:02 4858875                    /usr/lib/x86_64-linux-gnu/libstdc++.so.6.0.20
7f7e24835000-7f7e24a35000 ---p 000f0000 08:02 4858875                    /usr/lib/x86_64-linux-gnu/libstdc++.so.6.0.20
7f7e24a35000-7f7e24a3d000 r--p 000f0000 08:02 4858875                    /usr/lib/x86_64-linux-gnu/libstdc++.so.6.0.20
7f7e24a3d000-7f7e24a3f000 rw-p 000f8000 08:02 4858875                    /usr/lib/x86_64-linux-gnu/libstdc++.so.6.0.20
7f7e24a3f000-7f7e24a54000 rw-p 00000000 00:00 0 
7f7e24a54000-7f7e24a60000 r-xp 00000000 08:02 4858206                    /usr/lib/x86_64-linux-gnu/libdrm_radeon.so.1.0.1
7f7e24a60000-7f7e24c5f000 ---p 0000c000 08:02 4858206                    /usr/lib/x86_64-linux-gnu/libdrm_radeon.so.1.0.1
7f7e24c5f000-7f7e24c60000 r--p 0000b000 08:02 4858206                    /usr/lib/x86_64-linux-gnu/libdrm_radeon.so.1.0.1
7f7e24c60000-7f7e24c61000 rw-p 0000c000 08:02 4858206                    /usr/lib/x86_64-linux-gnu/libdrm_radeon.so.1.0.1
7f7e24c61000-7f7e24c67000 r-xp 00000000 08:02 4858204                    /usr/lib/x86_64-linux-gnu/libdrm_nouveau.so.2.0.0
7f7e24c67000-7f7e24e66000 ---p 00006000 08:02 4858204                    /usr/lib/x86_64-linux-gnu/libdrm_nouveau.so.2.0.0
7f7e24e66000-7f7e24e67000 r--p 00005000 08:02 4858204                    /usr/lib/x86_64-linux-gnu/libdrm_nouveau.so.2.0.0
7f7e24e67000-7f7e24e68000 rw-p 00006000 08:02 4858204                    /usr/lib/x86_64-linux-gnu/libdrm_nouveau.so.2.0.0
7f7e24e68000-7f7e24e88000 r-xp 00000000 08:02 4858202                    /usr/lib/x86_64-linux-gnu/libdrm_intel.so.1.0.0
7f7e24e88000-7f7e25087000 ---p 00020000 08:02 4858202                    /usr/lib/x86_64-linux-gnu/libdrm_intel.so.1.0.0
7f7e25087000-7f7e25088000 r--p 0001f000 08:02 4858202                    /usr/lib/x86_64-linux-gnu/libdrm_intel.so.1.0.0
7f7e25088000-7f7e25089000 rw-p 00020000 08:02 4858202                    /usr/lib/x86_64-linux-gnu/libdrm_intel.so.1.0.0
7f7e25089000-7f7e255a5000 r-xp 00000000 08:02 5114656                    /usr/lib/x86_64-linux-gnu/dri/i965_dri.so
7f7e255a5000-7f7e257a4000 ---p 0051c000 08:02 5114656                    /usr/lib/x86_64-linux-gnu/dri/i965_dri.so
7f7e257a4000-7f7e257c0000 r--p 0051b000 08:02 5114656                    /usr/lib/x86_64-linux-gnu/dri/i965_dri.so
7f7e257c0000-7f7e257c6000 rw-p 00537000 08:02 5114656                    /usr/lib/x86_64-linux-gnu/dri/i965_dri.so
7f7e257c6000-7f7e257d1000 rw-p 00000000 00:00 0 
7f7e257d1000-7f7e2583d000 r-xp 00000000 08:02 2625725                    /lib/x86_64-linux-gnu/libpcre.so.3.13.1
7f7e2583d000-7f7e25a3c000 ---p 0006c000 08:02 2625725                    /lib/x86_64-linux-gnu/libpcre.so.3.13.1
7f7e25a3c000-7f7e25a3d000 r--p 0006b000 08:02 2625725                    /lib/x86_64-linux-gnu/libpcre.so.3.13.1
7f7e25a3d000-7f7e25a3e000 rw-p 0006c000 08:02 2625725                    /lib/x86_64-linux-gnu/libpcre.so.3.13.1
7f7e25a3e000-7f7e25a5f000 r-xp 00000000 08:02 2625752                    /lib/x86_64-linux-gnu/libselinux.so.1
7f7e25a5f000-7f7e25c5e000 ---p 00021000 08:02 2625752                    /lib/x86_64-linux-gnu/libselinux.so.1
7f7e25c5e000-7f7e25c5f000 r--p 00020000 08:02 2625752                    /lib/x86_64-linux-gnu/libselinux.so.1
7f7e25c5f000-7f7e25c60000 rw-p 00021000 08:02 2625752                    /lib/x86_64-linux-gnu/libselinux.so.1
7f7e25c60000-7f7e25c62000 rw-p 00000000 00:00 0 
7f7e25c62000-7f7e25c72000 r-xp 00000000 08:02 2625516                    /lib/x86_64-linux-gnu/libudev.so.1.4.0
7f7e25c72000-7f7e25e72000 ---p 00010000 08:02 2625516                    /lib/x86_64-linux-gnu/libudev.so.1.4.0
7f7e25e72000-7f7e25e73000 r--p 00010000 08:02 2625516                    /lib/x86_64-linux-gnu/libudev.so.1.4.0
7f7e25e73000-7f7e25e74000 rw-p 00011000 08:02 2625516                    /lib/x86_64-linux-gnu/libudev.so.1.4.0
7f7e25e74000-7f7e25e76000 r-xp 00000000 08:02 4857968                    /usr/lib/x86_64-linux-gnu/libXinerama.so.1.0.0
7f7e25e76000-7f7e26075000 ---p 00002000 08:02 4857968                    /usr/lib/x86_64-linux-gnu/libXinerama.so.1.0.0
7f7e26075000-7f7e26076000 r--p 00001000 08:02 4857968                    /usr/lib/x86_64-linux-gnu/libXinerama.so.1.0.0
7f7e26076000-7f7e26077000 rw-p 00002000 08:02 4857968                    /usr/lib/x86_64-linux-gnu/libXinerama.so.1.0.0
7f7e26077000-7f7e260bc000 r-xp 00000000 08:02 4587536                    /tmp/jogamp_0000/file_cache/jln6060581444880006999/jln5249075017235058654/libjogl_mobile.so
7f7e260bc000-7f7e262bc000 ---p 00045000 08:02 4587536                    /tmp/jogamp_0000/file_cache/jln6060581444880006999/jln5249075017235058654/libjogl_mobile.so
7f7e262bc000-7f7e262bd000 rw-p 00045000 08:02 4587536                    /tmp/jogamp_0000/file_cache/jln6060581444880006999/jln5249075017235058654/libjogl_mobile.so
7f7e262bd000-7f7e262c4000 r-xp 00000000 08:02 4858242                    /usr/lib/x86_64-linux-gnu/libffi.so.6.0.2
7f7e262c4000-7f7e264c3000 ---p 00007000 08:02 4858242                    /usr/lib/x86_64-linux-gnu/libffi.so.6.0.2
7f7e264c3000-7f7e264c4000 r--p 00006000 08:02 4858242                    /usr/lib/x86_64-linux-gnu/libffi.so.6.0.2
7f7e264c4000-7f7e264c5000 rw-p 00007000 08:02 4858242                    /usr/lib/x86_64-linux-gnu/libffi.so.6.0.2
7f7e264c5000-7f7e264d2000 r-xp 00000000 08:02 4849854                    /usr/lib/x86_64-linux-gnu/libgbm.so.1.0.0
7f7e264d2000-7f7e266d1000 ---p 0000d000 08:02 4849854                    /usr/lib/x86_64-linux-gnu/libgbm.so.1.0.0
7f7e266d1000-7f7e266d2000 r--p 0000c000 08:02 4849854                    /usr/lib/x86_64-linux-gnu/libgbm.so.1.0.0
7f7e266d2000-7f7e266d3000 rw-p 0000d000 08:02 4849854                    /usr/lib/x86_64-linux-gnu/libgbm.so.1.0.0
7f7e266d3000-7f7e266e1000 r-xp 00000000 08:02 4858976                    /usr/lib/x86_64-linux-gnu/libwayland-server.so.0.1.0
7f7e266e1000-7f7e268e1000 ---p 0000e000 08:02 4858976                    /usr/lib/x86_64-linux-gnu/libwayland-server.so.0.1.0
7f7e268e1000-7f7e268e3000 r--p 0000e000 08:02 4858976                    /usr/lib/x86_64-linux-gnu/libwayland-server.so.0.1.0
7f7e268e3000-7f7e268e4000 rw-p 00010000 08:02 4858976                    /usr/lib/x86_64-linux-gnu/libwayland-server.so.0.1.0
7f7e268e4000-7f7e268ef000 r-xp 00000000 08:02 4858970                    /usr/lib/x86_64-linux-gnu/libwayland-client.so.0.2.0
7f7e268ef000-7f7e26aef000 ---p 0000b000 08:02 4858970                    /usr/lib/x86_64-linux-gnu/libwayland-client.so.0.2.0
7f7e26aef000-7f7e26af1000 r--p 0000b000 08:02 4858970                    /usr/lib/x86_64-linux-gnu/libwayland-client.so.0.2.0
7f7e26af1000-7f7e26af2000 rw-p 0000d000 08:02 4858970                    /usr/lib/x86_64-linux-gnu/libwayland-client.so.0.2.0
7f7e26af2000-7f7e26af7000 r-xp 00000000 08:02 4859022                    /usr/lib/x86_64-linux-gnu/libxcb-xfixes.so.0.0.0
7f7e26af7000-7f7e26cf7000 ---p 00005000 08:02 4859022                    /usr/lib/x86_64-linux-gnu/libxcb-xfixes.so.0.0.0
7f7e26cf7000-7f7e26cf8000 r--p 00005000 08:02 4859022                    /usr/lib/x86_64-linux-gnu/libxcb-xfixes.so.0.0.0
7f7e26cf8000-7f7e26cf9000 rw-p 00006000 08:02 4859022                    /usr/lib/x86_64-linux-gnu/libxcb-xfixes.so.0.0.0
7f7e26cf9000-7f7e26d22000 r-xp 00000000 08:02 5114652                    /usr/lib/x86_64-linux-gnu/mesa-egl/libEGL.so.1.0.0
7f7e26d22000-7f7e26f21000 ---p 00029000 08:02 5114652                    /usr/lib/x86_64-linux-gnu/mesa-egl/libEGL.so.1.0.0
7f7e26f21000-7f7e26f22000 r--p 00028000 08:02 5114652                    /usr/lib/x86_64-linux-gnu/mesa-egl/libEGL.so.1.0.0
7f7e26f22000-7f7e26f23000 rw-p 00029000 08:02 5114652                    /usr/lib/x86_64-linux-gnu/mesa-egl/libEGL.so.1.0.0
7f7e26f23000-7f7e26f24000 rw-p 00000000 00:00 0 
7f7e26f24000-7f7e26fc9000 r-xp 00000000 08:02 4587535                    /tmp/jogamp_0000/file_cache/jln6060581444880006999/jln5249075017235058654/libjogl_desktop.so
7f7e26fc9000-7f7e271c9000 ---p 000a5000 08:02 4587535                    /tmp/jogamp_0000/file_cache/jln6060581444880006999/jln5249075017235058654/libjogl_desktop.so
7f7e271c9000-7f7e271ca000 rw-p 000a5000 08:02 4587535                    /tmp/jogamp_0000/file_cache/jln6060581444880006999/jln5249075017235058654/libjogl_desktop.so
7f7e271ca000-7f7e271d5000 r-xp 00000000 08:02 4858200                    /usr/lib/x86_64-linux-gnu/libdrm.so.2.4.0
7f7e271d5000-7f7e273d4000 ---p 0000b000 08:02 4858200                    /usr/lib/x86_64-linux-gnu/libdrm.so.2.4.0
7f7e273d4000-7f7e273d5000 r--p 0000a000 08:02 4858200                    /usr/lib/x86_64-linux-gnu/libdrm.so.2.4.0
7f7e273d5000-7f7e273d6000 rw-p 0000b000 08:02 4858200                    /usr/lib/x86_64-linux-gnu/libdrm.so.2.4.0
7f7e273d6000-7f7e273d7000 r-xp 00000000 08:02 4859034                    /usr/lib/x86_64-linux-gnu/libxshmfence.so.1.0.0
7f7e273d7000-7f7e275d6000 ---p 00001000 08:02 4859034                    /usr/lib/x86_64-linux-gnu/libxshmfence.so.1.0.0
7f7e275d6000-7f7e275d7000 r--p 00000000 08:02 4859034                    /usr/lib/x86_64-linux-gnu/libxshmfence.so.1.0.0
7f7e275d7000-7f7e275d8000 rw-p 00001000 08:02 4859034                    /usr/lib/x86_64-linux-gnu/libxshmfence.so.1.0.0
7f7e275d8000-7f7e275dd000 r-xp 00000000 08:02 4859016                    /usr/lib/x86_64-linux-gnu/libxcb-sync.so.1.0.0
7f7e275dd000-7f7e277dc000 ---p 00005000 08:02 4859016                    /usr/lib/x86_64-linux-gnu/libxcb-sync.so.1.0.0
7f7e277dc000-7f7e277dd000 r--p 00004000 08:02 4859016                    /usr/lib/x86_64-linux-gnu/libxcb-sync.so.1.0.0
7f7e277dd000-7f7e277de000 rw-p 00005000 08:02 4859016                    /usr/lib/x86_64-linux-gnu/libxcb-sync.so.1.0.0
7f7e277de000-7f7e277e0000 r-xp 00000000 08:02 4859008                    /usr/lib/x86_64-linux-gnu/libxcb-present.so.0.0.0
7f7e277e0000-7f7e279df000 ---p 00002000 08:02 4859008                    /usr/lib/x86_64-linux-gnu/libxcb-present.so.0.0.0
7f7e279df000-7f7e279e0000 r--p 00001000 08:02 4859008                    /usr/lib/x86_64-linux-gnu/libxcb-present.so.0.0.0
7f7e279e0000-7f7e279e1000 rw-p 00002000 08:02 4859008                    /usr/lib/x86_64-linux-gnu/libxcb-present.so.0.0.0
7f7e279e1000-7f7e279e3000 r-xp 00000000 08:02 4858998                    /usr/lib/x86_64-linux-gnu/libxcb-dri3.so.0.0.0
7f7e279e3000-7f7e27be2000 ---p 00002000 08:02 4858998                    /usr/lib/x86_64-linux-gnu/libxcb-dri3.so.0.0.0
7f7e27be2000-7f7e27be3000 r--p 00001000 08:02 4858998                    /usr/lib/x86_64-linux-gnu/libxcb-dri3.so.0.0.0
7f7e27be3000-7f7e27be4000 rw-p 00002000 08:02 4858998                    /usr/lib/x86_64-linux-gnu/libxcb-dri3.so.0.0.0
7f7e27be4000-7f7e27be7000 r-xp 00000000 08:02 4858996                    /usr/lib/x86_64-linux-gnu/libxcb-dri2.so.0.0.0
7f7e27be7000-7f7e27de7000 ---p 00003000 08:02 4858996                    /usr/lib/x86_64-linux-gnu/libxcb-dri2.so.0.0.0
7f7e27de7000-7f7e27de8000 r--p 00003000 08:02 4858996                    /usr/lib/x86_64-linux-gnu/libxcb-dri2.so.0.0.0
7f7e27de8000-7f7e27de9000 rw-p 00004000 08:02 4858996                    /usr/lib/x86_64-linux-gnu/libxcb-dri2.so.0.0.0
7f7e27de9000-7f7e27dfe000 r-xp 00000000 08:02 4859000                    /usr/lib/x86_64-linux-gnu/libxcb-glx.so.0.0.0
7f7e27dfe000-7f7e27ffd000 ---p 00015000 08:02 4859000                    /usr/lib/x86_64-linux-gnu/libxcb-glx.so.0.0.0
7f7e27ffd000-7f7e27fff000 r--p 00014000 08:02 4859000                    /usr/lib/x86_64-linux-gnu/libxcb-glx.so.0.0.0
7f7e27fff000-7f7e28000000 rw-p 00016000 08:02 4859000                    /usr/lib/x86_64-linux-gnu/libxcb-glx.so.0.0.0
7f7e28000000-7f7e28021000 rw-p 00000000 00:00 0 
7f7e28021000-7f7e2c000000 ---p 00000000 00:00 0 
7f7e2c000000-7f7e2d856000 rw-p 00000000 00:00 0 
7f7e2d856000-7f7e30000000 ---p 00000000 00:00 0 
7f7e30000000-7f7e327ef000 rw-p 00000000 00:00 0 
7f7e327ef000-7f7e34000000 ---p 00000000 00:00 0 
7f7e34000000-7f7e34795000 rw-p 00000000 00:00 0 
7f7e34795000-7f7e38000000 ---p 00000000 00:00 0 
7f7e38000000-7f7e38022000 rw-p 00000000 00:00 0 
7f7e38022000-7f7e3c000000 ---p 00000000 00:00 0 
7f7e3c000000-7f7e3c033000 rw-p 00000000 00:00 0 
7f7e3c033000-7f7e40000000 ---p 00000000 00:00 0 
7f7e40000000-7f7e40024000 rw-p 00000000 00:00 0 
7f7e40024000-7f7e44000000 ---p 00000000 00:00 0 
7f7e44000000-7f7e44021000 rw-p 00000000 00:00 0 
7f7e44021000-7f7e48000000 ---p 00000000 00:00 0 
7f7e48000000-7f7e48021000 rw-p 00000000 00:00 0 
7f7e48021000-7f7e4c000000 ---p 00000000 00:00 0 
7f7e4c000000-7f7e4c001000 r--s 00000000 08:02 786529                     /var/cache/fontconfig/b9d506c9ac06c20b433354fa67a72993-le64.cache-4
7f7e4c001000-7f7e4c002000 r--s 00000000 08:02 786503                     /var/cache/fontconfig/0c9eb80ebd1c36541ebe2852d3bb0c49-le64.cache-4
7f7e4c002000-7f7e4c003000 r--s 00000000 08:02 786517                     /var/cache/fontconfig/62f91419b9ebdb6975e7e41ab6412357-le64.cache-4
7f7e4c003000-7f7e4c007000 r--s 00000000 08:02 786516                     /var/cache/fontconfig/7ef2298fde41cc6eeb7af42e48b7d293-le64.cache-4
7f7e4c048000-7f7e4c049000 rw-s 00000000 00:04 184790                     /drm mm object (deleted)
7f7e4c049000-7f7e4c051000 rw-s 00000000 00:04 190702                     /drm mm object (deleted)
7f7e4c051000-7f7e4c111000 rw-s 10d6ad000 00:05 1552                      /dev/dri/card0
7f7e4c111000-7f7e4c1d1000 rw-s 10d5ed000 00:05 1552                      /dev/dri/card0
7f7e4c1d1000-7f7e4c1d9000 rw-s 00000000 00:04 190668                     /drm mm object (deleted)
7f7e4c1d9000-7f7e4c1e1000 rw-s 00000000 00:04 189366                     /drm mm object (deleted)
7f7e4c1e1000-7f7e4c1e9000 rw-s 00000000 00:04 182922                     /drm mm object (deleted)
7f7e4c1e9000-7f7e4c1f1000 rw-s 00000000 00:04 183876                     /drm mm object (deleted)
7f7e4c1f1000-7f7e4c1f2000 r-xp 00000000 08:02 4857939                    /usr/lib/x86_64-linux-gnu/libX11-xcb.so.1.0.0
7f7e4c1f2000-7f7e4c3f1000 ---p 00001000 08:02 4857939                    /usr/lib/x86_64-linux-gnu/libX11-xcb.so.1.0.0
7f7e4c3f1000-7f7e4c3f2000 r--p 00000000 08:02 4857939                    /usr/lib/x86_64-linux-gnu/libX11-xcb.so.1.0.0
7f7e4c3f2000-7f7e4c3f3000 rw-p 00001000 08:02 4857939                    /usr/lib/x86_64-linux-gnu/libX11-xcb.so.1.0.0
7f7e4c3f3000-7f7e4c3f5000 r-xp 00000000 08:02 4857954                    /usr/lib/x86_64-linux-gnu/libXdamage.so.1.1.0
7f7e4c3f5000-7f7e4c5f4000 ---p 00002000 08:02 4857954                    /usr/lib/x86_64-linux-gnu/libXdamage.so.1.1.0
7f7e4c5f4000-7f7e4c5f5000 r--p 00001000 08:02 4857954                    /usr/lib/x86_64-linux-gnu/libXdamage.so.1.1.0
7f7e4c5f5000-7f7e4c5f6000 rw-p 00002000 08:02 4857954                    /usr/lib/x86_64-linux-gnu/libXdamage.so.1.1.0
7f7e4c5f6000-7f7e4c61b000 r-xp 00000000 08:02 4853342                    /usr/lib/x86_64-linux-gnu/libglapi.so.0.0.0
7f7e4c61b000-7f7e4c81a000 ---p 00025000 08:02 4853342                    /usr/lib/x86_64-linux-gnu/libglapi.so.0.0.0
7f7e4c81a000-7f7e4c81d000 r--p 00024000 08:02 4853342                    /usr/lib/x86_64-linux-gnu/libglapi.so.0.0.0
7f7e4c81d000-7f7e4c81e000 rw-p 00027000 08:02 4853342                    /usr/lib/x86_64-linux-gnu/libglapi.so.0.0.0
7f7e4c81e000-7f7e4c81f000 rw-p 00000000 00:00 0 
7f7e4c81f000-7f7e4c845000 r-xp 00000000 08:02 2625637                    /lib/x86_64-linux-gnu/libexpat.so.1.6.0
7f7e4c845000-7f7e4ca44000 ---p 00026000 08:02 2625637                    /lib/x86_64-linux-gnu/libexpat.so.1.6.0
7f7e4ca44000-7f7e4ca47000 r--p 00025000 08:02 2625637                    /lib/x86_64-linux-gnu/libexpat.so.1.6.0
7f7e4ca47000-7f7e4ca48000 rw-p 00028000 08:02 2625637                    /lib/x86_64-linux-gnu/libexpat.so.1.6.0
7f7e4ca48000-7f7e4cade000 r-xp 00000000 08:02 5113685                    /usr/lib/x86_64-linux-gnu/mesa/libGL.so.1.2.0
7f7e4cade000-7f7e4ccdd000 ---p 00096000 08:02 5113685                    /usr/lib/x86_64-linux-gnu/mesa/libGL.so.1.2.0
7f7e4ccdd000-7f7e4cce0000 r--p 00095000 08:02 5113685                    /usr/lib/x86_64-linux-gnu/mesa/libGL.so.1.2.0
7f7e4cce0000-7f7e4cce1000 rw-p 00098000 08:02 5113685                    /usr/lib/x86_64-linux-gnu/mesa/libGL.so.1.2.0
7f7e4cce1000-7f7e4cee2000 rw-p 00000000 00:00 0 
7f7e4cee2000-7f7e4d0e2000 rw-p 00000000 00:00 0 
7f7e4d0e2000-7f7e4d0e9000 r-xp 00000000 08:02 4587538                    /tmp/jogamp_0000/file_cache/jln6060581444880006999/jln5249075017235058654/libnativewindow_x11.so
7f7e4d0e9000-7f7e4d2e8000 ---p 00007000 08:02 4587538                    /tmp/jogamp_0000/file_cache/jln6060581444880006999/jln5249075017235058654/libnativewindow_x11.so
7f7e4d2e8000-7f7e4d2e9000 rw-p 00006000 08:02 4587538                    /tmp/jogamp_0000/file_cache/jln6060581444880006999/jln5249075017235058654/libnativewindow_x11.so
7f7e4d2e9000-7f7e4d2ed000 r-xp 00000000 08:02 4857996                    /usr/lib/x86_64-linux-gnu/libXxf86vm.so.1.0.0
7f7e4d2ed000-7f7e4d4ed000 ---p 00004000 08:02 4857996                    /usr/lib/x86_64-linux-gnu/libXxf86vm.so.1.0.0
7f7e4d4ed000-7f7e4d4ee000 r--p 00004000 08:02 4857996                    /usr/lib/x86_64-linux-gnu/libXxf86vm.so.1.0.0
7f7e4d4ee000-7f7e4d4ef000 rw-p 00005000 08:02 4857996                    /usr/lib/x86_64-linux-gnu/libXxf86vm.so.1.0.0
7f7e4d4f0000-7f7e4d4f1000 rw-p 00000000 00:00 0 
7f7e4d4f1000-7f7e4d4f2000 rw-s 00000000 00:04 184726                     /drm mm object (deleted)
7f7e4d4f2000-7f7e4d4f3000 rw-s 00000000 00:04 182915                     /drm mm object (deleted)
7f7e4d4f3000-7f7e4d4f4000 rw-s 00000000 00:04 182910                     /drm mm object (deleted)
7f7e4d4f4000-7f7e4d4fc000 rw-s 00000000 00:04 183872                     /drm mm object (deleted)
7f7e4d4fc000-7f7e4d504000 rw-s 00000000 00:04 190683                     /drm mm object (deleted)
7f7e4d504000-7f7e4d506000 r-xp 00000000 08:02 4587537                    /tmp/jogamp_0000/file_cache/jln6060581444880006999/jln5249075017235058654/libnativewindow_awt.so
7f7e4d506000-7f7e4d705000 ---p 00002000 08:02 4587537                    /tmp/jogamp_0000/file_cache/jln6060581444880006999/jln5249075017235058654/libnativewindow_awt.so
7f7e4d705000-7f7e4d706000 rw-p 00001000 08:02 4587537                    /tmp/jogamp_0000/file_cache/jln6060581444880006999/jln5249075017235058654/libnativewindow_awt.so
7f7e4d706000-7f7e4d707000 r-xp 00000000 08:02 4855861                    /usr/lib/jvm/java-8-oracle/jre/lib/amd64/libjawt.so
7f7e4d707000-7f7e4d906000 ---p 00001000 08:02 4855861                    /usr/lib/jvm/java-8-oracle/jre/lib/amd64/libjawt.so
7f7e4d906000-7f7e4d907000 rw-p 00000000 08:02 4855861                    /usr/lib/jvm/java-8-oracle/jre/lib/amd64/libjawt.so
7f7e4d907000-7f7e4d909000 r-xp 00000000 08:02 4587563                    /tmp/jogamp_0000/file_cache/jln6060581444880006999/jln5249075017235058654/libgluegen-rt.so
7f7e4d909000-7f7e4db08000 ---p 00002000 08:02 4587563                    /tmp/jogamp_0000/file_cache/jln6060581444880006999/jln5249075017235058654/libgluegen-rt.so
7f7e4db08000-7f7e4db09000 rw-p 00001000 08:02 4587563                    /tmp/jogamp_0000/file_cache/jln6060581444880006999/jln5249075017235058654/libgluegen-rt.so
7f7e4db09000-7f7e4db0c000 ---p 00000000 00:00 0 
7f7e4db0c000-7f7e4dc0a000 rw-p 00000000 00:00 0                          [stack:12006]
7f7e4dc0a000-7f7e4dc0d000 ---p 00000000 00:00 0 
7f7e4dc0d000-7f7e4de43000 rw-p 00000000 00:00 0 
7f7e4de43000-7f7e4de46000 ---p 00000000 00:00 0 
7f7e4de46000-7f7e4e144000 rw-p 00000000 00:00 0                          [stack:11997]
7f7e4e144000-7f7e4e147000 ---p 00000000 00:00 0 
7f7e4e147000-7f7e4e245000 rw-p 00000000 00:00 0                          [stack:11996]
7f7e4e245000-7f7e4e2ae000 r-xp 00000000 08:02 4855882                    /usr/lib/jvm/java-8-oracle/jre/lib/amd64/libt2k.so
7f7e4e2ae000-7f7e4e4ad000 ---p 00069000 08:02 4855882                    /usr/lib/jvm/java-8-oracle/jre/lib/amd64/libt2k.so
7f7e4e4ad000-7f7e4e4b4000 rw-p 00068000 08:02 4855882                    /usr/lib/jvm/java-8-oracle/jre/lib/amd64/libt2k.so
7f7e4e4b4000-7f7e4e4c4000 rw-p 00000000 00:00 0 
7f7e4e4c4000-7f7e4e4d5000 r-xp 00000000 08:02 4855860                    /usr/lib/jvm/java-8-oracle/jre/lib/amd64/libnio.so
7f7e4e4d5000-7f7e4e6d4000 ---p 00011000 08:02 4855860                    /usr/lib/jvm/java-8-oracle/jre/lib/amd64/libnio.so
7f7e4e6d4000-7f7e4e6d5000 rw-p 00010000 08:02 4855860                    /usr/lib/jvm/java-8-oracle/jre/lib/amd64/libnio.so
7f7e4e6d5000-7f7e4e706000 rw-p 00000000 00:00 0 
7f7e4e706000-7f7e4e71c000 r-xp 00000000 08:02 4855886                    /usr/lib/jvm/java-8-oracle/jre/lib/amd64/libnet.so
7f7e4e71c000-7f7e4e91c000 ---p 00016000 08:02 4855886                    /usr/lib/jvm/java-8-oracle/jre/lib/amd64/libnet.so
7f7e4e91c000-7f7e4e91d000 rw-p 00016000 08:02 4855886                    /usr/lib/jvm/java-8-oracle/jre/lib/amd64/libnet.so
7f7e4e91d000-7f7e4e920000 ---p 00000000 00:00 0 
7f7e4e920000-7f7e4ea1e000 rw-p 00000000 00:00 0                          [stack:11994]
7f7e4ea1e000-7f7e4ea21000 ---p 00000000 00:00 0 
7f7e4ea21000-7f7e4eb1f000 rw-p 00000000 00:00 0                          [stack:11992]
7f7e4eb1f000-7f7e4eb22000 ---p 00000000 00:00 0 
7f7e4eb22000-7f7e4ec20000 rw-p 00000000 00:00 0                          [stack:11993]
7f7e4ec20000-7f7e4ec23000 ---p 00000000 00:00 0 
7f7e4ec23000-7f7e4ed21000 rw-p 00000000 00:00 0                          [stack:11990]
7f7e4ed21000-7f7e4ed26000 r-xp 00000000 08:02 4857960                    /usr/lib/x86_64-linux-gnu/libXfixes.so.3.1.0
7f7e4ed26000-7f7e4ef25000 ---p 00005000 08:02 4857960                    /usr/lib/x86_64-linux-gnu/libXfixes.so.3.1.0
7f7e4ef25000-7f7e4ef26000 r--p 00004000 08:02 4857960                    /usr/lib/x86_64-linux-gnu/libXfixes.so.3.1.0
7f7e4ef26000-7f7e4ef27000 rw-p 00005000 08:02 4857960                    /usr/lib/x86_64-linux-gnu/libXfixes.so.3.1.0
7f7e4ef27000-7f7e4ef30000 r-xp 00000000 08:02 4857952                    /usr/lib/x86_64-linux-gnu/libXcursor.so.1.0.2
7f7e4ef30000-7f7e4f12f000 ---p 00009000 08:02 4857952                    /usr/lib/x86_64-linux-gnu/libXcursor.so.1.0.2
7f7e4f12f000-7f7e4f130000 r--p 00008000 08:02 4857952                    /usr/lib/x86_64-linux-gnu/libXcursor.so.1.0.2
7f7e4f130000-7f7e4f131000 rw-p 00009000 08:02 4857952                    /usr/lib/x86_64-linux-gnu/libXcursor.so.1.0.2
7f7e4f131000-7f7e4f147000 r-xp 00000000 08:02 2625642                    /lib/x86_64-linux-gnu/libgcc_s.so.1
7f7e4f147000-7f7e4f346000 ---p 00016000 08:02 2625642                    /lib/x86_64-linux-gnu/libgcc_s.so.1
7f7e4f346000-7f7e4f347000 r--p 00015000 08:02 2625642                    /lib/x86_64-linux-gnu/libgcc_s.so.1
7f7e4f347000-7f7e4f348000 rw-p 00016000 08:02 2625642                    /lib/x86_64-linux-gnu/libgcc_s.so.1
7f7e4f348000-7f7e4f3ad000 r-xp 00000000 08:02 4855916                    /usr/lib/jvm/java-8-oracle/jre/lib/amd64/libfontmanager.so
7f7e4f3ad000-7f7e4f5ac000 ---p 00065000 08:02 4855916                    /usr/lib/jvm/java-8-oracle/jre/lib/amd64/libfontmanager.so
7f7e4f5ac000-7f7e4f5b1000 rw-p 00064000 08:02 4855916                    /usr/lib/jvm/java-8-oracle/jre/lib/amd64/libfontmanager.so
7f7e4f5b1000-7f7e4f5c1000 rw-p 00000000 00:00 0 
7f7e4f5c1000-7f7e4f5c6000 r-xp 00000000 08:02 4857956                    /usr/lib/x86_64-linux-gnu/libXdmcp.so.6.0.0
7f7e4f5c6000-7f7e4f7c5000 ---p 00005000 08:02 4857956                    /usr/lib/x86_64-linux-gnu/libXdmcp.so.6.0.0
7f7e4f7c5000-7f7e4f7c6000 r--p 00004000 08:02 4857956                    /usr/lib/x86_64-linux-gnu/libXdmcp.so.6.0.0
7f7e4f7c6000-7f7e4f7c7000 rw-p 00005000 08:02 4857956                    /usr/lib/x86_64-linux-gnu/libXdmcp.so.6.0.0
7f7e4f7c7000-7f7e4f7c9000 r-xp 00000000 08:02 4857945                    /usr/lib/x86_64-linux-gnu/libXau.so.6.0.0
7f7e4f7c9000-7f7e4f9c9000 ---p 00002000 08:02 4857945                    /usr/lib/x86_64-linux-gnu/libXau.so.6.0.0
7f7e4f9c9000-7f7e4f9ca000 r--p 00002000 08:02 4857945                    /usr/lib/x86_64-linux-gnu/libXau.so.6.0.0
7f7e4f9ca000-7f7e4f9cb000 rw-p 00003000 08:02 4857945                    /usr/lib/x86_64-linux-gnu/libXau.so.6.0.0
7f7e4f9cb000-7f7e4f9e8000 r-xp 00000000 08:02 4859026                    /usr/lib/x86_64-linux-gnu/libxcb.so.1.1.0
7f7e4f9e8000-7f7e4fbe8000 ---p 0001d000 08:02 4859026                    /usr/lib/x86_64-linux-gnu/libxcb.so.1.1.0
7f7e4fbe8000-7f7e4fbe9000 r--p 0001d000 08:02 4859026                    /usr/lib/x86_64-linux-gnu/libxcb.so.1.1.0
7f7e4fbe9000-7f7e4fbea000 rw-p 0001e000 08:02 4859026                    /usr/lib/x86_64-linux-gnu/libxcb.so.1.1.0
7f7e4fbea000-7f7e4fbf9000 r-xp 00000000 08:02 4857966                    /usr/lib/x86_64-linux-gnu/libXi.so.6.1.0
7f7e4fbf9000-7f7e4fdf8000 ---p 0000f000 08:02 4857966                    /usr/lib/x86_64-linux-gnu/libXi.so.6.1.0
7f7e4fdf8000-7f7e4fdf9000 r--p 0000e000 08:02 4857966                    /usr/lib/x86_64-linux-gnu/libXi.so.6.1.0
7f7e4fdf9000-7f7e4fdfa000 rw-p 0000f000 08:02 4857966                    /usr/lib/x86_64-linux-gnu/libXi.so.6.1.0
7f7e4fdfa000-7f7e4fdff000 r-xp 00000000 08:02 4857986                    /usr/lib/x86_64-linux-gnu/libXtst.so.6.1.0
7f7e4fdff000-7f7e4fffe000 ---p 00005000 08:02 4857986                    /usr/lib/x86_64-linux-gnu/libXtst.so.6.1.0
7f7e4fffe000-7f7e4ffff000 r--p 00004000 08:02 4857986                    /usr/lib/x86_64-linux-gnu/libXtst.so.6.1.0
7f7e4ffff000-7f7e50000000 rw-p 00005000 08:02 4857986                    /usr/lib/x86_64-linux-gnu/libXtst.so.6.1.0
7f7e50000000-7f7e50021000 rw-p 00000000 00:00 0 
7f7e50021000-7f7e54000000 ---p 00000000 00:00 0 
7f7e54000000-7f7e54021000 rw-p 00000000 00:00 0 
7f7e54021000-7f7e58000000 ---p 00000000 00:00 0 
7f7e58000000-7f7e5919c000 rw-p 00000000 00:00 0 
7f7e5919c000-7f7e5c000000 ---p 00000000 00:00 0 
7f7e5c000000-7f7e5c838000 rw-p 00000000 00:00 0 
7f7e5c838000-7f7e60000000 ---p 00000000 00:00 0 
7f7e60000000-7f7e60021000 rw-p 00000000 00:00 0 
7f7e60021000-7f7e64000000 ---p 00000000 00:00 0 
7f7e64000000-7f7e65a16000 rw-p 00000000 00:00 0 
7f7e65a16000-7f7e68000000 ---p 00000000 00:00 0 
7f7e68000000-7f7e68021000 rw-p 00000000 00:00 0 
7f7e68021000-7f7e6c000000 ---p 00000000 00:00 0 
7f7e6c000000-7f7e6c021000 rw-p 00000000 00:00 0 
7f7e6c021000-7f7e70000000 ---p 00000000 00:00 0 
7f7e70000000-7f7e70021000 rw-p 00000000 00:00 0 
7f7e70021000-7f7e74000000 ---p 00000000 00:00 0 
7f7e74000000-7f7e74032000 rw-p 00000000 00:00 0 
7f7e74032000-7f7e78000000 ---p 00000000 00:00 0 
7f7e78000000-7f7e78021000 rw-p 00000000 00:00 0 
7f7e78021000-7f7e7c000000 ---p 00000000 00:00 0 
7f7e7c000000-7f7e7c021000 rw-p 00000000 00:00 0 
7f7e7c021000-7f7e80000000 ---p 00000000 00:00 0 
7f7e80000000-7f7e80021000 rw-p 00000000 00:00 0 
7f7e80021000-7f7e84000000 ---p 00000000 00:00 0 
7f7e84000000-7f7e84001000 rw-s 00000000 00:04 183873                     /drm mm object (deleted)
7f7e84001000-7f7e84009000 rw-s 00000000 00:04 184721                     /drm mm object (deleted)
7f7e84009000-7f7e84011000 rw-s 00000000 00:04 184717                     /drm mm object (deleted)
7f7e84011000-7f7e8402d000 r--s 00393000 08:02 4855940                    /usr/lib/jvm/java-8-oracle/jre/lib/ext/cldrdata.jar
7f7e8402d000-7f7e84030000 ---p 00000000 00:00 0 
7f7e84030000-7f7e8412e000 rw-p 00000000 00:00 0                          [stack:11989]
7f7e8412e000-7f7e84137000 r-xp 00000000 08:02 4857980                    /usr/lib/x86_64-linux-gnu/libXrender.so.1.3.0
7f7e84137000-7f7e84336000 ---p 00009000 08:02 4857980                    /usr/lib/x86_64-linux-gnu/libXrender.so.1.3.0
7f7e84336000-7f7e84337000 r--p 00008000 08:02 4857980                    /usr/lib/x86_64-linux-gnu/libXrender.so.1.3.0
7f7e84337000-7f7e84338000 rw-p 00009000 08:02 4857980                    /usr/lib/x86_64-linux-gnu/libXrender.so.1.3.0
7f7e84338000-7f7e8446b000 r-xp 00000000 08:02 4857941                    /usr/lib/x86_64-linux-gnu/libX11.so.6.3.0
7f7e8446b000-7f7e8466b000 ---p 00133000 08:02 4857941                    /usr/lib/x86_64-linux-gnu/libX11.so.6.3.0
7f7e8466b000-7f7e8466c000 r--p 00133000 08:02 4857941                    /usr/lib/x86_64-linux-gnu/libX11.so.6.3.0
7f7e8466c000-7f7e84670000 rw-p 00134000 08:02 4857941                    /usr/lib/x86_64-linux-gnu/libX11.so.6.3.0
7f7e84670000-7f7e84671000 rw-p 00000000 00:00 0 
7f7e84671000-7f7e84682000 r-xp 00000000 08:02 4857958                    /usr/lib/x86_64-linux-gnu/libXext.so.6.4.0
7f7e84682000-7f7e84881000 ---p 00011000 08:02 4857958                    /usr/lib/x86_64-linux-gnu/libXext.so.6.4.0
7f7e84881000-7f7e84882000 r--p 00010000 08:02 4857958                    /usr/lib/x86_64-linux-gnu/libXext.so.6.4.0
7f7e84882000-7f7e84883000 rw-p 00011000 08:02 4857958                    /usr/lib/x86_64-linux-gnu/libXext.so.6.4.0
7f7e84883000-7f7e84884000 rwxp 00000000 00:00 0 
7f7e84884000-7f7e84885000 rw-s 00000000 00:04 184718                     /drm mm object (deleted)
7f7e84885000-7f7e84886000 r--s 0002f000 08:02 5120518                    /home/bhupendra/Coursera Java Specialization/Assignments/World-Earthquakes-View/UCSDUnfoldingMaps/lib/jogl-all-natives-linux-amd64.jar
7f7e84886000-7f7e84888000 r--s 00000000 08:02 5120511                    /home/bhupendra/Coursera Java Specialization/Assignments/World-Earthquakes-View/UCSDUnfoldingMaps/lib/gluegen-rt-natives-linux-amd64.jar
7f7e84888000-7f7e84893000 r--s 00116000 08:02 4855938                    /usr/lib/jvm/java-8-oracle/jre/lib/ext/localedata.jar
7f7e84893000-7f7e84898000 r--s 00094000 08:02 4855697                    /usr/lib/jvm/java-8-oracle/jre/lib/jsse.jar
7f7e84898000-7f7e848ec000 r-xp 00000000 08:02 4855857                    /usr/lib/jvm/java-8-oracle/jre/lib/amd64/libawt_xawt.so
7f7e848ec000-7f7e84aec000 ---p 00054000 08:02 4855857                    /usr/lib/jvm/java-8-oracle/jre/lib/amd64/libawt_xawt.so
7f7e84aec000-7f7e84af0000 rw-p 00054000 08:02 4855857                    /usr/lib/jvm/java-8-oracle/jre/lib/amd64/libawt_xawt.so
7f7e84af0000-7f7e84af1000 rw-p 00000000 00:00 0 
7f7e84af1000-7f7e84b93000 r-xp 00000000 08:02 4855893                    /usr/lib/jvm/java-8-oracle/jre/lib/amd64/libawt.so
7f7e84b93000-7f7e84d93000 ---p 000a2000 08:02 4855893                    /usr/lib/jvm/java-8-oracle/jre/lib/amd64/libawt.so
7f7e84d93000-7f7e84d9f000 rw-p 000a2000 08:02 4855893                    /usr/lib/jvm/java-8-oracle/jre/lib/amd64/libawt.so
7f7e84d9f000-7f7e84dc3000 rw-p 00000000 00:00 0 
7f7e84dc3000-7f7e84de6000 r--s 002ec000 08:02 5120524                    /home/bhupendra/Coursera Java Specialization/Assignments/World-Earthquakes-View/UCSDUnfoldingMaps/lib/jogl-all.jar
7f7e84de6000-7f7e84de7000 ---p 00000000 00:00 0 
7f7e84de7000-7f7e84ee7000 rw-p 00000000 00:00 0                          [stack:11988]
7f7e84ee7000-7f7e84eea000 ---p 00000000 00:00 0 
7f7e84eea000-7f7e84fe8000 rw-p 00000000 00:00 0                          [stack:11987]
7f7e84fe8000-7f7e84feb000 ---p 00000000 00:00 0 
7f7e84feb000-7f7e850e9000 rw-p 00000000 00:00 0                          [stack:11986]
7f7e850e9000-7f7e850ec000 ---p 00000000 00:00 0 
7f7e850ec000-7f7e851ea000 rw-p 00000000 00:00 0                          [stack:11985]
7f7e851ea000-7f7e851ed000 ---p 00000000 00:00 0 
7f7e851ed000-7f7e852eb000 rw-p 00000000 00:00 0                          [stack:11984]
7f7e852eb000-7f7e852ee000 ---p 00000000 00:00 0 
7f7e852ee000-7f7e853ec000 rw-p 00000000 00:00 0                          [stack:11983]
7f7e853ec000-7f7e85ace000 r--p 00000000 08:02 4857189                    /usr/lib/locale/locale-archive
7f7e85ace000-7f7e85ad1000 ---p 00000000 00:00 0 
7f7e85ad1000-7f7e85bcf000 rw-p 00000000 00:00 0                          [stack:11982]
7f7e85bcf000-7f7e85bd2000 ---p 00000000 00:00 0 
7f7e85bd2000-7f7e85cd0000 rw-p 00000000 00:00 0                          [stack:11981]
7f7e85cd0000-7f7e85cd1000 ---p 00000000 00:00 0 
7f7e85cd1000-7f7e89000000 rw-p 00000000 00:00 0                          [stack:11980]
7f7e89000000-7f7e899e0000 rwxp 00000000 00:00 0 
7f7e899e0000-7f7e98000000 ---p 00000000 00:00 0 
7f7e98000000-7f7e98281000 rw-p 00000000 00:00 0 
7f7e98281000-7f7e9c000000 ---p 00000000 00:00 0 
7f7e9c000000-7f7e9c001000 r--p 00000000 00:00 0 
7f7e9c001000-7f7e9c007000 r--s 00033000 08:02 5120529                    /home/bhupendra/Coursera Java Specialization/Assignments/World-Earthquakes-View/UCSDUnfoldingMaps/lib/unfolding.0.9.7-uscd.jar
7f7e9c007000-7f7e9c00e000 r--s 00059000 08:02 5120527                    /home/bhupendra/Coursera Java Specialization/Assignments/World-Earthquakes-View/UCSDUnfoldingMaps/lib/log4j-1.2.15.jar
7f7e9c00e000-7f7e9c360000 rw-p 00000000 00:00 0 
7f7e9c360000-7f7e9c539000 r--s 03d09000 08:02 4855699                    /usr/lib/jvm/java-8-oracle/jre/lib/rt.jar
7f7e9c539000-7f7e9c78b000 rw-p 00000000 00:00 0 
7f7e9c78b000-7f7e9c78c000 ---p 00000000 00:00 0 
7f7e9c78c000-7f7e9c88c000 rw-p 00000000 00:00 0                          [stack:11979]
7f7e9c88c000-7f7e9c88d000 ---p 00000000 00:00 0 
7f7e9c88d000-7f7e9c98d000 rw-p 00000000 00:00 0                          [stack:11978]
7f7e9c98d000-7f7e9c98e000 ---p 00000000 00:00 0 
7f7e9c98e000-7f7e9ca8e000 rw-p 00000000 00:00 0                          [stack:11977]
7f7e9ca8e000-7f7e9ca8f000 ---p 00000000 00:00 0 
7f7e9ca8f000-7f7e9cba7000 rw-p 00000000 00:00 0                          [stack:11976]
7f7e9cba7000-7f7e9cccd000 ---p 00000000 00:00 0 
7f7e9cccd000-7f7e9cce5000 rw-p 00000000 00:00 0 
7f7e9cce5000-7f7e9ce0a000 ---p 00000000 00:00 0 
7f7e9ce0a000-7f7e9ce64000 rw-p 00000000 00:00 0 
7f7e9ce64000-7f7e9cea9000 ---p 00000000 00:00 0 
7f7e9cea9000-7f7e9ced2000 rw-p 00000000 00:00 0 
7f7e9ced2000-7f7e9d26a000 ---p 00000000 00:00 0 
7f7e9d26a000-7f7e9d284000 r-xp 00000000 08:02 4855865                    /usr/lib/jvm/java-8-oracle/jre/lib/amd64/libzip.so
7f7e9d284000-7f7e9d484000 ---p 0001a000 08:02 4855865                    /usr/lib/jvm/java-8-oracle/jre/lib/amd64/libzip.so
7f7e9d484000-7f7e9d485000 rw-p 0001a000 08:02 4855865                    /usr/lib/jvm/java-8-oracle/jre/lib/amd64/libzip.so
7f7e9d485000-7f7e9d490000 r-xp 00000000 08:02 2621543                    /lib/x86_64-linux-gnu/libnss_files-2.19.so
7f7e9d490000-7f7e9d68f000 ---p 0000b000 08:02 2621543                    /lib/x86_64-linux-gnu/libnss_files-2.19.so
7f7e9d68f000-7f7e9d690000 r--p 0000a000 08:02 2621543                    /lib/x86_64-linux-gnu/libnss_files-2.19.so
7f7e9d690000-7f7e9d691000 rw-p 0000b000 08:02 2621543                    /lib/x86_64-linux-gnu/libnss_files-2.19.so
7f7e9d691000-7f7e9d69c000 r-xp 00000000 08:02 2621455                    /lib/x86_64-linux-gnu/libnss_nis-2.19.so
7f7e9d69c000-7f7e9d89b000 ---p 0000b000 08:02 2621455                    /lib/x86_64-linux-gnu/libnss_nis-2.19.so
7f7e9d89b000-7f7e9d89c000 r--p 0000a000 08:02 2621455                    /lib/x86_64-linux-gnu/libnss_nis-2.19.so
7f7e9d89c000-7f7e9d89d000 rw-p 0000b000 08:02 2621455                    /lib/x86_64-linux-gnu/libnss_nis-2.19.so
7f7e9d89d000-7f7e9d8b4000 r-xp 00000000 08:02 2621545                    /lib/x86_64-linux-gnu/libnsl-2.19.so
7f7e9d8b4000-7f7e9dab3000 ---p 00017000 08:02 2621545                    /lib/x86_64-linux-gnu/libnsl-2.19.so
7f7e9dab3000-7f7e9dab4000 r--p 00016000 08:02 2621545                    /lib/x86_64-linux-gnu/libnsl-2.19.so
7f7e9dab4000-7f7e9dab5000 rw-p 00017000 08:02 2621545                    /lib/x86_64-linux-gnu/libnsl-2.19.so
7f7e9dab5000-7f7e9dab7000 rw-p 00000000 00:00 0 
7f7e9dab7000-7f7e9dac0000 r-xp 00000000 08:02 2621538                    /lib/x86_64-linux-gnu/libnss_compat-2.19.so
7f7e9dac0000-7f7e9dcbf000 ---p 00009000 08:02 2621538                    /lib/x86_64-linux-gnu/libnss_compat-2.19.so
7f7e9dcbf000-7f7e9dcc0000 r--p 00008000 08:02 2621538                    /lib/x86_64-linux-gnu/libnss_compat-2.19.so
7f7e9dcc0000-7f7e9dcc1000 rw-p 00009000 08:02 2621538                    /lib/x86_64-linux-gnu/libnss_compat-2.19.so
7f7e9dcc1000-7f7e9dceb000 r-xp 00000000 08:02 4855858                    /usr/lib/jvm/java-8-oracle/jre/lib/amd64/libjava.so
7f7e9dceb000-7f7e9deeb000 ---p 0002a000 08:02 4855858                    /usr/lib/jvm/java-8-oracle/jre/lib/amd64/libjava.so
7f7e9deeb000-7f7e9deed000 rw-p 0002a000 08:02 4855858                    /usr/lib/jvm/java-8-oracle/jre/lib/amd64/libjava.so
7f7e9deed000-7f7e9defa000 r-xp 00000000 08:02 4855900                    /usr/lib/jvm/java-8-oracle/jre/lib/amd64/libverify.so
7f7e9defa000-7f7e9e0fa000 ---p 0000d000 08:02 4855900                    /usr/lib/jvm/java-8-oracle/jre/lib/amd64/libverify.so
7f7e9e0fa000-7f7e9e0fc000 rw-p 0000d000 08:02 4855900                    /usr/lib/jvm/java-8-oracle/jre/lib/amd64/libverify.so
7f7e9e0fc000-7f7e9e103000 r-xp 00000000 08:02 2621541                    /lib/x86_64-linux-gnu/librt-2.19.so
7f7e9e103000-7f7e9e302000 ---p 00007000 08:02 2621541                    /lib/x86_64-linux-gnu/librt-2.19.so
7f7e9e302000-7f7e9e303000 r--p 00006000 08:02 2621541                    /lib/x86_64-linux-gnu/librt-2.19.so
7f7e9e303000-7f7e9e304000 rw-p 00007000 08:02 2621541                    /lib/x86_64-linux-gnu/librt-2.19.so
7f7e9e304000-7f7e9e409000 r-xp 00000000 08:02 2621542                    /lib/x86_64-linux-gnu/libm-2.19.so
7f7e9e409000-7f7e9e608000 ---p 00105000 08:02 2621542                    /lib/x86_64-linux-gnu/libm-2.19.so
7f7e9e608000-7f7e9e609000 r--p 00104000 08:02 2621542                    /lib/x86_64-linux-gnu/libm-2.19.so
7f7e9e609000-7f7e9e60a000 rw-p 00105000 08:02 2621542                    /lib/x86_64-linux-gnu/libm-2.19.so
7f7e9e60a000-7f7e9f2b8000 r-xp 00000000 08:02 4855906                    /usr/lib/jvm/java-8-oracle/jre/lib/amd64/server/libjvm.so
7f7e9f2b8000-7f7e9f4b7000 ---p 00cae000 08:02 4855906                    /usr/lib/jvm/java-8-oracle/jre/lib/amd64/server/libjvm.so
7f7e9f4b7000-7f7e9f58e000 rw-p 00cad000 08:02 4855906                    /usr/lib/jvm/java-8-oracle/jre/lib/amd64/server/libjvm.so
7f7e9f58e000-7f7e9f5d2000 rw-p 00000000 00:00 0 
7f7e9f5d2000-7f7e9f78c000 r-xp 00000000 08:02 2625514                    /lib/x86_64-linux-gnu/libc-2.19.so
7f7e9f78c000-7f7e9f98c000 ---p 001ba000 08:02 2625514                    /lib/x86_64-linux-gnu/libc-2.19.so
7f7e9f98c000-7f7e9f990000 r--p 001ba000 08:02 2625514                    /lib/x86_64-linux-gnu/libc-2.19.so
7f7e9f990000-7f7e9f992000 rw-p 001be000 08:02 2625514                    /lib/x86_64-linux-gnu/libc-2.19.so
7f7e9f992000-7f7e9f997000 rw-p 00000000 00:00 0 
7f7e9f997000-7f7e9f99a000 r-xp 00000000 08:02 2621535                    /lib/x86_64-linux-gnu/libdl-2.19.so
7f7e9f99a000-7f7e9fb99000 ---p 00003000 08:02 2621535                    /lib/x86_64-linux-gnu/libdl-2.19.so
7f7e9fb99000-7f7e9fb9a000 r--p 00002000 08:02 2621535                    /lib/x86_64-linux-gnu/libdl-2.19.so
7f7e9fb9a000-7f7e9fb9b000 rw-p 00003000 08:02 2621535                    /lib/x86_64-linux-gnu/libdl-2.19.so
7f7e9fb9b000-7f7e9fbb0000 r-xp 00000000 08:02 4856243                    /usr/lib/jvm/java-8-oracle/lib/amd64/jli/libjli.so
7f7e9fbb0000-7f7e9fdb0000 ---p 00015000 08:02 4856243                    /usr/lib/jvm/java-8-oracle/lib/amd64/jli/libjli.so
7f7e9fdb0000-7f7e9fdb1000 rw-p 00015000 08:02 4856243                    /usr/lib/jvm/java-8-oracle/lib/amd64/jli/libjli.so
7f7e9fdb1000-7f7e9fdca000 r-xp 00000000 08:02 2625630                    /lib/x86_64-linux-gnu/libpthread-2.19.so
7f7e9fdca000-7f7e9ffc9000 ---p 00019000 08:02 2625630                    /lib/x86_64-linux-gnu/libpthread-2.19.so
7f7e9ffc9000-7f7e9ffca000 r--p 00018000 08:02 2625630                    /lib/x86_64-linux-gnu/libpthread-2.19.so
7f7e9ffca000-7f7e9ffcb000 rw-p 00019000 08:02 2625630                    /lib/x86_64-linux-gnu/libpthread-2.19.so
7f7e9ffcb000-7f7e9ffcf000 rw-p 00000000 00:00 0 
7f7e9ffcf000-7f7e9fff2000 r-xp 00000000 08:02 2621534                    /lib/x86_64-linux-gnu/ld-2.19.so
7f7e9fff2000-7f7e9fff7000 r--s 00309000 08:02 5120528                    /home/bhupendra/Coursera Java Specialization/Assignments/World-Earthquakes-View/UCSDUnfoldingMaps/lib/sqlite-jdbc-3.7.2.jar
7f7e9fff7000-7f7e9fffd000 r--s 00041000 08:02 5120517                    /home/bhupendra/Coursera Java Specialization/Assignments/World-Earthquakes-View/UCSDUnfoldingMaps/lib/gluegen-rt.jar
7f7e9fffd000-7f7ea00d5000 rw-p 00000000 00:00 0 
7f7ea00d5000-7f7ea00d8000 ---p 00000000 00:00 0 
7f7ea00d8000-7f7ea01da000 rw-p 00000000 00:00 0                          [stack:11975]
7f7ea01da000-7f7ea01db000 r--s 00005000 08:02 5120526                    /home/bhupendra/Coursera Java Specialization/Assignments/World-Earthquakes-View/UCSDUnfoldingMaps/lib/libTUIO.jar
7f7ea01db000-7f7ea01dc000 r--s 00007000 08:02 5120525                    /home/bhupendra/Coursera Java Specialization/Assignments/World-Earthquakes-View/UCSDUnfoldingMaps/lib/json4processing.jar
7f7ea01dc000-7f7ea01e0000 r--s 0009a000 08:02 5120510                    /home/bhupendra/Coursera Java Specialization/Assignments/World-Earthquakes-View/UCSDUnfoldingMaps/lib/core.jar
7f7ea01e0000-7f7ea01e5000 r--s 002f8000 08:02 4855711                    /usr/lib/jvm/java-8-oracle/jre/lib/charsets.jar
7f7ea01e5000-7f7ea01ed000 rw-s 00000000 08:02 4587532                    /tmp/hsperfdata_bhupendra/11970
7f7ea01ed000-7f7ea01ee000 rw-p 00000000 00:00 0 
7f7ea01ee000-7f7ea01ef000 r--p 00000000 00:00 0 
7f7ea01ef000-7f7ea01f1000 rw-p 00000000 00:00 0 
7f7ea01f1000-7f7ea01f2000 r--p 00022000 08:02 2621534                    /lib/x86_64-linux-gnu/ld-2.19.so
7f7ea01f2000-7f7ea01f3000 rw-p 00023000 08:02 2621534                    /lib/x86_64-linux-gnu/ld-2.19.so
7f7ea01f3000-7f7ea01f4000 rw-p 00000000 00:00 0 
7fff7845e000-7fff7847f000 rw-p 00000000 00:00 0                          [stack]
7fff785fc000-7fff785fe000 r-xp 00000000 00:00 0                          [vdso]
7fff785fe000-7fff78600000 r--p 00000000 00:00 0                          [vvar]
ffffffffff600000-ffffffffff601000 r-xp 00000000 00:00 0                  [vsyscall]

VM Arguments:
jvm_args: -Djava.security.policy=java.policy.applet -Dfile.encoding=UTF-8 
java_command: sun.applet.AppletViewer module4.EarthquakeCityMap1448803697247.html
java_class_path (initial): /home/bhupendra/Coursera Java Specialization/Assignments/World-Earthquakes-View/UCSDUnfoldingMaps/build:/home/bhupendra/Coursera Java Specialization/Assignments/World-Earthquakes-View/UCSDUnfoldingMaps/lib/core.jar:/home/bhupendra/Coursera Java Specialization/Assignments/World-Earthquakes-View/UCSDUnfoldingMaps/lib/gluegen-rt.jar:/home/bhupendra/Coursera Java Specialization/Assignments/World-Earthquakes-View/UCSDUnfoldingMaps/lib/jogl-all.jar:/home/bhupendra/Coursera Java Specialization/Assignments/World-Earthquakes-View/UCSDUnfoldingMaps/lib/log4j-1.2.15.jar:/home/bhupendra/Coursera Java Specialization/Assignments/World-Earthquakes-View/UCSDUnfoldingMaps/lib/sqlite-jdbc-3.7.2.jar:/home/bhupendra/Coursera Java Specialization/Assignments/World-Earthquakes-View/UCSDUnfoldingMaps/lib/json4processing.jar:/home/bhupendra/Coursera Java Specialization/Assignments/World-Earthquakes-View/UCSDUnfoldingMaps/lib/libTUIO.jar:/home/bhupendra/Coursera Java Specialization/Assignments/World-Earthquakes-View/UCSDUnfoldingMaps/lib/unfolding.0.9.7-uscd.jar
Launcher Type: SUN_STANDARD

Environment Variables:
PATH=/usr/local/sbin:/usr/local/bin:/usr/sbin:/usr/bin:/sbin:/bin:/usr/games:/usr/local/games
USERNAME=bhupendra
SHELL=/bin/bash
DISPLAY=:0.0

Signal Handlers:
SIGSEGV: [libjvm.so+0xaad1e0], sa_mask[0]=11111111011111111101111111111110, sa_flags=SA_RESTART|SA_SIGINFO
SIGBUS: [libjvm.so+0xaad1e0], sa_mask[0]=11111111011111111101111111111110, sa_flags=SA_RESTART|SA_SIGINFO
SIGFPE: [libjvm.so+0x90b450], sa_mask[0]=11111111011111111101111111111110, sa_flags=SA_RESTART|SA_SIGINFO
SIGPIPE: [libjvm.so+0x90b450], sa_mask[0]=11111111011111111101111111111110, sa_flags=SA_RESTART|SA_SIGINFO
SIGXFSZ: [libjvm.so+0x90b450], sa_mask[0]=11111111011111111101111111111110, sa_flags=SA_RESTART|SA_SIGINFO
SIGILL: [libjvm.so+0x90b450], sa_mask[0]=11111111011111111101111111111110, sa_flags=SA_RESTART|SA_SIGINFO
SIGUSR1: SIG_DFL, sa_mask[0]=00000000000000000000000000000000, sa_flags=none
SIGUSR2: [libjvm.so+0x90ca90], sa_mask[0]=00100000000000000000000000000000, sa_flags=SA_RESTART|SA_SIGINFO
SIGHUP: [libjvm.so+0x90dde0], sa_mask[0]=11111111011111111101111111111110, sa_flags=SA_RESTART|SA_SIGINFO
SIGINT: [libjvm.so+0x90dde0], sa_mask[0]=11111111011111111101111111111110, sa_flags=SA_RESTART|SA_SIGINFO
SIGTERM: [libjvm.so+0x90dde0], sa_mask[0]=11111111011111111101111111111110, sa_flags=SA_RESTART|SA_SIGINFO
SIGQUIT: [libjvm.so+0x90dde0], sa_mask[0]=11111111011111111101111111111110, sa_flags=SA_RESTART|SA_SIGINFO


---------------  S Y S T E M  ---------------

OS:DISTRIB_ID=Ubuntu
DISTRIB_RELEASE=14.10
DISTRIB_CODENAME=utopic
DISTRIB_DESCRIPTION="Ubuntu 14.10"

uname:Linux 3.16.0-30-generic #40-Ubuntu SMP Mon Jan 12 22:06:37 UTC 2015 x86_64
libc:glibc 2.19 NPTL 2.19 
rlimit: STACK 8192k, CORE 0k, NPROC 14376, NOFILE 4096, AS infinity
load average:8.35 3.36 1.81

/proc/meminfo:
MemTotal:        3891224 kB
MemFree:          712820 kB
MemAvailable:     757316 kB
Buffers:            2608 kB
Cached:           763884 kB
SwapCached:       113372 kB
Active:          2123612 kB
Inactive:         788876 kB
Active(anon):    2043988 kB
Inactive(anon):   719536 kB
Active(file):      79624 kB
Inactive(file):    69340 kB
Unevictable:          48 kB
Mlocked:              48 kB
SwapTotal:       4036604 kB
SwapFree:        2071784 kB
Dirty:                52 kB
Writeback:             0 kB
AnonPages:       2089996 kB
Mapped:           259840 kB
Shmem:            617132 kB
Slab:             148456 kB
SReclaimable:     108956 kB
SUnreclaim:        39500 kB
KernelStack:       10368 kB
PageTables:        43212 kB
NFS_Unstable:          0 kB
Bounce:                0 kB
WritebackTmp:          0 kB
CommitLimit:     5982216 kB
Committed_AS:    8701572 kB
VmallocTotal:   34359738367 kB
VmallocUsed:      400980 kB
VmallocChunk:   34359244552 kB
HardwareCorrupted:     0 kB
AnonHugePages:    972800 kB
HugePages_Total:       0
HugePages_Free:        0
HugePages_Rsvd:        0
HugePages_Surp:        0
Hugepagesize:       2048 kB
DirectMap4k:      100148 kB
DirectMap2M:     3938304 kB


CPU:total 4 (2 cores per cpu, 2 threads per core) family 6 model 58 stepping 9, cmov, cx8, fxsr, mmx, sse, sse2, sse3, ssse3, sse4.1, sse4.2, popcnt, avx, aes, clmul, erms, ht, tsc, tscinvbit, tscinv

/proc/cpuinfo:
processor	: 0
vendor_id	: GenuineIntel
cpu family	: 6
model		: 58
model name	: Intel(R) Core(TM) i5-3210M CPU @ 2.50GHz
stepping	: 9
microcode	: 0x12
cpu MHz		: 1218.066
cache size	: 3072 KB
physical id	: 0
siblings	: 4
core id		: 0
cpu cores	: 2
apicid		: 0
initial apicid	: 0
fpu		: yes
fpu_exception	: yes
cpuid level	: 13
wp		: yes
flags		: fpu vme de pse tsc msr pae mce cx8 apic sep mtrr pge mca cmov pat pse36 clflush dts acpi mmx fxsr sse sse2 ss ht tm pbe syscall nx rdtscp lm constant_tsc arch_perfmon pebs bts rep_good nopl xtopology nonstop_tsc aperfmperf eagerfpu pni pclmulqdq dtes64 monitor ds_cpl vmx est tm2 ssse3 cx16 xtpr pdcm pcid sse4_1 sse4_2 x2apic popcnt tsc_deadline_timer aes xsave avx f16c rdrand lahf_lm ida arat epb xsaveopt pln pts dtherm tpr_shadow vnmi flexpriority ept vpid fsgsbase smep erms
bogomips	: 4988.63
clflush size	: 64
cache_alignment	: 64
address sizes	: 36 bits physical, 48 bits virtual
power management:

processor	: 1
vendor_id	: GenuineIntel
cpu family	: 6
model		: 58
model name	: Intel(R) Core(TM) i5-3210M CPU @ 2.50GHz
stepping	: 9
microcode	: 0x12
cpu MHz		: 1299.707
cache size	: 3072 KB
physical id	: 0
siblings	: 4
core id		: 0
cpu cores	: 2
apicid		: 1
initial apicid	: 1
fpu		: yes
fpu_exception	: yes
cpuid level	: 13
wp		: yes
flags		: fpu vme de pse tsc msr pae mce cx8 apic sep mtrr pge mca cmov pat pse36 clflush dts acpi mmx fxsr sse sse2 ss ht tm pbe syscall nx rdtscp lm constant_tsc arch_perfmon pebs bts rep_good nopl xtopology nonstop_tsc aperfmperf eagerfpu pni pclmulqdq dtes64 monitor ds_cpl vmx est tm2 ssse3 cx16 xtpr pdcm pcid sse4_1 sse4_2 x2apic popcnt tsc_deadline_timer aes xsave avx f16c rdrand lahf_lm ida arat epb xsaveopt pln pts dtherm tpr_shadow vnmi flexpriority ept vpid fsgsbase smep erms
bogomips	: 4988.63
clflush size	: 64
cache_alignment	: 64
address sizes	: 36 bits physical, 48 bits virtual
power management:

processor	: 2
vendor_id	: GenuineIntel
cpu family	: 6
model		: 58
model name	: Intel(R) Core(TM) i5-3210M CPU @ 2.50GHz
stepping	: 9
microcode	: 0x12
cpu MHz		: 1230.566
cache size	: 3072 KB
physical id	: 0
siblings	: 4
core id		: 1
cpu cores	: 2
apicid		: 2
initial apicid	: 2
fpu		: yes
fpu_exception	: yes
cpuid level	: 13
wp		: yes
flags		: fpu vme de pse tsc msr pae mce cx8 apic sep mtrr pge mca cmov pat pse36 clflush dts acpi mmx fxsr sse sse2 ss ht tm pbe syscall nx rdtscp lm constant_tsc arch_perfmon pebs bts rep_good nopl xtopology nonstop_tsc aperfmperf eagerfpu pni pclmulqdq dtes64 monitor ds_cpl vmx est tm2 ssse3 cx16 xtpr pdcm pcid sse4_1 sse4_2 x2apic popcnt tsc_deadline_timer aes xsave avx f16c rdrand lahf_lm ida arat epb xsaveopt pln pts dtherm tpr_shadow vnmi flexpriority ept vpid fsgsbase smep erms
bogomips	: 4988.63
clflush size	: 64
cache_alignment	: 64
address sizes	: 36 bits physical, 48 bits virtual
power management:

processor	: 3
vendor_id	: GenuineIntel
cpu family	: 6
model		: 58
model name	: Intel(R) Core(TM) i5-3210M CPU @ 2.50GHz
stepping	: 9
microcode	: 0x12
cpu MHz		: 1862.988
cache size	: 3072 KB
physical id	: 0
siblings	: 4
core id		: 1
cpu cores	: 2
apicid		: 3
initial apicid	: 3
fpu		: yes
fpu_exception	: yes
cpuid level	: 13
wp		: yes
flags		: fpu vme de pse tsc msr pae mce cx8 apic sep mtrr pge mca cmov pat pse36 clflush dts acpi mmx fxsr sse sse2 ss ht tm pbe syscall nx rdtscp lm constant_tsc arch_perfmon pebs bts rep_good nopl xtopology nonstop_tsc aperfmperf eagerfpu pni pclmulqdq dtes64 monitor ds_cpl vmx est tm2 ssse3 cx16 xtpr pdcm pcid sse4_1 sse4_2 x2apic popcnt tsc_deadline_timer aes xsave avx f16c rdrand lahf_lm ida arat epb xsaveopt pln pts dtherm tpr_shadow vnmi flexpriority ept vpid fsgsbase smep erms
bogomips	: 4988.63
clflush size	: 64
cache_alignment	: 64
address sizes	: 36 bits physical, 48 bits virtual
power management:



Memory: 4k page, physical 3891224k(712820k free), swap 4036604k(2071784k free)

vm_info: Java HotSpot(TM) 64-Bit Server VM (25.45-b02) for linux-amd64 JRE (1.8.0_45-b14), built on Apr 10 2015 10:07:45 by "java_re" with gcc 4.3.0 20080428 (Red Hat 4.3.0-8)

time: Sun Nov 29 19:05:31 2015
elapsed time: 433 seconds (0d 0h 7m 13s)

