#
# A fatal error has been detected by the Java Runtime Environment:
#
#  SIGSEGV (0xb) at pc=0x00007f7e56460522, pid=10946, tid=140181141477120
#
# JRE version: Java(TM) SE Runtime Environment (8.0_45-b14) (build 1.8.0_45-b14)
# Java VM: Java HotSpot(TM) 64-Bit Server VM (25.45-b02 mixed mode linux-amd64 compressed oops)
# Problematic frame:
# C  [i965_dri.so+0x2fb522]
#
# Failed to write core dump. Core dumps have been disabled. To enable core dumping, try "ulimit -c unlimited" before starting Java again
#
# If you would like to submit a bug report, please visit:
#   http://bugreport.java.com/bugreport/crash.jsp
# The crash happened outside the Java Virtual Machine in native code.
# See problematic frame for where to report the bug.
#

---------------  T H R E A D  ---------------

Current thread (0x00007f7e68003000):  JavaThread "AWT-EventQueue-1" [_thread_in_native, id=10976, stack(0x00007f7e77145000,0x00007f7e77246000)]

siginfo: si_signo: 11 (SIGSEGV), si_code: 1 (SEGV_MAPERR), si_addr: 0x000000000000c540

Registers:
RAX=0x00007f7e56460510, RBX=0x000000000000c000, RCX=0x0000000000000000, RDX=0x0000000000000001
RSP=0x00007f7e77243540, RBP=0x0000000000000000, RSI=0x00007f7e64fd02f0, RDI=0x0000000100000000
R8 =0x0000000000000000, R9 =0x00007f7e75ae2710, R10=0x00007f7eb584b347, R11=0x00000000c54543a8
R12=0x00007f7e58137f40, R13=0x00007f7e58136a50, R14=0x00007f7e581380f0, R15=0x0000000000000000
RIP=0x00007f7e56460522, EFLAGS=0x0000000000010206, CSGSFS=0x0000000000000033, ERR=0x0000000000000004
  TRAPNO=0x000000000000000e

Top of Stack: (sp=0x00007f7e77243540)
0x00007f7e77243540:   0000000000000000 00007f7e64fd0200
0x00007f7e77243550:   0000000000000000 00007f7e58137f40
0x00007f7e77243560:   00007f7e58136a50 00007f7e75ae27b2
0x00007f7e77243570:   00007f7e772435a0 00007f7e00000000
0x00007f7e77243580:   0000000000000000 0000000000000000
0x00007f7e77243590:   0000000001c00053 00007f7e75ab3b31
0x00007f7e772435a0:   00007f7e64fd0200 cbd9986a09664700
0x00007f7e772435b0:   0000000001c00053 00007f7e75ab3b60
0x00007f7e772435c0:   00007f7e77243630 0000000000000000
0x00007f7e772435d0:   00000000c54543a8 00007f7e77243670
0x00007f7e772435e0:   00007f7e68003000 00007f7e741f0849
0x00007f7e772435f0:   0000001800000000 00007f7e75ab3b60
0x00007f7e77243600:   0000000001c00053 00007f7e58135480
0x00007f7e77243610:   00007f7e77243670 00007f7e680031f8
0x00007f7e77243620:   0000000000000000 00007f7e75ab3b60
0x00007f7e77243630:   00007f7e77243680 00007f7eb584b3bd
0x00007f7e77243640:   000000000162a07f 00007f7e680031f8
0x00007f7e77243650:   00007f7e772436f8 00000000c54543a8
0x00007f7e77243660:   00007f7e77243690 00007f7ecbdf6b62
0x00007f7e77243670:   00000000c53f4928 000000000000000c
0x00007f7e77243680:   00007f7e772438d8 00007f7eb585c094
0x00007f7e77243690:   00007f7e772436e0 00007f7e7653ee40
0x00007f7e772436a0:   00007f7e772436e0 00007f7e772436f8
0x00007f7e772436b0:   00007f7e772436f0 00007f7e680031f8
0x00007f7e772436c0:   00007f7e772436f0 00007f7e655d66e0
0x00007f7e772436d0:   00007f7e655d66e0 000000000000000c
0x00007f7e772436e0:   00007f7e77243730 00007f7eb5828e7c
0x00007f7e772436f0:   00000000ec76eea0 00000000ec76ee60
0x00007f7e77243700:   00000000c5454418 00000000c53ff498
0x00007f7e77243710:   00000000ec76ef10 00000000c535b108
0x00007f7e77243720:   00000000c49cf640 00007f7eb506c3db
0x00007f7e77243730:   00000000c54543a8 00007f7eb58e087c 

Instructions: (pc=0x00007f7e56460522)
0x00007f7e56460502:   41 5c c3 66 66 2e 0f 1f 84 00 00 00 00 00 41 55
0x00007f7e56460512:   41 54 55 53 48 83 ec 08 48 8b 1f 48 85 db 74 41
0x00007f7e56460522:   f6 83 40 05 00 00 01 89 cd 41 89 d5 49 89 f4 75
0x00007f7e56460532:   75 41 83 e5 01 75 5f 83 e5 fd 74 32 48 8d 35 bb 

Register to memory mapping:

RAX=0x00007f7e56460510: <offset 0x2fb510> in /usr/lib/x86_64-linux-gnu/dri/i965_dri.so at 0x00007f7e56165000
RBX=0x000000000000c000 is an unknown value
RCX=0x0000000000000000 is an unknown value
RDX=0x0000000000000001 is an unknown value
RSP=0x00007f7e77243540 is pointing into the stack for thread: 0x00007f7e68003000
RBP=0x0000000000000000 is an unknown value
RSI=0x00007f7e64fd02f0 is an unknown value
RDI=0x0000000100000000 is pointing into metadata
R8 =0x0000000000000000 is an unknown value
R9 =0x00007f7e75ae2710: <offset 0x4b710> in /usr/lib/x86_64-linux-gnu/mesa/libGL.so.1 at 0x00007f7e75a97000
R10=0x00007f7eb584b347 is at entry_point+71 in (nmethod*)0x00007f7eb584b190
R11=0x00000000c54543a8 is an oop
jogamp.nativewindow.jawt.x11.X11JAWTWindow 
 - klass: 'jogamp/nativewindow/jawt/x11/X11JAWTWindow'
R12=0x00007f7e58137f40 is an unknown value
R13=0x00007f7e58136a50 is an unknown value
R14=0x00007f7e581380f0 is an unknown value
R15=0x0000000000000000 is an unknown value


Stack: [0x00007f7e77145000,0x00007f7e77246000],  sp=0x00007f7e77243540,  free space=1017k
Native frames: (J=compiled Java code, j=interpreted, Vv=VM code, C=native code)
C  [i965_dri.so+0x2fb522]

Java frames: (J=compiled Java code, j=interpreted, Vv=VM code)
J 2753  jogamp.opengl.x11.glx.GLX.dispatch_glXSwapBuffers0(JJJ)V (0 bytes) @ 0x00007f7eb584b347 [0x00007f7eb584b300+0x47]
J 2752 C1 jogamp.opengl.x11.glx.GLX.glXSwapBuffers(JJ)V (45 bytes) @ 0x00007f7eb585c094 [0x00007f7eb585b6e0+0x9b4]
J 2751 C1 jogamp.opengl.x11.glx.X11GLXDrawable.swapBuffersImpl(Z)V (21 bytes) @ 0x00007f7eb5855f44 [0x00007f7eb5855ca0+0x2a4]
J 2750 C1 jogamp.opengl.GLDrawableImpl.swapBuffers()V (138 bytes) @ 0x00007f7eb585a254 [0x00007f7eb5859ba0+0x6b4]
j  javax.media.opengl.awt.GLCanvas$12.run()V+45
J 2887 C2 java.awt.EventQueue$3.run()Ljava/lang/Object; (5 bytes) @ 0x00007f7eb56387f0 [0x00007f7eb56381a0+0x650]
v  ~StubRoutines::call_stub
J 524  java.security.AccessController.doPrivileged(Ljava/security/PrivilegedAction;Ljava/security/AccessControlContext;)Ljava/lang/Object; (0 bytes) @ 0x00007f7eb5237be3 [0x00007f7eb5237b80+0x63]
J 2895 C2 java.awt.EventDispatchThread.pumpOneEventForFilters(I)V (295 bytes) @ 0x00007f7eb58f1b1c [0x00007f7eb58f05c0+0x155c]
j  java.awt.EventDispatchThread.pumpEventsForFilter(ILjava/awt/Conditional;Ljava/awt/EventFilter;)V+35
j  java.awt.EventDispatchThread.pumpEventsForHierarchy(ILjava/awt/Conditional;Ljava/awt/Component;)V+11
j  java.awt.EventDispatchThread.pumpEvents(ILjava/awt/Conditional;)V+4
j  java.awt.EventDispatchThread.pumpEvents(Ljava/awt/Conditional;)V+3
j  java.awt.EventDispatchThread.run()V+9
v  ~StubRoutines::call_stub

---------------  P R O C E S S  ---------------

Java Threads: ( => current thread )
  0x00007f7e6603f000 JavaThread "Thread-19" [_thread_blocked, id=11255, stack(0x00007f7e540de000,0x00007f7e541df000)]
  0x00007f7e58121000 JavaThread "Animation Thread-SharedResourceRunner" daemon [_thread_blocked, id=10986, stack(0x00007f7e76b43000,0x00007f7e76c44000)]
  0x00007f7e68009000 JavaThread "Animation Thread" [_thread_blocked, id=10977, stack(0x00007f7e76e44000,0x00007f7e76f45000)]
=>0x00007f7e68003000 JavaThread "AWT-EventQueue-1" [_thread_in_native, id=10976, stack(0x00007f7e77145000,0x00007f7e77246000)]
  0x00007f7ec400a000 JavaThread "DestroyJavaVM" [_thread_blocked, id=10953, stack(0x00007f7ecd1eb000,0x00007f7ecd2ec000)]
  0x00007f7ec4247000 JavaThread "AWT-EventQueue-0" [_thread_blocked, id=10973, stack(0x00007f7e778ed000,0x00007f7e779ee000)]
  0x00007f7ec4244800 JavaThread "AWT-Shutdown" [_thread_blocked, id=10972, stack(0x00007f7e779ee000,0x00007f7e77aef000)]
  0x00007f7ec422d000 JavaThread "thread applet-module4.EarthquakeCityMap.class" [_thread_blocked, id=10971, stack(0x00007f7e77aef000,0x00007f7e77bf0000)]
  0x00007f7ec4220000 JavaThread "AWT-XAWT" daemon [_thread_in_native, id=10969, stack(0x00007f7eac0eb000,0x00007f7eac1ec000)]
  0x00007f7ec4202000 JavaThread "Java2D Disposer" daemon [_thread_blocked, id=10968, stack(0x00007f7eac1ec000,0x00007f7eac2ed000)]
  0x00007f7ec40cb000 JavaThread "Service Thread" daemon [_thread_blocked, id=10965, stack(0x00007f7eadf3d000,0x00007f7eae03e000)]
  0x00007f7ec40be000 JavaThread "C1 CompilerThread2" daemon [_thread_blocked, id=10964, stack(0x00007f7eae03e000,0x00007f7eae13f000)]
  0x00007f7ec40bc000 JavaThread "C2 CompilerThread1" daemon [_thread_blocked, id=10963, stack(0x00007f7eae13f000,0x00007f7eae240000)]
  0x00007f7ec40b9000 JavaThread "C2 CompilerThread0" daemon [_thread_blocked, id=10962, stack(0x00007f7eb4015000,0x00007f7eb4116000)]
  0x00007f7ec40b7800 JavaThread "Signal Dispatcher" daemon [_thread_blocked, id=10961, stack(0x00007f7eb4116000,0x00007f7eb4217000)]
  0x00007f7ec407f800 JavaThread "Finalizer" daemon [_thread_blocked, id=10960, stack(0x00007f7eb48f9000,0x00007f7eb49fa000)]
  0x00007f7ec407d800 JavaThread "Reference Handler" daemon [_thread_blocked, id=10959, stack(0x00007f7eb49fa000,0x00007f7eb4afb000)]

Other Threads:
  0x00007f7ec4078800 VMThread [stack: 0x00007f7eb4afb000,0x00007f7eb4bfc000] [id=10958]
  0x00007f7ec40cd800 WatcherThread [stack: 0x00007f7eade3c000,0x00007f7eadf3d000] [id=10966]

VM state:not at safepoint (normal execution)

VM Mutex/Monitor currently owned by a thread: None

Heap:
 PSYoungGen      total 20480K, used 4899K [0x00000000ec300000, 0x00000000ed800000, 0x0000000100000000)
  eden space 19968K, 24% used [0x00000000ec300000,0x00000000ec7b0ce0,0x00000000ed680000)
  from space 512K, 18% used [0x00000000ed700000,0x00000000ed718000,0x00000000ed780000)
  to   space 512K, 0% used [0x00000000ed780000,0x00000000ed780000,0x00000000ed800000)
 ParOldGen       total 44032K, used 17721K [0x00000000c4800000, 0x00000000c7300000, 0x00000000ec300000)
  object space 44032K, 40% used [0x00000000c4800000,0x00000000c594e4a0,0x00000000c7300000)
 Metaspace       used 21335K, capacity 21531K, committed 21808K, reserved 1069056K
  class space    used 2002K, capacity 2085K, committed 2176K, reserved 1048576K

Card table byte_map: [0x00007f7ec9de3000,0x00007f7ec9fc0000] byte_map_base: 0x00007f7ec97bf000

Marking Bits: (ParMarkBitMap*) 0x00007f7ecc6bd760
 Begin Bits: [0x00007f7eae240000, 0x00007f7eaf120000)
 End Bits:   [0x00007f7eaf120000, 0x00007f7eb0000000)

Polling page: 0x00007f7ecd304000

CodeCache: size=245760Kb used=8953Kb max_used=9333Kb free=236806Kb
 bounds [0x00007f7eb5000000, 0x00007f7eb5940000, 0x00007f7ec4000000]
 total_blobs=3476 nmethods=2509 adapters=880
 compilation: enabled

Compilation events (10 events):
Event: 265.598 Thread 0x00007f7ec40be000 2979       3       java.awt.KeyboardFocusManager::checkKFMSecurity (11 bytes)
Event: 265.599 Thread 0x00007f7ec40be000 nmethod 2979 0x00007f7eb519bd50 code [0x00007f7eb519bf40, 0x00007f7eb519c678]
Event: 287.620 Thread 0x00007f7ec40bc000 2980   !   4       processing.opengl.PJOGL$PGLListener::display (520 bytes)
Event: 287.635 Thread 0x00007f7ec40bc000 nmethod 2980 0x00007f7eb5900410 code [0x00007f7eb5900600, 0x00007f7eb5900c70]
Event: 311.572 Thread 0x00007f7ec40b9000 2981   !   4       java.awt.EventQueue::postEventPrivate (104 bytes)
Event: 311.629 Thread 0x00007f7ec40b9000 nmethod 2981 0x00007f7eb53e2690 code [0x00007f7eb53e29a0, 0x00007f7eb53e4470]
Event: 388.900 Thread 0x00007f7ec40be000 2982       3       java.lang.Thread::sleep (61 bytes)
Event: 388.901 Thread 0x00007f7ec40be000 nmethod 2982 0x00007f7eb56d7750 code [0x00007f7eb56d7900, 0x00007f7eb56d7d68]
Event: 397.191 Thread 0x00007f7ec40be000 2983       3       java.awt.Component::getAccessControlContext (22 bytes)
Event: 397.192 Thread 0x00007f7ec40be000 nmethod 2983 0x00007f7eb5336d10 code [0x00007f7eb5336e80, 0x00007f7eb53370e8]

GC Heap History (10 events):
Event: 378.168 GC heap before
{Heap before GC invocations=80 (full 1):
 PSYoungGen      total 20480K, used 20032K [0x00000000ec300000, 0x00000000ed800000, 0x0000000100000000)
  eden space 19968K, 100% used [0x00000000ec300000,0x00000000ed680000,0x00000000ed680000)
  from space 512K, 12% used [0x00000000ed780000,0x00000000ed790000,0x00000000ed800000)
  to   space 512K, 0% used [0x00000000ed700000,0x00000000ed700000,0x00000000ed780000)
 ParOldGen       total 44032K, used 17721K [0x00000000c4800000, 0x00000000c7300000, 0x00000000ec300000)
  object space 44032K, 40% used [0x00000000c4800000,0x00000000c594e4a0,0x00000000c7300000)
 Metaspace       used 21332K, capacity 21531K, committed 21808K, reserved 1069056K
  class space    used 2001K, capacity 2085K, committed 2176K, reserved 1048576K
Event: 378.170 GC heap after
Heap after GC invocations=80 (full 1):
 PSYoungGen      total 20480K, used 96K [0x00000000ec300000, 0x00000000ed800000, 0x0000000100000000)
  eden space 19968K, 0% used [0x00000000ec300000,0x00000000ec300000,0x00000000ed680000)
  from space 512K, 18% used [0x00000000ed700000,0x00000000ed718000,0x00000000ed780000)
  to   space 512K, 0% used [0x00000000ed780000,0x00000000ed780000,0x00000000ed800000)
 ParOldGen       total 44032K, used 17721K [0x00000000c4800000, 0x00000000c7300000, 0x00000000ec300000)
  object space 44032K, 40% used [0x00000000c4800000,0x00000000c594e4a0,0x00000000c7300000)
 Metaspace       used 21332K, capacity 21531K, committed 21808K, reserved 1069056K
  class space    used 2001K, capacity 2085K, committed 2176K, reserved 1048576K
}
Event: 382.491 GC heap before
{Heap before GC invocations=81 (full 1):
 PSYoungGen      total 20480K, used 20064K [0x00000000ec300000, 0x00000000ed800000, 0x0000000100000000)
  eden space 19968K, 100% used [0x00000000ec300000,0x00000000ed680000,0x00000000ed680000)
  from space 512K, 18% used [0x00000000ed700000,0x00000000ed718000,0x00000000ed780000)
  to   space 512K, 0% used [0x00000000ed780000,0x00000000ed780000,0x00000000ed800000)
 ParOldGen       total 44032K, used 17721K [0x00000000c4800000, 0x00000000c7300000, 0x00000000ec300000)
  object space 44032K, 40% used [0x00000000c4800000,0x00000000c594e4a0,0x00000000c7300000)
 Metaspace       used 21332K, capacity 21531K, committed 21808K, reserved 1069056K
  class space    used 2001K, capacity 2085K, committed 2176K, reserved 1048576K
Event: 382.495 GC heap after
Heap after GC invocations=81 (full 1):
 PSYoungGen      total 20480K, used 96K [0x00000000ec300000, 0x00000000ed800000, 0x0000000100000000)
  eden space 19968K, 0% used [0x00000000ec300000,0x00000000ec300000,0x00000000ed680000)
  from space 512K, 18% used [0x00000000ed780000,0x00000000ed798000,0x00000000ed800000)
  to   space 512K, 0% used [0x00000000ed700000,0x00000000ed700000,0x00000000ed780000)
 ParOldGen       total 44032K, used 17721K [0x00000000c4800000, 0x00000000c7300000, 0x00000000ec300000)
  object space 44032K, 40% used [0x00000000c4800000,0x00000000c594e4a0,0x00000000c7300000)
 Metaspace       used 21332K, capacity 21531K, committed 21808K, reserved 1069056K
  class space    used 2001K, capacity 2085K, committed 2176K, reserved 1048576K
}
Event: 386.971 GC heap before
{Heap before GC invocations=82 (full 1):
 PSYoungGen      total 20480K, used 20064K [0x00000000ec300000, 0x00000000ed800000, 0x0000000100000000)
  eden space 19968K, 100% used [0x00000000ec300000,0x00000000ed680000,0x00000000ed680000)
  from space 512K, 18% used [0x00000000ed780000,0x00000000ed798000,0x00000000ed800000)
  to   space 512K, 0% used [0x00000000ed700000,0x00000000ed700000,0x00000000ed780000)
 ParOldGen       total 44032K, used 17721K [0x00000000c4800000, 0x00000000c7300000, 0x00000000ec300000)
  object space 44032K, 40% used [0x00000000c4800000,0x00000000c594e4a0,0x00000000c7300000)
 Metaspace       used 21332K, capacity 21531K, committed 21808K, reserved 1069056K
  class space    used 2001K, capacity 2085K, committed 2176K, reserved 1048576K
Event: 386.973 GC heap after
Heap after GC invocations=82 (full 1):
 PSYoungGen      total 20480K, used 64K [0x00000000ec300000, 0x00000000ed800000, 0x0000000100000000)
  eden space 19968K, 0% used [0x00000000ec300000,0x00000000ec300000,0x00000000ed680000)
  from space 512K, 12% used [0x00000000ed700000,0x00000000ed710000,0x00000000ed780000)
  to   space 512K, 0% used [0x00000000ed780000,0x00000000ed780000,0x00000000ed800000)
 ParOldGen       total 44032K, used 17721K [0x00000000c4800000, 0x00000000c7300000, 0x00000000ec300000)
  object space 44032K, 40% used [0x00000000c4800000,0x00000000c594e4a0,0x00000000c7300000)
 Metaspace       used 21332K, capacity 21531K, committed 21808K, reserved 1069056K
  class space    used 2001K, capacity 2085K, committed 2176K, reserved 1048576K
}
Event: 391.536 GC heap before
{Heap before GC invocations=83 (full 1):
 PSYoungGen      total 20480K, used 20032K [0x00000000ec300000, 0x00000000ed800000, 0x0000000100000000)
  eden space 19968K, 100% used [0x00000000ec300000,0x00000000ed680000,0x00000000ed680000)
  from space 512K, 12% used [0x00000000ed700000,0x00000000ed710000,0x00000000ed780000)
  to   space 512K, 0% used [0x00000000ed780000,0x00000000ed780000,0x00000000ed800000)
 ParOldGen       total 44032K, used 17721K [0x00000000c4800000, 0x00000000c7300000, 0x00000000ec300000)
  object space 44032K, 40% used [0x00000000c4800000,0x00000000c594e4a0,0x00000000c7300000)
 Metaspace       used 21332K, capacity 21531K, committed 21808K, reserved 1069056K
  class space    used 2001K, capacity 2085K, committed 2176K, reserved 1048576K
Event: 391.540 GC heap after
Heap after GC invocations=83 (full 1):
 PSYoungGen      total 20480K, used 64K [0x00000000ec300000, 0x00000000ed800000, 0x0000000100000000)
  eden space 19968K, 0% used [0x00000000ec300000,0x00000000ec300000,0x00000000ed680000)
  from space 512K, 12% used [0x00000000ed780000,0x00000000ed790000,0x00000000ed800000)
  to   space 512K, 0% used [0x00000000ed700000,0x00000000ed700000,0x00000000ed780000)
 ParOldGen       total 44032K, used 17721K [0x00000000c4800000, 0x00000000c7300000, 0x00000000ec300000)
  object space 44032K, 40% used [0x00000000c4800000,0x00000000c594e4a0,0x00000000c7300000)
 Metaspace       used 21332K, capacity 21531K, committed 21808K, reserved 1069056K
  class space    used 2001K, capacity 2085K, committed 2176K, reserved 1048576K
}
Event: 396.215 GC heap before
{Heap before GC invocations=84 (full 1):
 PSYoungGen      total 20480K, used 20032K [0x00000000ec300000, 0x00000000ed800000, 0x0000000100000000)
  eden space 19968K, 100% used [0x00000000ec300000,0x00000000ed680000,0x00000000ed680000)
  from space 512K, 12% used [0x00000000ed780000,0x00000000ed790000,0x00000000ed800000)
  to   space 512K, 0% used [0x00000000ed700000,0x00000000ed700000,0x00000000ed780000)
 ParOldGen       total 44032K, used 17721K [0x00000000c4800000, 0x00000000c7300000, 0x00000000ec300000)
  object space 44032K, 40% used [0x00000000c4800000,0x00000000c594e4a0,0x00000000c7300000)
 Metaspace       used 21332K, capacity 21531K, committed 21808K, reserved 1069056K
  class space    used 2001K, capacity 2085K, committed 2176K, reserved 1048576K
Event: 396.216 GC heap after
Heap after GC invocations=84 (full 1):
 PSYoungGen      total 20480K, used 96K [0x00000000ec300000, 0x00000000ed800000, 0x0000000100000000)
  eden space 19968K, 0% used [0x00000000ec300000,0x00000000ec300000,0x00000000ed680000)
  from space 512K, 18% used [0x00000000ed700000,0x00000000ed718000,0x00000000ed780000)
  to   space 512K, 0% used [0x00000000ed780000,0x00000000ed780000,0x00000000ed800000)
 ParOldGen       total 44032K, used 17721K [0x00000000c4800000, 0x00000000c7300000, 0x00000000ec300000)
  object space 44032K, 40% used [0x00000000c4800000,0x00000000c594e4a0,0x00000000c7300000)
 Metaspace       used 21332K, capacity 21531K, committed 21808K, reserved 1069056K
  class space    used 2001K, capacity 2085K, committed 2176K, reserved 1048576K
}

Deoptimization events (10 events):
Event: 6.841 Thread 0x00007f7e65b26800 Uncommon trap: reason=unstable_if action=reinterpret pc=0x00007f7eb54299bc method=java.lang.String.regionMatches(ZILjava/lang/String;II)Z @ 123
Event: 6.913 Thread 0x00007f7e68003000 Uncommon trap: reason=class_check action=maybe_recompile pc=0x00007f7eb55600d8 method=com.jogamp.common.nio.Buffers.getDirectBufferByteOffset(Ljava/lang/Object;)I @ 42
Event: 6.922 Thread 0x00007f7e68003000 Uncommon trap: reason=class_check action=maybe_recompile pc=0x00007f7eb55600d8 method=com.jogamp.common.nio.Buffers.getDirectBufferByteOffset(Ljava/lang/Object;)I @ 42
Event: 18.258 Thread 0x00007f7ec422d000 Uncommon trap: reason=unstable_if action=reinterpret pc=0x00007f7eb5596c40 method=java.awt.font.FontRenderContext.equals(Ljava/awt/font/FontRenderContext;)Z @ 2
Event: 66.360 Thread 0x00007f7e655ec800 Uncommon trap: reason=bimorphic action=maybe_recompile pc=0x00007f7eb58cecfc method=java.util.HashMap.removeNode(ILjava/lang/Object;Ljava/lang/Object;ZZ)Ljava/util/HashMap$Node; @ 283
Event: 76.360 Thread 0x00007f7e655ec800 Uncommon trap: reason=bimorphic action=maybe_recompile pc=0x00007f7eb58cecfc method=java.util.HashMap.removeNode(ILjava/lang/Object;Ljava/lang/Object;ZZ)Ljava/util/HashMap$Node; @ 283
Event: 168.479 Thread 0x00007f7e68003000 Uncommon trap: reason=unstable_if action=reinterpret pc=0x00007f7eb58a89e0 method=java.awt.EventQueue.noEvents()Z @ 16
Event: 181.275 Thread 0x00007f7e68003000 Uncommon trap: reason=unstable_if action=reinterpret pc=0x00007f7eb58f8b2c method=java.util.concurrent.locks.AbstractQueuedSynchronizer.doReleaseShared()V @ 69
Event: 209.085 Thread 0x00007f7e68003000 Uncommon trap: reason=unstable_if action=reinterpret pc=0x00007f7eb56cc0f8 method=java.awt.EventQueue.noEvents()Z @ 16
Event: 386.523 Thread 0x00007f7e68009000 Uncommon trap: reason=unstable_if action=reinterpret pc=0x00007f7eb56b14d4 method=java.lang.Thread.sleep(JI)V @ 49

Internal exceptions (10 events):
Event: 3.962 Thread 0x00007f7e68003000 Implicit null exception at 0x00007f7eb515c9b3 to 0x00007f7eb515cd2d
Event: 6.491 Thread 0x00007f7e68003000 Exception <a 'java/lang/reflect/InvocationTargetException'> (0x00000000ecb202a0) thrown at [/RE-WORK/workspace/8-2-build-linux-amd64/jdk8u45/3457/hotspot/src/share/vm/runtime/reflection.cpp, line 1080]
Event: 6.496 Thread 0x00007f7e68003000 Exception <a 'java/lang/reflect/InvocationTargetException'> (0x00000000ecb20c58) thrown at [/RE-WORK/workspace/8-2-build-linux-amd64/jdk8u45/3457/hotspot/src/share/vm/runtime/reflection.cpp, line 1080]
Event: 6.923 Thread 0x00007f7e68003000 Exception <a 'java/lang/reflect/InvocationTargetException'> (0x00000000ecb6f458) thrown at [/RE-WORK/workspace/8-2-build-linux-amd64/jdk8u45/3457/hotspot/src/share/vm/runtime/reflection.cpp, line 1080]
Event: 6.927 Thread 0x00007f7e68003000 Exception <a 'java/lang/reflect/InvocationTargetException'> (0x00000000ecb71b78) thrown at [/RE-WORK/workspace/8-2-build-linux-amd64/jdk8u45/3457/hotspot/src/share/vm/runtime/reflection.cpp, line 1080]
Event: 6.971 Thread 0x00007f7e68003000 Exception <a 'java/lang/reflect/InvocationTargetException'> (0x00000000ecbe2eb8) thrown at [/RE-WORK/workspace/8-2-build-linux-amd64/jdk8u45/3457/hotspot/src/share/vm/runtime/reflection.cpp, line 1080]
Event: 6.973 Thread 0x00007f7e68003000 Exception <a 'java/lang/reflect/InvocationTargetException'> (0x00000000ecbe4770) thrown at [/RE-WORK/workspace/8-2-build-linux-amd64/jdk8u45/3457/hotspot/src/share/vm/runtime/reflection.cpp, line 1080]
Event: 6.996 Thread 0x00007f7e68003000 Exception <a 'java/lang/reflect/InvocationTargetException'> (0x00000000ecd4bfa8) thrown at [/RE-WORK/workspace/8-2-build-linux-amd64/jdk8u45/3457/hotspot/src/share/vm/runtime/reflection.cpp, line 1080]
Event: 6.997 Thread 0x00007f7e68003000 Exception <a 'java/lang/reflect/InvocationTargetException'> (0x00000000ecd4c9a0) thrown at [/RE-WORK/workspace/8-2-build-linux-amd64/jdk8u45/3457/hotspot/src/share/vm/runtime/reflection.cpp, line 1080]
Event: 7.025 Thread 0x00007f7e68003000 Exception <a 'java/lang/reflect/InvocationTargetException'> (0x00000000ecdaee30) thrown at [/RE-WORK/workspace/8-2-build-linux-amd64/jdk8u45/3457/hotspot/src/share/vm/runtime/reflection.cpp, line 1080]

Events (10 events):
Event: 388.901 Thread 0x00007f7ec40be000 flushing nmethod 0x00007f7eb51253d0
Event: 388.901 Thread 0x00007f7ec40be000 flushing nmethod 0x00007f7eb5129ad0
Event: 391.536 Executing VM operation: ParallelGCFailedAllocation
Event: 391.540 Executing VM operation: ParallelGCFailedAllocation done
Event: 396.215 Executing VM operation: ParallelGCFailedAllocation
Event: 396.217 Executing VM operation: ParallelGCFailedAllocation done
Event: 397.189 loading class sun/applet/AppletViewer$3
Event: 397.189 loading class sun/applet/AppletViewer$3 done
Event: 397.190 Thread 0x00007f7e6603f000 Thread added: 0x00007f7e6603f000
Event: 397.192 Thread 0x00007f7ec40be000 flushing nmethod 0x00007f7eb51ab3d0


Dynamic libraries:
00400000-00401000 r-xp 00000000 08:02 4856071                            /usr/lib/jvm/java-8-oracle/bin/java
00600000-00601000 rw-p 00000000 08:02 4856071                            /usr/lib/jvm/java-8-oracle/bin/java
01aa9000-01aca000 rw-p 00000000 00:00 0                                  [heap]
c4800000-c7300000 rw-p 00000000 00:00 0 
c7300000-ec300000 ---p 00000000 00:00 0 
ec300000-ed800000 rw-p 00000000 00:00 0 
ed800000-100000000 ---p 00000000 00:00 0 
100000000-100220000 rw-p 00000000 00:00 0 
100220000-140000000 ---p 00000000 00:00 0 
7f7e2c000000-7f7e2c021000 rw-p 00000000 00:00 0 
7f7e2c021000-7f7e30000000 ---p 00000000 00:00 0 
7f7e34000000-7f7e34057000 rw-p 00000000 00:00 0 
7f7e34057000-7f7e38000000 ---p 00000000 00:00 0 
7f7e38000000-7f7e38066000 rw-p 00000000 00:00 0 
7f7e38066000-7f7e3c000000 ---p 00000000 00:00 0 
7f7e3c000000-7f7e3c021000 rw-p 00000000 00:00 0 
7f7e3c021000-7f7e40000000 ---p 00000000 00:00 0 
7f7e40000000-7f7e40021000 rw-p 00000000 00:00 0 
7f7e40021000-7f7e44000000 ---p 00000000 00:00 0 
7f7e44000000-7f7e44021000 rw-p 00000000 00:00 0 
7f7e44021000-7f7e48000000 ---p 00000000 00:00 0 
7f7e49db2000-7f7e49e22000 rw-s 00000000 00:04 174756                     /drm mm object (deleted)
7f7e49e22000-7f7e49e92000 rw-s 00000000 00:04 174755                     /drm mm object (deleted)
7f7e49e92000-7f7e49f02000 rw-s 00000000 00:04 174754                     /drm mm object (deleted)
7f7e49f02000-7f7e49f72000 rw-s 00000000 00:04 175683                     /drm mm object (deleted)
7f7e49f72000-7f7e49fe2000 rw-s 00000000 00:04 175682                     /drm mm object (deleted)
7f7e49fe2000-7f7e4a052000 rw-s 00000000 00:04 175681                     /drm mm object (deleted)
7f7e4a052000-7f7e4a0c2000 rw-s 00000000 00:04 175680                     /drm mm object (deleted)
7f7e4a0c2000-7f7e4a132000 rw-s 00000000 00:04 173777                     /drm mm object (deleted)
7f7e4a132000-7f7e4a1a2000 rw-s 00000000 00:04 174753                     /drm mm object (deleted)
7f7e4a1a2000-7f7e4a212000 rw-s 00000000 00:04 176549                     /drm mm object (deleted)
7f7e4a212000-7f7e4a282000 rw-s 00000000 00:04 174752                     /drm mm object (deleted)
7f7e4a282000-7f7e4a2f2000 rw-s 00000000 00:04 174751                     /drm mm object (deleted)
7f7e4a2f2000-7f7e4a362000 rw-s 00000000 00:04 174750                     /drm mm object (deleted)
7f7e4a362000-7f7e4a5e2000 rw-s 00000000 00:04 176547                     /drm mm object (deleted)
7f7e4a5e2000-7f7e4a862000 rw-s 00000000 00:04 175679                     /drm mm object (deleted)
7f7e4a862000-7f7e4a8d2000 rw-s 00000000 00:04 173767                     /drm mm object (deleted)
7f7e4a8d2000-7f7e4a942000 rw-s 00000000 00:04 173759                     /drm mm object (deleted)
7f7e4a942000-7f7e4a943000 r--s 00000000 08:02 786530                     /var/cache/fontconfig/c05880de57d1f5e948fdfacc138775d9-le64.cache-4
7f7e4a943000-7f7e4a94e000 r--s 00000000 08:02 786523                     /var/cache/fontconfig/945677eb7aeaf62f1d50efc3fb3ec7d8-le64.cache-4
7f7e4a94e000-7f7e4a954000 r--s 00000000 08:02 786507                     /var/cache/fontconfig/2cd17615ca594fa2959ae173292e504c-le64.cache-4
7f7e4a954000-7f7e4a955000 r--s 00000000 08:02 786541                     /var/cache/fontconfig/e7071f4a29fa870f4323321c154eba04-le64.cache-4
7f7e4a955000-7f7e4a956000 r--s 00000000 08:02 786504                     /var/cache/fontconfig/0d8c3b2ac0904cb8a57a757ad11a4a08-le64.cache-4
7f7e4a956000-7f7e4a95d000 r--s 00000000 08:02 786527                     /var/cache/fontconfig/a755afe4a08bf5b97852ceb7400b47bc-le64.cache-4
7f7e4a95d000-7f7e4a961000 r--s 00000000 08:02 786510                     /var/cache/fontconfig/385c0604a188198f04d133e54aba7fe7-le64.cache-4
7f7e4a961000-7f7e4a963000 r--s 00000000 08:02 786520                     /var/cache/fontconfig/767a8244fc0220cfb567a839d0392e0b-le64.cache-4
7f7e4a963000-7f7e4a968000 r--s 00000000 08:02 786522                     /var/cache/fontconfig/8801497958630a81b71ace7c5f9b32a8-le64.cache-4
7f7e4a968000-7f7e4a97b000 r--s 00000000 08:02 786534                     /var/cache/fontconfig/d52a8644073d54c13679302ca1180695-le64.cache-4
7f7e4a97b000-7f7e4a984000 r--s 00000000 08:02 786511                     /var/cache/fontconfig/3f7329c5293ffd510edef78f73874cfd-le64.cache-4
7f7e4a984000-7f7e4a999000 r--s 00000000 08:02 786537                     /var/cache/fontconfig/da82082e1ef13c4097208324d67c180c-le64.cache-4
7f7e4a9ae000-7f7e4a9b1000 ---p 00000000 00:00 0 
7f7e4a9b1000-7f7e4aaaf000 rw-p 00000000 00:00 0 
7f7e4aaaf000-7f7e4ab6f000 rw-s 10b1bf000 00:05 1552                      /dev/dri/card0
7f7e4ad8e000-7f7e4ad91000 ---p 00000000 00:00 0 
7f7e4ad91000-7f7e4ae8f000 rw-p 00000000 00:00 0 
7f7e4b0a4000-7f7e4b0a5000 r--s 00000000 08:02 786526                     /var/cache/fontconfig/a6354e3ac43af67bd8d7b8e43c34e49f-le64.cache-4
7f7e4b0a5000-7f7e4b0ac000 r--s 00000000 08:02 786508                     /var/cache/fontconfig/3047814df9a2f067bd2d96a2b9c36e5a-le64.cache-4
7f7e4b0ac000-7f7e4b0b9000 r--s 00000000 08:02 786637                     /var/cache/fontconfig/e13b20fdb08344e0e664864cc2ede53d-le64.cache-4
7f7e4b0f5000-7f7e4b221000 rw-p 00000000 00:00 0 
7f7e4b221000-7f7e4b2f5000 ---p 00000000 00:00 0 
7f7e4b30c000-7f7e4b37c000 rw-s 00000000 00:04 173820                     /drm mm object (deleted)
7f7e4b37c000-7f7e4b53c000 rw-s 00000000 00:04 175642                     /drm mm object (deleted)
7f7e4b53c000-7f7e4b53f000 ---p 00000000 00:00 0 
7f7e4b53f000-7f7e4b63d000 rw-p 00000000 00:00 0 
7f7e4b63d000-7f7e4b640000 ---p 00000000 00:00 0 
7f7e4b640000-7f7e4b73e000 rw-p 00000000 00:00 0 
7f7e4b73e000-7f7e4b741000 ---p 00000000 00:00 0 
7f7e4b741000-7f7e4b83f000 rw-p 00000000 00:00 0 
7f7e4b83f000-7f7e4b842000 ---p 00000000 00:00 0 
7f7e4b842000-7f7e4b940000 rw-p 00000000 00:00 0 
7f7e4b940000-7f7e4bb00000 rw-s 00000000 00:04 175630                     /drm mm object (deleted)
7f7e4bb00000-7f7e4bd80000 rw-s 00000000 00:04 175621                     /drm mm object (deleted)
7f7e4bd80000-7f7e4c000000 rw-s 00000000 00:04 176530                     /drm mm object (deleted)
7f7e4c000000-7f7e4c021000 rw-p 00000000 00:00 0 
7f7e4c021000-7f7e50000000 ---p 00000000 00:00 0 
7f7e50000000-7f7e51850000 rw-p 00000000 00:00 0 
7f7e51850000-7f7e54000000 ---p 00000000 00:00 0 
7f7e54000000-7f7e54001000 r--s 00000000 08:02 786506                     /var/cache/fontconfig/1ac9eb803944fde146138c791f5cc56a-le64.cache-4
7f7e54001000-7f7e54007000 r--s 00000000 08:02 786528                     /var/cache/fontconfig/b47c4e1ecd0709278f4910c18777a504-le64.cache-4
7f7e5401e000-7f7e540de000 rw-s 10ac67000 00:05 1552                      /dev/dri/card0
7f7e540de000-7f7e540e1000 ---p 00000000 00:00 0 
7f7e540e1000-7f7e541df000 rw-p 00000000 00:00 0                          [stack:11255]
7f7e541df000-7f7e541f6000 r-xp 00000000 08:02 2621530                    /lib/x86_64-linux-gnu/libresolv-2.19.so
7f7e541f6000-7f7e543f6000 ---p 00017000 08:02 2621530                    /lib/x86_64-linux-gnu/libresolv-2.19.so
7f7e543f6000-7f7e543f7000 r--p 00017000 08:02 2621530                    /lib/x86_64-linux-gnu/libresolv-2.19.so
7f7e543f7000-7f7e543f8000 rw-p 00018000 08:02 2621530                    /lib/x86_64-linux-gnu/libresolv-2.19.so
7f7e543f8000-7f7e543fa000 rw-p 00000000 00:00 0 
7f7e543fa000-7f7e543ff000 r-xp 00000000 08:02 2621536                    /lib/x86_64-linux-gnu/libnss_dns-2.19.so
7f7e543ff000-7f7e545fe000 ---p 00005000 08:02 2621536                    /lib/x86_64-linux-gnu/libnss_dns-2.19.so
7f7e545fe000-7f7e545ff000 r--p 00004000 08:02 2621536                    /lib/x86_64-linux-gnu/libnss_dns-2.19.so
7f7e545ff000-7f7e54600000 rw-p 00005000 08:02 2621536                    /lib/x86_64-linux-gnu/libnss_dns-2.19.so
7f7e54600000-7f7e54602000 r-xp 00000000 08:02 2625700                    /lib/x86_64-linux-gnu/libnss_mdns4_minimal.so.2
7f7e54602000-7f7e54801000 ---p 00002000 08:02 2625700                    /lib/x86_64-linux-gnu/libnss_mdns4_minimal.so.2
7f7e54801000-7f7e54802000 r--p 00001000 08:02 2625700                    /lib/x86_64-linux-gnu/libnss_mdns4_minimal.so.2
7f7e54802000-7f7e54803000 rw-p 00002000 08:02 2625700                    /lib/x86_64-linux-gnu/libnss_mdns4_minimal.so.2
7f7e54803000-7f7e54806000 r-xp 00000000 08:02 2625704                    /lib/x86_64-linux-gnu/libnss_myhostname.so.2
7f7e54806000-7f7e54a05000 ---p 00003000 08:02 2625704                    /lib/x86_64-linux-gnu/libnss_myhostname.so.2
7f7e54a05000-7f7e54a06000 r--p 00002000 08:02 2625704                    /lib/x86_64-linux-gnu/libnss_myhostname.so.2
7f7e54a06000-7f7e54a07000 rw-p 00003000 08:02 2625704                    /lib/x86_64-linux-gnu/libnss_myhostname.so.2
7f7e54a07000-7f7e54c07000 rw-p 00000000 00:00 0 
7f7e54c07000-7f7e54cc7000 rw-s 10ae7e000 00:05 1552                      /dev/dri/card0
7f7e54cc7000-7f7e54f47000 rw-s 00000000 00:04 176510                     /drm mm object (deleted)
7f7e54f47000-7f7e551c7000 rw-s 00000000 00:04 176509                     /drm mm object (deleted)
7f7e551c7000-7f7e551fe000 r-xp 00000000 08:02 4858923                    /usr/lib/x86_64-linux-gnu/libtxc_dxtn_s2tc.so.0.0.0
7f7e551fe000-7f7e553fd000 ---p 00037000 08:02 4858923                    /usr/lib/x86_64-linux-gnu/libtxc_dxtn_s2tc.so.0.0.0
7f7e553fd000-7f7e553fe000 r--p 00036000 08:02 4858923                    /usr/lib/x86_64-linux-gnu/libtxc_dxtn_s2tc.so.0.0.0
7f7e553fe000-7f7e553ff000 rw-p 00037000 08:02 4858923                    /usr/lib/x86_64-linux-gnu/libtxc_dxtn_s2tc.so.0.0.0
7f7e553ff000-7f7e55417000 r-xp 00000000 08:02 2625786                    /lib/x86_64-linux-gnu/libz.so.1.2.8
7f7e55417000-7f7e55616000 ---p 00018000 08:02 2625786                    /lib/x86_64-linux-gnu/libz.so.1.2.8
7f7e55616000-7f7e55617000 r--p 00017000 08:02 2625786                    /lib/x86_64-linux-gnu/libz.so.1.2.8
7f7e55617000-7f7e55618000 rw-p 00018000 08:02 2625786                    /lib/x86_64-linux-gnu/libz.so.1.2.8
7f7e55618000-7f7e55620000 r-xp 00000000 08:02 4858718                    /usr/lib/x86_64-linux-gnu/libpciaccess.so.0.11.1
7f7e55620000-7f7e5581f000 ---p 00008000 08:02 4858718                    /usr/lib/x86_64-linux-gnu/libpciaccess.so.0.11.1
7f7e5581f000-7f7e55820000 r--p 00007000 08:02 4858718                    /usr/lib/x86_64-linux-gnu/libpciaccess.so.0.11.1
7f7e55820000-7f7e55821000 rw-p 00008000 08:02 4858718                    /usr/lib/x86_64-linux-gnu/libpciaccess.so.0.11.1
7f7e55821000-7f7e55911000 r-xp 00000000 08:02 4858875                    /usr/lib/x86_64-linux-gnu/libstdc++.so.6.0.20
7f7e55911000-7f7e55b11000 ---p 000f0000 08:02 4858875                    /usr/lib/x86_64-linux-gnu/libstdc++.so.6.0.20
7f7e55b11000-7f7e55b19000 r--p 000f0000 08:02 4858875                    /usr/lib/x86_64-linux-gnu/libstdc++.so.6.0.20
7f7e55b19000-7f7e55b1b000 rw-p 000f8000 08:02 4858875                    /usr/lib/x86_64-linux-gnu/libstdc++.so.6.0.20
7f7e55b1b000-7f7e55b30000 rw-p 00000000 00:00 0 
7f7e55b30000-7f7e55b3c000 r-xp 00000000 08:02 4858206                    /usr/lib/x86_64-linux-gnu/libdrm_radeon.so.1.0.1
7f7e55b3c000-7f7e55d3b000 ---p 0000c000 08:02 4858206                    /usr/lib/x86_64-linux-gnu/libdrm_radeon.so.1.0.1
7f7e55d3b000-7f7e55d3c000 r--p 0000b000 08:02 4858206                    /usr/lib/x86_64-linux-gnu/libdrm_radeon.so.1.0.1
7f7e55d3c000-7f7e55d3d000 rw-p 0000c000 08:02 4858206                    /usr/lib/x86_64-linux-gnu/libdrm_radeon.so.1.0.1
7f7e55d3d000-7f7e55d43000 r-xp 00000000 08:02 4858204                    /usr/lib/x86_64-linux-gnu/libdrm_nouveau.so.2.0.0
7f7e55d43000-7f7e55f42000 ---p 00006000 08:02 4858204                    /usr/lib/x86_64-linux-gnu/libdrm_nouveau.so.2.0.0
7f7e55f42000-7f7e55f43000 r--p 00005000 08:02 4858204                    /usr/lib/x86_64-linux-gnu/libdrm_nouveau.so.2.0.0
7f7e55f43000-7f7e55f44000 rw-p 00006000 08:02 4858204                    /usr/lib/x86_64-linux-gnu/libdrm_nouveau.so.2.0.0
7f7e55f44000-7f7e55f64000 r-xp 00000000 08:02 4858202                    /usr/lib/x86_64-linux-gnu/libdrm_intel.so.1.0.0
7f7e55f64000-7f7e56163000 ---p 00020000 08:02 4858202                    /usr/lib/x86_64-linux-gnu/libdrm_intel.so.1.0.0
7f7e56163000-7f7e56164000 r--p 0001f000 08:02 4858202                    /usr/lib/x86_64-linux-gnu/libdrm_intel.so.1.0.0
7f7e56164000-7f7e56165000 rw-p 00020000 08:02 4858202                    /usr/lib/x86_64-linux-gnu/libdrm_intel.so.1.0.0
7f7e56165000-7f7e56681000 r-xp 00000000 08:02 5114656                    /usr/lib/x86_64-linux-gnu/dri/i965_dri.so
7f7e56681000-7f7e56880000 ---p 0051c000 08:02 5114656                    /usr/lib/x86_64-linux-gnu/dri/i965_dri.so
7f7e56880000-7f7e5689c000 r--p 0051b000 08:02 5114656                    /usr/lib/x86_64-linux-gnu/dri/i965_dri.so
7f7e5689c000-7f7e568a2000 rw-p 00537000 08:02 5114656                    /usr/lib/x86_64-linux-gnu/dri/i965_dri.so
7f7e568a2000-7f7e568ad000 rw-p 00000000 00:00 0 
7f7e568ad000-7f7e56919000 r-xp 00000000 08:02 2625725                    /lib/x86_64-linux-gnu/libpcre.so.3.13.1
7f7e56919000-7f7e56b18000 ---p 0006c000 08:02 2625725                    /lib/x86_64-linux-gnu/libpcre.so.3.13.1
7f7e56b18000-7f7e56b19000 r--p 0006b000 08:02 2625725                    /lib/x86_64-linux-gnu/libpcre.so.3.13.1
7f7e56b19000-7f7e56b1a000 rw-p 0006c000 08:02 2625725                    /lib/x86_64-linux-gnu/libpcre.so.3.13.1
7f7e56b1a000-7f7e56b3b000 r-xp 00000000 08:02 2625752                    /lib/x86_64-linux-gnu/libselinux.so.1
7f7e56b3b000-7f7e56d3a000 ---p 00021000 08:02 2625752                    /lib/x86_64-linux-gnu/libselinux.so.1
7f7e56d3a000-7f7e56d3b000 r--p 00020000 08:02 2625752                    /lib/x86_64-linux-gnu/libselinux.so.1
7f7e56d3b000-7f7e56d3c000 rw-p 00021000 08:02 2625752                    /lib/x86_64-linux-gnu/libselinux.so.1
7f7e56d3c000-7f7e56d3e000 rw-p 00000000 00:00 0 
7f7e56d3e000-7f7e56d4e000 r-xp 00000000 08:02 2625516                    /lib/x86_64-linux-gnu/libudev.so.1.4.0
7f7e56d4e000-7f7e56f4e000 ---p 00010000 08:02 2625516                    /lib/x86_64-linux-gnu/libudev.so.1.4.0
7f7e56f4e000-7f7e56f4f000 r--p 00010000 08:02 2625516                    /lib/x86_64-linux-gnu/libudev.so.1.4.0
7f7e56f4f000-7f7e56f50000 rw-p 00011000 08:02 2625516                    /lib/x86_64-linux-gnu/libudev.so.1.4.0
7f7e56f50000-7f7e56f52000 r-xp 00000000 08:02 4857968                    /usr/lib/x86_64-linux-gnu/libXinerama.so.1.0.0
7f7e56f52000-7f7e57151000 ---p 00002000 08:02 4857968                    /usr/lib/x86_64-linux-gnu/libXinerama.so.1.0.0
7f7e57151000-7f7e57152000 r--p 00001000 08:02 4857968                    /usr/lib/x86_64-linux-gnu/libXinerama.so.1.0.0
7f7e57152000-7f7e57153000 rw-p 00002000 08:02 4857968                    /usr/lib/x86_64-linux-gnu/libXinerama.so.1.0.0
7f7e57153000-7f7e57198000 r-xp 00000000 08:02 4587537                    /tmp/jogamp_0000/file_cache/jln7000934054065731224/jln8298898646070152002/libjogl_mobile.so
7f7e57198000-7f7e57398000 ---p 00045000 08:02 4587537                    /tmp/jogamp_0000/file_cache/jln7000934054065731224/jln8298898646070152002/libjogl_mobile.so
7f7e57398000-7f7e57399000 rw-p 00045000 08:02 4587537                    /tmp/jogamp_0000/file_cache/jln7000934054065731224/jln8298898646070152002/libjogl_mobile.so
7f7e57399000-7f7e573a0000 r-xp 00000000 08:02 4858242                    /usr/lib/x86_64-linux-gnu/libffi.so.6.0.2
7f7e573a0000-7f7e5759f000 ---p 00007000 08:02 4858242                    /usr/lib/x86_64-linux-gnu/libffi.so.6.0.2
7f7e5759f000-7f7e575a0000 r--p 00006000 08:02 4858242                    /usr/lib/x86_64-linux-gnu/libffi.so.6.0.2
7f7e575a0000-7f7e575a1000 rw-p 00007000 08:02 4858242                    /usr/lib/x86_64-linux-gnu/libffi.so.6.0.2
7f7e575a1000-7f7e575ae000 r-xp 00000000 08:02 4849854                    /usr/lib/x86_64-linux-gnu/libgbm.so.1.0.0
7f7e575ae000-7f7e577ad000 ---p 0000d000 08:02 4849854                    /usr/lib/x86_64-linux-gnu/libgbm.so.1.0.0
7f7e577ad000-7f7e577ae000 r--p 0000c000 08:02 4849854                    /usr/lib/x86_64-linux-gnu/libgbm.so.1.0.0
7f7e577ae000-7f7e577af000 rw-p 0000d000 08:02 4849854                    /usr/lib/x86_64-linux-gnu/libgbm.so.1.0.0
7f7e577af000-7f7e577bd000 r-xp 00000000 08:02 4858976                    /usr/lib/x86_64-linux-gnu/libwayland-server.so.0.1.0
7f7e577bd000-7f7e579bd000 ---p 0000e000 08:02 4858976                    /usr/lib/x86_64-linux-gnu/libwayland-server.so.0.1.0
7f7e579bd000-7f7e579bf000 r--p 0000e000 08:02 4858976                    /usr/lib/x86_64-linux-gnu/libwayland-server.so.0.1.0
7f7e579bf000-7f7e579c0000 rw-p 00010000 08:02 4858976                    /usr/lib/x86_64-linux-gnu/libwayland-server.so.0.1.0
7f7e579c0000-7f7e579cb000 r-xp 00000000 08:02 4858970                    /usr/lib/x86_64-linux-gnu/libwayland-client.so.0.2.0
7f7e579cb000-7f7e57bcb000 ---p 0000b000 08:02 4858970                    /usr/lib/x86_64-linux-gnu/libwayland-client.so.0.2.0
7f7e57bcb000-7f7e57bcd000 r--p 0000b000 08:02 4858970                    /usr/lib/x86_64-linux-gnu/libwayland-client.so.0.2.0
7f7e57bcd000-7f7e57bce000 rw-p 0000d000 08:02 4858970                    /usr/lib/x86_64-linux-gnu/libwayland-client.so.0.2.0
7f7e57bce000-7f7e57bd3000 r-xp 00000000 08:02 4859022                    /usr/lib/x86_64-linux-gnu/libxcb-xfixes.so.0.0.0
7f7e57bd3000-7f7e57dd3000 ---p 00005000 08:02 4859022                    /usr/lib/x86_64-linux-gnu/libxcb-xfixes.so.0.0.0
7f7e57dd3000-7f7e57dd4000 r--p 00005000 08:02 4859022                    /usr/lib/x86_64-linux-gnu/libxcb-xfixes.so.0.0.0
7f7e57dd4000-7f7e57dd5000 rw-p 00006000 08:02 4859022                    /usr/lib/x86_64-linux-gnu/libxcb-xfixes.so.0.0.0
7f7e57dd5000-7f7e57dfe000 r-xp 00000000 08:02 5114652                    /usr/lib/x86_64-linux-gnu/mesa-egl/libEGL.so.1.0.0
7f7e57dfe000-7f7e57ffd000 ---p 00029000 08:02 5114652                    /usr/lib/x86_64-linux-gnu/mesa-egl/libEGL.so.1.0.0
7f7e57ffd000-7f7e57ffe000 r--p 00028000 08:02 5114652                    /usr/lib/x86_64-linux-gnu/mesa-egl/libEGL.so.1.0.0
7f7e57ffe000-7f7e57fff000 rw-p 00029000 08:02 5114652                    /usr/lib/x86_64-linux-gnu/mesa-egl/libEGL.so.1.0.0
7f7e57fff000-7f7e58000000 rw-p 00000000 00:00 0 
7f7e58000000-7f7e58969000 rw-p 00000000 00:00 0 
7f7e58969000-7f7e5c000000 ---p 00000000 00:00 0 
7f7e5c000000-7f7e5c021000 rw-p 00000000 00:00 0 
7f7e5c021000-7f7e60000000 ---p 00000000 00:00 0 
7f7e60000000-7f7e602a7000 rw-p 00000000 00:00 0 
7f7e602a7000-7f7e64000000 ---p 00000000 00:00 0 
7f7e64000000-7f7e661d1000 rw-p 00000000 00:00 0 
7f7e661d1000-7f7e68000000 ---p 00000000 00:00 0 
7f7e68000000-7f7e68021000 rw-p 00000000 00:00 0 
7f7e68021000-7f7e6c000000 ---p 00000000 00:00 0 
7f7e6c000000-7f7e6c021000 rw-p 00000000 00:00 0 
7f7e6c021000-7f7e70000000 ---p 00000000 00:00 0 
7f7e70000000-7f7e7002f000 rw-p 00000000 00:00 0 
7f7e7002f000-7f7e74000000 ---p 00000000 00:00 0 
7f7e74000000-7f7e74001000 r--s 00000000 08:02 786538                     /var/cache/fontconfig/dc05db6664285cc2f12bf69c139ae4c3-le64.cache-4
7f7e74001000-7f7e74002000 r--s 00000000 08:02 788870                     /var/cache/fontconfig/4794a0821666d79190d59a36cb4f44b5-le64.cache-4
7f7e74002000-7f7e74003000 r--s 00000000 08:02 786514                     /var/cache/fontconfig/56cf4f4769d0f4abc89a4895d7bd3ae1-le64.cache-4
7f7e74003000-7f7e74004000 r--s 00000000 08:02 786529                     /var/cache/fontconfig/b9d506c9ac06c20b433354fa67a72993-le64.cache-4
7f7e74004000-7f7e74008000 r--s 00000000 08:02 786535                     /var/cache/fontconfig/d589a48862398ed80a3d6066f4f56f4c-le64.cache-4
7f7e74008000-7f7e74009000 r--s 00000000 08:02 786503                     /var/cache/fontconfig/0c9eb80ebd1c36541ebe2852d3bb0c49-le64.cache-4
7f7e74024000-7f7e740a4000 rw-s 10b13f000 00:05 1552                      /dev/dri/card0
7f7e740a4000-7f7e74164000 rw-s 10adbe000 00:05 1552                      /dev/dri/card0
7f7e74164000-7f7e74209000 r-xp 00000000 08:02 4587536                    /tmp/jogamp_0000/file_cache/jln7000934054065731224/jln8298898646070152002/libjogl_desktop.so
7f7e74209000-7f7e74409000 ---p 000a5000 08:02 4587536                    /tmp/jogamp_0000/file_cache/jln7000934054065731224/jln8298898646070152002/libjogl_desktop.so
7f7e74409000-7f7e7440a000 rw-p 000a5000 08:02 4587536                    /tmp/jogamp_0000/file_cache/jln7000934054065731224/jln8298898646070152002/libjogl_desktop.so
7f7e7440a000-7f7e74415000 r-xp 00000000 08:02 4858200                    /usr/lib/x86_64-linux-gnu/libdrm.so.2.4.0
7f7e74415000-7f7e74614000 ---p 0000b000 08:02 4858200                    /usr/lib/x86_64-linux-gnu/libdrm.so.2.4.0
7f7e74614000-7f7e74615000 r--p 0000a000 08:02 4858200                    /usr/lib/x86_64-linux-gnu/libdrm.so.2.4.0
7f7e74615000-7f7e74616000 rw-p 0000b000 08:02 4858200                    /usr/lib/x86_64-linux-gnu/libdrm.so.2.4.0
7f7e74616000-7f7e74617000 r-xp 00000000 08:02 4859034                    /usr/lib/x86_64-linux-gnu/libxshmfence.so.1.0.0
7f7e74617000-7f7e74816000 ---p 00001000 08:02 4859034                    /usr/lib/x86_64-linux-gnu/libxshmfence.so.1.0.0
7f7e74816000-7f7e74817000 r--p 00000000 08:02 4859034                    /usr/lib/x86_64-linux-gnu/libxshmfence.so.1.0.0
7f7e74817000-7f7e74818000 rw-p 00001000 08:02 4859034                    /usr/lib/x86_64-linux-gnu/libxshmfence.so.1.0.0
7f7e74818000-7f7e7481d000 r-xp 00000000 08:02 4859016                    /usr/lib/x86_64-linux-gnu/libxcb-sync.so.1.0.0
7f7e7481d000-7f7e74a1c000 ---p 00005000 08:02 4859016                    /usr/lib/x86_64-linux-gnu/libxcb-sync.so.1.0.0
7f7e74a1c000-7f7e74a1d000 r--p 00004000 08:02 4859016                    /usr/lib/x86_64-linux-gnu/libxcb-sync.so.1.0.0
7f7e74a1d000-7f7e74a1e000 rw-p 00005000 08:02 4859016                    /usr/lib/x86_64-linux-gnu/libxcb-sync.so.1.0.0
7f7e74a1e000-7f7e74a20000 r-xp 00000000 08:02 4859008                    /usr/lib/x86_64-linux-gnu/libxcb-present.so.0.0.0
7f7e74a20000-7f7e74c1f000 ---p 00002000 08:02 4859008                    /usr/lib/x86_64-linux-gnu/libxcb-present.so.0.0.0
7f7e74c1f000-7f7e74c20000 r--p 00001000 08:02 4859008                    /usr/lib/x86_64-linux-gnu/libxcb-present.so.0.0.0
7f7e74c20000-7f7e74c21000 rw-p 00002000 08:02 4859008                    /usr/lib/x86_64-linux-gnu/libxcb-present.so.0.0.0
7f7e74c21000-7f7e74c23000 r-xp 00000000 08:02 4858998                    /usr/lib/x86_64-linux-gnu/libxcb-dri3.so.0.0.0
7f7e74c23000-7f7e74e22000 ---p 00002000 08:02 4858998                    /usr/lib/x86_64-linux-gnu/libxcb-dri3.so.0.0.0
7f7e74e22000-7f7e74e23000 r--p 00001000 08:02 4858998                    /usr/lib/x86_64-linux-gnu/libxcb-dri3.so.0.0.0
7f7e74e23000-7f7e74e24000 rw-p 00002000 08:02 4858998                    /usr/lib/x86_64-linux-gnu/libxcb-dri3.so.0.0.0
7f7e74e24000-7f7e74e27000 r-xp 00000000 08:02 4858996                    /usr/lib/x86_64-linux-gnu/libxcb-dri2.so.0.0.0
7f7e74e27000-7f7e75027000 ---p 00003000 08:02 4858996                    /usr/lib/x86_64-linux-gnu/libxcb-dri2.so.0.0.0
7f7e75027000-7f7e75028000 r--p 00003000 08:02 4858996                    /usr/lib/x86_64-linux-gnu/libxcb-dri2.so.0.0.0
7f7e75028000-7f7e75029000 rw-p 00004000 08:02 4858996                    /usr/lib/x86_64-linux-gnu/libxcb-dri2.so.0.0.0
7f7e75029000-7f7e7503e000 r-xp 00000000 08:02 4859000                    /usr/lib/x86_64-linux-gnu/libxcb-glx.so.0.0.0
7f7e7503e000-7f7e7523d000 ---p 00015000 08:02 4859000                    /usr/lib/x86_64-linux-gnu/libxcb-glx.so.0.0.0
7f7e7523d000-7f7e7523f000 r--p 00014000 08:02 4859000                    /usr/lib/x86_64-linux-gnu/libxcb-glx.so.0.0.0
7f7e7523f000-7f7e75240000 rw-p 00016000 08:02 4859000                    /usr/lib/x86_64-linux-gnu/libxcb-glx.so.0.0.0
7f7e75240000-7f7e75241000 r-xp 00000000 08:02 4857939                    /usr/lib/x86_64-linux-gnu/libX11-xcb.so.1.0.0
7f7e75241000-7f7e75440000 ---p 00001000 08:02 4857939                    /usr/lib/x86_64-linux-gnu/libX11-xcb.so.1.0.0
7f7e75440000-7f7e75441000 r--p 00000000 08:02 4857939                    /usr/lib/x86_64-linux-gnu/libX11-xcb.so.1.0.0
7f7e75441000-7f7e75442000 rw-p 00001000 08:02 4857939                    /usr/lib/x86_64-linux-gnu/libX11-xcb.so.1.0.0
7f7e75442000-7f7e75444000 r-xp 00000000 08:02 4857954                    /usr/lib/x86_64-linux-gnu/libXdamage.so.1.1.0
7f7e75444000-7f7e75643000 ---p 00002000 08:02 4857954                    /usr/lib/x86_64-linux-gnu/libXdamage.so.1.1.0
7f7e75643000-7f7e75644000 r--p 00001000 08:02 4857954                    /usr/lib/x86_64-linux-gnu/libXdamage.so.1.1.0
7f7e75644000-7f7e75645000 rw-p 00002000 08:02 4857954                    /usr/lib/x86_64-linux-gnu/libXdamage.so.1.1.0
7f7e75645000-7f7e7566a000 r-xp 00000000 08:02 4853342                    /usr/lib/x86_64-linux-gnu/libglapi.so.0.0.0
7f7e7566a000-7f7e75869000 ---p 00025000 08:02 4853342                    /usr/lib/x86_64-linux-gnu/libglapi.so.0.0.0
7f7e75869000-7f7e7586c000 r--p 00024000 08:02 4853342                    /usr/lib/x86_64-linux-gnu/libglapi.so.0.0.0
7f7e7586c000-7f7e7586d000 rw-p 00027000 08:02 4853342                    /usr/lib/x86_64-linux-gnu/libglapi.so.0.0.0
7f7e7586d000-7f7e7586e000 rw-p 00000000 00:00 0 
7f7e7586e000-7f7e75894000 r-xp 00000000 08:02 2625637                    /lib/x86_64-linux-gnu/libexpat.so.1.6.0
7f7e75894000-7f7e75a93000 ---p 00026000 08:02 2625637                    /lib/x86_64-linux-gnu/libexpat.so.1.6.0
7f7e75a93000-7f7e75a96000 r--p 00025000 08:02 2625637                    /lib/x86_64-linux-gnu/libexpat.so.1.6.0
7f7e75a96000-7f7e75a97000 rw-p 00028000 08:02 2625637                    /lib/x86_64-linux-gnu/libexpat.so.1.6.0
7f7e75a97000-7f7e75b2d000 r-xp 00000000 08:02 5113685                    /usr/lib/x86_64-linux-gnu/mesa/libGL.so.1.2.0
7f7e75b2d000-7f7e75d2c000 ---p 00096000 08:02 5113685                    /usr/lib/x86_64-linux-gnu/mesa/libGL.so.1.2.0
7f7e75d2c000-7f7e75d2f000 r--p 00095000 08:02 5113685                    /usr/lib/x86_64-linux-gnu/mesa/libGL.so.1.2.0
7f7e75d2f000-7f7e75d30000 rw-p 00098000 08:02 5113685                    /usr/lib/x86_64-linux-gnu/mesa/libGL.so.1.2.0
7f7e75d30000-7f7e75f31000 rw-p 00000000 00:00 0 
7f7e75f31000-7f7e76131000 rw-p 00000000 00:00 0 
7f7e76131000-7f7e76138000 r-xp 00000000 08:02 4587539                    /tmp/jogamp_0000/file_cache/jln7000934054065731224/jln8298898646070152002/libnativewindow_x11.so
7f7e76138000-7f7e76337000 ---p 00007000 08:02 4587539                    /tmp/jogamp_0000/file_cache/jln7000934054065731224/jln8298898646070152002/libnativewindow_x11.so
7f7e76337000-7f7e76338000 rw-p 00006000 08:02 4587539                    /tmp/jogamp_0000/file_cache/jln7000934054065731224/jln8298898646070152002/libnativewindow_x11.so
7f7e76338000-7f7e7633c000 r-xp 00000000 08:02 4857996                    /usr/lib/x86_64-linux-gnu/libXxf86vm.so.1.0.0
7f7e7633c000-7f7e7653c000 ---p 00004000 08:02 4857996                    /usr/lib/x86_64-linux-gnu/libXxf86vm.so.1.0.0
7f7e7653c000-7f7e7653d000 r--p 00004000 08:02 4857996                    /usr/lib/x86_64-linux-gnu/libXxf86vm.so.1.0.0
7f7e7653d000-7f7e7653e000 rw-p 00005000 08:02 4857996                    /usr/lib/x86_64-linux-gnu/libXxf86vm.so.1.0.0
7f7e7653e000-7f7e76540000 r-xp 00000000 08:02 4587538                    /tmp/jogamp_0000/file_cache/jln7000934054065731224/jln8298898646070152002/libnativewindow_awt.so
7f7e76540000-7f7e7673f000 ---p 00002000 08:02 4587538                    /tmp/jogamp_0000/file_cache/jln7000934054065731224/jln8298898646070152002/libnativewindow_awt.so
7f7e7673f000-7f7e76740000 rw-p 00001000 08:02 4587538                    /tmp/jogamp_0000/file_cache/jln7000934054065731224/jln8298898646070152002/libnativewindow_awt.so
7f7e76740000-7f7e76741000 r-xp 00000000 08:02 4855861                    /usr/lib/jvm/java-8-oracle/jre/lib/amd64/libjawt.so
7f7e76741000-7f7e76940000 ---p 00001000 08:02 4855861                    /usr/lib/jvm/java-8-oracle/jre/lib/amd64/libjawt.so
7f7e76940000-7f7e76941000 rw-p 00000000 08:02 4855861                    /usr/lib/jvm/java-8-oracle/jre/lib/amd64/libjawt.so
7f7e76941000-7f7e76943000 r-xp 00000000 08:02 4587555                    /tmp/jogamp_0000/file_cache/jln7000934054065731224/jln8298898646070152002/libgluegen-rt.so
7f7e76943000-7f7e76b42000 ---p 00002000 08:02 4587555                    /tmp/jogamp_0000/file_cache/jln7000934054065731224/jln8298898646070152002/libgluegen-rt.so
7f7e76b42000-7f7e76b43000 rw-p 00001000 08:02 4587555                    /tmp/jogamp_0000/file_cache/jln7000934054065731224/jln8298898646070152002/libgluegen-rt.so
7f7e76b43000-7f7e76b46000 ---p 00000000 00:00 0 
7f7e76b46000-7f7e76e44000 rw-p 00000000 00:00 0                          [stack:10986]
7f7e76e44000-7f7e76e47000 ---p 00000000 00:00 0 
7f7e76e47000-7f7e77145000 rw-p 00000000 00:00 0                          [stack:10977]
7f7e77145000-7f7e77148000 ---p 00000000 00:00 0 
7f7e77148000-7f7e77246000 rw-p 00000000 00:00 0                          [stack:10976]
7f7e77246000-7f7e772af000 r-xp 00000000 08:02 4855882                    /usr/lib/jvm/java-8-oracle/jre/lib/amd64/libt2k.so
7f7e772af000-7f7e774ae000 ---p 00069000 08:02 4855882                    /usr/lib/jvm/java-8-oracle/jre/lib/amd64/libt2k.so
7f7e774ae000-7f7e774b5000 rw-p 00068000 08:02 4855882                    /usr/lib/jvm/java-8-oracle/jre/lib/amd64/libt2k.so
7f7e774b5000-7f7e774c5000 rw-p 00000000 00:00 0 
7f7e774c5000-7f7e774d6000 r-xp 00000000 08:02 4855860                    /usr/lib/jvm/java-8-oracle/jre/lib/amd64/libnio.so
7f7e774d6000-7f7e776d5000 ---p 00011000 08:02 4855860                    /usr/lib/jvm/java-8-oracle/jre/lib/amd64/libnio.so
7f7e776d5000-7f7e776d6000 rw-p 00010000 08:02 4855860                    /usr/lib/jvm/java-8-oracle/jre/lib/amd64/libnio.so
7f7e776d6000-7f7e776ec000 r-xp 00000000 08:02 4855886                    /usr/lib/jvm/java-8-oracle/jre/lib/amd64/libnet.so
7f7e776ec000-7f7e778ec000 ---p 00016000 08:02 4855886                    /usr/lib/jvm/java-8-oracle/jre/lib/amd64/libnet.so
7f7e778ec000-7f7e778ed000 rw-p 00016000 08:02 4855886                    /usr/lib/jvm/java-8-oracle/jre/lib/amd64/libnet.so
7f7e778ed000-7f7e778f0000 ---p 00000000 00:00 0 
7f7e778f0000-7f7e779ee000 rw-p 00000000 00:00 0                          [stack:10973]
7f7e779ee000-7f7e779f1000 ---p 00000000 00:00 0 
7f7e779f1000-7f7e77aef000 rw-p 00000000 00:00 0                          [stack:10972]
7f7e77aef000-7f7e77af2000 ---p 00000000 00:00 0 
7f7e77af2000-7f7e77bf0000 rw-p 00000000 00:00 0                          [stack:10971]
7f7e77bf0000-7f7e77bf5000 r-xp 00000000 08:02 4857960                    /usr/lib/x86_64-linux-gnu/libXfixes.so.3.1.0
7f7e77bf5000-7f7e77df4000 ---p 00005000 08:02 4857960                    /usr/lib/x86_64-linux-gnu/libXfixes.so.3.1.0
7f7e77df4000-7f7e77df5000 r--p 00004000 08:02 4857960                    /usr/lib/x86_64-linux-gnu/libXfixes.so.3.1.0
7f7e77df5000-7f7e77df6000 rw-p 00005000 08:02 4857960                    /usr/lib/x86_64-linux-gnu/libXfixes.so.3.1.0
7f7e77df6000-7f7e77dff000 r-xp 00000000 08:02 4857952                    /usr/lib/x86_64-linux-gnu/libXcursor.so.1.0.2
7f7e77dff000-7f7e77ffe000 ---p 00009000 08:02 4857952                    /usr/lib/x86_64-linux-gnu/libXcursor.so.1.0.2
7f7e77ffe000-7f7e77fff000 r--p 00008000 08:02 4857952                    /usr/lib/x86_64-linux-gnu/libXcursor.so.1.0.2
7f7e77fff000-7f7e78000000 rw-p 00009000 08:02 4857952                    /usr/lib/x86_64-linux-gnu/libXcursor.so.1.0.2
7f7e78000000-7f7e78021000 rw-p 00000000 00:00 0 
7f7e78021000-7f7e7c000000 ---p 00000000 00:00 0 
7f7e7c000000-7f7e7c021000 rw-p 00000000 00:00 0 
7f7e7c021000-7f7e80000000 ---p 00000000 00:00 0 
7f7e80000000-7f7e805e4000 rw-p 00000000 00:00 0 
7f7e805e4000-7f7e84000000 ---p 00000000 00:00 0 
7f7e84000000-7f7e84021000 rw-p 00000000 00:00 0 
7f7e84021000-7f7e88000000 ---p 00000000 00:00 0 
7f7e88000000-7f7e8934a000 rw-p 00000000 00:00 0 
7f7e8934a000-7f7e8c000000 ---p 00000000 00:00 0 
7f7e8c000000-7f7e8ddf0000 rw-p 00000000 00:00 0 
7f7e8ddf0000-7f7e90000000 ---p 00000000 00:00 0 
7f7e90000000-7f7e90021000 rw-p 00000000 00:00 0 
7f7e90021000-7f7e94000000 ---p 00000000 00:00 0 
7f7e94000000-7f7e94021000 rw-p 00000000 00:00 0 
7f7e94021000-7f7e98000000 ---p 00000000 00:00 0 
7f7e98000000-7f7e98023000 rw-p 00000000 00:00 0 
7f7e98023000-7f7e9c000000 ---p 00000000 00:00 0 
7f7e9c000000-7f7e9c021000 rw-p 00000000 00:00 0 
7f7e9c021000-7f7ea0000000 ---p 00000000 00:00 0 
7f7ea0000000-7f7ea0021000 rw-p 00000000 00:00 0 
7f7ea0021000-7f7ea4000000 ---p 00000000 00:00 0 
7f7ea4000000-7f7ea4021000 rw-p 00000000 00:00 0 
7f7ea4021000-7f7ea8000000 ---p 00000000 00:00 0 
7f7ea8000000-7f7ea8021000 rw-p 00000000 00:00 0 
7f7ea8021000-7f7eac000000 ---p 00000000 00:00 0 
7f7eac000000-7f7eac001000 r--s 00000000 08:02 786517                     /var/cache/fontconfig/62f91419b9ebdb6975e7e41ab6412357-le64.cache-4
7f7eac001000-7f7eac005000 r--s 00000000 08:02 786516                     /var/cache/fontconfig/7ef2298fde41cc6eeb7af42e48b7d293-le64.cache-4
7f7eac01e000-7f7eac01f000 rw-s 00000000 00:04 175665                     /drm mm object (deleted)
7f7eac01f000-7f7eac09f000 rw-s 10ad27000 00:05 1552                      /dev/dri/card0
7f7eac09f000-7f7eac0a7000 rw-s 00000000 00:04 176950                     /drm mm object (deleted)
7f7eac0a7000-7f7eac0af000 rw-s 00000000 00:04 176925                     /drm mm object (deleted)
7f7eac0af000-7f7eac0b7000 rw-s 00000000 00:04 176927                     /drm mm object (deleted)
7f7eac0b7000-7f7eac0bf000 rw-s 00000000 00:04 176503                     /drm mm object (deleted)
7f7eac0bf000-7f7eac0c7000 rw-s 00000000 00:04 176487                     /drm mm object (deleted)
7f7eac0c7000-7f7eac0cf000 rw-s 00000000 00:04 176483                     /drm mm object (deleted)
7f7eac0cf000-7f7eac0eb000 r--s 00393000 08:02 4855940                    /usr/lib/jvm/java-8-oracle/jre/lib/ext/cldrdata.jar
7f7eac0eb000-7f7eac0ee000 ---p 00000000 00:00 0 
7f7eac0ee000-7f7eac1ec000 rw-p 00000000 00:00 0                          [stack:10969]
7f7eac1ec000-7f7eac1ef000 ---p 00000000 00:00 0 
7f7eac1ef000-7f7eac2ed000 rw-p 00000000 00:00 0                          [stack:10968]
7f7eac2ed000-7f7eac303000 r-xp 00000000 08:02 2625642                    /lib/x86_64-linux-gnu/libgcc_s.so.1
7f7eac303000-7f7eac502000 ---p 00016000 08:02 2625642                    /lib/x86_64-linux-gnu/libgcc_s.so.1
7f7eac502000-7f7eac503000 r--p 00015000 08:02 2625642                    /lib/x86_64-linux-gnu/libgcc_s.so.1
7f7eac503000-7f7eac504000 rw-p 00016000 08:02 2625642                    /lib/x86_64-linux-gnu/libgcc_s.so.1
7f7eac504000-7f7eac569000 r-xp 00000000 08:02 4855916                    /usr/lib/jvm/java-8-oracle/jre/lib/amd64/libfontmanager.so
7f7eac569000-7f7eac768000 ---p 00065000 08:02 4855916                    /usr/lib/jvm/java-8-oracle/jre/lib/amd64/libfontmanager.so
7f7eac768000-7f7eac76d000 rw-p 00064000 08:02 4855916                    /usr/lib/jvm/java-8-oracle/jre/lib/amd64/libfontmanager.so
7f7eac76d000-7f7eac77d000 rw-p 00000000 00:00 0 
7f7eac77d000-7f7eac782000 r-xp 00000000 08:02 4857956                    /usr/lib/x86_64-linux-gnu/libXdmcp.so.6.0.0
7f7eac782000-7f7eac981000 ---p 00005000 08:02 4857956                    /usr/lib/x86_64-linux-gnu/libXdmcp.so.6.0.0
7f7eac981000-7f7eac982000 r--p 00004000 08:02 4857956                    /usr/lib/x86_64-linux-gnu/libXdmcp.so.6.0.0
7f7eac982000-7f7eac983000 rw-p 00005000 08:02 4857956                    /usr/lib/x86_64-linux-gnu/libXdmcp.so.6.0.0
7f7eac983000-7f7eac985000 r-xp 00000000 08:02 4857945                    /usr/lib/x86_64-linux-gnu/libXau.so.6.0.0
7f7eac985000-7f7eacb85000 ---p 00002000 08:02 4857945                    /usr/lib/x86_64-linux-gnu/libXau.so.6.0.0
7f7eacb85000-7f7eacb86000 r--p 00002000 08:02 4857945                    /usr/lib/x86_64-linux-gnu/libXau.so.6.0.0
7f7eacb86000-7f7eacb87000 rw-p 00003000 08:02 4857945                    /usr/lib/x86_64-linux-gnu/libXau.so.6.0.0
7f7eacb87000-7f7eacba4000 r-xp 00000000 08:02 4859026                    /usr/lib/x86_64-linux-gnu/libxcb.so.1.1.0
7f7eacba4000-7f7eacda4000 ---p 0001d000 08:02 4859026                    /usr/lib/x86_64-linux-gnu/libxcb.so.1.1.0
7f7eacda4000-7f7eacda5000 r--p 0001d000 08:02 4859026                    /usr/lib/x86_64-linux-gnu/libxcb.so.1.1.0
7f7eacda5000-7f7eacda6000 rw-p 0001e000 08:02 4859026                    /usr/lib/x86_64-linux-gnu/libxcb.so.1.1.0
7f7eacda6000-7f7eacdb5000 r-xp 00000000 08:02 4857966                    /usr/lib/x86_64-linux-gnu/libXi.so.6.1.0
7f7eacdb5000-7f7eacfb4000 ---p 0000f000 08:02 4857966                    /usr/lib/x86_64-linux-gnu/libXi.so.6.1.0
7f7eacfb4000-7f7eacfb5000 r--p 0000e000 08:02 4857966                    /usr/lib/x86_64-linux-gnu/libXi.so.6.1.0
7f7eacfb5000-7f7eacfb6000 rw-p 0000f000 08:02 4857966                    /usr/lib/x86_64-linux-gnu/libXi.so.6.1.0
7f7eacfb6000-7f7eacfbb000 r-xp 00000000 08:02 4857986                    /usr/lib/x86_64-linux-gnu/libXtst.so.6.1.0
7f7eacfbb000-7f7ead1ba000 ---p 00005000 08:02 4857986                    /usr/lib/x86_64-linux-gnu/libXtst.so.6.1.0
7f7ead1ba000-7f7ead1bb000 r--p 00004000 08:02 4857986                    /usr/lib/x86_64-linux-gnu/libXtst.so.6.1.0
7f7ead1bb000-7f7ead1bc000 rw-p 00005000 08:02 4857986                    /usr/lib/x86_64-linux-gnu/libXtst.so.6.1.0
7f7ead1bc000-7f7ead1c5000 r-xp 00000000 08:02 4857980                    /usr/lib/x86_64-linux-gnu/libXrender.so.1.3.0
7f7ead1c5000-7f7ead3c4000 ---p 00009000 08:02 4857980                    /usr/lib/x86_64-linux-gnu/libXrender.so.1.3.0
7f7ead3c4000-7f7ead3c5000 r--p 00008000 08:02 4857980                    /usr/lib/x86_64-linux-gnu/libXrender.so.1.3.0
7f7ead3c5000-7f7ead3c6000 rw-p 00009000 08:02 4857980                    /usr/lib/x86_64-linux-gnu/libXrender.so.1.3.0
7f7ead3c6000-7f7ead4f9000 r-xp 00000000 08:02 4857941                    /usr/lib/x86_64-linux-gnu/libX11.so.6.3.0
7f7ead4f9000-7f7ead6f9000 ---p 00133000 08:02 4857941                    /usr/lib/x86_64-linux-gnu/libX11.so.6.3.0
7f7ead6f9000-7f7ead6fa000 r--p 00133000 08:02 4857941                    /usr/lib/x86_64-linux-gnu/libX11.so.6.3.0
7f7ead6fa000-7f7ead6fe000 rw-p 00134000 08:02 4857941                    /usr/lib/x86_64-linux-gnu/libX11.so.6.3.0
7f7ead6fe000-7f7ead6ff000 rw-p 00000000 00:00 0 
7f7ead6ff000-7f7ead710000 r-xp 00000000 08:02 4857958                    /usr/lib/x86_64-linux-gnu/libXext.so.6.4.0
7f7ead710000-7f7ead90f000 ---p 00011000 08:02 4857958                    /usr/lib/x86_64-linux-gnu/libXext.so.6.4.0
7f7ead90f000-7f7ead910000 r--p 00010000 08:02 4857958                    /usr/lib/x86_64-linux-gnu/libXext.so.6.4.0
7f7ead910000-7f7ead911000 rw-p 00011000 08:02 4857958                    /usr/lib/x86_64-linux-gnu/libXext.so.6.4.0
7f7ead911000-7f7ead965000 r-xp 00000000 08:02 4855857                    /usr/lib/jvm/java-8-oracle/jre/lib/amd64/libawt_xawt.so
7f7ead965000-7f7eadb65000 ---p 00054000 08:02 4855857                    /usr/lib/jvm/java-8-oracle/jre/lib/amd64/libawt_xawt.so
7f7eadb65000-7f7eadb69000 rw-p 00054000 08:02 4855857                    /usr/lib/jvm/java-8-oracle/jre/lib/amd64/libawt_xawt.so
7f7eadb69000-7f7eadb6a000 rw-p 00000000 00:00 0 
7f7eadb6a000-7f7eadc0c000 r-xp 00000000 08:02 4855893                    /usr/lib/jvm/java-8-oracle/jre/lib/amd64/libawt.so
7f7eadc0c000-7f7eade0c000 ---p 000a2000 08:02 4855893                    /usr/lib/jvm/java-8-oracle/jre/lib/amd64/libawt.so
7f7eade0c000-7f7eade18000 rw-p 000a2000 08:02 4855893                    /usr/lib/jvm/java-8-oracle/jre/lib/amd64/libawt.so
7f7eade18000-7f7eade3c000 rw-p 00000000 00:00 0 
7f7eade3c000-7f7eade3d000 ---p 00000000 00:00 0 
7f7eade3d000-7f7eadf3d000 rw-p 00000000 00:00 0                          [stack:10966]
7f7eadf3d000-7f7eadf40000 ---p 00000000 00:00 0 
7f7eadf40000-7f7eae03e000 rw-p 00000000 00:00 0                          [stack:10965]
7f7eae03e000-7f7eae041000 ---p 00000000 00:00 0 
7f7eae041000-7f7eae13f000 rw-p 00000000 00:00 0                          [stack:10964]
7f7eae13f000-7f7eae142000 ---p 00000000 00:00 0 
7f7eae142000-7f7eb0000000 rw-p 00000000 00:00 0                          [stack:10963]
7f7eb0000000-7f7eb0021000 rw-p 00000000 00:00 0 
7f7eb0021000-7f7eb4000000 ---p 00000000 00:00 0 
7f7eb4001000-7f7eb4002000 rw-p 00000000 00:00 0 
7f7eb4002000-7f7eb4003000 rw-s 00000000 00:04 174704                     /drm mm object (deleted)
7f7eb4003000-7f7eb4004000 rw-s 00000000 00:04 176496                     /drm mm object (deleted)
7f7eb4004000-7f7eb4005000 rw-s 00000000 00:04 176491                     /drm mm object (deleted)
7f7eb4005000-7f7eb400d000 rw-s 00000000 00:04 176899                     /drm mm object (deleted)
7f7eb400d000-7f7eb4015000 rw-s 00000000 00:04 176475                     /drm mm object (deleted)
7f7eb4015000-7f7eb4018000 ---p 00000000 00:00 0 
7f7eb4018000-7f7eb4116000 rw-p 00000000 00:00 0                          [stack:10962]
7f7eb4116000-7f7eb4119000 ---p 00000000 00:00 0 
7f7eb4119000-7f7eb4217000 rw-p 00000000 00:00 0                          [stack:10961]
7f7eb4217000-7f7eb48f9000 r--p 00000000 08:02 4857189                    /usr/lib/locale/locale-archive
7f7eb48f9000-7f7eb48fc000 ---p 00000000 00:00 0 
7f7eb48fc000-7f7eb49fa000 rw-p 00000000 00:00 0                          [stack:10960]
7f7eb49fa000-7f7eb49fd000 ---p 00000000 00:00 0 
7f7eb49fd000-7f7eb4afb000 rw-p 00000000 00:00 0                          [stack:10959]
7f7eb4afb000-7f7eb4afc000 ---p 00000000 00:00 0 
7f7eb4afc000-7f7eb5000000 rw-p 00000000 00:00 0                          [stack:10958]
7f7eb5000000-7f7eb5940000 rwxp 00000000 00:00 0 
7f7eb5940000-7f7ec4000000 ---p 00000000 00:00 0 
7f7ec4000000-7f7ec4266000 rw-p 00000000 00:00 0 
7f7ec4266000-7f7ec8000000 ---p 00000000 00:00 0 
7f7ec8000000-7f7ec8001000 rw-s 00000000 00:04 176484                     /drm mm object (deleted)
7f7ec8001000-7f7ec8002000 rwxp 00000000 00:00 0 
7f7ec8002000-7f7ec8003000 rw-s 00000000 00:04 176472                     /drm mm object (deleted)
7f7ec8003000-7f7ec800b000 rw-s 00000000 00:04 176471                     /drm mm object (deleted)
7f7ec800b000-7f7ec800c000 r--s 0002f000 08:02 5120518                    /home/bhupendra/Coursera Java Specialization/Assignments/World-Earthquakes-View/UCSDUnfoldingMaps/lib/jogl-all-natives-linux-amd64.jar
7f7ec800c000-7f7ec800e000 r--s 00000000 08:02 5120511                    /home/bhupendra/Coursera Java Specialization/Assignments/World-Earthquakes-View/UCSDUnfoldingMaps/lib/gluegen-rt-natives-linux-amd64.jar
7f7ec800e000-7f7ec8019000 r--s 00116000 08:02 4855938                    /usr/lib/jvm/java-8-oracle/jre/lib/ext/localedata.jar
7f7ec8019000-7f7ec801c000 ---p 00000000 00:00 0 
7f7ec801c000-7f7ec8052000 rw-p 00000000 00:00 0 
7f7ec8052000-7f7ec8053000 r--p 00000000 00:00 0 
7f7ec8053000-7f7ec8058000 r--s 00094000 08:02 4855697                    /usr/lib/jvm/java-8-oracle/jre/lib/jsse.jar
7f7ec8058000-7f7ec8089000 rw-p 00000000 00:00 0 
7f7ec8089000-7f7ec808f000 r--s 00033000 08:02 5120529                    /home/bhupendra/Coursera Java Specialization/Assignments/World-Earthquakes-View/UCSDUnfoldingMaps/lib/unfolding.0.9.7-uscd.jar
7f7ec808f000-7f7ec8096000 r--s 00059000 08:02 5120527                    /home/bhupendra/Coursera Java Specialization/Assignments/World-Earthquakes-View/UCSDUnfoldingMaps/lib/log4j-1.2.15.jar
7f7ec8096000-7f7ec80b9000 r--s 002ec000 08:02 5120524                    /home/bhupendra/Coursera Java Specialization/Assignments/World-Earthquakes-View/UCSDUnfoldingMaps/lib/jogl-all.jar
7f7ec80b9000-7f7ec8c76000 rw-p 00000000 00:00 0 
7f7ec8c76000-7f7ec8e4f000 r--s 03d09000 08:02 4855699                    /usr/lib/jvm/java-8-oracle/jre/lib/rt.jar
7f7ec8e4f000-7f7ec98a1000 rw-p 00000000 00:00 0 
7f7ec98a1000-7f7ec98a2000 ---p 00000000 00:00 0 
7f7ec98a2000-7f7ec99a2000 rw-p 00000000 00:00 0                          [stack:10957]
7f7ec99a2000-7f7ec99a3000 ---p 00000000 00:00 0 
7f7ec99a3000-7f7ec9aa3000 rw-p 00000000 00:00 0                          [stack:10956]
7f7ec9aa3000-7f7ec9aa4000 ---p 00000000 00:00 0 
7f7ec9aa4000-7f7ec9ba4000 rw-p 00000000 00:00 0                          [stack:10955]
7f7ec9ba4000-7f7ec9ba5000 ---p 00000000 00:00 0 
7f7ec9ba5000-7f7ec9cbb000 rw-p 00000000 00:00 0                          [stack:10954]
7f7ec9cbb000-7f7ec9de3000 ---p 00000000 00:00 0 
7f7ec9de3000-7f7ec9df9000 rw-p 00000000 00:00 0 
7f7ec9df9000-7f7ec9f20000 ---p 00000000 00:00 0 
7f7ec9f20000-7f7ec9f2b000 rw-p 00000000 00:00 0 
7f7ec9f2b000-7f7ec9fbf000 ---p 00000000 00:00 0 
7f7ec9fbf000-7f7ec9fe5000 rw-p 00000000 00:00 0 
7f7ec9fe5000-7f7eca380000 ---p 00000000 00:00 0 
7f7eca380000-7f7eca39a000 r-xp 00000000 08:02 4855865                    /usr/lib/jvm/java-8-oracle/jre/lib/amd64/libzip.so
7f7eca39a000-7f7eca59a000 ---p 0001a000 08:02 4855865                    /usr/lib/jvm/java-8-oracle/jre/lib/amd64/libzip.so
7f7eca59a000-7f7eca59b000 rw-p 0001a000 08:02 4855865                    /usr/lib/jvm/java-8-oracle/jre/lib/amd64/libzip.so
7f7eca59b000-7f7eca5a6000 r-xp 00000000 08:02 2621543                    /lib/x86_64-linux-gnu/libnss_files-2.19.so
7f7eca5a6000-7f7eca7a5000 ---p 0000b000 08:02 2621543                    /lib/x86_64-linux-gnu/libnss_files-2.19.so
7f7eca7a5000-7f7eca7a6000 r--p 0000a000 08:02 2621543                    /lib/x86_64-linux-gnu/libnss_files-2.19.so
7f7eca7a6000-7f7eca7a7000 rw-p 0000b000 08:02 2621543                    /lib/x86_64-linux-gnu/libnss_files-2.19.so
7f7eca7a7000-7f7eca7b2000 r-xp 00000000 08:02 2621455                    /lib/x86_64-linux-gnu/libnss_nis-2.19.so
7f7eca7b2000-7f7eca9b1000 ---p 0000b000 08:02 2621455                    /lib/x86_64-linux-gnu/libnss_nis-2.19.so
7f7eca9b1000-7f7eca9b2000 r--p 0000a000 08:02 2621455                    /lib/x86_64-linux-gnu/libnss_nis-2.19.so
7f7eca9b2000-7f7eca9b3000 rw-p 0000b000 08:02 2621455                    /lib/x86_64-linux-gnu/libnss_nis-2.19.so
7f7eca9b3000-7f7eca9ca000 r-xp 00000000 08:02 2621545                    /lib/x86_64-linux-gnu/libnsl-2.19.so
7f7eca9ca000-7f7ecabc9000 ---p 00017000 08:02 2621545                    /lib/x86_64-linux-gnu/libnsl-2.19.so
7f7ecabc9000-7f7ecabca000 r--p 00016000 08:02 2621545                    /lib/x86_64-linux-gnu/libnsl-2.19.so
7f7ecabca000-7f7ecabcb000 rw-p 00017000 08:02 2621545                    /lib/x86_64-linux-gnu/libnsl-2.19.so
7f7ecabcb000-7f7ecabcd000 rw-p 00000000 00:00 0 
7f7ecabcd000-7f7ecabd6000 r-xp 00000000 08:02 2621538                    /lib/x86_64-linux-gnu/libnss_compat-2.19.so
7f7ecabd6000-7f7ecadd5000 ---p 00009000 08:02 2621538                    /lib/x86_64-linux-gnu/libnss_compat-2.19.so
7f7ecadd5000-7f7ecadd6000 r--p 00008000 08:02 2621538                    /lib/x86_64-linux-gnu/libnss_compat-2.19.so
7f7ecadd6000-7f7ecadd7000 rw-p 00009000 08:02 2621538                    /lib/x86_64-linux-gnu/libnss_compat-2.19.so
7f7ecadd7000-7f7ecae01000 r-xp 00000000 08:02 4855858                    /usr/lib/jvm/java-8-oracle/jre/lib/amd64/libjava.so
7f7ecae01000-7f7ecb001000 ---p 0002a000 08:02 4855858                    /usr/lib/jvm/java-8-oracle/jre/lib/amd64/libjava.so
7f7ecb001000-7f7ecb003000 rw-p 0002a000 08:02 4855858                    /usr/lib/jvm/java-8-oracle/jre/lib/amd64/libjava.so
7f7ecb003000-7f7ecb010000 r-xp 00000000 08:02 4855900                    /usr/lib/jvm/java-8-oracle/jre/lib/amd64/libverify.so
7f7ecb010000-7f7ecb210000 ---p 0000d000 08:02 4855900                    /usr/lib/jvm/java-8-oracle/jre/lib/amd64/libverify.so
7f7ecb210000-7f7ecb212000 rw-p 0000d000 08:02 4855900                    /usr/lib/jvm/java-8-oracle/jre/lib/amd64/libverify.so
7f7ecb212000-7f7ecb219000 r-xp 00000000 08:02 2621541                    /lib/x86_64-linux-gnu/librt-2.19.so
7f7ecb219000-7f7ecb418000 ---p 00007000 08:02 2621541                    /lib/x86_64-linux-gnu/librt-2.19.so
7f7ecb418000-7f7ecb419000 r--p 00006000 08:02 2621541                    /lib/x86_64-linux-gnu/librt-2.19.so
7f7ecb419000-7f7ecb41a000 rw-p 00007000 08:02 2621541                    /lib/x86_64-linux-gnu/librt-2.19.so
7f7ecb41a000-7f7ecb51f000 r-xp 00000000 08:02 2621542                    /lib/x86_64-linux-gnu/libm-2.19.so
7f7ecb51f000-7f7ecb71e000 ---p 00105000 08:02 2621542                    /lib/x86_64-linux-gnu/libm-2.19.so
7f7ecb71e000-7f7ecb71f000 r--p 00104000 08:02 2621542                    /lib/x86_64-linux-gnu/libm-2.19.so
7f7ecb71f000-7f7ecb720000 rw-p 00105000 08:02 2621542                    /lib/x86_64-linux-gnu/libm-2.19.so
7f7ecb720000-7f7ecc3ce000 r-xp 00000000 08:02 4855906                    /usr/lib/jvm/java-8-oracle/jre/lib/amd64/server/libjvm.so
7f7ecc3ce000-7f7ecc5cd000 ---p 00cae000 08:02 4855906                    /usr/lib/jvm/java-8-oracle/jre/lib/amd64/server/libjvm.so
7f7ecc5cd000-7f7ecc6a4000 rw-p 00cad000 08:02 4855906                    /usr/lib/jvm/java-8-oracle/jre/lib/amd64/server/libjvm.so
7f7ecc6a4000-7f7ecc6e8000 rw-p 00000000 00:00 0 
7f7ecc6e8000-7f7ecc8a2000 r-xp 00000000 08:02 2625514                    /lib/x86_64-linux-gnu/libc-2.19.so
7f7ecc8a2000-7f7eccaa2000 ---p 001ba000 08:02 2625514                    /lib/x86_64-linux-gnu/libc-2.19.so
7f7eccaa2000-7f7eccaa6000 r--p 001ba000 08:02 2625514                    /lib/x86_64-linux-gnu/libc-2.19.so
7f7eccaa6000-7f7eccaa8000 rw-p 001be000 08:02 2625514                    /lib/x86_64-linux-gnu/libc-2.19.so
7f7eccaa8000-7f7eccaad000 rw-p 00000000 00:00 0 
7f7eccaad000-7f7eccab0000 r-xp 00000000 08:02 2621535                    /lib/x86_64-linux-gnu/libdl-2.19.so
7f7eccab0000-7f7ecccaf000 ---p 00003000 08:02 2621535                    /lib/x86_64-linux-gnu/libdl-2.19.so
7f7ecccaf000-7f7ecccb0000 r--p 00002000 08:02 2621535                    /lib/x86_64-linux-gnu/libdl-2.19.so
7f7ecccb0000-7f7ecccb1000 rw-p 00003000 08:02 2621535                    /lib/x86_64-linux-gnu/libdl-2.19.so
7f7ecccb1000-7f7ecccc6000 r-xp 00000000 08:02 4856243                    /usr/lib/jvm/java-8-oracle/lib/amd64/jli/libjli.so
7f7ecccc6000-7f7eccec6000 ---p 00015000 08:02 4856243                    /usr/lib/jvm/java-8-oracle/lib/amd64/jli/libjli.so
7f7eccec6000-7f7eccec7000 rw-p 00015000 08:02 4856243                    /usr/lib/jvm/java-8-oracle/lib/amd64/jli/libjli.so
7f7eccec7000-7f7eccee0000 r-xp 00000000 08:02 2625630                    /lib/x86_64-linux-gnu/libpthread-2.19.so
7f7eccee0000-7f7ecd0df000 ---p 00019000 08:02 2625630                    /lib/x86_64-linux-gnu/libpthread-2.19.so
7f7ecd0df000-7f7ecd0e0000 r--p 00018000 08:02 2625630                    /lib/x86_64-linux-gnu/libpthread-2.19.so
7f7ecd0e0000-7f7ecd0e1000 rw-p 00019000 08:02 2625630                    /lib/x86_64-linux-gnu/libpthread-2.19.so
7f7ecd0e1000-7f7ecd0e5000 rw-p 00000000 00:00 0 
7f7ecd0e5000-7f7ecd108000 r-xp 00000000 08:02 2621534                    /lib/x86_64-linux-gnu/ld-2.19.so
7f7ecd108000-7f7ecd10d000 r--s 00309000 08:02 5120528                    /home/bhupendra/Coursera Java Specialization/Assignments/World-Earthquakes-View/UCSDUnfoldingMaps/lib/sqlite-jdbc-3.7.2.jar
7f7ecd10d000-7f7ecd113000 r--s 00041000 08:02 5120517                    /home/bhupendra/Coursera Java Specialization/Assignments/World-Earthquakes-View/UCSDUnfoldingMaps/lib/gluegen-rt.jar
7f7ecd113000-7f7ecd1eb000 rw-p 00000000 00:00 0 
7f7ecd1eb000-7f7ecd1ee000 ---p 00000000 00:00 0 
7f7ecd1ee000-7f7ecd2f0000 rw-p 00000000 00:00 0                          [stack:10953]
7f7ecd2f0000-7f7ecd2f1000 r--s 00005000 08:02 5120526                    /home/bhupendra/Coursera Java Specialization/Assignments/World-Earthquakes-View/UCSDUnfoldingMaps/lib/libTUIO.jar
7f7ecd2f1000-7f7ecd2f2000 r--s 00007000 08:02 5120525                    /home/bhupendra/Coursera Java Specialization/Assignments/World-Earthquakes-View/UCSDUnfoldingMaps/lib/json4processing.jar
7f7ecd2f2000-7f7ecd2f6000 r--s 0009a000 08:02 5120510                    /home/bhupendra/Coursera Java Specialization/Assignments/World-Earthquakes-View/UCSDUnfoldingMaps/lib/core.jar
7f7ecd2f6000-7f7ecd2fb000 r--s 002f8000 08:02 4855711                    /usr/lib/jvm/java-8-oracle/jre/lib/charsets.jar
7f7ecd2fb000-7f7ecd303000 rw-s 00000000 08:02 4587532                    /tmp/hsperfdata_bhupendra/10946
7f7ecd303000-7f7ecd304000 rw-p 00000000 00:00 0 
7f7ecd304000-7f7ecd305000 r--p 00000000 00:00 0 
7f7ecd305000-7f7ecd307000 rw-p 00000000 00:00 0 
7f7ecd307000-7f7ecd308000 r--p 00022000 08:02 2621534                    /lib/x86_64-linux-gnu/ld-2.19.so
7f7ecd308000-7f7ecd309000 rw-p 00023000 08:02 2621534                    /lib/x86_64-linux-gnu/ld-2.19.so
7f7ecd309000-7f7ecd30a000 rw-p 00000000 00:00 0 
7fffc7287000-7fffc72a8000 rw-p 00000000 00:00 0                          [stack]
7fffc73fc000-7fffc73fe000 r-xp 00000000 00:00 0                          [vdso]
7fffc73fe000-7fffc7400000 r--p 00000000 00:00 0                          [vvar]
ffffffffff600000-ffffffffff601000 r-xp 00000000 00:00 0                  [vsyscall]

VM Arguments:
jvm_args: -Djava.security.policy=java.policy.applet -Dfile.encoding=UTF-8 
java_command: sun.applet.AppletViewer module4.EarthquakeCityMap1448802569032.html
java_class_path (initial): /home/bhupendra/Coursera Java Specialization/Assignments/World-Earthquakes-View/UCSDUnfoldingMaps/build:/home/bhupendra/Coursera Java Specialization/Assignments/World-Earthquakes-View/UCSDUnfoldingMaps/lib/core.jar:/home/bhupendra/Coursera Java Specialization/Assignments/World-Earthquakes-View/UCSDUnfoldingMaps/lib/gluegen-rt.jar:/home/bhupendra/Coursera Java Specialization/Assignments/World-Earthquakes-View/UCSDUnfoldingMaps/lib/jogl-all.jar:/home/bhupendra/Coursera Java Specialization/Assignments/World-Earthquakes-View/UCSDUnfoldingMaps/lib/log4j-1.2.15.jar:/home/bhupendra/Coursera Java Specialization/Assignments/World-Earthquakes-View/UCSDUnfoldingMaps/lib/sqlite-jdbc-3.7.2.jar:/home/bhupendra/Coursera Java Specialization/Assignments/World-Earthquakes-View/UCSDUnfoldingMaps/lib/json4processing.jar:/home/bhupendra/Coursera Java Specialization/Assignments/World-Earthquakes-View/UCSDUnfoldingMaps/lib/libTUIO.jar:/home/bhupendra/Coursera Java Specialization/Assignments/World-Earthquakes-View/UCSDUnfoldingMaps/lib/unfolding.0.9.7-uscd.jar
Launcher Type: SUN_STANDARD

Environment Variables:
PATH=/usr/local/sbin:/usr/local/bin:/usr/sbin:/usr/bin:/sbin:/bin:/usr/games:/usr/local/games
USERNAME=bhupendra
SHELL=/bin/bash
DISPLAY=:0.0

Signal Handlers:
SIGSEGV: [libjvm.so+0xaad1e0], sa_mask[0]=11111111011111111101111111111110, sa_flags=SA_RESTART|SA_SIGINFO
SIGBUS: [libjvm.so+0xaad1e0], sa_mask[0]=11111111011111111101111111111110, sa_flags=SA_RESTART|SA_SIGINFO
SIGFPE: [libjvm.so+0x90b450], sa_mask[0]=11111111011111111101111111111110, sa_flags=SA_RESTART|SA_SIGINFO
SIGPIPE: [libjvm.so+0x90b450], sa_mask[0]=11111111011111111101111111111110, sa_flags=SA_RESTART|SA_SIGINFO
SIGXFSZ: [libjvm.so+0x90b450], sa_mask[0]=11111111011111111101111111111110, sa_flags=SA_RESTART|SA_SIGINFO
SIGILL: [libjvm.so+0x90b450], sa_mask[0]=11111111011111111101111111111110, sa_flags=SA_RESTART|SA_SIGINFO
SIGUSR1: SIG_DFL, sa_mask[0]=00000000000000000000000000000000, sa_flags=none
SIGUSR2: [libjvm.so+0x90ca90], sa_mask[0]=00100000000000000000000000000000, sa_flags=SA_RESTART|SA_SIGINFO
SIGHUP: [libjvm.so+0x90dde0], sa_mask[0]=11111111011111111101111111111110, sa_flags=SA_RESTART|SA_SIGINFO
SIGINT: [libjvm.so+0x90dde0], sa_mask[0]=11111111011111111101111111111110, sa_flags=SA_RESTART|SA_SIGINFO
SIGTERM: [libjvm.so+0x90dde0], sa_mask[0]=11111111011111111101111111111110, sa_flags=SA_RESTART|SA_SIGINFO
SIGQUIT: [libjvm.so+0x90dde0], sa_mask[0]=11111111011111111101111111111110, sa_flags=SA_RESTART|SA_SIGINFO


---------------  S Y S T E M  ---------------

OS:DISTRIB_ID=Ubuntu
DISTRIB_RELEASE=14.10
DISTRIB_CODENAME=utopic
DISTRIB_DESCRIPTION="Ubuntu 14.10"

uname:Linux 3.16.0-30-generic #40-Ubuntu SMP Mon Jan 12 22:06:37 UTC 2015 x86_64
libc:glibc 2.19 NPTL 2.19 
rlimit: STACK 8192k, CORE 0k, NPROC 14376, NOFILE 4096, AS infinity
load average:0.78 0.63 0.82

/proc/meminfo:
MemTotal:        3891224 kB
MemFree:          521768 kB
MemAvailable:     849864 kB
Buffers:           23060 kB
Cached:           985500 kB
SwapCached:        59284 kB
Active:          2341808 kB
Inactive:         756160 kB
Active(anon):    2086156 kB
Inactive(anon):   571612 kB
Active(file):     255652 kB
Inactive(file):   184548 kB
Unevictable:          48 kB
Mlocked:              48 kB
SwapTotal:       4036604 kB
SwapFree:        2870984 kB
Dirty:               188 kB
Writeback:             0 kB
AnonPages:       2083728 kB
Mapped:           334096 kB
Shmem:            568360 kB
Slab:             152024 kB
SReclaimable:     113664 kB
SUnreclaim:        38360 kB
KernelStack:       10160 kB
PageTables:        43192 kB
NFS_Unstable:          0 kB
Bounce:                0 kB
WritebackTmp:          0 kB
CommitLimit:     5982216 kB
Committed_AS:    8188924 kB
VmallocTotal:   34359738367 kB
VmallocUsed:      400980 kB
VmallocChunk:   34359244552 kB
HardwareCorrupted:     0 kB
AnonHugePages:    768000 kB
HugePages_Total:       0
HugePages_Free:        0
HugePages_Rsvd:        0
HugePages_Surp:        0
Hugepagesize:       2048 kB
DirectMap4k:      100148 kB
DirectMap2M:     3938304 kB


CPU:total 4 (2 cores per cpu, 2 threads per core) family 6 model 58 stepping 9, cmov, cx8, fxsr, mmx, sse, sse2, sse3, ssse3, sse4.1, sse4.2, popcnt, avx, aes, clmul, erms, ht, tsc, tscinvbit, tscinv

/proc/cpuinfo:
processor	: 0
vendor_id	: GenuineIntel
cpu family	: 6
model		: 58
model name	: Intel(R) Core(TM) i5-3210M CPU @ 2.50GHz
stepping	: 9
microcode	: 0x12
cpu MHz		: 3022.167
cache size	: 3072 KB
physical id	: 0
siblings	: 4
core id		: 0
cpu cores	: 2
apicid		: 0
initial apicid	: 0
fpu		: yes
fpu_exception	: yes
cpuid level	: 13
wp		: yes
flags		: fpu vme de pse tsc msr pae mce cx8 apic sep mtrr pge mca cmov pat pse36 clflush dts acpi mmx fxsr sse sse2 ss ht tm pbe syscall nx rdtscp lm constant_tsc arch_perfmon pebs bts rep_good nopl xtopology nonstop_tsc aperfmperf eagerfpu pni pclmulqdq dtes64 monitor ds_cpl vmx est tm2 ssse3 cx16 xtpr pdcm pcid sse4_1 sse4_2 x2apic popcnt tsc_deadline_timer aes xsave avx f16c rdrand lahf_lm ida arat epb xsaveopt pln pts dtherm tpr_shadow vnmi flexpriority ept vpid fsgsbase smep erms
bogomips	: 4988.63
clflush size	: 64
cache_alignment	: 64
address sizes	: 36 bits physical, 48 bits virtual
power management:

processor	: 1
vendor_id	: GenuineIntel
cpu family	: 6
model		: 58
model name	: Intel(R) Core(TM) i5-3210M CPU @ 2.50GHz
stepping	: 9
microcode	: 0x12
cpu MHz		: 2948.242
cache size	: 3072 KB
physical id	: 0
siblings	: 4
core id		: 0
cpu cores	: 2
apicid		: 1
initial apicid	: 1
fpu		: yes
fpu_exception	: yes
cpuid level	: 13
wp		: yes
flags		: fpu vme de pse tsc msr pae mce cx8 apic sep mtrr pge mca cmov pat pse36 clflush dts acpi mmx fxsr sse sse2 ss ht tm pbe syscall nx rdtscp lm constant_tsc arch_perfmon pebs bts rep_good nopl xtopology nonstop_tsc aperfmperf eagerfpu pni pclmulqdq dtes64 monitor ds_cpl vmx est tm2 ssse3 cx16 xtpr pdcm pcid sse4_1 sse4_2 x2apic popcnt tsc_deadline_timer aes xsave avx f16c rdrand lahf_lm ida arat epb xsaveopt pln pts dtherm tpr_shadow vnmi flexpriority ept vpid fsgsbase smep erms
bogomips	: 4988.63
clflush size	: 64
cache_alignment	: 64
address sizes	: 36 bits physical, 48 bits virtual
power management:

processor	: 2
vendor_id	: GenuineIntel
cpu family	: 6
model		: 58
model name	: Intel(R) Core(TM) i5-3210M CPU @ 2.50GHz
stepping	: 9
microcode	: 0x12
cpu MHz		: 3038.183
cache size	: 3072 KB
physical id	: 0
siblings	: 4
core id		: 1
cpu cores	: 2
apicid		: 2
initial apicid	: 2
fpu		: yes
fpu_exception	: yes
cpuid level	: 13
wp		: yes
flags		: fpu vme de pse tsc msr pae mce cx8 apic sep mtrr pge mca cmov pat pse36 clflush dts acpi mmx fxsr sse sse2 ss ht tm pbe syscall nx rdtscp lm constant_tsc arch_perfmon pebs bts rep_good nopl xtopology nonstop_tsc aperfmperf eagerfpu pni pclmulqdq dtes64 monitor ds_cpl vmx est tm2 ssse3 cx16 xtpr pdcm pcid sse4_1 sse4_2 x2apic popcnt tsc_deadline_timer aes xsave avx f16c rdrand lahf_lm ida arat epb xsaveopt pln pts dtherm tpr_shadow vnmi flexpriority ept vpid fsgsbase smep erms
bogomips	: 4988.63
clflush size	: 64
cache_alignment	: 64
address sizes	: 36 bits physical, 48 bits virtual
power management:

processor	: 3
vendor_id	: GenuineIntel
cpu family	: 6
model		: 58
model name	: Intel(R) Core(TM) i5-3210M CPU @ 2.50GHz
stepping	: 9
microcode	: 0x12
cpu MHz		: 2950.097
cache size	: 3072 KB
physical id	: 0
siblings	: 4
core id		: 1
cpu cores	: 2
apicid		: 3
initial apicid	: 3
fpu		: yes
fpu_exception	: yes
cpuid level	: 13
wp		: yes
flags		: fpu vme de pse tsc msr pae mce cx8 apic sep mtrr pge mca cmov pat pse36 clflush dts acpi mmx fxsr sse sse2 ss ht tm pbe syscall nx rdtscp lm constant_tsc arch_perfmon pebs bts rep_good nopl xtopology nonstop_tsc aperfmperf eagerfpu pni pclmulqdq dtes64 monitor ds_cpl vmx est tm2 ssse3 cx16 xtpr pdcm pcid sse4_1 sse4_2 x2apic popcnt tsc_deadline_timer aes xsave avx f16c rdrand lahf_lm ida arat epb xsaveopt pln pts dtherm tpr_shadow vnmi flexpriority ept vpid fsgsbase smep erms
bogomips	: 4988.63
clflush size	: 64
cache_alignment	: 64
address sizes	: 36 bits physical, 48 bits virtual
power management:



Memory: 4k page, physical 3891224k(521768k free), swap 4036604k(2870984k free)

vm_info: Java HotSpot(TM) 64-Bit Server VM (25.45-b02) for linux-amd64 JRE (1.8.0_45-b14), built on Apr 10 2015 10:07:45 by "java_re" with gcc 4.3.0 20080428 (Red Hat 4.3.0-8)

time: Sun Nov 29 18:46:06 2015
elapsed time: 397 seconds (0d 0h 6m 37s)

